<?xml version="1.0" encoding="UTF-8"?>
  <testsuite name="oracle.clouddev.test.selenium.tests.base.TestRestrictedMergeRequest" errors="0" test="5" failures="0" skipped="0" timestamp="20160412T230402-0700" time="3470.185">
    <testcase classname="oracle.clouddev.test.selenium.tests.base.TestRestrictedMergeRequest" name="_class_init_" time="0.000">
      <properties>
        <property name="java.runtime.name" value="Java(TM) SE Runtime Environment"/>
        <property name="exec.mainClass" value="oracle.clouddev.test.selenium.RunTests"/>
        <property name="sun.boot.library.path" value="/usr/java/jdk1.8.0_74/jre/lib/amd64"/>
        <property name="java.vm.version" value="25.74-b02"/>
        <property name="java.vm.vendor" value="Oracle Corporation"/>
        <property name="java.vendor.url" value="http://java.oracle.com/"/>
        <property name="guice.disable.misplaced.annotation.check" value="true"/>
        <property name="path.separator" value=":"/>
        <property name="java.vm.name" value="Java HotSpot(TM) 64-Bit Server VM"/>
        <property name="file.encoding.pkg" value="sun.io"/>
        <property name="user.country" value="US"/>
        <property name="sun.java.launcher" value="SUN_STANDARD"/>
        <property name="sun.os.patch.level" value="unknown"/>
        <property name="http.noProxyHosts" value="localhost|127.0.0.1|*.local|*.oraclecorp.com|*.us.oracle.com"/>
        <property name="java.vm.specification.name" value="Java Virtual Machine Specification"/>
        <property name="user.dir" value="/home/builder/hudson/workspace/dcs_dcs.Release-Selenium-Tests/selenium-tests"/>
        <property name="java.runtime.version" value="1.8.0_74-b02"/>
        <property name="java.awt.graphicsenv" value="sun.awt.X11GraphicsEnvironment"/>
        <property name="java.endorsed.dirs" value="/usr/java/jdk1.8.0_74/jre/lib/endorsed"/>
        <property name="os.arch" value="amd64"/>
        <property name="java.io.tmpdir" value="/tmp"/>
        <property name="line.separator" value="
"/>
        <property name="java.vm.specification.vendor" value="Oracle Corporation"/>
        <property name="https.proxyHost" value="www-proxy.us.oracle.com"/>
        <property name="os.name" value="Linux"/>
        <property name="classworlds.conf" value="/usr/local/apache-maven/apache-maven-3.0.4/bin/m2.conf"/>
        <property name="sun.jnu.encoding" value="UTF-8"/>
        <property name="http.proxyPort" value="80"/>
        <property name="java.library.path" value="/usr/java/packages/lib/amd64:/usr/lib64:/lib64:/lib:/usr/lib"/>
        <property name="sun.awt.enableExtraMouseButtons" value="true"/>
        <property name="java.specification.name" value="Java Platform API Specification"/>
        <property name="java.class.version" value="52.0"/>
        <property name="sun.management.compiler" value="HotSpot 64-Bit Tiered Compilers"/>
        <property name="os.version" value="3.8.13-55.1.1.el6uek.x86_64"/>
        <property name="user.home" value="/home/builder"/>
        <property name="user.timezone" value="PST8PDT"/>
        <property name="java.awt.printerjob" value="sun.print.PSPrinterJob"/>
        <property name="file.encoding" value="UTF-8"/>
        <property name="java.specification.version" value="1.8"/>
        <property name="java.class.path" value="/usr/local/apache-maven/apache-maven-3.0.4/boot/plexus-classworlds-2.4.jar"/>
        <property name="user.name" value="builder"/>
        <property name="java.vm.specification.version" value="1.8"/>
        <property name="sun.java.command" value="org.codehaus.plexus.classworlds.launcher.Launcher -f /home/c2c/hudson/workspace/dcs_dcs.Release-Selenium-Tests/selenium-tests/pom.xml --batch-mode exec:java -Dexec.mainClass=oracle.clouddev.test.selenium.RunTests -Dexec.args=selenium.browser.size.w=1280 selenium.browser.size.h=960 capture.video=true capture.screenshots=true notification.type=swing notification.history=3 notification.font.size=15 job-release-selenium-tests.properties build.job=dcs_dcs.Release-Selenium-Tests build.number=295 target.release=16.2.3.0.0 timeout.build.buildqueue=1200 timeout.build.buildqueue.polling=60 -s BASE --tag base"/>
        <property name="java.home" value="/usr/java/jdk1.8.0_74/jre"/>
        <property name="sun.arch.data.model" value="64"/>
        <property name="user.language" value="en"/>
        <property name="java.specification.vendor" value="Oracle Corporation"/>
        <property name="awt.toolkit" value="sun.awt.X11.XToolkit"/>
        <property name="java.vm.info" value="mixed mode"/>
        <property name="java.version" value="1.8.0_74"/>
        <property name="securerandom.source" value="file:/dev/./urandom"/>
        <property name="java.ext.dirs" value="/usr/java/jdk1.8.0_74/jre/lib/ext:/usr/java/packages/lib/ext"/>
        <property name="http.proxyHost" value="www-proxy.us.oracle.com"/>
        <property name="sun.boot.class.path" value="/usr/java/jdk1.8.0_74/jre/lib/resources.jar:/usr/java/jdk1.8.0_74/jre/lib/rt.jar:/usr/java/jdk1.8.0_74/jre/lib/sunrsasign.jar:/usr/java/jdk1.8.0_74/jre/lib/jsse.jar:/usr/java/jdk1.8.0_74/jre/lib/jce.jar:/usr/java/jdk1.8.0_74/jre/lib/charsets.jar:/usr/java/jdk1.8.0_74/jre/lib/jfr.jar:/usr/java/jdk1.8.0_74/jre/classes"/>
        <property name="java.vendor" value="Oracle Corporation"/>
        <property name="maven.home" value="/usr/local/apache-maven/apache-maven-3.0.4"/>
        <property name="file.separator" value="/"/>
        <property name="java.vendor.url.bug" value="http://bugreport.sun.com/bugreport/"/>
        <property name="sun.font.fontmanager" value="sun.awt.X11FontManager"/>
        <property name="sun.io.unicode.encoding" value="UnicodeLittle"/>
        <property name="sun.cpu.endian" value="little"/>
        <property name="https.proxyPort" value="80"/>
        <property name="exec.args" value="selenium.browser.size.w=1280 selenium.browser.size.h=960 capture.video=true capture.screenshots=true notification.type=swing notification.history=3 notification.font.size=15 job-release-selenium-tests.properties build.job=dcs_dcs.Release-Selenium-Tests build.number=295 target.release=16.2.3.0.0 timeout.build.buildqueue=1200 timeout.build.buildqueue.polling=60 -s BASE --tag base"/>
        <property name="sun.cpu.isalist" value=""/>
        <property name="test.selenium.browser.size.h" value="960"/>
        <property name="test.user.non-admin.name" value="tom.testsuite"/>
        <property name="test.https.proxyHost" value="www-proxy.us.oracle.com"/>
        <property name="test.user.admin.name" value="tina.testsuite"/>
        <property name="test.user.em-agent.password" value="Welcome1!"/>
        <property name="test.tag" value="base"/>
        <property name="test.user.em-agent.fullname" value="Alex Admin"/>
        <property name="test.selenium.port" value="44000"/>
        <property name="test.build.number" value="295"/>
        <property name="test.user.sdi-agent.enabled" value="true"/>
        <property name="test.timeout.assert.condition" value="30"/>
        <property name="test.target.version" value="{
  &quot;buildInformation&quot; : {
    &quot;gitCommitId&quot; : &quot;6415b9c07a83d336f513936eb79c4a925510b07b&quot;,
    &quot;gitCommitMessage&quot; : &quot;Merge branch &apos;Fix18963&apos; into &apos;patchset_16_2_3&apos;&quot;,
    &quot;buildTime&quot; : &quot;12.04.2016 @ 21:58:42 PDT&quot;,
    &quot;buildUser&quot; : &quot;Code2Cloud Builder&quot;
  }
}"/>
        <property name="test.build.job" value="dcs_dcs.Release-Selenium-Tests"/>
        <property name="test.timeout.project.create" value="660"/>
        <property name="test.user.sdi-agent.name" value="alex.admin"/>
        <property name="test.selenium.browser" value="firefox"/>
        <property name="test.http.proxyPort" value="80"/>
        <property name="test.user.sdi-agent.password" value="Welcome1!"/>
        <property name="test.user.sdi-agent.fullname" value="Alex Admin"/>
        <property name="test.timeout.selenium.navigate" value="20"/>
        <property name="test.target.release" value="16.2.3.0.0"/>
        <property name="test.byom.ip" value="127.0.0.1"/>
        <property name="test.byom.port" value="8585"/>
        <property name="test.notification.type" value="swing"/>
        <property name="test.data.project.override" value=""/>
        <property name="test.timeout.selenium.find" value="1"/>
        <property name="test.user.em-agent.enabled" value="true"/>
        <property name="test.testEmptyOrg.db.id" value=""/>
        <property name="test.reviews.timeout.slowdown" value="0"/>
        <property name="test.http.noProxyHosts" value="localhost|127.0.0.1|*.local|*.oraclecorp.com|*.us.oracle.com"/>
        <property name="test.capture.video" value="true"/>
        <property name="test.user.non-admin.password" value="Welcome1!"/>
        <property name="test.user.non-admin.fullname" value="Tom Testsuite"/>
        <property name="test.user.admin.password" value="Welcome1!"/>
        <property name="test.notification.history" value="3"/>
        <property name="test.user.admin.fullname" value="Tina Testsuite"/>
        <property name="test.capture.screenshots" value="true"/>
        <property name="test.testEmptyOrg.db.connectString" value="jdbc:oracle:thin:@(DESCRIPTION=(ADDRESS=(PROTOCOL=TCP)(HOST=slc09iwb.us.oracle.com)(PORT=1521))(CONNECT_DATA=(SERVICE_NAME=dbpod)))"/>
        <property name="test.firefox.bin" value=""/>
        <property name="test.https.proxyPort" value="80"/>
        <property name="test.develop.offline" value="false"/>
        <property name="test.timeout.build.buildqueue.polling" value="60"/>
        <property name="test.output.dir" value="target/test-reports/"/>
        <property name="test.firefox.allowedHosts" value="localhost,localhost.localdomain"/>
        <property name="test.testEmptyOrg.db.schema" value="BV2RLPNYEWMR"/>
        <property name="test.web.url" value="http://ucf2c-dcs-release-hub1.opcdeveloper.oracleinternalucf2c.oraclecorp.com/qa-dev/"/>
        <property name="test.firefox.extensions" value=""/>
        <property name="test.testEmptyOrg.orgExistsCheck" value="false"/>
        <property name="test.data.dir" value="data/"/>
        <property name="test.notification.font.size" value="15"/>
        <property name="test.testEmptyOrg.service" value="devservice5"/>
        <property name="test.selenium.start.server" value="false"/>
        <property name="test.firefox.profile.path" value=""/>
        <property name="test.selenium.host" value="localhost"/>
        <property name="test.suite" value="BASE"/>
        <property name="test.tests" value=""/>
        <property name="test.user.admin.idm" value="dcsdevteam"/>
        <property name="test.http.proxyHost" value="www-proxy.us.oracle.com"/>
        <property name="test.testMethods" value=""/>
        <property name="test.reviews.dontDeleteEnviroment" value="false"/>
        <property name="test.selenium.browser.maximize" value="false"/>
        <property name="test.firefox.profile.name" value=""/>
        <property name="test.timeout.build.buildqueue" value="1200"/>
        <property name="test.user.em-agent.idm" value="dcsdevteam"/>
        <property name="test.selenium.remote" value="false"/>
        <property name="test.user.sdi-agent.idm" value="dcsdevteam"/>
        <property name="test.byom.authToken" value="123456"/>
        <property name="test.proxy.autodetect" value="false"/>
        <property name="test.testEmptyOrg.idm" value="dcsdevteam"/>
        <property name="test.user.non-admin.idm" value="dcsdevteam"/>
        <property name="test.data.tasks.useexisting" value="false"/>
        <property name="test.selenium.browser.size.w" value="1280"/>
        <property name="test.category" value="DEFAULT"/>
        <property name="test.user.em-agent.name" value="alex.admin"/>
        <property name="test.timeout.slowdown" value="0"/>
      </properties>
    </testcase>
    <testcase classname="oracle.clouddev.test.selenium.tests.base.TestRestrictedMergeRequest" name="testMergeNotApprovedMR" time="5.995">
      <properties>
        <property name="java.runtime.name" value="Java(TM) SE Runtime Environment"/>
        <property name="exec.mainClass" value="oracle.clouddev.test.selenium.RunTests"/>
        <property name="sun.boot.library.path" value="/usr/java/jdk1.8.0_74/jre/lib/amd64"/>
        <property name="java.vm.version" value="25.74-b02"/>
        <property name="java.vm.vendor" value="Oracle Corporation"/>
        <property name="java.vendor.url" value="http://java.oracle.com/"/>
        <property name="guice.disable.misplaced.annotation.check" value="true"/>
        <property name="path.separator" value=":"/>
        <property name="java.vm.name" value="Java HotSpot(TM) 64-Bit Server VM"/>
        <property name="file.encoding.pkg" value="sun.io"/>
        <property name="user.country" value="US"/>
        <property name="sun.java.launcher" value="SUN_STANDARD"/>
        <property name="sun.os.patch.level" value="unknown"/>
        <property name="http.noProxyHosts" value="localhost|127.0.0.1|*.local|*.oraclecorp.com|*.us.oracle.com"/>
        <property name="java.vm.specification.name" value="Java Virtual Machine Specification"/>
        <property name="user.dir" value="/home/builder/hudson/workspace/dcs_dcs.Release-Selenium-Tests/selenium-tests"/>
        <property name="java.runtime.version" value="1.8.0_74-b02"/>
        <property name="java.awt.graphicsenv" value="sun.awt.X11GraphicsEnvironment"/>
        <property name="java.endorsed.dirs" value="/usr/java/jdk1.8.0_74/jre/lib/endorsed"/>
        <property name="os.arch" value="amd64"/>
        <property name="java.io.tmpdir" value="/tmp"/>
        <property name="line.separator" value="
"/>
        <property name="java.vm.specification.vendor" value="Oracle Corporation"/>
        <property name="https.proxyHost" value="www-proxy.us.oracle.com"/>
        <property name="os.name" value="Linux"/>
        <property name="classworlds.conf" value="/usr/local/apache-maven/apache-maven-3.0.4/bin/m2.conf"/>
        <property name="sun.jnu.encoding" value="UTF-8"/>
        <property name="http.proxyPort" value="80"/>
        <property name="java.library.path" value="/usr/java/packages/lib/amd64:/usr/lib64:/lib64:/lib:/usr/lib"/>
        <property name="sun.awt.enableExtraMouseButtons" value="true"/>
        <property name="java.specification.name" value="Java Platform API Specification"/>
        <property name="java.class.version" value="52.0"/>
        <property name="sun.management.compiler" value="HotSpot 64-Bit Tiered Compilers"/>
        <property name="os.version" value="3.8.13-55.1.1.el6uek.x86_64"/>
        <property name="user.home" value="/home/builder"/>
        <property name="user.timezone" value="PST8PDT"/>
        <property name="java.awt.printerjob" value="sun.print.PSPrinterJob"/>
        <property name="file.encoding" value="UTF-8"/>
        <property name="java.specification.version" value="1.8"/>
        <property name="java.class.path" value="/usr/local/apache-maven/apache-maven-3.0.4/boot/plexus-classworlds-2.4.jar"/>
        <property name="user.name" value="builder"/>
        <property name="java.vm.specification.version" value="1.8"/>
        <property name="sun.java.command" value="org.codehaus.plexus.classworlds.launcher.Launcher -f /home/c2c/hudson/workspace/dcs_dcs.Release-Selenium-Tests/selenium-tests/pom.xml --batch-mode exec:java -Dexec.mainClass=oracle.clouddev.test.selenium.RunTests -Dexec.args=selenium.browser.size.w=1280 selenium.browser.size.h=960 capture.video=true capture.screenshots=true notification.type=swing notification.history=3 notification.font.size=15 job-release-selenium-tests.properties build.job=dcs_dcs.Release-Selenium-Tests build.number=295 target.release=16.2.3.0.0 timeout.build.buildqueue=1200 timeout.build.buildqueue.polling=60 -s BASE --tag base"/>
        <property name="java.home" value="/usr/java/jdk1.8.0_74/jre"/>
        <property name="sun.arch.data.model" value="64"/>
        <property name="user.language" value="en"/>
        <property name="java.specification.vendor" value="Oracle Corporation"/>
        <property name="awt.toolkit" value="sun.awt.X11.XToolkit"/>
        <property name="java.vm.info" value="mixed mode"/>
        <property name="java.version" value="1.8.0_74"/>
        <property name="securerandom.source" value="file:/dev/./urandom"/>
        <property name="java.ext.dirs" value="/usr/java/jdk1.8.0_74/jre/lib/ext:/usr/java/packages/lib/ext"/>
        <property name="http.proxyHost" value="www-proxy.us.oracle.com"/>
        <property name="sun.boot.class.path" value="/usr/java/jdk1.8.0_74/jre/lib/resources.jar:/usr/java/jdk1.8.0_74/jre/lib/rt.jar:/usr/java/jdk1.8.0_74/jre/lib/sunrsasign.jar:/usr/java/jdk1.8.0_74/jre/lib/jsse.jar:/usr/java/jdk1.8.0_74/jre/lib/jce.jar:/usr/java/jdk1.8.0_74/jre/lib/charsets.jar:/usr/java/jdk1.8.0_74/jre/lib/jfr.jar:/usr/java/jdk1.8.0_74/jre/classes"/>
        <property name="java.vendor" value="Oracle Corporation"/>
        <property name="maven.home" value="/usr/local/apache-maven/apache-maven-3.0.4"/>
        <property name="file.separator" value="/"/>
        <property name="java.vendor.url.bug" value="http://bugreport.sun.com/bugreport/"/>
        <property name="sun.font.fontmanager" value="sun.awt.X11FontManager"/>
        <property name="sun.io.unicode.encoding" value="UnicodeLittle"/>
        <property name="sun.cpu.endian" value="little"/>
        <property name="https.proxyPort" value="80"/>
        <property name="exec.args" value="selenium.browser.size.w=1280 selenium.browser.size.h=960 capture.video=true capture.screenshots=true notification.type=swing notification.history=3 notification.font.size=15 job-release-selenium-tests.properties build.job=dcs_dcs.Release-Selenium-Tests build.number=295 target.release=16.2.3.0.0 timeout.build.buildqueue=1200 timeout.build.buildqueue.polling=60 -s BASE --tag base"/>
        <property name="sun.cpu.isalist" value=""/>
        <property name="test.selenium.browser.size.h" value="960"/>
        <property name="test.user.non-admin.name" value="tom.testsuite"/>
        <property name="test.https.proxyHost" value="www-proxy.us.oracle.com"/>
        <property name="test.user.admin.name" value="tina.testsuite"/>
        <property name="test.user.em-agent.password" value="Welcome1!"/>
        <property name="test.tag" value="base"/>
        <property name="test.user.em-agent.fullname" value="Alex Admin"/>
        <property name="test.selenium.port" value="44000"/>
        <property name="test.build.number" value="295"/>
        <property name="test.user.sdi-agent.enabled" value="true"/>
        <property name="test.timeout.assert.condition" value="30"/>
        <property name="test.target.version" value="{
  &quot;buildInformation&quot; : {
    &quot;gitCommitId&quot; : &quot;6415b9c07a83d336f513936eb79c4a925510b07b&quot;,
    &quot;gitCommitMessage&quot; : &quot;Merge branch &apos;Fix18963&apos; into &apos;patchset_16_2_3&apos;&quot;,
    &quot;buildTime&quot; : &quot;12.04.2016 @ 21:58:42 PDT&quot;,
    &quot;buildUser&quot; : &quot;Code2Cloud Builder&quot;
  }
}"/>
        <property name="test.build.job" value="dcs_dcs.Release-Selenium-Tests"/>
        <property name="test.timeout.project.create" value="660"/>
        <property name="test.user.sdi-agent.name" value="alex.admin"/>
        <property name="test.selenium.browser" value="firefox"/>
        <property name="test.http.proxyPort" value="80"/>
        <property name="test.user.sdi-agent.password" value="Welcome1!"/>
        <property name="test.user.sdi-agent.fullname" value="Alex Admin"/>
        <property name="test.timeout.selenium.navigate" value="20"/>
        <property name="test.target.release" value="16.2.3.0.0"/>
        <property name="test.byom.ip" value="127.0.0.1"/>
        <property name="test.byom.port" value="8585"/>
        <property name="test.notification.type" value="swing"/>
        <property name="test.data.project.override" value=""/>
        <property name="test.timeout.selenium.find" value="1"/>
        <property name="test.user.em-agent.enabled" value="true"/>
        <property name="test.testEmptyOrg.db.id" value=""/>
        <property name="test.reviews.timeout.slowdown" value="0"/>
        <property name="test.http.noProxyHosts" value="localhost|127.0.0.1|*.local|*.oraclecorp.com|*.us.oracle.com"/>
        <property name="test.capture.video" value="true"/>
        <property name="test.user.non-admin.password" value="Welcome1!"/>
        <property name="test.user.non-admin.fullname" value="Tom Testsuite"/>
        <property name="test.user.admin.password" value="Welcome1!"/>
        <property name="test.notification.history" value="3"/>
        <property name="test.user.admin.fullname" value="Tina Testsuite"/>
        <property name="test.capture.screenshots" value="true"/>
        <property name="test.testEmptyOrg.db.connectString" value="jdbc:oracle:thin:@(DESCRIPTION=(ADDRESS=(PROTOCOL=TCP)(HOST=slc09iwb.us.oracle.com)(PORT=1521))(CONNECT_DATA=(SERVICE_NAME=dbpod)))"/>
        <property name="test.firefox.bin" value=""/>
        <property name="test.https.proxyPort" value="80"/>
        <property name="test.develop.offline" value="false"/>
        <property name="test.timeout.build.buildqueue.polling" value="60"/>
        <property name="test.output.dir" value="target/test-reports/"/>
        <property name="test.firefox.allowedHosts" value="localhost,localhost.localdomain"/>
        <property name="test.testEmptyOrg.db.schema" value="BV2RLPNYEWMR"/>
        <property name="test.web.url" value="http://ucf2c-dcs-release-hub1.opcdeveloper.oracleinternalucf2c.oraclecorp.com/qa-dev/"/>
        <property name="test.firefox.extensions" value=""/>
        <property name="test.testEmptyOrg.orgExistsCheck" value="false"/>
        <property name="test.data.dir" value="data/"/>
        <property name="test.notification.font.size" value="15"/>
        <property name="test.testEmptyOrg.service" value="devservice5"/>
        <property name="test.selenium.start.server" value="false"/>
        <property name="test.firefox.profile.path" value=""/>
        <property name="test.selenium.host" value="localhost"/>
        <property name="test.suite" value="BASE"/>
        <property name="test.tests" value=""/>
        <property name="test.user.admin.idm" value="dcsdevteam"/>
        <property name="test.http.proxyHost" value="www-proxy.us.oracle.com"/>
        <property name="test.testMethods" value=""/>
        <property name="test.reviews.dontDeleteEnviroment" value="false"/>
        <property name="test.selenium.browser.maximize" value="false"/>
        <property name="test.firefox.profile.name" value=""/>
        <property name="test.timeout.build.buildqueue" value="1200"/>
        <property name="test.user.em-agent.idm" value="dcsdevteam"/>
        <property name="test.selenium.remote" value="false"/>
        <property name="test.user.sdi-agent.idm" value="dcsdevteam"/>
        <property name="test.byom.authToken" value="123456"/>
        <property name="test.proxy.autodetect" value="false"/>
        <property name="test.testEmptyOrg.idm" value="dcsdevteam"/>
        <property name="test.user.non-admin.idm" value="dcsdevteam"/>
        <property name="test.data.tasks.useexisting" value="false"/>
        <property name="test.selenium.browser.size.w" value="1280"/>
        <property name="test.category" value="DEFAULT"/>
        <property name="test.user.em-agent.name" value="alex.admin"/>
        <property name="test.timeout.slowdown" value="0"/>
      </properties>
    <system-out>
2016-04-12 23:03:56,283 INFO  [oracle.clouddev.test.selenium.tests.base.TestRestrictedMergeRequest] This test checks if MR submiter can merge not approved MR into restricted branch which allows approved MRs.
2016-04-12 23:03:56,283 INFO  [oracle.clouddev.test.selenium.tests.base.TestRestrictedMergeRequest] Create a new MR, reviewing branch name: testRestrictedBranchReviewMergeNotAllowed created by user: tom.testsuite
2016-04-12 23:03:56,283 INFO  [oracle.clouddev.test.selenium.util.RestRepositoryBuilder] Create a new review 
2016-04-12 23:03:56,294 INFO  [oracle.clouddev.test.framework.rest.RestClient] [request#156] POST http://ucf2c-dcs-release-hub1.opcdeveloper.oracleinternalucf2c.oraclecorp.com/qa-dev/s/qa-dev_test-shared-project1-1460525673052/reviews/review HTTP/1.1 (user: NON_ADMIN(dcsdevteam/tom.testsuite/Welcome1!))
2016-04-12 23:03:56,294 DEBUG [oracle.clouddev.test.framework.rest.RestClient] [request#156] posted content:
{
  &quot;taskType&quot; : &quot;Review&quot;,
  &quot;priority&quot; : {
    &quot;value&quot; : &quot;Normal&quot;,
    &quot;sortkey&quot; : 300,
    &quot;id&quot; : 3
  },
  &quot;component&quot; : {
    &quot;description&quot; : &quot;default component&quot;,
    &quot;name&quot; : &quot;Default&quot;,
    &quot;product&quot; : {
      &quot;id&quot; : 1
    },
    &quot;id&quot; : 1
  },
  &quot;severity&quot; : {
    &quot;value&quot; : &quot;normal&quot;,
    &quot;sortkey&quot; : 400,
    &quot;id&quot; : 4
  },
  &quot;product&quot; : {
    &quot;description&quot; : &quot;default product&quot;,
    &quot;name&quot; : &quot;Default&quot;,
    &quot;milestones&quot; : [ {
      &quot;product&quot; : {
        &quot;id&quot; : 1
      },
      &quot;value&quot; : &quot;---&quot;,
      &quot;sortkey&quot; : 0,
      &quot;id&quot; : 1
    }, {
      &quot;product&quot; : {
        &quot;id&quot; : 1
      },
      &quot;value&quot; : &quot;0.0.1&quot;,
      &quot;sortkey&quot; : 10,
      &quot;id&quot; : 2
    } ],
    &quot;components&quot; : [ {
      &quot;description&quot; : &quot;default component&quot;,
      &quot;name&quot; : &quot;Default&quot;,
      &quot;product&quot; : {
        &quot;id&quot; : 1
      },
      &quot;id&quot; : 1
    } ],
    &quot;defaultMilestone&quot; : {
      &quot;product&quot; : {
        &quot;id&quot; : 1
      },
      &quot;value&quot; : &quot;---&quot;,
      &quot;sortkey&quot; : 0,
      &quot;id&quot; : 1
    },
    &quot;defaultComponent&quot; : {
      &quot;description&quot; : &quot;default component&quot;,
      &quot;name&quot; : &quot;Default&quot;,
      &quot;product&quot; : {
        &quot;id&quot; : 1
      },
      &quot;id&quot; : 1
    },
    &quot;releaseTags&quot; : [ ],
    &quot;isActive&quot; : true,
    &quot;id&quot; : 1
  },
  &quot;status&quot; : {
    &quot;open&quot; : true,
    &quot;active&quot; : true,
    &quot;value&quot; : &quot;New&quot;,
    &quot;sortkey&quot; : 800,
    &quot;id&quot; : 8
  },
  &quot;milestone&quot; : {
    &quot;product&quot; : {
      &quot;id&quot; : 1
    },
    &quot;value&quot; : &quot;---&quot;,
    &quot;sortkey&quot; : 0,
    &quot;id&quot; : 1
  },
  &quot;shortDescription&quot; : &quot;This is short DescritpionTue Apr 12 23:03:56 PDT 2016&quot;,
  &quot;description&quot; : &quot;This is descriptionTue Apr 12 23:03:56 PDT 2016&quot;,
  &quot;keywords&quot; : [ ],
  &quot;iteration&quot; : {
    &quot;value&quot; : &quot;---&quot;
  },
  &quot;reviewRepositoryName&quot; : &quot;repo-review1-1460527424777.git&quot;,
  &quot;reviewBranch&quot; : &quot;testRestrictedBranchReviewMergeNotAllowed&quot;,
  &quot;targetBranch&quot; : &quot;master&quot;,
  &quot;assignee&quot; : {
    &quot;loginName&quot; : &quot;tom.testsuite&quot;
  },
  &quot;currentReviewerStatus&quot; : [ {
    &quot;status&quot; : &quot;None&quot;,
    &quot;reviewer&quot; : {
      &quot;loginName&quot; : &quot;tina.testsuite&quot;,
      &quot;realname&quot; : &quot;Tina Testsuite&quot;
    }
  }, {
    &quot;status&quot; : &quot;None&quot;,
    &quot;reviewer&quot; : {
      &quot;loginName&quot; : &quot;tom.testsuite&quot;,
      &quot;realname&quot; : &quot;Tom Testsuite&quot;
    }
  } ]
}
2016-04-12 23:03:56,294 DEBUG [oracle.clouddev.test.framework.rest.RestClient] [request#156] cURL: curl -k -u tom.testsuite:Welcome1! -X POST &apos;http://ucf2c-dcs-release-hub1.opcdeveloper.oracleinternalucf2c.oraclecorp.com/qa-dev/s/qa-dev_test-shared-project1-1460525673052/reviews/review&apos; -H &apos;Content-Type: application/json; charset=UTF-8&apos; --data-binary &apos;{  &quot;taskType&quot; : &quot;Review&quot;,  &quot;priority&quot; : {    &quot;value&quot; : &quot;Normal&quot;,    &quot;sortkey&quot; : 300,    &quot;id&quot; : 3  },  &quot;component&quot; : {    &quot;description&quot; : &quot;default component&quot;,    &quot;name&quot; : &quot;Default&quot;,    &quot;product&quot; : {      &quot;id&quot; : 1    },    &quot;id&quot; : 1  },  &quot;severity&quot; : {    &quot;value&quot; : &quot;normal&quot;,    &quot;sortkey&quot; : 400,    &quot;id&quot; : 4  },  &quot;product&quot; : {    &quot;description&quot; : &quot;default product&quot;,    &quot;name&quot; : &quot;Default&quot;,    &quot;milestones&quot; : [ {      &quot;product&quot; : {        &quot;id&quot; : 1      },      &quot;value&quot; : &quot;---&quot;,      &quot;sortkey&quot; : 0,      &quot;id&quot; : 1    }, {      &quot;product&quot; : {        &quot;id&quot; : 1      },      &quot;value&quot; : &quot;0.0.1&quot;,      &quot;sortkey&quot; : 10,      &quot;id&quot; : 2    } ],    &quot;components&quot; : [ {      &quot;description&quot; : &quot;default component&quot;,      &quot;name&quot; : &quot;Default&quot;,      &quot;product&quot; : {        &quot;id&quot; : 1      },      &quot;id&quot; : 1    } ],    &quot;defaultMilestone&quot; : {      &quot;product&quot; : {        &quot;id&quot; : 1      },      &quot;value&quot; : &quot;---&quot;,      &quot;sortkey&quot; : 0,      &quot;id&quot; : 1    },    &quot;defaultComponent&quot; : {      &quot;description&quot; : &quot;default component&quot;,      &quot;name&quot; : &quot;Default&quot;,      &quot;product&quot; : {        &quot;id&quot; : 1      },      &quot;id&quot; : 1    },    &quot;releaseTags&quot; : [ ],    &quot;isActive&quot; : true,    &quot;id&quot; : 1  },  &quot;status&quot; : {    &quot;open&quot; : true,    &quot;active&quot; : true,    &quot;value&quot; : &quot;New&quot;,    &quot;sortkey&quot; : 800,    &quot;id&quot; : 8  },  &quot;milestone&quot; : {    &quot;product&quot; : {      &quot;id&quot; : 1    },    &quot;value&quot; : &quot;---&quot;,    &quot;sortkey&quot; : 0,    &quot;id&quot; : 1  },  &quot;shortDescription&quot; : &quot;This is short DescritpionTue Apr 12 23:03:56 PDT 2016&quot;,  &quot;description&quot; : &quot;This is descriptionTue Apr 12 23:03:56 PDT 2016&quot;,  &quot;keywords&quot; : [ ],  &quot;iteration&quot; : {    &quot;value&quot; : &quot;---&quot;  },  &quot;reviewRepositoryName&quot; : &quot;repo-review1-1460527424777.git&quot;,  &quot;reviewBranch&quot; : &quot;testRestrictedBranchReviewMergeNotAllowed&quot;,  &quot;targetBranch&quot; : &quot;master&quot;,  &quot;assignee&quot; : {    &quot;loginName&quot; : &quot;tom.testsuite&quot;  },  &quot;currentReviewerStatus&quot; : [ {    &quot;status&quot; : &quot;None&quot;,    &quot;reviewer&quot; : {      &quot;loginName&quot; : &quot;tina.testsuite&quot;,      &quot;realname&quot; : &quot;Tina Testsuite&quot;    }  }, {    &quot;status&quot; : &quot;None&quot;,    &quot;reviewer&quot; : {      &quot;loginName&quot; : &quot;tom.testsuite&quot;,      &quot;realname&quot; : &quot;Tom Testsuite&quot;    }  } ]}&apos;
2016-04-12 23:03:56,902 INFO  [oracle.clouddev.test.framework.rest.RestClient] [request#156] HTTP/1.1 200 OK
2016-04-12 23:03:56,902 DEBUG [oracle.clouddev.test.framework.rest.RestClient] [request#156] Content-Type: application/json;charset=UTF-8
2016-04-12 23:03:56,902 DEBUG [oracle.clouddev.test.framework.rest.RestClient] [request#156] Content-Length: 4154
2016-04-12 23:03:56,903 DEBUG [oracle.clouddev.test.framework.rest.ResponseProcessors$ResponseParserAdapter] [request#156] Received data:{
  &quot;reviewTask&quot; : {
    &quot;id&quot; : 4,
    &quot;version&quot; : &quot;1460527436614&quot;,
    &quot;creationDate&quot; : 1460527436381,
    &quot;modificationDate&quot; : 1460527436614,
    &quot;shortDescription&quot; : &quot;This is short DescritpionTue Apr 12 23:03:56 PDT 2016&quot;,
    &quot;description&quot; : &quot;This is descriptionTue Apr 12 23:03:56 PDT 2016&quot;,
    &quot;wikiRenderedDescription&quot; : &quot;&lt;p&gt;This is descriptionTue Apr 12 23:03:56 PDT 2016&lt;/p&gt;&quot;,
    &quot;keywords&quot; : [ ],
    &quot;sumOfSubtasksEstimatedTime&quot; : 0,
    &quot;remainingTime&quot; : 0,
    &quot;url&quot; : &quot;http://ucf2c-dcs-release-hub1.opcdeveloper.oracleinternalucf2c.oraclecorp.com/qa-dev/#projects/qa-dev_test-shared-project1-1460525673052/review/4&quot;,
    &quot;taskType&quot; : &quot;Review&quot;,
    &quot;iteration&quot; : {
      &quot;value&quot; : &quot;---&quot;
    },
    &quot;externalTaskRelations&quot; : [ ],
    &quot;reporter&quot; : {
      &quot;id&quot; : 3,
      &quot;loginName&quot; : &quot;tom.testsuite&quot;,
      &quot;realname&quot; : &quot;Tom Testsuite&quot;,
      &quot;gravatarHash&quot; : &quot;dbe902aace049058a1f62424db295346&quot;
    },
    &quot;assignee&quot; : {
      &quot;id&quot; : 3,
      &quot;loginName&quot; : &quot;tom.testsuite&quot;,
      &quot;realname&quot; : &quot;Tom Testsuite&quot;,
      &quot;gravatarHash&quot; : &quot;dbe902aace049058a1f62424db295346&quot;
    },
    &quot;watchers&quot; : [ {
      &quot;id&quot; : 3,
      &quot;loginName&quot; : &quot;tom.testsuite&quot;,
      &quot;realname&quot; : &quot;Tom Testsuite&quot;,
      &quot;gravatarHash&quot; : &quot;dbe902aace049058a1f62424db295346&quot;
    } ],
    &quot;severity&quot; : {
      &quot;id&quot; : 4,
      &quot;value&quot; : &quot;normal&quot;,
      &quot;sortkey&quot; : 400
    },
    &quot;status&quot; : {
      &quot;id&quot; : 8,
      &quot;value&quot; : &quot;New&quot;,
      &quot;sortkey&quot; : 800,
      &quot;active&quot; : true,
      &quot;open&quot; : true
    },
    &quot;priority&quot; : {
      &quot;id&quot; : 3,
      &quot;value&quot; : &quot;Normal&quot;,
      &quot;sortkey&quot; : 300
    },
    &quot;milestone&quot; : {
      &quot;id&quot; : 1,
      &quot;value&quot; : &quot;---&quot;,
      &quot;sortkey&quot; : 0,
      &quot;product&quot; : {
        &quot;id&quot; : 1
      }
    },
    &quot;product&quot; : {
      &quot;id&quot; : 1,
      &quot;name&quot; : &quot;Default&quot;,
      &quot;description&quot; : &quot;default product&quot;,
      &quot;isActive&quot; : true
    },
    &quot;component&quot; : {
      &quot;id&quot; : 1,
      &quot;name&quot; : &quot;Default&quot;,
      &quot;description&quot; : &quot;default component&quot;
    },
    &quot;blocksTasks&quot; : [ ],
    &quot;subTasks&quot; : [ ],
    &quot;workLogs&quot; : [ ],
    &quot;sumOfSubtasksTimeSpent&quot; : 0,
    &quot;attachments&quot; : [ ],
    &quot;duplicates&quot; : [ ],
    &quot;customFields&quot; : {
    },
    &quot;commits&quot; : [ ],
    &quot;comments&quot; : [ {
      &quot;id&quot; : 22,
      &quot;creationDate&quot; : 1460527436522,
      &quot;modificationTime&quot; : 1460527436522,
      &quot;commentText&quot; : &quot;Merge Request created for testRestrictedBranchReviewMergeNotAllowed by Tom Testsuite (tom.testsuite).\nReviewers: Tina Testsuite, Tom Testsuite&quot;,
      &quot;author&quot; : {
        &quot;id&quot; : 3,
        &quot;loginName&quot; : &quot;tom.testsuite&quot;,
        &quot;realname&quot; : &quot;Tom Testsuite&quot;,
        &quot;gravatarHash&quot; : &quot;dbe902aace049058a1f62424db295346&quot;
      },
      &quot;commentType&quot; : &quot;UNKNOWN&quot;,
      &quot;wikiRenderedText&quot; : &quot;&lt;p&gt;Merge Request created for testRestrictedBranchReviewMergeNotAllowed by Tom Testsuite (tom.testsuite).&lt;br/&gt;Reviewers: Tina Testsuite, Tom Testsuite&lt;/p&gt;&quot;,
      &quot;reviewCommentType&quot; : &quot;REVIEW_NOTIFICATION&quot;,
      &quot;isprivate&quot; : false,
      &quot;commitStatus&quot; : &quot;NA&quot;,
      &quot;systemNotification&quot; : true
    } ],
    &quot;reviewRepositoryName&quot; : &quot;repo-review1-1460527424777.git&quot;,
    &quot;reviewBranch&quot; : &quot;testRestrictedBranchReviewMergeNotAllowed&quot;,
    &quot;targetBranch&quot; : &quot;master&quot;,
    &quot;reviewComments&quot; : [ {
      &quot;id&quot; : 22,
      &quot;creationDate&quot; : 1460527436522,
      &quot;commentText&quot; : &quot;Merge Request created for testRestrictedBranchReviewMergeNotAllowed by Tom Testsuite (tom.testsuite).\nReviewers: Tina Testsuite, Tom Testsuite&quot;,
      &quot;author&quot; : {
        &quot;id&quot; : 3,
        &quot;loginName&quot; : &quot;tom.testsuite&quot;,
        &quot;realname&quot; : &quot;Tom Testsuite&quot;,
        &quot;gravatarHash&quot; : &quot;dbe902aace049058a1f62424db295346&quot;
      },
      &quot;commentType&quot; : &quot;UNKNOWN&quot;,
      &quot;wikiRenderedText&quot; : &quot;&lt;p&gt;Merge Request created for testRestrictedBranchReviewMergeNotAllowed by Tom Testsuite (tom.testsuite).&lt;br/&gt;Reviewers: Tina Testsuite, Tom Testsuite&lt;/p&gt;&quot;,
      &quot;reviewCommentType&quot; : &quot;REVIEW_NOTIFICATION&quot;,
      &quot;isprivate&quot; : false,
      &quot;commitStatus&quot; : &quot;NA&quot;,
      &quot;systemNotification&quot; : true
    }, {
      &quot;id&quot; : 23,
      &quot;creationDate&quot; : 1460527426000,
      &quot;commentText&quot; : &quot;Branch Time: Tue Apr 12 23:03:46 PDT 2016&quot;,
      &quot;author&quot; : {
        &quot;id&quot; : 3,
        &quot;loginName&quot; : &quot;tom.testsuite&quot;,
        &quot;realname&quot; : &quot;Tom Testsuite&quot;,
        &quot;gravatarHash&quot; : &quot;dbe902aace049058a1f62424db295346&quot;
      },
      &quot;commentType&quot; : &quot;UNKNOWN&quot;,
      &quot;wikiRenderedText&quot; : &quot;&lt;p&gt;Branch Time: Tue Apr 12 23:03:46 PDT 2016&lt;/p&gt;&quot;,
      &quot;commitId&quot; : &quot;3f0ab9421c2cf5636a1e746061ad4aa39f645309&quot;,
      &quot;reviewCommentType&quot; : &quot;COMMIT&quot;,
      &quot;isprivate&quot; : false,
      &quot;commitStatus&quot; : &quot;NOT_MERGED&quot;,
      &quot;systemNotification&quot; : true
    } ],
    &quot;lineComments&quot; : [ ],
    &quot;currentReviewerStatus&quot; : [ {
      &quot;id&quot; : 7,
      &quot;reviewId&quot; : 4,
      &quot;reviewer&quot; : {
        &quot;id&quot; : 1,
        &quot;loginName&quot; : &quot;tina.testsuite&quot;,
        &quot;realname&quot; : &quot;Tina Testsuite&quot;,
        &quot;gravatarHash&quot; : &quot;90329b1e0d4bd06a80427ac70fbcdd55&quot;
      },
      &quot;status&quot; : &quot;None&quot;,
      &quot;reviewerCurrentUser&quot; : false
    }, {
      &quot;id&quot; : 8,
      &quot;reviewId&quot; : 4,
      &quot;reviewer&quot; : {
        &quot;id&quot; : 3,
        &quot;loginName&quot; : &quot;tom.testsuite&quot;,
        &quot;realname&quot; : &quot;Tom Testsuite&quot;,
        &quot;gravatarHash&quot; : &quot;dbe902aace049058a1f62424db295346&quot;
      },
      &quot;status&quot; : &quot;None&quot;,
      &quot;reviewerCurrentUser&quot; : false
    } ],
    &quot;reviewers&quot; : [ {
      &quot;id&quot; : 1,
      &quot;loginName&quot; : &quot;tina.testsuite&quot;,
      &quot;realname&quot; : &quot;Tina Testsuite&quot;,
      &quot;gravatarHash&quot; : &quot;90329b1e0d4bd06a80427ac70fbcdd55&quot;
    }, {
      &quot;id&quot; : 3,
      &quot;loginName&quot; : &quot;tom.testsuite&quot;,
      &quot;realname&quot; : &quot;Tom Testsuite&quot;,
      &quot;gravatarHash&quot; : &quot;dbe902aace049058a1f62424db295346&quot;
    } ],
    &quot;reviewStatus&quot; : &quot;NEW&quot;
  }
}
2016-04-12 23:04:01,985 INFO  [oracle.clouddev.test.selenium.tests.base.TestRestrictedMergeRequest] Try to merge branch &apos;testRestrictedBranchReviewMergeNotAllowed&apos; into target branch: &apos;master&apos; It should NOT be possible.
2016-04-12 23:04:01,986 INFO  [oracle.clouddev.test.framework.rest.RestClient] [request#157] POST http://ucf2c-dcs-release-hub1.opcdeveloper.oracleinternalucf2c.oraclecorp.com/qa-dev/s/qa-dev_test-shared-project1-1460525673052/reviews/review/4/merge HTTP/1.1 (user: NON_ADMIN(dcsdevteam/tom.testsuite/Welcome1!))
2016-04-12 23:04:01,987 DEBUG [oracle.clouddev.test.framework.rest.RestClient] [request#157] posted content:
{
  &quot;squash&quot; : &quot;false&quot;,
  &quot;commitMessage&quot; : &quot;Merge branch &apos;testRestrictedBranchReviewMergeNotAllowed&apos; into &apos;master&apos;&quot;,
  &quot;email&quot; : &quot;tom.testsuite@gmail.com&quot;
}
2016-04-12 23:04:01,987 DEBUG [oracle.clouddev.test.framework.rest.RestClient] [request#157] cURL: curl -k -u tom.testsuite:Welcome1! -X POST &apos;http://ucf2c-dcs-release-hub1.opcdeveloper.oracleinternalucf2c.oraclecorp.com/qa-dev/s/qa-dev_test-shared-project1-1460525673052/reviews/review/4/merge&apos; -H &apos;Content-Type: application/json; charset=UTF-8&apos; --data-binary &apos;{  &quot;squash&quot; : &quot;false&quot;,  &quot;commitMessage&quot; : &quot;Merge branch &apos;testRestrictedBranchReviewMergeNotAllowed&apos; into &apos;master&apos;&quot;,  &quot;email&quot; : &quot;tom.testsuite@gmail.com&quot;}&apos;
2016-04-12 23:04:02,277 INFO  [oracle.clouddev.test.framework.rest.RestClient] [request#157] HTTP/1.1 404 Not Found
2016-04-12 23:04:02,277 DEBUG [oracle.clouddev.test.framework.rest.RestClient] [request#157] Content-Type: application/json;charset=UTF-8
2016-04-12 23:04:02,277 DEBUG [oracle.clouddev.test.framework.rest.RestClient] [request#157] Content-Length: 224
2016-04-12 23:04:02,277 DEBUG [oracle.clouddev.test.framework.rest.ResponseProcessors$ResponseParserAdapter] [request#157] Received data:{
  &quot;error&quot; : {
    &quot;errorCode&quot; : &quot;EntityNotFoundException&quot;,
    &quot;message&quot; : &quot;(DCS-1504796175) User does not have permission to merge testRestrictedBranchReviewMergeNotAllowed into master branch.&quot;,
    &quot;detail&quot; : null,
    &quot;details&quot; : null,
    &quot;messages&quot; : null
  }
}
2016-04-12 23:04:02,278 INFO  [oracle.clouddev.test.selenium.tests.base.TestRestrictedMergeRequest] Looking good... AsertError thrown... now check if the error if requiered type.
    </system-out>
    </testcase>
    <testcase classname="oracle.clouddev.test.selenium.tests.base.TestRestrictedMergeRequest" name="testMergeApprovedMR" time="17.249">
      <properties>
        <property name="java.runtime.name" value="Java(TM) SE Runtime Environment"/>
        <property name="exec.mainClass" value="oracle.clouddev.test.selenium.RunTests"/>
        <property name="sun.boot.library.path" value="/usr/java/jdk1.8.0_74/jre/lib/amd64"/>
        <property name="java.vm.version" value="25.74-b02"/>
        <property name="java.vm.vendor" value="Oracle Corporation"/>
        <property name="java.vendor.url" value="http://java.oracle.com/"/>
        <property name="guice.disable.misplaced.annotation.check" value="true"/>
        <property name="path.separator" value=":"/>
        <property name="java.vm.name" value="Java HotSpot(TM) 64-Bit Server VM"/>
        <property name="file.encoding.pkg" value="sun.io"/>
        <property name="user.country" value="US"/>
        <property name="sun.java.launcher" value="SUN_STANDARD"/>
        <property name="sun.os.patch.level" value="unknown"/>
        <property name="http.noProxyHosts" value="localhost|127.0.0.1|*.local|*.oraclecorp.com|*.us.oracle.com"/>
        <property name="java.vm.specification.name" value="Java Virtual Machine Specification"/>
        <property name="user.dir" value="/home/builder/hudson/workspace/dcs_dcs.Release-Selenium-Tests/selenium-tests"/>
        <property name="java.runtime.version" value="1.8.0_74-b02"/>
        <property name="java.awt.graphicsenv" value="sun.awt.X11GraphicsEnvironment"/>
        <property name="java.endorsed.dirs" value="/usr/java/jdk1.8.0_74/jre/lib/endorsed"/>
        <property name="os.arch" value="amd64"/>
        <property name="java.io.tmpdir" value="/tmp"/>
        <property name="line.separator" value="
"/>
        <property name="java.vm.specification.vendor" value="Oracle Corporation"/>
        <property name="https.proxyHost" value="www-proxy.us.oracle.com"/>
        <property name="os.name" value="Linux"/>
        <property name="classworlds.conf" value="/usr/local/apache-maven/apache-maven-3.0.4/bin/m2.conf"/>
        <property name="sun.jnu.encoding" value="UTF-8"/>
        <property name="http.proxyPort" value="80"/>
        <property name="java.library.path" value="/usr/java/packages/lib/amd64:/usr/lib64:/lib64:/lib:/usr/lib"/>
        <property name="sun.awt.enableExtraMouseButtons" value="true"/>
        <property name="java.specification.name" value="Java Platform API Specification"/>
        <property name="java.class.version" value="52.0"/>
        <property name="sun.management.compiler" value="HotSpot 64-Bit Tiered Compilers"/>
        <property name="os.version" value="3.8.13-55.1.1.el6uek.x86_64"/>
        <property name="user.home" value="/home/builder"/>
        <property name="user.timezone" value="PST8PDT"/>
        <property name="java.awt.printerjob" value="sun.print.PSPrinterJob"/>
        <property name="file.encoding" value="UTF-8"/>
        <property name="java.specification.version" value="1.8"/>
        <property name="java.class.path" value="/usr/local/apache-maven/apache-maven-3.0.4/boot/plexus-classworlds-2.4.jar"/>
        <property name="user.name" value="builder"/>
        <property name="java.vm.specification.version" value="1.8"/>
        <property name="sun.java.command" value="org.codehaus.plexus.classworlds.launcher.Launcher -f /home/c2c/hudson/workspace/dcs_dcs.Release-Selenium-Tests/selenium-tests/pom.xml --batch-mode exec:java -Dexec.mainClass=oracle.clouddev.test.selenium.RunTests -Dexec.args=selenium.browser.size.w=1280 selenium.browser.size.h=960 capture.video=true capture.screenshots=true notification.type=swing notification.history=3 notification.font.size=15 job-release-selenium-tests.properties build.job=dcs_dcs.Release-Selenium-Tests build.number=295 target.release=16.2.3.0.0 timeout.build.buildqueue=1200 timeout.build.buildqueue.polling=60 -s BASE --tag base"/>
        <property name="java.home" value="/usr/java/jdk1.8.0_74/jre"/>
        <property name="sun.arch.data.model" value="64"/>
        <property name="user.language" value="en"/>
        <property name="java.specification.vendor" value="Oracle Corporation"/>
        <property name="awt.toolkit" value="sun.awt.X11.XToolkit"/>
        <property name="java.vm.info" value="mixed mode"/>
        <property name="java.version" value="1.8.0_74"/>
        <property name="securerandom.source" value="file:/dev/./urandom"/>
        <property name="java.ext.dirs" value="/usr/java/jdk1.8.0_74/jre/lib/ext:/usr/java/packages/lib/ext"/>
        <property name="http.proxyHost" value="www-proxy.us.oracle.com"/>
        <property name="sun.boot.class.path" value="/usr/java/jdk1.8.0_74/jre/lib/resources.jar:/usr/java/jdk1.8.0_74/jre/lib/rt.jar:/usr/java/jdk1.8.0_74/jre/lib/sunrsasign.jar:/usr/java/jdk1.8.0_74/jre/lib/jsse.jar:/usr/java/jdk1.8.0_74/jre/lib/jce.jar:/usr/java/jdk1.8.0_74/jre/lib/charsets.jar:/usr/java/jdk1.8.0_74/jre/lib/jfr.jar:/usr/java/jdk1.8.0_74/jre/classes"/>
        <property name="java.vendor" value="Oracle Corporation"/>
        <property name="maven.home" value="/usr/local/apache-maven/apache-maven-3.0.4"/>
        <property name="file.separator" value="/"/>
        <property name="java.vendor.url.bug" value="http://bugreport.sun.com/bugreport/"/>
        <property name="sun.font.fontmanager" value="sun.awt.X11FontManager"/>
        <property name="sun.io.unicode.encoding" value="UnicodeLittle"/>
        <property name="sun.cpu.endian" value="little"/>
        <property name="https.proxyPort" value="80"/>
        <property name="exec.args" value="selenium.browser.size.w=1280 selenium.browser.size.h=960 capture.video=true capture.screenshots=true notification.type=swing notification.history=3 notification.font.size=15 job-release-selenium-tests.properties build.job=dcs_dcs.Release-Selenium-Tests build.number=295 target.release=16.2.3.0.0 timeout.build.buildqueue=1200 timeout.build.buildqueue.polling=60 -s BASE --tag base"/>
        <property name="sun.cpu.isalist" value=""/>
        <property name="test.selenium.browser.size.h" value="960"/>
        <property name="test.user.non-admin.name" value="tom.testsuite"/>
        <property name="test.https.proxyHost" value="www-proxy.us.oracle.com"/>
        <property name="test.user.admin.name" value="tina.testsuite"/>
        <property name="test.user.em-agent.password" value="Welcome1!"/>
        <property name="test.tag" value="base"/>
        <property name="test.user.em-agent.fullname" value="Alex Admin"/>
        <property name="test.selenium.port" value="44000"/>
        <property name="test.build.number" value="295"/>
        <property name="test.user.sdi-agent.enabled" value="true"/>
        <property name="test.timeout.assert.condition" value="30"/>
        <property name="test.target.version" value="{
  &quot;buildInformation&quot; : {
    &quot;gitCommitId&quot; : &quot;6415b9c07a83d336f513936eb79c4a925510b07b&quot;,
    &quot;gitCommitMessage&quot; : &quot;Merge branch &apos;Fix18963&apos; into &apos;patchset_16_2_3&apos;&quot;,
    &quot;buildTime&quot; : &quot;12.04.2016 @ 21:58:42 PDT&quot;,
    &quot;buildUser&quot; : &quot;Code2Cloud Builder&quot;
  }
}"/>
        <property name="test.build.job" value="dcs_dcs.Release-Selenium-Tests"/>
        <property name="test.timeout.project.create" value="660"/>
        <property name="test.user.sdi-agent.name" value="alex.admin"/>
        <property name="test.selenium.browser" value="firefox"/>
        <property name="test.http.proxyPort" value="80"/>
        <property name="test.user.sdi-agent.password" value="Welcome1!"/>
        <property name="test.user.sdi-agent.fullname" value="Alex Admin"/>
        <property name="test.timeout.selenium.navigate" value="20"/>
        <property name="test.target.release" value="16.2.3.0.0"/>
        <property name="test.byom.ip" value="127.0.0.1"/>
        <property name="test.byom.port" value="8585"/>
        <property name="test.notification.type" value="swing"/>
        <property name="test.data.project.override" value=""/>
        <property name="test.timeout.selenium.find" value="1"/>
        <property name="test.user.em-agent.enabled" value="true"/>
        <property name="test.testEmptyOrg.db.id" value=""/>
        <property name="test.reviews.timeout.slowdown" value="0"/>
        <property name="test.http.noProxyHosts" value="localhost|127.0.0.1|*.local|*.oraclecorp.com|*.us.oracle.com"/>
        <property name="test.capture.video" value="true"/>
        <property name="test.user.non-admin.password" value="Welcome1!"/>
        <property name="test.user.non-admin.fullname" value="Tom Testsuite"/>
        <property name="test.user.admin.password" value="Welcome1!"/>
        <property name="test.notification.history" value="3"/>
        <property name="test.user.admin.fullname" value="Tina Testsuite"/>
        <property name="test.capture.screenshots" value="true"/>
        <property name="test.testEmptyOrg.db.connectString" value="jdbc:oracle:thin:@(DESCRIPTION=(ADDRESS=(PROTOCOL=TCP)(HOST=slc09iwb.us.oracle.com)(PORT=1521))(CONNECT_DATA=(SERVICE_NAME=dbpod)))"/>
        <property name="test.firefox.bin" value=""/>
        <property name="test.https.proxyPort" value="80"/>
        <property name="test.develop.offline" value="false"/>
        <property name="test.timeout.build.buildqueue.polling" value="60"/>
        <property name="test.output.dir" value="target/test-reports/"/>
        <property name="test.firefox.allowedHosts" value="localhost,localhost.localdomain"/>
        <property name="test.testEmptyOrg.db.schema" value="BV2RLPNYEWMR"/>
        <property name="test.web.url" value="http://ucf2c-dcs-release-hub1.opcdeveloper.oracleinternalucf2c.oraclecorp.com/qa-dev/"/>
        <property name="test.firefox.extensions" value=""/>
        <property name="test.testEmptyOrg.orgExistsCheck" value="false"/>
        <property name="test.data.dir" value="data/"/>
        <property name="test.notification.font.size" value="15"/>
        <property name="test.testEmptyOrg.service" value="devservice5"/>
        <property name="test.selenium.start.server" value="false"/>
        <property name="test.firefox.profile.path" value=""/>
        <property name="test.selenium.host" value="localhost"/>
        <property name="test.suite" value="BASE"/>
        <property name="test.tests" value=""/>
        <property name="test.user.admin.idm" value="dcsdevteam"/>
        <property name="test.http.proxyHost" value="www-proxy.us.oracle.com"/>
        <property name="test.testMethods" value=""/>
        <property name="test.reviews.dontDeleteEnviroment" value="false"/>
        <property name="test.selenium.browser.maximize" value="false"/>
        <property name="test.firefox.profile.name" value=""/>
        <property name="test.timeout.build.buildqueue" value="1200"/>
        <property name="test.user.em-agent.idm" value="dcsdevteam"/>
        <property name="test.selenium.remote" value="false"/>
        <property name="test.user.sdi-agent.idm" value="dcsdevteam"/>
        <property name="test.byom.authToken" value="123456"/>
        <property name="test.proxy.autodetect" value="false"/>
        <property name="test.testEmptyOrg.idm" value="dcsdevteam"/>
        <property name="test.user.non-admin.idm" value="dcsdevteam"/>
        <property name="test.data.tasks.useexisting" value="false"/>
        <property name="test.selenium.browser.size.w" value="1280"/>
        <property name="test.category" value="DEFAULT"/>
        <property name="test.user.em-agent.name" value="alex.admin"/>
        <property name="test.timeout.slowdown" value="0"/>
      </properties>
    <system-out>
2016-04-12 23:04:02,278 INFO  [oracle.clouddev.test.selenium.tests.base.TestRestrictedMergeRequest] This test checks if MR&apos;s submiter (non branch admin) can merge APPROVED MR into restricted branch which allows approved MRs.
2016-04-12 23:04:02,278 INFO  [oracle.clouddev.test.selenium.tests.base.TestRestrictedMergeRequest] Create a new MR, reviewing branch name: testRestrictedBranchReviewMergeAllowed created by user: tom.testsuite
2016-04-12 23:04:02,279 INFO  [oracle.clouddev.test.selenium.util.RestRepositoryBuilder] Create a new review 
2016-04-12 23:04:02,281 INFO  [oracle.clouddev.test.framework.rest.RestClient] [request#158] POST http://ucf2c-dcs-release-hub1.opcdeveloper.oracleinternalucf2c.oraclecorp.com/qa-dev/s/qa-dev_test-shared-project1-1460525673052/reviews/review HTTP/1.1 (user: NON_ADMIN(dcsdevteam/tom.testsuite/Welcome1!))
2016-04-12 23:04:02,281 DEBUG [oracle.clouddev.test.framework.rest.RestClient] [request#158] posted content:
{
  &quot;taskType&quot; : &quot;Review&quot;,
  &quot;priority&quot; : {
    &quot;value&quot; : &quot;Normal&quot;,
    &quot;sortkey&quot; : 300,
    &quot;id&quot; : 3
  },
  &quot;component&quot; : {
    &quot;description&quot; : &quot;default component&quot;,
    &quot;name&quot; : &quot;Default&quot;,
    &quot;product&quot; : {
      &quot;id&quot; : 1
    },
    &quot;id&quot; : 1
  },
  &quot;severity&quot; : {
    &quot;value&quot; : &quot;normal&quot;,
    &quot;sortkey&quot; : 400,
    &quot;id&quot; : 4
  },
  &quot;product&quot; : {
    &quot;description&quot; : &quot;default product&quot;,
    &quot;name&quot; : &quot;Default&quot;,
    &quot;milestones&quot; : [ {
      &quot;product&quot; : {
        &quot;id&quot; : 1
      },
      &quot;value&quot; : &quot;---&quot;,
      &quot;sortkey&quot; : 0,
      &quot;id&quot; : 1
    }, {
      &quot;product&quot; : {
        &quot;id&quot; : 1
      },
      &quot;value&quot; : &quot;0.0.1&quot;,
      &quot;sortkey&quot; : 10,
      &quot;id&quot; : 2
    } ],
    &quot;components&quot; : [ {
      &quot;description&quot; : &quot;default component&quot;,
      &quot;name&quot; : &quot;Default&quot;,
      &quot;product&quot; : {
        &quot;id&quot; : 1
      },
      &quot;id&quot; : 1
    } ],
    &quot;defaultMilestone&quot; : {
      &quot;product&quot; : {
        &quot;id&quot; : 1
      },
      &quot;value&quot; : &quot;---&quot;,
      &quot;sortkey&quot; : 0,
      &quot;id&quot; : 1
    },
    &quot;defaultComponent&quot; : {
      &quot;description&quot; : &quot;default component&quot;,
      &quot;name&quot; : &quot;Default&quot;,
      &quot;product&quot; : {
        &quot;id&quot; : 1
      },
      &quot;id&quot; : 1
    },
    &quot;releaseTags&quot; : [ ],
    &quot;isActive&quot; : true,
    &quot;id&quot; : 1
  },
  &quot;status&quot; : {
    &quot;open&quot; : true,
    &quot;active&quot; : true,
    &quot;value&quot; : &quot;New&quot;,
    &quot;sortkey&quot; : 800,
    &quot;id&quot; : 8
  },
  &quot;milestone&quot; : {
    &quot;product&quot; : {
      &quot;id&quot; : 1
    },
    &quot;value&quot; : &quot;---&quot;,
    &quot;sortkey&quot; : 0,
    &quot;id&quot; : 1
  },
  &quot;shortDescription&quot; : &quot;This is short DescritpionTue Apr 12 23:04:02 PDT 2016&quot;,
  &quot;description&quot; : &quot;This is descriptionTue Apr 12 23:04:02 PDT 2016&quot;,
  &quot;keywords&quot; : [ ],
  &quot;iteration&quot; : {
    &quot;value&quot; : &quot;---&quot;
  },
  &quot;reviewRepositoryName&quot; : &quot;repo-review1-1460527424777.git&quot;,
  &quot;reviewBranch&quot; : &quot;testRestrictedBranchReviewMergeAllowed&quot;,
  &quot;targetBranch&quot; : &quot;master&quot;,
  &quot;assignee&quot; : {
    &quot;loginName&quot; : &quot;tom.testsuite&quot;
  },
  &quot;currentReviewerStatus&quot; : [ {
    &quot;status&quot; : &quot;None&quot;,
    &quot;reviewer&quot; : {
      &quot;loginName&quot; : &quot;tina.testsuite&quot;,
      &quot;realname&quot; : &quot;Tina Testsuite&quot;
    }
  }, {
    &quot;status&quot; : &quot;None&quot;,
    &quot;reviewer&quot; : {
      &quot;loginName&quot; : &quot;tom.testsuite&quot;,
      &quot;realname&quot; : &quot;Tom Testsuite&quot;
    }
  } ]
}
2016-04-12 23:04:02,281 DEBUG [oracle.clouddev.test.framework.rest.RestClient] [request#158] cURL: curl -k -u tom.testsuite:Welcome1! -X POST &apos;http://ucf2c-dcs-release-hub1.opcdeveloper.oracleinternalucf2c.oraclecorp.com/qa-dev/s/qa-dev_test-shared-project1-1460525673052/reviews/review&apos; -H &apos;Content-Type: application/json; charset=UTF-8&apos; --data-binary &apos;{  &quot;taskType&quot; : &quot;Review&quot;,  &quot;priority&quot; : {    &quot;value&quot; : &quot;Normal&quot;,    &quot;sortkey&quot; : 300,    &quot;id&quot; : 3  },  &quot;component&quot; : {    &quot;description&quot; : &quot;default component&quot;,    &quot;name&quot; : &quot;Default&quot;,    &quot;product&quot; : {      &quot;id&quot; : 1    },    &quot;id&quot; : 1  },  &quot;severity&quot; : {    &quot;value&quot; : &quot;normal&quot;,    &quot;sortkey&quot; : 400,    &quot;id&quot; : 4  },  &quot;product&quot; : {    &quot;description&quot; : &quot;default product&quot;,    &quot;name&quot; : &quot;Default&quot;,    &quot;milestones&quot; : [ {      &quot;product&quot; : {        &quot;id&quot; : 1      },      &quot;value&quot; : &quot;---&quot;,      &quot;sortkey&quot; : 0,      &quot;id&quot; : 1    }, {      &quot;product&quot; : {        &quot;id&quot; : 1      },      &quot;value&quot; : &quot;0.0.1&quot;,      &quot;sortkey&quot; : 10,      &quot;id&quot; : 2    } ],    &quot;components&quot; : [ {      &quot;description&quot; : &quot;default component&quot;,      &quot;name&quot; : &quot;Default&quot;,      &quot;product&quot; : {        &quot;id&quot; : 1      },      &quot;id&quot; : 1    } ],    &quot;defaultMilestone&quot; : {      &quot;product&quot; : {        &quot;id&quot; : 1      },      &quot;value&quot; : &quot;---&quot;,      &quot;sortkey&quot; : 0,      &quot;id&quot; : 1    },    &quot;defaultComponent&quot; : {      &quot;description&quot; : &quot;default component&quot;,      &quot;name&quot; : &quot;Default&quot;,      &quot;product&quot; : {        &quot;id&quot; : 1      },      &quot;id&quot; : 1    },    &quot;releaseTags&quot; : [ ],    &quot;isActive&quot; : true,    &quot;id&quot; : 1  },  &quot;status&quot; : {    &quot;open&quot; : true,    &quot;active&quot; : true,    &quot;value&quot; : &quot;New&quot;,    &quot;sortkey&quot; : 800,    &quot;id&quot; : 8  },  &quot;milestone&quot; : {    &quot;product&quot; : {      &quot;id&quot; : 1    },    &quot;value&quot; : &quot;---&quot;,    &quot;sortkey&quot; : 0,    &quot;id&quot; : 1  },  &quot;shortDescription&quot; : &quot;This is short DescritpionTue Apr 12 23:04:02 PDT 2016&quot;,  &quot;description&quot; : &quot;This is descriptionTue Apr 12 23:04:02 PDT 2016&quot;,  &quot;keywords&quot; : [ ],  &quot;iteration&quot; : {    &quot;value&quot; : &quot;---&quot;  },  &quot;reviewRepositoryName&quot; : &quot;repo-review1-1460527424777.git&quot;,  &quot;reviewBranch&quot; : &quot;testRestrictedBranchReviewMergeAllowed&quot;,  &quot;targetBranch&quot; : &quot;master&quot;,  &quot;assignee&quot; : {    &quot;loginName&quot; : &quot;tom.testsuite&quot;  },  &quot;currentReviewerStatus&quot; : [ {    &quot;status&quot; : &quot;None&quot;,    &quot;reviewer&quot; : {      &quot;loginName&quot; : &quot;tina.testsuite&quot;,      &quot;realname&quot; : &quot;Tina Testsuite&quot;    }  }, {    &quot;status&quot; : &quot;None&quot;,    &quot;reviewer&quot; : {      &quot;loginName&quot; : &quot;tom.testsuite&quot;,      &quot;realname&quot; : &quot;Tom Testsuite&quot;    }  } ]}&apos;
2016-04-12 23:04:02,854 INFO  [oracle.clouddev.test.framework.rest.RestClient] [request#158] HTTP/1.1 200 OK
2016-04-12 23:04:02,854 DEBUG [oracle.clouddev.test.framework.rest.RestClient] [request#158] Content-Type: application/json;charset=UTF-8
2016-04-12 23:04:02,854 DEBUG [oracle.clouddev.test.framework.rest.RestClient] [request#158] Content-Length: 4140
2016-04-12 23:04:02,855 DEBUG [oracle.clouddev.test.framework.rest.ResponseProcessors$ResponseParserAdapter] [request#158] Received data:{
  &quot;reviewTask&quot; : {
    &quot;id&quot; : 5,
    &quot;version&quot; : &quot;1460527442573&quot;,
    &quot;creationDate&quot; : 1460527442341,
    &quot;modificationDate&quot; : 1460527442573,
    &quot;shortDescription&quot; : &quot;This is short DescritpionTue Apr 12 23:04:02 PDT 2016&quot;,
    &quot;description&quot; : &quot;This is descriptionTue Apr 12 23:04:02 PDT 2016&quot;,
    &quot;wikiRenderedDescription&quot; : &quot;&lt;p&gt;This is descriptionTue Apr 12 23:04:02 PDT 2016&lt;/p&gt;&quot;,
    &quot;keywords&quot; : [ ],
    &quot;sumOfSubtasksEstimatedTime&quot; : 0,
    &quot;remainingTime&quot; : 0,
    &quot;url&quot; : &quot;http://ucf2c-dcs-release-hub1.opcdeveloper.oracleinternalucf2c.oraclecorp.com/qa-dev/#projects/qa-dev_test-shared-project1-1460525673052/review/5&quot;,
    &quot;taskType&quot; : &quot;Review&quot;,
    &quot;iteration&quot; : {
      &quot;value&quot; : &quot;---&quot;
    },
    &quot;externalTaskRelations&quot; : [ ],
    &quot;reporter&quot; : {
      &quot;id&quot; : 3,
      &quot;loginName&quot; : &quot;tom.testsuite&quot;,
      &quot;realname&quot; : &quot;Tom Testsuite&quot;,
      &quot;gravatarHash&quot; : &quot;dbe902aace049058a1f62424db295346&quot;
    },
    &quot;assignee&quot; : {
      &quot;id&quot; : 3,
      &quot;loginName&quot; : &quot;tom.testsuite&quot;,
      &quot;realname&quot; : &quot;Tom Testsuite&quot;,
      &quot;gravatarHash&quot; : &quot;dbe902aace049058a1f62424db295346&quot;
    },
    &quot;watchers&quot; : [ {
      &quot;id&quot; : 3,
      &quot;loginName&quot; : &quot;tom.testsuite&quot;,
      &quot;realname&quot; : &quot;Tom Testsuite&quot;,
      &quot;gravatarHash&quot; : &quot;dbe902aace049058a1f62424db295346&quot;
    } ],
    &quot;severity&quot; : {
      &quot;id&quot; : 4,
      &quot;value&quot; : &quot;normal&quot;,
      &quot;sortkey&quot; : 400
    },
    &quot;status&quot; : {
      &quot;id&quot; : 8,
      &quot;value&quot; : &quot;New&quot;,
      &quot;sortkey&quot; : 800,
      &quot;active&quot; : true,
      &quot;open&quot; : true
    },
    &quot;priority&quot; : {
      &quot;id&quot; : 3,
      &quot;value&quot; : &quot;Normal&quot;,
      &quot;sortkey&quot; : 300
    },
    &quot;milestone&quot; : {
      &quot;id&quot; : 1,
      &quot;value&quot; : &quot;---&quot;,
      &quot;sortkey&quot; : 0,
      &quot;product&quot; : {
        &quot;id&quot; : 1
      }
    },
    &quot;product&quot; : {
      &quot;id&quot; : 1,
      &quot;name&quot; : &quot;Default&quot;,
      &quot;description&quot; : &quot;default product&quot;,
      &quot;isActive&quot; : true
    },
    &quot;component&quot; : {
      &quot;id&quot; : 1,
      &quot;name&quot; : &quot;Default&quot;,
      &quot;description&quot; : &quot;default component&quot;
    },
    &quot;blocksTasks&quot; : [ ],
    &quot;subTasks&quot; : [ ],
    &quot;workLogs&quot; : [ ],
    &quot;sumOfSubtasksTimeSpent&quot; : 0,
    &quot;attachments&quot; : [ ],
    &quot;duplicates&quot; : [ ],
    &quot;customFields&quot; : {
    },
    &quot;commits&quot; : [ ],
    &quot;comments&quot; : [ {
      &quot;id&quot; : 25,
      &quot;creationDate&quot; : 1460527442478,
      &quot;modificationTime&quot; : 1460527442478,
      &quot;commentText&quot; : &quot;Merge Request created for testRestrictedBranchReviewMergeAllowed by Tom Testsuite (tom.testsuite).\nReviewers: Tina Testsuite, Tom Testsuite&quot;,
      &quot;author&quot; : {
        &quot;id&quot; : 3,
        &quot;loginName&quot; : &quot;tom.testsuite&quot;,
        &quot;realname&quot; : &quot;Tom Testsuite&quot;,
        &quot;gravatarHash&quot; : &quot;dbe902aace049058a1f62424db295346&quot;
      },
      &quot;commentType&quot; : &quot;UNKNOWN&quot;,
      &quot;wikiRenderedText&quot; : &quot;&lt;p&gt;Merge Request created for testRestrictedBranchReviewMergeAllowed by Tom Testsuite (tom.testsuite).&lt;br/&gt;Reviewers: Tina Testsuite, Tom Testsuite&lt;/p&gt;&quot;,
      &quot;reviewCommentType&quot; : &quot;REVIEW_NOTIFICATION&quot;,
      &quot;isprivate&quot; : false,
      &quot;commitStatus&quot; : &quot;NA&quot;,
      &quot;systemNotification&quot; : true
    } ],
    &quot;reviewRepositoryName&quot; : &quot;repo-review1-1460527424777.git&quot;,
    &quot;reviewBranch&quot; : &quot;testRestrictedBranchReviewMergeAllowed&quot;,
    &quot;targetBranch&quot; : &quot;master&quot;,
    &quot;reviewComments&quot; : [ {
      &quot;id&quot; : 25,
      &quot;creationDate&quot; : 1460527442478,
      &quot;commentText&quot; : &quot;Merge Request created for testRestrictedBranchReviewMergeAllowed by Tom Testsuite (tom.testsuite).\nReviewers: Tina Testsuite, Tom Testsuite&quot;,
      &quot;author&quot; : {
        &quot;id&quot; : 3,
        &quot;loginName&quot; : &quot;tom.testsuite&quot;,
        &quot;realname&quot; : &quot;Tom Testsuite&quot;,
        &quot;gravatarHash&quot; : &quot;dbe902aace049058a1f62424db295346&quot;
      },
      &quot;commentType&quot; : &quot;UNKNOWN&quot;,
      &quot;wikiRenderedText&quot; : &quot;&lt;p&gt;Merge Request created for testRestrictedBranchReviewMergeAllowed by Tom Testsuite (tom.testsuite).&lt;br/&gt;Reviewers: Tina Testsuite, Tom Testsuite&lt;/p&gt;&quot;,
      &quot;reviewCommentType&quot; : &quot;REVIEW_NOTIFICATION&quot;,
      &quot;isprivate&quot; : false,
      &quot;commitStatus&quot; : &quot;NA&quot;,
      &quot;systemNotification&quot; : true
    }, {
      &quot;id&quot; : 26,
      &quot;creationDate&quot; : 1460527427000,
      &quot;commentText&quot; : &quot;Branch Time: Tue Apr 12 23:03:47 PDT 2016&quot;,
      &quot;author&quot; : {
        &quot;id&quot; : 3,
        &quot;loginName&quot; : &quot;tom.testsuite&quot;,
        &quot;realname&quot; : &quot;Tom Testsuite&quot;,
        &quot;gravatarHash&quot; : &quot;dbe902aace049058a1f62424db295346&quot;
      },
      &quot;commentType&quot; : &quot;UNKNOWN&quot;,
      &quot;wikiRenderedText&quot; : &quot;&lt;p&gt;Branch Time: Tue Apr 12 23:03:47 PDT 2016&lt;/p&gt;&quot;,
      &quot;commitId&quot; : &quot;0bd0d6e44a2e065b0a714b358c07dae85fdbc0ce&quot;,
      &quot;reviewCommentType&quot; : &quot;COMMIT&quot;,
      &quot;isprivate&quot; : false,
      &quot;commitStatus&quot; : &quot;NOT_MERGED&quot;,
      &quot;systemNotification&quot; : true
    } ],
    &quot;lineComments&quot; : [ ],
    &quot;currentReviewerStatus&quot; : [ {
      &quot;id&quot; : 9,
      &quot;reviewId&quot; : 5,
      &quot;reviewer&quot; : {
        &quot;id&quot; : 1,
        &quot;loginName&quot; : &quot;tina.testsuite&quot;,
        &quot;realname&quot; : &quot;Tina Testsuite&quot;,
        &quot;gravatarHash&quot; : &quot;90329b1e0d4bd06a80427ac70fbcdd55&quot;
      },
      &quot;status&quot; : &quot;None&quot;,
      &quot;reviewerCurrentUser&quot; : false
    }, {
      &quot;id&quot; : 10,
      &quot;reviewId&quot; : 5,
      &quot;reviewer&quot; : {
        &quot;id&quot; : 3,
        &quot;loginName&quot; : &quot;tom.testsuite&quot;,
        &quot;realname&quot; : &quot;Tom Testsuite&quot;,
        &quot;gravatarHash&quot; : &quot;dbe902aace049058a1f62424db295346&quot;
      },
      &quot;status&quot; : &quot;None&quot;,
      &quot;reviewerCurrentUser&quot; : false
    } ],
    &quot;reviewers&quot; : [ {
      &quot;id&quot; : 1,
      &quot;loginName&quot; : &quot;tina.testsuite&quot;,
      &quot;realname&quot; : &quot;Tina Testsuite&quot;,
      &quot;gravatarHash&quot; : &quot;90329b1e0d4bd06a80427ac70fbcdd55&quot;
    }, {
      &quot;id&quot; : 3,
      &quot;loginName&quot; : &quot;tom.testsuite&quot;,
      &quot;realname&quot; : &quot;Tom Testsuite&quot;,
      &quot;gravatarHash&quot; : &quot;dbe902aace049058a1f62424db295346&quot;
    } ],
    &quot;reviewStatus&quot; : &quot;NEW&quot;
  }
}
2016-04-12 23:04:08,210 INFO  [oracle.clouddev.test.selenium.tests.base.TestRestrictedMergeRequest] Loged as ADMIN to approve the MR
2016-04-12 23:04:08,210 INFO  [oracle.clouddev.test.selenium.tests.base.TestRestrictedMergeRequest] Try to approve the MR
2016-04-12 23:04:08,225 DEBUG [oracle.clouddev.test.selenium.components.AssertElement] Check condition (element is visible) for element [By.xpath: .//*[(self::button or self::a or self::input) and @id=&apos;approve-button&apos;] under [By.xpath: .//div[@id=&apos;page-review&apos;]]] on http://ucf2c-dcs-release-hub1.opcdeveloper.oracleinternalucf2c.oraclecorp.com/qa-dev/#projects/qa-dev_test-shared-project1-1460525673052/review/5.
2016-04-12 23:04:08,271 DEBUG [oracle.clouddev.test.selenium.components.AssertElement] Check condition (element has style class &apos;oj-enabled&apos;) for element [By.xpath: .//*[(self::button or self::a or self::input) and @id=&apos;approve-button&apos;] under [By.xpath: .//div[@id=&apos;page-review&apos;]]] on http://ucf2c-dcs-release-hub1.opcdeveloper.oracleinternalucf2c.oraclecorp.com/qa-dev/#projects/qa-dev_test-shared-project1-1460525673052/review/5.
2016-04-12 23:04:08,814 DEBUG [oracle.clouddev.test.selenium.components.AssertElement] Check condition (element is visible) for element [By.xpath: .//*[(self::button or self::a or self::input) and @id=&apos;approveWikiEditor_submit&apos;] under [By.xpath: .//div[contains(@class,&apos;oj-dialog&apos;)]/div[@id=&apos;approve-dialog&apos;]/..]] on http://ucf2c-dcs-release-hub1.opcdeveloper.oracleinternalucf2c.oraclecorp.com/qa-dev/#projects/qa-dev_test-shared-project1-1460525673052/review/5.
2016-04-12 23:04:08,855 DEBUG [oracle.clouddev.test.selenium.components.AssertElement] Check condition (element has style class &apos;oj-enabled&apos;) for element [By.xpath: .//*[(self::button or self::a or self::input) and @id=&apos;approveWikiEditor_submit&apos;] under [By.xpath: .//div[contains(@class,&apos;oj-dialog&apos;)]/div[@id=&apos;approve-dialog&apos;]/..]] on http://ucf2c-dcs-release-hub1.opcdeveloper.oracleinternalucf2c.oraclecorp.com/qa-dev/#projects/qa-dev_test-shared-project1-1460525673052/review/5.
2016-04-12 23:04:19,167 INFO  [oracle.clouddev.test.selenium.tests.base.TestRestrictedMergeRequest] Try to merge branch &apos;testRestrictedBranchReviewMergeAllowed&apos; into target branch: &apos;master&apos; It should be possible.
2016-04-12 23:04:19,167 INFO  [oracle.clouddev.test.selenium.tests.base.TestRestrictedMergeRequest] Invoke the merge API as NON_ADMIN
2016-04-12 23:04:19,167 INFO  [oracle.clouddev.test.selenium.tests.base.TestRestrictedMergeRequest] Try to merge, it should work
2016-04-12 23:04:19,169 INFO  [oracle.clouddev.test.framework.rest.RestClient] [request#159] POST http://ucf2c-dcs-release-hub1.opcdeveloper.oracleinternalucf2c.oraclecorp.com/qa-dev/s/qa-dev_test-shared-project1-1460525673052/reviews/review/5/merge HTTP/1.1 (user: NON_ADMIN(dcsdevteam/tom.testsuite/Welcome1!))
2016-04-12 23:04:19,169 DEBUG [oracle.clouddev.test.framework.rest.RestClient] [request#159] posted content:
{
  &quot;squash&quot; : &quot;false&quot;,
  &quot;commitMessage&quot; : &quot;Merge branch &apos;testRestrictedBranchReviewMergeAllowed&apos; into &apos;master&apos;&quot;,
  &quot;email&quot; : &quot;tom.testsuite@gmail.com&quot;
}
2016-04-12 23:04:19,169 DEBUG [oracle.clouddev.test.framework.rest.RestClient] [request#159] cURL: curl -k -u tom.testsuite:Welcome1! -X POST &apos;http://ucf2c-dcs-release-hub1.opcdeveloper.oracleinternalucf2c.oraclecorp.com/qa-dev/s/qa-dev_test-shared-project1-1460525673052/reviews/review/5/merge&apos; -H &apos;Content-Type: application/json; charset=UTF-8&apos; --data-binary &apos;{  &quot;squash&quot; : &quot;false&quot;,  &quot;commitMessage&quot; : &quot;Merge branch &apos;testRestrictedBranchReviewMergeAllowed&apos; into &apos;master&apos;&quot;,  &quot;email&quot; : &quot;tom.testsuite@gmail.com&quot;}&apos;
2016-04-12 23:04:19,527 INFO  [oracle.clouddev.test.framework.rest.RestClient] [request#159] HTTP/1.1 200 OK
2016-04-12 23:04:19,527 DEBUG [oracle.clouddev.test.framework.rest.RestClient] [request#159] Content-Type: application/json;charset=UTF-8
2016-04-12 23:04:19,527 DEBUG [oracle.clouddev.test.framework.rest.RestClient] [request#159] Content-Length: 51
2016-04-12 23:04:19,527 DEBUG [oracle.clouddev.test.framework.rest.ResponseProcessors$ResponseParserAdapter] [request#159] Received data:{
  &quot;result&quot; : {
    &quot;status&quot; : &quot;FAST_FORWARD&quot;,
    &quot;conflicts&quot; : [ ]
  }
}
    </system-out>
    </testcase>
    <testcase classname="oracle.clouddev.test.selenium.tests.base.TestRestrictedMergeRequest" name="testMergeByProjectOwner" time="6.204">
      <properties>
        <property name="java.runtime.name" value="Java(TM) SE Runtime Environment"/>
        <property name="exec.mainClass" value="oracle.clouddev.test.selenium.RunTests"/>
        <property name="sun.boot.library.path" value="/usr/java/jdk1.8.0_74/jre/lib/amd64"/>
        <property name="java.vm.version" value="25.74-b02"/>
        <property name="java.vm.vendor" value="Oracle Corporation"/>
        <property name="java.vendor.url" value="http://java.oracle.com/"/>
        <property name="guice.disable.misplaced.annotation.check" value="true"/>
        <property name="path.separator" value=":"/>
        <property name="java.vm.name" value="Java HotSpot(TM) 64-Bit Server VM"/>
        <property name="file.encoding.pkg" value="sun.io"/>
        <property name="user.country" value="US"/>
        <property name="sun.java.launcher" value="SUN_STANDARD"/>
        <property name="sun.os.patch.level" value="unknown"/>
        <property name="http.noProxyHosts" value="localhost|127.0.0.1|*.local|*.oraclecorp.com|*.us.oracle.com"/>
        <property name="java.vm.specification.name" value="Java Virtual Machine Specification"/>
        <property name="user.dir" value="/home/builder/hudson/workspace/dcs_dcs.Release-Selenium-Tests/selenium-tests"/>
        <property name="java.runtime.version" value="1.8.0_74-b02"/>
        <property name="java.awt.graphicsenv" value="sun.awt.X11GraphicsEnvironment"/>
        <property name="java.endorsed.dirs" value="/usr/java/jdk1.8.0_74/jre/lib/endorsed"/>
        <property name="os.arch" value="amd64"/>
        <property name="java.io.tmpdir" value="/tmp"/>
        <property name="line.separator" value="
"/>
        <property name="java.vm.specification.vendor" value="Oracle Corporation"/>
        <property name="https.proxyHost" value="www-proxy.us.oracle.com"/>
        <property name="os.name" value="Linux"/>
        <property name="classworlds.conf" value="/usr/local/apache-maven/apache-maven-3.0.4/bin/m2.conf"/>
        <property name="sun.jnu.encoding" value="UTF-8"/>
        <property name="http.proxyPort" value="80"/>
        <property name="java.library.path" value="/usr/java/packages/lib/amd64:/usr/lib64:/lib64:/lib:/usr/lib"/>
        <property name="sun.awt.enableExtraMouseButtons" value="true"/>
        <property name="java.specification.name" value="Java Platform API Specification"/>
        <property name="java.class.version" value="52.0"/>
        <property name="sun.management.compiler" value="HotSpot 64-Bit Tiered Compilers"/>
        <property name="os.version" value="3.8.13-55.1.1.el6uek.x86_64"/>
        <property name="user.home" value="/home/builder"/>
        <property name="user.timezone" value="PST8PDT"/>
        <property name="java.awt.printerjob" value="sun.print.PSPrinterJob"/>
        <property name="file.encoding" value="UTF-8"/>
        <property name="java.specification.version" value="1.8"/>
        <property name="java.class.path" value="/usr/local/apache-maven/apache-maven-3.0.4/boot/plexus-classworlds-2.4.jar"/>
        <property name="user.name" value="builder"/>
        <property name="java.vm.specification.version" value="1.8"/>
        <property name="sun.java.command" value="org.codehaus.plexus.classworlds.launcher.Launcher -f /home/c2c/hudson/workspace/dcs_dcs.Release-Selenium-Tests/selenium-tests/pom.xml --batch-mode exec:java -Dexec.mainClass=oracle.clouddev.test.selenium.RunTests -Dexec.args=selenium.browser.size.w=1280 selenium.browser.size.h=960 capture.video=true capture.screenshots=true notification.type=swing notification.history=3 notification.font.size=15 job-release-selenium-tests.properties build.job=dcs_dcs.Release-Selenium-Tests build.number=295 target.release=16.2.3.0.0 timeout.build.buildqueue=1200 timeout.build.buildqueue.polling=60 -s BASE --tag base"/>
        <property name="java.home" value="/usr/java/jdk1.8.0_74/jre"/>
        <property name="sun.arch.data.model" value="64"/>
        <property name="user.language" value="en"/>
        <property name="java.specification.vendor" value="Oracle Corporation"/>
        <property name="awt.toolkit" value="sun.awt.X11.XToolkit"/>
        <property name="java.vm.info" value="mixed mode"/>
        <property name="java.version" value="1.8.0_74"/>
        <property name="securerandom.source" value="file:/dev/./urandom"/>
        <property name="java.ext.dirs" value="/usr/java/jdk1.8.0_74/jre/lib/ext:/usr/java/packages/lib/ext"/>
        <property name="http.proxyHost" value="www-proxy.us.oracle.com"/>
        <property name="sun.boot.class.path" value="/usr/java/jdk1.8.0_74/jre/lib/resources.jar:/usr/java/jdk1.8.0_74/jre/lib/rt.jar:/usr/java/jdk1.8.0_74/jre/lib/sunrsasign.jar:/usr/java/jdk1.8.0_74/jre/lib/jsse.jar:/usr/java/jdk1.8.0_74/jre/lib/jce.jar:/usr/java/jdk1.8.0_74/jre/lib/charsets.jar:/usr/java/jdk1.8.0_74/jre/lib/jfr.jar:/usr/java/jdk1.8.0_74/jre/classes"/>
        <property name="java.vendor" value="Oracle Corporation"/>
        <property name="maven.home" value="/usr/local/apache-maven/apache-maven-3.0.4"/>
        <property name="file.separator" value="/"/>
        <property name="java.vendor.url.bug" value="http://bugreport.sun.com/bugreport/"/>
        <property name="sun.font.fontmanager" value="sun.awt.X11FontManager"/>
        <property name="sun.io.unicode.encoding" value="UnicodeLittle"/>
        <property name="sun.cpu.endian" value="little"/>
        <property name="https.proxyPort" value="80"/>
        <property name="exec.args" value="selenium.browser.size.w=1280 selenium.browser.size.h=960 capture.video=true capture.screenshots=true notification.type=swing notification.history=3 notification.font.size=15 job-release-selenium-tests.properties build.job=dcs_dcs.Release-Selenium-Tests build.number=295 target.release=16.2.3.0.0 timeout.build.buildqueue=1200 timeout.build.buildqueue.polling=60 -s BASE --tag base"/>
        <property name="sun.cpu.isalist" value=""/>
        <property name="test.selenium.browser.size.h" value="960"/>
        <property name="test.user.non-admin.name" value="tom.testsuite"/>
        <property name="test.https.proxyHost" value="www-proxy.us.oracle.com"/>
        <property name="test.user.admin.name" value="tina.testsuite"/>
        <property name="test.user.em-agent.password" value="Welcome1!"/>
        <property name="test.tag" value="base"/>
        <property name="test.user.em-agent.fullname" value="Alex Admin"/>
        <property name="test.selenium.port" value="44000"/>
        <property name="test.build.number" value="295"/>
        <property name="test.user.sdi-agent.enabled" value="true"/>
        <property name="test.timeout.assert.condition" value="30"/>
        <property name="test.target.version" value="{
  &quot;buildInformation&quot; : {
    &quot;gitCommitId&quot; : &quot;6415b9c07a83d336f513936eb79c4a925510b07b&quot;,
    &quot;gitCommitMessage&quot; : &quot;Merge branch &apos;Fix18963&apos; into &apos;patchset_16_2_3&apos;&quot;,
    &quot;buildTime&quot; : &quot;12.04.2016 @ 21:58:42 PDT&quot;,
    &quot;buildUser&quot; : &quot;Code2Cloud Builder&quot;
  }
}"/>
        <property name="test.build.job" value="dcs_dcs.Release-Selenium-Tests"/>
        <property name="test.timeout.project.create" value="660"/>
        <property name="test.user.sdi-agent.name" value="alex.admin"/>
        <property name="test.selenium.browser" value="firefox"/>
        <property name="test.http.proxyPort" value="80"/>
        <property name="test.user.sdi-agent.password" value="Welcome1!"/>
        <property name="test.user.sdi-agent.fullname" value="Alex Admin"/>
        <property name="test.timeout.selenium.navigate" value="20"/>
        <property name="test.target.release" value="16.2.3.0.0"/>
        <property name="test.byom.ip" value="127.0.0.1"/>
        <property name="test.byom.port" value="8585"/>
        <property name="test.notification.type" value="swing"/>
        <property name="test.data.project.override" value=""/>
        <property name="test.timeout.selenium.find" value="1"/>
        <property name="test.user.em-agent.enabled" value="true"/>
        <property name="test.testEmptyOrg.db.id" value=""/>
        <property name="test.reviews.timeout.slowdown" value="0"/>
        <property name="test.http.noProxyHosts" value="localhost|127.0.0.1|*.local|*.oraclecorp.com|*.us.oracle.com"/>
        <property name="test.capture.video" value="true"/>
        <property name="test.user.non-admin.password" value="Welcome1!"/>
        <property name="test.user.non-admin.fullname" value="Tom Testsuite"/>
        <property name="test.user.admin.password" value="Welcome1!"/>
        <property name="test.notification.history" value="3"/>
        <property name="test.user.admin.fullname" value="Tina Testsuite"/>
        <property name="test.capture.screenshots" value="true"/>
        <property name="test.testEmptyOrg.db.connectString" value="jdbc:oracle:thin:@(DESCRIPTION=(ADDRESS=(PROTOCOL=TCP)(HOST=slc09iwb.us.oracle.com)(PORT=1521))(CONNECT_DATA=(SERVICE_NAME=dbpod)))"/>
        <property name="test.firefox.bin" value=""/>
        <property name="test.https.proxyPort" value="80"/>
        <property name="test.develop.offline" value="false"/>
        <property name="test.timeout.build.buildqueue.polling" value="60"/>
        <property name="test.output.dir" value="target/test-reports/"/>
        <property name="test.firefox.allowedHosts" value="localhost,localhost.localdomain"/>
        <property name="test.testEmptyOrg.db.schema" value="BV2RLPNYEWMR"/>
        <property name="test.web.url" value="http://ucf2c-dcs-release-hub1.opcdeveloper.oracleinternalucf2c.oraclecorp.com/qa-dev/"/>
        <property name="test.firefox.extensions" value=""/>
        <property name="test.testEmptyOrg.orgExistsCheck" value="false"/>
        <property name="test.data.dir" value="data/"/>
        <property name="test.notification.font.size" value="15"/>
        <property name="test.testEmptyOrg.service" value="devservice5"/>
        <property name="test.selenium.start.server" value="false"/>
        <property name="test.firefox.profile.path" value=""/>
        <property name="test.selenium.host" value="localhost"/>
        <property name="test.suite" value="BASE"/>
        <property name="test.tests" value=""/>
        <property name="test.user.admin.idm" value="dcsdevteam"/>
        <property name="test.http.proxyHost" value="www-proxy.us.oracle.com"/>
        <property name="test.testMethods" value=""/>
        <property name="test.reviews.dontDeleteEnviroment" value="false"/>
        <property name="test.selenium.browser.maximize" value="false"/>
        <property name="test.firefox.profile.name" value=""/>
        <property name="test.timeout.build.buildqueue" value="1200"/>
        <property name="test.user.em-agent.idm" value="dcsdevteam"/>
        <property name="test.selenium.remote" value="false"/>
        <property name="test.user.sdi-agent.idm" value="dcsdevteam"/>
        <property name="test.byom.authToken" value="123456"/>
        <property name="test.proxy.autodetect" value="false"/>
        <property name="test.testEmptyOrg.idm" value="dcsdevteam"/>
        <property name="test.user.non-admin.idm" value="dcsdevteam"/>
        <property name="test.data.tasks.useexisting" value="false"/>
        <property name="test.selenium.browser.size.w" value="1280"/>
        <property name="test.category" value="DEFAULT"/>
        <property name="test.user.em-agent.name" value="alex.admin"/>
        <property name="test.timeout.slowdown" value="0"/>
      </properties>
    <system-out>
2016-04-12 23:04:19,528 INFO  [oracle.clouddev.test.selenium.tests.base.TestRestrictedMergeRequest]  This test checks if MR can be merged by Project Owner.
2016-04-12 23:04:19,528 INFO  [oracle.clouddev.test.selenium.tests.base.TestRestrictedMergeRequest] Create a new MR, reviewing branch name: testRestrictedBranchReviewMergeAdmin created by user: tom.testsuite
2016-04-12 23:04:19,528 INFO  [oracle.clouddev.test.selenium.util.RestRepositoryBuilder] Create a new review 
2016-04-12 23:04:19,529 INFO  [oracle.clouddev.test.framework.rest.RestClient] [request#160] POST http://ucf2c-dcs-release-hub1.opcdeveloper.oracleinternalucf2c.oraclecorp.com/qa-dev/s/qa-dev_test-shared-project1-1460525673052/reviews/review HTTP/1.1 (user: NON_ADMIN(dcsdevteam/tom.testsuite/Welcome1!))
2016-04-12 23:04:19,529 DEBUG [oracle.clouddev.test.framework.rest.RestClient] [request#160] posted content:
{
  &quot;taskType&quot; : &quot;Review&quot;,
  &quot;priority&quot; : {
    &quot;value&quot; : &quot;Normal&quot;,
    &quot;sortkey&quot; : 300,
    &quot;id&quot; : 3
  },
  &quot;component&quot; : {
    &quot;description&quot; : &quot;default component&quot;,
    &quot;name&quot; : &quot;Default&quot;,
    &quot;product&quot; : {
      &quot;id&quot; : 1
    },
    &quot;id&quot; : 1
  },
  &quot;severity&quot; : {
    &quot;value&quot; : &quot;normal&quot;,
    &quot;sortkey&quot; : 400,
    &quot;id&quot; : 4
  },
  &quot;product&quot; : {
    &quot;description&quot; : &quot;default product&quot;,
    &quot;name&quot; : &quot;Default&quot;,
    &quot;milestones&quot; : [ {
      &quot;product&quot; : {
        &quot;id&quot; : 1
      },
      &quot;value&quot; : &quot;---&quot;,
      &quot;sortkey&quot; : 0,
      &quot;id&quot; : 1
    }, {
      &quot;product&quot; : {
        &quot;id&quot; : 1
      },
      &quot;value&quot; : &quot;0.0.1&quot;,
      &quot;sortkey&quot; : 10,
      &quot;id&quot; : 2
    } ],
    &quot;components&quot; : [ {
      &quot;description&quot; : &quot;default component&quot;,
      &quot;name&quot; : &quot;Default&quot;,
      &quot;product&quot; : {
        &quot;id&quot; : 1
      },
      &quot;id&quot; : 1
    } ],
    &quot;defaultMilestone&quot; : {
      &quot;product&quot; : {
        &quot;id&quot; : 1
      },
      &quot;value&quot; : &quot;---&quot;,
      &quot;sortkey&quot; : 0,
      &quot;id&quot; : 1
    },
    &quot;defaultComponent&quot; : {
      &quot;description&quot; : &quot;default component&quot;,
      &quot;name&quot; : &quot;Default&quot;,
      &quot;product&quot; : {
        &quot;id&quot; : 1
      },
      &quot;id&quot; : 1
    },
    &quot;releaseTags&quot; : [ ],
    &quot;isActive&quot; : true,
    &quot;id&quot; : 1
  },
  &quot;status&quot; : {
    &quot;open&quot; : true,
    &quot;active&quot; : true,
    &quot;value&quot; : &quot;New&quot;,
    &quot;sortkey&quot; : 800,
    &quot;id&quot; : 8
  },
  &quot;milestone&quot; : {
    &quot;product&quot; : {
      &quot;id&quot; : 1
    },
    &quot;value&quot; : &quot;---&quot;,
    &quot;sortkey&quot; : 0,
    &quot;id&quot; : 1
  },
  &quot;shortDescription&quot; : &quot;This is short DescritpionTue Apr 12 23:04:19 PDT 2016&quot;,
  &quot;description&quot; : &quot;This is descriptionTue Apr 12 23:04:19 PDT 2016&quot;,
  &quot;keywords&quot; : [ ],
  &quot;iteration&quot; : {
    &quot;value&quot; : &quot;---&quot;
  },
  &quot;reviewRepositoryName&quot; : &quot;repo-review1-1460527424777.git&quot;,
  &quot;reviewBranch&quot; : &quot;testRestrictedBranchReviewMergeAdmin&quot;,
  &quot;targetBranch&quot; : &quot;master&quot;,
  &quot;assignee&quot; : {
    &quot;loginName&quot; : &quot;tom.testsuite&quot;
  },
  &quot;currentReviewerStatus&quot; : [ {
    &quot;status&quot; : &quot;None&quot;,
    &quot;reviewer&quot; : {
      &quot;loginName&quot; : &quot;tina.testsuite&quot;,
      &quot;realname&quot; : &quot;Tina Testsuite&quot;
    }
  }, {
    &quot;status&quot; : &quot;None&quot;,
    &quot;reviewer&quot; : {
      &quot;loginName&quot; : &quot;tom.testsuite&quot;,
      &quot;realname&quot; : &quot;Tom Testsuite&quot;
    }
  } ]
}
2016-04-12 23:04:19,530 DEBUG [oracle.clouddev.test.framework.rest.RestClient] [request#160] cURL: curl -k -u tom.testsuite:Welcome1! -X POST &apos;http://ucf2c-dcs-release-hub1.opcdeveloper.oracleinternalucf2c.oraclecorp.com/qa-dev/s/qa-dev_test-shared-project1-1460525673052/reviews/review&apos; -H &apos;Content-Type: application/json; charset=UTF-8&apos; --data-binary &apos;{  &quot;taskType&quot; : &quot;Review&quot;,  &quot;priority&quot; : {    &quot;value&quot; : &quot;Normal&quot;,    &quot;sortkey&quot; : 300,    &quot;id&quot; : 3  },  &quot;component&quot; : {    &quot;description&quot; : &quot;default component&quot;,    &quot;name&quot; : &quot;Default&quot;,    &quot;product&quot; : {      &quot;id&quot; : 1    },    &quot;id&quot; : 1  },  &quot;severity&quot; : {    &quot;value&quot; : &quot;normal&quot;,    &quot;sortkey&quot; : 400,    &quot;id&quot; : 4  },  &quot;product&quot; : {    &quot;description&quot; : &quot;default product&quot;,    &quot;name&quot; : &quot;Default&quot;,    &quot;milestones&quot; : [ {      &quot;product&quot; : {        &quot;id&quot; : 1      },      &quot;value&quot; : &quot;---&quot;,      &quot;sortkey&quot; : 0,      &quot;id&quot; : 1    }, {      &quot;product&quot; : {        &quot;id&quot; : 1      },      &quot;value&quot; : &quot;0.0.1&quot;,      &quot;sortkey&quot; : 10,      &quot;id&quot; : 2    } ],    &quot;components&quot; : [ {      &quot;description&quot; : &quot;default component&quot;,      &quot;name&quot; : &quot;Default&quot;,      &quot;product&quot; : {        &quot;id&quot; : 1      },      &quot;id&quot; : 1    } ],    &quot;defaultMilestone&quot; : {      &quot;product&quot; : {        &quot;id&quot; : 1      },      &quot;value&quot; : &quot;---&quot;,      &quot;sortkey&quot; : 0,      &quot;id&quot; : 1    },    &quot;defaultComponent&quot; : {      &quot;description&quot; : &quot;default component&quot;,      &quot;name&quot; : &quot;Default&quot;,      &quot;product&quot; : {        &quot;id&quot; : 1      },      &quot;id&quot; : 1    },    &quot;releaseTags&quot; : [ ],    &quot;isActive&quot; : true,    &quot;id&quot; : 1  },  &quot;status&quot; : {    &quot;open&quot; : true,    &quot;active&quot; : true,    &quot;value&quot; : &quot;New&quot;,    &quot;sortkey&quot; : 800,    &quot;id&quot; : 8  },  &quot;milestone&quot; : {    &quot;product&quot; : {      &quot;id&quot; : 1    },    &quot;value&quot; : &quot;---&quot;,    &quot;sortkey&quot; : 0,    &quot;id&quot; : 1  },  &quot;shortDescription&quot; : &quot;This is short DescritpionTue Apr 12 23:04:19 PDT 2016&quot;,  &quot;description&quot; : &quot;This is descriptionTue Apr 12 23:04:19 PDT 2016&quot;,  &quot;keywords&quot; : [ ],  &quot;iteration&quot; : {    &quot;value&quot; : &quot;---&quot;  },  &quot;reviewRepositoryName&quot; : &quot;repo-review1-1460527424777.git&quot;,  &quot;reviewBranch&quot; : &quot;testRestrictedBranchReviewMergeAdmin&quot;,  &quot;targetBranch&quot; : &quot;master&quot;,  &quot;assignee&quot; : {    &quot;loginName&quot; : &quot;tom.testsuite&quot;  },  &quot;currentReviewerStatus&quot; : [ {    &quot;status&quot; : &quot;None&quot;,    &quot;reviewer&quot; : {      &quot;loginName&quot; : &quot;tina.testsuite&quot;,      &quot;realname&quot; : &quot;Tina Testsuite&quot;    }  }, {    &quot;status&quot; : &quot;None&quot;,    &quot;reviewer&quot; : {      &quot;loginName&quot; : &quot;tom.testsuite&quot;,      &quot;realname&quot; : &quot;Tom Testsuite&quot;    }  } ]}&apos;
2016-04-12 23:04:19,962 INFO  [oracle.clouddev.test.framework.rest.RestClient] [request#160] HTTP/1.1 200 OK
2016-04-12 23:04:19,962 DEBUG [oracle.clouddev.test.framework.rest.RestClient] [request#160] Content-Type: application/json;charset=UTF-8
2016-04-12 23:04:19,962 DEBUG [oracle.clouddev.test.framework.rest.RestClient] [request#160] Content-Length: 3662
2016-04-12 23:04:19,963 DEBUG [oracle.clouddev.test.framework.rest.ResponseProcessors$ResponseParserAdapter] [request#160] Received data:{
  &quot;reviewTask&quot; : {
    &quot;id&quot; : 6,
    &quot;version&quot; : &quot;1460527459739&quot;,
    &quot;creationDate&quot; : 1460527459589,
    &quot;modificationDate&quot; : 1460527459739,
    &quot;shortDescription&quot; : &quot;This is short DescritpionTue Apr 12 23:04:19 PDT 2016&quot;,
    &quot;description&quot; : &quot;This is descriptionTue Apr 12 23:04:19 PDT 2016&quot;,
    &quot;wikiRenderedDescription&quot; : &quot;&lt;p&gt;This is descriptionTue Apr 12 23:04:19 PDT 2016&lt;/p&gt;&quot;,
    &quot;keywords&quot; : [ ],
    &quot;sumOfSubtasksEstimatedTime&quot; : 0,
    &quot;remainingTime&quot; : 0,
    &quot;url&quot; : &quot;http://ucf2c-dcs-release-hub1.opcdeveloper.oracleinternalucf2c.oraclecorp.com/qa-dev/#projects/qa-dev_test-shared-project1-1460525673052/review/6&quot;,
    &quot;taskType&quot; : &quot;Review&quot;,
    &quot;iteration&quot; : {
      &quot;value&quot; : &quot;---&quot;
    },
    &quot;externalTaskRelations&quot; : [ ],
    &quot;reporter&quot; : {
      &quot;id&quot; : 3,
      &quot;loginName&quot; : &quot;tom.testsuite&quot;,
      &quot;realname&quot; : &quot;Tom Testsuite&quot;,
      &quot;gravatarHash&quot; : &quot;dbe902aace049058a1f62424db295346&quot;
    },
    &quot;assignee&quot; : {
      &quot;id&quot; : 3,
      &quot;loginName&quot; : &quot;tom.testsuite&quot;,
      &quot;realname&quot; : &quot;Tom Testsuite&quot;,
      &quot;gravatarHash&quot; : &quot;dbe902aace049058a1f62424db295346&quot;
    },
    &quot;watchers&quot; : [ {
      &quot;id&quot; : 3,
      &quot;loginName&quot; : &quot;tom.testsuite&quot;,
      &quot;realname&quot; : &quot;Tom Testsuite&quot;,
      &quot;gravatarHash&quot; : &quot;dbe902aace049058a1f62424db295346&quot;
    } ],
    &quot;severity&quot; : {
      &quot;id&quot; : 4,
      &quot;value&quot; : &quot;normal&quot;,
      &quot;sortkey&quot; : 400
    },
    &quot;status&quot; : {
      &quot;id&quot; : 8,
      &quot;value&quot; : &quot;New&quot;,
      &quot;sortkey&quot; : 800,
      &quot;active&quot; : true,
      &quot;open&quot; : true
    },
    &quot;priority&quot; : {
      &quot;id&quot; : 3,
      &quot;value&quot; : &quot;Normal&quot;,
      &quot;sortkey&quot; : 300
    },
    &quot;milestone&quot; : {
      &quot;id&quot; : 1,
      &quot;value&quot; : &quot;---&quot;,
      &quot;sortkey&quot; : 0,
      &quot;product&quot; : {
        &quot;id&quot; : 1
      }
    },
    &quot;product&quot; : {
      &quot;id&quot; : 1,
      &quot;name&quot; : &quot;Default&quot;,
      &quot;description&quot; : &quot;default product&quot;,
      &quot;isActive&quot; : true
    },
    &quot;component&quot; : {
      &quot;id&quot; : 1,
      &quot;name&quot; : &quot;Default&quot;,
      &quot;description&quot; : &quot;default component&quot;
    },
    &quot;blocksTasks&quot; : [ ],
    &quot;subTasks&quot; : [ ],
    &quot;workLogs&quot; : [ ],
    &quot;sumOfSubtasksTimeSpent&quot; : 0,
    &quot;attachments&quot; : [ ],
    &quot;duplicates&quot; : [ ],
    &quot;customFields&quot; : {
    },
    &quot;commits&quot; : [ ],
    &quot;comments&quot; : [ {
      &quot;id&quot; : 29,
      &quot;creationDate&quot; : 1460527459745,
      &quot;modificationTime&quot; : 1460527459745,
      &quot;commentText&quot; : &quot;Merge Request created for testRestrictedBranchReviewMergeAdmin by Tom Testsuite (tom.testsuite).\nReviewers: Tina Testsuite, Tom Testsuite&quot;,
      &quot;author&quot; : {
        &quot;id&quot; : 3,
        &quot;loginName&quot; : &quot;tom.testsuite&quot;,
        &quot;realname&quot; : &quot;Tom Testsuite&quot;,
        &quot;gravatarHash&quot; : &quot;dbe902aace049058a1f62424db295346&quot;
      },
      &quot;commentType&quot; : &quot;UNKNOWN&quot;,
      &quot;wikiRenderedText&quot; : &quot;&lt;p&gt;Merge Request created for testRestrictedBranchReviewMergeAdmin by Tom Testsuite (tom.testsuite).&lt;br/&gt;Reviewers: Tina Testsuite, Tom Testsuite&lt;/p&gt;&quot;,
      &quot;reviewCommentType&quot; : &quot;REVIEW_NOTIFICATION&quot;,
      &quot;isprivate&quot; : false,
      &quot;commitStatus&quot; : &quot;NA&quot;,
      &quot;systemNotification&quot; : true
    } ],
    &quot;reviewRepositoryName&quot; : &quot;repo-review1-1460527424777.git&quot;,
    &quot;reviewBranch&quot; : &quot;testRestrictedBranchReviewMergeAdmin&quot;,
    &quot;targetBranch&quot; : &quot;master&quot;,
    &quot;reviewComments&quot; : [ {
      &quot;id&quot; : 29,
      &quot;creationDate&quot; : 1460527459745,
      &quot;commentText&quot; : &quot;Merge Request created for testRestrictedBranchReviewMergeAdmin by Tom Testsuite (tom.testsuite).\nReviewers: Tina Testsuite, Tom Testsuite&quot;,
      &quot;author&quot; : {
        &quot;id&quot; : 3,
        &quot;loginName&quot; : &quot;tom.testsuite&quot;,
        &quot;realname&quot; : &quot;Tom Testsuite&quot;,
        &quot;gravatarHash&quot; : &quot;dbe902aace049058a1f62424db295346&quot;
      },
      &quot;commentType&quot; : &quot;UNKNOWN&quot;,
      &quot;wikiRenderedText&quot; : &quot;&lt;p&gt;Merge Request created for testRestrictedBranchReviewMergeAdmin by Tom Testsuite (tom.testsuite).&lt;br/&gt;Reviewers: Tina Testsuite, Tom Testsuite&lt;/p&gt;&quot;,
      &quot;reviewCommentType&quot; : &quot;REVIEW_NOTIFICATION&quot;,
      &quot;isprivate&quot; : false,
      &quot;commitStatus&quot; : &quot;NA&quot;,
      &quot;systemNotification&quot; : true
    } ],
    &quot;lineComments&quot; : [ ],
    &quot;currentReviewerStatus&quot; : [ {
      &quot;id&quot; : 11,
      &quot;reviewId&quot; : 6,
      &quot;reviewer&quot; : {
        &quot;id&quot; : 1,
        &quot;loginName&quot; : &quot;tina.testsuite&quot;,
        &quot;realname&quot; : &quot;Tina Testsuite&quot;,
        &quot;gravatarHash&quot; : &quot;90329b1e0d4bd06a80427ac70fbcdd55&quot;
      },
      &quot;status&quot; : &quot;None&quot;,
      &quot;reviewerCurrentUser&quot; : false
    }, {
      &quot;id&quot; : 12,
      &quot;reviewId&quot; : 6,
      &quot;reviewer&quot; : {
        &quot;id&quot; : 3,
        &quot;loginName&quot; : &quot;tom.testsuite&quot;,
        &quot;realname&quot; : &quot;Tom Testsuite&quot;,
        &quot;gravatarHash&quot; : &quot;dbe902aace049058a1f62424db295346&quot;
      },
      &quot;status&quot; : &quot;None&quot;,
      &quot;reviewerCurrentUser&quot; : false
    } ],
    &quot;reviewers&quot; : [ {
      &quot;id&quot; : 1,
      &quot;loginName&quot; : &quot;tina.testsuite&quot;,
      &quot;realname&quot; : &quot;Tina Testsuite&quot;,
      &quot;gravatarHash&quot; : &quot;90329b1e0d4bd06a80427ac70fbcdd55&quot;
    }, {
      &quot;id&quot; : 3,
      &quot;loginName&quot; : &quot;tom.testsuite&quot;,
      &quot;realname&quot; : &quot;Tom Testsuite&quot;,
      &quot;gravatarHash&quot; : &quot;dbe902aace049058a1f62424db295346&quot;
    } ],
    &quot;reviewStatus&quot; : &quot;NEW&quot;
  }
}
2016-04-12 23:04:25,328 INFO  [oracle.clouddev.test.selenium.tests.base.TestRestrictedMergeRequest] Try to merge branch &apos;testRestrictedBranchReviewMergeAdmin&apos; into target branch: &apos;master&apos; It should be possible.
2016-04-12 23:04:25,417 INFO  [oracle.clouddev.test.framework.rest.RestClient] [request#161] POST http://ucf2c-dcs-release-hub1.opcdeveloper.oracleinternalucf2c.oraclecorp.com/qa-dev/s/qa-dev_test-shared-project1-1460525673052/reviews/review/6/merge HTTP/1.1 (user: ADMIN(dcsdevteam/tina.testsuite/Welcome1!))
2016-04-12 23:04:25,417 DEBUG [oracle.clouddev.test.framework.rest.RestClient] [request#161] posted content:
{
  &quot;squash&quot; : &quot;false&quot;,
  &quot;commitMessage&quot; : &quot;Merge branch &apos;testRestrictedBranchReviewMergeAdmin&apos; into &apos;master&apos;&quot;,
  &quot;email&quot; : &quot;tina.testsuite@gmail.com&quot;
}
2016-04-12 23:04:25,417 DEBUG [oracle.clouddev.test.framework.rest.RestClient] [request#161] cURL: curl -k -u tina.testsuite:Welcome1! -X POST &apos;http://ucf2c-dcs-release-hub1.opcdeveloper.oracleinternalucf2c.oraclecorp.com/qa-dev/s/qa-dev_test-shared-project1-1460525673052/reviews/review/6/merge&apos; -H &apos;Content-Type: application/json; charset=UTF-8&apos; --data-binary &apos;{  &quot;squash&quot; : &quot;false&quot;,  &quot;commitMessage&quot; : &quot;Merge branch &apos;testRestrictedBranchReviewMergeAdmin&apos; into &apos;master&apos;&quot;,  &quot;email&quot; : &quot;tina.testsuite@gmail.com&quot;}&apos;
2016-04-12 23:04:25,731 INFO  [oracle.clouddev.test.framework.rest.RestClient] [request#161] HTTP/1.1 200 OK
2016-04-12 23:04:25,731 DEBUG [oracle.clouddev.test.framework.rest.RestClient] [request#161] Content-Type: application/json;charset=UTF-8
2016-04-12 23:04:25,731 DEBUG [oracle.clouddev.test.framework.rest.RestClient] [request#161] Content-Length: 59
2016-04-12 23:04:25,731 DEBUG [oracle.clouddev.test.framework.rest.ResponseProcessors$ResponseParserAdapter] [request#161] Received data:{
  &quot;result&quot; : {
    &quot;status&quot; : &quot;ALREADY_UP_TO_DATE&quot;,
    &quot;conflicts&quot; : null
  }
}
    </system-out>
    </testcase>
    <testcase classname="oracle.clouddev.test.selenium.tests.base.TestRestrictedMergeRequest" name="_class_destroy_" time="0.000">
      <properties>
        <property name="java.runtime.name" value="Java(TM) SE Runtime Environment"/>
        <property name="exec.mainClass" value="oracle.clouddev.test.selenium.RunTests"/>
        <property name="sun.boot.library.path" value="/usr/java/jdk1.8.0_74/jre/lib/amd64"/>
        <property name="java.vm.version" value="25.74-b02"/>
        <property name="java.vm.vendor" value="Oracle Corporation"/>
        <property name="java.vendor.url" value="http://java.oracle.com/"/>
        <property name="guice.disable.misplaced.annotation.check" value="true"/>
        <property name="path.separator" value=":"/>
        <property name="java.vm.name" value="Java HotSpot(TM) 64-Bit Server VM"/>
        <property name="file.encoding.pkg" value="sun.io"/>
        <property name="user.country" value="US"/>
        <property name="sun.java.launcher" value="SUN_STANDARD"/>
        <property name="sun.os.patch.level" value="unknown"/>
        <property name="http.noProxyHosts" value="localhost|127.0.0.1|*.local|*.oraclecorp.com|*.us.oracle.com"/>
        <property name="java.vm.specification.name" value="Java Virtual Machine Specification"/>
        <property name="user.dir" value="/home/builder/hudson/workspace/dcs_dcs.Release-Selenium-Tests/selenium-tests"/>
        <property name="java.runtime.version" value="1.8.0_74-b02"/>
        <property name="java.awt.graphicsenv" value="sun.awt.X11GraphicsEnvironment"/>
        <property name="java.endorsed.dirs" value="/usr/java/jdk1.8.0_74/jre/lib/endorsed"/>
        <property name="os.arch" value="amd64"/>
        <property name="java.io.tmpdir" value="/tmp"/>
        <property name="line.separator" value="
"/>
        <property name="java.vm.specification.vendor" value="Oracle Corporation"/>
        <property name="https.proxyHost" value="www-proxy.us.oracle.com"/>
        <property name="os.name" value="Linux"/>
        <property name="classworlds.conf" value="/usr/local/apache-maven/apache-maven-3.0.4/bin/m2.conf"/>
        <property name="sun.jnu.encoding" value="UTF-8"/>
        <property name="http.proxyPort" value="80"/>
        <property name="java.library.path" value="/usr/java/packages/lib/amd64:/usr/lib64:/lib64:/lib:/usr/lib"/>
        <property name="sun.awt.enableExtraMouseButtons" value="true"/>
        <property name="java.specification.name" value="Java Platform API Specification"/>
        <property name="java.class.version" value="52.0"/>
        <property name="sun.management.compiler" value="HotSpot 64-Bit Tiered Compilers"/>
        <property name="os.version" value="3.8.13-55.1.1.el6uek.x86_64"/>
        <property name="user.home" value="/home/builder"/>
        <property name="user.timezone" value="PST8PDT"/>
        <property name="java.awt.printerjob" value="sun.print.PSPrinterJob"/>
        <property name="file.encoding" value="UTF-8"/>
        <property name="java.specification.version" value="1.8"/>
        <property name="java.class.path" value="/usr/local/apache-maven/apache-maven-3.0.4/boot/plexus-classworlds-2.4.jar"/>
        <property name="user.name" value="builder"/>
        <property name="java.vm.specification.version" value="1.8"/>
        <property name="sun.java.command" value="org.codehaus.plexus.classworlds.launcher.Launcher -f /home/c2c/hudson/workspace/dcs_dcs.Release-Selenium-Tests/selenium-tests/pom.xml --batch-mode exec:java -Dexec.mainClass=oracle.clouddev.test.selenium.RunTests -Dexec.args=selenium.browser.size.w=1280 selenium.browser.size.h=960 capture.video=true capture.screenshots=true notification.type=swing notification.history=3 notification.font.size=15 job-release-selenium-tests.properties build.job=dcs_dcs.Release-Selenium-Tests build.number=295 target.release=16.2.3.0.0 timeout.build.buildqueue=1200 timeout.build.buildqueue.polling=60 -s BASE --tag base"/>
        <property name="java.home" value="/usr/java/jdk1.8.0_74/jre"/>
        <property name="sun.arch.data.model" value="64"/>
        <property name="user.language" value="en"/>
        <property name="java.specification.vendor" value="Oracle Corporation"/>
        <property name="awt.toolkit" value="sun.awt.X11.XToolkit"/>
        <property name="java.vm.info" value="mixed mode"/>
        <property name="java.version" value="1.8.0_74"/>
        <property name="securerandom.source" value="file:/dev/./urandom"/>
        <property name="java.ext.dirs" value="/usr/java/jdk1.8.0_74/jre/lib/ext:/usr/java/packages/lib/ext"/>
        <property name="http.proxyHost" value="www-proxy.us.oracle.com"/>
        <property name="sun.boot.class.path" value="/usr/java/jdk1.8.0_74/jre/lib/resources.jar:/usr/java/jdk1.8.0_74/jre/lib/rt.jar:/usr/java/jdk1.8.0_74/jre/lib/sunrsasign.jar:/usr/java/jdk1.8.0_74/jre/lib/jsse.jar:/usr/java/jdk1.8.0_74/jre/lib/jce.jar:/usr/java/jdk1.8.0_74/jre/lib/charsets.jar:/usr/java/jdk1.8.0_74/jre/lib/jfr.jar:/usr/java/jdk1.8.0_74/jre/classes"/>
        <property name="java.vendor" value="Oracle Corporation"/>
        <property name="maven.home" value="/usr/local/apache-maven/apache-maven-3.0.4"/>
        <property name="file.separator" value="/"/>
        <property name="java.vendor.url.bug" value="http://bugreport.sun.com/bugreport/"/>
        <property name="sun.font.fontmanager" value="sun.awt.X11FontManager"/>
        <property name="sun.io.unicode.encoding" value="UnicodeLittle"/>
        <property name="sun.cpu.endian" value="little"/>
        <property name="https.proxyPort" value="80"/>
        <property name="exec.args" value="selenium.browser.size.w=1280 selenium.browser.size.h=960 capture.video=true capture.screenshots=true notification.type=swing notification.history=3 notification.font.size=15 job-release-selenium-tests.properties build.job=dcs_dcs.Release-Selenium-Tests build.number=295 target.release=16.2.3.0.0 timeout.build.buildqueue=1200 timeout.build.buildqueue.polling=60 -s BASE --tag base"/>
        <property name="sun.cpu.isalist" value=""/>
        <property name="test.selenium.browser.size.h" value="960"/>
        <property name="test.user.non-admin.name" value="tom.testsuite"/>
        <property name="test.https.proxyHost" value="www-proxy.us.oracle.com"/>
        <property name="test.user.admin.name" value="tina.testsuite"/>
        <property name="test.user.em-agent.password" value="Welcome1!"/>
        <property name="test.tag" value="base"/>
        <property name="test.user.em-agent.fullname" value="Alex Admin"/>
        <property name="test.selenium.port" value="44000"/>
        <property name="test.build.number" value="295"/>
        <property name="test.user.sdi-agent.enabled" value="true"/>
        <property name="test.timeout.assert.condition" value="30"/>
        <property name="test.target.version" value="{
  &quot;buildInformation&quot; : {
    &quot;gitCommitId&quot; : &quot;6415b9c07a83d336f513936eb79c4a925510b07b&quot;,
    &quot;gitCommitMessage&quot; : &quot;Merge branch &apos;Fix18963&apos; into &apos;patchset_16_2_3&apos;&quot;,
    &quot;buildTime&quot; : &quot;12.04.2016 @ 21:58:42 PDT&quot;,
    &quot;buildUser&quot; : &quot;Code2Cloud Builder&quot;
  }
}"/>
        <property name="test.build.job" value="dcs_dcs.Release-Selenium-Tests"/>
        <property name="test.timeout.project.create" value="660"/>
        <property name="test.user.sdi-agent.name" value="alex.admin"/>
        <property name="test.selenium.browser" value="firefox"/>
        <property name="test.http.proxyPort" value="80"/>
        <property name="test.user.sdi-agent.password" value="Welcome1!"/>
        <property name="test.user.sdi-agent.fullname" value="Alex Admin"/>
        <property name="test.timeout.selenium.navigate" value="20"/>
        <property name="test.target.release" value="16.2.3.0.0"/>
        <property name="test.byom.ip" value="127.0.0.1"/>
        <property name="test.byom.port" value="8585"/>
        <property name="test.notification.type" value="swing"/>
        <property name="test.data.project.override" value=""/>
        <property name="test.timeout.selenium.find" value="1"/>
        <property name="test.user.em-agent.enabled" value="true"/>
        <property name="test.testEmptyOrg.db.id" value=""/>
        <property name="test.reviews.timeout.slowdown" value="0"/>
        <property name="test.http.noProxyHosts" value="localhost|127.0.0.1|*.local|*.oraclecorp.com|*.us.oracle.com"/>
        <property name="test.capture.video" value="true"/>
        <property name="test.user.non-admin.password" value="Welcome1!"/>
        <property name="test.user.non-admin.fullname" value="Tom Testsuite"/>
        <property name="test.user.admin.password" value="Welcome1!"/>
        <property name="test.notification.history" value="3"/>
        <property name="test.user.admin.fullname" value="Tina Testsuite"/>
        <property name="test.capture.screenshots" value="true"/>
        <property name="test.testEmptyOrg.db.connectString" value="jdbc:oracle:thin:@(DESCRIPTION=(ADDRESS=(PROTOCOL=TCP)(HOST=slc09iwb.us.oracle.com)(PORT=1521))(CONNECT_DATA=(SERVICE_NAME=dbpod)))"/>
        <property name="test.firefox.bin" value=""/>
        <property name="test.https.proxyPort" value="80"/>
        <property name="test.develop.offline" value="false"/>
        <property name="test.timeout.build.buildqueue.polling" value="60"/>
        <property name="test.output.dir" value="target/test-reports/"/>
        <property name="test.firefox.allowedHosts" value="localhost,localhost.localdomain"/>
        <property name="test.testEmptyOrg.db.schema" value="BV2RLPNYEWMR"/>
        <property name="test.web.url" value="http://ucf2c-dcs-release-hub1.opcdeveloper.oracleinternalucf2c.oraclecorp.com/qa-dev/"/>
        <property name="test.firefox.extensions" value=""/>
        <property name="test.testEmptyOrg.orgExistsCheck" value="false"/>
        <property name="test.data.dir" value="data/"/>
        <property name="test.notification.font.size" value="15"/>
        <property name="test.testEmptyOrg.service" value="devservice5"/>
        <property name="test.selenium.start.server" value="false"/>
        <property name="test.firefox.profile.path" value=""/>
        <property name="test.selenium.host" value="localhost"/>
        <property name="test.suite" value="BASE"/>
        <property name="test.tests" value=""/>
        <property name="test.user.admin.idm" value="dcsdevteam"/>
        <property name="test.http.proxyHost" value="www-proxy.us.oracle.com"/>
        <property name="test.testMethods" value=""/>
        <property name="test.reviews.dontDeleteEnviroment" value="false"/>
        <property name="test.selenium.browser.maximize" value="false"/>
        <property name="test.firefox.profile.name" value=""/>
        <property name="test.timeout.build.buildqueue" value="1200"/>
        <property name="test.user.em-agent.idm" value="dcsdevteam"/>
        <property name="test.selenium.remote" value="false"/>
        <property name="test.user.sdi-agent.idm" value="dcsdevteam"/>
        <property name="test.byom.authToken" value="123456"/>
        <property name="test.proxy.autodetect" value="false"/>
        <property name="test.testEmptyOrg.idm" value="dcsdevteam"/>
        <property name="test.user.non-admin.idm" value="dcsdevteam"/>
        <property name="test.data.tasks.useexisting" value="false"/>
        <property name="test.selenium.browser.size.w" value="1280"/>
        <property name="test.category" value="DEFAULT"/>
        <property name="test.user.em-agent.name" value="alex.admin"/>
        <property name="test.timeout.slowdown" value="0"/>
      </properties>
    </testcase>
  </testsuite>
