<?xml version="1.0" encoding="UTF-8"?>
  <testsuite name="oracle.clouddev.test.selenium.tests.develop.jobimport.TestHudsonJobImportPage" errors="0" test="6" failures="0" skipped="0" timestamp="20160412T235132-0700" time="619.872">
    <testcase classname="oracle.clouddev.test.selenium.tests.develop.jobimport.TestHudsonJobImportPage" name="_class_init_" time="0.000">
      <properties>
        <property name="java.runtime.name" value="Java(TM) SE Runtime Environment"/>
        <property name="exec.mainClass" value="oracle.clouddev.test.selenium.RunTests"/>
        <property name="sun.boot.library.path" value="/usr/java/jdk1.8.0_74/jre/lib/amd64"/>
        <property name="java.vm.version" value="25.74-b02"/>
        <property name="java.vm.vendor" value="Oracle Corporation"/>
        <property name="java.vendor.url" value="http://java.oracle.com/"/>
        <property name="guice.disable.misplaced.annotation.check" value="true"/>
        <property name="path.separator" value=":"/>
        <property name="java.vm.name" value="Java HotSpot(TM) 64-Bit Server VM"/>
        <property name="file.encoding.pkg" value="sun.io"/>
        <property name="user.country" value="US"/>
        <property name="sun.java.launcher" value="SUN_STANDARD"/>
        <property name="sun.os.patch.level" value="unknown"/>
        <property name="http.noProxyHosts" value="localhost|127.0.0.1|*.local|*.oraclecorp.com|*.us.oracle.com"/>
        <property name="java.vm.specification.name" value="Java Virtual Machine Specification"/>
        <property name="user.dir" value="/home/builder/hudson/workspace/dcs_dcs.Release-Selenium-Tests/selenium-tests"/>
        <property name="java.runtime.version" value="1.8.0_74-b02"/>
        <property name="java.awt.graphicsenv" value="sun.awt.X11GraphicsEnvironment"/>
        <property name="java.endorsed.dirs" value="/usr/java/jdk1.8.0_74/jre/lib/endorsed"/>
        <property name="os.arch" value="amd64"/>
        <property name="java.io.tmpdir" value="/tmp"/>
        <property name="line.separator" value="
"/>
        <property name="java.vm.specification.vendor" value="Oracle Corporation"/>
        <property name="https.proxyHost" value="www-proxy.us.oracle.com"/>
        <property name="os.name" value="Linux"/>
        <property name="classworlds.conf" value="/usr/local/apache-maven/apache-maven-3.0.4/bin/m2.conf"/>
        <property name="sun.jnu.encoding" value="UTF-8"/>
        <property name="http.proxyPort" value="80"/>
        <property name="java.library.path" value="/usr/java/packages/lib/amd64:/usr/lib64:/lib64:/lib:/usr/lib"/>
        <property name="sun.awt.enableExtraMouseButtons" value="true"/>
        <property name="java.specification.name" value="Java Platform API Specification"/>
        <property name="java.class.version" value="52.0"/>
        <property name="sun.management.compiler" value="HotSpot 64-Bit Tiered Compilers"/>
        <property name="os.version" value="3.8.13-55.1.1.el6uek.x86_64"/>
        <property name="user.home" value="/home/builder"/>
        <property name="user.timezone" value="PST8PDT"/>
        <property name="java.awt.printerjob" value="sun.print.PSPrinterJob"/>
        <property name="file.encoding" value="UTF-8"/>
        <property name="java.specification.version" value="1.8"/>
        <property name="java.class.path" value="/usr/local/apache-maven/apache-maven-3.0.4/boot/plexus-classworlds-2.4.jar"/>
        <property name="user.name" value="builder"/>
        <property name="java.vm.specification.version" value="1.8"/>
        <property name="sun.java.command" value="org.codehaus.plexus.classworlds.launcher.Launcher -f /home/c2c/hudson/workspace/dcs_dcs.Release-Selenium-Tests/selenium-tests/pom.xml --batch-mode exec:java -Dexec.mainClass=oracle.clouddev.test.selenium.RunTests -Dexec.args=selenium.browser.size.w=1280 selenium.browser.size.h=960 capture.video=true capture.screenshots=true notification.type=swing notification.history=3 notification.font.size=15 job-release-selenium-tests.properties build.job=dcs_dcs.Release-Selenium-Tests build.number=295 target.release=16.2.3.0.0 timeout.build.buildqueue=1200 timeout.build.buildqueue.polling=60 -s BASE --tag base"/>
        <property name="java.home" value="/usr/java/jdk1.8.0_74/jre"/>
        <property name="sun.arch.data.model" value="64"/>
        <property name="user.language" value="en"/>
        <property name="java.specification.vendor" value="Oracle Corporation"/>
        <property name="awt.toolkit" value="sun.awt.X11.XToolkit"/>
        <property name="java.vm.info" value="mixed mode"/>
        <property name="java.version" value="1.8.0_74"/>
        <property name="securerandom.source" value="file:/dev/./urandom"/>
        <property name="java.ext.dirs" value="/usr/java/jdk1.8.0_74/jre/lib/ext:/usr/java/packages/lib/ext"/>
        <property name="http.proxyHost" value="www-proxy.us.oracle.com"/>
        <property name="sun.boot.class.path" value="/usr/java/jdk1.8.0_74/jre/lib/resources.jar:/usr/java/jdk1.8.0_74/jre/lib/rt.jar:/usr/java/jdk1.8.0_74/jre/lib/sunrsasign.jar:/usr/java/jdk1.8.0_74/jre/lib/jsse.jar:/usr/java/jdk1.8.0_74/jre/lib/jce.jar:/usr/java/jdk1.8.0_74/jre/lib/charsets.jar:/usr/java/jdk1.8.0_74/jre/lib/jfr.jar:/usr/java/jdk1.8.0_74/jre/classes"/>
        <property name="java.vendor" value="Oracle Corporation"/>
        <property name="maven.home" value="/usr/local/apache-maven/apache-maven-3.0.4"/>
        <property name="file.separator" value="/"/>
        <property name="java.vendor.url.bug" value="http://bugreport.sun.com/bugreport/"/>
        <property name="sun.font.fontmanager" value="sun.awt.X11FontManager"/>
        <property name="sun.io.unicode.encoding" value="UnicodeLittle"/>
        <property name="sun.cpu.endian" value="little"/>
        <property name="https.proxyPort" value="80"/>
        <property name="exec.args" value="selenium.browser.size.w=1280 selenium.browser.size.h=960 capture.video=true capture.screenshots=true notification.type=swing notification.history=3 notification.font.size=15 job-release-selenium-tests.properties build.job=dcs_dcs.Release-Selenium-Tests build.number=295 target.release=16.2.3.0.0 timeout.build.buildqueue=1200 timeout.build.buildqueue.polling=60 -s BASE --tag base"/>
        <property name="sun.cpu.isalist" value=""/>
        <property name="test.selenium.browser.size.h" value="960"/>
        <property name="test.user.non-admin.name" value="tom.testsuite"/>
        <property name="test.https.proxyHost" value="www-proxy.us.oracle.com"/>
        <property name="test.user.admin.name" value="tina.testsuite"/>
        <property name="test.user.em-agent.password" value="Welcome1!"/>
        <property name="test.tag" value="base"/>
        <property name="test.user.em-agent.fullname" value="Alex Admin"/>
        <property name="test.selenium.port" value="44000"/>
        <property name="test.build.number" value="295"/>
        <property name="test.user.sdi-agent.enabled" value="true"/>
        <property name="test.timeout.assert.condition" value="30"/>
        <property name="test.target.version" value="{
  &quot;buildInformation&quot; : {
    &quot;gitCommitId&quot; : &quot;6415b9c07a83d336f513936eb79c4a925510b07b&quot;,
    &quot;gitCommitMessage&quot; : &quot;Merge branch &apos;Fix18963&apos; into &apos;patchset_16_2_3&apos;&quot;,
    &quot;buildTime&quot; : &quot;12.04.2016 @ 21:58:42 PDT&quot;,
    &quot;buildUser&quot; : &quot;Code2Cloud Builder&quot;
  }
}"/>
        <property name="test.build.job" value="dcs_dcs.Release-Selenium-Tests"/>
        <property name="test.timeout.project.create" value="660"/>
        <property name="test.user.sdi-agent.name" value="alex.admin"/>
        <property name="test.selenium.browser" value="firefox"/>
        <property name="test.http.proxyPort" value="80"/>
        <property name="test.user.sdi-agent.password" value="Welcome1!"/>
        <property name="test.user.sdi-agent.fullname" value="Alex Admin"/>
        <property name="test.timeout.selenium.navigate" value="20"/>
        <property name="test.target.release" value="16.2.3.0.0"/>
        <property name="test.byom.ip" value="127.0.0.1"/>
        <property name="test.byom.port" value="8585"/>
        <property name="test.notification.type" value="swing"/>
        <property name="test.data.project.override" value=""/>
        <property name="test.timeout.selenium.find" value="1"/>
        <property name="test.user.em-agent.enabled" value="true"/>
        <property name="test.testEmptyOrg.db.id" value=""/>
        <property name="test.reviews.timeout.slowdown" value="0"/>
        <property name="test.http.noProxyHosts" value="localhost|127.0.0.1|*.local|*.oraclecorp.com|*.us.oracle.com"/>
        <property name="test.capture.video" value="true"/>
        <property name="test.user.non-admin.password" value="Welcome1!"/>
        <property name="test.user.non-admin.fullname" value="Tom Testsuite"/>
        <property name="test.user.admin.password" value="Welcome1!"/>
        <property name="test.notification.history" value="3"/>
        <property name="test.user.admin.fullname" value="Tina Testsuite"/>
        <property name="test.capture.screenshots" value="true"/>
        <property name="test.testEmptyOrg.db.connectString" value="jdbc:oracle:thin:@(DESCRIPTION=(ADDRESS=(PROTOCOL=TCP)(HOST=slc09iwb.us.oracle.com)(PORT=1521))(CONNECT_DATA=(SERVICE_NAME=dbpod)))"/>
        <property name="test.firefox.bin" value=""/>
        <property name="test.https.proxyPort" value="80"/>
        <property name="test.develop.offline" value="false"/>
        <property name="test.timeout.build.buildqueue.polling" value="60"/>
        <property name="test.output.dir" value="target/test-reports/"/>
        <property name="test.firefox.allowedHosts" value="localhost,localhost.localdomain"/>
        <property name="test.testEmptyOrg.db.schema" value="BV2RLPNYEWMR"/>
        <property name="test.web.url" value="http://ucf2c-dcs-release-hub1.opcdeveloper.oracleinternalucf2c.oraclecorp.com/qa-dev/"/>
        <property name="test.firefox.extensions" value=""/>
        <property name="test.testEmptyOrg.orgExistsCheck" value="false"/>
        <property name="test.data.dir" value="data/"/>
        <property name="test.notification.font.size" value="15"/>
        <property name="test.testEmptyOrg.service" value="devservice5"/>
        <property name="test.selenium.start.server" value="false"/>
        <property name="test.firefox.profile.path" value=""/>
        <property name="test.selenium.host" value="localhost"/>
        <property name="test.suite" value="BASE"/>
        <property name="test.tests" value=""/>
        <property name="test.user.admin.idm" value="dcsdevteam"/>
        <property name="test.http.proxyHost" value="www-proxy.us.oracle.com"/>
        <property name="test.testMethods" value=""/>
        <property name="test.reviews.dontDeleteEnviroment" value="false"/>
        <property name="test.selenium.browser.maximize" value="false"/>
        <property name="test.firefox.profile.name" value=""/>
        <property name="test.timeout.build.buildqueue" value="1200"/>
        <property name="test.user.em-agent.idm" value="dcsdevteam"/>
        <property name="test.selenium.remote" value="false"/>
        <property name="test.user.sdi-agent.idm" value="dcsdevteam"/>
        <property name="test.byom.authToken" value="123456"/>
        <property name="test.proxy.autodetect" value="false"/>
        <property name="test.testEmptyOrg.idm" value="dcsdevteam"/>
        <property name="test.user.non-admin.idm" value="dcsdevteam"/>
        <property name="test.data.tasks.useexisting" value="false"/>
        <property name="test.selenium.browser.size.w" value="1280"/>
        <property name="test.category" value="DEFAULT"/>
        <property name="test.user.em-agent.name" value="alex.admin"/>
        <property name="test.timeout.slowdown" value="0"/>
      </properties>
    </testcase>
    <testcase classname="oracle.clouddev.test.selenium.tests.develop.jobimport.TestHudsonJobImportPage" name="verifyImportJobsPageIsShown" time="34.581">
      <properties>
        <property name="java.runtime.name" value="Java(TM) SE Runtime Environment"/>
        <property name="exec.mainClass" value="oracle.clouddev.test.selenium.RunTests"/>
        <property name="sun.boot.library.path" value="/usr/java/jdk1.8.0_74/jre/lib/amd64"/>
        <property name="java.vm.version" value="25.74-b02"/>
        <property name="java.vm.vendor" value="Oracle Corporation"/>
        <property name="java.vendor.url" value="http://java.oracle.com/"/>
        <property name="guice.disable.misplaced.annotation.check" value="true"/>
        <property name="path.separator" value=":"/>
        <property name="java.vm.name" value="Java HotSpot(TM) 64-Bit Server VM"/>
        <property name="file.encoding.pkg" value="sun.io"/>
        <property name="user.country" value="US"/>
        <property name="sun.java.launcher" value="SUN_STANDARD"/>
        <property name="sun.os.patch.level" value="unknown"/>
        <property name="http.noProxyHosts" value="localhost|127.0.0.1|*.local|*.oraclecorp.com|*.us.oracle.com"/>
        <property name="java.vm.specification.name" value="Java Virtual Machine Specification"/>
        <property name="user.dir" value="/home/builder/hudson/workspace/dcs_dcs.Release-Selenium-Tests/selenium-tests"/>
        <property name="java.runtime.version" value="1.8.0_74-b02"/>
        <property name="java.awt.graphicsenv" value="sun.awt.X11GraphicsEnvironment"/>
        <property name="java.endorsed.dirs" value="/usr/java/jdk1.8.0_74/jre/lib/endorsed"/>
        <property name="os.arch" value="amd64"/>
        <property name="java.io.tmpdir" value="/tmp"/>
        <property name="line.separator" value="
"/>
        <property name="java.vm.specification.vendor" value="Oracle Corporation"/>
        <property name="https.proxyHost" value="www-proxy.us.oracle.com"/>
        <property name="os.name" value="Linux"/>
        <property name="classworlds.conf" value="/usr/local/apache-maven/apache-maven-3.0.4/bin/m2.conf"/>
        <property name="sun.jnu.encoding" value="UTF-8"/>
        <property name="http.proxyPort" value="80"/>
        <property name="java.library.path" value="/usr/java/packages/lib/amd64:/usr/lib64:/lib64:/lib:/usr/lib"/>
        <property name="sun.awt.enableExtraMouseButtons" value="true"/>
        <property name="java.specification.name" value="Java Platform API Specification"/>
        <property name="java.class.version" value="52.0"/>
        <property name="sun.management.compiler" value="HotSpot 64-Bit Tiered Compilers"/>
        <property name="os.version" value="3.8.13-55.1.1.el6uek.x86_64"/>
        <property name="user.home" value="/home/builder"/>
        <property name="user.timezone" value="PST8PDT"/>
        <property name="java.awt.printerjob" value="sun.print.PSPrinterJob"/>
        <property name="file.encoding" value="UTF-8"/>
        <property name="java.specification.version" value="1.8"/>
        <property name="java.class.path" value="/usr/local/apache-maven/apache-maven-3.0.4/boot/plexus-classworlds-2.4.jar"/>
        <property name="user.name" value="builder"/>
        <property name="java.vm.specification.version" value="1.8"/>
        <property name="sun.java.command" value="org.codehaus.plexus.classworlds.launcher.Launcher -f /home/c2c/hudson/workspace/dcs_dcs.Release-Selenium-Tests/selenium-tests/pom.xml --batch-mode exec:java -Dexec.mainClass=oracle.clouddev.test.selenium.RunTests -Dexec.args=selenium.browser.size.w=1280 selenium.browser.size.h=960 capture.video=true capture.screenshots=true notification.type=swing notification.history=3 notification.font.size=15 job-release-selenium-tests.properties build.job=dcs_dcs.Release-Selenium-Tests build.number=295 target.release=16.2.3.0.0 timeout.build.buildqueue=1200 timeout.build.buildqueue.polling=60 -s BASE --tag base"/>
        <property name="java.home" value="/usr/java/jdk1.8.0_74/jre"/>
        <property name="sun.arch.data.model" value="64"/>
        <property name="user.language" value="en"/>
        <property name="java.specification.vendor" value="Oracle Corporation"/>
        <property name="awt.toolkit" value="sun.awt.X11.XToolkit"/>
        <property name="java.vm.info" value="mixed mode"/>
        <property name="java.version" value="1.8.0_74"/>
        <property name="securerandom.source" value="file:/dev/./urandom"/>
        <property name="java.ext.dirs" value="/usr/java/jdk1.8.0_74/jre/lib/ext:/usr/java/packages/lib/ext"/>
        <property name="http.proxyHost" value="www-proxy.us.oracle.com"/>
        <property name="sun.boot.class.path" value="/usr/java/jdk1.8.0_74/jre/lib/resources.jar:/usr/java/jdk1.8.0_74/jre/lib/rt.jar:/usr/java/jdk1.8.0_74/jre/lib/sunrsasign.jar:/usr/java/jdk1.8.0_74/jre/lib/jsse.jar:/usr/java/jdk1.8.0_74/jre/lib/jce.jar:/usr/java/jdk1.8.0_74/jre/lib/charsets.jar:/usr/java/jdk1.8.0_74/jre/lib/jfr.jar:/usr/java/jdk1.8.0_74/jre/classes"/>
        <property name="java.vendor" value="Oracle Corporation"/>
        <property name="maven.home" value="/usr/local/apache-maven/apache-maven-3.0.4"/>
        <property name="file.separator" value="/"/>
        <property name="java.vendor.url.bug" value="http://bugreport.sun.com/bugreport/"/>
        <property name="sun.font.fontmanager" value="sun.awt.X11FontManager"/>
        <property name="sun.io.unicode.encoding" value="UnicodeLittle"/>
        <property name="sun.cpu.endian" value="little"/>
        <property name="https.proxyPort" value="80"/>
        <property name="exec.args" value="selenium.browser.size.w=1280 selenium.browser.size.h=960 capture.video=true capture.screenshots=true notification.type=swing notification.history=3 notification.font.size=15 job-release-selenium-tests.properties build.job=dcs_dcs.Release-Selenium-Tests build.number=295 target.release=16.2.3.0.0 timeout.build.buildqueue=1200 timeout.build.buildqueue.polling=60 -s BASE --tag base"/>
        <property name="sun.cpu.isalist" value=""/>
        <property name="test.selenium.browser.size.h" value="960"/>
        <property name="test.user.non-admin.name" value="tom.testsuite"/>
        <property name="test.https.proxyHost" value="www-proxy.us.oracle.com"/>
        <property name="test.user.admin.name" value="tina.testsuite"/>
        <property name="test.user.em-agent.password" value="Welcome1!"/>
        <property name="test.tag" value="base"/>
        <property name="test.user.em-agent.fullname" value="Alex Admin"/>
        <property name="test.selenium.port" value="44000"/>
        <property name="test.build.number" value="295"/>
        <property name="test.user.sdi-agent.enabled" value="true"/>
        <property name="test.timeout.assert.condition" value="30"/>
        <property name="test.target.version" value="{
  &quot;buildInformation&quot; : {
    &quot;gitCommitId&quot; : &quot;6415b9c07a83d336f513936eb79c4a925510b07b&quot;,
    &quot;gitCommitMessage&quot; : &quot;Merge branch &apos;Fix18963&apos; into &apos;patchset_16_2_3&apos;&quot;,
    &quot;buildTime&quot; : &quot;12.04.2016 @ 21:58:42 PDT&quot;,
    &quot;buildUser&quot; : &quot;Code2Cloud Builder&quot;
  }
}"/>
        <property name="test.build.job" value="dcs_dcs.Release-Selenium-Tests"/>
        <property name="test.timeout.project.create" value="660"/>
        <property name="test.user.sdi-agent.name" value="alex.admin"/>
        <property name="test.selenium.browser" value="firefox"/>
        <property name="test.http.proxyPort" value="80"/>
        <property name="test.user.sdi-agent.password" value="Welcome1!"/>
        <property name="test.user.sdi-agent.fullname" value="Alex Admin"/>
        <property name="test.timeout.selenium.navigate" value="20"/>
        <property name="test.target.release" value="16.2.3.0.0"/>
        <property name="test.byom.ip" value="127.0.0.1"/>
        <property name="test.byom.port" value="8585"/>
        <property name="test.notification.type" value="swing"/>
        <property name="test.data.project.override" value=""/>
        <property name="test.timeout.selenium.find" value="1"/>
        <property name="test.user.em-agent.enabled" value="true"/>
        <property name="test.testEmptyOrg.db.id" value=""/>
        <property name="test.reviews.timeout.slowdown" value="0"/>
        <property name="test.http.noProxyHosts" value="localhost|127.0.0.1|*.local|*.oraclecorp.com|*.us.oracle.com"/>
        <property name="test.capture.video" value="true"/>
        <property name="test.user.non-admin.password" value="Welcome1!"/>
        <property name="test.user.non-admin.fullname" value="Tom Testsuite"/>
        <property name="test.user.admin.password" value="Welcome1!"/>
        <property name="test.notification.history" value="3"/>
        <property name="test.user.admin.fullname" value="Tina Testsuite"/>
        <property name="test.capture.screenshots" value="true"/>
        <property name="test.testEmptyOrg.db.connectString" value="jdbc:oracle:thin:@(DESCRIPTION=(ADDRESS=(PROTOCOL=TCP)(HOST=slc09iwb.us.oracle.com)(PORT=1521))(CONNECT_DATA=(SERVICE_NAME=dbpod)))"/>
        <property name="test.firefox.bin" value=""/>
        <property name="test.https.proxyPort" value="80"/>
        <property name="test.develop.offline" value="false"/>
        <property name="test.timeout.build.buildqueue.polling" value="60"/>
        <property name="test.output.dir" value="target/test-reports/"/>
        <property name="test.firefox.allowedHosts" value="localhost,localhost.localdomain"/>
        <property name="test.testEmptyOrg.db.schema" value="BV2RLPNYEWMR"/>
        <property name="test.web.url" value="http://ucf2c-dcs-release-hub1.opcdeveloper.oracleinternalucf2c.oraclecorp.com/qa-dev/"/>
        <property name="test.firefox.extensions" value=""/>
        <property name="test.testEmptyOrg.orgExistsCheck" value="false"/>
        <property name="test.data.dir" value="data/"/>
        <property name="test.notification.font.size" value="15"/>
        <property name="test.testEmptyOrg.service" value="devservice5"/>
        <property name="test.selenium.start.server" value="false"/>
        <property name="test.firefox.profile.path" value=""/>
        <property name="test.selenium.host" value="localhost"/>
        <property name="test.suite" value="BASE"/>
        <property name="test.tests" value=""/>
        <property name="test.user.admin.idm" value="dcsdevteam"/>
        <property name="test.http.proxyHost" value="www-proxy.us.oracle.com"/>
        <property name="test.testMethods" value=""/>
        <property name="test.reviews.dontDeleteEnviroment" value="false"/>
        <property name="test.selenium.browser.maximize" value="false"/>
        <property name="test.firefox.profile.name" value=""/>
        <property name="test.timeout.build.buildqueue" value="1200"/>
        <property name="test.user.em-agent.idm" value="dcsdevteam"/>
        <property name="test.selenium.remote" value="false"/>
        <property name="test.user.sdi-agent.idm" value="dcsdevteam"/>
        <property name="test.byom.authToken" value="123456"/>
        <property name="test.proxy.autodetect" value="false"/>
        <property name="test.testEmptyOrg.idm" value="dcsdevteam"/>
        <property name="test.user.non-admin.idm" value="dcsdevteam"/>
        <property name="test.data.tasks.useexisting" value="false"/>
        <property name="test.selenium.browser.size.w" value="1280"/>
        <property name="test.category" value="DEFAULT"/>
        <property name="test.user.em-agent.name" value="alex.admin"/>
        <property name="test.timeout.slowdown" value="0"/>
      </properties>
    <system-out>
2016-04-12 23:50:58,028 DEBUG [oracle.clouddev.test.selenium.components.AssertElement] Check condition (oracle.clouddev.test.selenium.components.Conditions$5@7da4c29f) for element [By.xpath: .//button[@id=&apos;odcs-project-selector&apos;]/span[1]] on http://ucf2c-dcs-release-hub1.opcdeveloper.oracleinternalucf2c.oraclecorp.com/qa-dev/#welcomeBack?privacy=member.
2016-04-12 23:51:28,751 DEBUG [oracle.clouddev.test.selenium.junit.BrowserSession] navigating to project qa-dev_test-shared-project1-1460525673052 (http://ucf2c-dcs-release-hub1.opcdeveloper.oracleinternalucf2c.oraclecorp.com/qa-dev/#/projects/qa-dev_test-shared-project1-1460525673052)
2016-04-12 23:51:28,860 DEBUG [oracle.clouddev.test.selenium.components.AssertElement] Check condition (oracle.clouddev.test.selenium.components.Conditions$5@2210fcbb) for element [By.xpath: .//button[@id=&apos;odcs-project-selector&apos;]/span[1]] on http://ucf2c-dcs-release-hub1.opcdeveloper.oracleinternalucf2c.oraclecorp.com/qa-dev/#/projects/qa-dev_test-shared-project1-1460525673052.
2016-04-12 23:51:30,464 DEBUG [oracle.clouddev.test.selenium.components.AssertElement] Check condition (NOT (element is visible)) for element [By.id: page-provision] on http://ucf2c-dcs-release-hub1.opcdeveloper.oracleinternalucf2c.oraclecorp.com/qa-dev/#/projects/qa-dev_test-shared-project1-1460525673052.
2016-04-12 23:51:31,471 INFO  [oracle.clouddev.test.selenium.tests.base.TestHomePage] verifyImportJobsPageIsShown
2016-04-12 23:51:31,488 DEBUG [oracle.clouddev.test.selenium.components.AssertElement] Check condition (element is visible) for element [By.id: odcs-nav-tabs] on http://ucf2c-dcs-release-hub1.opcdeveloper.oracleinternalucf2c.oraclecorp.com/qa-dev/#/projects/qa-dev_test-shared-project1-1460525673052.
2016-04-12 23:51:31,515 DEBUG [oracle.clouddev.test.selenium.components.AssertElement] Check condition (element is visible) for element [By.xpath: .//a[@id=&apos;admin&apos;] under [By.id: odcs-nav-tabs]] on http://ucf2c-dcs-release-hub1.opcdeveloper.oracleinternalucf2c.oraclecorp.com/qa-dev/#/projects/qa-dev_test-shared-project1-1460525673052.
2016-04-12 23:51:31,555 DEBUG [oracle.clouddev.test.selenium.components.AssertElement] Check condition (NOT (element has style class &apos;oj-disabled&apos;)) for element [By.xpath: .//a[@id=&apos;admin&apos;] under [By.id: odcs-nav-tabs]] on http://ucf2c-dcs-release-hub1.opcdeveloper.oracleinternalucf2c.oraclecorp.com/qa-dev/#/projects/qa-dev_test-shared-project1-1460525673052.
2016-04-12 23:51:31,594 DEBUG [oracle.clouddev.test.selenium.components.AssertElement] Check condition (element is visible) for element [By.xpath: .//a[@id=&apos;admin&apos;] under [By.id: odcs-nav-tabs]] on http://ucf2c-dcs-release-hub1.opcdeveloper.oracleinternalucf2c.oraclecorp.com/qa-dev/#/projects/qa-dev_test-shared-project1-1460525673052.
2016-04-12 23:51:32,032 DEBUG [oracle.clouddev.test.selenium.components.AssertElement] Check condition (element has style class &apos;oj-active&apos;) for element [By.xpath: .//a[@id=&apos;admin&apos;] under [By.id: odcs-nav-tabs]] on http://ucf2c-dcs-release-hub1.opcdeveloper.oracleinternalucf2c.oraclecorp.com/qa-dev/#projects/qa-dev_test-shared-project1-1460525673052/admin.
2016-04-12 23:51:32,066 DEBUG [oracle.clouddev.test.selenium.components.AssertElement] Check condition (element is visible) for element [By.xpath: .//a[@id=&apos;admin&apos;] under [By.id: odcs-nav-tabs]] on http://ucf2c-dcs-release-hub1.opcdeveloper.oracleinternalucf2c.oraclecorp.com/qa-dev/#projects/qa-dev_test-shared-project1-1460525673052/admin.
2016-04-12 23:51:32,168 DEBUG [oracle.clouddev.test.selenium.components.AssertElement] Check condition (element is visible) for element [By.xpath: .//div[starts-with(@id, &apos;page-admin&apos;)]/div/a[@id=&apos;tile-build&apos;]] on http://ucf2c-dcs-release-hub1.opcdeveloper.oracleinternalucf2c.oraclecorp.com/qa-dev/#projects/qa-dev_test-shared-project1-1460525673052/admin.
2016-04-12 23:51:32,196 DEBUG [oracle.clouddev.test.selenium.components.AssertElement] Check condition (element is visible) for element [By.xpath: .//div[starts-with(@id, &apos;page-admin&apos;)]/div/a[@id=&apos;tile-build&apos;]] on http://ucf2c-dcs-release-hub1.opcdeveloper.oracleinternalucf2c.oraclecorp.com/qa-dev/#projects/qa-dev_test-shared-project1-1460525673052/admin.
2016-04-12 23:51:32,577 DEBUG [oracle.clouddev.test.selenium.components.AssertElement] Check condition (element is visible) for element [By.xpath: .//div[@id=&apos;page-admin-build&apos;]//span[@class=&apos;fu-select-files&apos;]] on http://ucf2c-dcs-release-hub1.opcdeveloper.oracleinternalucf2c.oraclecorp.com/qa-dev/#projects/qa-dev_test-shared-project1-1460525673052/admin/build.
    </system-out>
    </testcase>
    <testcase classname="oracle.clouddev.test.selenium.tests.develop.jobimport.TestHudsonJobImportPage" name="testImportGoodJob" time="7.177">
      <properties>
        <property name="java.runtime.name" value="Java(TM) SE Runtime Environment"/>
        <property name="exec.mainClass" value="oracle.clouddev.test.selenium.RunTests"/>
        <property name="sun.boot.library.path" value="/usr/java/jdk1.8.0_74/jre/lib/amd64"/>
        <property name="java.vm.version" value="25.74-b02"/>
        <property name="java.vm.vendor" value="Oracle Corporation"/>
        <property name="java.vendor.url" value="http://java.oracle.com/"/>
        <property name="guice.disable.misplaced.annotation.check" value="true"/>
        <property name="path.separator" value=":"/>
        <property name="java.vm.name" value="Java HotSpot(TM) 64-Bit Server VM"/>
        <property name="file.encoding.pkg" value="sun.io"/>
        <property name="user.country" value="US"/>
        <property name="sun.java.launcher" value="SUN_STANDARD"/>
        <property name="sun.os.patch.level" value="unknown"/>
        <property name="http.noProxyHosts" value="localhost|127.0.0.1|*.local|*.oraclecorp.com|*.us.oracle.com"/>
        <property name="java.vm.specification.name" value="Java Virtual Machine Specification"/>
        <property name="user.dir" value="/home/builder/hudson/workspace/dcs_dcs.Release-Selenium-Tests/selenium-tests"/>
        <property name="java.runtime.version" value="1.8.0_74-b02"/>
        <property name="java.awt.graphicsenv" value="sun.awt.X11GraphicsEnvironment"/>
        <property name="java.endorsed.dirs" value="/usr/java/jdk1.8.0_74/jre/lib/endorsed"/>
        <property name="os.arch" value="amd64"/>
        <property name="java.io.tmpdir" value="/tmp"/>
        <property name="line.separator" value="
"/>
        <property name="java.vm.specification.vendor" value="Oracle Corporation"/>
        <property name="https.proxyHost" value="www-proxy.us.oracle.com"/>
        <property name="os.name" value="Linux"/>
        <property name="classworlds.conf" value="/usr/local/apache-maven/apache-maven-3.0.4/bin/m2.conf"/>
        <property name="sun.jnu.encoding" value="UTF-8"/>
        <property name="http.proxyPort" value="80"/>
        <property name="java.library.path" value="/usr/java/packages/lib/amd64:/usr/lib64:/lib64:/lib:/usr/lib"/>
        <property name="sun.awt.enableExtraMouseButtons" value="true"/>
        <property name="java.specification.name" value="Java Platform API Specification"/>
        <property name="java.class.version" value="52.0"/>
        <property name="sun.management.compiler" value="HotSpot 64-Bit Tiered Compilers"/>
        <property name="os.version" value="3.8.13-55.1.1.el6uek.x86_64"/>
        <property name="user.home" value="/home/builder"/>
        <property name="user.timezone" value="PST8PDT"/>
        <property name="java.awt.printerjob" value="sun.print.PSPrinterJob"/>
        <property name="file.encoding" value="UTF-8"/>
        <property name="java.specification.version" value="1.8"/>
        <property name="java.class.path" value="/usr/local/apache-maven/apache-maven-3.0.4/boot/plexus-classworlds-2.4.jar"/>
        <property name="user.name" value="builder"/>
        <property name="java.vm.specification.version" value="1.8"/>
        <property name="sun.java.command" value="org.codehaus.plexus.classworlds.launcher.Launcher -f /home/c2c/hudson/workspace/dcs_dcs.Release-Selenium-Tests/selenium-tests/pom.xml --batch-mode exec:java -Dexec.mainClass=oracle.clouddev.test.selenium.RunTests -Dexec.args=selenium.browser.size.w=1280 selenium.browser.size.h=960 capture.video=true capture.screenshots=true notification.type=swing notification.history=3 notification.font.size=15 job-release-selenium-tests.properties build.job=dcs_dcs.Release-Selenium-Tests build.number=295 target.release=16.2.3.0.0 timeout.build.buildqueue=1200 timeout.build.buildqueue.polling=60 -s BASE --tag base"/>
        <property name="java.home" value="/usr/java/jdk1.8.0_74/jre"/>
        <property name="sun.arch.data.model" value="64"/>
        <property name="user.language" value="en"/>
        <property name="java.specification.vendor" value="Oracle Corporation"/>
        <property name="awt.toolkit" value="sun.awt.X11.XToolkit"/>
        <property name="java.vm.info" value="mixed mode"/>
        <property name="java.version" value="1.8.0_74"/>
        <property name="securerandom.source" value="file:/dev/./urandom"/>
        <property name="java.ext.dirs" value="/usr/java/jdk1.8.0_74/jre/lib/ext:/usr/java/packages/lib/ext"/>
        <property name="http.proxyHost" value="www-proxy.us.oracle.com"/>
        <property name="sun.boot.class.path" value="/usr/java/jdk1.8.0_74/jre/lib/resources.jar:/usr/java/jdk1.8.0_74/jre/lib/rt.jar:/usr/java/jdk1.8.0_74/jre/lib/sunrsasign.jar:/usr/java/jdk1.8.0_74/jre/lib/jsse.jar:/usr/java/jdk1.8.0_74/jre/lib/jce.jar:/usr/java/jdk1.8.0_74/jre/lib/charsets.jar:/usr/java/jdk1.8.0_74/jre/lib/jfr.jar:/usr/java/jdk1.8.0_74/jre/classes"/>
        <property name="java.vendor" value="Oracle Corporation"/>
        <property name="maven.home" value="/usr/local/apache-maven/apache-maven-3.0.4"/>
        <property name="file.separator" value="/"/>
        <property name="java.vendor.url.bug" value="http://bugreport.sun.com/bugreport/"/>
        <property name="sun.font.fontmanager" value="sun.awt.X11FontManager"/>
        <property name="sun.io.unicode.encoding" value="UnicodeLittle"/>
        <property name="sun.cpu.endian" value="little"/>
        <property name="https.proxyPort" value="80"/>
        <property name="exec.args" value="selenium.browser.size.w=1280 selenium.browser.size.h=960 capture.video=true capture.screenshots=true notification.type=swing notification.history=3 notification.font.size=15 job-release-selenium-tests.properties build.job=dcs_dcs.Release-Selenium-Tests build.number=295 target.release=16.2.3.0.0 timeout.build.buildqueue=1200 timeout.build.buildqueue.polling=60 -s BASE --tag base"/>
        <property name="sun.cpu.isalist" value=""/>
        <property name="test.selenium.browser.size.h" value="960"/>
        <property name="test.user.non-admin.name" value="tom.testsuite"/>
        <property name="test.https.proxyHost" value="www-proxy.us.oracle.com"/>
        <property name="test.user.admin.name" value="tina.testsuite"/>
        <property name="test.user.em-agent.password" value="Welcome1!"/>
        <property name="test.tag" value="base"/>
        <property name="test.user.em-agent.fullname" value="Alex Admin"/>
        <property name="test.selenium.port" value="44000"/>
        <property name="test.build.number" value="295"/>
        <property name="test.user.sdi-agent.enabled" value="true"/>
        <property name="test.timeout.assert.condition" value="30"/>
        <property name="test.target.version" value="{
  &quot;buildInformation&quot; : {
    &quot;gitCommitId&quot; : &quot;6415b9c07a83d336f513936eb79c4a925510b07b&quot;,
    &quot;gitCommitMessage&quot; : &quot;Merge branch &apos;Fix18963&apos; into &apos;patchset_16_2_3&apos;&quot;,
    &quot;buildTime&quot; : &quot;12.04.2016 @ 21:58:42 PDT&quot;,
    &quot;buildUser&quot; : &quot;Code2Cloud Builder&quot;
  }
}"/>
        <property name="test.build.job" value="dcs_dcs.Release-Selenium-Tests"/>
        <property name="test.timeout.project.create" value="660"/>
        <property name="test.user.sdi-agent.name" value="alex.admin"/>
        <property name="test.selenium.browser" value="firefox"/>
        <property name="test.http.proxyPort" value="80"/>
        <property name="test.user.sdi-agent.password" value="Welcome1!"/>
        <property name="test.user.sdi-agent.fullname" value="Alex Admin"/>
        <property name="test.timeout.selenium.navigate" value="20"/>
        <property name="test.target.release" value="16.2.3.0.0"/>
        <property name="test.byom.ip" value="127.0.0.1"/>
        <property name="test.byom.port" value="8585"/>
        <property name="test.notification.type" value="swing"/>
        <property name="test.data.project.override" value=""/>
        <property name="test.timeout.selenium.find" value="1"/>
        <property name="test.user.em-agent.enabled" value="true"/>
        <property name="test.testEmptyOrg.db.id" value=""/>
        <property name="test.reviews.timeout.slowdown" value="0"/>
        <property name="test.http.noProxyHosts" value="localhost|127.0.0.1|*.local|*.oraclecorp.com|*.us.oracle.com"/>
        <property name="test.capture.video" value="true"/>
        <property name="test.user.non-admin.password" value="Welcome1!"/>
        <property name="test.user.non-admin.fullname" value="Tom Testsuite"/>
        <property name="test.user.admin.password" value="Welcome1!"/>
        <property name="test.notification.history" value="3"/>
        <property name="test.user.admin.fullname" value="Tina Testsuite"/>
        <property name="test.capture.screenshots" value="true"/>
        <property name="test.testEmptyOrg.db.connectString" value="jdbc:oracle:thin:@(DESCRIPTION=(ADDRESS=(PROTOCOL=TCP)(HOST=slc09iwb.us.oracle.com)(PORT=1521))(CONNECT_DATA=(SERVICE_NAME=dbpod)))"/>
        <property name="test.firefox.bin" value=""/>
        <property name="test.https.proxyPort" value="80"/>
        <property name="test.develop.offline" value="false"/>
        <property name="test.timeout.build.buildqueue.polling" value="60"/>
        <property name="test.output.dir" value="target/test-reports/"/>
        <property name="test.firefox.allowedHosts" value="localhost,localhost.localdomain"/>
        <property name="test.testEmptyOrg.db.schema" value="BV2RLPNYEWMR"/>
        <property name="test.web.url" value="http://ucf2c-dcs-release-hub1.opcdeveloper.oracleinternalucf2c.oraclecorp.com/qa-dev/"/>
        <property name="test.firefox.extensions" value=""/>
        <property name="test.testEmptyOrg.orgExistsCheck" value="false"/>
        <property name="test.data.dir" value="data/"/>
        <property name="test.notification.font.size" value="15"/>
        <property name="test.testEmptyOrg.service" value="devservice5"/>
        <property name="test.selenium.start.server" value="false"/>
        <property name="test.firefox.profile.path" value=""/>
        <property name="test.selenium.host" value="localhost"/>
        <property name="test.suite" value="BASE"/>
        <property name="test.tests" value=""/>
        <property name="test.user.admin.idm" value="dcsdevteam"/>
        <property name="test.http.proxyHost" value="www-proxy.us.oracle.com"/>
        <property name="test.testMethods" value=""/>
        <property name="test.reviews.dontDeleteEnviroment" value="false"/>
        <property name="test.selenium.browser.maximize" value="false"/>
        <property name="test.firefox.profile.name" value=""/>
        <property name="test.timeout.build.buildqueue" value="1200"/>
        <property name="test.user.em-agent.idm" value="dcsdevteam"/>
        <property name="test.selenium.remote" value="false"/>
        <property name="test.user.sdi-agent.idm" value="dcsdevteam"/>
        <property name="test.byom.authToken" value="123456"/>
        <property name="test.proxy.autodetect" value="false"/>
        <property name="test.testEmptyOrg.idm" value="dcsdevteam"/>
        <property name="test.user.non-admin.idm" value="dcsdevteam"/>
        <property name="test.data.tasks.useexisting" value="false"/>
        <property name="test.selenium.browser.size.w" value="1280"/>
        <property name="test.category" value="DEFAULT"/>
        <property name="test.user.em-agent.name" value="alex.admin"/>
        <property name="test.timeout.slowdown" value="0"/>
      </properties>
    <system-out>
2016-04-12 23:51:32,610 DEBUG [oracle.clouddev.test.selenium.components.AssertElement] Check condition (oracle.clouddev.test.selenium.components.Conditions$5@4961876d) for element [By.xpath: .//button[@id=&apos;odcs-project-selector&apos;]/span[1]] on http://ucf2c-dcs-release-hub1.opcdeveloper.oracleinternalucf2c.oraclecorp.com/qa-dev/#projects/qa-dev_test-shared-project1-1460525673052/admin/build.
2016-04-12 23:51:32,622 INFO  [oracle.clouddev.test.selenium.tests.base.TestHomePage] testImportGoodJob
2016-04-12 23:51:32,686 INFO  [oracle.clouddev.test.selenium.tests.base.TestHomePage] JRW: return oj.Translations.getTranslatedString(&apos;admin.build.import.fileuploadComponent.readyToUpload&apos;)
2016-04-12 23:51:32,704 DEBUG [oracle.clouddev.test.selenium.components.AssertElement] Check condition (element is visible) for element [By.xpath: .//span[contains(text(),&apos;Ready to Upload&apos;)]] on http://ucf2c-dcs-release-hub1.opcdeveloper.oracleinternalucf2c.oraclecorp.com/qa-dev/#projects/qa-dev_test-shared-project1-1460525673052/admin/build.
2016-04-12 23:51:32,719 INFO  [oracle.clouddev.test.selenium.tests.base.TestHomePage] JRW: return oj.Translations.getTranslatedString(&apos;admin.build.import.fileuploadComponent.uploadFiles&apos;)
2016-04-12 23:51:32,737 DEBUG [oracle.clouddev.test.selenium.components.AssertElement] Check condition (element is visible) for element [By.xpath: .//span[contains(text(),&apos;Upload File&apos;)]] on http://ucf2c-dcs-release-hub1.opcdeveloper.oracleinternalucf2c.oraclecorp.com/qa-dev/#projects/qa-dev_test-shared-project1-1460525673052/admin/build.
2016-04-12 23:51:32,761 DEBUG [oracle.clouddev.test.selenium.components.AssertElement] Check condition (element is enabled) for element [By.xpath: .//span[contains(text(),&apos;Upload File&apos;)]] on http://ucf2c-dcs-release-hub1.opcdeveloper.oracleinternalucf2c.oraclecorp.com/qa-dev/#projects/qa-dev_test-shared-project1-1460525673052/admin/build.
2016-04-12 23:51:32,785 DEBUG [oracle.clouddev.test.selenium.components.AssertElement] Check condition (element is visible) for element [By.xpath: .//span[contains(text(),&apos;Upload File&apos;)]] on http://ucf2c-dcs-release-hub1.opcdeveloper.oracleinternalucf2c.oraclecorp.com/qa-dev/#projects/qa-dev_test-shared-project1-1460525673052/admin/build.
2016-04-12 23:51:32,995 INFO  [oracle.clouddev.test.selenium.tests.base.TestHomePage] JRW: return oj.Translations.getTranslatedString(&apos;admin.build.import.pendingPrompt&apos;)
2016-04-12 23:51:33,012 DEBUG [oracle.clouddev.test.selenium.components.AssertElement] Check condition (NOT (element is readonly)) for element [By.xpath: .//span[contains(text(),&apos;Pending Imports&apos;)]] on http://ucf2c-dcs-release-hub1.opcdeveloper.oracleinternalucf2c.oraclecorp.com/qa-dev/#projects/qa-dev_test-shared-project1-1460525673052/admin/build.
2016-04-12 23:51:33,033 DEBUG [oracle.clouddev.test.selenium.components.AssertElement] Check condition (element has style class &apos;oj-enabled&apos;) for element [By.xpath: .//*[(self::button or self::a or self::input) and @id=&apos;commit&apos;]] on http://ucf2c-dcs-release-hub1.opcdeveloper.oracleinternalucf2c.oraclecorp.com/qa-dev/#projects/qa-dev_test-shared-project1-1460525673052/admin/build.
2016-04-12 23:51:34,073 DEBUG [oracle.clouddev.test.selenium.components.AssertElement] Check condition (element is visible) for element [By.xpath: .//td[contains(text(),&apos;Example&apos;)]] on http://ucf2c-dcs-release-hub1.opcdeveloper.oracleinternalucf2c.oraclecorp.com/qa-dev/#projects/qa-dev_test-shared-project1-1460525673052/admin/build.
2016-04-12 23:51:34,087 INFO  [oracle.clouddev.test.selenium.tests.base.TestHomePage] JRW: return oj.Translations.getTranslatedString(&apos;admin.build.import.statusNoIssues&apos;)
2016-04-12 23:51:34,106 DEBUG [oracle.clouddev.test.selenium.components.AssertElement] Check condition (element is visible) for element [By.xpath: .//p[contains(text(),&apos;None&apos;)]] on http://ucf2c-dcs-release-hub1.opcdeveloper.oracleinternalucf2c.oraclecorp.com/qa-dev/#projects/qa-dev_test-shared-project1-1460525673052/admin/build.
2016-04-12 23:51:34,138 DEBUG [oracle.clouddev.test.selenium.components.AssertElement] Check condition (element is visible) for element [By.xpath: .//tbody[@class=&apos;oj-table-body&apos;]//span[contains(@class, &apos;oj-fwk-icon-status-confirmation&apos;)]] on http://ucf2c-dcs-release-hub1.opcdeveloper.oracleinternalucf2c.oraclecorp.com/qa-dev/#projects/qa-dev_test-shared-project1-1460525673052/admin/build.
2016-04-12 23:51:34,163 DEBUG [oracle.clouddev.test.selenium.components.AssertElement] Check condition (element is visible) for element [By.xpath: .//*[(self::button or self::a or self::input) and @id=&apos;commit&apos;]] on http://ucf2c-dcs-release-hub1.opcdeveloper.oracleinternalucf2c.oraclecorp.com/qa-dev/#projects/qa-dev_test-shared-project1-1460525673052/admin/build.
2016-04-12 23:51:34,184 DEBUG [oracle.clouddev.test.selenium.components.AssertElement] Check condition (element has style class &apos;oj-enabled&apos;) for element [By.xpath: .//*[(self::button or self::a or self::input) and @id=&apos;commit&apos;]] on http://ucf2c-dcs-release-hub1.opcdeveloper.oracleinternalucf2c.oraclecorp.com/qa-dev/#projects/qa-dev_test-shared-project1-1460525673052/admin/build.
2016-04-12 23:51:34,318 INFO  [oracle.clouddev.test.selenium.tests.base.TestHomePage] JRW: return oj.Translations.getTranslatedString(&apos;admin.build.import.committedPrompt&apos;,&apos;1&apos;)
2016-04-12 23:51:34,335 DEBUG [oracle.clouddev.test.selenium.components.AssertElement] Check condition (element is visible) for element [By.xpath: .//span[contains(text(),&apos;1 Job Imported Successfully&apos;)]] on http://ucf2c-dcs-release-hub1.opcdeveloper.oracleinternalucf2c.oraclecorp.com/qa-dev/#projects/qa-dev_test-shared-project1-1460525673052/admin/build.
2016-04-12 23:51:35,385 DEBUG [oracle.clouddev.test.selenium.components.AssertElement] Check condition (element is visible) for element [By.id: odcs-nav-tabs] on http://ucf2c-dcs-release-hub1.opcdeveloper.oracleinternalucf2c.oraclecorp.com/qa-dev/#projects/qa-dev_test-shared-project1-1460525673052/admin/build.
2016-04-12 23:51:35,405 DEBUG [oracle.clouddev.test.selenium.components.AssertElement] Check condition (element is visible) for element [By.xpath: .//a[@id=&apos;build&apos;] under [By.id: odcs-nav-tabs]] on http://ucf2c-dcs-release-hub1.opcdeveloper.oracleinternalucf2c.oraclecorp.com/qa-dev/#projects/qa-dev_test-shared-project1-1460525673052/admin/build.
2016-04-12 23:51:35,431 DEBUG [oracle.clouddev.test.selenium.components.AssertElement] Check condition (NOT (element has style class &apos;oj-disabled&apos;)) for element [By.xpath: .//a[@id=&apos;build&apos;] under [By.id: odcs-nav-tabs]] on http://ucf2c-dcs-release-hub1.opcdeveloper.oracleinternalucf2c.oraclecorp.com/qa-dev/#projects/qa-dev_test-shared-project1-1460525673052/admin/build.
2016-04-12 23:51:35,464 DEBUG [oracle.clouddev.test.selenium.components.AssertElement] Check condition (element is visible) for element [By.xpath: .//a[@id=&apos;build&apos;] under [By.id: odcs-nav-tabs]] on http://ucf2c-dcs-release-hub1.opcdeveloper.oracleinternalucf2c.oraclecorp.com/qa-dev/#projects/qa-dev_test-shared-project1-1460525673052/admin/build.
2016-04-12 23:51:37,683 DEBUG [oracle.clouddev.test.selenium.components.AssertElement] Check condition (element has style class &apos;oj-active&apos;) for element [By.xpath: .//a[@id=&apos;build&apos;] under [By.id: odcs-nav-tabs]] on http://ucf2c-dcs-release-hub1.opcdeveloper.oracleinternalucf2c.oraclecorp.com/qa-dev/#projects/qa-dev_test-shared-project1-1460525673052/build.
2016-04-12 23:51:37,720 DEBUG [oracle.clouddev.test.selenium.components.AssertElement] Check condition (element is visible) for element [By.xpath: .//a[@id=&apos;build&apos;] under [By.id: odcs-nav-tabs]] on http://ucf2c-dcs-release-hub1.opcdeveloper.oracleinternalucf2c.oraclecorp.com/qa-dev/#projects/qa-dev_test-shared-project1-1460525673052/build.
2016-04-12 23:51:37,910 INFO  [oracle.clouddev.test.selenium.tests.base.TestHomePage] JRW: return oj.Translations.getTranslatedString(&apos;build.jobs.allJobs&apos;)
2016-04-12 23:51:38,003 DEBUG [oracle.clouddev.test.selenium.components.AssertElement] Check condition (element is enabled) for element [By.xpath: .//span[contains(text(),&apos;All Jobs&apos;)]] on http://ucf2c-dcs-release-hub1.opcdeveloper.oracleinternalucf2c.oraclecorp.com/qa-dev/#projects/qa-dev_test-shared-project1-1460525673052/build.
2016-04-12 23:51:38,064 DEBUG [oracle.clouddev.test.selenium.components.AssertElement] Check condition (element is visible) for element [By.xpath: .//span[contains(text(),&apos;All Jobs&apos;)]] on http://ucf2c-dcs-release-hub1.opcdeveloper.oracleinternalucf2c.oraclecorp.com/qa-dev/#projects/qa-dev_test-shared-project1-1460525673052/build.
2016-04-12 23:51:38,267 DEBUG [oracle.clouddev.test.selenium.components.AssertElement] Check condition (element is visible) for element [By.xpath: .//table[@id=&apos;jobs-table-table&apos;]//td[contains(@class, &apos;oj-table-data-cell&apos;)]//a[text()=&apos;Example&apos;]] on http://ucf2c-dcs-release-hub1.opcdeveloper.oracleinternalucf2c.oraclecorp.com/qa-dev/#projects/qa-dev_test-shared-project1-1460525673052/build.
2016-04-12 23:51:38,338 DEBUG [oracle.clouddev.test.selenium.components.AssertElement] Check condition (element is visible) for element [By.id: odcs-nav-tabs] on http://ucf2c-dcs-release-hub1.opcdeveloper.oracleinternalucf2c.oraclecorp.com/qa-dev/#projects/qa-dev_test-shared-project1-1460525673052/build.
2016-04-12 23:51:38,422 DEBUG [oracle.clouddev.test.selenium.components.AssertElement] Check condition (element is visible) for element [By.xpath: .//a[@id=&apos;admin&apos;] under [By.id: odcs-nav-tabs]] on http://ucf2c-dcs-release-hub1.opcdeveloper.oracleinternalucf2c.oraclecorp.com/qa-dev/#projects/qa-dev_test-shared-project1-1460525673052/build.
2016-04-12 23:51:38,504 DEBUG [oracle.clouddev.test.selenium.components.AssertElement] Check condition (NOT (element has style class &apos;oj-disabled&apos;)) for element [By.xpath: .//a[@id=&apos;admin&apos;] under [By.id: odcs-nav-tabs]] on http://ucf2c-dcs-release-hub1.opcdeveloper.oracleinternalucf2c.oraclecorp.com/qa-dev/#projects/qa-dev_test-shared-project1-1460525673052/build.
2016-04-12 23:51:38,578 DEBUG [oracle.clouddev.test.selenium.components.AssertElement] Check condition (element is visible) for element [By.xpath: .//a[@id=&apos;admin&apos;] under [By.id: odcs-nav-tabs]] on http://ucf2c-dcs-release-hub1.opcdeveloper.oracleinternalucf2c.oraclecorp.com/qa-dev/#projects/qa-dev_test-shared-project1-1460525673052/build.
2016-04-12 23:51:39,249 DEBUG [oracle.clouddev.test.selenium.components.AssertElement] Check condition (element has style class &apos;oj-active&apos;) for element [By.xpath: .//a[@id=&apos;admin&apos;] under [By.id: odcs-nav-tabs]] on http://ucf2c-dcs-release-hub1.opcdeveloper.oracleinternalucf2c.oraclecorp.com/qa-dev/#projects/qa-dev_test-shared-project1-1460525673052/admin/build.
2016-04-12 23:51:39,315 DEBUG [oracle.clouddev.test.selenium.components.AssertElement] Check condition (element is visible) for element [By.xpath: .//a[@id=&apos;admin&apos;] under [By.id: odcs-nav-tabs]] on http://ucf2c-dcs-release-hub1.opcdeveloper.oracleinternalucf2c.oraclecorp.com/qa-dev/#projects/qa-dev_test-shared-project1-1460525673052/admin/build.
    </system-out>
    </testcase>
    <testcase classname="oracle.clouddev.test.selenium.tests.develop.jobimport.TestHudsonJobImportPage" name="testImportDuplicateJob" time="4.327">
      <properties>
        <property name="java.runtime.name" value="Java(TM) SE Runtime Environment"/>
        <property name="exec.mainClass" value="oracle.clouddev.test.selenium.RunTests"/>
        <property name="sun.boot.library.path" value="/usr/java/jdk1.8.0_74/jre/lib/amd64"/>
        <property name="java.vm.version" value="25.74-b02"/>
        <property name="java.vm.vendor" value="Oracle Corporation"/>
        <property name="java.vendor.url" value="http://java.oracle.com/"/>
        <property name="guice.disable.misplaced.annotation.check" value="true"/>
        <property name="path.separator" value=":"/>
        <property name="java.vm.name" value="Java HotSpot(TM) 64-Bit Server VM"/>
        <property name="file.encoding.pkg" value="sun.io"/>
        <property name="user.country" value="US"/>
        <property name="sun.java.launcher" value="SUN_STANDARD"/>
        <property name="sun.os.patch.level" value="unknown"/>
        <property name="http.noProxyHosts" value="localhost|127.0.0.1|*.local|*.oraclecorp.com|*.us.oracle.com"/>
        <property name="java.vm.specification.name" value="Java Virtual Machine Specification"/>
        <property name="user.dir" value="/home/builder/hudson/workspace/dcs_dcs.Release-Selenium-Tests/selenium-tests"/>
        <property name="java.runtime.version" value="1.8.0_74-b02"/>
        <property name="java.awt.graphicsenv" value="sun.awt.X11GraphicsEnvironment"/>
        <property name="java.endorsed.dirs" value="/usr/java/jdk1.8.0_74/jre/lib/endorsed"/>
        <property name="os.arch" value="amd64"/>
        <property name="java.io.tmpdir" value="/tmp"/>
        <property name="line.separator" value="
"/>
        <property name="java.vm.specification.vendor" value="Oracle Corporation"/>
        <property name="https.proxyHost" value="www-proxy.us.oracle.com"/>
        <property name="os.name" value="Linux"/>
        <property name="classworlds.conf" value="/usr/local/apache-maven/apache-maven-3.0.4/bin/m2.conf"/>
        <property name="sun.jnu.encoding" value="UTF-8"/>
        <property name="http.proxyPort" value="80"/>
        <property name="java.library.path" value="/usr/java/packages/lib/amd64:/usr/lib64:/lib64:/lib:/usr/lib"/>
        <property name="sun.awt.enableExtraMouseButtons" value="true"/>
        <property name="java.specification.name" value="Java Platform API Specification"/>
        <property name="java.class.version" value="52.0"/>
        <property name="sun.management.compiler" value="HotSpot 64-Bit Tiered Compilers"/>
        <property name="os.version" value="3.8.13-55.1.1.el6uek.x86_64"/>
        <property name="user.home" value="/home/builder"/>
        <property name="user.timezone" value="PST8PDT"/>
        <property name="java.awt.printerjob" value="sun.print.PSPrinterJob"/>
        <property name="file.encoding" value="UTF-8"/>
        <property name="java.specification.version" value="1.8"/>
        <property name="java.class.path" value="/usr/local/apache-maven/apache-maven-3.0.4/boot/plexus-classworlds-2.4.jar"/>
        <property name="user.name" value="builder"/>
        <property name="java.vm.specification.version" value="1.8"/>
        <property name="sun.java.command" value="org.codehaus.plexus.classworlds.launcher.Launcher -f /home/c2c/hudson/workspace/dcs_dcs.Release-Selenium-Tests/selenium-tests/pom.xml --batch-mode exec:java -Dexec.mainClass=oracle.clouddev.test.selenium.RunTests -Dexec.args=selenium.browser.size.w=1280 selenium.browser.size.h=960 capture.video=true capture.screenshots=true notification.type=swing notification.history=3 notification.font.size=15 job-release-selenium-tests.properties build.job=dcs_dcs.Release-Selenium-Tests build.number=295 target.release=16.2.3.0.0 timeout.build.buildqueue=1200 timeout.build.buildqueue.polling=60 -s BASE --tag base"/>
        <property name="java.home" value="/usr/java/jdk1.8.0_74/jre"/>
        <property name="sun.arch.data.model" value="64"/>
        <property name="user.language" value="en"/>
        <property name="java.specification.vendor" value="Oracle Corporation"/>
        <property name="awt.toolkit" value="sun.awt.X11.XToolkit"/>
        <property name="java.vm.info" value="mixed mode"/>
        <property name="java.version" value="1.8.0_74"/>
        <property name="securerandom.source" value="file:/dev/./urandom"/>
        <property name="java.ext.dirs" value="/usr/java/jdk1.8.0_74/jre/lib/ext:/usr/java/packages/lib/ext"/>
        <property name="http.proxyHost" value="www-proxy.us.oracle.com"/>
        <property name="sun.boot.class.path" value="/usr/java/jdk1.8.0_74/jre/lib/resources.jar:/usr/java/jdk1.8.0_74/jre/lib/rt.jar:/usr/java/jdk1.8.0_74/jre/lib/sunrsasign.jar:/usr/java/jdk1.8.0_74/jre/lib/jsse.jar:/usr/java/jdk1.8.0_74/jre/lib/jce.jar:/usr/java/jdk1.8.0_74/jre/lib/charsets.jar:/usr/java/jdk1.8.0_74/jre/lib/jfr.jar:/usr/java/jdk1.8.0_74/jre/classes"/>
        <property name="java.vendor" value="Oracle Corporation"/>
        <property name="maven.home" value="/usr/local/apache-maven/apache-maven-3.0.4"/>
        <property name="file.separator" value="/"/>
        <property name="java.vendor.url.bug" value="http://bugreport.sun.com/bugreport/"/>
        <property name="sun.font.fontmanager" value="sun.awt.X11FontManager"/>
        <property name="sun.io.unicode.encoding" value="UnicodeLittle"/>
        <property name="sun.cpu.endian" value="little"/>
        <property name="https.proxyPort" value="80"/>
        <property name="exec.args" value="selenium.browser.size.w=1280 selenium.browser.size.h=960 capture.video=true capture.screenshots=true notification.type=swing notification.history=3 notification.font.size=15 job-release-selenium-tests.properties build.job=dcs_dcs.Release-Selenium-Tests build.number=295 target.release=16.2.3.0.0 timeout.build.buildqueue=1200 timeout.build.buildqueue.polling=60 -s BASE --tag base"/>
        <property name="sun.cpu.isalist" value=""/>
        <property name="test.selenium.browser.size.h" value="960"/>
        <property name="test.user.non-admin.name" value="tom.testsuite"/>
        <property name="test.https.proxyHost" value="www-proxy.us.oracle.com"/>
        <property name="test.user.admin.name" value="tina.testsuite"/>
        <property name="test.user.em-agent.password" value="Welcome1!"/>
        <property name="test.tag" value="base"/>
        <property name="test.user.em-agent.fullname" value="Alex Admin"/>
        <property name="test.selenium.port" value="44000"/>
        <property name="test.build.number" value="295"/>
        <property name="test.user.sdi-agent.enabled" value="true"/>
        <property name="test.timeout.assert.condition" value="30"/>
        <property name="test.target.version" value="{
  &quot;buildInformation&quot; : {
    &quot;gitCommitId&quot; : &quot;6415b9c07a83d336f513936eb79c4a925510b07b&quot;,
    &quot;gitCommitMessage&quot; : &quot;Merge branch &apos;Fix18963&apos; into &apos;patchset_16_2_3&apos;&quot;,
    &quot;buildTime&quot; : &quot;12.04.2016 @ 21:58:42 PDT&quot;,
    &quot;buildUser&quot; : &quot;Code2Cloud Builder&quot;
  }
}"/>
        <property name="test.build.job" value="dcs_dcs.Release-Selenium-Tests"/>
        <property name="test.timeout.project.create" value="660"/>
        <property name="test.user.sdi-agent.name" value="alex.admin"/>
        <property name="test.selenium.browser" value="firefox"/>
        <property name="test.http.proxyPort" value="80"/>
        <property name="test.user.sdi-agent.password" value="Welcome1!"/>
        <property name="test.user.sdi-agent.fullname" value="Alex Admin"/>
        <property name="test.timeout.selenium.navigate" value="20"/>
        <property name="test.target.release" value="16.2.3.0.0"/>
        <property name="test.byom.ip" value="127.0.0.1"/>
        <property name="test.byom.port" value="8585"/>
        <property name="test.notification.type" value="swing"/>
        <property name="test.data.project.override" value=""/>
        <property name="test.timeout.selenium.find" value="1"/>
        <property name="test.user.em-agent.enabled" value="true"/>
        <property name="test.testEmptyOrg.db.id" value=""/>
        <property name="test.reviews.timeout.slowdown" value="0"/>
        <property name="test.http.noProxyHosts" value="localhost|127.0.0.1|*.local|*.oraclecorp.com|*.us.oracle.com"/>
        <property name="test.capture.video" value="true"/>
        <property name="test.user.non-admin.password" value="Welcome1!"/>
        <property name="test.user.non-admin.fullname" value="Tom Testsuite"/>
        <property name="test.user.admin.password" value="Welcome1!"/>
        <property name="test.notification.history" value="3"/>
        <property name="test.user.admin.fullname" value="Tina Testsuite"/>
        <property name="test.capture.screenshots" value="true"/>
        <property name="test.testEmptyOrg.db.connectString" value="jdbc:oracle:thin:@(DESCRIPTION=(ADDRESS=(PROTOCOL=TCP)(HOST=slc09iwb.us.oracle.com)(PORT=1521))(CONNECT_DATA=(SERVICE_NAME=dbpod)))"/>
        <property name="test.firefox.bin" value=""/>
        <property name="test.https.proxyPort" value="80"/>
        <property name="test.develop.offline" value="false"/>
        <property name="test.timeout.build.buildqueue.polling" value="60"/>
        <property name="test.output.dir" value="target/test-reports/"/>
        <property name="test.firefox.allowedHosts" value="localhost,localhost.localdomain"/>
        <property name="test.testEmptyOrg.db.schema" value="BV2RLPNYEWMR"/>
        <property name="test.web.url" value="http://ucf2c-dcs-release-hub1.opcdeveloper.oracleinternalucf2c.oraclecorp.com/qa-dev/"/>
        <property name="test.firefox.extensions" value=""/>
        <property name="test.testEmptyOrg.orgExistsCheck" value="false"/>
        <property name="test.data.dir" value="data/"/>
        <property name="test.notification.font.size" value="15"/>
        <property name="test.testEmptyOrg.service" value="devservice5"/>
        <property name="test.selenium.start.server" value="false"/>
        <property name="test.firefox.profile.path" value=""/>
        <property name="test.selenium.host" value="localhost"/>
        <property name="test.suite" value="BASE"/>
        <property name="test.tests" value=""/>
        <property name="test.user.admin.idm" value="dcsdevteam"/>
        <property name="test.http.proxyHost" value="www-proxy.us.oracle.com"/>
        <property name="test.testMethods" value=""/>
        <property name="test.reviews.dontDeleteEnviroment" value="false"/>
        <property name="test.selenium.browser.maximize" value="false"/>
        <property name="test.firefox.profile.name" value=""/>
        <property name="test.timeout.build.buildqueue" value="1200"/>
        <property name="test.user.em-agent.idm" value="dcsdevteam"/>
        <property name="test.selenium.remote" value="false"/>
        <property name="test.user.sdi-agent.idm" value="dcsdevteam"/>
        <property name="test.byom.authToken" value="123456"/>
        <property name="test.proxy.autodetect" value="false"/>
        <property name="test.testEmptyOrg.idm" value="dcsdevteam"/>
        <property name="test.user.non-admin.idm" value="dcsdevteam"/>
        <property name="test.data.tasks.useexisting" value="false"/>
        <property name="test.selenium.browser.size.w" value="1280"/>
        <property name="test.category" value="DEFAULT"/>
        <property name="test.user.em-agent.name" value="alex.admin"/>
        <property name="test.timeout.slowdown" value="0"/>
      </properties>
    <system-out>
2016-04-12 23:51:39,792 DEBUG [oracle.clouddev.test.selenium.components.AssertElement] Check condition (oracle.clouddev.test.selenium.components.Conditions$5@6f5f27f8) for element [By.xpath: .//button[@id=&apos;odcs-project-selector&apos;]/span[1]] on http://ucf2c-dcs-release-hub1.opcdeveloper.oracleinternalucf2c.oraclecorp.com/qa-dev/#projects/qa-dev_test-shared-project1-1460525673052/admin/build.
2016-04-12 23:51:39,807 INFO  [oracle.clouddev.test.selenium.tests.base.TestHomePage] testImportDuplicateJob
2016-04-12 23:51:39,932 INFO  [oracle.clouddev.test.selenium.tests.base.TestHomePage] JRW: return oj.Translations.getTranslatedString(&apos;admin.build.import.fileuploadComponent.readyToUpload&apos;)
2016-04-12 23:51:39,964 DEBUG [oracle.clouddev.test.selenium.components.AssertElement] Check condition (element is visible) for element [By.xpath: .//span[contains(text(),&apos;Ready to Upload&apos;)]] on http://ucf2c-dcs-release-hub1.opcdeveloper.oracleinternalucf2c.oraclecorp.com/qa-dev/#projects/qa-dev_test-shared-project1-1460525673052/admin/build.
2016-04-12 23:51:39,993 INFO  [oracle.clouddev.test.selenium.tests.base.TestHomePage] JRW: return oj.Translations.getTranslatedString(&apos;admin.build.import.fileuploadComponent.uploadFiles&apos;)
2016-04-12 23:51:40,038 DEBUG [oracle.clouddev.test.selenium.components.AssertElement] Check condition (element is visible) for element [By.xpath: .//span[contains(text(),&apos;Upload File&apos;)]] on http://ucf2c-dcs-release-hub1.opcdeveloper.oracleinternalucf2c.oraclecorp.com/qa-dev/#projects/qa-dev_test-shared-project1-1460525673052/admin/build.
2016-04-12 23:51:40,097 DEBUG [oracle.clouddev.test.selenium.components.AssertElement] Check condition (element is enabled) for element [By.xpath: .//span[contains(text(),&apos;Upload File&apos;)]] on http://ucf2c-dcs-release-hub1.opcdeveloper.oracleinternalucf2c.oraclecorp.com/qa-dev/#projects/qa-dev_test-shared-project1-1460525673052/admin/build.
2016-04-12 23:51:40,151 DEBUG [oracle.clouddev.test.selenium.components.AssertElement] Check condition (element is visible) for element [By.xpath: .//span[contains(text(),&apos;Upload File&apos;)]] on http://ucf2c-dcs-release-hub1.opcdeveloper.oracleinternalucf2c.oraclecorp.com/qa-dev/#projects/qa-dev_test-shared-project1-1460525673052/admin/build.
2016-04-12 23:51:40,371 INFO  [oracle.clouddev.test.selenium.tests.base.TestHomePage] JRW: return oj.Translations.getTranslatedString(&apos;admin.build.import.pendingPrompt&apos;)
2016-04-12 23:51:40,389 DEBUG [oracle.clouddev.test.selenium.components.AssertElement] Check condition (NOT (element is readonly)) for element [By.xpath: .//span[contains(text(),&apos;Pending Imports&apos;)]] on http://ucf2c-dcs-release-hub1.opcdeveloper.oracleinternalucf2c.oraclecorp.com/qa-dev/#projects/qa-dev_test-shared-project1-1460525673052/admin/build.
2016-04-12 23:51:40,475 INFO  [oracle.clouddev.test.selenium.tests.base.TestHomePage] JRW: return oj.Translations.getTranslatedString(&apos;admin.build.import.actionDuplicate.message&apos;)
2016-04-12 23:51:40,546 DEBUG [oracle.clouddev.test.selenium.components.AssertElement] Check condition (element is visible) for element [By.xpath: .//p[contains(text(),&apos;Duplicate Name. Please provide a new name&apos;)]] on http://ucf2c-dcs-release-hub1.opcdeveloper.oracleinternalucf2c.oraclecorp.com/qa-dev/#projects/qa-dev_test-shared-project1-1460525673052/admin/build.
2016-04-12 23:51:40,745 DEBUG [oracle.clouddev.test.selenium.components.AssertElement] Check condition (element is visible) for element [By.xpath: .//tbody[@class=&apos;oj-table-body&apos;]//span[contains(@class, &apos;oj-fwk-icon-status-warning&apos;)]] on http://ucf2c-dcs-release-hub1.opcdeveloper.oracleinternalucf2c.oraclecorp.com/qa-dev/#projects/qa-dev_test-shared-project1-1460525673052/admin/build.
2016-04-12 23:51:40,870 DEBUG [oracle.clouddev.test.selenium.components.AssertElement] Check condition (element has style class &apos;oj-enabled&apos;) for element [By.xpath: .//*[(self::button or self::a or self::input) and @id=&apos;commit&apos;]] on http://ucf2c-dcs-release-hub1.opcdeveloper.oracleinternalucf2c.oraclecorp.com/qa-dev/#projects/qa-dev_test-shared-project1-1460525673052/admin/build.
2016-04-12 23:51:40,918 DEBUG [oracle.clouddev.test.selenium.components.AssertElement] Check condition (element is visible) for element [By.xpath: .//*[(self::button or self::a or self::input) and @id=&apos;commit&apos;]] on http://ucf2c-dcs-release-hub1.opcdeveloper.oracleinternalucf2c.oraclecorp.com/qa-dev/#projects/qa-dev_test-shared-project1-1460525673052/admin/build.
2016-04-12 23:51:40,965 DEBUG [oracle.clouddev.test.selenium.components.AssertElement] Check condition (element has style class &apos;oj-enabled&apos;) for element [By.xpath: .//*[(self::button or self::a or self::input) and @id=&apos;commit&apos;]] on http://ucf2c-dcs-release-hub1.opcdeveloper.oracleinternalucf2c.oraclecorp.com/qa-dev/#projects/qa-dev_test-shared-project1-1460525673052/admin/build.
2016-04-12 23:51:41,067 INFO  [oracle.clouddev.test.selenium.tests.base.TestHomePage] JRW: return oj.Translations.getTranslatedString(&apos;admin.build.import.committedPrompt&apos;,&apos;1&apos;)
2016-04-12 23:51:41,088 DEBUG [oracle.clouddev.test.selenium.components.AssertElement] Check condition (element is visible) for element [By.xpath: .//span[contains(text(),&apos;1 Job Imported Successfully&apos;)]] on http://ucf2c-dcs-release-hub1.opcdeveloper.oracleinternalucf2c.oraclecorp.com/qa-dev/#projects/qa-dev_test-shared-project1-1460525673052/admin/build.
2016-04-12 23:51:41,462 DEBUG [oracle.clouddev.test.selenium.components.AssertElement] Check condition (element is visible) for element [By.id: odcs-nav-tabs] on http://ucf2c-dcs-release-hub1.opcdeveloper.oracleinternalucf2c.oraclecorp.com/qa-dev/#projects/qa-dev_test-shared-project1-1460525673052/admin/build.
2016-04-12 23:51:41,484 DEBUG [oracle.clouddev.test.selenium.components.AssertElement] Check condition (element is visible) for element [By.xpath: .//a[@id=&apos;build&apos;] under [By.id: odcs-nav-tabs]] on http://ucf2c-dcs-release-hub1.opcdeveloper.oracleinternalucf2c.oraclecorp.com/qa-dev/#projects/qa-dev_test-shared-project1-1460525673052/admin/build.
2016-04-12 23:51:41,515 DEBUG [oracle.clouddev.test.selenium.components.AssertElement] Check condition (NOT (element has style class &apos;oj-disabled&apos;)) for element [By.xpath: .//a[@id=&apos;build&apos;] under [By.id: odcs-nav-tabs]] on http://ucf2c-dcs-release-hub1.opcdeveloper.oracleinternalucf2c.oraclecorp.com/qa-dev/#projects/qa-dev_test-shared-project1-1460525673052/admin/build.
2016-04-12 23:51:41,553 DEBUG [oracle.clouddev.test.selenium.components.AssertElement] Check condition (element is visible) for element [By.xpath: .//a[@id=&apos;build&apos;] under [By.id: odcs-nav-tabs]] on http://ucf2c-dcs-release-hub1.opcdeveloper.oracleinternalucf2c.oraclecorp.com/qa-dev/#projects/qa-dev_test-shared-project1-1460525673052/admin/build.
2016-04-12 23:51:42,526 DEBUG [oracle.clouddev.test.selenium.components.AssertElement] Check condition (element has style class &apos;oj-active&apos;) for element [By.xpath: .//a[@id=&apos;build&apos;] under [By.id: odcs-nav-tabs]] on http://ucf2c-dcs-release-hub1.opcdeveloper.oracleinternalucf2c.oraclecorp.com/qa-dev/#projects/qa-dev_test-shared-project1-1460525673052/build.
2016-04-12 23:51:42,593 DEBUG [oracle.clouddev.test.selenium.components.AssertElement] Check condition (element is visible) for element [By.xpath: .//a[@id=&apos;build&apos;] under [By.id: odcs-nav-tabs]] on http://ucf2c-dcs-release-hub1.opcdeveloper.oracleinternalucf2c.oraclecorp.com/qa-dev/#projects/qa-dev_test-shared-project1-1460525673052/build.
2016-04-12 23:51:42,686 INFO  [oracle.clouddev.test.selenium.tests.base.TestHomePage] JRW: return oj.Translations.getTranslatedString(&apos;build.jobs.allJobs&apos;)
2016-04-12 23:51:42,723 DEBUG [oracle.clouddev.test.selenium.components.AssertElement] Check condition (element is enabled) for element [By.xpath: .//span[contains(text(),&apos;All Jobs&apos;)]] on http://ucf2c-dcs-release-hub1.opcdeveloper.oracleinternalucf2c.oraclecorp.com/qa-dev/#projects/qa-dev_test-shared-project1-1460525673052/build.
2016-04-12 23:51:42,753 DEBUG [oracle.clouddev.test.selenium.components.AssertElement] Check condition (element is visible) for element [By.xpath: .//span[contains(text(),&apos;All Jobs&apos;)]] on http://ucf2c-dcs-release-hub1.opcdeveloper.oracleinternalucf2c.oraclecorp.com/qa-dev/#projects/qa-dev_test-shared-project1-1460525673052/build.
2016-04-12 23:51:42,914 DEBUG [oracle.clouddev.test.selenium.components.AssertElement] Check condition (element is visible) for element [By.xpath: .//table[@id=&apos;jobs-table-table&apos;]//td[contains(@class, &apos;oj-table-data-cell&apos;)]//a[text()=&apos;Example&apos;]] on http://ucf2c-dcs-release-hub1.opcdeveloper.oracleinternalucf2c.oraclecorp.com/qa-dev/#projects/qa-dev_test-shared-project1-1460525673052/build.
2016-04-12 23:51:42,973 DEBUG [oracle.clouddev.test.selenium.components.AssertElement] Check condition (element is visible) for element [By.xpath: .//table[@id=&apos;jobs-table-table&apos;]//td[contains(@class, &apos;oj-table-data-cell&apos;)]//a[text()=&apos;Example_2&apos;]] on http://ucf2c-dcs-release-hub1.opcdeveloper.oracleinternalucf2c.oraclecorp.com/qa-dev/#projects/qa-dev_test-shared-project1-1460525673052/build.
2016-04-12 23:51:43,009 DEBUG [oracle.clouddev.test.selenium.components.AssertElement] Check condition (element is visible) for element [By.id: odcs-nav-tabs] on http://ucf2c-dcs-release-hub1.opcdeveloper.oracleinternalucf2c.oraclecorp.com/qa-dev/#projects/qa-dev_test-shared-project1-1460525673052/build.
2016-04-12 23:51:43,031 DEBUG [oracle.clouddev.test.selenium.components.AssertElement] Check condition (element is visible) for element [By.xpath: .//a[@id=&apos;admin&apos;] under [By.id: odcs-nav-tabs]] on http://ucf2c-dcs-release-hub1.opcdeveloper.oracleinternalucf2c.oraclecorp.com/qa-dev/#projects/qa-dev_test-shared-project1-1460525673052/build.
2016-04-12 23:51:43,077 DEBUG [oracle.clouddev.test.selenium.components.AssertElement] Check condition (NOT (element has style class &apos;oj-disabled&apos;)) for element [By.xpath: .//a[@id=&apos;admin&apos;] under [By.id: odcs-nav-tabs]] on http://ucf2c-dcs-release-hub1.opcdeveloper.oracleinternalucf2c.oraclecorp.com/qa-dev/#projects/qa-dev_test-shared-project1-1460525673052/build.
2016-04-12 23:51:43,131 DEBUG [oracle.clouddev.test.selenium.components.AssertElement] Check condition (element is visible) for element [By.xpath: .//a[@id=&apos;admin&apos;] under [By.id: odcs-nav-tabs]] on http://ucf2c-dcs-release-hub1.opcdeveloper.oracleinternalucf2c.oraclecorp.com/qa-dev/#projects/qa-dev_test-shared-project1-1460525673052/build.
2016-04-12 23:51:43,705 DEBUG [oracle.clouddev.test.selenium.components.AssertElement] Check condition (element has style class &apos;oj-active&apos;) for element [By.xpath: .//a[@id=&apos;admin&apos;] under [By.id: odcs-nav-tabs]] on http://ucf2c-dcs-release-hub1.opcdeveloper.oracleinternalucf2c.oraclecorp.com/qa-dev/#projects/qa-dev_test-shared-project1-1460525673052/admin/build.
2016-04-12 23:51:43,737 DEBUG [oracle.clouddev.test.selenium.components.AssertElement] Check condition (element is visible) for element [By.xpath: .//a[@id=&apos;admin&apos;] under [By.id: odcs-nav-tabs]] on http://ucf2c-dcs-release-hub1.opcdeveloper.oracleinternalucf2c.oraclecorp.com/qa-dev/#projects/qa-dev_test-shared-project1-1460525673052/admin/build.
    </system-out>
    </testcase>
    <testcase classname="oracle.clouddev.test.selenium.tests.develop.jobimport.TestHudsonJobImportPage" name="testImportPluginProblemJob" time="5.893">
      <properties>
        <property name="java.runtime.name" value="Java(TM) SE Runtime Environment"/>
        <property name="exec.mainClass" value="oracle.clouddev.test.selenium.RunTests"/>
        <property name="sun.boot.library.path" value="/usr/java/jdk1.8.0_74/jre/lib/amd64"/>
        <property name="java.vm.version" value="25.74-b02"/>
        <property name="java.vm.vendor" value="Oracle Corporation"/>
        <property name="java.vendor.url" value="http://java.oracle.com/"/>
        <property name="guice.disable.misplaced.annotation.check" value="true"/>
        <property name="path.separator" value=":"/>
        <property name="java.vm.name" value="Java HotSpot(TM) 64-Bit Server VM"/>
        <property name="file.encoding.pkg" value="sun.io"/>
        <property name="user.country" value="US"/>
        <property name="sun.java.launcher" value="SUN_STANDARD"/>
        <property name="sun.os.patch.level" value="unknown"/>
        <property name="http.noProxyHosts" value="localhost|127.0.0.1|*.local|*.oraclecorp.com|*.us.oracle.com"/>
        <property name="java.vm.specification.name" value="Java Virtual Machine Specification"/>
        <property name="user.dir" value="/home/builder/hudson/workspace/dcs_dcs.Release-Selenium-Tests/selenium-tests"/>
        <property name="java.runtime.version" value="1.8.0_74-b02"/>
        <property name="java.awt.graphicsenv" value="sun.awt.X11GraphicsEnvironment"/>
        <property name="java.endorsed.dirs" value="/usr/java/jdk1.8.0_74/jre/lib/endorsed"/>
        <property name="os.arch" value="amd64"/>
        <property name="java.io.tmpdir" value="/tmp"/>
        <property name="line.separator" value="
"/>
        <property name="java.vm.specification.vendor" value="Oracle Corporation"/>
        <property name="https.proxyHost" value="www-proxy.us.oracle.com"/>
        <property name="os.name" value="Linux"/>
        <property name="classworlds.conf" value="/usr/local/apache-maven/apache-maven-3.0.4/bin/m2.conf"/>
        <property name="sun.jnu.encoding" value="UTF-8"/>
        <property name="http.proxyPort" value="80"/>
        <property name="java.library.path" value="/usr/java/packages/lib/amd64:/usr/lib64:/lib64:/lib:/usr/lib"/>
        <property name="sun.awt.enableExtraMouseButtons" value="true"/>
        <property name="java.specification.name" value="Java Platform API Specification"/>
        <property name="java.class.version" value="52.0"/>
        <property name="sun.management.compiler" value="HotSpot 64-Bit Tiered Compilers"/>
        <property name="os.version" value="3.8.13-55.1.1.el6uek.x86_64"/>
        <property name="user.home" value="/home/builder"/>
        <property name="user.timezone" value="PST8PDT"/>
        <property name="java.awt.printerjob" value="sun.print.PSPrinterJob"/>
        <property name="file.encoding" value="UTF-8"/>
        <property name="java.specification.version" value="1.8"/>
        <property name="java.class.path" value="/usr/local/apache-maven/apache-maven-3.0.4/boot/plexus-classworlds-2.4.jar"/>
        <property name="user.name" value="builder"/>
        <property name="java.vm.specification.version" value="1.8"/>
        <property name="sun.java.command" value="org.codehaus.plexus.classworlds.launcher.Launcher -f /home/c2c/hudson/workspace/dcs_dcs.Release-Selenium-Tests/selenium-tests/pom.xml --batch-mode exec:java -Dexec.mainClass=oracle.clouddev.test.selenium.RunTests -Dexec.args=selenium.browser.size.w=1280 selenium.browser.size.h=960 capture.video=true capture.screenshots=true notification.type=swing notification.history=3 notification.font.size=15 job-release-selenium-tests.properties build.job=dcs_dcs.Release-Selenium-Tests build.number=295 target.release=16.2.3.0.0 timeout.build.buildqueue=1200 timeout.build.buildqueue.polling=60 -s BASE --tag base"/>
        <property name="java.home" value="/usr/java/jdk1.8.0_74/jre"/>
        <property name="sun.arch.data.model" value="64"/>
        <property name="user.language" value="en"/>
        <property name="java.specification.vendor" value="Oracle Corporation"/>
        <property name="awt.toolkit" value="sun.awt.X11.XToolkit"/>
        <property name="java.vm.info" value="mixed mode"/>
        <property name="java.version" value="1.8.0_74"/>
        <property name="securerandom.source" value="file:/dev/./urandom"/>
        <property name="java.ext.dirs" value="/usr/java/jdk1.8.0_74/jre/lib/ext:/usr/java/packages/lib/ext"/>
        <property name="http.proxyHost" value="www-proxy.us.oracle.com"/>
        <property name="sun.boot.class.path" value="/usr/java/jdk1.8.0_74/jre/lib/resources.jar:/usr/java/jdk1.8.0_74/jre/lib/rt.jar:/usr/java/jdk1.8.0_74/jre/lib/sunrsasign.jar:/usr/java/jdk1.8.0_74/jre/lib/jsse.jar:/usr/java/jdk1.8.0_74/jre/lib/jce.jar:/usr/java/jdk1.8.0_74/jre/lib/charsets.jar:/usr/java/jdk1.8.0_74/jre/lib/jfr.jar:/usr/java/jdk1.8.0_74/jre/classes"/>
        <property name="java.vendor" value="Oracle Corporation"/>
        <property name="maven.home" value="/usr/local/apache-maven/apache-maven-3.0.4"/>
        <property name="file.separator" value="/"/>
        <property name="java.vendor.url.bug" value="http://bugreport.sun.com/bugreport/"/>
        <property name="sun.font.fontmanager" value="sun.awt.X11FontManager"/>
        <property name="sun.io.unicode.encoding" value="UnicodeLittle"/>
        <property name="sun.cpu.endian" value="little"/>
        <property name="https.proxyPort" value="80"/>
        <property name="exec.args" value="selenium.browser.size.w=1280 selenium.browser.size.h=960 capture.video=true capture.screenshots=true notification.type=swing notification.history=3 notification.font.size=15 job-release-selenium-tests.properties build.job=dcs_dcs.Release-Selenium-Tests build.number=295 target.release=16.2.3.0.0 timeout.build.buildqueue=1200 timeout.build.buildqueue.polling=60 -s BASE --tag base"/>
        <property name="sun.cpu.isalist" value=""/>
        <property name="test.selenium.browser.size.h" value="960"/>
        <property name="test.user.non-admin.name" value="tom.testsuite"/>
        <property name="test.https.proxyHost" value="www-proxy.us.oracle.com"/>
        <property name="test.user.admin.name" value="tina.testsuite"/>
        <property name="test.user.em-agent.password" value="Welcome1!"/>
        <property name="test.tag" value="base"/>
        <property name="test.user.em-agent.fullname" value="Alex Admin"/>
        <property name="test.selenium.port" value="44000"/>
        <property name="test.build.number" value="295"/>
        <property name="test.user.sdi-agent.enabled" value="true"/>
        <property name="test.timeout.assert.condition" value="30"/>
        <property name="test.target.version" value="{
  &quot;buildInformation&quot; : {
    &quot;gitCommitId&quot; : &quot;6415b9c07a83d336f513936eb79c4a925510b07b&quot;,
    &quot;gitCommitMessage&quot; : &quot;Merge branch &apos;Fix18963&apos; into &apos;patchset_16_2_3&apos;&quot;,
    &quot;buildTime&quot; : &quot;12.04.2016 @ 21:58:42 PDT&quot;,
    &quot;buildUser&quot; : &quot;Code2Cloud Builder&quot;
  }
}"/>
        <property name="test.build.job" value="dcs_dcs.Release-Selenium-Tests"/>
        <property name="test.timeout.project.create" value="660"/>
        <property name="test.user.sdi-agent.name" value="alex.admin"/>
        <property name="test.selenium.browser" value="firefox"/>
        <property name="test.http.proxyPort" value="80"/>
        <property name="test.user.sdi-agent.password" value="Welcome1!"/>
        <property name="test.user.sdi-agent.fullname" value="Alex Admin"/>
        <property name="test.timeout.selenium.navigate" value="20"/>
        <property name="test.target.release" value="16.2.3.0.0"/>
        <property name="test.byom.ip" value="127.0.0.1"/>
        <property name="test.byom.port" value="8585"/>
        <property name="test.notification.type" value="swing"/>
        <property name="test.data.project.override" value=""/>
        <property name="test.timeout.selenium.find" value="1"/>
        <property name="test.user.em-agent.enabled" value="true"/>
        <property name="test.testEmptyOrg.db.id" value=""/>
        <property name="test.reviews.timeout.slowdown" value="0"/>
        <property name="test.http.noProxyHosts" value="localhost|127.0.0.1|*.local|*.oraclecorp.com|*.us.oracle.com"/>
        <property name="test.capture.video" value="true"/>
        <property name="test.user.non-admin.password" value="Welcome1!"/>
        <property name="test.user.non-admin.fullname" value="Tom Testsuite"/>
        <property name="test.user.admin.password" value="Welcome1!"/>
        <property name="test.notification.history" value="3"/>
        <property name="test.user.admin.fullname" value="Tina Testsuite"/>
        <property name="test.capture.screenshots" value="true"/>
        <property name="test.testEmptyOrg.db.connectString" value="jdbc:oracle:thin:@(DESCRIPTION=(ADDRESS=(PROTOCOL=TCP)(HOST=slc09iwb.us.oracle.com)(PORT=1521))(CONNECT_DATA=(SERVICE_NAME=dbpod)))"/>
        <property name="test.firefox.bin" value=""/>
        <property name="test.https.proxyPort" value="80"/>
        <property name="test.develop.offline" value="false"/>
        <property name="test.timeout.build.buildqueue.polling" value="60"/>
        <property name="test.output.dir" value="target/test-reports/"/>
        <property name="test.firefox.allowedHosts" value="localhost,localhost.localdomain"/>
        <property name="test.testEmptyOrg.db.schema" value="BV2RLPNYEWMR"/>
        <property name="test.web.url" value="http://ucf2c-dcs-release-hub1.opcdeveloper.oracleinternalucf2c.oraclecorp.com/qa-dev/"/>
        <property name="test.firefox.extensions" value=""/>
        <property name="test.testEmptyOrg.orgExistsCheck" value="false"/>
        <property name="test.data.dir" value="data/"/>
        <property name="test.notification.font.size" value="15"/>
        <property name="test.testEmptyOrg.service" value="devservice5"/>
        <property name="test.selenium.start.server" value="false"/>
        <property name="test.firefox.profile.path" value=""/>
        <property name="test.selenium.host" value="localhost"/>
        <property name="test.suite" value="BASE"/>
        <property name="test.tests" value=""/>
        <property name="test.user.admin.idm" value="dcsdevteam"/>
        <property name="test.http.proxyHost" value="www-proxy.us.oracle.com"/>
        <property name="test.testMethods" value=""/>
        <property name="test.reviews.dontDeleteEnviroment" value="false"/>
        <property name="test.selenium.browser.maximize" value="false"/>
        <property name="test.firefox.profile.name" value=""/>
        <property name="test.timeout.build.buildqueue" value="1200"/>
        <property name="test.user.em-agent.idm" value="dcsdevteam"/>
        <property name="test.selenium.remote" value="false"/>
        <property name="test.user.sdi-agent.idm" value="dcsdevteam"/>
        <property name="test.byom.authToken" value="123456"/>
        <property name="test.proxy.autodetect" value="false"/>
        <property name="test.testEmptyOrg.idm" value="dcsdevteam"/>
        <property name="test.user.non-admin.idm" value="dcsdevteam"/>
        <property name="test.data.tasks.useexisting" value="false"/>
        <property name="test.selenium.browser.size.w" value="1280"/>
        <property name="test.category" value="DEFAULT"/>
        <property name="test.user.em-agent.name" value="alex.admin"/>
        <property name="test.timeout.slowdown" value="0"/>
      </properties>
    <system-out>
2016-04-12 23:51:44,109 DEBUG [oracle.clouddev.test.selenium.components.AssertElement] Check condition (oracle.clouddev.test.selenium.components.Conditions$5@b90b835) for element [By.xpath: .//button[@id=&apos;odcs-project-selector&apos;]/span[1]] on http://ucf2c-dcs-release-hub1.opcdeveloper.oracleinternalucf2c.oraclecorp.com/qa-dev/#projects/qa-dev_test-shared-project1-1460525673052/admin/build.
2016-04-12 23:51:44,124 INFO  [oracle.clouddev.test.selenium.tests.base.TestHomePage] testImportPluginProblemJob
2016-04-12 23:51:44,218 INFO  [oracle.clouddev.test.selenium.tests.base.TestHomePage] JRW: return oj.Translations.getTranslatedString(&apos;admin.build.import.fileuploadComponent.readyToUpload&apos;)
2016-04-12 23:51:44,246 DEBUG [oracle.clouddev.test.selenium.components.AssertElement] Check condition (element is visible) for element [By.xpath: .//span[contains(text(),&apos;Ready to Upload&apos;)]] on http://ucf2c-dcs-release-hub1.opcdeveloper.oracleinternalucf2c.oraclecorp.com/qa-dev/#projects/qa-dev_test-shared-project1-1460525673052/admin/build.
2016-04-12 23:51:44,276 INFO  [oracle.clouddev.test.selenium.tests.base.TestHomePage] JRW: return oj.Translations.getTranslatedString(&apos;admin.build.import.fileuploadComponent.uploadFiles&apos;)
2016-04-12 23:51:44,313 DEBUG [oracle.clouddev.test.selenium.components.AssertElement] Check condition (element is visible) for element [By.xpath: .//span[contains(text(),&apos;Upload File&apos;)]] on http://ucf2c-dcs-release-hub1.opcdeveloper.oracleinternalucf2c.oraclecorp.com/qa-dev/#projects/qa-dev_test-shared-project1-1460525673052/admin/build.
2016-04-12 23:51:44,339 DEBUG [oracle.clouddev.test.selenium.components.AssertElement] Check condition (element is enabled) for element [By.xpath: .//span[contains(text(),&apos;Upload File&apos;)]] on http://ucf2c-dcs-release-hub1.opcdeveloper.oracleinternalucf2c.oraclecorp.com/qa-dev/#projects/qa-dev_test-shared-project1-1460525673052/admin/build.
2016-04-12 23:51:44,366 DEBUG [oracle.clouddev.test.selenium.components.AssertElement] Check condition (element is visible) for element [By.xpath: .//span[contains(text(),&apos;Upload File&apos;)]] on http://ucf2c-dcs-release-hub1.opcdeveloper.oracleinternalucf2c.oraclecorp.com/qa-dev/#projects/qa-dev_test-shared-project1-1460525673052/admin/build.
2016-04-12 23:51:44,589 INFO  [oracle.clouddev.test.selenium.tests.base.TestHomePage] JRW: return oj.Translations.getTranslatedString(&apos;admin.build.import.pendingPrompt&apos;)
2016-04-12 23:51:45,027 DEBUG [oracle.clouddev.test.selenium.components.AssertElement] Check condition (element is visible) for element [By.xpath: .//span[contains(text(),&apos;Pending Imports&apos;)]] on http://ucf2c-dcs-release-hub1.opcdeveloper.oracleinternalucf2c.oraclecorp.com/qa-dev/#projects/qa-dev_test-shared-project1-1460525673052/admin/build.
2016-04-12 23:51:45,138 DEBUG [oracle.clouddev.test.selenium.components.AssertElement] Check condition (element is visible) for element [By.xpath: .//tbody[@class=&apos;oj-table-body&apos;]//p[starts-with(text(), &apos;One or more plugins&apos;)] under [By.id: pendingImportsContainer]] on http://ucf2c-dcs-release-hub1.opcdeveloper.oracleinternalucf2c.oraclecorp.com/qa-dev/#projects/qa-dev_test-shared-project1-1460525673052/admin/build.
2016-04-12 23:51:45,555 DEBUG [oracle.clouddev.test.selenium.components.AssertElement] Check condition (element is visible) for element [By.xpath: .//tbody[@class=&apos;oj-table-body&apos;]//span[contains(@class, &apos;oj-fwk-icon-status-warning&apos;)] under [By.id: pendingImportsContainer]] on http://ucf2c-dcs-release-hub1.opcdeveloper.oracleinternalucf2c.oraclecorp.com/qa-dev/#projects/qa-dev_test-shared-project1-1460525673052/admin/build.
2016-04-12 23:51:45,590 DEBUG [oracle.clouddev.test.selenium.components.AssertElement] Check condition (element is visible) for element [By.xpath: .//tbody[@class=&apos;oj-table-body&apos;]//span[contains(text(), &apos;View Details&apos;)] under [By.id: pendingImportsContainer]] on http://ucf2c-dcs-release-hub1.opcdeveloper.oracleinternalucf2c.oraclecorp.com/qa-dev/#projects/qa-dev_test-shared-project1-1460525673052/admin/build.
2016-04-12 23:51:45,629 DEBUG [oracle.clouddev.test.selenium.components.AssertElement] Check condition (element is visible) for element [By.xpath: .//tbody[@class=&apos;oj-table-body&apos;]//input[@class=&apos;oj-inputtext&apos; and @type=&apos;checkbox&apos;] under [By.id: pendingImportsContainer]] on http://ucf2c-dcs-release-hub1.opcdeveloper.oracleinternalucf2c.oraclecorp.com/qa-dev/#projects/qa-dev_test-shared-project1-1460525673052/admin/build.
2016-04-12 23:51:46,049 DEBUG [oracle.clouddev.test.selenium.components.AssertElement] Check condition (element has style class &apos;oj-enabled&apos;) for element [By.xpath: .//*[(self::button or self::a or self::input) and @id=&apos;commit&apos;] under [By.id: pendingImportsContainer]] on http://ucf2c-dcs-release-hub1.opcdeveloper.oracleinternalucf2c.oraclecorp.com/qa-dev/#projects/qa-dev_test-shared-project1-1460525673052/admin/build.
2016-04-12 23:51:46,097 DEBUG [oracle.clouddev.test.selenium.components.AssertElement] Check condition (element is visible) for element [By.xpath: .//*[(self::button or self::a or self::input) and @id=&apos;commit&apos;] under [By.id: pendingImportsContainer]] on http://ucf2c-dcs-release-hub1.opcdeveloper.oracleinternalucf2c.oraclecorp.com/qa-dev/#projects/qa-dev_test-shared-project1-1460525673052/admin/build.
2016-04-12 23:51:46,139 DEBUG [oracle.clouddev.test.selenium.components.AssertElement] Check condition (element has style class &apos;oj-enabled&apos;) for element [By.xpath: .//*[(self::button or self::a or self::input) and @id=&apos;commit&apos;] under [By.id: pendingImportsContainer]] on http://ucf2c-dcs-release-hub1.opcdeveloper.oracleinternalucf2c.oraclecorp.com/qa-dev/#projects/qa-dev_test-shared-project1-1460525673052/admin/build.
2016-04-12 23:51:46,397 INFO  [oracle.clouddev.test.selenium.tests.base.TestHomePage] JRW: return oj.Translations.getTranslatedString(&apos;admin.build.import.committedPrompt&apos;,&apos;1&apos;)
2016-04-12 23:51:46,409 INFO  [oracle.clouddev.test.selenium.tests.base.TestHomePage] JRW: 1 Job Imported Successfully
2016-04-12 23:51:46,420 DEBUG [oracle.clouddev.test.selenium.components.AssertElement] Check condition (element is visible) for element [By.xpath: .//span[contains(text(),&apos;1 Job Imported Successfully&apos;)]] on http://ucf2c-dcs-release-hub1.opcdeveloper.oracleinternalucf2c.oraclecorp.com/qa-dev/#projects/qa-dev_test-shared-project1-1460525673052/admin/build.
2016-04-12 23:51:47,101 DEBUG [oracle.clouddev.test.selenium.components.AssertElement] Check condition (element is visible) for element [By.id: odcs-nav-tabs] on http://ucf2c-dcs-release-hub1.opcdeveloper.oracleinternalucf2c.oraclecorp.com/qa-dev/#projects/qa-dev_test-shared-project1-1460525673052/admin/build.
2016-04-12 23:51:47,121 DEBUG [oracle.clouddev.test.selenium.components.AssertElement] Check condition (element is visible) for element [By.xpath: .//a[@id=&apos;build&apos;] under [By.id: odcs-nav-tabs]] on http://ucf2c-dcs-release-hub1.opcdeveloper.oracleinternalucf2c.oraclecorp.com/qa-dev/#projects/qa-dev_test-shared-project1-1460525673052/admin/build.
2016-04-12 23:51:47,182 DEBUG [oracle.clouddev.test.selenium.components.AssertElement] Check condition (NOT (element has style class &apos;oj-disabled&apos;)) for element [By.xpath: .//a[@id=&apos;build&apos;] under [By.id: odcs-nav-tabs]] on http://ucf2c-dcs-release-hub1.opcdeveloper.oracleinternalucf2c.oraclecorp.com/qa-dev/#projects/qa-dev_test-shared-project1-1460525673052/admin/build.
2016-04-12 23:51:47,225 DEBUG [oracle.clouddev.test.selenium.components.AssertElement] Check condition (element is visible) for element [By.xpath: .//a[@id=&apos;build&apos;] under [By.id: odcs-nav-tabs]] on http://ucf2c-dcs-release-hub1.opcdeveloper.oracleinternalucf2c.oraclecorp.com/qa-dev/#projects/qa-dev_test-shared-project1-1460525673052/admin/build.
2016-04-12 23:51:47,743 DEBUG [oracle.clouddev.test.selenium.components.AssertElement] Check condition (element has style class &apos;oj-active&apos;) for element [By.xpath: .//a[@id=&apos;build&apos;] under [By.id: odcs-nav-tabs]] on http://ucf2c-dcs-release-hub1.opcdeveloper.oracleinternalucf2c.oraclecorp.com/qa-dev/#projects/qa-dev_test-shared-project1-1460525673052/build.
2016-04-12 23:51:48,389 DEBUG [oracle.clouddev.test.selenium.components.AssertElement] Check condition (element is visible) for element [By.xpath: .//a[@id=&apos;build&apos;] under [By.id: odcs-nav-tabs]] on http://ucf2c-dcs-release-hub1.opcdeveloper.oracleinternalucf2c.oraclecorp.com/qa-dev/#projects/qa-dev_test-shared-project1-1460525673052/build.
2016-04-12 23:51:48,558 INFO  [oracle.clouddev.test.selenium.tests.base.TestHomePage] JRW: return oj.Translations.getTranslatedString(&apos;build.jobs.allJobs&apos;)
2016-04-12 23:51:48,590 DEBUG [oracle.clouddev.test.selenium.components.AssertElement] Check condition (element is enabled) for element [By.xpath: .//span[contains(text(),&apos;All Jobs&apos;)]] on http://ucf2c-dcs-release-hub1.opcdeveloper.oracleinternalucf2c.oraclecorp.com/qa-dev/#projects/qa-dev_test-shared-project1-1460525673052/build.
2016-04-12 23:51:48,651 DEBUG [oracle.clouddev.test.selenium.components.AssertElement] Check condition (element is visible) for element [By.xpath: .//span[contains(text(),&apos;All Jobs&apos;)]] on http://ucf2c-dcs-release-hub1.opcdeveloper.oracleinternalucf2c.oraclecorp.com/qa-dev/#projects/qa-dev_test-shared-project1-1460525673052/build.
2016-04-12 23:51:48,816 DEBUG [oracle.clouddev.test.selenium.components.AssertElement] Check condition (element is visible) for element [By.xpath: .//table[@id=&apos;jobs-table-table&apos;]//td[contains(@class, &apos;oj-table-data-cell&apos;)]//a[text()=&apos;WSTests_Main_SOAP&apos;]] on http://ucf2c-dcs-release-hub1.opcdeveloper.oracleinternalucf2c.oraclecorp.com/qa-dev/#projects/qa-dev_test-shared-project1-1460525673052/build.
2016-04-12 23:51:48,886 DEBUG [oracle.clouddev.test.selenium.components.AssertElement] Check condition (element is visible) for element [By.id: odcs-nav-tabs] on http://ucf2c-dcs-release-hub1.opcdeveloper.oracleinternalucf2c.oraclecorp.com/qa-dev/#projects/qa-dev_test-shared-project1-1460525673052/build.
2016-04-12 23:51:48,909 DEBUG [oracle.clouddev.test.selenium.components.AssertElement] Check condition (element is visible) for element [By.xpath: .//a[@id=&apos;admin&apos;] under [By.id: odcs-nav-tabs]] on http://ucf2c-dcs-release-hub1.opcdeveloper.oracleinternalucf2c.oraclecorp.com/qa-dev/#projects/qa-dev_test-shared-project1-1460525673052/build.
2016-04-12 23:51:48,939 DEBUG [oracle.clouddev.test.selenium.components.AssertElement] Check condition (NOT (element has style class &apos;oj-disabled&apos;)) for element [By.xpath: .//a[@id=&apos;admin&apos;] under [By.id: odcs-nav-tabs]] on http://ucf2c-dcs-release-hub1.opcdeveloper.oracleinternalucf2c.oraclecorp.com/qa-dev/#projects/qa-dev_test-shared-project1-1460525673052/build.
2016-04-12 23:51:48,970 DEBUG [oracle.clouddev.test.selenium.components.AssertElement] Check condition (element is visible) for element [By.xpath: .//a[@id=&apos;admin&apos;] under [By.id: odcs-nav-tabs]] on http://ucf2c-dcs-release-hub1.opcdeveloper.oracleinternalucf2c.oraclecorp.com/qa-dev/#projects/qa-dev_test-shared-project1-1460525673052/build.
2016-04-12 23:51:49,622 DEBUG [oracle.clouddev.test.selenium.components.AssertElement] Check condition (element has style class &apos;oj-active&apos;) for element [By.xpath: .//a[@id=&apos;admin&apos;] under [By.id: odcs-nav-tabs]] on http://ucf2c-dcs-release-hub1.opcdeveloper.oracleinternalucf2c.oraclecorp.com/qa-dev/#projects/qa-dev_test-shared-project1-1460525673052/admin/build.
2016-04-12 23:51:49,652 DEBUG [oracle.clouddev.test.selenium.components.AssertElement] Check condition (element is visible) for element [By.xpath: .//a[@id=&apos;admin&apos;] under [By.id: odcs-nav-tabs]] on http://ucf2c-dcs-release-hub1.opcdeveloper.oracleinternalucf2c.oraclecorp.com/qa-dev/#projects/qa-dev_test-shared-project1-1460525673052/admin/build.
    </system-out>
    </testcase>
    <testcase classname="oracle.clouddev.test.selenium.tests.develop.jobimport.TestHudsonJobImportPage" name="_class_destroy_" time="0.000">
      <properties>
        <property name="java.runtime.name" value="Java(TM) SE Runtime Environment"/>
        <property name="exec.mainClass" value="oracle.clouddev.test.selenium.RunTests"/>
        <property name="sun.boot.library.path" value="/usr/java/jdk1.8.0_74/jre/lib/amd64"/>
        <property name="java.vm.version" value="25.74-b02"/>
        <property name="java.vm.vendor" value="Oracle Corporation"/>
        <property name="java.vendor.url" value="http://java.oracle.com/"/>
        <property name="guice.disable.misplaced.annotation.check" value="true"/>
        <property name="path.separator" value=":"/>
        <property name="java.vm.name" value="Java HotSpot(TM) 64-Bit Server VM"/>
        <property name="file.encoding.pkg" value="sun.io"/>
        <property name="user.country" value="US"/>
        <property name="sun.java.launcher" value="SUN_STANDARD"/>
        <property name="sun.os.patch.level" value="unknown"/>
        <property name="http.noProxyHosts" value="localhost|127.0.0.1|*.local|*.oraclecorp.com|*.us.oracle.com"/>
        <property name="java.vm.specification.name" value="Java Virtual Machine Specification"/>
        <property name="user.dir" value="/home/builder/hudson/workspace/dcs_dcs.Release-Selenium-Tests/selenium-tests"/>
        <property name="java.runtime.version" value="1.8.0_74-b02"/>
        <property name="java.awt.graphicsenv" value="sun.awt.X11GraphicsEnvironment"/>
        <property name="java.endorsed.dirs" value="/usr/java/jdk1.8.0_74/jre/lib/endorsed"/>
        <property name="os.arch" value="amd64"/>
        <property name="java.io.tmpdir" value="/tmp"/>
        <property name="line.separator" value="
"/>
        <property name="java.vm.specification.vendor" value="Oracle Corporation"/>
        <property name="https.proxyHost" value="www-proxy.us.oracle.com"/>
        <property name="os.name" value="Linux"/>
        <property name="classworlds.conf" value="/usr/local/apache-maven/apache-maven-3.0.4/bin/m2.conf"/>
        <property name="sun.jnu.encoding" value="UTF-8"/>
        <property name="http.proxyPort" value="80"/>
        <property name="java.library.path" value="/usr/java/packages/lib/amd64:/usr/lib64:/lib64:/lib:/usr/lib"/>
        <property name="sun.awt.enableExtraMouseButtons" value="true"/>
        <property name="java.specification.name" value="Java Platform API Specification"/>
        <property name="java.class.version" value="52.0"/>
        <property name="sun.management.compiler" value="HotSpot 64-Bit Tiered Compilers"/>
        <property name="os.version" value="3.8.13-55.1.1.el6uek.x86_64"/>
        <property name="user.home" value="/home/builder"/>
        <property name="user.timezone" value="PST8PDT"/>
        <property name="java.awt.printerjob" value="sun.print.PSPrinterJob"/>
        <property name="file.encoding" value="UTF-8"/>
        <property name="java.specification.version" value="1.8"/>
        <property name="java.class.path" value="/usr/local/apache-maven/apache-maven-3.0.4/boot/plexus-classworlds-2.4.jar"/>
        <property name="user.name" value="builder"/>
        <property name="java.vm.specification.version" value="1.8"/>
        <property name="sun.java.command" value="org.codehaus.plexus.classworlds.launcher.Launcher -f /home/c2c/hudson/workspace/dcs_dcs.Release-Selenium-Tests/selenium-tests/pom.xml --batch-mode exec:java -Dexec.mainClass=oracle.clouddev.test.selenium.RunTests -Dexec.args=selenium.browser.size.w=1280 selenium.browser.size.h=960 capture.video=true capture.screenshots=true notification.type=swing notification.history=3 notification.font.size=15 job-release-selenium-tests.properties build.job=dcs_dcs.Release-Selenium-Tests build.number=295 target.release=16.2.3.0.0 timeout.build.buildqueue=1200 timeout.build.buildqueue.polling=60 -s BASE --tag base"/>
        <property name="java.home" value="/usr/java/jdk1.8.0_74/jre"/>
        <property name="sun.arch.data.model" value="64"/>
        <property name="user.language" value="en"/>
        <property name="java.specification.vendor" value="Oracle Corporation"/>
        <property name="awt.toolkit" value="sun.awt.X11.XToolkit"/>
        <property name="java.vm.info" value="mixed mode"/>
        <property name="java.version" value="1.8.0_74"/>
        <property name="securerandom.source" value="file:/dev/./urandom"/>
        <property name="java.ext.dirs" value="/usr/java/jdk1.8.0_74/jre/lib/ext:/usr/java/packages/lib/ext"/>
        <property name="http.proxyHost" value="www-proxy.us.oracle.com"/>
        <property name="sun.boot.class.path" value="/usr/java/jdk1.8.0_74/jre/lib/resources.jar:/usr/java/jdk1.8.0_74/jre/lib/rt.jar:/usr/java/jdk1.8.0_74/jre/lib/sunrsasign.jar:/usr/java/jdk1.8.0_74/jre/lib/jsse.jar:/usr/java/jdk1.8.0_74/jre/lib/jce.jar:/usr/java/jdk1.8.0_74/jre/lib/charsets.jar:/usr/java/jdk1.8.0_74/jre/lib/jfr.jar:/usr/java/jdk1.8.0_74/jre/classes"/>
        <property name="java.vendor" value="Oracle Corporation"/>
        <property name="maven.home" value="/usr/local/apache-maven/apache-maven-3.0.4"/>
        <property name="file.separator" value="/"/>
        <property name="java.vendor.url.bug" value="http://bugreport.sun.com/bugreport/"/>
        <property name="sun.font.fontmanager" value="sun.awt.X11FontManager"/>
        <property name="sun.io.unicode.encoding" value="UnicodeLittle"/>
        <property name="sun.cpu.endian" value="little"/>
        <property name="https.proxyPort" value="80"/>
        <property name="exec.args" value="selenium.browser.size.w=1280 selenium.browser.size.h=960 capture.video=true capture.screenshots=true notification.type=swing notification.history=3 notification.font.size=15 job-release-selenium-tests.properties build.job=dcs_dcs.Release-Selenium-Tests build.number=295 target.release=16.2.3.0.0 timeout.build.buildqueue=1200 timeout.build.buildqueue.polling=60 -s BASE --tag base"/>
        <property name="sun.cpu.isalist" value=""/>
        <property name="test.selenium.browser.size.h" value="960"/>
        <property name="test.user.non-admin.name" value="tom.testsuite"/>
        <property name="test.https.proxyHost" value="www-proxy.us.oracle.com"/>
        <property name="test.user.admin.name" value="tina.testsuite"/>
        <property name="test.user.em-agent.password" value="Welcome1!"/>
        <property name="test.tag" value="base"/>
        <property name="test.user.em-agent.fullname" value="Alex Admin"/>
        <property name="test.selenium.port" value="44000"/>
        <property name="test.build.number" value="295"/>
        <property name="test.user.sdi-agent.enabled" value="true"/>
        <property name="test.timeout.assert.condition" value="30"/>
        <property name="test.target.version" value="{
  &quot;buildInformation&quot; : {
    &quot;gitCommitId&quot; : &quot;6415b9c07a83d336f513936eb79c4a925510b07b&quot;,
    &quot;gitCommitMessage&quot; : &quot;Merge branch &apos;Fix18963&apos; into &apos;patchset_16_2_3&apos;&quot;,
    &quot;buildTime&quot; : &quot;12.04.2016 @ 21:58:42 PDT&quot;,
    &quot;buildUser&quot; : &quot;Code2Cloud Builder&quot;
  }
}"/>
        <property name="test.build.job" value="dcs_dcs.Release-Selenium-Tests"/>
        <property name="test.timeout.project.create" value="660"/>
        <property name="test.user.sdi-agent.name" value="alex.admin"/>
        <property name="test.selenium.browser" value="firefox"/>
        <property name="test.http.proxyPort" value="80"/>
        <property name="test.user.sdi-agent.password" value="Welcome1!"/>
        <property name="test.user.sdi-agent.fullname" value="Alex Admin"/>
        <property name="test.timeout.selenium.navigate" value="20"/>
        <property name="test.target.release" value="16.2.3.0.0"/>
        <property name="test.byom.ip" value="127.0.0.1"/>
        <property name="test.byom.port" value="8585"/>
        <property name="test.notification.type" value="swing"/>
        <property name="test.data.project.override" value=""/>
        <property name="test.timeout.selenium.find" value="1"/>
        <property name="test.user.em-agent.enabled" value="true"/>
        <property name="test.testEmptyOrg.db.id" value=""/>
        <property name="test.reviews.timeout.slowdown" value="0"/>
        <property name="test.http.noProxyHosts" value="localhost|127.0.0.1|*.local|*.oraclecorp.com|*.us.oracle.com"/>
        <property name="test.capture.video" value="true"/>
        <property name="test.user.non-admin.password" value="Welcome1!"/>
        <property name="test.user.non-admin.fullname" value="Tom Testsuite"/>
        <property name="test.user.admin.password" value="Welcome1!"/>
        <property name="test.notification.history" value="3"/>
        <property name="test.user.admin.fullname" value="Tina Testsuite"/>
        <property name="test.capture.screenshots" value="true"/>
        <property name="test.testEmptyOrg.db.connectString" value="jdbc:oracle:thin:@(DESCRIPTION=(ADDRESS=(PROTOCOL=TCP)(HOST=slc09iwb.us.oracle.com)(PORT=1521))(CONNECT_DATA=(SERVICE_NAME=dbpod)))"/>
        <property name="test.firefox.bin" value=""/>
        <property name="test.https.proxyPort" value="80"/>
        <property name="test.develop.offline" value="false"/>
        <property name="test.timeout.build.buildqueue.polling" value="60"/>
        <property name="test.output.dir" value="target/test-reports/"/>
        <property name="test.firefox.allowedHosts" value="localhost,localhost.localdomain"/>
        <property name="test.testEmptyOrg.db.schema" value="BV2RLPNYEWMR"/>
        <property name="test.web.url" value="http://ucf2c-dcs-release-hub1.opcdeveloper.oracleinternalucf2c.oraclecorp.com/qa-dev/"/>
        <property name="test.firefox.extensions" value=""/>
        <property name="test.testEmptyOrg.orgExistsCheck" value="false"/>
        <property name="test.data.dir" value="data/"/>
        <property name="test.notification.font.size" value="15"/>
        <property name="test.testEmptyOrg.service" value="devservice5"/>
        <property name="test.selenium.start.server" value="false"/>
        <property name="test.firefox.profile.path" value=""/>
        <property name="test.selenium.host" value="localhost"/>
        <property name="test.suite" value="BASE"/>
        <property name="test.tests" value=""/>
        <property name="test.user.admin.idm" value="dcsdevteam"/>
        <property name="test.http.proxyHost" value="www-proxy.us.oracle.com"/>
        <property name="test.testMethods" value=""/>
        <property name="test.reviews.dontDeleteEnviroment" value="false"/>
        <property name="test.selenium.browser.maximize" value="false"/>
        <property name="test.firefox.profile.name" value=""/>
        <property name="test.timeout.build.buildqueue" value="1200"/>
        <property name="test.user.em-agent.idm" value="dcsdevteam"/>
        <property name="test.selenium.remote" value="false"/>
        <property name="test.user.sdi-agent.idm" value="dcsdevteam"/>
        <property name="test.byom.authToken" value="123456"/>
        <property name="test.proxy.autodetect" value="false"/>
        <property name="test.testEmptyOrg.idm" value="dcsdevteam"/>
        <property name="test.user.non-admin.idm" value="dcsdevteam"/>
        <property name="test.data.tasks.useexisting" value="false"/>
        <property name="test.selenium.browser.size.w" value="1280"/>
        <property name="test.category" value="DEFAULT"/>
        <property name="test.user.em-agent.name" value="alex.admin"/>
        <property name="test.timeout.slowdown" value="0"/>
      </properties>
    </testcase>
  </testsuite>
