<?xml version="1.0" encoding="UTF-8"?>
  <testsuite name="oracle.clouddev.test.selenium.tests.base.TestHomePage" errors="0" test="10" failures="0" skipped="0" timestamp="20160412T224636-0700" time="4515.566">
    <testcase classname="oracle.clouddev.test.selenium.tests.base.TestHomePage" name="_class_init_" time="0.000">
      <properties>
        <property name="java.runtime.name" value="Java(TM) SE Runtime Environment"/>
        <property name="exec.mainClass" value="oracle.clouddev.test.selenium.RunTests"/>
        <property name="sun.boot.library.path" value="/usr/java/jdk1.8.0_74/jre/lib/amd64"/>
        <property name="java.vm.version" value="25.74-b02"/>
        <property name="java.vm.vendor" value="Oracle Corporation"/>
        <property name="java.vendor.url" value="http://java.oracle.com/"/>
        <property name="guice.disable.misplaced.annotation.check" value="true"/>
        <property name="path.separator" value=":"/>
        <property name="java.vm.name" value="Java HotSpot(TM) 64-Bit Server VM"/>
        <property name="file.encoding.pkg" value="sun.io"/>
        <property name="user.country" value="US"/>
        <property name="sun.java.launcher" value="SUN_STANDARD"/>
        <property name="sun.os.patch.level" value="unknown"/>
        <property name="http.noProxyHosts" value="localhost|127.0.0.1|*.local|*.oraclecorp.com|*.us.oracle.com"/>
        <property name="java.vm.specification.name" value="Java Virtual Machine Specification"/>
        <property name="user.dir" value="/home/builder/hudson/workspace/dcs_dcs.Release-Selenium-Tests/selenium-tests"/>
        <property name="java.runtime.version" value="1.8.0_74-b02"/>
        <property name="java.awt.graphicsenv" value="sun.awt.X11GraphicsEnvironment"/>
        <property name="java.endorsed.dirs" value="/usr/java/jdk1.8.0_74/jre/lib/endorsed"/>
        <property name="os.arch" value="amd64"/>
        <property name="java.io.tmpdir" value="/tmp"/>
        <property name="line.separator" value="
"/>
        <property name="java.vm.specification.vendor" value="Oracle Corporation"/>
        <property name="https.proxyHost" value="www-proxy.us.oracle.com"/>
        <property name="os.name" value="Linux"/>
        <property name="classworlds.conf" value="/usr/local/apache-maven/apache-maven-3.0.4/bin/m2.conf"/>
        <property name="sun.jnu.encoding" value="UTF-8"/>
        <property name="http.proxyPort" value="80"/>
        <property name="java.library.path" value="/usr/java/packages/lib/amd64:/usr/lib64:/lib64:/lib:/usr/lib"/>
        <property name="sun.awt.enableExtraMouseButtons" value="true"/>
        <property name="java.specification.name" value="Java Platform API Specification"/>
        <property name="java.class.version" value="52.0"/>
        <property name="sun.management.compiler" value="HotSpot 64-Bit Tiered Compilers"/>
        <property name="os.version" value="3.8.13-55.1.1.el6uek.x86_64"/>
        <property name="user.home" value="/home/builder"/>
        <property name="user.timezone" value="PST8PDT"/>
        <property name="java.awt.printerjob" value="sun.print.PSPrinterJob"/>
        <property name="file.encoding" value="UTF-8"/>
        <property name="java.specification.version" value="1.8"/>
        <property name="java.class.path" value="/usr/local/apache-maven/apache-maven-3.0.4/boot/plexus-classworlds-2.4.jar"/>
        <property name="user.name" value="builder"/>
        <property name="java.vm.specification.version" value="1.8"/>
        <property name="sun.java.command" value="org.codehaus.plexus.classworlds.launcher.Launcher -f /home/c2c/hudson/workspace/dcs_dcs.Release-Selenium-Tests/selenium-tests/pom.xml --batch-mode exec:java -Dexec.mainClass=oracle.clouddev.test.selenium.RunTests -Dexec.args=selenium.browser.size.w=1280 selenium.browser.size.h=960 capture.video=true capture.screenshots=true notification.type=swing notification.history=3 notification.font.size=15 job-release-selenium-tests.properties build.job=dcs_dcs.Release-Selenium-Tests build.number=295 target.release=16.2.3.0.0 timeout.build.buildqueue=1200 timeout.build.buildqueue.polling=60 -s BASE --tag base"/>
        <property name="java.home" value="/usr/java/jdk1.8.0_74/jre"/>
        <property name="sun.arch.data.model" value="64"/>
        <property name="user.language" value="en"/>
        <property name="java.specification.vendor" value="Oracle Corporation"/>
        <property name="awt.toolkit" value="sun.awt.X11.XToolkit"/>
        <property name="java.vm.info" value="mixed mode"/>
        <property name="java.version" value="1.8.0_74"/>
        <property name="securerandom.source" value="file:/dev/./urandom"/>
        <property name="java.ext.dirs" value="/usr/java/jdk1.8.0_74/jre/lib/ext:/usr/java/packages/lib/ext"/>
        <property name="http.proxyHost" value="www-proxy.us.oracle.com"/>
        <property name="sun.boot.class.path" value="/usr/java/jdk1.8.0_74/jre/lib/resources.jar:/usr/java/jdk1.8.0_74/jre/lib/rt.jar:/usr/java/jdk1.8.0_74/jre/lib/sunrsasign.jar:/usr/java/jdk1.8.0_74/jre/lib/jsse.jar:/usr/java/jdk1.8.0_74/jre/lib/jce.jar:/usr/java/jdk1.8.0_74/jre/lib/charsets.jar:/usr/java/jdk1.8.0_74/jre/lib/jfr.jar:/usr/java/jdk1.8.0_74/jre/classes"/>
        <property name="java.vendor" value="Oracle Corporation"/>
        <property name="maven.home" value="/usr/local/apache-maven/apache-maven-3.0.4"/>
        <property name="file.separator" value="/"/>
        <property name="java.vendor.url.bug" value="http://bugreport.sun.com/bugreport/"/>
        <property name="sun.font.fontmanager" value="sun.awt.X11FontManager"/>
        <property name="sun.io.unicode.encoding" value="UnicodeLittle"/>
        <property name="sun.cpu.endian" value="little"/>
        <property name="https.proxyPort" value="80"/>
        <property name="exec.args" value="selenium.browser.size.w=1280 selenium.browser.size.h=960 capture.video=true capture.screenshots=true notification.type=swing notification.history=3 notification.font.size=15 job-release-selenium-tests.properties build.job=dcs_dcs.Release-Selenium-Tests build.number=295 target.release=16.2.3.0.0 timeout.build.buildqueue=1200 timeout.build.buildqueue.polling=60 -s BASE --tag base"/>
        <property name="sun.cpu.isalist" value=""/>
        <property name="test.selenium.browser.size.h" value="960"/>
        <property name="test.user.non-admin.name" value="tom.testsuite"/>
        <property name="test.https.proxyHost" value="www-proxy.us.oracle.com"/>
        <property name="test.user.admin.name" value="tina.testsuite"/>
        <property name="test.user.em-agent.password" value="Welcome1!"/>
        <property name="test.tag" value="base"/>
        <property name="test.user.em-agent.fullname" value="Alex Admin"/>
        <property name="test.selenium.port" value="44000"/>
        <property name="test.build.number" value="295"/>
        <property name="test.user.sdi-agent.enabled" value="true"/>
        <property name="test.timeout.assert.condition" value="30"/>
        <property name="test.target.version" value="{
  &quot;buildInformation&quot; : {
    &quot;gitCommitId&quot; : &quot;6415b9c07a83d336f513936eb79c4a925510b07b&quot;,
    &quot;gitCommitMessage&quot; : &quot;Merge branch &apos;Fix18963&apos; into &apos;patchset_16_2_3&apos;&quot;,
    &quot;buildTime&quot; : &quot;12.04.2016 @ 21:58:42 PDT&quot;,
    &quot;buildUser&quot; : &quot;Code2Cloud Builder&quot;
  }
}"/>
        <property name="test.build.job" value="dcs_dcs.Release-Selenium-Tests"/>
        <property name="test.timeout.project.create" value="660"/>
        <property name="test.user.sdi-agent.name" value="alex.admin"/>
        <property name="test.selenium.browser" value="firefox"/>
        <property name="test.http.proxyPort" value="80"/>
        <property name="test.user.sdi-agent.password" value="Welcome1!"/>
        <property name="test.user.sdi-agent.fullname" value="Alex Admin"/>
        <property name="test.timeout.selenium.navigate" value="20"/>
        <property name="test.target.release" value="16.2.3.0.0"/>
        <property name="test.byom.ip" value="127.0.0.1"/>
        <property name="test.byom.port" value="8585"/>
        <property name="test.notification.type" value="swing"/>
        <property name="test.data.project.override" value=""/>
        <property name="test.timeout.selenium.find" value="1"/>
        <property name="test.user.em-agent.enabled" value="true"/>
        <property name="test.testEmptyOrg.db.id" value=""/>
        <property name="test.reviews.timeout.slowdown" value="0"/>
        <property name="test.http.noProxyHosts" value="localhost|127.0.0.1|*.local|*.oraclecorp.com|*.us.oracle.com"/>
        <property name="test.capture.video" value="true"/>
        <property name="test.user.non-admin.password" value="Welcome1!"/>
        <property name="test.user.non-admin.fullname" value="Tom Testsuite"/>
        <property name="test.user.admin.password" value="Welcome1!"/>
        <property name="test.notification.history" value="3"/>
        <property name="test.user.admin.fullname" value="Tina Testsuite"/>
        <property name="test.capture.screenshots" value="true"/>
        <property name="test.testEmptyOrg.db.connectString" value="jdbc:oracle:thin:@(DESCRIPTION=(ADDRESS=(PROTOCOL=TCP)(HOST=slc09iwb.us.oracle.com)(PORT=1521))(CONNECT_DATA=(SERVICE_NAME=dbpod)))"/>
        <property name="test.firefox.bin" value=""/>
        <property name="test.https.proxyPort" value="80"/>
        <property name="test.develop.offline" value="false"/>
        <property name="test.timeout.build.buildqueue.polling" value="60"/>
        <property name="test.output.dir" value="target/test-reports/"/>
        <property name="test.firefox.allowedHosts" value="localhost,localhost.localdomain"/>
        <property name="test.testEmptyOrg.db.schema" value="BV2RLPNYEWMR"/>
        <property name="test.web.url" value="http://ucf2c-dcs-release-hub1.opcdeveloper.oracleinternalucf2c.oraclecorp.com/qa-dev/"/>
        <property name="test.firefox.extensions" value=""/>
        <property name="test.testEmptyOrg.orgExistsCheck" value="false"/>
        <property name="test.data.dir" value="data/"/>
        <property name="test.notification.font.size" value="15"/>
        <property name="test.testEmptyOrg.service" value="devservice5"/>
        <property name="test.selenium.start.server" value="false"/>
        <property name="test.firefox.profile.path" value=""/>
        <property name="test.selenium.host" value="localhost"/>
        <property name="test.suite" value="BASE"/>
        <property name="test.tests" value=""/>
        <property name="test.user.admin.idm" value="dcsdevteam"/>
        <property name="test.http.proxyHost" value="www-proxy.us.oracle.com"/>
        <property name="test.testMethods" value=""/>
        <property name="test.reviews.dontDeleteEnviroment" value="false"/>
        <property name="test.selenium.browser.maximize" value="false"/>
        <property name="test.firefox.profile.name" value=""/>
        <property name="test.timeout.build.buildqueue" value="1200"/>
        <property name="test.user.em-agent.idm" value="dcsdevteam"/>
        <property name="test.selenium.remote" value="false"/>
        <property name="test.user.sdi-agent.idm" value="dcsdevteam"/>
        <property name="test.byom.authToken" value="123456"/>
        <property name="test.proxy.autodetect" value="false"/>
        <property name="test.testEmptyOrg.idm" value="dcsdevteam"/>
        <property name="test.user.non-admin.idm" value="dcsdevteam"/>
        <property name="test.data.tasks.useexisting" value="false"/>
        <property name="test.selenium.browser.size.w" value="1280"/>
        <property name="test.category" value="DEFAULT"/>
        <property name="test.user.em-agent.name" value="alex.admin"/>
        <property name="test.timeout.slowdown" value="0"/>
      </properties>
    </testcase>
    <testcase classname="oracle.clouddev.test.selenium.tests.base.TestHomePage" name="testNewRepositoryDialogNonEmpty" time="9.467">
      <properties>
        <property name="java.runtime.name" value="Java(TM) SE Runtime Environment"/>
        <property name="exec.mainClass" value="oracle.clouddev.test.selenium.RunTests"/>
        <property name="sun.boot.library.path" value="/usr/java/jdk1.8.0_74/jre/lib/amd64"/>
        <property name="java.vm.version" value="25.74-b02"/>
        <property name="java.vm.vendor" value="Oracle Corporation"/>
        <property name="java.vendor.url" value="http://java.oracle.com/"/>
        <property name="guice.disable.misplaced.annotation.check" value="true"/>
        <property name="path.separator" value=":"/>
        <property name="java.vm.name" value="Java HotSpot(TM) 64-Bit Server VM"/>
        <property name="file.encoding.pkg" value="sun.io"/>
        <property name="user.country" value="US"/>
        <property name="sun.java.launcher" value="SUN_STANDARD"/>
        <property name="sun.os.patch.level" value="unknown"/>
        <property name="http.noProxyHosts" value="localhost|127.0.0.1|*.local|*.oraclecorp.com|*.us.oracle.com"/>
        <property name="java.vm.specification.name" value="Java Virtual Machine Specification"/>
        <property name="user.dir" value="/home/builder/hudson/workspace/dcs_dcs.Release-Selenium-Tests/selenium-tests"/>
        <property name="java.runtime.version" value="1.8.0_74-b02"/>
        <property name="java.awt.graphicsenv" value="sun.awt.X11GraphicsEnvironment"/>
        <property name="java.endorsed.dirs" value="/usr/java/jdk1.8.0_74/jre/lib/endorsed"/>
        <property name="os.arch" value="amd64"/>
        <property name="java.io.tmpdir" value="/tmp"/>
        <property name="line.separator" value="
"/>
        <property name="java.vm.specification.vendor" value="Oracle Corporation"/>
        <property name="https.proxyHost" value="www-proxy.us.oracle.com"/>
        <property name="os.name" value="Linux"/>
        <property name="classworlds.conf" value="/usr/local/apache-maven/apache-maven-3.0.4/bin/m2.conf"/>
        <property name="sun.jnu.encoding" value="UTF-8"/>
        <property name="http.proxyPort" value="80"/>
        <property name="java.library.path" value="/usr/java/packages/lib/amd64:/usr/lib64:/lib64:/lib:/usr/lib"/>
        <property name="sun.awt.enableExtraMouseButtons" value="true"/>
        <property name="java.specification.name" value="Java Platform API Specification"/>
        <property name="java.class.version" value="52.0"/>
        <property name="sun.management.compiler" value="HotSpot 64-Bit Tiered Compilers"/>
        <property name="os.version" value="3.8.13-55.1.1.el6uek.x86_64"/>
        <property name="user.home" value="/home/builder"/>
        <property name="user.timezone" value="PST8PDT"/>
        <property name="java.awt.printerjob" value="sun.print.PSPrinterJob"/>
        <property name="file.encoding" value="UTF-8"/>
        <property name="java.specification.version" value="1.8"/>
        <property name="java.class.path" value="/usr/local/apache-maven/apache-maven-3.0.4/boot/plexus-classworlds-2.4.jar"/>
        <property name="user.name" value="builder"/>
        <property name="java.vm.specification.version" value="1.8"/>
        <property name="sun.java.command" value="org.codehaus.plexus.classworlds.launcher.Launcher -f /home/c2c/hudson/workspace/dcs_dcs.Release-Selenium-Tests/selenium-tests/pom.xml --batch-mode exec:java -Dexec.mainClass=oracle.clouddev.test.selenium.RunTests -Dexec.args=selenium.browser.size.w=1280 selenium.browser.size.h=960 capture.video=true capture.screenshots=true notification.type=swing notification.history=3 notification.font.size=15 job-release-selenium-tests.properties build.job=dcs_dcs.Release-Selenium-Tests build.number=295 target.release=16.2.3.0.0 timeout.build.buildqueue=1200 timeout.build.buildqueue.polling=60 -s BASE --tag base"/>
        <property name="java.home" value="/usr/java/jdk1.8.0_74/jre"/>
        <property name="sun.arch.data.model" value="64"/>
        <property name="user.language" value="en"/>
        <property name="java.specification.vendor" value="Oracle Corporation"/>
        <property name="awt.toolkit" value="sun.awt.X11.XToolkit"/>
        <property name="java.vm.info" value="mixed mode"/>
        <property name="java.version" value="1.8.0_74"/>
        <property name="securerandom.source" value="file:/dev/./urandom"/>
        <property name="java.ext.dirs" value="/usr/java/jdk1.8.0_74/jre/lib/ext:/usr/java/packages/lib/ext"/>
        <property name="http.proxyHost" value="www-proxy.us.oracle.com"/>
        <property name="sun.boot.class.path" value="/usr/java/jdk1.8.0_74/jre/lib/resources.jar:/usr/java/jdk1.8.0_74/jre/lib/rt.jar:/usr/java/jdk1.8.0_74/jre/lib/sunrsasign.jar:/usr/java/jdk1.8.0_74/jre/lib/jsse.jar:/usr/java/jdk1.8.0_74/jre/lib/jce.jar:/usr/java/jdk1.8.0_74/jre/lib/charsets.jar:/usr/java/jdk1.8.0_74/jre/lib/jfr.jar:/usr/java/jdk1.8.0_74/jre/classes"/>
        <property name="java.vendor" value="Oracle Corporation"/>
        <property name="maven.home" value="/usr/local/apache-maven/apache-maven-3.0.4"/>
        <property name="file.separator" value="/"/>
        <property name="java.vendor.url.bug" value="http://bugreport.sun.com/bugreport/"/>
        <property name="sun.font.fontmanager" value="sun.awt.X11FontManager"/>
        <property name="sun.io.unicode.encoding" value="UnicodeLittle"/>
        <property name="sun.cpu.endian" value="little"/>
        <property name="https.proxyPort" value="80"/>
        <property name="exec.args" value="selenium.browser.size.w=1280 selenium.browser.size.h=960 capture.video=true capture.screenshots=true notification.type=swing notification.history=3 notification.font.size=15 job-release-selenium-tests.properties build.job=dcs_dcs.Release-Selenium-Tests build.number=295 target.release=16.2.3.0.0 timeout.build.buildqueue=1200 timeout.build.buildqueue.polling=60 -s BASE --tag base"/>
        <property name="sun.cpu.isalist" value=""/>
        <property name="test.selenium.browser.size.h" value="960"/>
        <property name="test.user.non-admin.name" value="tom.testsuite"/>
        <property name="test.https.proxyHost" value="www-proxy.us.oracle.com"/>
        <property name="test.user.admin.name" value="tina.testsuite"/>
        <property name="test.user.em-agent.password" value="Welcome1!"/>
        <property name="test.tag" value="base"/>
        <property name="test.user.em-agent.fullname" value="Alex Admin"/>
        <property name="test.selenium.port" value="44000"/>
        <property name="test.build.number" value="295"/>
        <property name="test.user.sdi-agent.enabled" value="true"/>
        <property name="test.timeout.assert.condition" value="30"/>
        <property name="test.target.version" value="{
  &quot;buildInformation&quot; : {
    &quot;gitCommitId&quot; : &quot;6415b9c07a83d336f513936eb79c4a925510b07b&quot;,
    &quot;gitCommitMessage&quot; : &quot;Merge branch &apos;Fix18963&apos; into &apos;patchset_16_2_3&apos;&quot;,
    &quot;buildTime&quot; : &quot;12.04.2016 @ 21:58:42 PDT&quot;,
    &quot;buildUser&quot; : &quot;Code2Cloud Builder&quot;
  }
}"/>
        <property name="test.build.job" value="dcs_dcs.Release-Selenium-Tests"/>
        <property name="test.timeout.project.create" value="660"/>
        <property name="test.user.sdi-agent.name" value="alex.admin"/>
        <property name="test.selenium.browser" value="firefox"/>
        <property name="test.http.proxyPort" value="80"/>
        <property name="test.user.sdi-agent.password" value="Welcome1!"/>
        <property name="test.user.sdi-agent.fullname" value="Alex Admin"/>
        <property name="test.timeout.selenium.navigate" value="20"/>
        <property name="test.target.release" value="16.2.3.0.0"/>
        <property name="test.byom.ip" value="127.0.0.1"/>
        <property name="test.byom.port" value="8585"/>
        <property name="test.notification.type" value="swing"/>
        <property name="test.data.project.override" value=""/>
        <property name="test.timeout.selenium.find" value="1"/>
        <property name="test.user.em-agent.enabled" value="true"/>
        <property name="test.testEmptyOrg.db.id" value=""/>
        <property name="test.reviews.timeout.slowdown" value="0"/>
        <property name="test.http.noProxyHosts" value="localhost|127.0.0.1|*.local|*.oraclecorp.com|*.us.oracle.com"/>
        <property name="test.capture.video" value="true"/>
        <property name="test.user.non-admin.password" value="Welcome1!"/>
        <property name="test.user.non-admin.fullname" value="Tom Testsuite"/>
        <property name="test.user.admin.password" value="Welcome1!"/>
        <property name="test.notification.history" value="3"/>
        <property name="test.user.admin.fullname" value="Tina Testsuite"/>
        <property name="test.capture.screenshots" value="true"/>
        <property name="test.testEmptyOrg.db.connectString" value="jdbc:oracle:thin:@(DESCRIPTION=(ADDRESS=(PROTOCOL=TCP)(HOST=slc09iwb.us.oracle.com)(PORT=1521))(CONNECT_DATA=(SERVICE_NAME=dbpod)))"/>
        <property name="test.firefox.bin" value=""/>
        <property name="test.https.proxyPort" value="80"/>
        <property name="test.develop.offline" value="false"/>
        <property name="test.timeout.build.buildqueue.polling" value="60"/>
        <property name="test.output.dir" value="target/test-reports/"/>
        <property name="test.firefox.allowedHosts" value="localhost,localhost.localdomain"/>
        <property name="test.testEmptyOrg.db.schema" value="BV2RLPNYEWMR"/>
        <property name="test.web.url" value="http://ucf2c-dcs-release-hub1.opcdeveloper.oracleinternalucf2c.oraclecorp.com/qa-dev/"/>
        <property name="test.firefox.extensions" value=""/>
        <property name="test.testEmptyOrg.orgExistsCheck" value="false"/>
        <property name="test.data.dir" value="data/"/>
        <property name="test.notification.font.size" value="15"/>
        <property name="test.testEmptyOrg.service" value="devservice5"/>
        <property name="test.selenium.start.server" value="false"/>
        <property name="test.firefox.profile.path" value=""/>
        <property name="test.selenium.host" value="localhost"/>
        <property name="test.suite" value="BASE"/>
        <property name="test.tests" value=""/>
        <property name="test.user.admin.idm" value="dcsdevteam"/>
        <property name="test.http.proxyHost" value="www-proxy.us.oracle.com"/>
        <property name="test.testMethods" value=""/>
        <property name="test.reviews.dontDeleteEnviroment" value="false"/>
        <property name="test.selenium.browser.maximize" value="false"/>
        <property name="test.firefox.profile.name" value=""/>
        <property name="test.timeout.build.buildqueue" value="1200"/>
        <property name="test.user.em-agent.idm" value="dcsdevteam"/>
        <property name="test.selenium.remote" value="false"/>
        <property name="test.user.sdi-agent.idm" value="dcsdevteam"/>
        <property name="test.byom.authToken" value="123456"/>
        <property name="test.proxy.autodetect" value="false"/>
        <property name="test.testEmptyOrg.idm" value="dcsdevteam"/>
        <property name="test.user.non-admin.idm" value="dcsdevteam"/>
        <property name="test.data.tasks.useexisting" value="false"/>
        <property name="test.selenium.browser.size.w" value="1280"/>
        <property name="test.category" value="DEFAULT"/>
        <property name="test.user.em-agent.name" value="alex.admin"/>
        <property name="test.timeout.slowdown" value="0"/>
      </properties>
    <system-out>
2016-04-12 22:46:27,431 INFO  [oracle.clouddev.test.selenium.tests.base.TestHomePage] Go to the project home page
2016-04-12 22:46:27,431 DEBUG [oracle.clouddev.test.selenium.junit.BrowserSession] navigating to project qa-dev_test-shared-project1-1460525673052 (http://ucf2c-dcs-release-hub1.opcdeveloper.oracleinternalucf2c.oraclecorp.com/qa-dev/#/projects/qa-dev_test-shared-project1-1460525673052)
2016-04-12 22:46:27,492 DEBUG [oracle.clouddev.test.selenium.components.AssertElement] Check condition (oracle.clouddev.test.selenium.components.Conditions$5@1a120544) for element [By.xpath: .//button[@id=&apos;odcs-project-selector&apos;]/span[1]] on http://ucf2c-dcs-release-hub1.opcdeveloper.oracleinternalucf2c.oraclecorp.com/qa-dev/#/projects/qa-dev_test-shared-project1-1460525673052.
2016-04-12 22:46:28,776 DEBUG [oracle.clouddev.test.selenium.components.AssertElement] Check condition (NOT (element is visible)) for element [By.id: page-provision] on http://ucf2c-dcs-release-hub1.opcdeveloper.oracleinternalucf2c.oraclecorp.com/qa-dev/#/projects/qa-dev_test-shared-project1-1460525673052.
2016-04-12 22:46:29,787 INFO  [oracle.clouddev.test.selenium.tests.base.TestHomePage] Waiting for the activites to be loaded...
2016-04-12 22:46:29,798 DEBUG [oracle.clouddev.test.selenium.components.AssertElement] Check condition (element is visible) for element [By.xpath: .//div[@id=&apos;activities-filter-button&apos;]] on http://ucf2c-dcs-release-hub1.opcdeveloper.oracleinternalucf2c.oraclecorp.com/qa-dev/#/projects/qa-dev_test-shared-project1-1460525673052.
2016-04-12 22:46:29,826 DEBUG [oracle.clouddev.test.selenium.components.AssertElement] Check condition (element is visible) for element [By.xpath: .//*[(self::button or self::a or self::input) and @id=&apos;new-repo-green-button&apos;]] on http://ucf2c-dcs-release-hub1.opcdeveloper.oracleinternalucf2c.oraclecorp.com/qa-dev/#/projects/qa-dev_test-shared-project1-1460525673052.
2016-04-12 22:46:29,854 DEBUG [oracle.clouddev.test.selenium.components.AssertElement] Check condition (element has style class &apos;oj-enabled&apos;) for element [By.xpath: .//*[(self::button or self::a or self::input) and @id=&apos;new-repo-green-button&apos;]] on http://ucf2c-dcs-release-hub1.opcdeveloper.oracleinternalucf2c.oraclecorp.com/qa-dev/#/projects/qa-dev_test-shared-project1-1460525673052.
2016-04-12 22:46:30,459 DEBUG [oracle.clouddev.test.selenium.components.AssertElement] Check condition (element is visible) for element [By.xpath: .//div[contains(@class,&apos;oj-dialog&apos;)]/div[@id=&apos;repository-dialog&apos;]/..] on http://ucf2c-dcs-release-hub1.opcdeveloper.oracleinternalucf2c.oraclecorp.com/qa-dev/#/projects/qa-dev_test-shared-project1-1460525673052.
2016-04-12 22:46:30,486 DEBUG [oracle.clouddev.test.selenium.components.AssertElement] Check condition (element is visible) for element [By.xpath: .//input[@id=&apos;repo-name&apos;] under [By.xpath: .//div[contains(@class,&apos;oj-dialog&apos;)]/div[@id=&apos;repository-dialog&apos;]/..]] on http://ucf2c-dcs-release-hub1.opcdeveloper.oracleinternalucf2c.oraclecorp.com/qa-dev/#/projects/qa-dev_test-shared-project1-1460525673052.
2016-04-12 22:46:30,522 DEBUG [oracle.clouddev.test.selenium.components.AssertElement] Check condition (NOT (element is readonly)) for element [By.xpath: .//input[@id=&apos;repo-name&apos;] under [By.xpath: .//div[contains(@class,&apos;oj-dialog&apos;)]/div[@id=&apos;repository-dialog&apos;]/..]] on http://ucf2c-dcs-release-hub1.opcdeveloper.oracleinternalucf2c.oraclecorp.com/qa-dev/#/projects/qa-dev_test-shared-project1-1460525673052.
2016-04-12 22:46:30,553 DEBUG [oracle.clouddev.test.selenium.components.AssertElement] Check condition (element is visible) for element [By.xpath: .//input[@id=&apos;repo-name&apos;] under [By.xpath: .//div[contains(@class,&apos;oj-dialog&apos;)]/div[@id=&apos;repository-dialog&apos;]/..]] on http://ucf2c-dcs-release-hub1.opcdeveloper.oracleinternalucf2c.oraclecorp.com/qa-dev/#/projects/qa-dev_test-shared-project1-1460525673052.
2016-04-12 22:46:30,832 DEBUG [oracle.clouddev.test.selenium.components.AssertElement] Check condition (element is visible) for element [By.xpath: .//textarea[@id=&apos;repo-description&apos;] under [By.xpath: .//div[contains(@class,&apos;oj-dialog&apos;)]/div[@id=&apos;repository-dialog&apos;]/..]] on http://ucf2c-dcs-release-hub1.opcdeveloper.oracleinternalucf2c.oraclecorp.com/qa-dev/#/projects/qa-dev_test-shared-project1-1460525673052.
2016-04-12 22:46:30,869 DEBUG [oracle.clouddev.test.selenium.components.AssertElement] Check condition (element is visible) for element [By.xpath: .//textarea[@id=&apos;repo-description&apos;] under [By.xpath: .//div[contains(@class,&apos;oj-dialog&apos;)]/div[@id=&apos;repository-dialog&apos;]/..]] on http://ucf2c-dcs-release-hub1.opcdeveloper.oracleinternalucf2c.oraclecorp.com/qa-dev/#/projects/qa-dev_test-shared-project1-1460525673052.
2016-04-12 22:46:31,238 DEBUG [oracle.clouddev.test.selenium.components.AssertElement] Check condition (element is visible) for element [By.xpath: .//div[@id=&apos;repo-initial-radio&apos;] under [By.xpath: .//div[contains(@class,&apos;oj-dialog&apos;)]/div[@id=&apos;repository-dialog&apos;]/..]] on http://ucf2c-dcs-release-hub1.opcdeveloper.oracleinternalucf2c.oraclecorp.com/qa-dev/#/projects/qa-dev_test-shared-project1-1460525673052.
2016-04-12 22:46:31,274 DEBUG [oracle.clouddev.test.selenium.components.AssertElement] Check condition (element is visible) for element [By.xpath: .//input[@id=&apos;repo-initial-readme&apos;] under [By.xpath: .//div[@id=&apos;repo-initial-radio&apos;] under [By.xpath: .//div[contains(@class,&apos;oj-dialog&apos;)]/div[@id=&apos;repository-dialog&apos;]/..]]] on http://ucf2c-dcs-release-hub1.opcdeveloper.oracleinternalucf2c.oraclecorp.com/qa-dev/#/projects/qa-dev_test-shared-project1-1460525673052.
2016-04-12 22:46:31,321 DEBUG [oracle.clouddev.test.selenium.components.AssertElement] Check condition (checkbox is checked) for element [By.xpath: .//input[@id=&apos;repo-initial-readme&apos;] under [By.xpath: .//div[@id=&apos;repo-initial-radio&apos;] under [By.xpath: .//div[contains(@class,&apos;oj-dialog&apos;)]/div[@id=&apos;repository-dialog&apos;]/..]]] on http://ucf2c-dcs-release-hub1.opcdeveloper.oracleinternalucf2c.oraclecorp.com/qa-dev/#/projects/qa-dev_test-shared-project1-1460525673052.
2016-04-12 22:46:31,368 DEBUG [oracle.clouddev.test.selenium.components.AssertElement] Check condition (element is visible) for element [By.xpath: .//input[@id=&apos;repo-initial-readme&apos;] under [By.xpath: .//div[@id=&apos;repo-initial-radio&apos;] under [By.xpath: .//div[contains(@class,&apos;oj-dialog&apos;)]/div[@id=&apos;repository-dialog&apos;]/..]]] on http://ucf2c-dcs-release-hub1.opcdeveloper.oracleinternalucf2c.oraclecorp.com/qa-dev/#/projects/qa-dev_test-shared-project1-1460525673052.
2016-04-12 22:46:31,612 DEBUG [oracle.clouddev.test.selenium.components.AssertElement] Check condition (element is visible) for element [By.xpath: .//*[(self::button or self::a or self::input) and @id=&apos;repo-button-create&apos;] under [By.xpath: .//div[contains(@class,&apos;oj-dialog&apos;)]/div[@id=&apos;repository-dialog&apos;]/..]] on http://ucf2c-dcs-release-hub1.opcdeveloper.oracleinternalucf2c.oraclecorp.com/qa-dev/#/projects/qa-dev_test-shared-project1-1460525673052.
2016-04-12 22:46:31,700 DEBUG [oracle.clouddev.test.selenium.components.AssertElement] Check condition (element has style class &apos;oj-enabled&apos;) for element [By.xpath: .//*[(self::button or self::a or self::input) and @id=&apos;repo-button-create&apos;] under [By.xpath: .//div[contains(@class,&apos;oj-dialog&apos;)]/div[@id=&apos;repository-dialog&apos;]/..]] on http://ucf2c-dcs-release-hub1.opcdeveloper.oracleinternalucf2c.oraclecorp.com/qa-dev/#/projects/qa-dev_test-shared-project1-1460525673052.
2016-04-12 22:46:31,743 DEBUG [oracle.clouddev.test.selenium.components.AssertElement] Check condition (element is visible) for element [By.xpath: .//*[(self::button or self::a or self::input) and @id=&apos;repo-button-create&apos;] under [By.xpath: .//div[contains(@class,&apos;oj-dialog&apos;)]/div[@id=&apos;repository-dialog&apos;]/..]] on http://ucf2c-dcs-release-hub1.opcdeveloper.oracleinternalucf2c.oraclecorp.com/qa-dev/#/projects/qa-dev_test-shared-project1-1460525673052.
2016-04-12 22:46:31,786 DEBUG [oracle.clouddev.test.selenium.components.AssertElement] Check condition (element has style class &apos;oj-enabled&apos;) for element [By.xpath: .//*[(self::button or self::a or self::input) and @id=&apos;repo-button-create&apos;] under [By.xpath: .//div[contains(@class,&apos;oj-dialog&apos;)]/div[@id=&apos;repository-dialog&apos;]/..]] on http://ucf2c-dcs-release-hub1.opcdeveloper.oracleinternalucf2c.oraclecorp.com/qa-dev/#/projects/qa-dev_test-shared-project1-1460525673052.
2016-04-12 22:46:32,189 DEBUG [oracle.clouddev.test.selenium.components.AssertElement] Check condition (NOT (element is visible)) for element [By.xpath: .//div[contains(@class,&apos;oj-dialog&apos;)]/div[@id=&apos;repository-dialog&apos;]/..] on http://ucf2c-dcs-release-hub1.opcdeveloper.oracleinternalucf2c.oraclecorp.com/qa-dev/#/projects/qa-dev_test-shared-project1-1460525673052.
2016-04-12 22:46:34,246 DEBUG [oracle.clouddev.test.selenium.components.AssertElement] Check condition (element is visible) for element [By.id: scm-content] on http://ucf2c-dcs-release-hub1.opcdeveloper.oracleinternalucf2c.oraclecorp.com/qa-dev/#projects/qa-dev_test-shared-project1-1460525673052/scm/qa-test-repo1460526387431.git/tree?revision=master.
2016-04-12 22:46:35,133 INFO  [oracle.clouddev.test.selenium.tests.base.TestHomePage] Check if README.md exists in the browse page
    </system-out>
    </testcase>
    <testcase classname="oracle.clouddev.test.selenium.tests.base.TestHomePage" name="testActivityStream" time="3.641">
      <properties>
        <property name="java.runtime.name" value="Java(TM) SE Runtime Environment"/>
        <property name="exec.mainClass" value="oracle.clouddev.test.selenium.RunTests"/>
        <property name="sun.boot.library.path" value="/usr/java/jdk1.8.0_74/jre/lib/amd64"/>
        <property name="java.vm.version" value="25.74-b02"/>
        <property name="java.vm.vendor" value="Oracle Corporation"/>
        <property name="java.vendor.url" value="http://java.oracle.com/"/>
        <property name="guice.disable.misplaced.annotation.check" value="true"/>
        <property name="path.separator" value=":"/>
        <property name="java.vm.name" value="Java HotSpot(TM) 64-Bit Server VM"/>
        <property name="file.encoding.pkg" value="sun.io"/>
        <property name="user.country" value="US"/>
        <property name="sun.java.launcher" value="SUN_STANDARD"/>
        <property name="sun.os.patch.level" value="unknown"/>
        <property name="http.noProxyHosts" value="localhost|127.0.0.1|*.local|*.oraclecorp.com|*.us.oracle.com"/>
        <property name="java.vm.specification.name" value="Java Virtual Machine Specification"/>
        <property name="user.dir" value="/home/builder/hudson/workspace/dcs_dcs.Release-Selenium-Tests/selenium-tests"/>
        <property name="java.runtime.version" value="1.8.0_74-b02"/>
        <property name="java.awt.graphicsenv" value="sun.awt.X11GraphicsEnvironment"/>
        <property name="java.endorsed.dirs" value="/usr/java/jdk1.8.0_74/jre/lib/endorsed"/>
        <property name="os.arch" value="amd64"/>
        <property name="java.io.tmpdir" value="/tmp"/>
        <property name="line.separator" value="
"/>
        <property name="java.vm.specification.vendor" value="Oracle Corporation"/>
        <property name="https.proxyHost" value="www-proxy.us.oracle.com"/>
        <property name="os.name" value="Linux"/>
        <property name="classworlds.conf" value="/usr/local/apache-maven/apache-maven-3.0.4/bin/m2.conf"/>
        <property name="sun.jnu.encoding" value="UTF-8"/>
        <property name="http.proxyPort" value="80"/>
        <property name="java.library.path" value="/usr/java/packages/lib/amd64:/usr/lib64:/lib64:/lib:/usr/lib"/>
        <property name="sun.awt.enableExtraMouseButtons" value="true"/>
        <property name="java.specification.name" value="Java Platform API Specification"/>
        <property name="java.class.version" value="52.0"/>
        <property name="sun.management.compiler" value="HotSpot 64-Bit Tiered Compilers"/>
        <property name="os.version" value="3.8.13-55.1.1.el6uek.x86_64"/>
        <property name="user.home" value="/home/builder"/>
        <property name="user.timezone" value="PST8PDT"/>
        <property name="java.awt.printerjob" value="sun.print.PSPrinterJob"/>
        <property name="file.encoding" value="UTF-8"/>
        <property name="java.specification.version" value="1.8"/>
        <property name="java.class.path" value="/usr/local/apache-maven/apache-maven-3.0.4/boot/plexus-classworlds-2.4.jar"/>
        <property name="user.name" value="builder"/>
        <property name="java.vm.specification.version" value="1.8"/>
        <property name="sun.java.command" value="org.codehaus.plexus.classworlds.launcher.Launcher -f /home/c2c/hudson/workspace/dcs_dcs.Release-Selenium-Tests/selenium-tests/pom.xml --batch-mode exec:java -Dexec.mainClass=oracle.clouddev.test.selenium.RunTests -Dexec.args=selenium.browser.size.w=1280 selenium.browser.size.h=960 capture.video=true capture.screenshots=true notification.type=swing notification.history=3 notification.font.size=15 job-release-selenium-tests.properties build.job=dcs_dcs.Release-Selenium-Tests build.number=295 target.release=16.2.3.0.0 timeout.build.buildqueue=1200 timeout.build.buildqueue.polling=60 -s BASE --tag base"/>
        <property name="java.home" value="/usr/java/jdk1.8.0_74/jre"/>
        <property name="sun.arch.data.model" value="64"/>
        <property name="user.language" value="en"/>
        <property name="java.specification.vendor" value="Oracle Corporation"/>
        <property name="awt.toolkit" value="sun.awt.X11.XToolkit"/>
        <property name="java.vm.info" value="mixed mode"/>
        <property name="java.version" value="1.8.0_74"/>
        <property name="securerandom.source" value="file:/dev/./urandom"/>
        <property name="java.ext.dirs" value="/usr/java/jdk1.8.0_74/jre/lib/ext:/usr/java/packages/lib/ext"/>
        <property name="http.proxyHost" value="www-proxy.us.oracle.com"/>
        <property name="sun.boot.class.path" value="/usr/java/jdk1.8.0_74/jre/lib/resources.jar:/usr/java/jdk1.8.0_74/jre/lib/rt.jar:/usr/java/jdk1.8.0_74/jre/lib/sunrsasign.jar:/usr/java/jdk1.8.0_74/jre/lib/jsse.jar:/usr/java/jdk1.8.0_74/jre/lib/jce.jar:/usr/java/jdk1.8.0_74/jre/lib/charsets.jar:/usr/java/jdk1.8.0_74/jre/lib/jfr.jar:/usr/java/jdk1.8.0_74/jre/classes"/>
        <property name="java.vendor" value="Oracle Corporation"/>
        <property name="maven.home" value="/usr/local/apache-maven/apache-maven-3.0.4"/>
        <property name="file.separator" value="/"/>
        <property name="java.vendor.url.bug" value="http://bugreport.sun.com/bugreport/"/>
        <property name="sun.font.fontmanager" value="sun.awt.X11FontManager"/>
        <property name="sun.io.unicode.encoding" value="UnicodeLittle"/>
        <property name="sun.cpu.endian" value="little"/>
        <property name="https.proxyPort" value="80"/>
        <property name="exec.args" value="selenium.browser.size.w=1280 selenium.browser.size.h=960 capture.video=true capture.screenshots=true notification.type=swing notification.history=3 notification.font.size=15 job-release-selenium-tests.properties build.job=dcs_dcs.Release-Selenium-Tests build.number=295 target.release=16.2.3.0.0 timeout.build.buildqueue=1200 timeout.build.buildqueue.polling=60 -s BASE --tag base"/>
        <property name="sun.cpu.isalist" value=""/>
        <property name="test.selenium.browser.size.h" value="960"/>
        <property name="test.user.non-admin.name" value="tom.testsuite"/>
        <property name="test.https.proxyHost" value="www-proxy.us.oracle.com"/>
        <property name="test.user.admin.name" value="tina.testsuite"/>
        <property name="test.user.em-agent.password" value="Welcome1!"/>
        <property name="test.tag" value="base"/>
        <property name="test.user.em-agent.fullname" value="Alex Admin"/>
        <property name="test.selenium.port" value="44000"/>
        <property name="test.build.number" value="295"/>
        <property name="test.user.sdi-agent.enabled" value="true"/>
        <property name="test.timeout.assert.condition" value="30"/>
        <property name="test.target.version" value="{
  &quot;buildInformation&quot; : {
    &quot;gitCommitId&quot; : &quot;6415b9c07a83d336f513936eb79c4a925510b07b&quot;,
    &quot;gitCommitMessage&quot; : &quot;Merge branch &apos;Fix18963&apos; into &apos;patchset_16_2_3&apos;&quot;,
    &quot;buildTime&quot; : &quot;12.04.2016 @ 21:58:42 PDT&quot;,
    &quot;buildUser&quot; : &quot;Code2Cloud Builder&quot;
  }
}"/>
        <property name="test.build.job" value="dcs_dcs.Release-Selenium-Tests"/>
        <property name="test.timeout.project.create" value="660"/>
        <property name="test.user.sdi-agent.name" value="alex.admin"/>
        <property name="test.selenium.browser" value="firefox"/>
        <property name="test.http.proxyPort" value="80"/>
        <property name="test.user.sdi-agent.password" value="Welcome1!"/>
        <property name="test.user.sdi-agent.fullname" value="Alex Admin"/>
        <property name="test.timeout.selenium.navigate" value="20"/>
        <property name="test.target.release" value="16.2.3.0.0"/>
        <property name="test.byom.ip" value="127.0.0.1"/>
        <property name="test.byom.port" value="8585"/>
        <property name="test.notification.type" value="swing"/>
        <property name="test.data.project.override" value=""/>
        <property name="test.timeout.selenium.find" value="1"/>
        <property name="test.user.em-agent.enabled" value="true"/>
        <property name="test.testEmptyOrg.db.id" value=""/>
        <property name="test.reviews.timeout.slowdown" value="0"/>
        <property name="test.http.noProxyHosts" value="localhost|127.0.0.1|*.local|*.oraclecorp.com|*.us.oracle.com"/>
        <property name="test.capture.video" value="true"/>
        <property name="test.user.non-admin.password" value="Welcome1!"/>
        <property name="test.user.non-admin.fullname" value="Tom Testsuite"/>
        <property name="test.user.admin.password" value="Welcome1!"/>
        <property name="test.notification.history" value="3"/>
        <property name="test.user.admin.fullname" value="Tina Testsuite"/>
        <property name="test.capture.screenshots" value="true"/>
        <property name="test.testEmptyOrg.db.connectString" value="jdbc:oracle:thin:@(DESCRIPTION=(ADDRESS=(PROTOCOL=TCP)(HOST=slc09iwb.us.oracle.com)(PORT=1521))(CONNECT_DATA=(SERVICE_NAME=dbpod)))"/>
        <property name="test.firefox.bin" value=""/>
        <property name="test.https.proxyPort" value="80"/>
        <property name="test.develop.offline" value="false"/>
        <property name="test.timeout.build.buildqueue.polling" value="60"/>
        <property name="test.output.dir" value="target/test-reports/"/>
        <property name="test.firefox.allowedHosts" value="localhost,localhost.localdomain"/>
        <property name="test.testEmptyOrg.db.schema" value="BV2RLPNYEWMR"/>
        <property name="test.web.url" value="http://ucf2c-dcs-release-hub1.opcdeveloper.oracleinternalucf2c.oraclecorp.com/qa-dev/"/>
        <property name="test.firefox.extensions" value=""/>
        <property name="test.testEmptyOrg.orgExistsCheck" value="false"/>
        <property name="test.data.dir" value="data/"/>
        <property name="test.notification.font.size" value="15"/>
        <property name="test.testEmptyOrg.service" value="devservice5"/>
        <property name="test.selenium.start.server" value="false"/>
        <property name="test.firefox.profile.path" value=""/>
        <property name="test.selenium.host" value="localhost"/>
        <property name="test.suite" value="BASE"/>
        <property name="test.tests" value=""/>
        <property name="test.user.admin.idm" value="dcsdevteam"/>
        <property name="test.http.proxyHost" value="www-proxy.us.oracle.com"/>
        <property name="test.testMethods" value=""/>
        <property name="test.reviews.dontDeleteEnviroment" value="false"/>
        <property name="test.selenium.browser.maximize" value="false"/>
        <property name="test.firefox.profile.name" value=""/>
        <property name="test.timeout.build.buildqueue" value="1200"/>
        <property name="test.user.em-agent.idm" value="dcsdevteam"/>
        <property name="test.selenium.remote" value="false"/>
        <property name="test.user.sdi-agent.idm" value="dcsdevteam"/>
        <property name="test.byom.authToken" value="123456"/>
        <property name="test.proxy.autodetect" value="false"/>
        <property name="test.testEmptyOrg.idm" value="dcsdevteam"/>
        <property name="test.user.non-admin.idm" value="dcsdevteam"/>
        <property name="test.data.tasks.useexisting" value="false"/>
        <property name="test.selenium.browser.size.w" value="1280"/>
        <property name="test.category" value="DEFAULT"/>
        <property name="test.user.em-agent.name" value="alex.admin"/>
        <property name="test.timeout.slowdown" value="0"/>
      </properties>
    <system-out>
2016-04-12 22:46:36,899 INFO  [oracle.clouddev.test.selenium.util.RestRepositoryBuilder] Get repository list: http://ucf2c-dcs-release-hub1.opcdeveloper.oracleinternalucf2c.oraclecorp.com/qa-dev/s/qa-dev_test-shared-project1-1460525673052/scm/api/repository/
2016-04-12 22:46:36,900 INFO  [oracle.clouddev.test.framework.rest.RestClient] [request#36] GET http://ucf2c-dcs-release-hub1.opcdeveloper.oracleinternalucf2c.oraclecorp.com/qa-dev/s/qa-dev_test-shared-project1-1460525673052/scm/api/repository/ HTTP/1.1 (user: ADMIN(dcsdevteam/tina.testsuite/Welcome1!))
2016-04-12 22:46:36,901 DEBUG [oracle.clouddev.test.framework.rest.RestClient] [request#36] cURL: curl -k -u tina.testsuite:Welcome1! -X GET &apos;http://ucf2c-dcs-release-hub1.opcdeveloper.oracleinternalucf2c.oraclecorp.com/qa-dev/s/qa-dev_test-shared-project1-1460525673052/scm/api/repository/&apos;
2016-04-12 22:46:36,958 INFO  [oracle.clouddev.test.framework.rest.RestClient] [request#36] HTTP/1.1 200 OK
2016-04-12 22:46:36,958 DEBUG [oracle.clouddev.test.framework.rest.RestClient] [request#36] Content-Type: application/json;charset=UTF-8
2016-04-12 22:46:36,958 DEBUG [oracle.clouddev.test.framework.rest.RestClient] [request#36] Content-Length: 1107
2016-04-12 22:46:36,959 DEBUG [oracle.clouddev.test.framework.rest.ResponseProcessors$ResponseParserAdapter] [request#36] Received data:{
  &quot;scmRepositoryList&quot; : [ {
    &quot;name&quot; : &quot;qa-test-repo1460526387431.git&quot;,
    &quot;url&quot; : &quot;http://ucf2c-dcs-release-hub1.opcdeveloper.oracleinternalucf2c.oraclecorp.com/qa-dev/s/qa-dev_test-shared-project1-1460525673052/scm/qa-test-repo1460526387431.git&quot;,
    &quot;type&quot; : &quot;GIT&quot;,
    &quot;scmLocation&quot; : &quot;CODE2CLOUD&quot;,
    &quot;alternateUrl&quot; : &quot;ssh://ucf2c-dcs-release-hub1.opcdeveloper.oracleinternalucf2c.oraclecorp.com:2222/qa-dev_test-shared-project1-1460525673052/qa-test-repo1460526387431.git&quot;,
    &quot;branches&quot; : [ &quot;master&quot; ],
    &quot;tags&quot; : [ ],
    &quot;description&quot; : &quot;Description qa-test-repo1460526387431&quot;,
    &quot;importInProgress&quot; : false,
    &quot;head&quot; : &quot;master&quot;
  }, {
    &quot;name&quot; : &quot;test-shared-project1-1460525673052.git&quot;,
    &quot;url&quot; : &quot;http://ucf2c-dcs-release-hub1.opcdeveloper.oracleinternalucf2c.oraclecorp.com/qa-dev/s/qa-dev_test-shared-project1-1460525673052/scm/test-shared-project1-1460525673052.git&quot;,
    &quot;type&quot; : &quot;GIT&quot;,
    &quot;scmLocation&quot; : &quot;CODE2CLOUD&quot;,
    &quot;alternateUrl&quot; : &quot;ssh://ucf2c-dcs-release-hub1.opcdeveloper.oracleinternalucf2c.oraclecorp.com:2222/qa-dev_test-shared-project1-1460525673052/test-shared-project1-1460525673052.git&quot;,
    &quot;branches&quot; : [ ],
    &quot;tags&quot; : [ ],
    &quot;description&quot; : null,
    &quot;importInProgress&quot; : false,
    &quot;head&quot; : &quot;master&quot;
  } ]
}
2016-04-12 22:46:36,960 INFO  [oracle.clouddev.test.selenium.util.RestRepositoryBuilder] creating new repository test-repo1460526396899.git in projectqa-dev_test-shared-project1-1460525673052
2016-04-12 22:46:36,960 INFO  [oracle.clouddev.test.selenium.util.RestRepositoryBuilder] Create a new repository test-repo1460526396899.git : http://ucf2c-dcs-release-hub1.opcdeveloper.oracleinternalucf2c.oraclecorp.com/qa-dev/s/qa-dev_test-shared-project1-1460525673052/scm/api/repository/
2016-04-12 22:46:36,964 INFO  [oracle.clouddev.test.framework.rest.RestClient] [request#37] POST http://ucf2c-dcs-release-hub1.opcdeveloper.oracleinternalucf2c.oraclecorp.com/qa-dev/s/qa-dev_test-shared-project1-1460525673052/scm/api/repository/ HTTP/1.1 (user: ADMIN(dcsdevteam/tina.testsuite/Welcome1!))
2016-04-12 22:46:36,965 DEBUG [oracle.clouddev.test.framework.rest.RestClient] [request#37] posted content:
{
  &quot;scmLocation&quot; : &quot;CODE2CLOUD&quot;,
  &quot;name&quot; : &quot;test-repo1460526396899.git&quot;,
  &quot;description&quot; : &quot;Description test-repo1460526396899.git&quot;,
  &quot;type&quot; : &quot;GIT&quot;,
  &quot;branches&quot; : [ ],
  &quot;tags&quot; : [ ]
}
2016-04-12 22:46:36,965 DEBUG [oracle.clouddev.test.framework.rest.RestClient] [request#37] cURL: curl -k -u tina.testsuite:Welcome1! -X POST &apos;http://ucf2c-dcs-release-hub1.opcdeveloper.oracleinternalucf2c.oraclecorp.com/qa-dev/s/qa-dev_test-shared-project1-1460525673052/scm/api/repository/&apos; -H &apos;Content-Type: application/json; charset=UTF-8&apos; --data-binary &apos;{  &quot;scmLocation&quot; : &quot;CODE2CLOUD&quot;,  &quot;name&quot; : &quot;test-repo1460526396899.git&quot;,  &quot;description&quot; : &quot;Description test-repo1460526396899.git&quot;,  &quot;type&quot; : &quot;GIT&quot;,  &quot;branches&quot; : [ ],  &quot;tags&quot; : [ ]}&apos;
2016-04-12 22:46:37,170 INFO  [oracle.clouddev.test.framework.rest.RestClient] [request#37] HTTP/1.1 200 OK
2016-04-12 22:46:37,170 DEBUG [oracle.clouddev.test.framework.rest.RestClient] [request#37] Content-Type: application/json;charset=UTF-8
2016-04-12 22:46:37,170 DEBUG [oracle.clouddev.test.framework.rest.RestClient] [request#37] Content-Length: 547
2016-04-12 22:46:37,171 DEBUG [oracle.clouddev.test.framework.rest.ResponseProcessors$ResponseParserAdapter] [request#37] Received data:{
  &quot;scmRepository&quot; : {
    &quot;name&quot; : &quot;test-repo1460526396899.git&quot;,
    &quot;url&quot; : &quot;http://ucf2c-dcs-release-hub1.opcdeveloper.oracleinternalucf2c.oraclecorp.com/qa-dev/s/qa-dev_test-shared-project1-1460525673052/scm/test-repo1460526396899.git&quot;,
    &quot;type&quot; : &quot;GIT&quot;,
    &quot;scmLocation&quot; : &quot;CODE2CLOUD&quot;,
    &quot;alternateUrl&quot; : &quot;ssh://ucf2c-dcs-release-hub1.opcdeveloper.oracleinternalucf2c.oraclecorp.com:2222/qa-dev_test-shared-project1-1460525673052/test-repo1460526396899.git&quot;,
    &quot;branches&quot; : [ ],
    &quot;tags&quot; : [ ],
    &quot;description&quot; : &quot;Description test-repo1460526396899.git&quot;,
    &quot;importInProgress&quot; : false,
    &quot;head&quot; : null
  }
}
2016-04-12 22:46:37,171 INFO  [oracle.clouddev.test.selenium.util.RestRepositoryBuilder] Initialize repository test-repo1460526396899.git in projectqa-dev_test-shared-project1-1460525673052
2016-04-12 22:46:37,171 INFO  [oracle.clouddev.test.selenium.util.RestRepositoryBuilder] Initiliaze repository : test-repo1460526396899.git : http://ucf2c-dcs-release-hub1.opcdeveloper.oracleinternalucf2c.oraclecorp.com/qa-dev/s/qa-dev_test-shared-project1-1460525673052/scm/api/repository/init
2016-04-12 22:46:37,172 INFO  [oracle.clouddev.test.framework.rest.RestClient] [request#38] POST http://ucf2c-dcs-release-hub1.opcdeveloper.oracleinternalucf2c.oraclecorp.com/qa-dev/s/qa-dev_test-shared-project1-1460525673052/scm/api/repository/init HTTP/1.1 (user: ADMIN(dcsdevteam/tina.testsuite/Welcome1!))
2016-04-12 22:46:37,172 DEBUG [oracle.clouddev.test.framework.rest.RestClient] [request#38] posted content:
{
  &quot;authorEmail&quot; : &quot;&quot;,
  &quot;commitMessage&quot; : &quot;Initial Commit for test-repo1460526396899.git&quot;,
  &quot;authorName&quot; : &quot;Tina Testsuite&quot;,
  &quot;repository&quot; : &quot;test-repo1460526396899.git&quot;
}
2016-04-12 22:46:37,172 DEBUG [oracle.clouddev.test.framework.rest.RestClient] [request#38] cURL: curl -k -u tina.testsuite:Welcome1! -X POST &apos;http://ucf2c-dcs-release-hub1.opcdeveloper.oracleinternalucf2c.oraclecorp.com/qa-dev/s/qa-dev_test-shared-project1-1460525673052/scm/api/repository/init&apos; -H &apos;Content-Type: application/json; charset=UTF-8&apos; --data-binary &apos;{  &quot;authorEmail&quot; : &quot;&quot;,  &quot;commitMessage&quot; : &quot;Initial Commit for test-repo1460526396899.git&quot;,  &quot;authorName&quot; : &quot;Tina Testsuite&quot;,  &quot;repository&quot; : &quot;test-repo1460526396899.git&quot;}&apos;
2016-04-12 22:46:37,498 INFO  [oracle.clouddev.test.framework.rest.RestClient] [request#38] HTTP/1.1 200 OK
2016-04-12 22:46:37,498 DEBUG [oracle.clouddev.test.framework.rest.RestClient] [request#38] Content-Type: application/json;charset=UTF-8
2016-04-12 22:46:37,498 DEBUG [oracle.clouddev.test.framework.rest.RestClient] [request#38] Content-Length: 2
2016-04-12 22:46:37,499 DEBUG [oracle.clouddev.test.framework.rest.ResponseProcessors$ResponseParserAdapter] [request#38] Received data:{
}
2016-04-12 22:46:37,499 INFO  [oracle.clouddev.test.selenium.util.RestRepositoryBuilder] Get repository list: http://ucf2c-dcs-release-hub1.opcdeveloper.oracleinternalucf2c.oraclecorp.com/qa-dev/s/qa-dev_test-shared-project1-1460525673052/scm/api/repository/
2016-04-12 22:46:37,500 INFO  [oracle.clouddev.test.framework.rest.RestClient] [request#39] GET http://ucf2c-dcs-release-hub1.opcdeveloper.oracleinternalucf2c.oraclecorp.com/qa-dev/s/qa-dev_test-shared-project1-1460525673052/scm/api/repository/ HTTP/1.1 (user: ADMIN(dcsdevteam/tina.testsuite/Welcome1!))
2016-04-12 22:46:37,500 DEBUG [oracle.clouddev.test.framework.rest.RestClient] [request#39] cURL: curl -k -u tina.testsuite:Welcome1! -X GET &apos;http://ucf2c-dcs-release-hub1.opcdeveloper.oracleinternalucf2c.oraclecorp.com/qa-dev/s/qa-dev_test-shared-project1-1460525673052/scm/api/repository/&apos;
2016-04-12 22:46:37,550 INFO  [oracle.clouddev.test.framework.rest.RestClient] [request#39] HTTP/1.1 200 OK
2016-04-12 22:46:37,550 DEBUG [oracle.clouddev.test.framework.rest.RestClient] [request#39] Content-Type: application/json;charset=UTF-8
2016-04-12 22:46:37,550 DEBUG [oracle.clouddev.test.framework.rest.RestClient] [request#39] Content-Length: 1649
2016-04-12 22:46:37,550 DEBUG [oracle.clouddev.test.framework.rest.ResponseProcessors$ResponseParserAdapter] [request#39] Received data:{
  &quot;scmRepositoryList&quot; : [ {
    &quot;name&quot; : &quot;qa-test-repo1460526387431.git&quot;,
    &quot;url&quot; : &quot;http://ucf2c-dcs-release-hub1.opcdeveloper.oracleinternalucf2c.oraclecorp.com/qa-dev/s/qa-dev_test-shared-project1-1460525673052/scm/qa-test-repo1460526387431.git&quot;,
    &quot;type&quot; : &quot;GIT&quot;,
    &quot;scmLocation&quot; : &quot;CODE2CLOUD&quot;,
    &quot;alternateUrl&quot; : &quot;ssh://ucf2c-dcs-release-hub1.opcdeveloper.oracleinternalucf2c.oraclecorp.com:2222/qa-dev_test-shared-project1-1460525673052/qa-test-repo1460526387431.git&quot;,
    &quot;branches&quot; : [ &quot;master&quot; ],
    &quot;tags&quot; : [ ],
    &quot;description&quot; : &quot;Description qa-test-repo1460526387431&quot;,
    &quot;importInProgress&quot; : false,
    &quot;head&quot; : &quot;master&quot;
  }, {
    &quot;name&quot; : &quot;test-repo1460526396899.git&quot;,
    &quot;url&quot; : &quot;http://ucf2c-dcs-release-hub1.opcdeveloper.oracleinternalucf2c.oraclecorp.com/qa-dev/s/qa-dev_test-shared-project1-1460525673052/scm/test-repo1460526396899.git&quot;,
    &quot;type&quot; : &quot;GIT&quot;,
    &quot;scmLocation&quot; : &quot;CODE2CLOUD&quot;,
    &quot;alternateUrl&quot; : &quot;ssh://ucf2c-dcs-release-hub1.opcdeveloper.oracleinternalucf2c.oraclecorp.com:2222/qa-dev_test-shared-project1-1460525673052/test-repo1460526396899.git&quot;,
    &quot;branches&quot; : [ &quot;master&quot; ],
    &quot;tags&quot; : [ ],
    &quot;description&quot; : &quot;Description test-repo1460526396899.git&quot;,
    &quot;importInProgress&quot; : false,
    &quot;head&quot; : &quot;master&quot;
  }, {
    &quot;name&quot; : &quot;test-shared-project1-1460525673052.git&quot;,
    &quot;url&quot; : &quot;http://ucf2c-dcs-release-hub1.opcdeveloper.oracleinternalucf2c.oraclecorp.com/qa-dev/s/qa-dev_test-shared-project1-1460525673052/scm/test-shared-project1-1460525673052.git&quot;,
    &quot;type&quot; : &quot;GIT&quot;,
    &quot;scmLocation&quot; : &quot;CODE2CLOUD&quot;,
    &quot;alternateUrl&quot; : &quot;ssh://ucf2c-dcs-release-hub1.opcdeveloper.oracleinternalucf2c.oraclecorp.com:2222/qa-dev_test-shared-project1-1460525673052/test-shared-project1-1460525673052.git&quot;,
    &quot;branches&quot; : [ ],
    &quot;tags&quot; : [ ],
    &quot;description&quot; : null,
    &quot;importInProgress&quot; : false,
    &quot;head&quot; : &quot;master&quot;
  } ]
}
2016-04-12 22:46:37,551 DEBUG [oracle.clouddev.test.selenium.junit.BrowserSession] navigating to project qa-dev_test-shared-project1-1460525673052 (http://ucf2c-dcs-release-hub1.opcdeveloper.oracleinternalucf2c.oraclecorp.com/qa-dev/#/projects/qa-dev_test-shared-project1-1460525673052)
2016-04-12 22:46:39,302 DEBUG [oracle.clouddev.test.selenium.components.AssertElement] Check condition (oracle.clouddev.test.selenium.components.Conditions$5@7e8495f5) for element [By.xpath: .//button[@id=&apos;odcs-project-selector&apos;]/span[1]] on http://ucf2c-dcs-release-hub1.opcdeveloper.oracleinternalucf2c.oraclecorp.com/qa-dev/#/projects/qa-dev_test-shared-project1-1460525673052.
2016-04-12 22:46:39,465 DEBUG [oracle.clouddev.test.selenium.components.AssertElement] Check condition (NOT (element is visible)) for element [By.id: page-provision] on http://ucf2c-dcs-release-hub1.opcdeveloper.oracleinternalucf2c.oraclecorp.com/qa-dev/#/projects/qa-dev_test-shared-project1-1460525673052.
2016-04-12 22:46:40,479 INFO  [oracle.clouddev.test.selenium.tests.base.TestHomePage] Check if new repo activity is shown in the activity stream
2016-04-12 22:46:40,496 DEBUG [oracle.clouddev.test.selenium.components.AssertElement] Check condition (element is visible) for element [By.xpath: id(&apos;activity-content&apos;)//a[contains(text(),&apos;test-repo1460526396899.git&apos;)]] on http://ucf2c-dcs-release-hub1.opcdeveloper.oracleinternalucf2c.oraclecorp.com/qa-dev/#/projects/qa-dev_test-shared-project1-1460525673052.
    </system-out>
    </testcase>
    <testcase classname="oracle.clouddev.test.selenium.tests.base.TestHomePage" name="testRespositoryLinksToBrowsePage" time="6.595">
      <properties>
        <property name="java.runtime.name" value="Java(TM) SE Runtime Environment"/>
        <property name="exec.mainClass" value="oracle.clouddev.test.selenium.RunTests"/>
        <property name="sun.boot.library.path" value="/usr/java/jdk1.8.0_74/jre/lib/amd64"/>
        <property name="java.vm.version" value="25.74-b02"/>
        <property name="java.vm.vendor" value="Oracle Corporation"/>
        <property name="java.vendor.url" value="http://java.oracle.com/"/>
        <property name="guice.disable.misplaced.annotation.check" value="true"/>
        <property name="path.separator" value=":"/>
        <property name="java.vm.name" value="Java HotSpot(TM) 64-Bit Server VM"/>
        <property name="file.encoding.pkg" value="sun.io"/>
        <property name="user.country" value="US"/>
        <property name="sun.java.launcher" value="SUN_STANDARD"/>
        <property name="sun.os.patch.level" value="unknown"/>
        <property name="http.noProxyHosts" value="localhost|127.0.0.1|*.local|*.oraclecorp.com|*.us.oracle.com"/>
        <property name="java.vm.specification.name" value="Java Virtual Machine Specification"/>
        <property name="user.dir" value="/home/builder/hudson/workspace/dcs_dcs.Release-Selenium-Tests/selenium-tests"/>
        <property name="java.runtime.version" value="1.8.0_74-b02"/>
        <property name="java.awt.graphicsenv" value="sun.awt.X11GraphicsEnvironment"/>
        <property name="java.endorsed.dirs" value="/usr/java/jdk1.8.0_74/jre/lib/endorsed"/>
        <property name="os.arch" value="amd64"/>
        <property name="java.io.tmpdir" value="/tmp"/>
        <property name="line.separator" value="
"/>
        <property name="java.vm.specification.vendor" value="Oracle Corporation"/>
        <property name="https.proxyHost" value="www-proxy.us.oracle.com"/>
        <property name="os.name" value="Linux"/>
        <property name="classworlds.conf" value="/usr/local/apache-maven/apache-maven-3.0.4/bin/m2.conf"/>
        <property name="sun.jnu.encoding" value="UTF-8"/>
        <property name="http.proxyPort" value="80"/>
        <property name="java.library.path" value="/usr/java/packages/lib/amd64:/usr/lib64:/lib64:/lib:/usr/lib"/>
        <property name="sun.awt.enableExtraMouseButtons" value="true"/>
        <property name="java.specification.name" value="Java Platform API Specification"/>
        <property name="java.class.version" value="52.0"/>
        <property name="sun.management.compiler" value="HotSpot 64-Bit Tiered Compilers"/>
        <property name="os.version" value="3.8.13-55.1.1.el6uek.x86_64"/>
        <property name="user.home" value="/home/builder"/>
        <property name="user.timezone" value="PST8PDT"/>
        <property name="java.awt.printerjob" value="sun.print.PSPrinterJob"/>
        <property name="file.encoding" value="UTF-8"/>
        <property name="java.specification.version" value="1.8"/>
        <property name="java.class.path" value="/usr/local/apache-maven/apache-maven-3.0.4/boot/plexus-classworlds-2.4.jar"/>
        <property name="user.name" value="builder"/>
        <property name="java.vm.specification.version" value="1.8"/>
        <property name="sun.java.command" value="org.codehaus.plexus.classworlds.launcher.Launcher -f /home/c2c/hudson/workspace/dcs_dcs.Release-Selenium-Tests/selenium-tests/pom.xml --batch-mode exec:java -Dexec.mainClass=oracle.clouddev.test.selenium.RunTests -Dexec.args=selenium.browser.size.w=1280 selenium.browser.size.h=960 capture.video=true capture.screenshots=true notification.type=swing notification.history=3 notification.font.size=15 job-release-selenium-tests.properties build.job=dcs_dcs.Release-Selenium-Tests build.number=295 target.release=16.2.3.0.0 timeout.build.buildqueue=1200 timeout.build.buildqueue.polling=60 -s BASE --tag base"/>
        <property name="java.home" value="/usr/java/jdk1.8.0_74/jre"/>
        <property name="sun.arch.data.model" value="64"/>
        <property name="user.language" value="en"/>
        <property name="java.specification.vendor" value="Oracle Corporation"/>
        <property name="awt.toolkit" value="sun.awt.X11.XToolkit"/>
        <property name="java.vm.info" value="mixed mode"/>
        <property name="java.version" value="1.8.0_74"/>
        <property name="securerandom.source" value="file:/dev/./urandom"/>
        <property name="java.ext.dirs" value="/usr/java/jdk1.8.0_74/jre/lib/ext:/usr/java/packages/lib/ext"/>
        <property name="http.proxyHost" value="www-proxy.us.oracle.com"/>
        <property name="sun.boot.class.path" value="/usr/java/jdk1.8.0_74/jre/lib/resources.jar:/usr/java/jdk1.8.0_74/jre/lib/rt.jar:/usr/java/jdk1.8.0_74/jre/lib/sunrsasign.jar:/usr/java/jdk1.8.0_74/jre/lib/jsse.jar:/usr/java/jdk1.8.0_74/jre/lib/jce.jar:/usr/java/jdk1.8.0_74/jre/lib/charsets.jar:/usr/java/jdk1.8.0_74/jre/lib/jfr.jar:/usr/java/jdk1.8.0_74/jre/classes"/>
        <property name="java.vendor" value="Oracle Corporation"/>
        <property name="maven.home" value="/usr/local/apache-maven/apache-maven-3.0.4"/>
        <property name="file.separator" value="/"/>
        <property name="java.vendor.url.bug" value="http://bugreport.sun.com/bugreport/"/>
        <property name="sun.font.fontmanager" value="sun.awt.X11FontManager"/>
        <property name="sun.io.unicode.encoding" value="UnicodeLittle"/>
        <property name="sun.cpu.endian" value="little"/>
        <property name="https.proxyPort" value="80"/>
        <property name="exec.args" value="selenium.browser.size.w=1280 selenium.browser.size.h=960 capture.video=true capture.screenshots=true notification.type=swing notification.history=3 notification.font.size=15 job-release-selenium-tests.properties build.job=dcs_dcs.Release-Selenium-Tests build.number=295 target.release=16.2.3.0.0 timeout.build.buildqueue=1200 timeout.build.buildqueue.polling=60 -s BASE --tag base"/>
        <property name="sun.cpu.isalist" value=""/>
        <property name="test.selenium.browser.size.h" value="960"/>
        <property name="test.user.non-admin.name" value="tom.testsuite"/>
        <property name="test.https.proxyHost" value="www-proxy.us.oracle.com"/>
        <property name="test.user.admin.name" value="tina.testsuite"/>
        <property name="test.user.em-agent.password" value="Welcome1!"/>
        <property name="test.tag" value="base"/>
        <property name="test.user.em-agent.fullname" value="Alex Admin"/>
        <property name="test.selenium.port" value="44000"/>
        <property name="test.build.number" value="295"/>
        <property name="test.user.sdi-agent.enabled" value="true"/>
        <property name="test.timeout.assert.condition" value="30"/>
        <property name="test.target.version" value="{
  &quot;buildInformation&quot; : {
    &quot;gitCommitId&quot; : &quot;6415b9c07a83d336f513936eb79c4a925510b07b&quot;,
    &quot;gitCommitMessage&quot; : &quot;Merge branch &apos;Fix18963&apos; into &apos;patchset_16_2_3&apos;&quot;,
    &quot;buildTime&quot; : &quot;12.04.2016 @ 21:58:42 PDT&quot;,
    &quot;buildUser&quot; : &quot;Code2Cloud Builder&quot;
  }
}"/>
        <property name="test.build.job" value="dcs_dcs.Release-Selenium-Tests"/>
        <property name="test.timeout.project.create" value="660"/>
        <property name="test.user.sdi-agent.name" value="alex.admin"/>
        <property name="test.selenium.browser" value="firefox"/>
        <property name="test.http.proxyPort" value="80"/>
        <property name="test.user.sdi-agent.password" value="Welcome1!"/>
        <property name="test.user.sdi-agent.fullname" value="Alex Admin"/>
        <property name="test.timeout.selenium.navigate" value="20"/>
        <property name="test.target.release" value="16.2.3.0.0"/>
        <property name="test.byom.ip" value="127.0.0.1"/>
        <property name="test.byom.port" value="8585"/>
        <property name="test.notification.type" value="swing"/>
        <property name="test.data.project.override" value=""/>
        <property name="test.timeout.selenium.find" value="1"/>
        <property name="test.user.em-agent.enabled" value="true"/>
        <property name="test.testEmptyOrg.db.id" value=""/>
        <property name="test.reviews.timeout.slowdown" value="0"/>
        <property name="test.http.noProxyHosts" value="localhost|127.0.0.1|*.local|*.oraclecorp.com|*.us.oracle.com"/>
        <property name="test.capture.video" value="true"/>
        <property name="test.user.non-admin.password" value="Welcome1!"/>
        <property name="test.user.non-admin.fullname" value="Tom Testsuite"/>
        <property name="test.user.admin.password" value="Welcome1!"/>
        <property name="test.notification.history" value="3"/>
        <property name="test.user.admin.fullname" value="Tina Testsuite"/>
        <property name="test.capture.screenshots" value="true"/>
        <property name="test.testEmptyOrg.db.connectString" value="jdbc:oracle:thin:@(DESCRIPTION=(ADDRESS=(PROTOCOL=TCP)(HOST=slc09iwb.us.oracle.com)(PORT=1521))(CONNECT_DATA=(SERVICE_NAME=dbpod)))"/>
        <property name="test.firefox.bin" value=""/>
        <property name="test.https.proxyPort" value="80"/>
        <property name="test.develop.offline" value="false"/>
        <property name="test.timeout.build.buildqueue.polling" value="60"/>
        <property name="test.output.dir" value="target/test-reports/"/>
        <property name="test.firefox.allowedHosts" value="localhost,localhost.localdomain"/>
        <property name="test.testEmptyOrg.db.schema" value="BV2RLPNYEWMR"/>
        <property name="test.web.url" value="http://ucf2c-dcs-release-hub1.opcdeveloper.oracleinternalucf2c.oraclecorp.com/qa-dev/"/>
        <property name="test.firefox.extensions" value=""/>
        <property name="test.testEmptyOrg.orgExistsCheck" value="false"/>
        <property name="test.data.dir" value="data/"/>
        <property name="test.notification.font.size" value="15"/>
        <property name="test.testEmptyOrg.service" value="devservice5"/>
        <property name="test.selenium.start.server" value="false"/>
        <property name="test.firefox.profile.path" value=""/>
        <property name="test.selenium.host" value="localhost"/>
        <property name="test.suite" value="BASE"/>
        <property name="test.tests" value=""/>
        <property name="test.user.admin.idm" value="dcsdevteam"/>
        <property name="test.http.proxyHost" value="www-proxy.us.oracle.com"/>
        <property name="test.testMethods" value=""/>
        <property name="test.reviews.dontDeleteEnviroment" value="false"/>
        <property name="test.selenium.browser.maximize" value="false"/>
        <property name="test.firefox.profile.name" value=""/>
        <property name="test.timeout.build.buildqueue" value="1200"/>
        <property name="test.user.em-agent.idm" value="dcsdevteam"/>
        <property name="test.selenium.remote" value="false"/>
        <property name="test.user.sdi-agent.idm" value="dcsdevteam"/>
        <property name="test.byom.authToken" value="123456"/>
        <property name="test.proxy.autodetect" value="false"/>
        <property name="test.testEmptyOrg.idm" value="dcsdevteam"/>
        <property name="test.user.non-admin.idm" value="dcsdevteam"/>
        <property name="test.data.tasks.useexisting" value="false"/>
        <property name="test.selenium.browser.size.w" value="1280"/>
        <property name="test.category" value="DEFAULT"/>
        <property name="test.user.em-agent.name" value="alex.admin"/>
        <property name="test.timeout.slowdown" value="0"/>
      </properties>
    <system-out>
2016-04-12 22:46:40,540 INFO  [oracle.clouddev.test.selenium.util.RestRepositoryBuilder] Get repository list: http://ucf2c-dcs-release-hub1.opcdeveloper.oracleinternalucf2c.oraclecorp.com/qa-dev/s/qa-dev_test-shared-project1-1460525673052/scm/api/repository/
2016-04-12 22:46:40,541 INFO  [oracle.clouddev.test.framework.rest.RestClient] [request#40] GET http://ucf2c-dcs-release-hub1.opcdeveloper.oracleinternalucf2c.oraclecorp.com/qa-dev/s/qa-dev_test-shared-project1-1460525673052/scm/api/repository/ HTTP/1.1 (user: ADMIN(dcsdevteam/tina.testsuite/Welcome1!))
2016-04-12 22:46:40,541 DEBUG [oracle.clouddev.test.framework.rest.RestClient] [request#40] cURL: curl -k -u tina.testsuite:Welcome1! -X GET &apos;http://ucf2c-dcs-release-hub1.opcdeveloper.oracleinternalucf2c.oraclecorp.com/qa-dev/s/qa-dev_test-shared-project1-1460525673052/scm/api/repository/&apos;
2016-04-12 22:46:40,596 INFO  [oracle.clouddev.test.framework.rest.RestClient] [request#40] HTTP/1.1 200 OK
2016-04-12 22:46:40,596 DEBUG [oracle.clouddev.test.framework.rest.RestClient] [request#40] Content-Type: application/json;charset=UTF-8
2016-04-12 22:46:40,596 DEBUG [oracle.clouddev.test.framework.rest.RestClient] [request#40] Content-Length: 1649
2016-04-12 22:46:40,596 DEBUG [oracle.clouddev.test.framework.rest.ResponseProcessors$ResponseParserAdapter] [request#40] Received data:{
  &quot;scmRepositoryList&quot; : [ {
    &quot;name&quot; : &quot;qa-test-repo1460526387431.git&quot;,
    &quot;url&quot; : &quot;http://ucf2c-dcs-release-hub1.opcdeveloper.oracleinternalucf2c.oraclecorp.com/qa-dev/s/qa-dev_test-shared-project1-1460525673052/scm/qa-test-repo1460526387431.git&quot;,
    &quot;type&quot; : &quot;GIT&quot;,
    &quot;scmLocation&quot; : &quot;CODE2CLOUD&quot;,
    &quot;alternateUrl&quot; : &quot;ssh://ucf2c-dcs-release-hub1.opcdeveloper.oracleinternalucf2c.oraclecorp.com:2222/qa-dev_test-shared-project1-1460525673052/qa-test-repo1460526387431.git&quot;,
    &quot;branches&quot; : [ &quot;master&quot; ],
    &quot;tags&quot; : [ ],
    &quot;description&quot; : &quot;Description qa-test-repo1460526387431&quot;,
    &quot;importInProgress&quot; : false,
    &quot;head&quot; : &quot;master&quot;
  }, {
    &quot;name&quot; : &quot;test-repo1460526396899.git&quot;,
    &quot;url&quot; : &quot;http://ucf2c-dcs-release-hub1.opcdeveloper.oracleinternalucf2c.oraclecorp.com/qa-dev/s/qa-dev_test-shared-project1-1460525673052/scm/test-repo1460526396899.git&quot;,
    &quot;type&quot; : &quot;GIT&quot;,
    &quot;scmLocation&quot; : &quot;CODE2CLOUD&quot;,
    &quot;alternateUrl&quot; : &quot;ssh://ucf2c-dcs-release-hub1.opcdeveloper.oracleinternalucf2c.oraclecorp.com:2222/qa-dev_test-shared-project1-1460525673052/test-repo1460526396899.git&quot;,
    &quot;branches&quot; : [ &quot;master&quot; ],
    &quot;tags&quot; : [ ],
    &quot;description&quot; : &quot;Description test-repo1460526396899.git&quot;,
    &quot;importInProgress&quot; : false,
    &quot;head&quot; : &quot;master&quot;
  }, {
    &quot;name&quot; : &quot;test-shared-project1-1460525673052.git&quot;,
    &quot;url&quot; : &quot;http://ucf2c-dcs-release-hub1.opcdeveloper.oracleinternalucf2c.oraclecorp.com/qa-dev/s/qa-dev_test-shared-project1-1460525673052/scm/test-shared-project1-1460525673052.git&quot;,
    &quot;type&quot; : &quot;GIT&quot;,
    &quot;scmLocation&quot; : &quot;CODE2CLOUD&quot;,
    &quot;alternateUrl&quot; : &quot;ssh://ucf2c-dcs-release-hub1.opcdeveloper.oracleinternalucf2c.oraclecorp.com:2222/qa-dev_test-shared-project1-1460525673052/test-shared-project1-1460525673052.git&quot;,
    &quot;branches&quot; : [ ],
    &quot;tags&quot; : [ ],
    &quot;description&quot; : null,
    &quot;importInProgress&quot; : false,
    &quot;head&quot; : &quot;master&quot;
  } ]
}
2016-04-12 22:46:40,596 INFO  [oracle.clouddev.test.selenium.util.RestRepositoryBuilder] creating new repository test-repo1460526400539.git in projectqa-dev_test-shared-project1-1460525673052
2016-04-12 22:46:40,596 INFO  [oracle.clouddev.test.selenium.util.RestRepositoryBuilder] Create a new repository test-repo1460526400539.git : http://ucf2c-dcs-release-hub1.opcdeveloper.oracleinternalucf2c.oraclecorp.com/qa-dev/s/qa-dev_test-shared-project1-1460525673052/scm/api/repository/
2016-04-12 22:46:40,598 INFO  [oracle.clouddev.test.framework.rest.RestClient] [request#41] POST http://ucf2c-dcs-release-hub1.opcdeveloper.oracleinternalucf2c.oraclecorp.com/qa-dev/s/qa-dev_test-shared-project1-1460525673052/scm/api/repository/ HTTP/1.1 (user: ADMIN(dcsdevteam/tina.testsuite/Welcome1!))
2016-04-12 22:46:40,599 DEBUG [oracle.clouddev.test.framework.rest.RestClient] [request#41] posted content:
{
  &quot;scmLocation&quot; : &quot;CODE2CLOUD&quot;,
  &quot;name&quot; : &quot;test-repo1460526400539.git&quot;,
  &quot;description&quot; : &quot;Description test-repo1460526400539.git&quot;,
  &quot;type&quot; : &quot;GIT&quot;,
  &quot;branches&quot; : [ ],
  &quot;tags&quot; : [ ]
}
2016-04-12 22:46:40,599 DEBUG [oracle.clouddev.test.framework.rest.RestClient] [request#41] cURL: curl -k -u tina.testsuite:Welcome1! -X POST &apos;http://ucf2c-dcs-release-hub1.opcdeveloper.oracleinternalucf2c.oraclecorp.com/qa-dev/s/qa-dev_test-shared-project1-1460525673052/scm/api/repository/&apos; -H &apos;Content-Type: application/json; charset=UTF-8&apos; --data-binary &apos;{  &quot;scmLocation&quot; : &quot;CODE2CLOUD&quot;,  &quot;name&quot; : &quot;test-repo1460526400539.git&quot;,  &quot;description&quot; : &quot;Description test-repo1460526400539.git&quot;,  &quot;type&quot; : &quot;GIT&quot;,  &quot;branches&quot; : [ ],  &quot;tags&quot; : [ ]}&apos;
2016-04-12 22:46:40,849 INFO  [oracle.clouddev.test.framework.rest.RestClient] [request#41] HTTP/1.1 200 OK
2016-04-12 22:46:40,849 DEBUG [oracle.clouddev.test.framework.rest.RestClient] [request#41] Content-Type: application/json;charset=UTF-8
2016-04-12 22:46:40,849 DEBUG [oracle.clouddev.test.framework.rest.RestClient] [request#41] Content-Length: 547
2016-04-12 22:46:40,850 DEBUG [oracle.clouddev.test.framework.rest.ResponseProcessors$ResponseParserAdapter] [request#41] Received data:{
  &quot;scmRepository&quot; : {
    &quot;name&quot; : &quot;test-repo1460526400539.git&quot;,
    &quot;url&quot; : &quot;http://ucf2c-dcs-release-hub1.opcdeveloper.oracleinternalucf2c.oraclecorp.com/qa-dev/s/qa-dev_test-shared-project1-1460525673052/scm/test-repo1460526400539.git&quot;,
    &quot;type&quot; : &quot;GIT&quot;,
    &quot;scmLocation&quot; : &quot;CODE2CLOUD&quot;,
    &quot;alternateUrl&quot; : &quot;ssh://ucf2c-dcs-release-hub1.opcdeveloper.oracleinternalucf2c.oraclecorp.com:2222/qa-dev_test-shared-project1-1460525673052/test-repo1460526400539.git&quot;,
    &quot;branches&quot; : [ ],
    &quot;tags&quot; : [ ],
    &quot;description&quot; : &quot;Description test-repo1460526400539.git&quot;,
    &quot;importInProgress&quot; : false,
    &quot;head&quot; : null
  }
}
2016-04-12 22:46:40,850 INFO  [oracle.clouddev.test.selenium.util.RestRepositoryBuilder] Get repository list: http://ucf2c-dcs-release-hub1.opcdeveloper.oracleinternalucf2c.oraclecorp.com/qa-dev/s/qa-dev_test-shared-project1-1460525673052/scm/api/repository/
2016-04-12 22:46:40,851 INFO  [oracle.clouddev.test.framework.rest.RestClient] [request#42] GET http://ucf2c-dcs-release-hub1.opcdeveloper.oracleinternalucf2c.oraclecorp.com/qa-dev/s/qa-dev_test-shared-project1-1460525673052/scm/api/repository/ HTTP/1.1 (user: ADMIN(dcsdevteam/tina.testsuite/Welcome1!))
2016-04-12 22:46:40,851 DEBUG [oracle.clouddev.test.framework.rest.RestClient] [request#42] cURL: curl -k -u tina.testsuite:Welcome1! -X GET &apos;http://ucf2c-dcs-release-hub1.opcdeveloper.oracleinternalucf2c.oraclecorp.com/qa-dev/s/qa-dev_test-shared-project1-1460525673052/scm/api/repository/&apos;
2016-04-12 22:46:40,931 INFO  [oracle.clouddev.test.framework.rest.RestClient] [request#42] HTTP/1.1 200 OK
2016-04-12 22:46:40,931 DEBUG [oracle.clouddev.test.framework.rest.RestClient] [request#42] Content-Type: application/json;charset=UTF-8
2016-04-12 22:46:40,931 DEBUG [oracle.clouddev.test.framework.rest.RestClient] [request#42] Content-Length: 2183
2016-04-12 22:46:40,932 DEBUG [oracle.clouddev.test.framework.rest.ResponseProcessors$ResponseParserAdapter] [request#42] Received data:{
  &quot;scmRepositoryList&quot; : [ {
    &quot;name&quot; : &quot;qa-test-repo1460526387431.git&quot;,
    &quot;url&quot; : &quot;http://ucf2c-dcs-release-hub1.opcdeveloper.oracleinternalucf2c.oraclecorp.com/qa-dev/s/qa-dev_test-shared-project1-1460525673052/scm/qa-test-repo1460526387431.git&quot;,
    &quot;type&quot; : &quot;GIT&quot;,
    &quot;scmLocation&quot; : &quot;CODE2CLOUD&quot;,
    &quot;alternateUrl&quot; : &quot;ssh://ucf2c-dcs-release-hub1.opcdeveloper.oracleinternalucf2c.oraclecorp.com:2222/qa-dev_test-shared-project1-1460525673052/qa-test-repo1460526387431.git&quot;,
    &quot;branches&quot; : [ &quot;master&quot; ],
    &quot;tags&quot; : [ ],
    &quot;description&quot; : &quot;Description qa-test-repo1460526387431&quot;,
    &quot;importInProgress&quot; : false,
    &quot;head&quot; : &quot;master&quot;
  }, {
    &quot;name&quot; : &quot;test-repo1460526396899.git&quot;,
    &quot;url&quot; : &quot;http://ucf2c-dcs-release-hub1.opcdeveloper.oracleinternalucf2c.oraclecorp.com/qa-dev/s/qa-dev_test-shared-project1-1460525673052/scm/test-repo1460526396899.git&quot;,
    &quot;type&quot; : &quot;GIT&quot;,
    &quot;scmLocation&quot; : &quot;CODE2CLOUD&quot;,
    &quot;alternateUrl&quot; : &quot;ssh://ucf2c-dcs-release-hub1.opcdeveloper.oracleinternalucf2c.oraclecorp.com:2222/qa-dev_test-shared-project1-1460525673052/test-repo1460526396899.git&quot;,
    &quot;branches&quot; : [ &quot;master&quot; ],
    &quot;tags&quot; : [ ],
    &quot;description&quot; : &quot;Description test-repo1460526396899.git&quot;,
    &quot;importInProgress&quot; : false,
    &quot;head&quot; : &quot;master&quot;
  }, {
    &quot;name&quot; : &quot;test-repo1460526400539.git&quot;,
    &quot;url&quot; : &quot;http://ucf2c-dcs-release-hub1.opcdeveloper.oracleinternalucf2c.oraclecorp.com/qa-dev/s/qa-dev_test-shared-project1-1460525673052/scm/test-repo1460526400539.git&quot;,
    &quot;type&quot; : &quot;GIT&quot;,
    &quot;scmLocation&quot; : &quot;CODE2CLOUD&quot;,
    &quot;alternateUrl&quot; : &quot;ssh://ucf2c-dcs-release-hub1.opcdeveloper.oracleinternalucf2c.oraclecorp.com:2222/qa-dev_test-shared-project1-1460525673052/test-repo1460526400539.git&quot;,
    &quot;branches&quot; : [ ],
    &quot;tags&quot; : [ ],
    &quot;description&quot; : &quot;Description test-repo1460526400539.git&quot;,
    &quot;importInProgress&quot; : false,
    &quot;head&quot; : &quot;master&quot;
  }, {
    &quot;name&quot; : &quot;test-shared-project1-1460525673052.git&quot;,
    &quot;url&quot; : &quot;http://ucf2c-dcs-release-hub1.opcdeveloper.oracleinternalucf2c.oraclecorp.com/qa-dev/s/qa-dev_test-shared-project1-1460525673052/scm/test-shared-project1-1460525673052.git&quot;,
    &quot;type&quot; : &quot;GIT&quot;,
    &quot;scmLocation&quot; : &quot;CODE2CLOUD&quot;,
    &quot;alternateUrl&quot; : &quot;ssh://ucf2c-dcs-release-hub1.opcdeveloper.oracleinternalucf2c.oraclecorp.com:2222/qa-dev_test-shared-project1-1460525673052/test-shared-project1-1460525673052.git&quot;,
    &quot;branches&quot; : [ ],
    &quot;tags&quot; : [ ],
    &quot;description&quot; : null,
    &quot;importInProgress&quot; : false,
    &quot;head&quot; : &quot;master&quot;
  } ]
}
2016-04-12 22:46:40,932 DEBUG [oracle.clouddev.test.selenium.junit.BrowserSession] navigating to project qa-dev_test-shared-project1-1460525673052 (http://ucf2c-dcs-release-hub1.opcdeveloper.oracleinternalucf2c.oraclecorp.com/qa-dev/#/projects/qa-dev_test-shared-project1-1460525673052)
2016-04-12 22:46:40,975 DEBUG [oracle.clouddev.test.selenium.components.AssertElement] Check condition (oracle.clouddev.test.selenium.components.Conditions$5@146ae3f8) for element [By.xpath: .//button[@id=&apos;odcs-project-selector&apos;]/span[1]] on http://ucf2c-dcs-release-hub1.opcdeveloper.oracleinternalucf2c.oraclecorp.com/qa-dev/#/projects/qa-dev_test-shared-project1-1460525673052.
2016-04-12 22:46:41,028 DEBUG [oracle.clouddev.test.selenium.components.AssertElement] Check condition (NOT (element is visible)) for element [By.id: page-provision] on http://ucf2c-dcs-release-hub1.opcdeveloper.oracleinternalucf2c.oraclecorp.com/qa-dev/#/projects/qa-dev_test-shared-project1-1460525673052.
2016-04-12 22:46:46,254 DEBUG [oracle.clouddev.test.selenium.components.AssertElement] Check condition (element is visible) for element [By.xpath: id(&apos;repos-container&apos;)//a[contains(text(),&apos;test-repo1460526400539.git&apos;)]] on http://ucf2c-dcs-release-hub1.opcdeveloper.oracleinternalucf2c.oraclecorp.com/qa-dev/#/projects/qa-dev_test-shared-project1-1460525673052.
    </system-out>
    </testcase>
    <testcase classname="oracle.clouddev.test.selenium.tests.base.TestHomePage" name="testMavenRespositoryLinksToBrowsePage" time="8.453">
      <properties>
        <property name="java.runtime.name" value="Java(TM) SE Runtime Environment"/>
        <property name="exec.mainClass" value="oracle.clouddev.test.selenium.RunTests"/>
        <property name="sun.boot.library.path" value="/usr/java/jdk1.8.0_74/jre/lib/amd64"/>
        <property name="java.vm.version" value="25.74-b02"/>
        <property name="java.vm.vendor" value="Oracle Corporation"/>
        <property name="java.vendor.url" value="http://java.oracle.com/"/>
        <property name="guice.disable.misplaced.annotation.check" value="true"/>
        <property name="path.separator" value=":"/>
        <property name="java.vm.name" value="Java HotSpot(TM) 64-Bit Server VM"/>
        <property name="file.encoding.pkg" value="sun.io"/>
        <property name="user.country" value="US"/>
        <property name="sun.java.launcher" value="SUN_STANDARD"/>
        <property name="sun.os.patch.level" value="unknown"/>
        <property name="http.noProxyHosts" value="localhost|127.0.0.1|*.local|*.oraclecorp.com|*.us.oracle.com"/>
        <property name="java.vm.specification.name" value="Java Virtual Machine Specification"/>
        <property name="user.dir" value="/home/builder/hudson/workspace/dcs_dcs.Release-Selenium-Tests/selenium-tests"/>
        <property name="java.runtime.version" value="1.8.0_74-b02"/>
        <property name="java.awt.graphicsenv" value="sun.awt.X11GraphicsEnvironment"/>
        <property name="java.endorsed.dirs" value="/usr/java/jdk1.8.0_74/jre/lib/endorsed"/>
        <property name="os.arch" value="amd64"/>
        <property name="java.io.tmpdir" value="/tmp"/>
        <property name="line.separator" value="
"/>
        <property name="java.vm.specification.vendor" value="Oracle Corporation"/>
        <property name="https.proxyHost" value="www-proxy.us.oracle.com"/>
        <property name="os.name" value="Linux"/>
        <property name="classworlds.conf" value="/usr/local/apache-maven/apache-maven-3.0.4/bin/m2.conf"/>
        <property name="sun.jnu.encoding" value="UTF-8"/>
        <property name="http.proxyPort" value="80"/>
        <property name="java.library.path" value="/usr/java/packages/lib/amd64:/usr/lib64:/lib64:/lib:/usr/lib"/>
        <property name="sun.awt.enableExtraMouseButtons" value="true"/>
        <property name="java.specification.name" value="Java Platform API Specification"/>
        <property name="java.class.version" value="52.0"/>
        <property name="sun.management.compiler" value="HotSpot 64-Bit Tiered Compilers"/>
        <property name="os.version" value="3.8.13-55.1.1.el6uek.x86_64"/>
        <property name="user.home" value="/home/builder"/>
        <property name="user.timezone" value="PST8PDT"/>
        <property name="java.awt.printerjob" value="sun.print.PSPrinterJob"/>
        <property name="file.encoding" value="UTF-8"/>
        <property name="java.specification.version" value="1.8"/>
        <property name="java.class.path" value="/usr/local/apache-maven/apache-maven-3.0.4/boot/plexus-classworlds-2.4.jar"/>
        <property name="user.name" value="builder"/>
        <property name="java.vm.specification.version" value="1.8"/>
        <property name="sun.java.command" value="org.codehaus.plexus.classworlds.launcher.Launcher -f /home/c2c/hudson/workspace/dcs_dcs.Release-Selenium-Tests/selenium-tests/pom.xml --batch-mode exec:java -Dexec.mainClass=oracle.clouddev.test.selenium.RunTests -Dexec.args=selenium.browser.size.w=1280 selenium.browser.size.h=960 capture.video=true capture.screenshots=true notification.type=swing notification.history=3 notification.font.size=15 job-release-selenium-tests.properties build.job=dcs_dcs.Release-Selenium-Tests build.number=295 target.release=16.2.3.0.0 timeout.build.buildqueue=1200 timeout.build.buildqueue.polling=60 -s BASE --tag base"/>
        <property name="java.home" value="/usr/java/jdk1.8.0_74/jre"/>
        <property name="sun.arch.data.model" value="64"/>
        <property name="user.language" value="en"/>
        <property name="java.specification.vendor" value="Oracle Corporation"/>
        <property name="awt.toolkit" value="sun.awt.X11.XToolkit"/>
        <property name="java.vm.info" value="mixed mode"/>
        <property name="java.version" value="1.8.0_74"/>
        <property name="securerandom.source" value="file:/dev/./urandom"/>
        <property name="java.ext.dirs" value="/usr/java/jdk1.8.0_74/jre/lib/ext:/usr/java/packages/lib/ext"/>
        <property name="http.proxyHost" value="www-proxy.us.oracle.com"/>
        <property name="sun.boot.class.path" value="/usr/java/jdk1.8.0_74/jre/lib/resources.jar:/usr/java/jdk1.8.0_74/jre/lib/rt.jar:/usr/java/jdk1.8.0_74/jre/lib/sunrsasign.jar:/usr/java/jdk1.8.0_74/jre/lib/jsse.jar:/usr/java/jdk1.8.0_74/jre/lib/jce.jar:/usr/java/jdk1.8.0_74/jre/lib/charsets.jar:/usr/java/jdk1.8.0_74/jre/lib/jfr.jar:/usr/java/jdk1.8.0_74/jre/classes"/>
        <property name="java.vendor" value="Oracle Corporation"/>
        <property name="maven.home" value="/usr/local/apache-maven/apache-maven-3.0.4"/>
        <property name="file.separator" value="/"/>
        <property name="java.vendor.url.bug" value="http://bugreport.sun.com/bugreport/"/>
        <property name="sun.font.fontmanager" value="sun.awt.X11FontManager"/>
        <property name="sun.io.unicode.encoding" value="UnicodeLittle"/>
        <property name="sun.cpu.endian" value="little"/>
        <property name="https.proxyPort" value="80"/>
        <property name="exec.args" value="selenium.browser.size.w=1280 selenium.browser.size.h=960 capture.video=true capture.screenshots=true notification.type=swing notification.history=3 notification.font.size=15 job-release-selenium-tests.properties build.job=dcs_dcs.Release-Selenium-Tests build.number=295 target.release=16.2.3.0.0 timeout.build.buildqueue=1200 timeout.build.buildqueue.polling=60 -s BASE --tag base"/>
        <property name="sun.cpu.isalist" value=""/>
        <property name="test.selenium.browser.size.h" value="960"/>
        <property name="test.user.non-admin.name" value="tom.testsuite"/>
        <property name="test.https.proxyHost" value="www-proxy.us.oracle.com"/>
        <property name="test.user.admin.name" value="tina.testsuite"/>
        <property name="test.user.em-agent.password" value="Welcome1!"/>
        <property name="test.tag" value="base"/>
        <property name="test.user.em-agent.fullname" value="Alex Admin"/>
        <property name="test.selenium.port" value="44000"/>
        <property name="test.build.number" value="295"/>
        <property name="test.user.sdi-agent.enabled" value="true"/>
        <property name="test.timeout.assert.condition" value="30"/>
        <property name="test.target.version" value="{
  &quot;buildInformation&quot; : {
    &quot;gitCommitId&quot; : &quot;6415b9c07a83d336f513936eb79c4a925510b07b&quot;,
    &quot;gitCommitMessage&quot; : &quot;Merge branch &apos;Fix18963&apos; into &apos;patchset_16_2_3&apos;&quot;,
    &quot;buildTime&quot; : &quot;12.04.2016 @ 21:58:42 PDT&quot;,
    &quot;buildUser&quot; : &quot;Code2Cloud Builder&quot;
  }
}"/>
        <property name="test.build.job" value="dcs_dcs.Release-Selenium-Tests"/>
        <property name="test.timeout.project.create" value="660"/>
        <property name="test.user.sdi-agent.name" value="alex.admin"/>
        <property name="test.selenium.browser" value="firefox"/>
        <property name="test.http.proxyPort" value="80"/>
        <property name="test.user.sdi-agent.password" value="Welcome1!"/>
        <property name="test.user.sdi-agent.fullname" value="Alex Admin"/>
        <property name="test.timeout.selenium.navigate" value="20"/>
        <property name="test.target.release" value="16.2.3.0.0"/>
        <property name="test.byom.ip" value="127.0.0.1"/>
        <property name="test.byom.port" value="8585"/>
        <property name="test.notification.type" value="swing"/>
        <property name="test.data.project.override" value=""/>
        <property name="test.timeout.selenium.find" value="1"/>
        <property name="test.user.em-agent.enabled" value="true"/>
        <property name="test.testEmptyOrg.db.id" value=""/>
        <property name="test.reviews.timeout.slowdown" value="0"/>
        <property name="test.http.noProxyHosts" value="localhost|127.0.0.1|*.local|*.oraclecorp.com|*.us.oracle.com"/>
        <property name="test.capture.video" value="true"/>
        <property name="test.user.non-admin.password" value="Welcome1!"/>
        <property name="test.user.non-admin.fullname" value="Tom Testsuite"/>
        <property name="test.user.admin.password" value="Welcome1!"/>
        <property name="test.notification.history" value="3"/>
        <property name="test.user.admin.fullname" value="Tina Testsuite"/>
        <property name="test.capture.screenshots" value="true"/>
        <property name="test.testEmptyOrg.db.connectString" value="jdbc:oracle:thin:@(DESCRIPTION=(ADDRESS=(PROTOCOL=TCP)(HOST=slc09iwb.us.oracle.com)(PORT=1521))(CONNECT_DATA=(SERVICE_NAME=dbpod)))"/>
        <property name="test.firefox.bin" value=""/>
        <property name="test.https.proxyPort" value="80"/>
        <property name="test.develop.offline" value="false"/>
        <property name="test.timeout.build.buildqueue.polling" value="60"/>
        <property name="test.output.dir" value="target/test-reports/"/>
        <property name="test.firefox.allowedHosts" value="localhost,localhost.localdomain"/>
        <property name="test.testEmptyOrg.db.schema" value="BV2RLPNYEWMR"/>
        <property name="test.web.url" value="http://ucf2c-dcs-release-hub1.opcdeveloper.oracleinternalucf2c.oraclecorp.com/qa-dev/"/>
        <property name="test.firefox.extensions" value=""/>
        <property name="test.testEmptyOrg.orgExistsCheck" value="false"/>
        <property name="test.data.dir" value="data/"/>
        <property name="test.notification.font.size" value="15"/>
        <property name="test.testEmptyOrg.service" value="devservice5"/>
        <property name="test.selenium.start.server" value="false"/>
        <property name="test.firefox.profile.path" value=""/>
        <property name="test.selenium.host" value="localhost"/>
        <property name="test.suite" value="BASE"/>
        <property name="test.tests" value=""/>
        <property name="test.user.admin.idm" value="dcsdevteam"/>
        <property name="test.http.proxyHost" value="www-proxy.us.oracle.com"/>
        <property name="test.testMethods" value=""/>
        <property name="test.reviews.dontDeleteEnviroment" value="false"/>
        <property name="test.selenium.browser.maximize" value="false"/>
        <property name="test.firefox.profile.name" value=""/>
        <property name="test.timeout.build.buildqueue" value="1200"/>
        <property name="test.user.em-agent.idm" value="dcsdevteam"/>
        <property name="test.selenium.remote" value="false"/>
        <property name="test.user.sdi-agent.idm" value="dcsdevteam"/>
        <property name="test.byom.authToken" value="123456"/>
        <property name="test.proxy.autodetect" value="false"/>
        <property name="test.testEmptyOrg.idm" value="dcsdevteam"/>
        <property name="test.user.non-admin.idm" value="dcsdevteam"/>
        <property name="test.data.tasks.useexisting" value="false"/>
        <property name="test.selenium.browser.size.w" value="1280"/>
        <property name="test.category" value="DEFAULT"/>
        <property name="test.user.em-agent.name" value="alex.admin"/>
        <property name="test.timeout.slowdown" value="0"/>
      </properties>
    <system-out>
2016-04-12 22:46:47,134 DEBUG [oracle.clouddev.test.selenium.junit.BrowserSession] navigating to project qa-dev_test-shared-project1-1460525673052 (http://ucf2c-dcs-release-hub1.opcdeveloper.oracleinternalucf2c.oraclecorp.com/qa-dev/#/projects/qa-dev_test-shared-project1-1460525673052)
2016-04-12 22:46:48,755 DEBUG [oracle.clouddev.test.selenium.components.AssertElement] Check condition (oracle.clouddev.test.selenium.components.Conditions$5@7b1bbe01) for element [By.xpath: .//button[@id=&apos;odcs-project-selector&apos;]/span[1]] on http://ucf2c-dcs-release-hub1.opcdeveloper.oracleinternalucf2c.oraclecorp.com/qa-dev/#/projects/qa-dev_test-shared-project1-1460525673052.
2016-04-12 22:46:48,886 DEBUG [oracle.clouddev.test.selenium.components.AssertElement] Check condition (NOT (element is visible)) for element [By.id: page-provision] on http://ucf2c-dcs-release-hub1.opcdeveloper.oracleinternalucf2c.oraclecorp.com/qa-dev/#/projects/qa-dev_test-shared-project1-1460525673052.
2016-04-12 22:46:54,198 DEBUG [oracle.clouddev.test.selenium.components.AssertElement] Check condition (element is visible) for element [By.xpath: id(&apos;maven-container&apos;)//a[contains(text(), &apos;Maven&apos;)]] on http://ucf2c-dcs-release-hub1.opcdeveloper.oracleinternalucf2c.oraclecorp.com/qa-dev/#/projects/qa-dev_test-shared-project1-1460525673052.
    </system-out>
    </testcase>
    <testcase classname="oracle.clouddev.test.selenium.tests.base.TestHomePage" name="testNewRepositoryDialogEmpty" time="20.388">
      <properties>
        <property name="java.runtime.name" value="Java(TM) SE Runtime Environment"/>
        <property name="exec.mainClass" value="oracle.clouddev.test.selenium.RunTests"/>
        <property name="sun.boot.library.path" value="/usr/java/jdk1.8.0_74/jre/lib/amd64"/>
        <property name="java.vm.version" value="25.74-b02"/>
        <property name="java.vm.vendor" value="Oracle Corporation"/>
        <property name="java.vendor.url" value="http://java.oracle.com/"/>
        <property name="guice.disable.misplaced.annotation.check" value="true"/>
        <property name="path.separator" value=":"/>
        <property name="java.vm.name" value="Java HotSpot(TM) 64-Bit Server VM"/>
        <property name="file.encoding.pkg" value="sun.io"/>
        <property name="user.country" value="US"/>
        <property name="sun.java.launcher" value="SUN_STANDARD"/>
        <property name="sun.os.patch.level" value="unknown"/>
        <property name="http.noProxyHosts" value="localhost|127.0.0.1|*.local|*.oraclecorp.com|*.us.oracle.com"/>
        <property name="java.vm.specification.name" value="Java Virtual Machine Specification"/>
        <property name="user.dir" value="/home/builder/hudson/workspace/dcs_dcs.Release-Selenium-Tests/selenium-tests"/>
        <property name="java.runtime.version" value="1.8.0_74-b02"/>
        <property name="java.awt.graphicsenv" value="sun.awt.X11GraphicsEnvironment"/>
        <property name="java.endorsed.dirs" value="/usr/java/jdk1.8.0_74/jre/lib/endorsed"/>
        <property name="os.arch" value="amd64"/>
        <property name="java.io.tmpdir" value="/tmp"/>
        <property name="line.separator" value="
"/>
        <property name="java.vm.specification.vendor" value="Oracle Corporation"/>
        <property name="https.proxyHost" value="www-proxy.us.oracle.com"/>
        <property name="os.name" value="Linux"/>
        <property name="classworlds.conf" value="/usr/local/apache-maven/apache-maven-3.0.4/bin/m2.conf"/>
        <property name="sun.jnu.encoding" value="UTF-8"/>
        <property name="http.proxyPort" value="80"/>
        <property name="java.library.path" value="/usr/java/packages/lib/amd64:/usr/lib64:/lib64:/lib:/usr/lib"/>
        <property name="sun.awt.enableExtraMouseButtons" value="true"/>
        <property name="java.specification.name" value="Java Platform API Specification"/>
        <property name="java.class.version" value="52.0"/>
        <property name="sun.management.compiler" value="HotSpot 64-Bit Tiered Compilers"/>
        <property name="os.version" value="3.8.13-55.1.1.el6uek.x86_64"/>
        <property name="user.home" value="/home/builder"/>
        <property name="user.timezone" value="PST8PDT"/>
        <property name="java.awt.printerjob" value="sun.print.PSPrinterJob"/>
        <property name="file.encoding" value="UTF-8"/>
        <property name="java.specification.version" value="1.8"/>
        <property name="java.class.path" value="/usr/local/apache-maven/apache-maven-3.0.4/boot/plexus-classworlds-2.4.jar"/>
        <property name="user.name" value="builder"/>
        <property name="java.vm.specification.version" value="1.8"/>
        <property name="sun.java.command" value="org.codehaus.plexus.classworlds.launcher.Launcher -f /home/c2c/hudson/workspace/dcs_dcs.Release-Selenium-Tests/selenium-tests/pom.xml --batch-mode exec:java -Dexec.mainClass=oracle.clouddev.test.selenium.RunTests -Dexec.args=selenium.browser.size.w=1280 selenium.browser.size.h=960 capture.video=true capture.screenshots=true notification.type=swing notification.history=3 notification.font.size=15 job-release-selenium-tests.properties build.job=dcs_dcs.Release-Selenium-Tests build.number=295 target.release=16.2.3.0.0 timeout.build.buildqueue=1200 timeout.build.buildqueue.polling=60 -s BASE --tag base"/>
        <property name="java.home" value="/usr/java/jdk1.8.0_74/jre"/>
        <property name="sun.arch.data.model" value="64"/>
        <property name="user.language" value="en"/>
        <property name="java.specification.vendor" value="Oracle Corporation"/>
        <property name="awt.toolkit" value="sun.awt.X11.XToolkit"/>
        <property name="java.vm.info" value="mixed mode"/>
        <property name="java.version" value="1.8.0_74"/>
        <property name="securerandom.source" value="file:/dev/./urandom"/>
        <property name="java.ext.dirs" value="/usr/java/jdk1.8.0_74/jre/lib/ext:/usr/java/packages/lib/ext"/>
        <property name="http.proxyHost" value="www-proxy.us.oracle.com"/>
        <property name="sun.boot.class.path" value="/usr/java/jdk1.8.0_74/jre/lib/resources.jar:/usr/java/jdk1.8.0_74/jre/lib/rt.jar:/usr/java/jdk1.8.0_74/jre/lib/sunrsasign.jar:/usr/java/jdk1.8.0_74/jre/lib/jsse.jar:/usr/java/jdk1.8.0_74/jre/lib/jce.jar:/usr/java/jdk1.8.0_74/jre/lib/charsets.jar:/usr/java/jdk1.8.0_74/jre/lib/jfr.jar:/usr/java/jdk1.8.0_74/jre/classes"/>
        <property name="java.vendor" value="Oracle Corporation"/>
        <property name="maven.home" value="/usr/local/apache-maven/apache-maven-3.0.4"/>
        <property name="file.separator" value="/"/>
        <property name="java.vendor.url.bug" value="http://bugreport.sun.com/bugreport/"/>
        <property name="sun.font.fontmanager" value="sun.awt.X11FontManager"/>
        <property name="sun.io.unicode.encoding" value="UnicodeLittle"/>
        <property name="sun.cpu.endian" value="little"/>
        <property name="https.proxyPort" value="80"/>
        <property name="exec.args" value="selenium.browser.size.w=1280 selenium.browser.size.h=960 capture.video=true capture.screenshots=true notification.type=swing notification.history=3 notification.font.size=15 job-release-selenium-tests.properties build.job=dcs_dcs.Release-Selenium-Tests build.number=295 target.release=16.2.3.0.0 timeout.build.buildqueue=1200 timeout.build.buildqueue.polling=60 -s BASE --tag base"/>
        <property name="sun.cpu.isalist" value=""/>
        <property name="test.selenium.browser.size.h" value="960"/>
        <property name="test.user.non-admin.name" value="tom.testsuite"/>
        <property name="test.https.proxyHost" value="www-proxy.us.oracle.com"/>
        <property name="test.user.admin.name" value="tina.testsuite"/>
        <property name="test.user.em-agent.password" value="Welcome1!"/>
        <property name="test.tag" value="base"/>
        <property name="test.user.em-agent.fullname" value="Alex Admin"/>
        <property name="test.selenium.port" value="44000"/>
        <property name="test.build.number" value="295"/>
        <property name="test.user.sdi-agent.enabled" value="true"/>
        <property name="test.timeout.assert.condition" value="30"/>
        <property name="test.target.version" value="{
  &quot;buildInformation&quot; : {
    &quot;gitCommitId&quot; : &quot;6415b9c07a83d336f513936eb79c4a925510b07b&quot;,
    &quot;gitCommitMessage&quot; : &quot;Merge branch &apos;Fix18963&apos; into &apos;patchset_16_2_3&apos;&quot;,
    &quot;buildTime&quot; : &quot;12.04.2016 @ 21:58:42 PDT&quot;,
    &quot;buildUser&quot; : &quot;Code2Cloud Builder&quot;
  }
}"/>
        <property name="test.build.job" value="dcs_dcs.Release-Selenium-Tests"/>
        <property name="test.timeout.project.create" value="660"/>
        <property name="test.user.sdi-agent.name" value="alex.admin"/>
        <property name="test.selenium.browser" value="firefox"/>
        <property name="test.http.proxyPort" value="80"/>
        <property name="test.user.sdi-agent.password" value="Welcome1!"/>
        <property name="test.user.sdi-agent.fullname" value="Alex Admin"/>
        <property name="test.timeout.selenium.navigate" value="20"/>
        <property name="test.target.release" value="16.2.3.0.0"/>
        <property name="test.byom.ip" value="127.0.0.1"/>
        <property name="test.byom.port" value="8585"/>
        <property name="test.notification.type" value="swing"/>
        <property name="test.data.project.override" value=""/>
        <property name="test.timeout.selenium.find" value="1"/>
        <property name="test.user.em-agent.enabled" value="true"/>
        <property name="test.testEmptyOrg.db.id" value=""/>
        <property name="test.reviews.timeout.slowdown" value="0"/>
        <property name="test.http.noProxyHosts" value="localhost|127.0.0.1|*.local|*.oraclecorp.com|*.us.oracle.com"/>
        <property name="test.capture.video" value="true"/>
        <property name="test.user.non-admin.password" value="Welcome1!"/>
        <property name="test.user.non-admin.fullname" value="Tom Testsuite"/>
        <property name="test.user.admin.password" value="Welcome1!"/>
        <property name="test.notification.history" value="3"/>
        <property name="test.user.admin.fullname" value="Tina Testsuite"/>
        <property name="test.capture.screenshots" value="true"/>
        <property name="test.testEmptyOrg.db.connectString" value="jdbc:oracle:thin:@(DESCRIPTION=(ADDRESS=(PROTOCOL=TCP)(HOST=slc09iwb.us.oracle.com)(PORT=1521))(CONNECT_DATA=(SERVICE_NAME=dbpod)))"/>
        <property name="test.firefox.bin" value=""/>
        <property name="test.https.proxyPort" value="80"/>
        <property name="test.develop.offline" value="false"/>
        <property name="test.timeout.build.buildqueue.polling" value="60"/>
        <property name="test.output.dir" value="target/test-reports/"/>
        <property name="test.firefox.allowedHosts" value="localhost,localhost.localdomain"/>
        <property name="test.testEmptyOrg.db.schema" value="BV2RLPNYEWMR"/>
        <property name="test.web.url" value="http://ucf2c-dcs-release-hub1.opcdeveloper.oracleinternalucf2c.oraclecorp.com/qa-dev/"/>
        <property name="test.firefox.extensions" value=""/>
        <property name="test.testEmptyOrg.orgExistsCheck" value="false"/>
        <property name="test.data.dir" value="data/"/>
        <property name="test.notification.font.size" value="15"/>
        <property name="test.testEmptyOrg.service" value="devservice5"/>
        <property name="test.selenium.start.server" value="false"/>
        <property name="test.firefox.profile.path" value=""/>
        <property name="test.selenium.host" value="localhost"/>
        <property name="test.suite" value="BASE"/>
        <property name="test.tests" value=""/>
        <property name="test.user.admin.idm" value="dcsdevteam"/>
        <property name="test.http.proxyHost" value="www-proxy.us.oracle.com"/>
        <property name="test.testMethods" value=""/>
        <property name="test.reviews.dontDeleteEnviroment" value="false"/>
        <property name="test.selenium.browser.maximize" value="false"/>
        <property name="test.firefox.profile.name" value=""/>
        <property name="test.timeout.build.buildqueue" value="1200"/>
        <property name="test.user.em-agent.idm" value="dcsdevteam"/>
        <property name="test.selenium.remote" value="false"/>
        <property name="test.user.sdi-agent.idm" value="dcsdevteam"/>
        <property name="test.byom.authToken" value="123456"/>
        <property name="test.proxy.autodetect" value="false"/>
        <property name="test.testEmptyOrg.idm" value="dcsdevteam"/>
        <property name="test.user.non-admin.idm" value="dcsdevteam"/>
        <property name="test.data.tasks.useexisting" value="false"/>
        <property name="test.selenium.browser.size.w" value="1280"/>
        <property name="test.category" value="DEFAULT"/>
        <property name="test.user.em-agent.name" value="alex.admin"/>
        <property name="test.timeout.slowdown" value="0"/>
      </properties>
    <system-out>
2016-04-12 22:46:55,589 INFO  [oracle.clouddev.test.selenium.tests.base.TestHomePage] Go to the project home page
2016-04-12 22:46:55,589 DEBUG [oracle.clouddev.test.selenium.junit.BrowserSession] navigating to project qa-dev_test-shared-project1-1460525673052 (http://ucf2c-dcs-release-hub1.opcdeveloper.oracleinternalucf2c.oraclecorp.com/qa-dev/#/projects/qa-dev_test-shared-project1-1460525673052)
2016-04-12 22:46:57,027 DEBUG [oracle.clouddev.test.selenium.components.AssertElement] Check condition (oracle.clouddev.test.selenium.components.Conditions$5@677ed748) for element [By.xpath: .//button[@id=&apos;odcs-project-selector&apos;]/span[1]] on http://ucf2c-dcs-release-hub1.opcdeveloper.oracleinternalucf2c.oraclecorp.com/qa-dev/#/projects/qa-dev_test-shared-project1-1460525673052.
2016-04-12 22:46:57,077 DEBUG [oracle.clouddev.test.selenium.components.AssertElement] Check condition (NOT (element is visible)) for element [By.id: page-provision] on http://ucf2c-dcs-release-hub1.opcdeveloper.oracleinternalucf2c.oraclecorp.com/qa-dev/#/projects/qa-dev_test-shared-project1-1460525673052.
2016-04-12 22:46:58,662 INFO  [oracle.clouddev.test.selenium.tests.base.TestHomePage] Waiting for the activites to be loaded...
2016-04-12 22:46:58,790 DEBUG [oracle.clouddev.test.selenium.components.AssertElement] Check condition (element is visible) for element [By.xpath: .//div[@id=&apos;activities-filter-button&apos;]] on http://ucf2c-dcs-release-hub1.opcdeveloper.oracleinternalucf2c.oraclecorp.com/qa-dev/#/projects/qa-dev_test-shared-project1-1460525673052.
2016-04-12 22:46:58,860 DEBUG [oracle.clouddev.test.selenium.components.AssertElement] Check condition (element is visible) for element [By.xpath: .//*[(self::button or self::a or self::input) and @id=&apos;new-repo-green-button&apos;]] on http://ucf2c-dcs-release-hub1.opcdeveloper.oracleinternalucf2c.oraclecorp.com/qa-dev/#/projects/qa-dev_test-shared-project1-1460525673052.
2016-04-12 22:46:58,955 DEBUG [oracle.clouddev.test.selenium.components.AssertElement] Check condition (element has style class &apos;oj-enabled&apos;) for element [By.xpath: .//*[(self::button or self::a or self::input) and @id=&apos;new-repo-green-button&apos;]] on http://ucf2c-dcs-release-hub1.opcdeveloper.oracleinternalucf2c.oraclecorp.com/qa-dev/#/projects/qa-dev_test-shared-project1-1460525673052.
2016-04-12 22:46:59,843 DEBUG [oracle.clouddev.test.selenium.components.AssertElement] Check condition (element is visible) for element [By.xpath: .//div[contains(@class,&apos;oj-dialog&apos;)]/div[@id=&apos;repository-dialog&apos;]/..] on http://ucf2c-dcs-release-hub1.opcdeveloper.oracleinternalucf2c.oraclecorp.com/qa-dev/#/projects/qa-dev_test-shared-project1-1460525673052.
2016-04-12 22:46:59,899 DEBUG [oracle.clouddev.test.selenium.components.AssertElement] Check condition (element is visible) for element [By.xpath: .//input[@id=&apos;repo-name&apos;] under [By.xpath: .//div[contains(@class,&apos;oj-dialog&apos;)]/div[@id=&apos;repository-dialog&apos;]/..]] on http://ucf2c-dcs-release-hub1.opcdeveloper.oracleinternalucf2c.oraclecorp.com/qa-dev/#/projects/qa-dev_test-shared-project1-1460525673052.
2016-04-12 22:46:59,973 DEBUG [oracle.clouddev.test.selenium.components.AssertElement] Check condition (NOT (element is readonly)) for element [By.xpath: .//input[@id=&apos;repo-name&apos;] under [By.xpath: .//div[contains(@class,&apos;oj-dialog&apos;)]/div[@id=&apos;repository-dialog&apos;]/..]] on http://ucf2c-dcs-release-hub1.opcdeveloper.oracleinternalucf2c.oraclecorp.com/qa-dev/#/projects/qa-dev_test-shared-project1-1460525673052.
2016-04-12 22:47:00,041 DEBUG [oracle.clouddev.test.selenium.components.AssertElement] Check condition (element is visible) for element [By.xpath: .//input[@id=&apos;repo-name&apos;] under [By.xpath: .//div[contains(@class,&apos;oj-dialog&apos;)]/div[@id=&apos;repository-dialog&apos;]/..]] on http://ucf2c-dcs-release-hub1.opcdeveloper.oracleinternalucf2c.oraclecorp.com/qa-dev/#/projects/qa-dev_test-shared-project1-1460525673052.
2016-04-12 22:47:00,652 DEBUG [oracle.clouddev.test.selenium.components.AssertElement] Check condition (element is visible) for element [By.xpath: .//textarea[@id=&apos;repo-description&apos;] under [By.xpath: .//div[contains(@class,&apos;oj-dialog&apos;)]/div[@id=&apos;repository-dialog&apos;]/..]] on http://ucf2c-dcs-release-hub1.opcdeveloper.oracleinternalucf2c.oraclecorp.com/qa-dev/#/projects/qa-dev_test-shared-project1-1460525673052.
2016-04-12 22:47:00,694 DEBUG [oracle.clouddev.test.selenium.components.AssertElement] Check condition (element is visible) for element [By.xpath: .//textarea[@id=&apos;repo-description&apos;] under [By.xpath: .//div[contains(@class,&apos;oj-dialog&apos;)]/div[@id=&apos;repository-dialog&apos;]/..]] on http://ucf2c-dcs-release-hub1.opcdeveloper.oracleinternalucf2c.oraclecorp.com/qa-dev/#/projects/qa-dev_test-shared-project1-1460525673052.
2016-04-12 22:47:01,244 DEBUG [oracle.clouddev.test.selenium.components.AssertElement] Check condition (element is visible) for element [By.xpath: .//div[@id=&apos;repo-initial-radio&apos;] under [By.xpath: .//div[contains(@class,&apos;oj-dialog&apos;)]/div[@id=&apos;repository-dialog&apos;]/..]] on http://ucf2c-dcs-release-hub1.opcdeveloper.oracleinternalucf2c.oraclecorp.com/qa-dev/#/projects/qa-dev_test-shared-project1-1460525673052.
2016-04-12 22:47:01,316 DEBUG [oracle.clouddev.test.selenium.components.AssertElement] Check condition (element is visible) for element [By.xpath: .//input[@id=&apos;repo-initial-readme&apos;] under [By.xpath: .//div[@id=&apos;repo-initial-radio&apos;] under [By.xpath: .//div[contains(@class,&apos;oj-dialog&apos;)]/div[@id=&apos;repository-dialog&apos;]/..]]] on http://ucf2c-dcs-release-hub1.opcdeveloper.oracleinternalucf2c.oraclecorp.com/qa-dev/#/projects/qa-dev_test-shared-project1-1460525673052.
2016-04-12 22:47:01,404 DEBUG [oracle.clouddev.test.selenium.components.AssertElement] Check condition (checkbox is checked) for element [By.xpath: .//input[@id=&apos;repo-initial-readme&apos;] under [By.xpath: .//div[@id=&apos;repo-initial-radio&apos;] under [By.xpath: .//div[contains(@class,&apos;oj-dialog&apos;)]/div[@id=&apos;repository-dialog&apos;]/..]]] on http://ucf2c-dcs-release-hub1.opcdeveloper.oracleinternalucf2c.oraclecorp.com/qa-dev/#/projects/qa-dev_test-shared-project1-1460525673052.
2016-04-12 22:47:01,489 DEBUG [oracle.clouddev.test.selenium.components.AssertElement] Check condition (element is visible) for element [By.xpath: .//input[@id=&apos;repo-initial-empty&apos;] under [By.xpath: .//div[@id=&apos;repo-initial-radio&apos;] under [By.xpath: .//div[contains(@class,&apos;oj-dialog&apos;)]/div[@id=&apos;repository-dialog&apos;]/..]]] on http://ucf2c-dcs-release-hub1.opcdeveloper.oracleinternalucf2c.oraclecorp.com/qa-dev/#/projects/qa-dev_test-shared-project1-1460525673052.
2016-04-12 22:47:01,574 DEBUG [oracle.clouddev.test.selenium.components.AssertElement] Check condition (NOT (checkbox is checked)) for element [By.xpath: .//input[@id=&apos;repo-initial-empty&apos;] under [By.xpath: .//div[@id=&apos;repo-initial-radio&apos;] under [By.xpath: .//div[contains(@class,&apos;oj-dialog&apos;)]/div[@id=&apos;repository-dialog&apos;]/..]]] on http://ucf2c-dcs-release-hub1.opcdeveloper.oracleinternalucf2c.oraclecorp.com/qa-dev/#/projects/qa-dev_test-shared-project1-1460525673052.
2016-04-12 22:47:01,652 DEBUG [oracle.clouddev.test.selenium.components.AssertElement] Check condition (element is visible) for element [By.xpath: .//input[@id=&apos;repo-initial-empty&apos;] under [By.xpath: .//div[@id=&apos;repo-initial-radio&apos;] under [By.xpath: .//div[contains(@class,&apos;oj-dialog&apos;)]/div[@id=&apos;repository-dialog&apos;]/..]]] on http://ucf2c-dcs-release-hub1.opcdeveloper.oracleinternalucf2c.oraclecorp.com/qa-dev/#/projects/qa-dev_test-shared-project1-1460525673052.
2016-04-12 22:47:01,997 DEBUG [oracle.clouddev.test.selenium.components.AssertElement] Check condition (element is visible) for element [By.xpath: .//*[(self::button or self::a or self::input) and @id=&apos;repo-button-create&apos;] under [By.xpath: .//div[contains(@class,&apos;oj-dialog&apos;)]/div[@id=&apos;repository-dialog&apos;]/..]] on http://ucf2c-dcs-release-hub1.opcdeveloper.oracleinternalucf2c.oraclecorp.com/qa-dev/#/projects/qa-dev_test-shared-project1-1460525673052.
2016-04-12 22:47:02,073 DEBUG [oracle.clouddev.test.selenium.components.AssertElement] Check condition (element has style class &apos;oj-enabled&apos;) for element [By.xpath: .//*[(self::button or self::a or self::input) and @id=&apos;repo-button-create&apos;] under [By.xpath: .//div[contains(@class,&apos;oj-dialog&apos;)]/div[@id=&apos;repository-dialog&apos;]/..]] on http://ucf2c-dcs-release-hub1.opcdeveloper.oracleinternalucf2c.oraclecorp.com/qa-dev/#/projects/qa-dev_test-shared-project1-1460525673052.
2016-04-12 22:47:02,134 DEBUG [oracle.clouddev.test.selenium.components.AssertElement] Check condition (element is visible) for element [By.xpath: .//*[(self::button or self::a or self::input) and @id=&apos;repo-button-create&apos;] under [By.xpath: .//div[contains(@class,&apos;oj-dialog&apos;)]/div[@id=&apos;repository-dialog&apos;]/..]] on http://ucf2c-dcs-release-hub1.opcdeveloper.oracleinternalucf2c.oraclecorp.com/qa-dev/#/projects/qa-dev_test-shared-project1-1460525673052.
2016-04-12 22:47:02,199 DEBUG [oracle.clouddev.test.selenium.components.AssertElement] Check condition (element has style class &apos;oj-enabled&apos;) for element [By.xpath: .//*[(self::button or self::a or self::input) and @id=&apos;repo-button-create&apos;] under [By.xpath: .//div[contains(@class,&apos;oj-dialog&apos;)]/div[@id=&apos;repository-dialog&apos;]/..]] on http://ucf2c-dcs-release-hub1.opcdeveloper.oracleinternalucf2c.oraclecorp.com/qa-dev/#/projects/qa-dev_test-shared-project1-1460525673052.
2016-04-12 22:47:02,588 DEBUG [oracle.clouddev.test.selenium.components.AssertElement] Check condition (NOT (element is visible)) for element [By.xpath: .//div[contains(@class,&apos;oj-dialog&apos;)]/div[@id=&apos;repository-dialog&apos;]/..] on http://ucf2c-dcs-release-hub1.opcdeveloper.oracleinternalucf2c.oraclecorp.com/qa-dev/#/projects/qa-dev_test-shared-project1-1460525673052.
2016-04-12 22:47:04,768 DEBUG [oracle.clouddev.test.selenium.components.AssertElement] Check condition (element is visible) for element [By.id: scm-content] on http://ucf2c-dcs-release-hub1.opcdeveloper.oracleinternalucf2c.oraclecorp.com/qa-dev/#projects/qa-dev_test-shared-project1-1460525673052/scm/qa-test-repo1460526415589.git/tree?revision=.
2016-04-12 22:47:04,789 INFO  [oracle.clouddev.test.selenium.tests.base.TestHomePage] Go to the project home page
2016-04-12 22:47:04,789 DEBUG [oracle.clouddev.test.selenium.junit.BrowserSession] navigating to project qa-dev_test-shared-project1-1460525673052 (http://ucf2c-dcs-release-hub1.opcdeveloper.oracleinternalucf2c.oraclecorp.com/qa-dev/#/projects/qa-dev_test-shared-project1-1460525673052)
2016-04-12 22:47:06,436 DEBUG [oracle.clouddev.test.selenium.components.AssertElement] Check condition (oracle.clouddev.test.selenium.components.Conditions$5@40de945) for element [By.xpath: .//button[@id=&apos;odcs-project-selector&apos;]/span[1]] on http://ucf2c-dcs-release-hub1.opcdeveloper.oracleinternalucf2c.oraclecorp.com/qa-dev/#/projects/qa-dev_test-shared-project1-1460525673052.
2016-04-12 22:47:06,503 DEBUG [oracle.clouddev.test.selenium.components.AssertElement] Check condition (NOT (element is visible)) for element [By.id: page-provision] on http://ucf2c-dcs-release-hub1.opcdeveloper.oracleinternalucf2c.oraclecorp.com/qa-dev/#/projects/qa-dev_test-shared-project1-1460525673052.
2016-04-12 22:47:07,529 INFO  [oracle.clouddev.test.selenium.tests.base.TestHomePage] Waiting for the activites to be loaded...
2016-04-12 22:47:07,591 DEBUG [oracle.clouddev.test.selenium.components.AssertElement] Check condition (element is visible) for element [By.xpath: .//div[@id=&apos;activities-filter-button&apos;]] on http://ucf2c-dcs-release-hub1.opcdeveloper.oracleinternalucf2c.oraclecorp.com/qa-dev/#/projects/qa-dev_test-shared-project1-1460525673052.
2016-04-12 22:47:07,826 DEBUG [oracle.clouddev.test.selenium.components.AssertElement] Check condition (element is visible) for element [By.xpath: .//*[(self::button or self::a or self::input) and @id=&apos;new-repo-green-button&apos;]] on http://ucf2c-dcs-release-hub1.opcdeveloper.oracleinternalucf2c.oraclecorp.com/qa-dev/#/projects/qa-dev_test-shared-project1-1460525673052.
2016-04-12 22:47:07,892 DEBUG [oracle.clouddev.test.selenium.components.AssertElement] Check condition (element has style class &apos;oj-enabled&apos;) for element [By.xpath: .//*[(self::button or self::a or self::input) and @id=&apos;new-repo-green-button&apos;]] on http://ucf2c-dcs-release-hub1.opcdeveloper.oracleinternalucf2c.oraclecorp.com/qa-dev/#/projects/qa-dev_test-shared-project1-1460525673052.
2016-04-12 22:47:08,495 DEBUG [oracle.clouddev.test.selenium.components.AssertElement] Check condition (element is visible) for element [By.xpath: .//div[contains(@class,&apos;oj-dialog&apos;)]/div[@id=&apos;repository-dialog&apos;]/..] on http://ucf2c-dcs-release-hub1.opcdeveloper.oracleinternalucf2c.oraclecorp.com/qa-dev/#/projects/qa-dev_test-shared-project1-1460525673052.
2016-04-12 22:47:08,550 DEBUG [oracle.clouddev.test.selenium.components.AssertElement] Check condition (element is visible) for element [By.xpath: .//input[@id=&apos;repo-name&apos;] under [By.xpath: .//div[contains(@class,&apos;oj-dialog&apos;)]/div[@id=&apos;repository-dialog&apos;]/..]] on http://ucf2c-dcs-release-hub1.opcdeveloper.oracleinternalucf2c.oraclecorp.com/qa-dev/#/projects/qa-dev_test-shared-project1-1460525673052.
2016-04-12 22:47:08,630 DEBUG [oracle.clouddev.test.selenium.components.AssertElement] Check condition (NOT (element is readonly)) for element [By.xpath: .//input[@id=&apos;repo-name&apos;] under [By.xpath: .//div[contains(@class,&apos;oj-dialog&apos;)]/div[@id=&apos;repository-dialog&apos;]/..]] on http://ucf2c-dcs-release-hub1.opcdeveloper.oracleinternalucf2c.oraclecorp.com/qa-dev/#/projects/qa-dev_test-shared-project1-1460525673052.
2016-04-12 22:47:08,703 DEBUG [oracle.clouddev.test.selenium.components.AssertElement] Check condition (element is visible) for element [By.xpath: .//input[@id=&apos;repo-name&apos;] under [By.xpath: .//div[contains(@class,&apos;oj-dialog&apos;)]/div[@id=&apos;repository-dialog&apos;]/..]] on http://ucf2c-dcs-release-hub1.opcdeveloper.oracleinternalucf2c.oraclecorp.com/qa-dev/#/projects/qa-dev_test-shared-project1-1460525673052.
2016-04-12 22:47:09,280 DEBUG [oracle.clouddev.test.selenium.components.AssertElement] Check condition (element is visible) for element [By.xpath: .//textarea[@id=&apos;repo-description&apos;] under [By.xpath: .//div[contains(@class,&apos;oj-dialog&apos;)]/div[@id=&apos;repository-dialog&apos;]/..]] on http://ucf2c-dcs-release-hub1.opcdeveloper.oracleinternalucf2c.oraclecorp.com/qa-dev/#/projects/qa-dev_test-shared-project1-1460525673052.
2016-04-12 22:47:09,335 DEBUG [oracle.clouddev.test.selenium.components.AssertElement] Check condition (element is visible) for element [By.xpath: .//textarea[@id=&apos;repo-description&apos;] under [By.xpath: .//div[contains(@class,&apos;oj-dialog&apos;)]/div[@id=&apos;repository-dialog&apos;]/..]] on http://ucf2c-dcs-release-hub1.opcdeveloper.oracleinternalucf2c.oraclecorp.com/qa-dev/#/projects/qa-dev_test-shared-project1-1460525673052.
2016-04-12 22:47:09,866 DEBUG [oracle.clouddev.test.selenium.components.AssertElement] Check condition (element is visible) for element [By.xpath: .//div[@id=&apos;repo-initial-radio&apos;] under [By.xpath: .//div[contains(@class,&apos;oj-dialog&apos;)]/div[@id=&apos;repository-dialog&apos;]/..]] on http://ucf2c-dcs-release-hub1.opcdeveloper.oracleinternalucf2c.oraclecorp.com/qa-dev/#/projects/qa-dev_test-shared-project1-1460525673052.
2016-04-12 22:47:09,932 DEBUG [oracle.clouddev.test.selenium.components.AssertElement] Check condition (element is visible) for element [By.xpath: .//input[@id=&apos;repo-initial-readme&apos;] under [By.xpath: .//div[@id=&apos;repo-initial-radio&apos;] under [By.xpath: .//div[contains(@class,&apos;oj-dialog&apos;)]/div[@id=&apos;repository-dialog&apos;]/..]]] on http://ucf2c-dcs-release-hub1.opcdeveloper.oracleinternalucf2c.oraclecorp.com/qa-dev/#/projects/qa-dev_test-shared-project1-1460525673052.
2016-04-12 22:47:09,994 DEBUG [oracle.clouddev.test.selenium.components.AssertElement] Check condition (checkbox is checked) for element [By.xpath: .//input[@id=&apos;repo-initial-readme&apos;] under [By.xpath: .//div[@id=&apos;repo-initial-radio&apos;] under [By.xpath: .//div[contains(@class,&apos;oj-dialog&apos;)]/div[@id=&apos;repository-dialog&apos;]/..]]] on http://ucf2c-dcs-release-hub1.opcdeveloper.oracleinternalucf2c.oraclecorp.com/qa-dev/#/projects/qa-dev_test-shared-project1-1460525673052.
2016-04-12 22:47:10,090 DEBUG [oracle.clouddev.test.selenium.components.AssertElement] Check condition (element is visible) for element [By.xpath: .//input[@id=&apos;repo-initial-empty&apos;] under [By.xpath: .//div[@id=&apos;repo-initial-radio&apos;] under [By.xpath: .//div[contains(@class,&apos;oj-dialog&apos;)]/div[@id=&apos;repository-dialog&apos;]/..]]] on http://ucf2c-dcs-release-hub1.opcdeveloper.oracleinternalucf2c.oraclecorp.com/qa-dev/#/projects/qa-dev_test-shared-project1-1460525673052.
2016-04-12 22:47:10,180 DEBUG [oracle.clouddev.test.selenium.components.AssertElement] Check condition (NOT (checkbox is checked)) for element [By.xpath: .//input[@id=&apos;repo-initial-empty&apos;] under [By.xpath: .//div[@id=&apos;repo-initial-radio&apos;] under [By.xpath: .//div[contains(@class,&apos;oj-dialog&apos;)]/div[@id=&apos;repository-dialog&apos;]/..]]] on http://ucf2c-dcs-release-hub1.opcdeveloper.oracleinternalucf2c.oraclecorp.com/qa-dev/#/projects/qa-dev_test-shared-project1-1460525673052.
2016-04-12 22:47:10,273 DEBUG [oracle.clouddev.test.selenium.components.AssertElement] Check condition (element is visible) for element [By.xpath: .//input[@id=&apos;repo-initial-empty&apos;] under [By.xpath: .//div[@id=&apos;repo-initial-radio&apos;] under [By.xpath: .//div[contains(@class,&apos;oj-dialog&apos;)]/div[@id=&apos;repository-dialog&apos;]/..]]] on http://ucf2c-dcs-release-hub1.opcdeveloper.oracleinternalucf2c.oraclecorp.com/qa-dev/#/projects/qa-dev_test-shared-project1-1460525673052.
2016-04-12 22:47:10,635 DEBUG [oracle.clouddev.test.selenium.components.AssertElement] Check condition (element is visible) for element [By.xpath: .//*[(self::button or self::a or self::input) and @id=&apos;repo-button-create&apos;] under [By.xpath: .//div[contains(@class,&apos;oj-dialog&apos;)]/div[@id=&apos;repository-dialog&apos;]/..]] on http://ucf2c-dcs-release-hub1.opcdeveloper.oracleinternalucf2c.oraclecorp.com/qa-dev/#/projects/qa-dev_test-shared-project1-1460525673052.
2016-04-12 22:47:10,672 DEBUG [oracle.clouddev.test.selenium.components.AssertElement] Check condition (element has style class &apos;oj-enabled&apos;) for element [By.xpath: .//*[(self::button or self::a or self::input) and @id=&apos;repo-button-create&apos;] under [By.xpath: .//div[contains(@class,&apos;oj-dialog&apos;)]/div[@id=&apos;repository-dialog&apos;]/..]] on http://ucf2c-dcs-release-hub1.opcdeveloper.oracleinternalucf2c.oraclecorp.com/qa-dev/#/projects/qa-dev_test-shared-project1-1460525673052.
2016-04-12 22:47:10,706 DEBUG [oracle.clouddev.test.selenium.components.AssertElement] Check condition (element is visible) for element [By.xpath: .//*[(self::button or self::a or self::input) and @id=&apos;repo-button-create&apos;] under [By.xpath: .//div[contains(@class,&apos;oj-dialog&apos;)]/div[@id=&apos;repository-dialog&apos;]/..]] on http://ucf2c-dcs-release-hub1.opcdeveloper.oracleinternalucf2c.oraclecorp.com/qa-dev/#/projects/qa-dev_test-shared-project1-1460525673052.
2016-04-12 22:47:10,743 DEBUG [oracle.clouddev.test.selenium.components.AssertElement] Check condition (element has style class &apos;oj-enabled&apos;) for element [By.xpath: .//*[(self::button or self::a or self::input) and @id=&apos;repo-button-create&apos;] under [By.xpath: .//div[contains(@class,&apos;oj-dialog&apos;)]/div[@id=&apos;repository-dialog&apos;]/..]] on http://ucf2c-dcs-release-hub1.opcdeveloper.oracleinternalucf2c.oraclecorp.com/qa-dev/#/projects/qa-dev_test-shared-project1-1460525673052.
2016-04-12 22:47:11,021 DEBUG [oracle.clouddev.test.selenium.components.AssertElement] Check condition (NOT (element is visible)) for element [By.xpath: .//div[contains(@class,&apos;oj-dialog&apos;)]/div[@id=&apos;repository-dialog&apos;]/..] on http://ucf2c-dcs-release-hub1.opcdeveloper.oracleinternalucf2c.oraclecorp.com/qa-dev/#/projects/qa-dev_test-shared-project1-1460525673052.
2016-04-12 22:47:13,313 DEBUG [oracle.clouddev.test.selenium.components.AssertElement] Check condition (element is visible) for element [By.id: scm-content] on http://ucf2c-dcs-release-hub1.opcdeveloper.oracleinternalucf2c.oraclecorp.com/qa-dev/#projects/qa-dev_test-shared-project1-1460525673052/scm/qa-test-repo1460526424789.git/tree?revision=.
2016-04-12 22:47:13,345 INFO  [oracle.clouddev.test.selenium.tests.base.TestHomePage] Check if the empty page is showing
2016-04-12 22:47:13,375 INFO  [oracle.clouddev.test.selenium.tests.base.TestHomePage] Switch to the home page
2016-04-12 22:47:13,375 DEBUG [oracle.clouddev.test.selenium.junit.BrowserSession] navigating to project qa-dev_test-shared-project1-1460525673052 (http://ucf2c-dcs-release-hub1.opcdeveloper.oracleinternalucf2c.oraclecorp.com/qa-dev/#/projects/qa-dev_test-shared-project1-1460525673052)
2016-04-12 22:47:14,862 DEBUG [oracle.clouddev.test.selenium.components.AssertElement] Check condition (oracle.clouddev.test.selenium.components.Conditions$5@3b22c645) for element [By.xpath: .//button[@id=&apos;odcs-project-selector&apos;]/span[1]] on http://ucf2c-dcs-release-hub1.opcdeveloper.oracleinternalucf2c.oraclecorp.com/qa-dev/#/projects/qa-dev_test-shared-project1-1460525673052.
2016-04-12 22:47:14,901 DEBUG [oracle.clouddev.test.selenium.components.AssertElement] Check condition (NOT (element is visible)) for element [By.id: page-provision] on http://ucf2c-dcs-release-hub1.opcdeveloper.oracleinternalucf2c.oraclecorp.com/qa-dev/#/projects/qa-dev_test-shared-project1-1460525673052.
2016-04-12 22:47:15,921 INFO  [oracle.clouddev.test.selenium.tests.base.TestHomePage] Check if in the to home page
2016-04-12 22:47:15,939 INFO  [oracle.clouddev.test.selenium.tests.base.TestHomePage] Waiting for the activites to be loaded...
2016-04-12 22:47:15,954 DEBUG [oracle.clouddev.test.selenium.components.AssertElement] Check condition (element is visible) for element [By.xpath: .//div[@id=&apos;activities-filter-button&apos;]] on http://ucf2c-dcs-release-hub1.opcdeveloper.oracleinternalucf2c.oraclecorp.com/qa-dev/#/projects/qa-dev_test-shared-project1-1460525673052.
    </system-out>
    </testcase>
    <testcase classname="oracle.clouddev.test.selenium.tests.base.TestHomePage" name="testCreateRepositoryRestAPI" time="6.853">
      <properties>
        <property name="java.runtime.name" value="Java(TM) SE Runtime Environment"/>
        <property name="exec.mainClass" value="oracle.clouddev.test.selenium.RunTests"/>
        <property name="sun.boot.library.path" value="/usr/java/jdk1.8.0_74/jre/lib/amd64"/>
        <property name="java.vm.version" value="25.74-b02"/>
        <property name="java.vm.vendor" value="Oracle Corporation"/>
        <property name="java.vendor.url" value="http://java.oracle.com/"/>
        <property name="guice.disable.misplaced.annotation.check" value="true"/>
        <property name="path.separator" value=":"/>
        <property name="java.vm.name" value="Java HotSpot(TM) 64-Bit Server VM"/>
        <property name="file.encoding.pkg" value="sun.io"/>
        <property name="user.country" value="US"/>
        <property name="sun.java.launcher" value="SUN_STANDARD"/>
        <property name="sun.os.patch.level" value="unknown"/>
        <property name="http.noProxyHosts" value="localhost|127.0.0.1|*.local|*.oraclecorp.com|*.us.oracle.com"/>
        <property name="java.vm.specification.name" value="Java Virtual Machine Specification"/>
        <property name="user.dir" value="/home/builder/hudson/workspace/dcs_dcs.Release-Selenium-Tests/selenium-tests"/>
        <property name="java.runtime.version" value="1.8.0_74-b02"/>
        <property name="java.awt.graphicsenv" value="sun.awt.X11GraphicsEnvironment"/>
        <property name="java.endorsed.dirs" value="/usr/java/jdk1.8.0_74/jre/lib/endorsed"/>
        <property name="os.arch" value="amd64"/>
        <property name="java.io.tmpdir" value="/tmp"/>
        <property name="line.separator" value="
"/>
        <property name="java.vm.specification.vendor" value="Oracle Corporation"/>
        <property name="https.proxyHost" value="www-proxy.us.oracle.com"/>
        <property name="os.name" value="Linux"/>
        <property name="classworlds.conf" value="/usr/local/apache-maven/apache-maven-3.0.4/bin/m2.conf"/>
        <property name="sun.jnu.encoding" value="UTF-8"/>
        <property name="http.proxyPort" value="80"/>
        <property name="java.library.path" value="/usr/java/packages/lib/amd64:/usr/lib64:/lib64:/lib:/usr/lib"/>
        <property name="sun.awt.enableExtraMouseButtons" value="true"/>
        <property name="java.specification.name" value="Java Platform API Specification"/>
        <property name="java.class.version" value="52.0"/>
        <property name="sun.management.compiler" value="HotSpot 64-Bit Tiered Compilers"/>
        <property name="os.version" value="3.8.13-55.1.1.el6uek.x86_64"/>
        <property name="user.home" value="/home/builder"/>
        <property name="user.timezone" value="PST8PDT"/>
        <property name="java.awt.printerjob" value="sun.print.PSPrinterJob"/>
        <property name="file.encoding" value="UTF-8"/>
        <property name="java.specification.version" value="1.8"/>
        <property name="java.class.path" value="/usr/local/apache-maven/apache-maven-3.0.4/boot/plexus-classworlds-2.4.jar"/>
        <property name="user.name" value="builder"/>
        <property name="java.vm.specification.version" value="1.8"/>
        <property name="sun.java.command" value="org.codehaus.plexus.classworlds.launcher.Launcher -f /home/c2c/hudson/workspace/dcs_dcs.Release-Selenium-Tests/selenium-tests/pom.xml --batch-mode exec:java -Dexec.mainClass=oracle.clouddev.test.selenium.RunTests -Dexec.args=selenium.browser.size.w=1280 selenium.browser.size.h=960 capture.video=true capture.screenshots=true notification.type=swing notification.history=3 notification.font.size=15 job-release-selenium-tests.properties build.job=dcs_dcs.Release-Selenium-Tests build.number=295 target.release=16.2.3.0.0 timeout.build.buildqueue=1200 timeout.build.buildqueue.polling=60 -s BASE --tag base"/>
        <property name="java.home" value="/usr/java/jdk1.8.0_74/jre"/>
        <property name="sun.arch.data.model" value="64"/>
        <property name="user.language" value="en"/>
        <property name="java.specification.vendor" value="Oracle Corporation"/>
        <property name="awt.toolkit" value="sun.awt.X11.XToolkit"/>
        <property name="java.vm.info" value="mixed mode"/>
        <property name="java.version" value="1.8.0_74"/>
        <property name="securerandom.source" value="file:/dev/./urandom"/>
        <property name="java.ext.dirs" value="/usr/java/jdk1.8.0_74/jre/lib/ext:/usr/java/packages/lib/ext"/>
        <property name="http.proxyHost" value="www-proxy.us.oracle.com"/>
        <property name="sun.boot.class.path" value="/usr/java/jdk1.8.0_74/jre/lib/resources.jar:/usr/java/jdk1.8.0_74/jre/lib/rt.jar:/usr/java/jdk1.8.0_74/jre/lib/sunrsasign.jar:/usr/java/jdk1.8.0_74/jre/lib/jsse.jar:/usr/java/jdk1.8.0_74/jre/lib/jce.jar:/usr/java/jdk1.8.0_74/jre/lib/charsets.jar:/usr/java/jdk1.8.0_74/jre/lib/jfr.jar:/usr/java/jdk1.8.0_74/jre/classes"/>
        <property name="java.vendor" value="Oracle Corporation"/>
        <property name="maven.home" value="/usr/local/apache-maven/apache-maven-3.0.4"/>
        <property name="file.separator" value="/"/>
        <property name="java.vendor.url.bug" value="http://bugreport.sun.com/bugreport/"/>
        <property name="sun.font.fontmanager" value="sun.awt.X11FontManager"/>
        <property name="sun.io.unicode.encoding" value="UnicodeLittle"/>
        <property name="sun.cpu.endian" value="little"/>
        <property name="https.proxyPort" value="80"/>
        <property name="exec.args" value="selenium.browser.size.w=1280 selenium.browser.size.h=960 capture.video=true capture.screenshots=true notification.type=swing notification.history=3 notification.font.size=15 job-release-selenium-tests.properties build.job=dcs_dcs.Release-Selenium-Tests build.number=295 target.release=16.2.3.0.0 timeout.build.buildqueue=1200 timeout.build.buildqueue.polling=60 -s BASE --tag base"/>
        <property name="sun.cpu.isalist" value=""/>
        <property name="test.selenium.browser.size.h" value="960"/>
        <property name="test.user.non-admin.name" value="tom.testsuite"/>
        <property name="test.https.proxyHost" value="www-proxy.us.oracle.com"/>
        <property name="test.user.admin.name" value="tina.testsuite"/>
        <property name="test.user.em-agent.password" value="Welcome1!"/>
        <property name="test.tag" value="base"/>
        <property name="test.user.em-agent.fullname" value="Alex Admin"/>
        <property name="test.selenium.port" value="44000"/>
        <property name="test.build.number" value="295"/>
        <property name="test.user.sdi-agent.enabled" value="true"/>
        <property name="test.timeout.assert.condition" value="30"/>
        <property name="test.target.version" value="{
  &quot;buildInformation&quot; : {
    &quot;gitCommitId&quot; : &quot;6415b9c07a83d336f513936eb79c4a925510b07b&quot;,
    &quot;gitCommitMessage&quot; : &quot;Merge branch &apos;Fix18963&apos; into &apos;patchset_16_2_3&apos;&quot;,
    &quot;buildTime&quot; : &quot;12.04.2016 @ 21:58:42 PDT&quot;,
    &quot;buildUser&quot; : &quot;Code2Cloud Builder&quot;
  }
}"/>
        <property name="test.build.job" value="dcs_dcs.Release-Selenium-Tests"/>
        <property name="test.timeout.project.create" value="660"/>
        <property name="test.user.sdi-agent.name" value="alex.admin"/>
        <property name="test.selenium.browser" value="firefox"/>
        <property name="test.http.proxyPort" value="80"/>
        <property name="test.user.sdi-agent.password" value="Welcome1!"/>
        <property name="test.user.sdi-agent.fullname" value="Alex Admin"/>
        <property name="test.timeout.selenium.navigate" value="20"/>
        <property name="test.target.release" value="16.2.3.0.0"/>
        <property name="test.byom.ip" value="127.0.0.1"/>
        <property name="test.byom.port" value="8585"/>
        <property name="test.notification.type" value="swing"/>
        <property name="test.data.project.override" value=""/>
        <property name="test.timeout.selenium.find" value="1"/>
        <property name="test.user.em-agent.enabled" value="true"/>
        <property name="test.testEmptyOrg.db.id" value=""/>
        <property name="test.reviews.timeout.slowdown" value="0"/>
        <property name="test.http.noProxyHosts" value="localhost|127.0.0.1|*.local|*.oraclecorp.com|*.us.oracle.com"/>
        <property name="test.capture.video" value="true"/>
        <property name="test.user.non-admin.password" value="Welcome1!"/>
        <property name="test.user.non-admin.fullname" value="Tom Testsuite"/>
        <property name="test.user.admin.password" value="Welcome1!"/>
        <property name="test.notification.history" value="3"/>
        <property name="test.user.admin.fullname" value="Tina Testsuite"/>
        <property name="test.capture.screenshots" value="true"/>
        <property name="test.testEmptyOrg.db.connectString" value="jdbc:oracle:thin:@(DESCRIPTION=(ADDRESS=(PROTOCOL=TCP)(HOST=slc09iwb.us.oracle.com)(PORT=1521))(CONNECT_DATA=(SERVICE_NAME=dbpod)))"/>
        <property name="test.firefox.bin" value=""/>
        <property name="test.https.proxyPort" value="80"/>
        <property name="test.develop.offline" value="false"/>
        <property name="test.timeout.build.buildqueue.polling" value="60"/>
        <property name="test.output.dir" value="target/test-reports/"/>
        <property name="test.firefox.allowedHosts" value="localhost,localhost.localdomain"/>
        <property name="test.testEmptyOrg.db.schema" value="BV2RLPNYEWMR"/>
        <property name="test.web.url" value="http://ucf2c-dcs-release-hub1.opcdeveloper.oracleinternalucf2c.oraclecorp.com/qa-dev/"/>
        <property name="test.firefox.extensions" value=""/>
        <property name="test.testEmptyOrg.orgExistsCheck" value="false"/>
        <property name="test.data.dir" value="data/"/>
        <property name="test.notification.font.size" value="15"/>
        <property name="test.testEmptyOrg.service" value="devservice5"/>
        <property name="test.selenium.start.server" value="false"/>
        <property name="test.firefox.profile.path" value=""/>
        <property name="test.selenium.host" value="localhost"/>
        <property name="test.suite" value="BASE"/>
        <property name="test.tests" value=""/>
        <property name="test.user.admin.idm" value="dcsdevteam"/>
        <property name="test.http.proxyHost" value="www-proxy.us.oracle.com"/>
        <property name="test.testMethods" value=""/>
        <property name="test.reviews.dontDeleteEnviroment" value="false"/>
        <property name="test.selenium.browser.maximize" value="false"/>
        <property name="test.firefox.profile.name" value=""/>
        <property name="test.timeout.build.buildqueue" value="1200"/>
        <property name="test.user.em-agent.idm" value="dcsdevteam"/>
        <property name="test.selenium.remote" value="false"/>
        <property name="test.user.sdi-agent.idm" value="dcsdevteam"/>
        <property name="test.byom.authToken" value="123456"/>
        <property name="test.proxy.autodetect" value="false"/>
        <property name="test.testEmptyOrg.idm" value="dcsdevteam"/>
        <property name="test.user.non-admin.idm" value="dcsdevteam"/>
        <property name="test.data.tasks.useexisting" value="false"/>
        <property name="test.selenium.browser.size.w" value="1280"/>
        <property name="test.category" value="DEFAULT"/>
        <property name="test.user.em-agent.name" value="alex.admin"/>
        <property name="test.timeout.slowdown" value="0"/>
      </properties>
    <system-out>
2016-04-12 22:47:15,978 INFO  [oracle.clouddev.test.selenium.tests.base.TestHomePage] Rest API, Create new repository with deafault setting and unique name, empty repository
2016-04-12 22:47:15,978 INFO  [oracle.clouddev.test.selenium.util.RestRepositoryBuilder] Get repository list: http://ucf2c-dcs-release-hub1.opcdeveloper.oracleinternalucf2c.oraclecorp.com/qa-dev/s/qa-dev_test-shared-project1-1460525673052/scm/api/repository/
2016-04-12 22:47:15,979 INFO  [oracle.clouddev.test.framework.rest.RestClient] [request#43] GET http://ucf2c-dcs-release-hub1.opcdeveloper.oracleinternalucf2c.oraclecorp.com/qa-dev/s/qa-dev_test-shared-project1-1460525673052/scm/api/repository/ HTTP/1.1 (user: ADMIN(dcsdevteam/tina.testsuite/Welcome1!))
2016-04-12 22:47:15,979 DEBUG [oracle.clouddev.test.framework.rest.RestClient] [request#43] cURL: curl -k -u tina.testsuite:Welcome1! -X GET &apos;http://ucf2c-dcs-release-hub1.opcdeveloper.oracleinternalucf2c.oraclecorp.com/qa-dev/s/qa-dev_test-shared-project1-1460525673052/scm/api/repository/&apos;
2016-04-12 22:47:16,092 INFO  [oracle.clouddev.test.framework.rest.RestClient] [request#43] HTTP/1.1 200 OK
2016-04-12 22:47:16,092 DEBUG [oracle.clouddev.test.framework.rest.RestClient] [request#43] Content-Type: application/json;charset=UTF-8
2016-04-12 22:47:16,092 DEBUG [oracle.clouddev.test.framework.rest.RestClient] [request#43] Content-Length: 3267
2016-04-12 22:47:16,093 DEBUG [oracle.clouddev.test.framework.rest.ResponseProcessors$ResponseParserAdapter] [request#43] Received data:{
  &quot;scmRepositoryList&quot; : [ {
    &quot;name&quot; : &quot;qa-test-repo1460526387431.git&quot;,
    &quot;url&quot; : &quot;http://ucf2c-dcs-release-hub1.opcdeveloper.oracleinternalucf2c.oraclecorp.com/qa-dev/s/qa-dev_test-shared-project1-1460525673052/scm/qa-test-repo1460526387431.git&quot;,
    &quot;type&quot; : &quot;GIT&quot;,
    &quot;scmLocation&quot; : &quot;CODE2CLOUD&quot;,
    &quot;alternateUrl&quot; : &quot;ssh://ucf2c-dcs-release-hub1.opcdeveloper.oracleinternalucf2c.oraclecorp.com:2222/qa-dev_test-shared-project1-1460525673052/qa-test-repo1460526387431.git&quot;,
    &quot;branches&quot; : [ &quot;master&quot; ],
    &quot;tags&quot; : [ ],
    &quot;description&quot; : &quot;Description qa-test-repo1460526387431&quot;,
    &quot;importInProgress&quot; : false,
    &quot;head&quot; : &quot;master&quot;
  }, {
    &quot;name&quot; : &quot;qa-test-repo1460526415589.git&quot;,
    &quot;url&quot; : &quot;http://ucf2c-dcs-release-hub1.opcdeveloper.oracleinternalucf2c.oraclecorp.com/qa-dev/s/qa-dev_test-shared-project1-1460525673052/scm/qa-test-repo1460526415589.git&quot;,
    &quot;type&quot; : &quot;GIT&quot;,
    &quot;scmLocation&quot; : &quot;CODE2CLOUD&quot;,
    &quot;alternateUrl&quot; : &quot;ssh://ucf2c-dcs-release-hub1.opcdeveloper.oracleinternalucf2c.oraclecorp.com:2222/qa-dev_test-shared-project1-1460525673052/qa-test-repo1460526415589.git&quot;,
    &quot;branches&quot; : [ ],
    &quot;tags&quot; : [ ],
    &quot;description&quot; : &quot;Description qa-test-repo1460526415589&quot;,
    &quot;importInProgress&quot; : false,
    &quot;head&quot; : &quot;master&quot;
  }, {
    &quot;name&quot; : &quot;qa-test-repo1460526424789.git&quot;,
    &quot;url&quot; : &quot;http://ucf2c-dcs-release-hub1.opcdeveloper.oracleinternalucf2c.oraclecorp.com/qa-dev/s/qa-dev_test-shared-project1-1460525673052/scm/qa-test-repo1460526424789.git&quot;,
    &quot;type&quot; : &quot;GIT&quot;,
    &quot;scmLocation&quot; : &quot;CODE2CLOUD&quot;,
    &quot;alternateUrl&quot; : &quot;ssh://ucf2c-dcs-release-hub1.opcdeveloper.oracleinternalucf2c.oraclecorp.com:2222/qa-dev_test-shared-project1-1460525673052/qa-test-repo1460526424789.git&quot;,
    &quot;branches&quot; : [ ],
    &quot;tags&quot; : [ ],
    &quot;description&quot; : &quot;Description qa-test-repo1460526424789&quot;,
    &quot;importInProgress&quot; : false,
    &quot;head&quot; : &quot;master&quot;
  }, {
    &quot;name&quot; : &quot;test-repo1460526396899.git&quot;,
    &quot;url&quot; : &quot;http://ucf2c-dcs-release-hub1.opcdeveloper.oracleinternalucf2c.oraclecorp.com/qa-dev/s/qa-dev_test-shared-project1-1460525673052/scm/test-repo1460526396899.git&quot;,
    &quot;type&quot; : &quot;GIT&quot;,
    &quot;scmLocation&quot; : &quot;CODE2CLOUD&quot;,
    &quot;alternateUrl&quot; : &quot;ssh://ucf2c-dcs-release-hub1.opcdeveloper.oracleinternalucf2c.oraclecorp.com:2222/qa-dev_test-shared-project1-1460525673052/test-repo1460526396899.git&quot;,
    &quot;branches&quot; : [ &quot;master&quot; ],
    &quot;tags&quot; : [ ],
    &quot;description&quot; : &quot;Description test-repo1460526396899.git&quot;,
    &quot;importInProgress&quot; : false,
    &quot;head&quot; : &quot;master&quot;
  }, {
    &quot;name&quot; : &quot;test-repo1460526400539.git&quot;,
    &quot;url&quot; : &quot;http://ucf2c-dcs-release-hub1.opcdeveloper.oracleinternalucf2c.oraclecorp.com/qa-dev/s/qa-dev_test-shared-project1-1460525673052/scm/test-repo1460526400539.git&quot;,
    &quot;type&quot; : &quot;GIT&quot;,
    &quot;scmLocation&quot; : &quot;CODE2CLOUD&quot;,
    &quot;alternateUrl&quot; : &quot;ssh://ucf2c-dcs-release-hub1.opcdeveloper.oracleinternalucf2c.oraclecorp.com:2222/qa-dev_test-shared-project1-1460525673052/test-repo1460526400539.git&quot;,
    &quot;branches&quot; : [ ],
    &quot;tags&quot; : [ ],
    &quot;description&quot; : &quot;Description test-repo1460526400539.git&quot;,
    &quot;importInProgress&quot; : false,
    &quot;head&quot; : &quot;master&quot;
  }, {
    &quot;name&quot; : &quot;test-shared-project1-1460525673052.git&quot;,
    &quot;url&quot; : &quot;http://ucf2c-dcs-release-hub1.opcdeveloper.oracleinternalucf2c.oraclecorp.com/qa-dev/s/qa-dev_test-shared-project1-1460525673052/scm/test-shared-project1-1460525673052.git&quot;,
    &quot;type&quot; : &quot;GIT&quot;,
    &quot;scmLocation&quot; : &quot;CODE2CLOUD&quot;,
    &quot;alternateUrl&quot; : &quot;ssh://ucf2c-dcs-release-hub1.opcdeveloper.oracleinternalucf2c.oraclecorp.com:2222/qa-dev_test-shared-project1-1460525673052/test-shared-project1-1460525673052.git&quot;,
    &quot;branches&quot; : [ ],
    &quot;tags&quot; : [ ],
    &quot;description&quot; : null,
    &quot;importInProgress&quot; : false,
    &quot;head&quot; : &quot;master&quot;
  } ]
}
2016-04-12 22:47:16,093 INFO  [oracle.clouddev.test.selenium.util.RestRepositoryBuilder] creating new repository test-repo1460526435978.git in projectqa-dev_test-shared-project1-1460525673052
2016-04-12 22:47:16,093 INFO  [oracle.clouddev.test.selenium.util.RestRepositoryBuilder] Create a new repository test-repo1460526435978.git : http://ucf2c-dcs-release-hub1.opcdeveloper.oracleinternalucf2c.oraclecorp.com/qa-dev/s/qa-dev_test-shared-project1-1460525673052/scm/api/repository/
2016-04-12 22:47:16,095 INFO  [oracle.clouddev.test.framework.rest.RestClient] [request#44] POST http://ucf2c-dcs-release-hub1.opcdeveloper.oracleinternalucf2c.oraclecorp.com/qa-dev/s/qa-dev_test-shared-project1-1460525673052/scm/api/repository/ HTTP/1.1 (user: ADMIN(dcsdevteam/tina.testsuite/Welcome1!))
2016-04-12 22:47:16,095 DEBUG [oracle.clouddev.test.framework.rest.RestClient] [request#44] posted content:
{
  &quot;scmLocation&quot; : &quot;CODE2CLOUD&quot;,
  &quot;name&quot; : &quot;test-repo1460526435978.git&quot;,
  &quot;description&quot; : &quot;Description test-repo1460526435978.git&quot;,
  &quot;type&quot; : &quot;GIT&quot;,
  &quot;branches&quot; : [ ],
  &quot;tags&quot; : [ ]
}
2016-04-12 22:47:16,095 DEBUG [oracle.clouddev.test.framework.rest.RestClient] [request#44] cURL: curl -k -u tina.testsuite:Welcome1! -X POST &apos;http://ucf2c-dcs-release-hub1.opcdeveloper.oracleinternalucf2c.oraclecorp.com/qa-dev/s/qa-dev_test-shared-project1-1460525673052/scm/api/repository/&apos; -H &apos;Content-Type: application/json; charset=UTF-8&apos; --data-binary &apos;{  &quot;scmLocation&quot; : &quot;CODE2CLOUD&quot;,  &quot;name&quot; : &quot;test-repo1460526435978.git&quot;,  &quot;description&quot; : &quot;Description test-repo1460526435978.git&quot;,  &quot;type&quot; : &quot;GIT&quot;,  &quot;branches&quot; : [ ],  &quot;tags&quot; : [ ]}&apos;
2016-04-12 22:47:16,376 INFO  [oracle.clouddev.test.framework.rest.RestClient] [request#44] HTTP/1.1 200 OK
2016-04-12 22:47:16,377 DEBUG [oracle.clouddev.test.framework.rest.RestClient] [request#44] Content-Type: application/json;charset=UTF-8
2016-04-12 22:47:16,377 DEBUG [oracle.clouddev.test.framework.rest.RestClient] [request#44] Content-Length: 547
2016-04-12 22:47:16,377 DEBUG [oracle.clouddev.test.framework.rest.ResponseProcessors$ResponseParserAdapter] [request#44] Received data:{
  &quot;scmRepository&quot; : {
    &quot;name&quot; : &quot;test-repo1460526435978.git&quot;,
    &quot;url&quot; : &quot;http://ucf2c-dcs-release-hub1.opcdeveloper.oracleinternalucf2c.oraclecorp.com/qa-dev/s/qa-dev_test-shared-project1-1460525673052/scm/test-repo1460526435978.git&quot;,
    &quot;type&quot; : &quot;GIT&quot;,
    &quot;scmLocation&quot; : &quot;CODE2CLOUD&quot;,
    &quot;alternateUrl&quot; : &quot;ssh://ucf2c-dcs-release-hub1.opcdeveloper.oracleinternalucf2c.oraclecorp.com:2222/qa-dev_test-shared-project1-1460525673052/test-repo1460526435978.git&quot;,
    &quot;branches&quot; : [ ],
    &quot;tags&quot; : [ ],
    &quot;description&quot; : &quot;Description test-repo1460526435978.git&quot;,
    &quot;importInProgress&quot; : false,
    &quot;head&quot; : null
  }
}
2016-04-12 22:47:16,377 INFO  [oracle.clouddev.test.selenium.util.RestRepositoryBuilder] Get repository list: http://ucf2c-dcs-release-hub1.opcdeveloper.oracleinternalucf2c.oraclecorp.com/qa-dev/s/qa-dev_test-shared-project1-1460525673052/scm/api/repository/
2016-04-12 22:47:16,378 INFO  [oracle.clouddev.test.framework.rest.RestClient] [request#45] GET http://ucf2c-dcs-release-hub1.opcdeveloper.oracleinternalucf2c.oraclecorp.com/qa-dev/s/qa-dev_test-shared-project1-1460525673052/scm/api/repository/ HTTP/1.1 (user: ADMIN(dcsdevteam/tina.testsuite/Welcome1!))
2016-04-12 22:47:16,379 DEBUG [oracle.clouddev.test.framework.rest.RestClient] [request#45] cURL: curl -k -u tina.testsuite:Welcome1! -X GET &apos;http://ucf2c-dcs-release-hub1.opcdeveloper.oracleinternalucf2c.oraclecorp.com/qa-dev/s/qa-dev_test-shared-project1-1460525673052/scm/api/repository/&apos;
2016-04-12 22:47:16,439 INFO  [oracle.clouddev.test.framework.rest.RestClient] [request#45] HTTP/1.1 200 OK
2016-04-12 22:47:16,439 DEBUG [oracle.clouddev.test.framework.rest.RestClient] [request#45] Content-Type: application/json;charset=UTF-8
2016-04-12 22:47:16,439 DEBUG [oracle.clouddev.test.framework.rest.RestClient] [request#45] Content-Length: 3801
2016-04-12 22:47:16,440 DEBUG [oracle.clouddev.test.framework.rest.ResponseProcessors$ResponseParserAdapter] [request#45] Received data:{
  &quot;scmRepositoryList&quot; : [ {
    &quot;name&quot; : &quot;qa-test-repo1460526387431.git&quot;,
    &quot;url&quot; : &quot;http://ucf2c-dcs-release-hub1.opcdeveloper.oracleinternalucf2c.oraclecorp.com/qa-dev/s/qa-dev_test-shared-project1-1460525673052/scm/qa-test-repo1460526387431.git&quot;,
    &quot;type&quot; : &quot;GIT&quot;,
    &quot;scmLocation&quot; : &quot;CODE2CLOUD&quot;,
    &quot;alternateUrl&quot; : &quot;ssh://ucf2c-dcs-release-hub1.opcdeveloper.oracleinternalucf2c.oraclecorp.com:2222/qa-dev_test-shared-project1-1460525673052/qa-test-repo1460526387431.git&quot;,
    &quot;branches&quot; : [ &quot;master&quot; ],
    &quot;tags&quot; : [ ],
    &quot;description&quot; : &quot;Description qa-test-repo1460526387431&quot;,
    &quot;importInProgress&quot; : false,
    &quot;head&quot; : &quot;master&quot;
  }, {
    &quot;name&quot; : &quot;qa-test-repo1460526415589.git&quot;,
    &quot;url&quot; : &quot;http://ucf2c-dcs-release-hub1.opcdeveloper.oracleinternalucf2c.oraclecorp.com/qa-dev/s/qa-dev_test-shared-project1-1460525673052/scm/qa-test-repo1460526415589.git&quot;,
    &quot;type&quot; : &quot;GIT&quot;,
    &quot;scmLocation&quot; : &quot;CODE2CLOUD&quot;,
    &quot;alternateUrl&quot; : &quot;ssh://ucf2c-dcs-release-hub1.opcdeveloper.oracleinternalucf2c.oraclecorp.com:2222/qa-dev_test-shared-project1-1460525673052/qa-test-repo1460526415589.git&quot;,
    &quot;branches&quot; : [ ],
    &quot;tags&quot; : [ ],
    &quot;description&quot; : &quot;Description qa-test-repo1460526415589&quot;,
    &quot;importInProgress&quot; : false,
    &quot;head&quot; : &quot;master&quot;
  }, {
    &quot;name&quot; : &quot;qa-test-repo1460526424789.git&quot;,
    &quot;url&quot; : &quot;http://ucf2c-dcs-release-hub1.opcdeveloper.oracleinternalucf2c.oraclecorp.com/qa-dev/s/qa-dev_test-shared-project1-1460525673052/scm/qa-test-repo1460526424789.git&quot;,
    &quot;type&quot; : &quot;GIT&quot;,
    &quot;scmLocation&quot; : &quot;CODE2CLOUD&quot;,
    &quot;alternateUrl&quot; : &quot;ssh://ucf2c-dcs-release-hub1.opcdeveloper.oracleinternalucf2c.oraclecorp.com:2222/qa-dev_test-shared-project1-1460525673052/qa-test-repo1460526424789.git&quot;,
    &quot;branches&quot; : [ ],
    &quot;tags&quot; : [ ],
    &quot;description&quot; : &quot;Description qa-test-repo1460526424789&quot;,
    &quot;importInProgress&quot; : false,
    &quot;head&quot; : &quot;master&quot;
  }, {
    &quot;name&quot; : &quot;test-repo1460526396899.git&quot;,
    &quot;url&quot; : &quot;http://ucf2c-dcs-release-hub1.opcdeveloper.oracleinternalucf2c.oraclecorp.com/qa-dev/s/qa-dev_test-shared-project1-1460525673052/scm/test-repo1460526396899.git&quot;,
    &quot;type&quot; : &quot;GIT&quot;,
    &quot;scmLocation&quot; : &quot;CODE2CLOUD&quot;,
    &quot;alternateUrl&quot; : &quot;ssh://ucf2c-dcs-release-hub1.opcdeveloper.oracleinternalucf2c.oraclecorp.com:2222/qa-dev_test-shared-project1-1460525673052/test-repo1460526396899.git&quot;,
    &quot;branches&quot; : [ &quot;master&quot; ],
    &quot;tags&quot; : [ ],
    &quot;description&quot; : &quot;Description test-repo1460526396899.git&quot;,
    &quot;importInProgress&quot; : false,
    &quot;head&quot; : &quot;master&quot;
  }, {
    &quot;name&quot; : &quot;test-repo1460526400539.git&quot;,
    &quot;url&quot; : &quot;http://ucf2c-dcs-release-hub1.opcdeveloper.oracleinternalucf2c.oraclecorp.com/qa-dev/s/qa-dev_test-shared-project1-1460525673052/scm/test-repo1460526400539.git&quot;,
    &quot;type&quot; : &quot;GIT&quot;,
    &quot;scmLocation&quot; : &quot;CODE2CLOUD&quot;,
    &quot;alternateUrl&quot; : &quot;ssh://ucf2c-dcs-release-hub1.opcdeveloper.oracleinternalucf2c.oraclecorp.com:2222/qa-dev_test-shared-project1-1460525673052/test-repo1460526400539.git&quot;,
    &quot;branches&quot; : [ ],
    &quot;tags&quot; : [ ],
    &quot;description&quot; : &quot;Description test-repo1460526400539.git&quot;,
    &quot;importInProgress&quot; : false,
    &quot;head&quot; : &quot;master&quot;
  }, {
    &quot;name&quot; : &quot;test-repo1460526435978.git&quot;,
    &quot;url&quot; : &quot;http://ucf2c-dcs-release-hub1.opcdeveloper.oracleinternalucf2c.oraclecorp.com/qa-dev/s/qa-dev_test-shared-project1-1460525673052/scm/test-repo1460526435978.git&quot;,
    &quot;type&quot; : &quot;GIT&quot;,
    &quot;scmLocation&quot; : &quot;CODE2CLOUD&quot;,
    &quot;alternateUrl&quot; : &quot;ssh://ucf2c-dcs-release-hub1.opcdeveloper.oracleinternalucf2c.oraclecorp.com:2222/qa-dev_test-shared-project1-1460525673052/test-repo1460526435978.git&quot;,
    &quot;branches&quot; : [ ],
    &quot;tags&quot; : [ ],
    &quot;description&quot; : &quot;Description test-repo1460526435978.git&quot;,
    &quot;importInProgress&quot; : false,
    &quot;head&quot; : &quot;master&quot;
  }, {
    &quot;name&quot; : &quot;test-shared-project1-1460525673052.git&quot;,
    &quot;url&quot; : &quot;http://ucf2c-dcs-release-hub1.opcdeveloper.oracleinternalucf2c.oraclecorp.com/qa-dev/s/qa-dev_test-shared-project1-1460525673052/scm/test-shared-project1-1460525673052.git&quot;,
    &quot;type&quot; : &quot;GIT&quot;,
    &quot;scmLocation&quot; : &quot;CODE2CLOUD&quot;,
    &quot;alternateUrl&quot; : &quot;ssh://ucf2c-dcs-release-hub1.opcdeveloper.oracleinternalucf2c.oraclecorp.com:2222/qa-dev_test-shared-project1-1460525673052/test-shared-project1-1460525673052.git&quot;,
    &quot;branches&quot; : [ ],
    &quot;tags&quot; : [ ],
    &quot;description&quot; : null,
    &quot;importInProgress&quot; : false,
    &quot;head&quot; : &quot;master&quot;
  } ]
}
2016-04-12 22:47:16,440 INFO  [oracle.clouddev.test.selenium.tests.base.TestHomePage] Rest API, Create new repository with deafault setting and unique name
2016-04-12 22:47:16,440 INFO  [oracle.clouddev.test.selenium.util.RestRepositoryBuilder] Get repository list: http://ucf2c-dcs-release-hub1.opcdeveloper.oracleinternalucf2c.oraclecorp.com/qa-dev/s/qa-dev_test-shared-project1-1460525673052/scm/api/repository/
2016-04-12 22:47:16,442 INFO  [oracle.clouddev.test.framework.rest.RestClient] [request#46] GET http://ucf2c-dcs-release-hub1.opcdeveloper.oracleinternalucf2c.oraclecorp.com/qa-dev/s/qa-dev_test-shared-project1-1460525673052/scm/api/repository/ HTTP/1.1 (user: ADMIN(dcsdevteam/tina.testsuite/Welcome1!))
2016-04-12 22:47:16,442 DEBUG [oracle.clouddev.test.framework.rest.RestClient] [request#46] cURL: curl -k -u tina.testsuite:Welcome1! -X GET &apos;http://ucf2c-dcs-release-hub1.opcdeveloper.oracleinternalucf2c.oraclecorp.com/qa-dev/s/qa-dev_test-shared-project1-1460525673052/scm/api/repository/&apos;
2016-04-12 22:47:16,511 INFO  [oracle.clouddev.test.framework.rest.RestClient] [request#46] HTTP/1.1 200 OK
2016-04-12 22:47:16,512 DEBUG [oracle.clouddev.test.framework.rest.RestClient] [request#46] Content-Type: application/json;charset=UTF-8
2016-04-12 22:47:16,512 DEBUG [oracle.clouddev.test.framework.rest.RestClient] [request#46] Content-Length: 3801
2016-04-12 22:47:16,512 DEBUG [oracle.clouddev.test.framework.rest.ResponseProcessors$ResponseParserAdapter] [request#46] Received data:{
  &quot;scmRepositoryList&quot; : [ {
    &quot;name&quot; : &quot;qa-test-repo1460526387431.git&quot;,
    &quot;url&quot; : &quot;http://ucf2c-dcs-release-hub1.opcdeveloper.oracleinternalucf2c.oraclecorp.com/qa-dev/s/qa-dev_test-shared-project1-1460525673052/scm/qa-test-repo1460526387431.git&quot;,
    &quot;type&quot; : &quot;GIT&quot;,
    &quot;scmLocation&quot; : &quot;CODE2CLOUD&quot;,
    &quot;alternateUrl&quot; : &quot;ssh://ucf2c-dcs-release-hub1.opcdeveloper.oracleinternalucf2c.oraclecorp.com:2222/qa-dev_test-shared-project1-1460525673052/qa-test-repo1460526387431.git&quot;,
    &quot;branches&quot; : [ &quot;master&quot; ],
    &quot;tags&quot; : [ ],
    &quot;description&quot; : &quot;Description qa-test-repo1460526387431&quot;,
    &quot;importInProgress&quot; : false,
    &quot;head&quot; : &quot;master&quot;
  }, {
    &quot;name&quot; : &quot;qa-test-repo1460526415589.git&quot;,
    &quot;url&quot; : &quot;http://ucf2c-dcs-release-hub1.opcdeveloper.oracleinternalucf2c.oraclecorp.com/qa-dev/s/qa-dev_test-shared-project1-1460525673052/scm/qa-test-repo1460526415589.git&quot;,
    &quot;type&quot; : &quot;GIT&quot;,
    &quot;scmLocation&quot; : &quot;CODE2CLOUD&quot;,
    &quot;alternateUrl&quot; : &quot;ssh://ucf2c-dcs-release-hub1.opcdeveloper.oracleinternalucf2c.oraclecorp.com:2222/qa-dev_test-shared-project1-1460525673052/qa-test-repo1460526415589.git&quot;,
    &quot;branches&quot; : [ ],
    &quot;tags&quot; : [ ],
    &quot;description&quot; : &quot;Description qa-test-repo1460526415589&quot;,
    &quot;importInProgress&quot; : false,
    &quot;head&quot; : &quot;master&quot;
  }, {
    &quot;name&quot; : &quot;qa-test-repo1460526424789.git&quot;,
    &quot;url&quot; : &quot;http://ucf2c-dcs-release-hub1.opcdeveloper.oracleinternalucf2c.oraclecorp.com/qa-dev/s/qa-dev_test-shared-project1-1460525673052/scm/qa-test-repo1460526424789.git&quot;,
    &quot;type&quot; : &quot;GIT&quot;,
    &quot;scmLocation&quot; : &quot;CODE2CLOUD&quot;,
    &quot;alternateUrl&quot; : &quot;ssh://ucf2c-dcs-release-hub1.opcdeveloper.oracleinternalucf2c.oraclecorp.com:2222/qa-dev_test-shared-project1-1460525673052/qa-test-repo1460526424789.git&quot;,
    &quot;branches&quot; : [ ],
    &quot;tags&quot; : [ ],
    &quot;description&quot; : &quot;Description qa-test-repo1460526424789&quot;,
    &quot;importInProgress&quot; : false,
    &quot;head&quot; : &quot;master&quot;
  }, {
    &quot;name&quot; : &quot;test-repo1460526396899.git&quot;,
    &quot;url&quot; : &quot;http://ucf2c-dcs-release-hub1.opcdeveloper.oracleinternalucf2c.oraclecorp.com/qa-dev/s/qa-dev_test-shared-project1-1460525673052/scm/test-repo1460526396899.git&quot;,
    &quot;type&quot; : &quot;GIT&quot;,
    &quot;scmLocation&quot; : &quot;CODE2CLOUD&quot;,
    &quot;alternateUrl&quot; : &quot;ssh://ucf2c-dcs-release-hub1.opcdeveloper.oracleinternalucf2c.oraclecorp.com:2222/qa-dev_test-shared-project1-1460525673052/test-repo1460526396899.git&quot;,
    &quot;branches&quot; : [ &quot;master&quot; ],
    &quot;tags&quot; : [ ],
    &quot;description&quot; : &quot;Description test-repo1460526396899.git&quot;,
    &quot;importInProgress&quot; : false,
    &quot;head&quot; : &quot;master&quot;
  }, {
    &quot;name&quot; : &quot;test-repo1460526400539.git&quot;,
    &quot;url&quot; : &quot;http://ucf2c-dcs-release-hub1.opcdeveloper.oracleinternalucf2c.oraclecorp.com/qa-dev/s/qa-dev_test-shared-project1-1460525673052/scm/test-repo1460526400539.git&quot;,
    &quot;type&quot; : &quot;GIT&quot;,
    &quot;scmLocation&quot; : &quot;CODE2CLOUD&quot;,
    &quot;alternateUrl&quot; : &quot;ssh://ucf2c-dcs-release-hub1.opcdeveloper.oracleinternalucf2c.oraclecorp.com:2222/qa-dev_test-shared-project1-1460525673052/test-repo1460526400539.git&quot;,
    &quot;branches&quot; : [ ],
    &quot;tags&quot; : [ ],
    &quot;description&quot; : &quot;Description test-repo1460526400539.git&quot;,
    &quot;importInProgress&quot; : false,
    &quot;head&quot; : &quot;master&quot;
  }, {
    &quot;name&quot; : &quot;test-repo1460526435978.git&quot;,
    &quot;url&quot; : &quot;http://ucf2c-dcs-release-hub1.opcdeveloper.oracleinternalucf2c.oraclecorp.com/qa-dev/s/qa-dev_test-shared-project1-1460525673052/scm/test-repo1460526435978.git&quot;,
    &quot;type&quot; : &quot;GIT&quot;,
    &quot;scmLocation&quot; : &quot;CODE2CLOUD&quot;,
    &quot;alternateUrl&quot; : &quot;ssh://ucf2c-dcs-release-hub1.opcdeveloper.oracleinternalucf2c.oraclecorp.com:2222/qa-dev_test-shared-project1-1460525673052/test-repo1460526435978.git&quot;,
    &quot;branches&quot; : [ ],
    &quot;tags&quot; : [ ],
    &quot;description&quot; : &quot;Description test-repo1460526435978.git&quot;,
    &quot;importInProgress&quot; : false,
    &quot;head&quot; : &quot;master&quot;
  }, {
    &quot;name&quot; : &quot;test-shared-project1-1460525673052.git&quot;,
    &quot;url&quot; : &quot;http://ucf2c-dcs-release-hub1.opcdeveloper.oracleinternalucf2c.oraclecorp.com/qa-dev/s/qa-dev_test-shared-project1-1460525673052/scm/test-shared-project1-1460525673052.git&quot;,
    &quot;type&quot; : &quot;GIT&quot;,
    &quot;scmLocation&quot; : &quot;CODE2CLOUD&quot;,
    &quot;alternateUrl&quot; : &quot;ssh://ucf2c-dcs-release-hub1.opcdeveloper.oracleinternalucf2c.oraclecorp.com:2222/qa-dev_test-shared-project1-1460525673052/test-shared-project1-1460525673052.git&quot;,
    &quot;branches&quot; : [ ],
    &quot;tags&quot; : [ ],
    &quot;description&quot; : null,
    &quot;importInProgress&quot; : false,
    &quot;head&quot; : &quot;master&quot;
  } ]
}
2016-04-12 22:47:16,513 INFO  [oracle.clouddev.test.selenium.util.RestRepositoryBuilder] creating new repository test-repo1460526436440.git in projectqa-dev_test-shared-project1-1460525673052
2016-04-12 22:47:16,513 INFO  [oracle.clouddev.test.selenium.util.RestRepositoryBuilder] Create a new repository test-repo1460526436440.git : http://ucf2c-dcs-release-hub1.opcdeveloper.oracleinternalucf2c.oraclecorp.com/qa-dev/s/qa-dev_test-shared-project1-1460525673052/scm/api/repository/
2016-04-12 22:47:16,516 INFO  [oracle.clouddev.test.framework.rest.RestClient] [request#47] POST http://ucf2c-dcs-release-hub1.opcdeveloper.oracleinternalucf2c.oraclecorp.com/qa-dev/s/qa-dev_test-shared-project1-1460525673052/scm/api/repository/ HTTP/1.1 (user: ADMIN(dcsdevteam/tina.testsuite/Welcome1!))
2016-04-12 22:47:16,516 DEBUG [oracle.clouddev.test.framework.rest.RestClient] [request#47] posted content:
{
  &quot;scmLocation&quot; : &quot;CODE2CLOUD&quot;,
  &quot;name&quot; : &quot;test-repo1460526436440.git&quot;,
  &quot;description&quot; : &quot;Description test-repo1460526436440.git&quot;,
  &quot;type&quot; : &quot;GIT&quot;,
  &quot;branches&quot; : [ ],
  &quot;tags&quot; : [ ]
}
2016-04-12 22:47:16,516 DEBUG [oracle.clouddev.test.framework.rest.RestClient] [request#47] cURL: curl -k -u tina.testsuite:Welcome1! -X POST &apos;http://ucf2c-dcs-release-hub1.opcdeveloper.oracleinternalucf2c.oraclecorp.com/qa-dev/s/qa-dev_test-shared-project1-1460525673052/scm/api/repository/&apos; -H &apos;Content-Type: application/json; charset=UTF-8&apos; --data-binary &apos;{  &quot;scmLocation&quot; : &quot;CODE2CLOUD&quot;,  &quot;name&quot; : &quot;test-repo1460526436440.git&quot;,  &quot;description&quot; : &quot;Description test-repo1460526436440.git&quot;,  &quot;type&quot; : &quot;GIT&quot;,  &quot;branches&quot; : [ ],  &quot;tags&quot; : [ ]}&apos;
2016-04-12 22:47:16,876 INFO  [oracle.clouddev.test.framework.rest.RestClient] [request#47] HTTP/1.1 200 OK
2016-04-12 22:47:16,876 DEBUG [oracle.clouddev.test.framework.rest.RestClient] [request#47] Content-Type: application/json;charset=UTF-8
2016-04-12 22:47:16,876 DEBUG [oracle.clouddev.test.framework.rest.RestClient] [request#47] Content-Length: 547
2016-04-12 22:47:16,876 DEBUG [oracle.clouddev.test.framework.rest.ResponseProcessors$ResponseParserAdapter] [request#47] Received data:{
  &quot;scmRepository&quot; : {
    &quot;name&quot; : &quot;test-repo1460526436440.git&quot;,
    &quot;url&quot; : &quot;http://ucf2c-dcs-release-hub1.opcdeveloper.oracleinternalucf2c.oraclecorp.com/qa-dev/s/qa-dev_test-shared-project1-1460525673052/scm/test-repo1460526436440.git&quot;,
    &quot;type&quot; : &quot;GIT&quot;,
    &quot;scmLocation&quot; : &quot;CODE2CLOUD&quot;,
    &quot;alternateUrl&quot; : &quot;ssh://ucf2c-dcs-release-hub1.opcdeveloper.oracleinternalucf2c.oraclecorp.com:2222/qa-dev_test-shared-project1-1460525673052/test-repo1460526436440.git&quot;,
    &quot;branches&quot; : [ ],
    &quot;tags&quot; : [ ],
    &quot;description&quot; : &quot;Description test-repo1460526436440.git&quot;,
    &quot;importInProgress&quot; : false,
    &quot;head&quot; : null
  }
}
2016-04-12 22:47:16,876 INFO  [oracle.clouddev.test.selenium.util.RestRepositoryBuilder] Initialize repository test-repo1460526436440.git in projectqa-dev_test-shared-project1-1460525673052
2016-04-12 22:47:16,876 INFO  [oracle.clouddev.test.selenium.util.RestRepositoryBuilder] Initiliaze repository : test-repo1460526436440.git : http://ucf2c-dcs-release-hub1.opcdeveloper.oracleinternalucf2c.oraclecorp.com/qa-dev/s/qa-dev_test-shared-project1-1460525673052/scm/api/repository/init
2016-04-12 22:47:16,878 INFO  [oracle.clouddev.test.framework.rest.RestClient] [request#48] POST http://ucf2c-dcs-release-hub1.opcdeveloper.oracleinternalucf2c.oraclecorp.com/qa-dev/s/qa-dev_test-shared-project1-1460525673052/scm/api/repository/init HTTP/1.1 (user: ADMIN(dcsdevteam/tina.testsuite/Welcome1!))
2016-04-12 22:47:16,879 DEBUG [oracle.clouddev.test.framework.rest.RestClient] [request#48] posted content:
{
  &quot;authorEmail&quot; : &quot;&quot;,
  &quot;commitMessage&quot; : &quot;Initial Commit for test-repo1460526436440.git&quot;,
  &quot;authorName&quot; : &quot;Tina Testsuite&quot;,
  &quot;repository&quot; : &quot;test-repo1460526436440.git&quot;
}
2016-04-12 22:47:16,880 DEBUG [oracle.clouddev.test.framework.rest.RestClient] [request#48] cURL: curl -k -u tina.testsuite:Welcome1! -X POST &apos;http://ucf2c-dcs-release-hub1.opcdeveloper.oracleinternalucf2c.oraclecorp.com/qa-dev/s/qa-dev_test-shared-project1-1460525673052/scm/api/repository/init&apos; -H &apos;Content-Type: application/json; charset=UTF-8&apos; --data-binary &apos;{  &quot;authorEmail&quot; : &quot;&quot;,  &quot;commitMessage&quot; : &quot;Initial Commit for test-repo1460526436440.git&quot;,  &quot;authorName&quot; : &quot;Tina Testsuite&quot;,  &quot;repository&quot; : &quot;test-repo1460526436440.git&quot;}&apos;
2016-04-12 22:47:17,155 INFO  [oracle.clouddev.test.framework.rest.RestClient] [request#48] HTTP/1.1 200 OK
2016-04-12 22:47:17,155 DEBUG [oracle.clouddev.test.framework.rest.RestClient] [request#48] Content-Type: application/json;charset=UTF-8
2016-04-12 22:47:17,155 DEBUG [oracle.clouddev.test.framework.rest.RestClient] [request#48] Content-Length: 2
2016-04-12 22:47:17,155 DEBUG [oracle.clouddev.test.framework.rest.ResponseProcessors$ResponseParserAdapter] [request#48] Received data:{
}
2016-04-12 22:47:17,156 INFO  [oracle.clouddev.test.selenium.util.RestRepositoryBuilder] Get repository list: http://ucf2c-dcs-release-hub1.opcdeveloper.oracleinternalucf2c.oraclecorp.com/qa-dev/s/qa-dev_test-shared-project1-1460525673052/scm/api/repository/
2016-04-12 22:47:17,157 INFO  [oracle.clouddev.test.framework.rest.RestClient] [request#49] GET http://ucf2c-dcs-release-hub1.opcdeveloper.oracleinternalucf2c.oraclecorp.com/qa-dev/s/qa-dev_test-shared-project1-1460525673052/scm/api/repository/ HTTP/1.1 (user: ADMIN(dcsdevteam/tina.testsuite/Welcome1!))
2016-04-12 22:47:17,157 DEBUG [oracle.clouddev.test.framework.rest.RestClient] [request#49] cURL: curl -k -u tina.testsuite:Welcome1! -X GET &apos;http://ucf2c-dcs-release-hub1.opcdeveloper.oracleinternalucf2c.oraclecorp.com/qa-dev/s/qa-dev_test-shared-project1-1460525673052/scm/api/repository/&apos;
2016-04-12 22:47:17,226 INFO  [oracle.clouddev.test.framework.rest.RestClient] [request#49] HTTP/1.1 200 OK
2016-04-12 22:47:17,227 DEBUG [oracle.clouddev.test.framework.rest.RestClient] [request#49] Content-Type: application/json;charset=UTF-8
2016-04-12 22:47:17,227 DEBUG [oracle.clouddev.test.framework.rest.RestClient] [request#49] Content-Length: 4343
2016-04-12 22:47:17,227 DEBUG [oracle.clouddev.test.framework.rest.ResponseProcessors$ResponseParserAdapter] [request#49] Received data:{
  &quot;scmRepositoryList&quot; : [ {
    &quot;name&quot; : &quot;qa-test-repo1460526387431.git&quot;,
    &quot;url&quot; : &quot;http://ucf2c-dcs-release-hub1.opcdeveloper.oracleinternalucf2c.oraclecorp.com/qa-dev/s/qa-dev_test-shared-project1-1460525673052/scm/qa-test-repo1460526387431.git&quot;,
    &quot;type&quot; : &quot;GIT&quot;,
    &quot;scmLocation&quot; : &quot;CODE2CLOUD&quot;,
    &quot;alternateUrl&quot; : &quot;ssh://ucf2c-dcs-release-hub1.opcdeveloper.oracleinternalucf2c.oraclecorp.com:2222/qa-dev_test-shared-project1-1460525673052/qa-test-repo1460526387431.git&quot;,
    &quot;branches&quot; : [ &quot;master&quot; ],
    &quot;tags&quot; : [ ],
    &quot;description&quot; : &quot;Description qa-test-repo1460526387431&quot;,
    &quot;importInProgress&quot; : false,
    &quot;head&quot; : &quot;master&quot;
  }, {
    &quot;name&quot; : &quot;qa-test-repo1460526415589.git&quot;,
    &quot;url&quot; : &quot;http://ucf2c-dcs-release-hub1.opcdeveloper.oracleinternalucf2c.oraclecorp.com/qa-dev/s/qa-dev_test-shared-project1-1460525673052/scm/qa-test-repo1460526415589.git&quot;,
    &quot;type&quot; : &quot;GIT&quot;,
    &quot;scmLocation&quot; : &quot;CODE2CLOUD&quot;,
    &quot;alternateUrl&quot; : &quot;ssh://ucf2c-dcs-release-hub1.opcdeveloper.oracleinternalucf2c.oraclecorp.com:2222/qa-dev_test-shared-project1-1460525673052/qa-test-repo1460526415589.git&quot;,
    &quot;branches&quot; : [ ],
    &quot;tags&quot; : [ ],
    &quot;description&quot; : &quot;Description qa-test-repo1460526415589&quot;,
    &quot;importInProgress&quot; : false,
    &quot;head&quot; : &quot;master&quot;
  }, {
    &quot;name&quot; : &quot;qa-test-repo1460526424789.git&quot;,
    &quot;url&quot; : &quot;http://ucf2c-dcs-release-hub1.opcdeveloper.oracleinternalucf2c.oraclecorp.com/qa-dev/s/qa-dev_test-shared-project1-1460525673052/scm/qa-test-repo1460526424789.git&quot;,
    &quot;type&quot; : &quot;GIT&quot;,
    &quot;scmLocation&quot; : &quot;CODE2CLOUD&quot;,
    &quot;alternateUrl&quot; : &quot;ssh://ucf2c-dcs-release-hub1.opcdeveloper.oracleinternalucf2c.oraclecorp.com:2222/qa-dev_test-shared-project1-1460525673052/qa-test-repo1460526424789.git&quot;,
    &quot;branches&quot; : [ ],
    &quot;tags&quot; : [ ],
    &quot;description&quot; : &quot;Description qa-test-repo1460526424789&quot;,
    &quot;importInProgress&quot; : false,
    &quot;head&quot; : &quot;master&quot;
  }, {
    &quot;name&quot; : &quot;test-repo1460526396899.git&quot;,
    &quot;url&quot; : &quot;http://ucf2c-dcs-release-hub1.opcdeveloper.oracleinternalucf2c.oraclecorp.com/qa-dev/s/qa-dev_test-shared-project1-1460525673052/scm/test-repo1460526396899.git&quot;,
    &quot;type&quot; : &quot;GIT&quot;,
    &quot;scmLocation&quot; : &quot;CODE2CLOUD&quot;,
    &quot;alternateUrl&quot; : &quot;ssh://ucf2c-dcs-release-hub1.opcdeveloper.oracleinternalucf2c.oraclecorp.com:2222/qa-dev_test-shared-project1-1460525673052/test-repo1460526396899.git&quot;,
    &quot;branches&quot; : [ &quot;master&quot; ],
    &quot;tags&quot; : [ ],
    &quot;description&quot; : &quot;Description test-repo1460526396899.git&quot;,
    &quot;importInProgress&quot; : false,
    &quot;head&quot; : &quot;master&quot;
  }, {
    &quot;name&quot; : &quot;test-repo1460526400539.git&quot;,
    &quot;url&quot; : &quot;http://ucf2c-dcs-release-hub1.opcdeveloper.oracleinternalucf2c.oraclecorp.com/qa-dev/s/qa-dev_test-shared-project1-1460525673052/scm/test-repo1460526400539.git&quot;,
    &quot;type&quot; : &quot;GIT&quot;,
    &quot;scmLocation&quot; : &quot;CODE2CLOUD&quot;,
    &quot;alternateUrl&quot; : &quot;ssh://ucf2c-dcs-release-hub1.opcdeveloper.oracleinternalucf2c.oraclecorp.com:2222/qa-dev_test-shared-project1-1460525673052/test-repo1460526400539.git&quot;,
    &quot;branches&quot; : [ ],
    &quot;tags&quot; : [ ],
    &quot;description&quot; : &quot;Description test-repo1460526400539.git&quot;,
    &quot;importInProgress&quot; : false,
    &quot;head&quot; : &quot;master&quot;
  }, {
    &quot;name&quot; : &quot;test-repo1460526435978.git&quot;,
    &quot;url&quot; : &quot;http://ucf2c-dcs-release-hub1.opcdeveloper.oracleinternalucf2c.oraclecorp.com/qa-dev/s/qa-dev_test-shared-project1-1460525673052/scm/test-repo1460526435978.git&quot;,
    &quot;type&quot; : &quot;GIT&quot;,
    &quot;scmLocation&quot; : &quot;CODE2CLOUD&quot;,
    &quot;alternateUrl&quot; : &quot;ssh://ucf2c-dcs-release-hub1.opcdeveloper.oracleinternalucf2c.oraclecorp.com:2222/qa-dev_test-shared-project1-1460525673052/test-repo1460526435978.git&quot;,
    &quot;branches&quot; : [ ],
    &quot;tags&quot; : [ ],
    &quot;description&quot; : &quot;Description test-repo1460526435978.git&quot;,
    &quot;importInProgress&quot; : false,
    &quot;head&quot; : &quot;master&quot;
  }, {
    &quot;name&quot; : &quot;test-repo1460526436440.git&quot;,
    &quot;url&quot; : &quot;http://ucf2c-dcs-release-hub1.opcdeveloper.oracleinternalucf2c.oraclecorp.com/qa-dev/s/qa-dev_test-shared-project1-1460525673052/scm/test-repo1460526436440.git&quot;,
    &quot;type&quot; : &quot;GIT&quot;,
    &quot;scmLocation&quot; : &quot;CODE2CLOUD&quot;,
    &quot;alternateUrl&quot; : &quot;ssh://ucf2c-dcs-release-hub1.opcdeveloper.oracleinternalucf2c.oraclecorp.com:2222/qa-dev_test-shared-project1-1460525673052/test-repo1460526436440.git&quot;,
    &quot;branches&quot; : [ &quot;master&quot; ],
    &quot;tags&quot; : [ ],
    &quot;description&quot; : &quot;Description test-repo1460526436440.git&quot;,
    &quot;importInProgress&quot; : false,
    &quot;head&quot; : &quot;master&quot;
  }, {
    &quot;name&quot; : &quot;test-shared-project1-1460525673052.git&quot;,
    &quot;url&quot; : &quot;http://ucf2c-dcs-release-hub1.opcdeveloper.oracleinternalucf2c.oraclecorp.com/qa-dev/s/qa-dev_test-shared-project1-1460525673052/scm/test-shared-project1-1460525673052.git&quot;,
    &quot;type&quot; : &quot;GIT&quot;,
    &quot;scmLocation&quot; : &quot;CODE2CLOUD&quot;,
    &quot;alternateUrl&quot; : &quot;ssh://ucf2c-dcs-release-hub1.opcdeveloper.oracleinternalucf2c.oraclecorp.com:2222/qa-dev_test-shared-project1-1460525673052/test-shared-project1-1460525673052.git&quot;,
    &quot;branches&quot; : [ ],
    &quot;tags&quot; : [ ],
    &quot;description&quot; : null,
    &quot;importInProgress&quot; : false,
    &quot;head&quot; : &quot;master&quot;
  } ]
}
2016-04-12 22:47:17,228 INFO  [oracle.clouddev.test.selenium.tests.base.TestHomePage] Navigate to repository browse code page [empty]
2016-04-12 22:47:17,228 DEBUG [oracle.clouddev.test.selenium.util.RepositoryUtilities] navigating to repository test-repo1460526435978.git (http://ucf2c-dcs-release-hub1.opcdeveloper.oracleinternalucf2c.oraclecorp.com/qa-dev/#/projects/qa-dev_test-shared-project1-1460525673052/scm/test-repo1460526435978.git/tree?revision=)
2016-04-12 22:47:17,813 DEBUG [oracle.clouddev.test.selenium.components.AssertElement] Check condition (element is visible) for element [By.id: scm-content] on http://ucf2c-dcs-release-hub1.opcdeveloper.oracleinternalucf2c.oraclecorp.com/qa-dev/#/projects/qa-dev_test-shared-project1-1460525673052/scm/test-repo1460526435978.git/tree?revision=.
2016-04-12 22:47:17,829 INFO  [oracle.clouddev.test.selenium.tests.base.TestHomePage] Navigate to repository browse code page [non empty]
2016-04-12 22:47:17,830 DEBUG [oracle.clouddev.test.selenium.util.RepositoryUtilities] navigating to repository test-repo1460526436440.git (http://ucf2c-dcs-release-hub1.opcdeveloper.oracleinternalucf2c.oraclecorp.com/qa-dev/#/projects/qa-dev_test-shared-project1-1460525673052/scm/test-repo1460526436440.git/tree?revision=master)
2016-04-12 22:47:18,190 DEBUG [oracle.clouddev.test.selenium.components.AssertElement] Check condition (element is visible) for element [By.id: scm-content] on http://ucf2c-dcs-release-hub1.opcdeveloper.oracleinternalucf2c.oraclecorp.com/qa-dev/#/projects/qa-dev_test-shared-project1-1460525673052/scm/test-repo1460526436440.git/tree?revision=master.
2016-04-12 22:47:18,893 INFO  [oracle.clouddev.test.selenium.tests.base.TestHomePage] Check if README.md exists in the browse page
2016-04-12 22:47:20,136 DEBUG [oracle.clouddev.test.selenium.junit.BrowserSession] navigating to project qa-dev_test-shared-project1-1460525673052 (http://ucf2c-dcs-release-hub1.opcdeveloper.oracleinternalucf2c.oraclecorp.com/qa-dev/#/projects/qa-dev_test-shared-project1-1460525673052)
2016-04-12 22:47:21,648 DEBUG [oracle.clouddev.test.selenium.components.AssertElement] Check condition (oracle.clouddev.test.selenium.components.Conditions$5@130076dc) for element [By.xpath: .//button[@id=&apos;odcs-project-selector&apos;]/span[1]] on http://ucf2c-dcs-release-hub1.opcdeveloper.oracleinternalucf2c.oraclecorp.com/qa-dev/#/projects/qa-dev_test-shared-project1-1460525673052.
2016-04-12 22:47:21,809 DEBUG [oracle.clouddev.test.selenium.components.AssertElement] Check condition (NOT (element is visible)) for element [By.id: page-provision] on http://ucf2c-dcs-release-hub1.opcdeveloper.oracleinternalucf2c.oraclecorp.com/qa-dev/#/projects/qa-dev_test-shared-project1-1460525673052.
    </system-out>
    </testcase>
    <testcase classname="oracle.clouddev.test.selenium.tests.base.TestHomePage" name="testRestApiActivitiesList" time="0.066">
      <properties>
        <property name="java.runtime.name" value="Java(TM) SE Runtime Environment"/>
        <property name="exec.mainClass" value="oracle.clouddev.test.selenium.RunTests"/>
        <property name="sun.boot.library.path" value="/usr/java/jdk1.8.0_74/jre/lib/amd64"/>
        <property name="java.vm.version" value="25.74-b02"/>
        <property name="java.vm.vendor" value="Oracle Corporation"/>
        <property name="java.vendor.url" value="http://java.oracle.com/"/>
        <property name="guice.disable.misplaced.annotation.check" value="true"/>
        <property name="path.separator" value=":"/>
        <property name="java.vm.name" value="Java HotSpot(TM) 64-Bit Server VM"/>
        <property name="file.encoding.pkg" value="sun.io"/>
        <property name="user.country" value="US"/>
        <property name="sun.java.launcher" value="SUN_STANDARD"/>
        <property name="sun.os.patch.level" value="unknown"/>
        <property name="http.noProxyHosts" value="localhost|127.0.0.1|*.local|*.oraclecorp.com|*.us.oracle.com"/>
        <property name="java.vm.specification.name" value="Java Virtual Machine Specification"/>
        <property name="user.dir" value="/home/builder/hudson/workspace/dcs_dcs.Release-Selenium-Tests/selenium-tests"/>
        <property name="java.runtime.version" value="1.8.0_74-b02"/>
        <property name="java.awt.graphicsenv" value="sun.awt.X11GraphicsEnvironment"/>
        <property name="java.endorsed.dirs" value="/usr/java/jdk1.8.0_74/jre/lib/endorsed"/>
        <property name="os.arch" value="amd64"/>
        <property name="java.io.tmpdir" value="/tmp"/>
        <property name="line.separator" value="
"/>
        <property name="java.vm.specification.vendor" value="Oracle Corporation"/>
        <property name="https.proxyHost" value="www-proxy.us.oracle.com"/>
        <property name="os.name" value="Linux"/>
        <property name="classworlds.conf" value="/usr/local/apache-maven/apache-maven-3.0.4/bin/m2.conf"/>
        <property name="sun.jnu.encoding" value="UTF-8"/>
        <property name="http.proxyPort" value="80"/>
        <property name="java.library.path" value="/usr/java/packages/lib/amd64:/usr/lib64:/lib64:/lib:/usr/lib"/>
        <property name="sun.awt.enableExtraMouseButtons" value="true"/>
        <property name="java.specification.name" value="Java Platform API Specification"/>
        <property name="java.class.version" value="52.0"/>
        <property name="sun.management.compiler" value="HotSpot 64-Bit Tiered Compilers"/>
        <property name="os.version" value="3.8.13-55.1.1.el6uek.x86_64"/>
        <property name="user.home" value="/home/builder"/>
        <property name="user.timezone" value="PST8PDT"/>
        <property name="java.awt.printerjob" value="sun.print.PSPrinterJob"/>
        <property name="file.encoding" value="UTF-8"/>
        <property name="java.specification.version" value="1.8"/>
        <property name="java.class.path" value="/usr/local/apache-maven/apache-maven-3.0.4/boot/plexus-classworlds-2.4.jar"/>
        <property name="user.name" value="builder"/>
        <property name="java.vm.specification.version" value="1.8"/>
        <property name="sun.java.command" value="org.codehaus.plexus.classworlds.launcher.Launcher -f /home/c2c/hudson/workspace/dcs_dcs.Release-Selenium-Tests/selenium-tests/pom.xml --batch-mode exec:java -Dexec.mainClass=oracle.clouddev.test.selenium.RunTests -Dexec.args=selenium.browser.size.w=1280 selenium.browser.size.h=960 capture.video=true capture.screenshots=true notification.type=swing notification.history=3 notification.font.size=15 job-release-selenium-tests.properties build.job=dcs_dcs.Release-Selenium-Tests build.number=295 target.release=16.2.3.0.0 timeout.build.buildqueue=1200 timeout.build.buildqueue.polling=60 -s BASE --tag base"/>
        <property name="java.home" value="/usr/java/jdk1.8.0_74/jre"/>
        <property name="sun.arch.data.model" value="64"/>
        <property name="user.language" value="en"/>
        <property name="java.specification.vendor" value="Oracle Corporation"/>
        <property name="awt.toolkit" value="sun.awt.X11.XToolkit"/>
        <property name="java.vm.info" value="mixed mode"/>
        <property name="java.version" value="1.8.0_74"/>
        <property name="securerandom.source" value="file:/dev/./urandom"/>
        <property name="java.ext.dirs" value="/usr/java/jdk1.8.0_74/jre/lib/ext:/usr/java/packages/lib/ext"/>
        <property name="http.proxyHost" value="www-proxy.us.oracle.com"/>
        <property name="sun.boot.class.path" value="/usr/java/jdk1.8.0_74/jre/lib/resources.jar:/usr/java/jdk1.8.0_74/jre/lib/rt.jar:/usr/java/jdk1.8.0_74/jre/lib/sunrsasign.jar:/usr/java/jdk1.8.0_74/jre/lib/jsse.jar:/usr/java/jdk1.8.0_74/jre/lib/jce.jar:/usr/java/jdk1.8.0_74/jre/lib/charsets.jar:/usr/java/jdk1.8.0_74/jre/lib/jfr.jar:/usr/java/jdk1.8.0_74/jre/classes"/>
        <property name="java.vendor" value="Oracle Corporation"/>
        <property name="maven.home" value="/usr/local/apache-maven/apache-maven-3.0.4"/>
        <property name="file.separator" value="/"/>
        <property name="java.vendor.url.bug" value="http://bugreport.sun.com/bugreport/"/>
        <property name="sun.font.fontmanager" value="sun.awt.X11FontManager"/>
        <property name="sun.io.unicode.encoding" value="UnicodeLittle"/>
        <property name="sun.cpu.endian" value="little"/>
        <property name="https.proxyPort" value="80"/>
        <property name="exec.args" value="selenium.browser.size.w=1280 selenium.browser.size.h=960 capture.video=true capture.screenshots=true notification.type=swing notification.history=3 notification.font.size=15 job-release-selenium-tests.properties build.job=dcs_dcs.Release-Selenium-Tests build.number=295 target.release=16.2.3.0.0 timeout.build.buildqueue=1200 timeout.build.buildqueue.polling=60 -s BASE --tag base"/>
        <property name="sun.cpu.isalist" value=""/>
        <property name="test.selenium.browser.size.h" value="960"/>
        <property name="test.user.non-admin.name" value="tom.testsuite"/>
        <property name="test.https.proxyHost" value="www-proxy.us.oracle.com"/>
        <property name="test.user.admin.name" value="tina.testsuite"/>
        <property name="test.user.em-agent.password" value="Welcome1!"/>
        <property name="test.tag" value="base"/>
        <property name="test.user.em-agent.fullname" value="Alex Admin"/>
        <property name="test.selenium.port" value="44000"/>
        <property name="test.build.number" value="295"/>
        <property name="test.user.sdi-agent.enabled" value="true"/>
        <property name="test.timeout.assert.condition" value="30"/>
        <property name="test.target.version" value="{
  &quot;buildInformation&quot; : {
    &quot;gitCommitId&quot; : &quot;6415b9c07a83d336f513936eb79c4a925510b07b&quot;,
    &quot;gitCommitMessage&quot; : &quot;Merge branch &apos;Fix18963&apos; into &apos;patchset_16_2_3&apos;&quot;,
    &quot;buildTime&quot; : &quot;12.04.2016 @ 21:58:42 PDT&quot;,
    &quot;buildUser&quot; : &quot;Code2Cloud Builder&quot;
  }
}"/>
        <property name="test.build.job" value="dcs_dcs.Release-Selenium-Tests"/>
        <property name="test.timeout.project.create" value="660"/>
        <property name="test.user.sdi-agent.name" value="alex.admin"/>
        <property name="test.selenium.browser" value="firefox"/>
        <property name="test.http.proxyPort" value="80"/>
        <property name="test.user.sdi-agent.password" value="Welcome1!"/>
        <property name="test.user.sdi-agent.fullname" value="Alex Admin"/>
        <property name="test.timeout.selenium.navigate" value="20"/>
        <property name="test.target.release" value="16.2.3.0.0"/>
        <property name="test.byom.ip" value="127.0.0.1"/>
        <property name="test.byom.port" value="8585"/>
        <property name="test.notification.type" value="swing"/>
        <property name="test.data.project.override" value=""/>
        <property name="test.timeout.selenium.find" value="1"/>
        <property name="test.user.em-agent.enabled" value="true"/>
        <property name="test.testEmptyOrg.db.id" value=""/>
        <property name="test.reviews.timeout.slowdown" value="0"/>
        <property name="test.http.noProxyHosts" value="localhost|127.0.0.1|*.local|*.oraclecorp.com|*.us.oracle.com"/>
        <property name="test.capture.video" value="true"/>
        <property name="test.user.non-admin.password" value="Welcome1!"/>
        <property name="test.user.non-admin.fullname" value="Tom Testsuite"/>
        <property name="test.user.admin.password" value="Welcome1!"/>
        <property name="test.notification.history" value="3"/>
        <property name="test.user.admin.fullname" value="Tina Testsuite"/>
        <property name="test.capture.screenshots" value="true"/>
        <property name="test.testEmptyOrg.db.connectString" value="jdbc:oracle:thin:@(DESCRIPTION=(ADDRESS=(PROTOCOL=TCP)(HOST=slc09iwb.us.oracle.com)(PORT=1521))(CONNECT_DATA=(SERVICE_NAME=dbpod)))"/>
        <property name="test.firefox.bin" value=""/>
        <property name="test.https.proxyPort" value="80"/>
        <property name="test.develop.offline" value="false"/>
        <property name="test.timeout.build.buildqueue.polling" value="60"/>
        <property name="test.output.dir" value="target/test-reports/"/>
        <property name="test.firefox.allowedHosts" value="localhost,localhost.localdomain"/>
        <property name="test.testEmptyOrg.db.schema" value="BV2RLPNYEWMR"/>
        <property name="test.web.url" value="http://ucf2c-dcs-release-hub1.opcdeveloper.oracleinternalucf2c.oraclecorp.com/qa-dev/"/>
        <property name="test.firefox.extensions" value=""/>
        <property name="test.testEmptyOrg.orgExistsCheck" value="false"/>
        <property name="test.data.dir" value="data/"/>
        <property name="test.notification.font.size" value="15"/>
        <property name="test.testEmptyOrg.service" value="devservice5"/>
        <property name="test.selenium.start.server" value="false"/>
        <property name="test.firefox.profile.path" value=""/>
        <property name="test.selenium.host" value="localhost"/>
        <property name="test.suite" value="BASE"/>
        <property name="test.tests" value=""/>
        <property name="test.user.admin.idm" value="dcsdevteam"/>
        <property name="test.http.proxyHost" value="www-proxy.us.oracle.com"/>
        <property name="test.testMethods" value=""/>
        <property name="test.reviews.dontDeleteEnviroment" value="false"/>
        <property name="test.selenium.browser.maximize" value="false"/>
        <property name="test.firefox.profile.name" value=""/>
        <property name="test.timeout.build.buildqueue" value="1200"/>
        <property name="test.user.em-agent.idm" value="dcsdevteam"/>
        <property name="test.selenium.remote" value="false"/>
        <property name="test.user.sdi-agent.idm" value="dcsdevteam"/>
        <property name="test.byom.authToken" value="123456"/>
        <property name="test.proxy.autodetect" value="false"/>
        <property name="test.testEmptyOrg.idm" value="dcsdevteam"/>
        <property name="test.user.non-admin.idm" value="dcsdevteam"/>
        <property name="test.data.tasks.useexisting" value="false"/>
        <property name="test.selenium.browser.size.w" value="1280"/>
        <property name="test.category" value="DEFAULT"/>
        <property name="test.user.em-agent.name" value="alex.admin"/>
        <property name="test.timeout.slowdown" value="0"/>
      </properties>
    <system-out>
2016-04-12 22:47:22,830 INFO  [oracle.clouddev.test.selenium.tests.base.TestHomePage] Get activities with Rest API call, pulling all activites
2016-04-12 22:47:22,831 INFO  [oracle.clouddev.test.selenium.util.RestActivitiesList] Get activity list: http://ucf2c-dcs-release-hub1.opcdeveloper.oracleinternalucf2c.oraclecorp.com/qa-dev/api/activity/list/qa-dev_test-shared-project1-1460525673052
2016-04-12 22:47:22,833 INFO  [oracle.clouddev.test.framework.rest.RestClient] [request#50] POST http://ucf2c-dcs-release-hub1.opcdeveloper.oracleinternalucf2c.oraclecorp.com/qa-dev/api/activity/list/qa-dev_test-shared-project1-1460525673052 HTTP/1.1 (user: ADMIN(dcsdevteam/tina.testsuite/Welcome1!))
2016-04-12 22:47:22,833 DEBUG [oracle.clouddev.test.framework.rest.RestClient] [request#50] posted content:
{
  &quot;types&quot; : [ ],
  &quot;offset&quot; : 0,
  &quot;count&quot; : 0
}
2016-04-12 22:47:22,833 DEBUG [oracle.clouddev.test.framework.rest.RestClient] [request#50] cURL: curl -k -u tina.testsuite:Welcome1! -X POST &apos;http://ucf2c-dcs-release-hub1.opcdeveloper.oracleinternalucf2c.oraclecorp.com/qa-dev/api/activity/list/qa-dev_test-shared-project1-1460525673052&apos; -H &apos;Content-Type: application/json; charset=UTF-8&apos; --data-binary &apos;{  &quot;types&quot; : [ ],  &quot;offset&quot; : 0,  &quot;count&quot; : 0}&apos;
2016-04-12 22:47:22,865 INFO  [oracle.clouddev.test.framework.rest.RestClient] [request#50] HTTP/1.1 200 OK
2016-04-12 22:47:22,865 DEBUG [oracle.clouddev.test.framework.rest.RestClient] [request#50] Content-Type: application/json;charset=UTF-8
2016-04-12 22:47:22,865 DEBUG [oracle.clouddev.test.framework.rest.RestClient] [request#50] Content-Length: -- no value --
2016-04-12 22:47:22,867 DEBUG [oracle.clouddev.test.framework.rest.ResponseProcessors$ResponseParserAdapter] [request#50] Received data:{
  &quot;queryResult&quot; : {
    &quot;activities&quot; : [ {
      &quot;id&quot; : 1621241,
      &quot;timestamp&quot; : 1460526437000,
      &quot;type&quot; : &quot;SCM_REPO&quot;,
      &quot;author&quot; : {
        &quot;username&quot; : &quot;tina.testsuite&quot;,
        &quot;fullname&quot; : &quot;Tina Testsuite&quot;,
        &quot;email&quot; : &quot;devservice.tina@gmail.com&quot;,
        &quot;gravatarHash&quot; : &quot;90329b1e0d4bd06a80427ac70fbcdd55&quot;
      },
      &quot;properties&quot; : {
        &quot;repoName&quot; : &quot;test-repo1460526436440.git&quot;,
        &quot;repoLocation&quot; : &quot;CODE2CLOUD&quot;,
        &quot;repoDescription&quot; : &quot;Description test-repo1460526436440.git&quot;,
        &quot;type&quot; : &quot;CREATED&quot;
      }
    }, {
      &quot;id&quot; : 1621240,
      &quot;timestamp&quot; : 1460526437000,
      &quot;type&quot; : &quot;SCM_REPO&quot;,
      &quot;author&quot; : {
        &quot;username&quot; : &quot;tina.testsuite&quot;,
        &quot;fullname&quot; : &quot;Tina Testsuite&quot;,
        &quot;email&quot; : &quot;devservice.tina@gmail.com&quot;,
        &quot;gravatarHash&quot; : &quot;90329b1e0d4bd06a80427ac70fbcdd55&quot;
      },
      &quot;properties&quot; : {
        &quot;repoName&quot; : &quot;test-repo1460526435978.git&quot;,
        &quot;repoLocation&quot; : &quot;CODE2CLOUD&quot;,
        &quot;repoDescription&quot; : &quot;Description test-repo1460526435978.git&quot;,
        &quot;type&quot; : &quot;CREATED&quot;
      }
    }, {
      &quot;id&quot; : 1621242,
      &quot;timestamp&quot; : 1460526437000,
      &quot;type&quot; : &quot;SCM_PUSH&quot;,
      &quot;author&quot; : {
        &quot;username&quot; : &quot;tina.testsuite&quot;,
        &quot;fullname&quot; : &quot;Tina Testsuite&quot;,
        &quot;email&quot; : &quot;devservice.tina@gmail.com&quot;,
        &quot;gravatarHash&quot; : &quot;90329b1e0d4bd06a80427ac70fbcdd55&quot;
      },
      &quot;properties&quot; : {
        &quot;commits.size&quot; : &quot;1&quot;,
        &quot;repository&quot; : &quot;test-repo1460526436440.git&quot;,
        &quot;commits[0].hash&quot; : &quot;ca5b2cf3d2f93671c4800ab88cb61fac29211e06&quot;,
        &quot;commits[0].comment&quot; : &quot;Initial Commit for test-repo1460526436440.git&quot;,
        &quot;branch&quot; : &quot;master&quot;,
        &quot;head&quot; : &quot;ca5b2cf3d2f93671c4800ab88cb61fac29211e06&quot;,
        &quot;size&quot; : &quot;1&quot;
      }
    }, {
      &quot;id&quot; : 1621239,
      &quot;timestamp&quot; : 1460526432000,
      &quot;type&quot; : &quot;SCM_REPO&quot;,
      &quot;author&quot; : {
        &quot;username&quot; : &quot;tina.testsuite&quot;,
        &quot;fullname&quot; : &quot;Tina Testsuite&quot;,
        &quot;email&quot; : &quot;devservice.tina@gmail.com&quot;,
        &quot;gravatarHash&quot; : &quot;90329b1e0d4bd06a80427ac70fbcdd55&quot;
      },
      &quot;properties&quot; : {
        &quot;repoName&quot; : &quot;qa-test-repo1460526424789.git&quot;,
        &quot;repoLocation&quot; : &quot;CODE2CLOUD&quot;,
        &quot;repoDescription&quot; : &quot;Description qa-test-repo1460526424789&quot;,
        &quot;type&quot; : &quot;CREATED&quot;
      }
    }, {
      &quot;id&quot; : 1621238,
      &quot;timestamp&quot; : 1460526423000,
      &quot;type&quot; : &quot;SCM_REPO&quot;,
      &quot;author&quot; : {
        &quot;username&quot; : &quot;tina.testsuite&quot;,
        &quot;fullname&quot; : &quot;Tina Testsuite&quot;,
        &quot;email&quot; : &quot;devservice.tina@gmail.com&quot;,
        &quot;gravatarHash&quot; : &quot;90329b1e0d4bd06a80427ac70fbcdd55&quot;
      },
      &quot;properties&quot; : {
        &quot;repoName&quot; : &quot;qa-test-repo1460526415589.git&quot;,
        &quot;repoLocation&quot; : &quot;CODE2CLOUD&quot;,
        &quot;repoDescription&quot; : &quot;Description qa-test-repo1460526415589&quot;,
        &quot;type&quot; : &quot;CREATED&quot;
      }
    }, {
      &quot;id&quot; : 1621237,
      &quot;timestamp&quot; : 1460526401000,
      &quot;type&quot; : &quot;SCM_REPO&quot;,
      &quot;author&quot; : {
        &quot;username&quot; : &quot;tina.testsuite&quot;,
        &quot;fullname&quot; : &quot;Tina Testsuite&quot;,
        &quot;email&quot; : &quot;devservice.tina@gmail.com&quot;,
        &quot;gravatarHash&quot; : &quot;90329b1e0d4bd06a80427ac70fbcdd55&quot;
      },
      &quot;properties&quot; : {
        &quot;repoName&quot; : &quot;test-repo1460526400539.git&quot;,
        &quot;repoLocation&quot; : &quot;CODE2CLOUD&quot;,
        &quot;repoDescription&quot; : &quot;Description test-repo1460526400539.git&quot;,
        &quot;type&quot; : &quot;CREATED&quot;
      }
    }, {
      &quot;id&quot; : 1621235,
      &quot;timestamp&quot; : 1460526398000,
      &quot;type&quot; : &quot;SCM_REPO&quot;,
      &quot;author&quot; : {
        &quot;username&quot; : &quot;tina.testsuite&quot;,
        &quot;fullname&quot; : &quot;Tina Testsuite&quot;,
        &quot;email&quot; : &quot;devservice.tina@gmail.com&quot;,
        &quot;gravatarHash&quot; : &quot;90329b1e0d4bd06a80427ac70fbcdd55&quot;
      },
      &quot;properties&quot; : {
        &quot;repoName&quot; : &quot;test-repo1460526396899.git&quot;,
        &quot;repoLocation&quot; : &quot;CODE2CLOUD&quot;,
        &quot;repoDescription&quot; : &quot;Description test-repo1460526396899.git&quot;,
        &quot;type&quot; : &quot;CREATED&quot;
      }
    }, {
      &quot;id&quot; : 1621236,
      &quot;timestamp&quot; : 1460526398000,
      &quot;type&quot; : &quot;SCM_PUSH&quot;,
      &quot;author&quot; : {
        &quot;username&quot; : &quot;tina.testsuite&quot;,
        &quot;fullname&quot; : &quot;Tina Testsuite&quot;,
        &quot;email&quot; : &quot;devservice.tina@gmail.com&quot;,
        &quot;gravatarHash&quot; : &quot;90329b1e0d4bd06a80427ac70fbcdd55&quot;
      },
      &quot;properties&quot; : {
        &quot;commits.size&quot; : &quot;1&quot;,
        &quot;repository&quot; : &quot;test-repo1460526396899.git&quot;,
        &quot;commits[0].hash&quot; : &quot;171a019f8620f5ebaa34dc782b36c85f3d2bdf78&quot;,
        &quot;commits[0].comment&quot; : &quot;Initial Commit for test-repo1460526396899.git&quot;,
        &quot;branch&quot; : &quot;master&quot;,
        &quot;head&quot; : &quot;171a019f8620f5ebaa34dc782b36c85f3d2bdf78&quot;,
        &quot;size&quot; : &quot;1&quot;
      }
    }, {
      &quot;id&quot; : 1621233,
      &quot;timestamp&quot; : 1460526393000,
      &quot;type&quot; : &quot;SCM_REPO&quot;,
      &quot;author&quot; : {
        &quot;username&quot; : &quot;tina.testsuite&quot;,
        &quot;fullname&quot; : &quot;Tina Testsuite&quot;,
        &quot;email&quot; : &quot;devservice.tina@gmail.com&quot;,
        &quot;gravatarHash&quot; : &quot;90329b1e0d4bd06a80427ac70fbcdd55&quot;
      },
      &quot;properties&quot; : {
        &quot;repoName&quot; : &quot;qa-test-repo1460526387431.git&quot;,
        &quot;repoLocation&quot; : &quot;CODE2CLOUD&quot;,
        &quot;repoDescription&quot; : &quot;Description qa-test-repo1460526387431&quot;,
        &quot;type&quot; : &quot;CREATED&quot;
      }
    }, {
      &quot;id&quot; : 1621234,
      &quot;timestamp&quot; : 1460526393000,
      &quot;type&quot; : &quot;SCM_PUSH&quot;,
      &quot;author&quot; : {
        &quot;username&quot; : &quot;tina.testsuite&quot;,
        &quot;fullname&quot; : &quot;Tina Testsuite&quot;,
        &quot;email&quot; : &quot;devservice.tina@gmail.com&quot;,
        &quot;gravatarHash&quot; : &quot;90329b1e0d4bd06a80427ac70fbcdd55&quot;
      },
      &quot;properties&quot; : {
        &quot;commits.size&quot; : &quot;1&quot;,
        &quot;repository&quot; : &quot;qa-test-repo1460526387431.git&quot;,
        &quot;commits[0].hash&quot; : &quot;b1cb51972489a4af73cd7b78821d1193680c822b&quot;,
        &quot;commits[0].comment&quot; : &quot;Initial Commit for qa-test-repo1460526387431.git&quot;,
        &quot;branch&quot; : &quot;master&quot;,
        &quot;commits[0].author&quot; : &quot;devservice.tina@gmail.com&quot;,
        &quot;head&quot; : &quot;b1cb51972489a4af73cd7b78821d1193680c822b&quot;,
        &quot;size&quot; : &quot;1&quot;
      }
    }, {
      &quot;id&quot; : 1621217,
      &quot;timestamp&quot; : 1460525680000,
      &quot;type&quot; : &quot;SCM_REPO&quot;,
      &quot;author&quot; : null,
      &quot;properties&quot; : {
        &quot;repoName&quot; : &quot;test-shared-project1-1460525673052.git&quot;,
        &quot;repoLocation&quot; : &quot;CODE2CLOUD&quot;,
        &quot;type&quot; : &quot;CREATED&quot;
      }
    }, {
      &quot;id&quot; : 1621216,
      &quot;timestamp&quot; : 1460525675000,
      &quot;type&quot; : &quot;PROJECT&quot;,
      &quot;author&quot; : {
        &quot;username&quot; : &quot;tina.testsuite&quot;,
        &quot;fullname&quot; : &quot;Tina Testsuite&quot;,
        &quot;email&quot; : &quot;devservice.tina@gmail.com&quot;,
        &quot;gravatarHash&quot; : &quot;90329b1e0d4bd06a80427ac70fbcdd55&quot;
      },
      &quot;properties&quot; : {
      }
    } ],
    &quot;totalCount&quot; : 12
  }
}
2016-04-12 22:47:22,869 INFO  [oracle.clouddev.test.selenium.tests.base.TestHomePage] Number of activitites returned: 12
2016-04-12 22:47:22,870 INFO  [oracle.clouddev.test.selenium.tests.base.TestHomePage] Get activities with Rest API call, pulling based on offset
2016-04-12 22:47:22,870 INFO  [oracle.clouddev.test.selenium.util.RestActivitiesList] Get activity list: http://ucf2c-dcs-release-hub1.opcdeveloper.oracleinternalucf2c.oraclecorp.com/qa-dev/api/activity/list/qa-dev_test-shared-project1-1460525673052
2016-04-12 22:47:22,872 INFO  [oracle.clouddev.test.framework.rest.RestClient] [request#51] POST http://ucf2c-dcs-release-hub1.opcdeveloper.oracleinternalucf2c.oraclecorp.com/qa-dev/api/activity/list/qa-dev_test-shared-project1-1460525673052 HTTP/1.1 (user: ADMIN(dcsdevteam/tina.testsuite/Welcome1!))
2016-04-12 22:47:22,872 DEBUG [oracle.clouddev.test.framework.rest.RestClient] [request#51] posted content:
{
  &quot;types&quot; : [ ],
  &quot;offset&quot; : 1,
  &quot;count&quot; : 1
}
2016-04-12 22:47:22,872 DEBUG [oracle.clouddev.test.framework.rest.RestClient] [request#51] cURL: curl -k -u tina.testsuite:Welcome1! -X POST &apos;http://ucf2c-dcs-release-hub1.opcdeveloper.oracleinternalucf2c.oraclecorp.com/qa-dev/api/activity/list/qa-dev_test-shared-project1-1460525673052&apos; -H &apos;Content-Type: application/json; charset=UTF-8&apos; --data-binary &apos;{  &quot;types&quot; : [ ],  &quot;offset&quot; : 1,  &quot;count&quot; : 1}&apos;
2016-04-12 22:47:22,894 INFO  [oracle.clouddev.test.framework.rest.RestClient] [request#51] HTTP/1.1 200 OK
2016-04-12 22:47:22,894 DEBUG [oracle.clouddev.test.framework.rest.RestClient] [request#51] Content-Type: application/json;charset=UTF-8
2016-04-12 22:47:22,894 DEBUG [oracle.clouddev.test.framework.rest.RestClient] [request#51] Content-Length: -- no value --
2016-04-12 22:47:22,895 DEBUG [oracle.clouddev.test.framework.rest.ResponseProcessors$ResponseParserAdapter] [request#51] Received data:{
  &quot;queryResult&quot; : {
    &quot;activities&quot; : [ {
      &quot;id&quot; : 1621240,
      &quot;timestamp&quot; : 1460526437000,
      &quot;type&quot; : &quot;SCM_REPO&quot;,
      &quot;author&quot; : {
        &quot;username&quot; : &quot;tina.testsuite&quot;,
        &quot;fullname&quot; : &quot;Tina Testsuite&quot;,
        &quot;email&quot; : &quot;devservice.tina@gmail.com&quot;,
        &quot;gravatarHash&quot; : &quot;90329b1e0d4bd06a80427ac70fbcdd55&quot;
      },
      &quot;properties&quot; : {
        &quot;repoName&quot; : &quot;test-repo1460526435978.git&quot;,
        &quot;repoLocation&quot; : &quot;CODE2CLOUD&quot;,
        &quot;repoDescription&quot; : &quot;Description test-repo1460526435978.git&quot;,
        &quot;type&quot; : &quot;CREATED&quot;
      }
    } ],
    &quot;totalCount&quot; : 12
  }
}
2016-04-12 22:47:22,895 INFO  [oracle.clouddev.test.selenium.tests.base.TestHomePage] Number of activitites returned: 12
    </system-out>
    </testcase>
    <testcase classname="oracle.clouddev.test.selenium.tests.base.TestHomePage" name="testTabs" time="7.900">
      <properties>
        <property name="java.runtime.name" value="Java(TM) SE Runtime Environment"/>
        <property name="exec.mainClass" value="oracle.clouddev.test.selenium.RunTests"/>
        <property name="sun.boot.library.path" value="/usr/java/jdk1.8.0_74/jre/lib/amd64"/>
        <property name="java.vm.version" value="25.74-b02"/>
        <property name="java.vm.vendor" value="Oracle Corporation"/>
        <property name="java.vendor.url" value="http://java.oracle.com/"/>
        <property name="guice.disable.misplaced.annotation.check" value="true"/>
        <property name="path.separator" value=":"/>
        <property name="java.vm.name" value="Java HotSpot(TM) 64-Bit Server VM"/>
        <property name="file.encoding.pkg" value="sun.io"/>
        <property name="user.country" value="US"/>
        <property name="sun.java.launcher" value="SUN_STANDARD"/>
        <property name="sun.os.patch.level" value="unknown"/>
        <property name="http.noProxyHosts" value="localhost|127.0.0.1|*.local|*.oraclecorp.com|*.us.oracle.com"/>
        <property name="java.vm.specification.name" value="Java Virtual Machine Specification"/>
        <property name="user.dir" value="/home/builder/hudson/workspace/dcs_dcs.Release-Selenium-Tests/selenium-tests"/>
        <property name="java.runtime.version" value="1.8.0_74-b02"/>
        <property name="java.awt.graphicsenv" value="sun.awt.X11GraphicsEnvironment"/>
        <property name="java.endorsed.dirs" value="/usr/java/jdk1.8.0_74/jre/lib/endorsed"/>
        <property name="os.arch" value="amd64"/>
        <property name="java.io.tmpdir" value="/tmp"/>
        <property name="line.separator" value="
"/>
        <property name="java.vm.specification.vendor" value="Oracle Corporation"/>
        <property name="https.proxyHost" value="www-proxy.us.oracle.com"/>
        <property name="os.name" value="Linux"/>
        <property name="classworlds.conf" value="/usr/local/apache-maven/apache-maven-3.0.4/bin/m2.conf"/>
        <property name="sun.jnu.encoding" value="UTF-8"/>
        <property name="http.proxyPort" value="80"/>
        <property name="java.library.path" value="/usr/java/packages/lib/amd64:/usr/lib64:/lib64:/lib:/usr/lib"/>
        <property name="sun.awt.enableExtraMouseButtons" value="true"/>
        <property name="java.specification.name" value="Java Platform API Specification"/>
        <property name="java.class.version" value="52.0"/>
        <property name="sun.management.compiler" value="HotSpot 64-Bit Tiered Compilers"/>
        <property name="os.version" value="3.8.13-55.1.1.el6uek.x86_64"/>
        <property name="user.home" value="/home/builder"/>
        <property name="user.timezone" value="PST8PDT"/>
        <property name="java.awt.printerjob" value="sun.print.PSPrinterJob"/>
        <property name="file.encoding" value="UTF-8"/>
        <property name="java.specification.version" value="1.8"/>
        <property name="java.class.path" value="/usr/local/apache-maven/apache-maven-3.0.4/boot/plexus-classworlds-2.4.jar"/>
        <property name="user.name" value="builder"/>
        <property name="java.vm.specification.version" value="1.8"/>
        <property name="sun.java.command" value="org.codehaus.plexus.classworlds.launcher.Launcher -f /home/c2c/hudson/workspace/dcs_dcs.Release-Selenium-Tests/selenium-tests/pom.xml --batch-mode exec:java -Dexec.mainClass=oracle.clouddev.test.selenium.RunTests -Dexec.args=selenium.browser.size.w=1280 selenium.browser.size.h=960 capture.video=true capture.screenshots=true notification.type=swing notification.history=3 notification.font.size=15 job-release-selenium-tests.properties build.job=dcs_dcs.Release-Selenium-Tests build.number=295 target.release=16.2.3.0.0 timeout.build.buildqueue=1200 timeout.build.buildqueue.polling=60 -s BASE --tag base"/>
        <property name="java.home" value="/usr/java/jdk1.8.0_74/jre"/>
        <property name="sun.arch.data.model" value="64"/>
        <property name="user.language" value="en"/>
        <property name="java.specification.vendor" value="Oracle Corporation"/>
        <property name="awt.toolkit" value="sun.awt.X11.XToolkit"/>
        <property name="java.vm.info" value="mixed mode"/>
        <property name="java.version" value="1.8.0_74"/>
        <property name="securerandom.source" value="file:/dev/./urandom"/>
        <property name="java.ext.dirs" value="/usr/java/jdk1.8.0_74/jre/lib/ext:/usr/java/packages/lib/ext"/>
        <property name="http.proxyHost" value="www-proxy.us.oracle.com"/>
        <property name="sun.boot.class.path" value="/usr/java/jdk1.8.0_74/jre/lib/resources.jar:/usr/java/jdk1.8.0_74/jre/lib/rt.jar:/usr/java/jdk1.8.0_74/jre/lib/sunrsasign.jar:/usr/java/jdk1.8.0_74/jre/lib/jsse.jar:/usr/java/jdk1.8.0_74/jre/lib/jce.jar:/usr/java/jdk1.8.0_74/jre/lib/charsets.jar:/usr/java/jdk1.8.0_74/jre/lib/jfr.jar:/usr/java/jdk1.8.0_74/jre/classes"/>
        <property name="java.vendor" value="Oracle Corporation"/>
        <property name="maven.home" value="/usr/local/apache-maven/apache-maven-3.0.4"/>
        <property name="file.separator" value="/"/>
        <property name="java.vendor.url.bug" value="http://bugreport.sun.com/bugreport/"/>
        <property name="sun.font.fontmanager" value="sun.awt.X11FontManager"/>
        <property name="sun.io.unicode.encoding" value="UnicodeLittle"/>
        <property name="sun.cpu.endian" value="little"/>
        <property name="https.proxyPort" value="80"/>
        <property name="exec.args" value="selenium.browser.size.w=1280 selenium.browser.size.h=960 capture.video=true capture.screenshots=true notification.type=swing notification.history=3 notification.font.size=15 job-release-selenium-tests.properties build.job=dcs_dcs.Release-Selenium-Tests build.number=295 target.release=16.2.3.0.0 timeout.build.buildqueue=1200 timeout.build.buildqueue.polling=60 -s BASE --tag base"/>
        <property name="sun.cpu.isalist" value=""/>
        <property name="test.selenium.browser.size.h" value="960"/>
        <property name="test.user.non-admin.name" value="tom.testsuite"/>
        <property name="test.https.proxyHost" value="www-proxy.us.oracle.com"/>
        <property name="test.user.admin.name" value="tina.testsuite"/>
        <property name="test.user.em-agent.password" value="Welcome1!"/>
        <property name="test.tag" value="base"/>
        <property name="test.user.em-agent.fullname" value="Alex Admin"/>
        <property name="test.selenium.port" value="44000"/>
        <property name="test.build.number" value="295"/>
        <property name="test.user.sdi-agent.enabled" value="true"/>
        <property name="test.timeout.assert.condition" value="30"/>
        <property name="test.target.version" value="{
  &quot;buildInformation&quot; : {
    &quot;gitCommitId&quot; : &quot;6415b9c07a83d336f513936eb79c4a925510b07b&quot;,
    &quot;gitCommitMessage&quot; : &quot;Merge branch &apos;Fix18963&apos; into &apos;patchset_16_2_3&apos;&quot;,
    &quot;buildTime&quot; : &quot;12.04.2016 @ 21:58:42 PDT&quot;,
    &quot;buildUser&quot; : &quot;Code2Cloud Builder&quot;
  }
}"/>
        <property name="test.build.job" value="dcs_dcs.Release-Selenium-Tests"/>
        <property name="test.timeout.project.create" value="660"/>
        <property name="test.user.sdi-agent.name" value="alex.admin"/>
        <property name="test.selenium.browser" value="firefox"/>
        <property name="test.http.proxyPort" value="80"/>
        <property name="test.user.sdi-agent.password" value="Welcome1!"/>
        <property name="test.user.sdi-agent.fullname" value="Alex Admin"/>
        <property name="test.timeout.selenium.navigate" value="20"/>
        <property name="test.target.release" value="16.2.3.0.0"/>
        <property name="test.byom.ip" value="127.0.0.1"/>
        <property name="test.byom.port" value="8585"/>
        <property name="test.notification.type" value="swing"/>
        <property name="test.data.project.override" value=""/>
        <property name="test.timeout.selenium.find" value="1"/>
        <property name="test.user.em-agent.enabled" value="true"/>
        <property name="test.testEmptyOrg.db.id" value=""/>
        <property name="test.reviews.timeout.slowdown" value="0"/>
        <property name="test.http.noProxyHosts" value="localhost|127.0.0.1|*.local|*.oraclecorp.com|*.us.oracle.com"/>
        <property name="test.capture.video" value="true"/>
        <property name="test.user.non-admin.password" value="Welcome1!"/>
        <property name="test.user.non-admin.fullname" value="Tom Testsuite"/>
        <property name="test.user.admin.password" value="Welcome1!"/>
        <property name="test.notification.history" value="3"/>
        <property name="test.user.admin.fullname" value="Tina Testsuite"/>
        <property name="test.capture.screenshots" value="true"/>
        <property name="test.testEmptyOrg.db.connectString" value="jdbc:oracle:thin:@(DESCRIPTION=(ADDRESS=(PROTOCOL=TCP)(HOST=slc09iwb.us.oracle.com)(PORT=1521))(CONNECT_DATA=(SERVICE_NAME=dbpod)))"/>
        <property name="test.firefox.bin" value=""/>
        <property name="test.https.proxyPort" value="80"/>
        <property name="test.develop.offline" value="false"/>
        <property name="test.timeout.build.buildqueue.polling" value="60"/>
        <property name="test.output.dir" value="target/test-reports/"/>
        <property name="test.firefox.allowedHosts" value="localhost,localhost.localdomain"/>
        <property name="test.testEmptyOrg.db.schema" value="BV2RLPNYEWMR"/>
        <property name="test.web.url" value="http://ucf2c-dcs-release-hub1.opcdeveloper.oracleinternalucf2c.oraclecorp.com/qa-dev/"/>
        <property name="test.firefox.extensions" value=""/>
        <property name="test.testEmptyOrg.orgExistsCheck" value="false"/>
        <property name="test.data.dir" value="data/"/>
        <property name="test.notification.font.size" value="15"/>
        <property name="test.testEmptyOrg.service" value="devservice5"/>
        <property name="test.selenium.start.server" value="false"/>
        <property name="test.firefox.profile.path" value=""/>
        <property name="test.selenium.host" value="localhost"/>
        <property name="test.suite" value="BASE"/>
        <property name="test.tests" value=""/>
        <property name="test.user.admin.idm" value="dcsdevteam"/>
        <property name="test.http.proxyHost" value="www-proxy.us.oracle.com"/>
        <property name="test.testMethods" value=""/>
        <property name="test.reviews.dontDeleteEnviroment" value="false"/>
        <property name="test.selenium.browser.maximize" value="false"/>
        <property name="test.firefox.profile.name" value=""/>
        <property name="test.timeout.build.buildqueue" value="1200"/>
        <property name="test.user.em-agent.idm" value="dcsdevteam"/>
        <property name="test.selenium.remote" value="false"/>
        <property name="test.user.sdi-agent.idm" value="dcsdevteam"/>
        <property name="test.byom.authToken" value="123456"/>
        <property name="test.proxy.autodetect" value="false"/>
        <property name="test.testEmptyOrg.idm" value="dcsdevteam"/>
        <property name="test.user.non-admin.idm" value="dcsdevteam"/>
        <property name="test.data.tasks.useexisting" value="false"/>
        <property name="test.selenium.browser.size.w" value="1280"/>
        <property name="test.category" value="DEFAULT"/>
        <property name="test.user.em-agent.name" value="alex.admin"/>
        <property name="test.timeout.slowdown" value="0"/>
      </properties>
    <system-out>
2016-04-12 22:47:22,910 DEBUG [oracle.clouddev.test.selenium.components.AssertElement] Check condition (element is visible) for element [By.id: home-tab-header-1] on http://ucf2c-dcs-release-hub1.opcdeveloper.oracleinternalucf2c.oraclecorp.com/qa-dev/#/projects/qa-dev_test-shared-project1-1460525673052.
2016-04-12 22:47:22,948 DEBUG [oracle.clouddev.test.selenium.components.AssertElement] Check condition (element is visible) for element [By.id: home-tab-header-1] on http://ucf2c-dcs-release-hub1.opcdeveloper.oracleinternalucf2c.oraclecorp.com/qa-dev/#/projects/qa-dev_test-shared-project1-1460525673052.
2016-04-12 22:47:23,049 DEBUG [oracle.clouddev.test.selenium.components.AssertElement] Check condition (element is visible) for element [By.id: home-tab-content-1] on http://ucf2c-dcs-release-hub1.opcdeveloper.oracleinternalucf2c.oraclecorp.com/qa-dev/#/projects/qa-dev_test-shared-project1-1460525673052.
2016-04-12 22:47:23,085 DEBUG [oracle.clouddev.test.selenium.components.AssertElement] Check condition (element is visible) for element [By.id: home-tab-header-2] on http://ucf2c-dcs-release-hub1.opcdeveloper.oracleinternalucf2c.oraclecorp.com/qa-dev/#/projects/qa-dev_test-shared-project1-1460525673052.
2016-04-12 22:47:23,128 DEBUG [oracle.clouddev.test.selenium.components.AssertElement] Check condition (element is visible) for element [By.id: home-tab-header-2] on http://ucf2c-dcs-release-hub1.opcdeveloper.oracleinternalucf2c.oraclecorp.com/qa-dev/#/projects/qa-dev_test-shared-project1-1460525673052.
2016-04-12 22:47:23,684 DEBUG [oracle.clouddev.test.selenium.components.AssertElement] Check condition (element is visible) for element [By.id: home-tab-content-2] on http://ucf2c-dcs-release-hub1.opcdeveloper.oracleinternalucf2c.oraclecorp.com/qa-dev/#/projects/qa-dev_test-shared-project1-1460525673052.
2016-04-12 22:47:23,711 DEBUG [oracle.clouddev.test.selenium.components.AssertElement] Check condition (element is visible) for element [By.id: home-tab-header-3] on http://ucf2c-dcs-release-hub1.opcdeveloper.oracleinternalucf2c.oraclecorp.com/qa-dev/#/projects/qa-dev_test-shared-project1-1460525673052.
2016-04-12 22:47:23,747 DEBUG [oracle.clouddev.test.selenium.components.AssertElement] Check condition (element is visible) for element [By.id: home-tab-header-3] on http://ucf2c-dcs-release-hub1.opcdeveloper.oracleinternalucf2c.oraclecorp.com/qa-dev/#/projects/qa-dev_test-shared-project1-1460525673052.
2016-04-12 22:47:24,128 DEBUG [oracle.clouddev.test.selenium.components.AssertElement] Check condition (element is visible) for element [By.id: home-tab-content-3] on http://ucf2c-dcs-release-hub1.opcdeveloper.oracleinternalucf2c.oraclecorp.com/qa-dev/#/projects/qa-dev_test-shared-project1-1460525673052.
2016-04-12 22:47:24,150 DEBUG [oracle.clouddev.test.selenium.components.AssertElement] Check condition (element is visible) for element [By.id: home-tab-header-1] on http://ucf2c-dcs-release-hub1.opcdeveloper.oracleinternalucf2c.oraclecorp.com/qa-dev/#/projects/qa-dev_test-shared-project1-1460525673052.
2016-04-12 22:47:24,176 DEBUG [oracle.clouddev.test.selenium.components.AssertElement] Check condition (element is visible) for element [By.id: home-tab-header-1] on http://ucf2c-dcs-release-hub1.opcdeveloper.oracleinternalucf2c.oraclecorp.com/qa-dev/#/projects/qa-dev_test-shared-project1-1460525673052.
2016-04-12 22:47:24,431 DEBUG [oracle.clouddev.test.selenium.components.AssertElement] Check condition (element is visible) for element [By.id: home-tab-content-1] on http://ucf2c-dcs-release-hub1.opcdeveloper.oracleinternalucf2c.oraclecorp.com/qa-dev/#/projects/qa-dev_test-shared-project1-1460525673052.
2016-04-12 22:47:24,458 DEBUG [oracle.clouddev.test.selenium.components.AssertElement] Check condition (element is visible) for element [By.id: home-tab-header-2] on http://ucf2c-dcs-release-hub1.opcdeveloper.oracleinternalucf2c.oraclecorp.com/qa-dev/#/projects/qa-dev_test-shared-project1-1460525673052.
2016-04-12 22:47:24,488 DEBUG [oracle.clouddev.test.selenium.components.AssertElement] Check condition (element is visible) for element [By.id: home-tab-header-2] on http://ucf2c-dcs-release-hub1.opcdeveloper.oracleinternalucf2c.oraclecorp.com/qa-dev/#/projects/qa-dev_test-shared-project1-1460525673052.
2016-04-12 22:47:24,910 DEBUG [oracle.clouddev.test.selenium.components.AssertElement] Check condition (element is visible) for element [By.id: home-tab-content-2] on http://ucf2c-dcs-release-hub1.opcdeveloper.oracleinternalucf2c.oraclecorp.com/qa-dev/#/projects/qa-dev_test-shared-project1-1460525673052.
2016-04-12 22:47:25,117 DEBUG [oracle.clouddev.test.selenium.components.AssertElement] Check condition (element is visible) for element [By.id: home-tab-header-3] on http://ucf2c-dcs-release-hub1.opcdeveloper.oracleinternalucf2c.oraclecorp.com/qa-dev/#/projects/qa-dev_test-shared-project1-1460525673052.
2016-04-12 22:47:25,148 DEBUG [oracle.clouddev.test.selenium.components.AssertElement] Check condition (element is visible) for element [By.id: home-tab-header-3] on http://ucf2c-dcs-release-hub1.opcdeveloper.oracleinternalucf2c.oraclecorp.com/qa-dev/#/projects/qa-dev_test-shared-project1-1460525673052.
2016-04-12 22:47:25,486 DEBUG [oracle.clouddev.test.selenium.components.AssertElement] Check condition (element is visible) for element [By.id: home-tab-content-3] on http://ucf2c-dcs-release-hub1.opcdeveloper.oracleinternalucf2c.oraclecorp.com/qa-dev/#/projects/qa-dev_test-shared-project1-1460525673052.
2016-04-12 22:47:25,513 DEBUG [oracle.clouddev.test.selenium.components.AssertElement] Check condition (element is visible) for element [By.id: home-tab-header-1] on http://ucf2c-dcs-release-hub1.opcdeveloper.oracleinternalucf2c.oraclecorp.com/qa-dev/#/projects/qa-dev_test-shared-project1-1460525673052.
2016-04-12 22:47:25,544 DEBUG [oracle.clouddev.test.selenium.components.AssertElement] Check condition (element is visible) for element [By.id: home-tab-header-1] on http://ucf2c-dcs-release-hub1.opcdeveloper.oracleinternalucf2c.oraclecorp.com/qa-dev/#/projects/qa-dev_test-shared-project1-1460525673052.
2016-04-12 22:47:25,777 DEBUG [oracle.clouddev.test.selenium.components.AssertElement] Check condition (element is visible) for element [By.id: repo-list-filter] on http://ucf2c-dcs-release-hub1.opcdeveloper.oracleinternalucf2c.oraclecorp.com/qa-dev/#/projects/qa-dev_test-shared-project1-1460525673052.
2016-04-12 22:47:25,805 DEBUG [oracle.clouddev.test.selenium.components.AssertElement] Check condition (element is visible) for element [By.id: filter-input under [By.id: repo-list-filter]] on http://ucf2c-dcs-release-hub1.opcdeveloper.oracleinternalucf2c.oraclecorp.com/qa-dev/#/projects/qa-dev_test-shared-project1-1460525673052.
2016-04-12 22:47:25,832 INFO  [oracle.clouddev.test.selenium.util.RestRepositoryBuilder] Get repository list: http://ucf2c-dcs-release-hub1.opcdeveloper.oracleinternalucf2c.oraclecorp.com/qa-dev/s/qa-dev_test-shared-project1-1460525673052/scm/api/repository/
2016-04-12 22:47:25,833 INFO  [oracle.clouddev.test.framework.rest.RestClient] [request#52] GET http://ucf2c-dcs-release-hub1.opcdeveloper.oracleinternalucf2c.oraclecorp.com/qa-dev/s/qa-dev_test-shared-project1-1460525673052/scm/api/repository/ HTTP/1.1 (user: ADMIN(dcsdevteam/tina.testsuite/Welcome1!))
2016-04-12 22:47:25,833 DEBUG [oracle.clouddev.test.framework.rest.RestClient] [request#52] cURL: curl -k -u tina.testsuite:Welcome1! -X GET &apos;http://ucf2c-dcs-release-hub1.opcdeveloper.oracleinternalucf2c.oraclecorp.com/qa-dev/s/qa-dev_test-shared-project1-1460525673052/scm/api/repository/&apos;
2016-04-12 22:47:25,903 INFO  [oracle.clouddev.test.framework.rest.RestClient] [request#52] HTTP/1.1 200 OK
2016-04-12 22:47:25,903 DEBUG [oracle.clouddev.test.framework.rest.RestClient] [request#52] Content-Type: application/json;charset=UTF-8
2016-04-12 22:47:25,903 DEBUG [oracle.clouddev.test.framework.rest.RestClient] [request#52] Content-Length: 4343
2016-04-12 22:47:25,904 DEBUG [oracle.clouddev.test.framework.rest.ResponseProcessors$ResponseParserAdapter] [request#52] Received data:{
  &quot;scmRepositoryList&quot; : [ {
    &quot;name&quot; : &quot;qa-test-repo1460526387431.git&quot;,
    &quot;url&quot; : &quot;http://ucf2c-dcs-release-hub1.opcdeveloper.oracleinternalucf2c.oraclecorp.com/qa-dev/s/qa-dev_test-shared-project1-1460525673052/scm/qa-test-repo1460526387431.git&quot;,
    &quot;type&quot; : &quot;GIT&quot;,
    &quot;scmLocation&quot; : &quot;CODE2CLOUD&quot;,
    &quot;alternateUrl&quot; : &quot;ssh://ucf2c-dcs-release-hub1.opcdeveloper.oracleinternalucf2c.oraclecorp.com:2222/qa-dev_test-shared-project1-1460525673052/qa-test-repo1460526387431.git&quot;,
    &quot;branches&quot; : [ &quot;master&quot; ],
    &quot;tags&quot; : [ ],
    &quot;description&quot; : &quot;Description qa-test-repo1460526387431&quot;,
    &quot;importInProgress&quot; : false,
    &quot;head&quot; : &quot;master&quot;
  }, {
    &quot;name&quot; : &quot;qa-test-repo1460526415589.git&quot;,
    &quot;url&quot; : &quot;http://ucf2c-dcs-release-hub1.opcdeveloper.oracleinternalucf2c.oraclecorp.com/qa-dev/s/qa-dev_test-shared-project1-1460525673052/scm/qa-test-repo1460526415589.git&quot;,
    &quot;type&quot; : &quot;GIT&quot;,
    &quot;scmLocation&quot; : &quot;CODE2CLOUD&quot;,
    &quot;alternateUrl&quot; : &quot;ssh://ucf2c-dcs-release-hub1.opcdeveloper.oracleinternalucf2c.oraclecorp.com:2222/qa-dev_test-shared-project1-1460525673052/qa-test-repo1460526415589.git&quot;,
    &quot;branches&quot; : [ ],
    &quot;tags&quot; : [ ],
    &quot;description&quot; : &quot;Description qa-test-repo1460526415589&quot;,
    &quot;importInProgress&quot; : false,
    &quot;head&quot; : &quot;master&quot;
  }, {
    &quot;name&quot; : &quot;qa-test-repo1460526424789.git&quot;,
    &quot;url&quot; : &quot;http://ucf2c-dcs-release-hub1.opcdeveloper.oracleinternalucf2c.oraclecorp.com/qa-dev/s/qa-dev_test-shared-project1-1460525673052/scm/qa-test-repo1460526424789.git&quot;,
    &quot;type&quot; : &quot;GIT&quot;,
    &quot;scmLocation&quot; : &quot;CODE2CLOUD&quot;,
    &quot;alternateUrl&quot; : &quot;ssh://ucf2c-dcs-release-hub1.opcdeveloper.oracleinternalucf2c.oraclecorp.com:2222/qa-dev_test-shared-project1-1460525673052/qa-test-repo1460526424789.git&quot;,
    &quot;branches&quot; : [ ],
    &quot;tags&quot; : [ ],
    &quot;description&quot; : &quot;Description qa-test-repo1460526424789&quot;,
    &quot;importInProgress&quot; : false,
    &quot;head&quot; : &quot;master&quot;
  }, {
    &quot;name&quot; : &quot;test-repo1460526396899.git&quot;,
    &quot;url&quot; : &quot;http://ucf2c-dcs-release-hub1.opcdeveloper.oracleinternalucf2c.oraclecorp.com/qa-dev/s/qa-dev_test-shared-project1-1460525673052/scm/test-repo1460526396899.git&quot;,
    &quot;type&quot; : &quot;GIT&quot;,
    &quot;scmLocation&quot; : &quot;CODE2CLOUD&quot;,
    &quot;alternateUrl&quot; : &quot;ssh://ucf2c-dcs-release-hub1.opcdeveloper.oracleinternalucf2c.oraclecorp.com:2222/qa-dev_test-shared-project1-1460525673052/test-repo1460526396899.git&quot;,
    &quot;branches&quot; : [ &quot;master&quot; ],
    &quot;tags&quot; : [ ],
    &quot;description&quot; : &quot;Description test-repo1460526396899.git&quot;,
    &quot;importInProgress&quot; : false,
    &quot;head&quot; : &quot;master&quot;
  }, {
    &quot;name&quot; : &quot;test-repo1460526400539.git&quot;,
    &quot;url&quot; : &quot;http://ucf2c-dcs-release-hub1.opcdeveloper.oracleinternalucf2c.oraclecorp.com/qa-dev/s/qa-dev_test-shared-project1-1460525673052/scm/test-repo1460526400539.git&quot;,
    &quot;type&quot; : &quot;GIT&quot;,
    &quot;scmLocation&quot; : &quot;CODE2CLOUD&quot;,
    &quot;alternateUrl&quot; : &quot;ssh://ucf2c-dcs-release-hub1.opcdeveloper.oracleinternalucf2c.oraclecorp.com:2222/qa-dev_test-shared-project1-1460525673052/test-repo1460526400539.git&quot;,
    &quot;branches&quot; : [ ],
    &quot;tags&quot; : [ ],
    &quot;description&quot; : &quot;Description test-repo1460526400539.git&quot;,
    &quot;importInProgress&quot; : false,
    &quot;head&quot; : &quot;master&quot;
  }, {
    &quot;name&quot; : &quot;test-repo1460526435978.git&quot;,
    &quot;url&quot; : &quot;http://ucf2c-dcs-release-hub1.opcdeveloper.oracleinternalucf2c.oraclecorp.com/qa-dev/s/qa-dev_test-shared-project1-1460525673052/scm/test-repo1460526435978.git&quot;,
    &quot;type&quot; : &quot;GIT&quot;,
    &quot;scmLocation&quot; : &quot;CODE2CLOUD&quot;,
    &quot;alternateUrl&quot; : &quot;ssh://ucf2c-dcs-release-hub1.opcdeveloper.oracleinternalucf2c.oraclecorp.com:2222/qa-dev_test-shared-project1-1460525673052/test-repo1460526435978.git&quot;,
    &quot;branches&quot; : [ ],
    &quot;tags&quot; : [ ],
    &quot;description&quot; : &quot;Description test-repo1460526435978.git&quot;,
    &quot;importInProgress&quot; : false,
    &quot;head&quot; : &quot;master&quot;
  }, {
    &quot;name&quot; : &quot;test-repo1460526436440.git&quot;,
    &quot;url&quot; : &quot;http://ucf2c-dcs-release-hub1.opcdeveloper.oracleinternalucf2c.oraclecorp.com/qa-dev/s/qa-dev_test-shared-project1-1460525673052/scm/test-repo1460526436440.git&quot;,
    &quot;type&quot; : &quot;GIT&quot;,
    &quot;scmLocation&quot; : &quot;CODE2CLOUD&quot;,
    &quot;alternateUrl&quot; : &quot;ssh://ucf2c-dcs-release-hub1.opcdeveloper.oracleinternalucf2c.oraclecorp.com:2222/qa-dev_test-shared-project1-1460525673052/test-repo1460526436440.git&quot;,
    &quot;branches&quot; : [ &quot;master&quot; ],
    &quot;tags&quot; : [ ],
    &quot;description&quot; : &quot;Description test-repo1460526436440.git&quot;,
    &quot;importInProgress&quot; : false,
    &quot;head&quot; : &quot;master&quot;
  }, {
    &quot;name&quot; : &quot;test-shared-project1-1460525673052.git&quot;,
    &quot;url&quot; : &quot;http://ucf2c-dcs-release-hub1.opcdeveloper.oracleinternalucf2c.oraclecorp.com/qa-dev/s/qa-dev_test-shared-project1-1460525673052/scm/test-shared-project1-1460525673052.git&quot;,
    &quot;type&quot; : &quot;GIT&quot;,
    &quot;scmLocation&quot; : &quot;CODE2CLOUD&quot;,
    &quot;alternateUrl&quot; : &quot;ssh://ucf2c-dcs-release-hub1.opcdeveloper.oracleinternalucf2c.oraclecorp.com:2222/qa-dev_test-shared-project1-1460525673052/test-shared-project1-1460525673052.git&quot;,
    &quot;branches&quot; : [ ],
    &quot;tags&quot; : [ ],
    &quot;description&quot; : null,
    &quot;importInProgress&quot; : false,
    &quot;head&quot; : &quot;master&quot;
  } ]
}
2016-04-12 22:47:25,904 INFO  [oracle.clouddev.test.selenium.util.RestRepositoryBuilder] creating new repository test-repo1460526445832.git in projectqa-dev_test-shared-project1-1460525673052
2016-04-12 22:47:25,904 INFO  [oracle.clouddev.test.selenium.util.RestRepositoryBuilder] Create a new repository test-repo1460526445832.git : http://ucf2c-dcs-release-hub1.opcdeveloper.oracleinternalucf2c.oraclecorp.com/qa-dev/s/qa-dev_test-shared-project1-1460525673052/scm/api/repository/
2016-04-12 22:47:25,905 INFO  [oracle.clouddev.test.framework.rest.RestClient] [request#53] POST http://ucf2c-dcs-release-hub1.opcdeveloper.oracleinternalucf2c.oraclecorp.com/qa-dev/s/qa-dev_test-shared-project1-1460525673052/scm/api/repository/ HTTP/1.1 (user: ADMIN(dcsdevteam/tina.testsuite/Welcome1!))
2016-04-12 22:47:25,906 DEBUG [oracle.clouddev.test.framework.rest.RestClient] [request#53] posted content:
{
  &quot;scmLocation&quot; : &quot;CODE2CLOUD&quot;,
  &quot;name&quot; : &quot;test-repo1460526445832.git&quot;,
  &quot;description&quot; : &quot;Description test-repo1460526445832.git&quot;,
  &quot;type&quot; : &quot;GIT&quot;,
  &quot;branches&quot; : [ ],
  &quot;tags&quot; : [ ]
}
2016-04-12 22:47:25,906 DEBUG [oracle.clouddev.test.framework.rest.RestClient] [request#53] cURL: curl -k -u tina.testsuite:Welcome1! -X POST &apos;http://ucf2c-dcs-release-hub1.opcdeveloper.oracleinternalucf2c.oraclecorp.com/qa-dev/s/qa-dev_test-shared-project1-1460525673052/scm/api/repository/&apos; -H &apos;Content-Type: application/json; charset=UTF-8&apos; --data-binary &apos;{  &quot;scmLocation&quot; : &quot;CODE2CLOUD&quot;,  &quot;name&quot; : &quot;test-repo1460526445832.git&quot;,  &quot;description&quot; : &quot;Description test-repo1460526445832.git&quot;,  &quot;type&quot; : &quot;GIT&quot;,  &quot;branches&quot; : [ ],  &quot;tags&quot; : [ ]}&apos;
2016-04-12 22:47:26,195 INFO  [oracle.clouddev.test.framework.rest.RestClient] [request#53] HTTP/1.1 200 OK
2016-04-12 22:47:26,195 DEBUG [oracle.clouddev.test.framework.rest.RestClient] [request#53] Content-Type: application/json;charset=UTF-8
2016-04-12 22:47:26,195 DEBUG [oracle.clouddev.test.framework.rest.RestClient] [request#53] Content-Length: 547
2016-04-12 22:47:26,195 DEBUG [oracle.clouddev.test.framework.rest.ResponseProcessors$ResponseParserAdapter] [request#53] Received data:{
  &quot;scmRepository&quot; : {
    &quot;name&quot; : &quot;test-repo1460526445832.git&quot;,
    &quot;url&quot; : &quot;http://ucf2c-dcs-release-hub1.opcdeveloper.oracleinternalucf2c.oraclecorp.com/qa-dev/s/qa-dev_test-shared-project1-1460525673052/scm/test-repo1460526445832.git&quot;,
    &quot;type&quot; : &quot;GIT&quot;,
    &quot;scmLocation&quot; : &quot;CODE2CLOUD&quot;,
    &quot;alternateUrl&quot; : &quot;ssh://ucf2c-dcs-release-hub1.opcdeveloper.oracleinternalucf2c.oraclecorp.com:2222/qa-dev_test-shared-project1-1460525673052/test-repo1460526445832.git&quot;,
    &quot;branches&quot; : [ ],
    &quot;tags&quot; : [ ],
    &quot;description&quot; : &quot;Description test-repo1460526445832.git&quot;,
    &quot;importInProgress&quot; : false,
    &quot;head&quot; : null
  }
}
2016-04-12 22:47:26,195 INFO  [oracle.clouddev.test.selenium.util.RestRepositoryBuilder] Get repository list: http://ucf2c-dcs-release-hub1.opcdeveloper.oracleinternalucf2c.oraclecorp.com/qa-dev/s/qa-dev_test-shared-project1-1460525673052/scm/api/repository/
2016-04-12 22:47:26,197 INFO  [oracle.clouddev.test.framework.rest.RestClient] [request#54] GET http://ucf2c-dcs-release-hub1.opcdeveloper.oracleinternalucf2c.oraclecorp.com/qa-dev/s/qa-dev_test-shared-project1-1460525673052/scm/api/repository/ HTTP/1.1 (user: ADMIN(dcsdevteam/tina.testsuite/Welcome1!))
2016-04-12 22:47:26,201 DEBUG [oracle.clouddev.test.framework.rest.RestClient] [request#54] cURL: curl -k -u tina.testsuite:Welcome1! -X GET &apos;http://ucf2c-dcs-release-hub1.opcdeveloper.oracleinternalucf2c.oraclecorp.com/qa-dev/s/qa-dev_test-shared-project1-1460525673052/scm/api/repository/&apos;
2016-04-12 22:47:26,294 INFO  [oracle.clouddev.test.framework.rest.RestClient] [request#54] HTTP/1.1 200 OK
2016-04-12 22:47:26,294 DEBUG [oracle.clouddev.test.framework.rest.RestClient] [request#54] Content-Type: application/json;charset=UTF-8
2016-04-12 22:47:26,294 DEBUG [oracle.clouddev.test.framework.rest.RestClient] [request#54] Content-Length: 4877
2016-04-12 22:47:26,295 DEBUG [oracle.clouddev.test.framework.rest.ResponseProcessors$ResponseParserAdapter] [request#54] Received data:{
  &quot;scmRepositoryList&quot; : [ {
    &quot;name&quot; : &quot;qa-test-repo1460526387431.git&quot;,
    &quot;url&quot; : &quot;http://ucf2c-dcs-release-hub1.opcdeveloper.oracleinternalucf2c.oraclecorp.com/qa-dev/s/qa-dev_test-shared-project1-1460525673052/scm/qa-test-repo1460526387431.git&quot;,
    &quot;type&quot; : &quot;GIT&quot;,
    &quot;scmLocation&quot; : &quot;CODE2CLOUD&quot;,
    &quot;alternateUrl&quot; : &quot;ssh://ucf2c-dcs-release-hub1.opcdeveloper.oracleinternalucf2c.oraclecorp.com:2222/qa-dev_test-shared-project1-1460525673052/qa-test-repo1460526387431.git&quot;,
    &quot;branches&quot; : [ &quot;master&quot; ],
    &quot;tags&quot; : [ ],
    &quot;description&quot; : &quot;Description qa-test-repo1460526387431&quot;,
    &quot;importInProgress&quot; : false,
    &quot;head&quot; : &quot;master&quot;
  }, {
    &quot;name&quot; : &quot;qa-test-repo1460526415589.git&quot;,
    &quot;url&quot; : &quot;http://ucf2c-dcs-release-hub1.opcdeveloper.oracleinternalucf2c.oraclecorp.com/qa-dev/s/qa-dev_test-shared-project1-1460525673052/scm/qa-test-repo1460526415589.git&quot;,
    &quot;type&quot; : &quot;GIT&quot;,
    &quot;scmLocation&quot; : &quot;CODE2CLOUD&quot;,
    &quot;alternateUrl&quot; : &quot;ssh://ucf2c-dcs-release-hub1.opcdeveloper.oracleinternalucf2c.oraclecorp.com:2222/qa-dev_test-shared-project1-1460525673052/qa-test-repo1460526415589.git&quot;,
    &quot;branches&quot; : [ ],
    &quot;tags&quot; : [ ],
    &quot;description&quot; : &quot;Description qa-test-repo1460526415589&quot;,
    &quot;importInProgress&quot; : false,
    &quot;head&quot; : &quot;master&quot;
  }, {
    &quot;name&quot; : &quot;qa-test-repo1460526424789.git&quot;,
    &quot;url&quot; : &quot;http://ucf2c-dcs-release-hub1.opcdeveloper.oracleinternalucf2c.oraclecorp.com/qa-dev/s/qa-dev_test-shared-project1-1460525673052/scm/qa-test-repo1460526424789.git&quot;,
    &quot;type&quot; : &quot;GIT&quot;,
    &quot;scmLocation&quot; : &quot;CODE2CLOUD&quot;,
    &quot;alternateUrl&quot; : &quot;ssh://ucf2c-dcs-release-hub1.opcdeveloper.oracleinternalucf2c.oraclecorp.com:2222/qa-dev_test-shared-project1-1460525673052/qa-test-repo1460526424789.git&quot;,
    &quot;branches&quot; : [ ],
    &quot;tags&quot; : [ ],
    &quot;description&quot; : &quot;Description qa-test-repo1460526424789&quot;,
    &quot;importInProgress&quot; : false,
    &quot;head&quot; : &quot;master&quot;
  }, {
    &quot;name&quot; : &quot;test-repo1460526396899.git&quot;,
    &quot;url&quot; : &quot;http://ucf2c-dcs-release-hub1.opcdeveloper.oracleinternalucf2c.oraclecorp.com/qa-dev/s/qa-dev_test-shared-project1-1460525673052/scm/test-repo1460526396899.git&quot;,
    &quot;type&quot; : &quot;GIT&quot;,
    &quot;scmLocation&quot; : &quot;CODE2CLOUD&quot;,
    &quot;alternateUrl&quot; : &quot;ssh://ucf2c-dcs-release-hub1.opcdeveloper.oracleinternalucf2c.oraclecorp.com:2222/qa-dev_test-shared-project1-1460525673052/test-repo1460526396899.git&quot;,
    &quot;branches&quot; : [ &quot;master&quot; ],
    &quot;tags&quot; : [ ],
    &quot;description&quot; : &quot;Description test-repo1460526396899.git&quot;,
    &quot;importInProgress&quot; : false,
    &quot;head&quot; : &quot;master&quot;
  }, {
    &quot;name&quot; : &quot;test-repo1460526400539.git&quot;,
    &quot;url&quot; : &quot;http://ucf2c-dcs-release-hub1.opcdeveloper.oracleinternalucf2c.oraclecorp.com/qa-dev/s/qa-dev_test-shared-project1-1460525673052/scm/test-repo1460526400539.git&quot;,
    &quot;type&quot; : &quot;GIT&quot;,
    &quot;scmLocation&quot; : &quot;CODE2CLOUD&quot;,
    &quot;alternateUrl&quot; : &quot;ssh://ucf2c-dcs-release-hub1.opcdeveloper.oracleinternalucf2c.oraclecorp.com:2222/qa-dev_test-shared-project1-1460525673052/test-repo1460526400539.git&quot;,
    &quot;branches&quot; : [ ],
    &quot;tags&quot; : [ ],
    &quot;description&quot; : &quot;Description test-repo1460526400539.git&quot;,
    &quot;importInProgress&quot; : false,
    &quot;head&quot; : &quot;master&quot;
  }, {
    &quot;name&quot; : &quot;test-repo1460526435978.git&quot;,
    &quot;url&quot; : &quot;http://ucf2c-dcs-release-hub1.opcdeveloper.oracleinternalucf2c.oraclecorp.com/qa-dev/s/qa-dev_test-shared-project1-1460525673052/scm/test-repo1460526435978.git&quot;,
    &quot;type&quot; : &quot;GIT&quot;,
    &quot;scmLocation&quot; : &quot;CODE2CLOUD&quot;,
    &quot;alternateUrl&quot; : &quot;ssh://ucf2c-dcs-release-hub1.opcdeveloper.oracleinternalucf2c.oraclecorp.com:2222/qa-dev_test-shared-project1-1460525673052/test-repo1460526435978.git&quot;,
    &quot;branches&quot; : [ ],
    &quot;tags&quot; : [ ],
    &quot;description&quot; : &quot;Description test-repo1460526435978.git&quot;,
    &quot;importInProgress&quot; : false,
    &quot;head&quot; : &quot;master&quot;
  }, {
    &quot;name&quot; : &quot;test-repo1460526436440.git&quot;,
    &quot;url&quot; : &quot;http://ucf2c-dcs-release-hub1.opcdeveloper.oracleinternalucf2c.oraclecorp.com/qa-dev/s/qa-dev_test-shared-project1-1460525673052/scm/test-repo1460526436440.git&quot;,
    &quot;type&quot; : &quot;GIT&quot;,
    &quot;scmLocation&quot; : &quot;CODE2CLOUD&quot;,
    &quot;alternateUrl&quot; : &quot;ssh://ucf2c-dcs-release-hub1.opcdeveloper.oracleinternalucf2c.oraclecorp.com:2222/qa-dev_test-shared-project1-1460525673052/test-repo1460526436440.git&quot;,
    &quot;branches&quot; : [ &quot;master&quot; ],
    &quot;tags&quot; : [ ],
    &quot;description&quot; : &quot;Description test-repo1460526436440.git&quot;,
    &quot;importInProgress&quot; : false,
    &quot;head&quot; : &quot;master&quot;
  }, {
    &quot;name&quot; : &quot;test-repo1460526445832.git&quot;,
    &quot;url&quot; : &quot;http://ucf2c-dcs-release-hub1.opcdeveloper.oracleinternalucf2c.oraclecorp.com/qa-dev/s/qa-dev_test-shared-project1-1460525673052/scm/test-repo1460526445832.git&quot;,
    &quot;type&quot; : &quot;GIT&quot;,
    &quot;scmLocation&quot; : &quot;CODE2CLOUD&quot;,
    &quot;alternateUrl&quot; : &quot;ssh://ucf2c-dcs-release-hub1.opcdeveloper.oracleinternalucf2c.oraclecorp.com:2222/qa-dev_test-shared-project1-1460525673052/test-repo1460526445832.git&quot;,
    &quot;branches&quot; : [ ],
    &quot;tags&quot; : [ ],
    &quot;description&quot; : &quot;Description test-repo1460526445832.git&quot;,
    &quot;importInProgress&quot; : false,
    &quot;head&quot; : &quot;master&quot;
  }, {
    &quot;name&quot; : &quot;test-shared-project1-1460525673052.git&quot;,
    &quot;url&quot; : &quot;http://ucf2c-dcs-release-hub1.opcdeveloper.oracleinternalucf2c.oraclecorp.com/qa-dev/s/qa-dev_test-shared-project1-1460525673052/scm/test-shared-project1-1460525673052.git&quot;,
    &quot;type&quot; : &quot;GIT&quot;,
    &quot;scmLocation&quot; : &quot;CODE2CLOUD&quot;,
    &quot;alternateUrl&quot; : &quot;ssh://ucf2c-dcs-release-hub1.opcdeveloper.oracleinternalucf2c.oraclecorp.com:2222/qa-dev_test-shared-project1-1460525673052/test-shared-project1-1460525673052.git&quot;,
    &quot;branches&quot; : [ ],
    &quot;tags&quot; : [ ],
    &quot;description&quot; : null,
    &quot;importInProgress&quot; : false,
    &quot;head&quot; : &quot;master&quot;
  } ]
}
2016-04-12 22:47:26,309 DEBUG [oracle.clouddev.test.selenium.components.AssertElement] Check condition (element is visible) for element [By.id: odcs-nav-tabs] on http://ucf2c-dcs-release-hub1.opcdeveloper.oracleinternalucf2c.oraclecorp.com/qa-dev/#/projects/qa-dev_test-shared-project1-1460525673052.
2016-04-12 22:47:26,334 DEBUG [oracle.clouddev.test.selenium.components.AssertElement] Check condition (element is visible) for element [By.xpath: .//a[@id=&apos;scm&apos;] under [By.id: odcs-nav-tabs]] on http://ucf2c-dcs-release-hub1.opcdeveloper.oracleinternalucf2c.oraclecorp.com/qa-dev/#/projects/qa-dev_test-shared-project1-1460525673052.
2016-04-12 22:47:26,370 DEBUG [oracle.clouddev.test.selenium.components.AssertElement] Check condition (NOT (element has style class &apos;oj-disabled&apos;)) for element [By.xpath: .//a[@id=&apos;scm&apos;] under [By.id: odcs-nav-tabs]] on http://ucf2c-dcs-release-hub1.opcdeveloper.oracleinternalucf2c.oraclecorp.com/qa-dev/#/projects/qa-dev_test-shared-project1-1460525673052.
2016-04-12 22:47:26,409 DEBUG [oracle.clouddev.test.selenium.components.AssertElement] Check condition (element is visible) for element [By.xpath: .//a[@id=&apos;scm&apos;] under [By.id: odcs-nav-tabs]] on http://ucf2c-dcs-release-hub1.opcdeveloper.oracleinternalucf2c.oraclecorp.com/qa-dev/#/projects/qa-dev_test-shared-project1-1460525673052.
2016-04-12 22:47:26,912 DEBUG [oracle.clouddev.test.selenium.components.AssertElement] Check condition (element has style class &apos;oj-active&apos;) for element [By.xpath: .//a[@id=&apos;scm&apos;] under [By.id: odcs-nav-tabs]] on http://ucf2c-dcs-release-hub1.opcdeveloper.oracleinternalucf2c.oraclecorp.com/qa-dev/#projects/qa-dev_test-shared-project1-1460525673052/scm.
2016-04-12 22:47:26,942 DEBUG [oracle.clouddev.test.selenium.components.AssertElement] Check condition (element is visible) for element [By.xpath: .//a[@id=&apos;scm&apos;] under [By.id: odcs-nav-tabs]] on http://ucf2c-dcs-release-hub1.opcdeveloper.oracleinternalucf2c.oraclecorp.com/qa-dev/#projects/qa-dev_test-shared-project1-1460525673052/scm.
2016-04-12 22:47:27,563 DEBUG [oracle.clouddev.test.selenium.components.AssertElement] Check condition (element is visible) for element [By.id: odcs-nav-tabs] on http://ucf2c-dcs-release-hub1.opcdeveloper.oracleinternalucf2c.oraclecorp.com/qa-dev/#projects/qa-dev_test-shared-project1-1460525673052/scm.
2016-04-12 22:47:27,616 DEBUG [oracle.clouddev.test.selenium.components.AssertElement] Check condition (element is visible) for element [By.xpath: .//a[@id=&apos;home&apos;] under [By.id: odcs-nav-tabs]] on http://ucf2c-dcs-release-hub1.opcdeveloper.oracleinternalucf2c.oraclecorp.com/qa-dev/#projects/qa-dev_test-shared-project1-1460525673052/scm.
2016-04-12 22:47:27,651 DEBUG [oracle.clouddev.test.selenium.components.AssertElement] Check condition (NOT (element has style class &apos;oj-disabled&apos;)) for element [By.xpath: .//a[@id=&apos;home&apos;] under [By.id: odcs-nav-tabs]] on http://ucf2c-dcs-release-hub1.opcdeveloper.oracleinternalucf2c.oraclecorp.com/qa-dev/#projects/qa-dev_test-shared-project1-1460525673052/scm.
2016-04-12 22:47:28,322 DEBUG [oracle.clouddev.test.selenium.components.AssertElement] Check condition (element is visible) for element [By.xpath: .//a[@id=&apos;home&apos;] under [By.id: odcs-nav-tabs]] on http://ucf2c-dcs-release-hub1.opcdeveloper.oracleinternalucf2c.oraclecorp.com/qa-dev/#projects/qa-dev_test-shared-project1-1460525673052/scm/test-repo1460526436440.git/tree?revision=master.
2016-04-12 22:47:29,781 DEBUG [oracle.clouddev.test.selenium.components.AssertElement] Check condition (element has style class &apos;oj-active&apos;) for element [By.xpath: .//a[@id=&apos;home&apos;] under [By.id: odcs-nav-tabs]] on http://ucf2c-dcs-release-hub1.opcdeveloper.oracleinternalucf2c.oraclecorp.com/qa-dev/#projects/qa-dev_test-shared-project1-1460525673052/.
2016-04-12 22:47:29,831 DEBUG [oracle.clouddev.test.selenium.components.AssertElement] Check condition (element is visible) for element [By.xpath: .//a[@id=&apos;home&apos;] under [By.id: odcs-nav-tabs]] on http://ucf2c-dcs-release-hub1.opcdeveloper.oracleinternalucf2c.oraclecorp.com/qa-dev/#projects/qa-dev_test-shared-project1-1460525673052/.
2016-04-12 22:47:30,758 DEBUG [oracle.clouddev.test.selenium.components.AssertElement] Check condition (element is visible) for element [By.id: repos-container] on http://ucf2c-dcs-release-hub1.opcdeveloper.oracleinternalucf2c.oraclecorp.com/qa-dev/#projects/qa-dev_test-shared-project1-1460525673052/.
    </system-out>
    </testcase>
    <testcase classname="oracle.clouddev.test.selenium.tests.base.TestHomePage" name="_class_destroy_" time="0.000">
      <properties>
        <property name="java.runtime.name" value="Java(TM) SE Runtime Environment"/>
        <property name="exec.mainClass" value="oracle.clouddev.test.selenium.RunTests"/>
        <property name="sun.boot.library.path" value="/usr/java/jdk1.8.0_74/jre/lib/amd64"/>
        <property name="java.vm.version" value="25.74-b02"/>
        <property name="java.vm.vendor" value="Oracle Corporation"/>
        <property name="java.vendor.url" value="http://java.oracle.com/"/>
        <property name="guice.disable.misplaced.annotation.check" value="true"/>
        <property name="path.separator" value=":"/>
        <property name="java.vm.name" value="Java HotSpot(TM) 64-Bit Server VM"/>
        <property name="file.encoding.pkg" value="sun.io"/>
        <property name="user.country" value="US"/>
        <property name="sun.java.launcher" value="SUN_STANDARD"/>
        <property name="sun.os.patch.level" value="unknown"/>
        <property name="http.noProxyHosts" value="localhost|127.0.0.1|*.local|*.oraclecorp.com|*.us.oracle.com"/>
        <property name="java.vm.specification.name" value="Java Virtual Machine Specification"/>
        <property name="user.dir" value="/home/builder/hudson/workspace/dcs_dcs.Release-Selenium-Tests/selenium-tests"/>
        <property name="java.runtime.version" value="1.8.0_74-b02"/>
        <property name="java.awt.graphicsenv" value="sun.awt.X11GraphicsEnvironment"/>
        <property name="java.endorsed.dirs" value="/usr/java/jdk1.8.0_74/jre/lib/endorsed"/>
        <property name="os.arch" value="amd64"/>
        <property name="java.io.tmpdir" value="/tmp"/>
        <property name="line.separator" value="
"/>
        <property name="java.vm.specification.vendor" value="Oracle Corporation"/>
        <property name="https.proxyHost" value="www-proxy.us.oracle.com"/>
        <property name="os.name" value="Linux"/>
        <property name="classworlds.conf" value="/usr/local/apache-maven/apache-maven-3.0.4/bin/m2.conf"/>
        <property name="sun.jnu.encoding" value="UTF-8"/>
        <property name="http.proxyPort" value="80"/>
        <property name="java.library.path" value="/usr/java/packages/lib/amd64:/usr/lib64:/lib64:/lib:/usr/lib"/>
        <property name="sun.awt.enableExtraMouseButtons" value="true"/>
        <property name="java.specification.name" value="Java Platform API Specification"/>
        <property name="java.class.version" value="52.0"/>
        <property name="sun.management.compiler" value="HotSpot 64-Bit Tiered Compilers"/>
        <property name="os.version" value="3.8.13-55.1.1.el6uek.x86_64"/>
        <property name="user.home" value="/home/builder"/>
        <property name="user.timezone" value="PST8PDT"/>
        <property name="java.awt.printerjob" value="sun.print.PSPrinterJob"/>
        <property name="file.encoding" value="UTF-8"/>
        <property name="java.specification.version" value="1.8"/>
        <property name="java.class.path" value="/usr/local/apache-maven/apache-maven-3.0.4/boot/plexus-classworlds-2.4.jar"/>
        <property name="user.name" value="builder"/>
        <property name="java.vm.specification.version" value="1.8"/>
        <property name="sun.java.command" value="org.codehaus.plexus.classworlds.launcher.Launcher -f /home/c2c/hudson/workspace/dcs_dcs.Release-Selenium-Tests/selenium-tests/pom.xml --batch-mode exec:java -Dexec.mainClass=oracle.clouddev.test.selenium.RunTests -Dexec.args=selenium.browser.size.w=1280 selenium.browser.size.h=960 capture.video=true capture.screenshots=true notification.type=swing notification.history=3 notification.font.size=15 job-release-selenium-tests.properties build.job=dcs_dcs.Release-Selenium-Tests build.number=295 target.release=16.2.3.0.0 timeout.build.buildqueue=1200 timeout.build.buildqueue.polling=60 -s BASE --tag base"/>
        <property name="java.home" value="/usr/java/jdk1.8.0_74/jre"/>
        <property name="sun.arch.data.model" value="64"/>
        <property name="user.language" value="en"/>
        <property name="java.specification.vendor" value="Oracle Corporation"/>
        <property name="awt.toolkit" value="sun.awt.X11.XToolkit"/>
        <property name="java.vm.info" value="mixed mode"/>
        <property name="java.version" value="1.8.0_74"/>
        <property name="securerandom.source" value="file:/dev/./urandom"/>
        <property name="java.ext.dirs" value="/usr/java/jdk1.8.0_74/jre/lib/ext:/usr/java/packages/lib/ext"/>
        <property name="http.proxyHost" value="www-proxy.us.oracle.com"/>
        <property name="sun.boot.class.path" value="/usr/java/jdk1.8.0_74/jre/lib/resources.jar:/usr/java/jdk1.8.0_74/jre/lib/rt.jar:/usr/java/jdk1.8.0_74/jre/lib/sunrsasign.jar:/usr/java/jdk1.8.0_74/jre/lib/jsse.jar:/usr/java/jdk1.8.0_74/jre/lib/jce.jar:/usr/java/jdk1.8.0_74/jre/lib/charsets.jar:/usr/java/jdk1.8.0_74/jre/lib/jfr.jar:/usr/java/jdk1.8.0_74/jre/classes"/>
        <property name="java.vendor" value="Oracle Corporation"/>
        <property name="maven.home" value="/usr/local/apache-maven/apache-maven-3.0.4"/>
        <property name="file.separator" value="/"/>
        <property name="java.vendor.url.bug" value="http://bugreport.sun.com/bugreport/"/>
        <property name="sun.font.fontmanager" value="sun.awt.X11FontManager"/>
        <property name="sun.io.unicode.encoding" value="UnicodeLittle"/>
        <property name="sun.cpu.endian" value="little"/>
        <property name="https.proxyPort" value="80"/>
        <property name="exec.args" value="selenium.browser.size.w=1280 selenium.browser.size.h=960 capture.video=true capture.screenshots=true notification.type=swing notification.history=3 notification.font.size=15 job-release-selenium-tests.properties build.job=dcs_dcs.Release-Selenium-Tests build.number=295 target.release=16.2.3.0.0 timeout.build.buildqueue=1200 timeout.build.buildqueue.polling=60 -s BASE --tag base"/>
        <property name="sun.cpu.isalist" value=""/>
        <property name="test.selenium.browser.size.h" value="960"/>
        <property name="test.user.non-admin.name" value="tom.testsuite"/>
        <property name="test.https.proxyHost" value="www-proxy.us.oracle.com"/>
        <property name="test.user.admin.name" value="tina.testsuite"/>
        <property name="test.user.em-agent.password" value="Welcome1!"/>
        <property name="test.tag" value="base"/>
        <property name="test.user.em-agent.fullname" value="Alex Admin"/>
        <property name="test.selenium.port" value="44000"/>
        <property name="test.build.number" value="295"/>
        <property name="test.user.sdi-agent.enabled" value="true"/>
        <property name="test.timeout.assert.condition" value="30"/>
        <property name="test.target.version" value="{
  &quot;buildInformation&quot; : {
    &quot;gitCommitId&quot; : &quot;6415b9c07a83d336f513936eb79c4a925510b07b&quot;,
    &quot;gitCommitMessage&quot; : &quot;Merge branch &apos;Fix18963&apos; into &apos;patchset_16_2_3&apos;&quot;,
    &quot;buildTime&quot; : &quot;12.04.2016 @ 21:58:42 PDT&quot;,
    &quot;buildUser&quot; : &quot;Code2Cloud Builder&quot;
  }
}"/>
        <property name="test.build.job" value="dcs_dcs.Release-Selenium-Tests"/>
        <property name="test.timeout.project.create" value="660"/>
        <property name="test.user.sdi-agent.name" value="alex.admin"/>
        <property name="test.selenium.browser" value="firefox"/>
        <property name="test.http.proxyPort" value="80"/>
        <property name="test.user.sdi-agent.password" value="Welcome1!"/>
        <property name="test.user.sdi-agent.fullname" value="Alex Admin"/>
        <property name="test.timeout.selenium.navigate" value="20"/>
        <property name="test.target.release" value="16.2.3.0.0"/>
        <property name="test.byom.ip" value="127.0.0.1"/>
        <property name="test.byom.port" value="8585"/>
        <property name="test.notification.type" value="swing"/>
        <property name="test.data.project.override" value=""/>
        <property name="test.timeout.selenium.find" value="1"/>
        <property name="test.user.em-agent.enabled" value="true"/>
        <property name="test.testEmptyOrg.db.id" value=""/>
        <property name="test.reviews.timeout.slowdown" value="0"/>
        <property name="test.http.noProxyHosts" value="localhost|127.0.0.1|*.local|*.oraclecorp.com|*.us.oracle.com"/>
        <property name="test.capture.video" value="true"/>
        <property name="test.user.non-admin.password" value="Welcome1!"/>
        <property name="test.user.non-admin.fullname" value="Tom Testsuite"/>
        <property name="test.user.admin.password" value="Welcome1!"/>
        <property name="test.notification.history" value="3"/>
        <property name="test.user.admin.fullname" value="Tina Testsuite"/>
        <property name="test.capture.screenshots" value="true"/>
        <property name="test.testEmptyOrg.db.connectString" value="jdbc:oracle:thin:@(DESCRIPTION=(ADDRESS=(PROTOCOL=TCP)(HOST=slc09iwb.us.oracle.com)(PORT=1521))(CONNECT_DATA=(SERVICE_NAME=dbpod)))"/>
        <property name="test.firefox.bin" value=""/>
        <property name="test.https.proxyPort" value="80"/>
        <property name="test.develop.offline" value="false"/>
        <property name="test.timeout.build.buildqueue.polling" value="60"/>
        <property name="test.output.dir" value="target/test-reports/"/>
        <property name="test.firefox.allowedHosts" value="localhost,localhost.localdomain"/>
        <property name="test.testEmptyOrg.db.schema" value="BV2RLPNYEWMR"/>
        <property name="test.web.url" value="http://ucf2c-dcs-release-hub1.opcdeveloper.oracleinternalucf2c.oraclecorp.com/qa-dev/"/>
        <property name="test.firefox.extensions" value=""/>
        <property name="test.testEmptyOrg.orgExistsCheck" value="false"/>
        <property name="test.data.dir" value="data/"/>
        <property name="test.notification.font.size" value="15"/>
        <property name="test.testEmptyOrg.service" value="devservice5"/>
        <property name="test.selenium.start.server" value="false"/>
        <property name="test.firefox.profile.path" value=""/>
        <property name="test.selenium.host" value="localhost"/>
        <property name="test.suite" value="BASE"/>
        <property name="test.tests" value=""/>
        <property name="test.user.admin.idm" value="dcsdevteam"/>
        <property name="test.http.proxyHost" value="www-proxy.us.oracle.com"/>
        <property name="test.testMethods" value=""/>
        <property name="test.reviews.dontDeleteEnviroment" value="false"/>
        <property name="test.selenium.browser.maximize" value="false"/>
        <property name="test.firefox.profile.name" value=""/>
        <property name="test.timeout.build.buildqueue" value="1200"/>
        <property name="test.user.em-agent.idm" value="dcsdevteam"/>
        <property name="test.selenium.remote" value="false"/>
        <property name="test.user.sdi-agent.idm" value="dcsdevteam"/>
        <property name="test.byom.authToken" value="123456"/>
        <property name="test.proxy.autodetect" value="false"/>
        <property name="test.testEmptyOrg.idm" value="dcsdevteam"/>
        <property name="test.user.non-admin.idm" value="dcsdevteam"/>
        <property name="test.data.tasks.useexisting" value="false"/>
        <property name="test.selenium.browser.size.w" value="1280"/>
        <property name="test.category" value="DEFAULT"/>
        <property name="test.user.em-agent.name" value="alex.admin"/>
        <property name="test.timeout.slowdown" value="0"/>
      </properties>
    </testcase>
  </testsuite>
