<?xml version="1.0" encoding="UTF-8"?>
  <testsuite name="oracle.clouddev.test.selenium.tests.base.TestAdminPage" errors="0" test="9" failures="0" skipped="0" timestamp="20160412T231253-0700" time="2939.164">
    <testcase classname="oracle.clouddev.test.selenium.tests.base.TestAdminPage" name="_class_init_" time="0.000">
      <properties>
        <property name="java.runtime.name" value="Java(TM) SE Runtime Environment"/>
        <property name="exec.mainClass" value="oracle.clouddev.test.selenium.RunTests"/>
        <property name="sun.boot.library.path" value="/usr/java/jdk1.8.0_74/jre/lib/amd64"/>
        <property name="java.vm.version" value="25.74-b02"/>
        <property name="java.vm.vendor" value="Oracle Corporation"/>
        <property name="java.vendor.url" value="http://java.oracle.com/"/>
        <property name="guice.disable.misplaced.annotation.check" value="true"/>
        <property name="path.separator" value=":"/>
        <property name="java.vm.name" value="Java HotSpot(TM) 64-Bit Server VM"/>
        <property name="file.encoding.pkg" value="sun.io"/>
        <property name="user.country" value="US"/>
        <property name="sun.java.launcher" value="SUN_STANDARD"/>
        <property name="sun.os.patch.level" value="unknown"/>
        <property name="http.noProxyHosts" value="localhost|127.0.0.1|*.local|*.oraclecorp.com|*.us.oracle.com"/>
        <property name="java.vm.specification.name" value="Java Virtual Machine Specification"/>
        <property name="user.dir" value="/home/builder/hudson/workspace/dcs_dcs.Release-Selenium-Tests/selenium-tests"/>
        <property name="java.runtime.version" value="1.8.0_74-b02"/>
        <property name="java.awt.graphicsenv" value="sun.awt.X11GraphicsEnvironment"/>
        <property name="java.endorsed.dirs" value="/usr/java/jdk1.8.0_74/jre/lib/endorsed"/>
        <property name="os.arch" value="amd64"/>
        <property name="java.io.tmpdir" value="/tmp"/>
        <property name="line.separator" value="
"/>
        <property name="java.vm.specification.vendor" value="Oracle Corporation"/>
        <property name="https.proxyHost" value="www-proxy.us.oracle.com"/>
        <property name="os.name" value="Linux"/>
        <property name="classworlds.conf" value="/usr/local/apache-maven/apache-maven-3.0.4/bin/m2.conf"/>
        <property name="sun.jnu.encoding" value="UTF-8"/>
        <property name="http.proxyPort" value="80"/>
        <property name="java.library.path" value="/usr/java/packages/lib/amd64:/usr/lib64:/lib64:/lib:/usr/lib"/>
        <property name="sun.awt.enableExtraMouseButtons" value="true"/>
        <property name="java.specification.name" value="Java Platform API Specification"/>
        <property name="java.class.version" value="52.0"/>
        <property name="sun.management.compiler" value="HotSpot 64-Bit Tiered Compilers"/>
        <property name="os.version" value="3.8.13-55.1.1.el6uek.x86_64"/>
        <property name="user.home" value="/home/builder"/>
        <property name="user.timezone" value="PST8PDT"/>
        <property name="java.awt.printerjob" value="sun.print.PSPrinterJob"/>
        <property name="file.encoding" value="UTF-8"/>
        <property name="java.specification.version" value="1.8"/>
        <property name="java.class.path" value="/usr/local/apache-maven/apache-maven-3.0.4/boot/plexus-classworlds-2.4.jar"/>
        <property name="user.name" value="builder"/>
        <property name="java.vm.specification.version" value="1.8"/>
        <property name="sun.java.command" value="org.codehaus.plexus.classworlds.launcher.Launcher -f /home/c2c/hudson/workspace/dcs_dcs.Release-Selenium-Tests/selenium-tests/pom.xml --batch-mode exec:java -Dexec.mainClass=oracle.clouddev.test.selenium.RunTests -Dexec.args=selenium.browser.size.w=1280 selenium.browser.size.h=960 capture.video=true capture.screenshots=true notification.type=swing notification.history=3 notification.font.size=15 job-release-selenium-tests.properties build.job=dcs_dcs.Release-Selenium-Tests build.number=295 target.release=16.2.3.0.0 timeout.build.buildqueue=1200 timeout.build.buildqueue.polling=60 -s BASE --tag base"/>
        <property name="java.home" value="/usr/java/jdk1.8.0_74/jre"/>
        <property name="sun.arch.data.model" value="64"/>
        <property name="user.language" value="en"/>
        <property name="java.specification.vendor" value="Oracle Corporation"/>
        <property name="awt.toolkit" value="sun.awt.X11.XToolkit"/>
        <property name="java.vm.info" value="mixed mode"/>
        <property name="java.version" value="1.8.0_74"/>
        <property name="securerandom.source" value="file:/dev/./urandom"/>
        <property name="java.ext.dirs" value="/usr/java/jdk1.8.0_74/jre/lib/ext:/usr/java/packages/lib/ext"/>
        <property name="http.proxyHost" value="www-proxy.us.oracle.com"/>
        <property name="sun.boot.class.path" value="/usr/java/jdk1.8.0_74/jre/lib/resources.jar:/usr/java/jdk1.8.0_74/jre/lib/rt.jar:/usr/java/jdk1.8.0_74/jre/lib/sunrsasign.jar:/usr/java/jdk1.8.0_74/jre/lib/jsse.jar:/usr/java/jdk1.8.0_74/jre/lib/jce.jar:/usr/java/jdk1.8.0_74/jre/lib/charsets.jar:/usr/java/jdk1.8.0_74/jre/lib/jfr.jar:/usr/java/jdk1.8.0_74/jre/classes"/>
        <property name="java.vendor" value="Oracle Corporation"/>
        <property name="maven.home" value="/usr/local/apache-maven/apache-maven-3.0.4"/>
        <property name="file.separator" value="/"/>
        <property name="java.vendor.url.bug" value="http://bugreport.sun.com/bugreport/"/>
        <property name="sun.font.fontmanager" value="sun.awt.X11FontManager"/>
        <property name="sun.io.unicode.encoding" value="UnicodeLittle"/>
        <property name="sun.cpu.endian" value="little"/>
        <property name="https.proxyPort" value="80"/>
        <property name="exec.args" value="selenium.browser.size.w=1280 selenium.browser.size.h=960 capture.video=true capture.screenshots=true notification.type=swing notification.history=3 notification.font.size=15 job-release-selenium-tests.properties build.job=dcs_dcs.Release-Selenium-Tests build.number=295 target.release=16.2.3.0.0 timeout.build.buildqueue=1200 timeout.build.buildqueue.polling=60 -s BASE --tag base"/>
        <property name="sun.cpu.isalist" value=""/>
        <property name="test.selenium.browser.size.h" value="960"/>
        <property name="test.user.non-admin.name" value="tom.testsuite"/>
        <property name="test.https.proxyHost" value="www-proxy.us.oracle.com"/>
        <property name="test.user.admin.name" value="tina.testsuite"/>
        <property name="test.user.em-agent.password" value="Welcome1!"/>
        <property name="test.tag" value="base"/>
        <property name="test.user.em-agent.fullname" value="Alex Admin"/>
        <property name="test.selenium.port" value="44000"/>
        <property name="test.build.number" value="295"/>
        <property name="test.user.sdi-agent.enabled" value="true"/>
        <property name="test.timeout.assert.condition" value="30"/>
        <property name="test.target.version" value="{
  &quot;buildInformation&quot; : {
    &quot;gitCommitId&quot; : &quot;6415b9c07a83d336f513936eb79c4a925510b07b&quot;,
    &quot;gitCommitMessage&quot; : &quot;Merge branch &apos;Fix18963&apos; into &apos;patchset_16_2_3&apos;&quot;,
    &quot;buildTime&quot; : &quot;12.04.2016 @ 21:58:42 PDT&quot;,
    &quot;buildUser&quot; : &quot;Code2Cloud Builder&quot;
  }
}"/>
        <property name="test.build.job" value="dcs_dcs.Release-Selenium-Tests"/>
        <property name="test.timeout.project.create" value="660"/>
        <property name="test.user.sdi-agent.name" value="alex.admin"/>
        <property name="test.selenium.browser" value="firefox"/>
        <property name="test.http.proxyPort" value="80"/>
        <property name="test.user.sdi-agent.password" value="Welcome1!"/>
        <property name="test.user.sdi-agent.fullname" value="Alex Admin"/>
        <property name="test.timeout.selenium.navigate" value="20"/>
        <property name="test.target.release" value="16.2.3.0.0"/>
        <property name="test.byom.ip" value="127.0.0.1"/>
        <property name="test.byom.port" value="8585"/>
        <property name="test.notification.type" value="swing"/>
        <property name="test.data.project.override" value=""/>
        <property name="test.timeout.selenium.find" value="1"/>
        <property name="test.user.em-agent.enabled" value="true"/>
        <property name="test.testEmptyOrg.db.id" value=""/>
        <property name="test.reviews.timeout.slowdown" value="0"/>
        <property name="test.http.noProxyHosts" value="localhost|127.0.0.1|*.local|*.oraclecorp.com|*.us.oracle.com"/>
        <property name="test.capture.video" value="true"/>
        <property name="test.user.non-admin.password" value="Welcome1!"/>
        <property name="test.user.non-admin.fullname" value="Tom Testsuite"/>
        <property name="test.user.admin.password" value="Welcome1!"/>
        <property name="test.notification.history" value="3"/>
        <property name="test.user.admin.fullname" value="Tina Testsuite"/>
        <property name="test.capture.screenshots" value="true"/>
        <property name="test.testEmptyOrg.db.connectString" value="jdbc:oracle:thin:@(DESCRIPTION=(ADDRESS=(PROTOCOL=TCP)(HOST=slc09iwb.us.oracle.com)(PORT=1521))(CONNECT_DATA=(SERVICE_NAME=dbpod)))"/>
        <property name="test.firefox.bin" value=""/>
        <property name="test.https.proxyPort" value="80"/>
        <property name="test.develop.offline" value="false"/>
        <property name="test.timeout.build.buildqueue.polling" value="60"/>
        <property name="test.output.dir" value="target/test-reports/"/>
        <property name="test.firefox.allowedHosts" value="localhost,localhost.localdomain"/>
        <property name="test.testEmptyOrg.db.schema" value="BV2RLPNYEWMR"/>
        <property name="test.web.url" value="http://ucf2c-dcs-release-hub1.opcdeveloper.oracleinternalucf2c.oraclecorp.com/qa-dev/"/>
        <property name="test.firefox.extensions" value=""/>
        <property name="test.testEmptyOrg.orgExistsCheck" value="false"/>
        <property name="test.data.dir" value="data/"/>
        <property name="test.notification.font.size" value="15"/>
        <property name="test.testEmptyOrg.service" value="devservice5"/>
        <property name="test.selenium.start.server" value="false"/>
        <property name="test.firefox.profile.path" value=""/>
        <property name="test.selenium.host" value="localhost"/>
        <property name="test.suite" value="BASE"/>
        <property name="test.tests" value=""/>
        <property name="test.user.admin.idm" value="dcsdevteam"/>
        <property name="test.http.proxyHost" value="www-proxy.us.oracle.com"/>
        <property name="test.testMethods" value=""/>
        <property name="test.reviews.dontDeleteEnviroment" value="false"/>
        <property name="test.selenium.browser.maximize" value="false"/>
        <property name="test.firefox.profile.name" value=""/>
        <property name="test.timeout.build.buildqueue" value="1200"/>
        <property name="test.user.em-agent.idm" value="dcsdevteam"/>
        <property name="test.selenium.remote" value="false"/>
        <property name="test.user.sdi-agent.idm" value="dcsdevteam"/>
        <property name="test.byom.authToken" value="123456"/>
        <property name="test.proxy.autodetect" value="false"/>
        <property name="test.testEmptyOrg.idm" value="dcsdevteam"/>
        <property name="test.user.non-admin.idm" value="dcsdevteam"/>
        <property name="test.data.tasks.useexisting" value="false"/>
        <property name="test.selenium.browser.size.w" value="1280"/>
        <property name="test.category" value="DEFAULT"/>
        <property name="test.user.em-agent.name" value="alex.admin"/>
        <property name="test.timeout.slowdown" value="0"/>
      </properties>
    </testcase>
    <testcase classname="oracle.clouddev.test.selenium.tests.base.TestAdminPage" name="verifyAdminProvisioned" time="6.041">
      <properties>
        <property name="java.runtime.name" value="Java(TM) SE Runtime Environment"/>
        <property name="exec.mainClass" value="oracle.clouddev.test.selenium.RunTests"/>
        <property name="sun.boot.library.path" value="/usr/java/jdk1.8.0_74/jre/lib/amd64"/>
        <property name="java.vm.version" value="25.74-b02"/>
        <property name="java.vm.vendor" value="Oracle Corporation"/>
        <property name="java.vendor.url" value="http://java.oracle.com/"/>
        <property name="guice.disable.misplaced.annotation.check" value="true"/>
        <property name="path.separator" value=":"/>
        <property name="java.vm.name" value="Java HotSpot(TM) 64-Bit Server VM"/>
        <property name="file.encoding.pkg" value="sun.io"/>
        <property name="user.country" value="US"/>
        <property name="sun.java.launcher" value="SUN_STANDARD"/>
        <property name="sun.os.patch.level" value="unknown"/>
        <property name="http.noProxyHosts" value="localhost|127.0.0.1|*.local|*.oraclecorp.com|*.us.oracle.com"/>
        <property name="java.vm.specification.name" value="Java Virtual Machine Specification"/>
        <property name="user.dir" value="/home/builder/hudson/workspace/dcs_dcs.Release-Selenium-Tests/selenium-tests"/>
        <property name="java.runtime.version" value="1.8.0_74-b02"/>
        <property name="java.awt.graphicsenv" value="sun.awt.X11GraphicsEnvironment"/>
        <property name="java.endorsed.dirs" value="/usr/java/jdk1.8.0_74/jre/lib/endorsed"/>
        <property name="os.arch" value="amd64"/>
        <property name="java.io.tmpdir" value="/tmp"/>
        <property name="line.separator" value="
"/>
        <property name="java.vm.specification.vendor" value="Oracle Corporation"/>
        <property name="https.proxyHost" value="www-proxy.us.oracle.com"/>
        <property name="os.name" value="Linux"/>
        <property name="classworlds.conf" value="/usr/local/apache-maven/apache-maven-3.0.4/bin/m2.conf"/>
        <property name="sun.jnu.encoding" value="UTF-8"/>
        <property name="http.proxyPort" value="80"/>
        <property name="java.library.path" value="/usr/java/packages/lib/amd64:/usr/lib64:/lib64:/lib:/usr/lib"/>
        <property name="sun.awt.enableExtraMouseButtons" value="true"/>
        <property name="java.specification.name" value="Java Platform API Specification"/>
        <property name="java.class.version" value="52.0"/>
        <property name="sun.management.compiler" value="HotSpot 64-Bit Tiered Compilers"/>
        <property name="os.version" value="3.8.13-55.1.1.el6uek.x86_64"/>
        <property name="user.home" value="/home/builder"/>
        <property name="user.timezone" value="PST8PDT"/>
        <property name="java.awt.printerjob" value="sun.print.PSPrinterJob"/>
        <property name="file.encoding" value="UTF-8"/>
        <property name="java.specification.version" value="1.8"/>
        <property name="java.class.path" value="/usr/local/apache-maven/apache-maven-3.0.4/boot/plexus-classworlds-2.4.jar"/>
        <property name="user.name" value="builder"/>
        <property name="java.vm.specification.version" value="1.8"/>
        <property name="sun.java.command" value="org.codehaus.plexus.classworlds.launcher.Launcher -f /home/c2c/hudson/workspace/dcs_dcs.Release-Selenium-Tests/selenium-tests/pom.xml --batch-mode exec:java -Dexec.mainClass=oracle.clouddev.test.selenium.RunTests -Dexec.args=selenium.browser.size.w=1280 selenium.browser.size.h=960 capture.video=true capture.screenshots=true notification.type=swing notification.history=3 notification.font.size=15 job-release-selenium-tests.properties build.job=dcs_dcs.Release-Selenium-Tests build.number=295 target.release=16.2.3.0.0 timeout.build.buildqueue=1200 timeout.build.buildqueue.polling=60 -s BASE --tag base"/>
        <property name="java.home" value="/usr/java/jdk1.8.0_74/jre"/>
        <property name="sun.arch.data.model" value="64"/>
        <property name="user.language" value="en"/>
        <property name="java.specification.vendor" value="Oracle Corporation"/>
        <property name="awt.toolkit" value="sun.awt.X11.XToolkit"/>
        <property name="java.vm.info" value="mixed mode"/>
        <property name="java.version" value="1.8.0_74"/>
        <property name="securerandom.source" value="file:/dev/./urandom"/>
        <property name="java.ext.dirs" value="/usr/java/jdk1.8.0_74/jre/lib/ext:/usr/java/packages/lib/ext"/>
        <property name="http.proxyHost" value="www-proxy.us.oracle.com"/>
        <property name="sun.boot.class.path" value="/usr/java/jdk1.8.0_74/jre/lib/resources.jar:/usr/java/jdk1.8.0_74/jre/lib/rt.jar:/usr/java/jdk1.8.0_74/jre/lib/sunrsasign.jar:/usr/java/jdk1.8.0_74/jre/lib/jsse.jar:/usr/java/jdk1.8.0_74/jre/lib/jce.jar:/usr/java/jdk1.8.0_74/jre/lib/charsets.jar:/usr/java/jdk1.8.0_74/jre/lib/jfr.jar:/usr/java/jdk1.8.0_74/jre/classes"/>
        <property name="java.vendor" value="Oracle Corporation"/>
        <property name="maven.home" value="/usr/local/apache-maven/apache-maven-3.0.4"/>
        <property name="file.separator" value="/"/>
        <property name="java.vendor.url.bug" value="http://bugreport.sun.com/bugreport/"/>
        <property name="sun.font.fontmanager" value="sun.awt.X11FontManager"/>
        <property name="sun.io.unicode.encoding" value="UnicodeLittle"/>
        <property name="sun.cpu.endian" value="little"/>
        <property name="https.proxyPort" value="80"/>
        <property name="exec.args" value="selenium.browser.size.w=1280 selenium.browser.size.h=960 capture.video=true capture.screenshots=true notification.type=swing notification.history=3 notification.font.size=15 job-release-selenium-tests.properties build.job=dcs_dcs.Release-Selenium-Tests build.number=295 target.release=16.2.3.0.0 timeout.build.buildqueue=1200 timeout.build.buildqueue.polling=60 -s BASE --tag base"/>
        <property name="sun.cpu.isalist" value=""/>
        <property name="test.selenium.browser.size.h" value="960"/>
        <property name="test.user.non-admin.name" value="tom.testsuite"/>
        <property name="test.https.proxyHost" value="www-proxy.us.oracle.com"/>
        <property name="test.user.admin.name" value="tina.testsuite"/>
        <property name="test.user.em-agent.password" value="Welcome1!"/>
        <property name="test.tag" value="base"/>
        <property name="test.user.em-agent.fullname" value="Alex Admin"/>
        <property name="test.selenium.port" value="44000"/>
        <property name="test.build.number" value="295"/>
        <property name="test.user.sdi-agent.enabled" value="true"/>
        <property name="test.timeout.assert.condition" value="30"/>
        <property name="test.target.version" value="{
  &quot;buildInformation&quot; : {
    &quot;gitCommitId&quot; : &quot;6415b9c07a83d336f513936eb79c4a925510b07b&quot;,
    &quot;gitCommitMessage&quot; : &quot;Merge branch &apos;Fix18963&apos; into &apos;patchset_16_2_3&apos;&quot;,
    &quot;buildTime&quot; : &quot;12.04.2016 @ 21:58:42 PDT&quot;,
    &quot;buildUser&quot; : &quot;Code2Cloud Builder&quot;
  }
}"/>
        <property name="test.build.job" value="dcs_dcs.Release-Selenium-Tests"/>
        <property name="test.timeout.project.create" value="660"/>
        <property name="test.user.sdi-agent.name" value="alex.admin"/>
        <property name="test.selenium.browser" value="firefox"/>
        <property name="test.http.proxyPort" value="80"/>
        <property name="test.user.sdi-agent.password" value="Welcome1!"/>
        <property name="test.user.sdi-agent.fullname" value="Alex Admin"/>
        <property name="test.timeout.selenium.navigate" value="20"/>
        <property name="test.target.release" value="16.2.3.0.0"/>
        <property name="test.byom.ip" value="127.0.0.1"/>
        <property name="test.byom.port" value="8585"/>
        <property name="test.notification.type" value="swing"/>
        <property name="test.data.project.override" value=""/>
        <property name="test.timeout.selenium.find" value="1"/>
        <property name="test.user.em-agent.enabled" value="true"/>
        <property name="test.testEmptyOrg.db.id" value=""/>
        <property name="test.reviews.timeout.slowdown" value="0"/>
        <property name="test.http.noProxyHosts" value="localhost|127.0.0.1|*.local|*.oraclecorp.com|*.us.oracle.com"/>
        <property name="test.capture.video" value="true"/>
        <property name="test.user.non-admin.password" value="Welcome1!"/>
        <property name="test.user.non-admin.fullname" value="Tom Testsuite"/>
        <property name="test.user.admin.password" value="Welcome1!"/>
        <property name="test.notification.history" value="3"/>
        <property name="test.user.admin.fullname" value="Tina Testsuite"/>
        <property name="test.capture.screenshots" value="true"/>
        <property name="test.testEmptyOrg.db.connectString" value="jdbc:oracle:thin:@(DESCRIPTION=(ADDRESS=(PROTOCOL=TCP)(HOST=slc09iwb.us.oracle.com)(PORT=1521))(CONNECT_DATA=(SERVICE_NAME=dbpod)))"/>
        <property name="test.firefox.bin" value=""/>
        <property name="test.https.proxyPort" value="80"/>
        <property name="test.develop.offline" value="false"/>
        <property name="test.timeout.build.buildqueue.polling" value="60"/>
        <property name="test.output.dir" value="target/test-reports/"/>
        <property name="test.firefox.allowedHosts" value="localhost,localhost.localdomain"/>
        <property name="test.testEmptyOrg.db.schema" value="BV2RLPNYEWMR"/>
        <property name="test.web.url" value="http://ucf2c-dcs-release-hub1.opcdeveloper.oracleinternalucf2c.oraclecorp.com/qa-dev/"/>
        <property name="test.firefox.extensions" value=""/>
        <property name="test.testEmptyOrg.orgExistsCheck" value="false"/>
        <property name="test.data.dir" value="data/"/>
        <property name="test.notification.font.size" value="15"/>
        <property name="test.testEmptyOrg.service" value="devservice5"/>
        <property name="test.selenium.start.server" value="false"/>
        <property name="test.firefox.profile.path" value=""/>
        <property name="test.selenium.host" value="localhost"/>
        <property name="test.suite" value="BASE"/>
        <property name="test.tests" value=""/>
        <property name="test.user.admin.idm" value="dcsdevteam"/>
        <property name="test.http.proxyHost" value="www-proxy.us.oracle.com"/>
        <property name="test.testMethods" value=""/>
        <property name="test.reviews.dontDeleteEnviroment" value="false"/>
        <property name="test.selenium.browser.maximize" value="false"/>
        <property name="test.firefox.profile.name" value=""/>
        <property name="test.timeout.build.buildqueue" value="1200"/>
        <property name="test.user.em-agent.idm" value="dcsdevteam"/>
        <property name="test.selenium.remote" value="false"/>
        <property name="test.user.sdi-agent.idm" value="dcsdevteam"/>
        <property name="test.byom.authToken" value="123456"/>
        <property name="test.proxy.autodetect" value="false"/>
        <property name="test.testEmptyOrg.idm" value="dcsdevteam"/>
        <property name="test.user.non-admin.idm" value="dcsdevteam"/>
        <property name="test.data.tasks.useexisting" value="false"/>
        <property name="test.selenium.browser.size.w" value="1280"/>
        <property name="test.category" value="DEFAULT"/>
        <property name="test.user.em-agent.name" value="alex.admin"/>
        <property name="test.timeout.slowdown" value="0"/>
      </properties>
    <system-out>
2016-04-12 23:12:47,292 DEBUG [oracle.clouddev.test.selenium.components.AssertElement] Check condition (oracle.clouddev.test.selenium.components.Conditions$5@1bd2d400) for element [By.xpath: .//button[@id=&apos;odcs-project-selector&apos;]/span[1]] on http://ucf2c-dcs-release-hub1.opcdeveloper.oracleinternalucf2c.oraclecorp.com/qa-dev/#welcomeBack?privacy=member without wait.
2016-04-12 23:12:47,329 DEBUG [oracle.clouddev.test.selenium.junit.BrowserSession] navigating to project qa-dev_test-shared-project1-1460525673052 (http://ucf2c-dcs-release-hub1.opcdeveloper.oracleinternalucf2c.oraclecorp.com/qa-dev/#/projects/qa-dev_test-shared-project1-1460525673052)
2016-04-12 23:12:47,502 DEBUG [oracle.clouddev.test.selenium.components.AssertElement] Check condition (oracle.clouddev.test.selenium.components.Conditions$5@20ac0a80) for element [By.xpath: .//button[@id=&apos;odcs-project-selector&apos;]/span[1]] on http://ucf2c-dcs-release-hub1.opcdeveloper.oracleinternalucf2c.oraclecorp.com/qa-dev/#/projects/qa-dev_test-shared-project1-1460525673052.
2016-04-12 23:12:50,261 DEBUG [oracle.clouddev.test.selenium.components.AssertElement] Check condition (NOT (element is visible)) for element [By.id: page-provision] on http://ucf2c-dcs-release-hub1.opcdeveloper.oracleinternalucf2c.oraclecorp.com/qa-dev/#/projects/qa-dev_test-shared-project1-1460525673052.
2016-04-12 23:12:51,290 DEBUG [oracle.clouddev.test.selenium.components.AssertElement] Check condition (element is visible) for element [By.id: odcs-nav-tabs] on http://ucf2c-dcs-release-hub1.opcdeveloper.oracleinternalucf2c.oraclecorp.com/qa-dev/#/projects/qa-dev_test-shared-project1-1460525673052.
2016-04-12 23:12:51,333 DEBUG [oracle.clouddev.test.selenium.components.AssertElement] Check condition (element is visible) for element [By.xpath: .//a[@id=&apos;admin&apos;] under [By.id: odcs-nav-tabs]] on http://ucf2c-dcs-release-hub1.opcdeveloper.oracleinternalucf2c.oraclecorp.com/qa-dev/#/projects/qa-dev_test-shared-project1-1460525673052.
2016-04-12 23:12:51,403 DEBUG [oracle.clouddev.test.selenium.components.AssertElement] Check condition (NOT (element has style class &apos;oj-disabled&apos;)) for element [By.xpath: .//a[@id=&apos;admin&apos;] under [By.id: odcs-nav-tabs]] on http://ucf2c-dcs-release-hub1.opcdeveloper.oracleinternalucf2c.oraclecorp.com/qa-dev/#/projects/qa-dev_test-shared-project1-1460525673052.
2016-04-12 23:12:51,464 DEBUG [oracle.clouddev.test.selenium.components.AssertElement] Check condition (element is visible) for element [By.xpath: .//a[@id=&apos;admin&apos;] under [By.id: odcs-nav-tabs]] on http://ucf2c-dcs-release-hub1.opcdeveloper.oracleinternalucf2c.oraclecorp.com/qa-dev/#/projects/qa-dev_test-shared-project1-1460525673052.
2016-04-12 23:12:52,123 DEBUG [oracle.clouddev.test.selenium.components.AssertElement] Check condition (element has style class &apos;oj-active&apos;) for element [By.xpath: .//a[@id=&apos;admin&apos;] under [By.id: odcs-nav-tabs]] on http://ucf2c-dcs-release-hub1.opcdeveloper.oracleinternalucf2c.oraclecorp.com/qa-dev/#projects/qa-dev_test-shared-project1-1460525673052/admin.
2016-04-12 23:12:52,162 DEBUG [oracle.clouddev.test.selenium.components.AssertElement] Check condition (element is visible) for element [By.xpath: .//a[@id=&apos;admin&apos;] under [By.id: odcs-nav-tabs]] on http://ucf2c-dcs-release-hub1.opcdeveloper.oracleinternalucf2c.oraclecorp.com/qa-dev/#projects/qa-dev_test-shared-project1-1460525673052/admin.
2016-04-12 23:12:53,178 INFO  [oracle.clouddev.test.selenium.tests.base.TestHomePage] verifyAdminProvisioned
2016-04-12 23:12:53,194 DEBUG [oracle.clouddev.test.selenium.components.AssertElement] Check condition (element is visible) for element [By.xpath: .//div[starts-with(@id, &apos;page-admin&apos;)]] on http://ucf2c-dcs-release-hub1.opcdeveloper.oracleinternalucf2c.oraclecorp.com/qa-dev/#projects/qa-dev_test-shared-project1-1460525673052/admin.
    </system-out>
    </testcase>
    <testcase classname="oracle.clouddev.test.selenium.tests.base.TestAdminPage" name="verifyIssuesInAdminProvisioned" time="8.146">
      <properties>
        <property name="java.runtime.name" value="Java(TM) SE Runtime Environment"/>
        <property name="exec.mainClass" value="oracle.clouddev.test.selenium.RunTests"/>
        <property name="sun.boot.library.path" value="/usr/java/jdk1.8.0_74/jre/lib/amd64"/>
        <property name="java.vm.version" value="25.74-b02"/>
        <property name="java.vm.vendor" value="Oracle Corporation"/>
        <property name="java.vendor.url" value="http://java.oracle.com/"/>
        <property name="guice.disable.misplaced.annotation.check" value="true"/>
        <property name="path.separator" value=":"/>
        <property name="java.vm.name" value="Java HotSpot(TM) 64-Bit Server VM"/>
        <property name="file.encoding.pkg" value="sun.io"/>
        <property name="user.country" value="US"/>
        <property name="sun.java.launcher" value="SUN_STANDARD"/>
        <property name="sun.os.patch.level" value="unknown"/>
        <property name="http.noProxyHosts" value="localhost|127.0.0.1|*.local|*.oraclecorp.com|*.us.oracle.com"/>
        <property name="java.vm.specification.name" value="Java Virtual Machine Specification"/>
        <property name="user.dir" value="/home/builder/hudson/workspace/dcs_dcs.Release-Selenium-Tests/selenium-tests"/>
        <property name="java.runtime.version" value="1.8.0_74-b02"/>
        <property name="java.awt.graphicsenv" value="sun.awt.X11GraphicsEnvironment"/>
        <property name="java.endorsed.dirs" value="/usr/java/jdk1.8.0_74/jre/lib/endorsed"/>
        <property name="os.arch" value="amd64"/>
        <property name="java.io.tmpdir" value="/tmp"/>
        <property name="line.separator" value="
"/>
        <property name="java.vm.specification.vendor" value="Oracle Corporation"/>
        <property name="https.proxyHost" value="www-proxy.us.oracle.com"/>
        <property name="os.name" value="Linux"/>
        <property name="classworlds.conf" value="/usr/local/apache-maven/apache-maven-3.0.4/bin/m2.conf"/>
        <property name="sun.jnu.encoding" value="UTF-8"/>
        <property name="http.proxyPort" value="80"/>
        <property name="java.library.path" value="/usr/java/packages/lib/amd64:/usr/lib64:/lib64:/lib:/usr/lib"/>
        <property name="sun.awt.enableExtraMouseButtons" value="true"/>
        <property name="java.specification.name" value="Java Platform API Specification"/>
        <property name="java.class.version" value="52.0"/>
        <property name="sun.management.compiler" value="HotSpot 64-Bit Tiered Compilers"/>
        <property name="os.version" value="3.8.13-55.1.1.el6uek.x86_64"/>
        <property name="user.home" value="/home/builder"/>
        <property name="user.timezone" value="PST8PDT"/>
        <property name="java.awt.printerjob" value="sun.print.PSPrinterJob"/>
        <property name="file.encoding" value="UTF-8"/>
        <property name="java.specification.version" value="1.8"/>
        <property name="java.class.path" value="/usr/local/apache-maven/apache-maven-3.0.4/boot/plexus-classworlds-2.4.jar"/>
        <property name="user.name" value="builder"/>
        <property name="java.vm.specification.version" value="1.8"/>
        <property name="sun.java.command" value="org.codehaus.plexus.classworlds.launcher.Launcher -f /home/c2c/hudson/workspace/dcs_dcs.Release-Selenium-Tests/selenium-tests/pom.xml --batch-mode exec:java -Dexec.mainClass=oracle.clouddev.test.selenium.RunTests -Dexec.args=selenium.browser.size.w=1280 selenium.browser.size.h=960 capture.video=true capture.screenshots=true notification.type=swing notification.history=3 notification.font.size=15 job-release-selenium-tests.properties build.job=dcs_dcs.Release-Selenium-Tests build.number=295 target.release=16.2.3.0.0 timeout.build.buildqueue=1200 timeout.build.buildqueue.polling=60 -s BASE --tag base"/>
        <property name="java.home" value="/usr/java/jdk1.8.0_74/jre"/>
        <property name="sun.arch.data.model" value="64"/>
        <property name="user.language" value="en"/>
        <property name="java.specification.vendor" value="Oracle Corporation"/>
        <property name="awt.toolkit" value="sun.awt.X11.XToolkit"/>
        <property name="java.vm.info" value="mixed mode"/>
        <property name="java.version" value="1.8.0_74"/>
        <property name="securerandom.source" value="file:/dev/./urandom"/>
        <property name="java.ext.dirs" value="/usr/java/jdk1.8.0_74/jre/lib/ext:/usr/java/packages/lib/ext"/>
        <property name="http.proxyHost" value="www-proxy.us.oracle.com"/>
        <property name="sun.boot.class.path" value="/usr/java/jdk1.8.0_74/jre/lib/resources.jar:/usr/java/jdk1.8.0_74/jre/lib/rt.jar:/usr/java/jdk1.8.0_74/jre/lib/sunrsasign.jar:/usr/java/jdk1.8.0_74/jre/lib/jsse.jar:/usr/java/jdk1.8.0_74/jre/lib/jce.jar:/usr/java/jdk1.8.0_74/jre/lib/charsets.jar:/usr/java/jdk1.8.0_74/jre/lib/jfr.jar:/usr/java/jdk1.8.0_74/jre/classes"/>
        <property name="java.vendor" value="Oracle Corporation"/>
        <property name="maven.home" value="/usr/local/apache-maven/apache-maven-3.0.4"/>
        <property name="file.separator" value="/"/>
        <property name="java.vendor.url.bug" value="http://bugreport.sun.com/bugreport/"/>
        <property name="sun.font.fontmanager" value="sun.awt.X11FontManager"/>
        <property name="sun.io.unicode.encoding" value="UnicodeLittle"/>
        <property name="sun.cpu.endian" value="little"/>
        <property name="https.proxyPort" value="80"/>
        <property name="exec.args" value="selenium.browser.size.w=1280 selenium.browser.size.h=960 capture.video=true capture.screenshots=true notification.type=swing notification.history=3 notification.font.size=15 job-release-selenium-tests.properties build.job=dcs_dcs.Release-Selenium-Tests build.number=295 target.release=16.2.3.0.0 timeout.build.buildqueue=1200 timeout.build.buildqueue.polling=60 -s BASE --tag base"/>
        <property name="sun.cpu.isalist" value=""/>
        <property name="test.selenium.browser.size.h" value="960"/>
        <property name="test.user.non-admin.name" value="tom.testsuite"/>
        <property name="test.https.proxyHost" value="www-proxy.us.oracle.com"/>
        <property name="test.user.admin.name" value="tina.testsuite"/>
        <property name="test.user.em-agent.password" value="Welcome1!"/>
        <property name="test.tag" value="base"/>
        <property name="test.user.em-agent.fullname" value="Alex Admin"/>
        <property name="test.selenium.port" value="44000"/>
        <property name="test.build.number" value="295"/>
        <property name="test.user.sdi-agent.enabled" value="true"/>
        <property name="test.timeout.assert.condition" value="30"/>
        <property name="test.target.version" value="{
  &quot;buildInformation&quot; : {
    &quot;gitCommitId&quot; : &quot;6415b9c07a83d336f513936eb79c4a925510b07b&quot;,
    &quot;gitCommitMessage&quot; : &quot;Merge branch &apos;Fix18963&apos; into &apos;patchset_16_2_3&apos;&quot;,
    &quot;buildTime&quot; : &quot;12.04.2016 @ 21:58:42 PDT&quot;,
    &quot;buildUser&quot; : &quot;Code2Cloud Builder&quot;
  }
}"/>
        <property name="test.build.job" value="dcs_dcs.Release-Selenium-Tests"/>
        <property name="test.timeout.project.create" value="660"/>
        <property name="test.user.sdi-agent.name" value="alex.admin"/>
        <property name="test.selenium.browser" value="firefox"/>
        <property name="test.http.proxyPort" value="80"/>
        <property name="test.user.sdi-agent.password" value="Welcome1!"/>
        <property name="test.user.sdi-agent.fullname" value="Alex Admin"/>
        <property name="test.timeout.selenium.navigate" value="20"/>
        <property name="test.target.release" value="16.2.3.0.0"/>
        <property name="test.byom.ip" value="127.0.0.1"/>
        <property name="test.byom.port" value="8585"/>
        <property name="test.notification.type" value="swing"/>
        <property name="test.data.project.override" value=""/>
        <property name="test.timeout.selenium.find" value="1"/>
        <property name="test.user.em-agent.enabled" value="true"/>
        <property name="test.testEmptyOrg.db.id" value=""/>
        <property name="test.reviews.timeout.slowdown" value="0"/>
        <property name="test.http.noProxyHosts" value="localhost|127.0.0.1|*.local|*.oraclecorp.com|*.us.oracle.com"/>
        <property name="test.capture.video" value="true"/>
        <property name="test.user.non-admin.password" value="Welcome1!"/>
        <property name="test.user.non-admin.fullname" value="Tom Testsuite"/>
        <property name="test.user.admin.password" value="Welcome1!"/>
        <property name="test.notification.history" value="3"/>
        <property name="test.user.admin.fullname" value="Tina Testsuite"/>
        <property name="test.capture.screenshots" value="true"/>
        <property name="test.testEmptyOrg.db.connectString" value="jdbc:oracle:thin:@(DESCRIPTION=(ADDRESS=(PROTOCOL=TCP)(HOST=slc09iwb.us.oracle.com)(PORT=1521))(CONNECT_DATA=(SERVICE_NAME=dbpod)))"/>
        <property name="test.firefox.bin" value=""/>
        <property name="test.https.proxyPort" value="80"/>
        <property name="test.develop.offline" value="false"/>
        <property name="test.timeout.build.buildqueue.polling" value="60"/>
        <property name="test.output.dir" value="target/test-reports/"/>
        <property name="test.firefox.allowedHosts" value="localhost,localhost.localdomain"/>
        <property name="test.testEmptyOrg.db.schema" value="BV2RLPNYEWMR"/>
        <property name="test.web.url" value="http://ucf2c-dcs-release-hub1.opcdeveloper.oracleinternalucf2c.oraclecorp.com/qa-dev/"/>
        <property name="test.firefox.extensions" value=""/>
        <property name="test.testEmptyOrg.orgExistsCheck" value="false"/>
        <property name="test.data.dir" value="data/"/>
        <property name="test.notification.font.size" value="15"/>
        <property name="test.testEmptyOrg.service" value="devservice5"/>
        <property name="test.selenium.start.server" value="false"/>
        <property name="test.firefox.profile.path" value=""/>
        <property name="test.selenium.host" value="localhost"/>
        <property name="test.suite" value="BASE"/>
        <property name="test.tests" value=""/>
        <property name="test.user.admin.idm" value="dcsdevteam"/>
        <property name="test.http.proxyHost" value="www-proxy.us.oracle.com"/>
        <property name="test.testMethods" value=""/>
        <property name="test.reviews.dontDeleteEnviroment" value="false"/>
        <property name="test.selenium.browser.maximize" value="false"/>
        <property name="test.firefox.profile.name" value=""/>
        <property name="test.timeout.build.buildqueue" value="1200"/>
        <property name="test.user.em-agent.idm" value="dcsdevteam"/>
        <property name="test.selenium.remote" value="false"/>
        <property name="test.user.sdi-agent.idm" value="dcsdevteam"/>
        <property name="test.byom.authToken" value="123456"/>
        <property name="test.proxy.autodetect" value="false"/>
        <property name="test.testEmptyOrg.idm" value="dcsdevteam"/>
        <property name="test.user.non-admin.idm" value="dcsdevteam"/>
        <property name="test.data.tasks.useexisting" value="false"/>
        <property name="test.selenium.browser.size.w" value="1280"/>
        <property name="test.category" value="DEFAULT"/>
        <property name="test.user.em-agent.name" value="alex.admin"/>
        <property name="test.timeout.slowdown" value="0"/>
      </properties>
    <system-out>
2016-04-12 23:12:53,323 DEBUG [oracle.clouddev.test.selenium.components.AssertElement] Check condition (oracle.clouddev.test.selenium.components.Conditions$5@346d7856) for element [By.xpath: .//button[@id=&apos;odcs-project-selector&apos;]/span[1]] on http://ucf2c-dcs-release-hub1.opcdeveloper.oracleinternalucf2c.oraclecorp.com/qa-dev/#projects/qa-dev_test-shared-project1-1460525673052/admin without wait.
2016-04-12 23:12:53,360 DEBUG [oracle.clouddev.test.selenium.components.AssertElement] Check condition (element is visible) for element [By.id: odcs-nav-tabs] on http://ucf2c-dcs-release-hub1.opcdeveloper.oracleinternalucf2c.oraclecorp.com/qa-dev/#projects/qa-dev_test-shared-project1-1460525673052/admin.
2016-04-12 23:12:53,411 DEBUG [oracle.clouddev.test.selenium.components.AssertElement] Check condition (element is visible) for element [By.xpath: .//a[@id=&apos;admin&apos;] under [By.id: odcs-nav-tabs]] on http://ucf2c-dcs-release-hub1.opcdeveloper.oracleinternalucf2c.oraclecorp.com/qa-dev/#projects/qa-dev_test-shared-project1-1460525673052/admin.
2016-04-12 23:12:53,439 DEBUG [oracle.clouddev.test.selenium.components.AssertElement] Check condition (NOT (element has style class &apos;oj-disabled&apos;)) for element [By.xpath: .//a[@id=&apos;admin&apos;] under [By.id: odcs-nav-tabs]] on http://ucf2c-dcs-release-hub1.opcdeveloper.oracleinternalucf2c.oraclecorp.com/qa-dev/#projects/qa-dev_test-shared-project1-1460525673052/admin.
2016-04-12 23:12:53,469 DEBUG [oracle.clouddev.test.selenium.components.AssertElement] Check condition (element is visible) for element [By.xpath: .//a[@id=&apos;admin&apos;] under [By.id: odcs-nav-tabs]] on http://ucf2c-dcs-release-hub1.opcdeveloper.oracleinternalucf2c.oraclecorp.com/qa-dev/#projects/qa-dev_test-shared-project1-1460525673052/admin.
2016-04-12 23:12:53,581 DEBUG [oracle.clouddev.test.selenium.components.AssertElement] Check condition (element has style class &apos;oj-active&apos;) for element [By.xpath: .//a[@id=&apos;admin&apos;] under [By.id: odcs-nav-tabs]] on http://ucf2c-dcs-release-hub1.opcdeveloper.oracleinternalucf2c.oraclecorp.com/qa-dev/#projects/qa-dev_test-shared-project1-1460525673052/admin.
2016-04-12 23:12:53,660 DEBUG [oracle.clouddev.test.selenium.components.AssertElement] Check condition (element is visible) for element [By.xpath: .//a[@id=&apos;admin&apos;] under [By.id: odcs-nav-tabs]] on http://ucf2c-dcs-release-hub1.opcdeveloper.oracleinternalucf2c.oraclecorp.com/qa-dev/#projects/qa-dev_test-shared-project1-1460525673052/admin.
2016-04-12 23:12:53,805 INFO  [oracle.clouddev.test.selenium.tests.base.TestHomePage] verifyIssuesInAdminProvisioned
2016-04-12 23:12:55,924 DEBUG [oracle.clouddev.test.selenium.components.AssertElement] Check condition (element is visible) for element [a#tile-properties] on http://ucf2c-dcs-release-hub1.opcdeveloper.oracleinternalucf2c.oraclecorp.com/qa-dev/#projects/qa-dev_test-shared-project1-1460525673052/admin.
2016-04-12 23:12:55,998 DEBUG [oracle.clouddev.test.selenium.components.AssertElement] Check condition (element is visible) for element [a#tile-metrics] on http://ucf2c-dcs-release-hub1.opcdeveloper.oracleinternalucf2c.oraclecorp.com/qa-dev/#projects/qa-dev_test-shared-project1-1460525673052/admin.
2016-04-12 23:12:56,078 DEBUG [oracle.clouddev.test.selenium.components.AssertElement] Check condition (element is visible) for element [a#tile-issues] on http://ucf2c-dcs-release-hub1.opcdeveloper.oracleinternalucf2c.oraclecorp.com/qa-dev/#projects/qa-dev_test-shared-project1-1460525673052/admin.
2016-04-12 23:12:56,164 DEBUG [oracle.clouddev.test.selenium.components.AssertElement] Check condition (element is visible) for element [a#tile-issues] on http://ucf2c-dcs-release-hub1.opcdeveloper.oracleinternalucf2c.oraclecorp.com/qa-dev/#projects/qa-dev_test-shared-project1-1460525673052/admin.
2016-04-12 23:12:56,710 DEBUG [oracle.clouddev.test.selenium.components.AssertElement] Check condition (element is visible) for element [By.id: page-admin-tasks] on http://ucf2c-dcs-release-hub1.opcdeveloper.oracleinternalucf2c.oraclecorp.com/qa-dev/#projects/qa-dev_test-shared-project1-1460525673052/admin/tasks/products.
2016-04-12 23:12:57,707 DEBUG [oracle.clouddev.test.selenium.components.AssertElement] Check condition (element is visible) for element [By.xpath: .//div[@id=&apos;issue-tabs&apos;]] on http://ucf2c-dcs-release-hub1.opcdeveloper.oracleinternalucf2c.oraclecorp.com/qa-dev/#projects/qa-dev_test-shared-project1-1460525673052/admin/tasks/products.
2016-04-12 23:12:57,883 DEBUG [oracle.clouddev.test.selenium.components.AssertElement] Check condition (element is visible) for element [By.xpath: .//div[@id=&apos;issue-tabs&apos;]] on http://ucf2c-dcs-release-hub1.opcdeveloper.oracleinternalucf2c.oraclecorp.com/qa-dev/#projects/qa-dev_test-shared-project1-1460525673052/admin/tasks/products.
2016-04-12 23:12:57,937 DEBUG [oracle.clouddev.test.selenium.components.AssertElement] Check condition (element is visible) for element [By.xpath: .//ul[contains(@class, &apos;oj-tabs-nav&apos;)] under [By.xpath: .//div[@id=&apos;issue-tabs&apos;]]] on http://ucf2c-dcs-release-hub1.opcdeveloper.oracleinternalucf2c.oraclecorp.com/qa-dev/#projects/qa-dev_test-shared-project1-1460525673052/admin/tasks/products.
2016-04-12 23:12:58,055 DEBUG [oracle.clouddev.test.selenium.components.AssertElement] Check condition (element is visible) for element [By.xpath: .//li[@id=&apos;tab-products-tab&apos;] under [By.xpath: .//ul[contains(@class, &apos;oj-tabs-nav&apos;)] under [By.xpath: .//div[@id=&apos;issue-tabs&apos;]]]] on http://ucf2c-dcs-release-hub1.opcdeveloper.oracleinternalucf2c.oraclecorp.com/qa-dev/#projects/qa-dev_test-shared-project1-1460525673052/admin/tasks/products.
2016-04-12 23:12:58,170 DEBUG [oracle.clouddev.test.selenium.components.AssertElement] Check condition (element is visible) for element [By.xpath: .//li[@id=&apos;tab-products-tab&apos;] under [By.xpath: .//ul[contains(@class, &apos;oj-tabs-nav&apos;)] under [By.xpath: .//div[@id=&apos;issue-tabs&apos;]]]] on http://ucf2c-dcs-release-hub1.opcdeveloper.oracleinternalucf2c.oraclecorp.com/qa-dev/#projects/qa-dev_test-shared-project1-1460525673052/admin/tasks/products.
2016-04-12 23:12:58,774 DEBUG [oracle.clouddev.test.selenium.components.AssertElement] Check condition (element is visible) for element [By.xpath: .//div[@id=&apos;tab-products&apos;] under [By.xpath: .//div[@id=&apos;issue-tabs&apos;]]] on http://ucf2c-dcs-release-hub1.opcdeveloper.oracleinternalucf2c.oraclecorp.com/qa-dev/#projects/qa-dev_test-shared-project1-1460525673052/admin/tasks/products.
2016-04-12 23:12:58,886 DEBUG [oracle.clouddev.test.selenium.components.AssertElement] Check condition (element is visible) for element [By.xpath: .//div[@id=&apos;tab-products&apos;] under [By.xpath: .//div[@id=&apos;issue-tabs&apos;]]] on http://ucf2c-dcs-release-hub1.opcdeveloper.oracleinternalucf2c.oraclecorp.com/qa-dev/#projects/qa-dev_test-shared-project1-1460525673052/admin/tasks/products.
2016-04-12 23:12:58,963 DEBUG [oracle.clouddev.test.selenium.components.AssertElement] Check condition (element is visible) for element [By.xpath: .//div[@id=&apos;issue-tabs&apos;]] on http://ucf2c-dcs-release-hub1.opcdeveloper.oracleinternalucf2c.oraclecorp.com/qa-dev/#projects/qa-dev_test-shared-project1-1460525673052/admin/tasks/products.
2016-04-12 23:12:59,014 DEBUG [oracle.clouddev.test.selenium.components.AssertElement] Check condition (element is visible) for element [By.xpath: .//div[@id=&apos;issue-tabs&apos;]] on http://ucf2c-dcs-release-hub1.opcdeveloper.oracleinternalucf2c.oraclecorp.com/qa-dev/#projects/qa-dev_test-shared-project1-1460525673052/admin/tasks/products.
2016-04-12 23:12:59,046 DEBUG [oracle.clouddev.test.selenium.components.AssertElement] Check condition (element is visible) for element [By.xpath: .//ul[contains(@class, &apos;oj-tabs-nav&apos;)] under [By.xpath: .//div[@id=&apos;issue-tabs&apos;]]] on http://ucf2c-dcs-release-hub1.opcdeveloper.oracleinternalucf2c.oraclecorp.com/qa-dev/#projects/qa-dev_test-shared-project1-1460525673052/admin/tasks/products.
2016-04-12 23:12:59,078 DEBUG [oracle.clouddev.test.selenium.components.AssertElement] Check condition (element is visible) for element [By.xpath: .//li[@id=&apos;tab-tags-tab&apos;] under [By.xpath: .//ul[contains(@class, &apos;oj-tabs-nav&apos;)] under [By.xpath: .//div[@id=&apos;issue-tabs&apos;]]]] on http://ucf2c-dcs-release-hub1.opcdeveloper.oracleinternalucf2c.oraclecorp.com/qa-dev/#projects/qa-dev_test-shared-project1-1460525673052/admin/tasks/products.
2016-04-12 23:12:59,179 DEBUG [oracle.clouddev.test.selenium.components.AssertElement] Check condition (element is visible) for element [By.xpath: .//li[@id=&apos;tab-tags-tab&apos;] under [By.xpath: .//ul[contains(@class, &apos;oj-tabs-nav&apos;)] under [By.xpath: .//div[@id=&apos;issue-tabs&apos;]]]] on http://ucf2c-dcs-release-hub1.opcdeveloper.oracleinternalucf2c.oraclecorp.com/qa-dev/#projects/qa-dev_test-shared-project1-1460525673052/admin/tasks/products.
2016-04-12 23:13:00,068 DEBUG [oracle.clouddev.test.selenium.components.AssertElement] Check condition (element is visible) for element [By.xpath: .//div[@id=&apos;tab-tags&apos;] under [By.xpath: .//div[@id=&apos;issue-tabs&apos;]]] on http://ucf2c-dcs-release-hub1.opcdeveloper.oracleinternalucf2c.oraclecorp.com/qa-dev/#projects/qa-dev_test-shared-project1-1460525673052/admin/tasks/keywords.
2016-04-12 23:13:00,299 DEBUG [oracle.clouddev.test.selenium.components.AssertElement] Check condition (element is visible) for element [By.xpath: .//div[@id=&apos;tab-tags&apos;] under [By.xpath: .//div[@id=&apos;issue-tabs&apos;]]] on http://ucf2c-dcs-release-hub1.opcdeveloper.oracleinternalucf2c.oraclecorp.com/qa-dev/#projects/qa-dev_test-shared-project1-1460525673052/admin/tasks/keywords.
2016-04-12 23:13:00,369 DEBUG [oracle.clouddev.test.selenium.components.AssertElement] Check condition (element is visible) for element [By.xpath: .//div[@id=&apos;issue-tabs&apos;]] on http://ucf2c-dcs-release-hub1.opcdeveloper.oracleinternalucf2c.oraclecorp.com/qa-dev/#projects/qa-dev_test-shared-project1-1460525673052/admin/tasks/keywords.
2016-04-12 23:13:00,410 DEBUG [oracle.clouddev.test.selenium.components.AssertElement] Check condition (element is visible) for element [By.xpath: .//div[@id=&apos;issue-tabs&apos;]] on http://ucf2c-dcs-release-hub1.opcdeveloper.oracleinternalucf2c.oraclecorp.com/qa-dev/#projects/qa-dev_test-shared-project1-1460525673052/admin/tasks/keywords.
2016-04-12 23:13:00,447 DEBUG [oracle.clouddev.test.selenium.components.AssertElement] Check condition (element is visible) for element [By.xpath: .//ul[contains(@class, &apos;oj-tabs-nav&apos;)] under [By.xpath: .//div[@id=&apos;issue-tabs&apos;]]] on http://ucf2c-dcs-release-hub1.opcdeveloper.oracleinternalucf2c.oraclecorp.com/qa-dev/#projects/qa-dev_test-shared-project1-1460525673052/admin/tasks/keywords.
2016-04-12 23:13:00,506 DEBUG [oracle.clouddev.test.selenium.components.AssertElement] Check condition (element is visible) for element [By.xpath: .//li[@id=&apos;tab-custom-fields-tab&apos;] under [By.xpath: .//ul[contains(@class, &apos;oj-tabs-nav&apos;)] under [By.xpath: .//div[@id=&apos;issue-tabs&apos;]]]] on http://ucf2c-dcs-release-hub1.opcdeveloper.oracleinternalucf2c.oraclecorp.com/qa-dev/#projects/qa-dev_test-shared-project1-1460525673052/admin/tasks/keywords.
2016-04-12 23:13:00,597 DEBUG [oracle.clouddev.test.selenium.components.AssertElement] Check condition (element is visible) for element [By.xpath: .//li[@id=&apos;tab-custom-fields-tab&apos;] under [By.xpath: .//ul[contains(@class, &apos;oj-tabs-nav&apos;)] under [By.xpath: .//div[@id=&apos;issue-tabs&apos;]]]] on http://ucf2c-dcs-release-hub1.opcdeveloper.oracleinternalucf2c.oraclecorp.com/qa-dev/#projects/qa-dev_test-shared-project1-1460525673052/admin/tasks/keywords.
2016-04-12 23:13:01,338 DEBUG [oracle.clouddev.test.selenium.components.AssertElement] Check condition (element is visible) for element [By.xpath: .//div[@id=&apos;tab-custom-fields&apos;] under [By.xpath: .//div[@id=&apos;issue-tabs&apos;]]] on http://ucf2c-dcs-release-hub1.opcdeveloper.oracleinternalucf2c.oraclecorp.com/qa-dev/#projects/qa-dev_test-shared-project1-1460525673052/admin/tasks/customfields.
2016-04-12 23:13:01,398 DEBUG [oracle.clouddev.test.selenium.components.AssertElement] Check condition (element is visible) for element [By.xpath: .//div[@id=&apos;tab-custom-fields&apos;] under [By.xpath: .//div[@id=&apos;issue-tabs&apos;]]] on http://ucf2c-dcs-release-hub1.opcdeveloper.oracleinternalucf2c.oraclecorp.com/qa-dev/#projects/qa-dev_test-shared-project1-1460525673052/admin/tasks/customfields.
    </system-out>
    </testcase>
    <testcase classname="oracle.clouddev.test.selenium.tests.base.TestAdminPage" name="testTags" time="16.074">
      <properties>
        <property name="java.runtime.name" value="Java(TM) SE Runtime Environment"/>
        <property name="exec.mainClass" value="oracle.clouddev.test.selenium.RunTests"/>
        <property name="sun.boot.library.path" value="/usr/java/jdk1.8.0_74/jre/lib/amd64"/>
        <property name="java.vm.version" value="25.74-b02"/>
        <property name="java.vm.vendor" value="Oracle Corporation"/>
        <property name="java.vendor.url" value="http://java.oracle.com/"/>
        <property name="guice.disable.misplaced.annotation.check" value="true"/>
        <property name="path.separator" value=":"/>
        <property name="java.vm.name" value="Java HotSpot(TM) 64-Bit Server VM"/>
        <property name="file.encoding.pkg" value="sun.io"/>
        <property name="user.country" value="US"/>
        <property name="sun.java.launcher" value="SUN_STANDARD"/>
        <property name="sun.os.patch.level" value="unknown"/>
        <property name="http.noProxyHosts" value="localhost|127.0.0.1|*.local|*.oraclecorp.com|*.us.oracle.com"/>
        <property name="java.vm.specification.name" value="Java Virtual Machine Specification"/>
        <property name="user.dir" value="/home/builder/hudson/workspace/dcs_dcs.Release-Selenium-Tests/selenium-tests"/>
        <property name="java.runtime.version" value="1.8.0_74-b02"/>
        <property name="java.awt.graphicsenv" value="sun.awt.X11GraphicsEnvironment"/>
        <property name="java.endorsed.dirs" value="/usr/java/jdk1.8.0_74/jre/lib/endorsed"/>
        <property name="os.arch" value="amd64"/>
        <property name="java.io.tmpdir" value="/tmp"/>
        <property name="line.separator" value="
"/>
        <property name="java.vm.specification.vendor" value="Oracle Corporation"/>
        <property name="https.proxyHost" value="www-proxy.us.oracle.com"/>
        <property name="os.name" value="Linux"/>
        <property name="classworlds.conf" value="/usr/local/apache-maven/apache-maven-3.0.4/bin/m2.conf"/>
        <property name="sun.jnu.encoding" value="UTF-8"/>
        <property name="http.proxyPort" value="80"/>
        <property name="java.library.path" value="/usr/java/packages/lib/amd64:/usr/lib64:/lib64:/lib:/usr/lib"/>
        <property name="sun.awt.enableExtraMouseButtons" value="true"/>
        <property name="java.specification.name" value="Java Platform API Specification"/>
        <property name="java.class.version" value="52.0"/>
        <property name="sun.management.compiler" value="HotSpot 64-Bit Tiered Compilers"/>
        <property name="os.version" value="3.8.13-55.1.1.el6uek.x86_64"/>
        <property name="user.home" value="/home/builder"/>
        <property name="user.timezone" value="PST8PDT"/>
        <property name="java.awt.printerjob" value="sun.print.PSPrinterJob"/>
        <property name="file.encoding" value="UTF-8"/>
        <property name="java.specification.version" value="1.8"/>
        <property name="java.class.path" value="/usr/local/apache-maven/apache-maven-3.0.4/boot/plexus-classworlds-2.4.jar"/>
        <property name="user.name" value="builder"/>
        <property name="java.vm.specification.version" value="1.8"/>
        <property name="sun.java.command" value="org.codehaus.plexus.classworlds.launcher.Launcher -f /home/c2c/hudson/workspace/dcs_dcs.Release-Selenium-Tests/selenium-tests/pom.xml --batch-mode exec:java -Dexec.mainClass=oracle.clouddev.test.selenium.RunTests -Dexec.args=selenium.browser.size.w=1280 selenium.browser.size.h=960 capture.video=true capture.screenshots=true notification.type=swing notification.history=3 notification.font.size=15 job-release-selenium-tests.properties build.job=dcs_dcs.Release-Selenium-Tests build.number=295 target.release=16.2.3.0.0 timeout.build.buildqueue=1200 timeout.build.buildqueue.polling=60 -s BASE --tag base"/>
        <property name="java.home" value="/usr/java/jdk1.8.0_74/jre"/>
        <property name="sun.arch.data.model" value="64"/>
        <property name="user.language" value="en"/>
        <property name="java.specification.vendor" value="Oracle Corporation"/>
        <property name="awt.toolkit" value="sun.awt.X11.XToolkit"/>
        <property name="java.vm.info" value="mixed mode"/>
        <property name="java.version" value="1.8.0_74"/>
        <property name="securerandom.source" value="file:/dev/./urandom"/>
        <property name="java.ext.dirs" value="/usr/java/jdk1.8.0_74/jre/lib/ext:/usr/java/packages/lib/ext"/>
        <property name="http.proxyHost" value="www-proxy.us.oracle.com"/>
        <property name="sun.boot.class.path" value="/usr/java/jdk1.8.0_74/jre/lib/resources.jar:/usr/java/jdk1.8.0_74/jre/lib/rt.jar:/usr/java/jdk1.8.0_74/jre/lib/sunrsasign.jar:/usr/java/jdk1.8.0_74/jre/lib/jsse.jar:/usr/java/jdk1.8.0_74/jre/lib/jce.jar:/usr/java/jdk1.8.0_74/jre/lib/charsets.jar:/usr/java/jdk1.8.0_74/jre/lib/jfr.jar:/usr/java/jdk1.8.0_74/jre/classes"/>
        <property name="java.vendor" value="Oracle Corporation"/>
        <property name="maven.home" value="/usr/local/apache-maven/apache-maven-3.0.4"/>
        <property name="file.separator" value="/"/>
        <property name="java.vendor.url.bug" value="http://bugreport.sun.com/bugreport/"/>
        <property name="sun.font.fontmanager" value="sun.awt.X11FontManager"/>
        <property name="sun.io.unicode.encoding" value="UnicodeLittle"/>
        <property name="sun.cpu.endian" value="little"/>
        <property name="https.proxyPort" value="80"/>
        <property name="exec.args" value="selenium.browser.size.w=1280 selenium.browser.size.h=960 capture.video=true capture.screenshots=true notification.type=swing notification.history=3 notification.font.size=15 job-release-selenium-tests.properties build.job=dcs_dcs.Release-Selenium-Tests build.number=295 target.release=16.2.3.0.0 timeout.build.buildqueue=1200 timeout.build.buildqueue.polling=60 -s BASE --tag base"/>
        <property name="sun.cpu.isalist" value=""/>
        <property name="test.selenium.browser.size.h" value="960"/>
        <property name="test.user.non-admin.name" value="tom.testsuite"/>
        <property name="test.https.proxyHost" value="www-proxy.us.oracle.com"/>
        <property name="test.user.admin.name" value="tina.testsuite"/>
        <property name="test.user.em-agent.password" value="Welcome1!"/>
        <property name="test.tag" value="base"/>
        <property name="test.user.em-agent.fullname" value="Alex Admin"/>
        <property name="test.selenium.port" value="44000"/>
        <property name="test.build.number" value="295"/>
        <property name="test.user.sdi-agent.enabled" value="true"/>
        <property name="test.timeout.assert.condition" value="30"/>
        <property name="test.target.version" value="{
  &quot;buildInformation&quot; : {
    &quot;gitCommitId&quot; : &quot;6415b9c07a83d336f513936eb79c4a925510b07b&quot;,
    &quot;gitCommitMessage&quot; : &quot;Merge branch &apos;Fix18963&apos; into &apos;patchset_16_2_3&apos;&quot;,
    &quot;buildTime&quot; : &quot;12.04.2016 @ 21:58:42 PDT&quot;,
    &quot;buildUser&quot; : &quot;Code2Cloud Builder&quot;
  }
}"/>
        <property name="test.build.job" value="dcs_dcs.Release-Selenium-Tests"/>
        <property name="test.timeout.project.create" value="660"/>
        <property name="test.user.sdi-agent.name" value="alex.admin"/>
        <property name="test.selenium.browser" value="firefox"/>
        <property name="test.http.proxyPort" value="80"/>
        <property name="test.user.sdi-agent.password" value="Welcome1!"/>
        <property name="test.user.sdi-agent.fullname" value="Alex Admin"/>
        <property name="test.timeout.selenium.navigate" value="20"/>
        <property name="test.target.release" value="16.2.3.0.0"/>
        <property name="test.byom.ip" value="127.0.0.1"/>
        <property name="test.byom.port" value="8585"/>
        <property name="test.notification.type" value="swing"/>
        <property name="test.data.project.override" value=""/>
        <property name="test.timeout.selenium.find" value="1"/>
        <property name="test.user.em-agent.enabled" value="true"/>
        <property name="test.testEmptyOrg.db.id" value=""/>
        <property name="test.reviews.timeout.slowdown" value="0"/>
        <property name="test.http.noProxyHosts" value="localhost|127.0.0.1|*.local|*.oraclecorp.com|*.us.oracle.com"/>
        <property name="test.capture.video" value="true"/>
        <property name="test.user.non-admin.password" value="Welcome1!"/>
        <property name="test.user.non-admin.fullname" value="Tom Testsuite"/>
        <property name="test.user.admin.password" value="Welcome1!"/>
        <property name="test.notification.history" value="3"/>
        <property name="test.user.admin.fullname" value="Tina Testsuite"/>
        <property name="test.capture.screenshots" value="true"/>
        <property name="test.testEmptyOrg.db.connectString" value="jdbc:oracle:thin:@(DESCRIPTION=(ADDRESS=(PROTOCOL=TCP)(HOST=slc09iwb.us.oracle.com)(PORT=1521))(CONNECT_DATA=(SERVICE_NAME=dbpod)))"/>
        <property name="test.firefox.bin" value=""/>
        <property name="test.https.proxyPort" value="80"/>
        <property name="test.develop.offline" value="false"/>
        <property name="test.timeout.build.buildqueue.polling" value="60"/>
        <property name="test.output.dir" value="target/test-reports/"/>
        <property name="test.firefox.allowedHosts" value="localhost,localhost.localdomain"/>
        <property name="test.testEmptyOrg.db.schema" value="BV2RLPNYEWMR"/>
        <property name="test.web.url" value="http://ucf2c-dcs-release-hub1.opcdeveloper.oracleinternalucf2c.oraclecorp.com/qa-dev/"/>
        <property name="test.firefox.extensions" value=""/>
        <property name="test.testEmptyOrg.orgExistsCheck" value="false"/>
        <property name="test.data.dir" value="data/"/>
        <property name="test.notification.font.size" value="15"/>
        <property name="test.testEmptyOrg.service" value="devservice5"/>
        <property name="test.selenium.start.server" value="false"/>
        <property name="test.firefox.profile.path" value=""/>
        <property name="test.selenium.host" value="localhost"/>
        <property name="test.suite" value="BASE"/>
        <property name="test.tests" value=""/>
        <property name="test.user.admin.idm" value="dcsdevteam"/>
        <property name="test.http.proxyHost" value="www-proxy.us.oracle.com"/>
        <property name="test.testMethods" value=""/>
        <property name="test.reviews.dontDeleteEnviroment" value="false"/>
        <property name="test.selenium.browser.maximize" value="false"/>
        <property name="test.firefox.profile.name" value=""/>
        <property name="test.timeout.build.buildqueue" value="1200"/>
        <property name="test.user.em-agent.idm" value="dcsdevteam"/>
        <property name="test.selenium.remote" value="false"/>
        <property name="test.user.sdi-agent.idm" value="dcsdevteam"/>
        <property name="test.byom.authToken" value="123456"/>
        <property name="test.proxy.autodetect" value="false"/>
        <property name="test.testEmptyOrg.idm" value="dcsdevteam"/>
        <property name="test.user.non-admin.idm" value="dcsdevteam"/>
        <property name="test.data.tasks.useexisting" value="false"/>
        <property name="test.selenium.browser.size.w" value="1280"/>
        <property name="test.category" value="DEFAULT"/>
        <property name="test.user.em-agent.name" value="alex.admin"/>
        <property name="test.timeout.slowdown" value="0"/>
      </properties>
    <system-out>
2016-04-12 23:13:01,463 DEBUG [oracle.clouddev.test.selenium.components.AssertElement] Check condition (oracle.clouddev.test.selenium.components.Conditions$5@6ae1ce39) for element [By.xpath: .//button[@id=&apos;odcs-project-selector&apos;]/span[1]] on http://ucf2c-dcs-release-hub1.opcdeveloper.oracleinternalucf2c.oraclecorp.com/qa-dev/#projects/qa-dev_test-shared-project1-1460525673052/admin/tasks/customfields without wait.
2016-04-12 23:13:01,488 DEBUG [oracle.clouddev.test.selenium.components.AssertElement] Check condition (element is visible) for element [By.id: odcs-nav-tabs] on http://ucf2c-dcs-release-hub1.opcdeveloper.oracleinternalucf2c.oraclecorp.com/qa-dev/#projects/qa-dev_test-shared-project1-1460525673052/admin/tasks/customfields.
2016-04-12 23:13:01,510 DEBUG [oracle.clouddev.test.selenium.components.AssertElement] Check condition (element is visible) for element [By.xpath: .//a[@id=&apos;admin&apos;] under [By.id: odcs-nav-tabs]] on http://ucf2c-dcs-release-hub1.opcdeveloper.oracleinternalucf2c.oraclecorp.com/qa-dev/#projects/qa-dev_test-shared-project1-1460525673052/admin/tasks/customfields.
2016-04-12 23:13:01,567 DEBUG [oracle.clouddev.test.selenium.components.AssertElement] Check condition (NOT (element has style class &apos;oj-disabled&apos;)) for element [By.xpath: .//a[@id=&apos;admin&apos;] under [By.id: odcs-nav-tabs]] on http://ucf2c-dcs-release-hub1.opcdeveloper.oracleinternalucf2c.oraclecorp.com/qa-dev/#projects/qa-dev_test-shared-project1-1460525673052/admin/tasks/customfields.
2016-04-12 23:13:01,635 DEBUG [oracle.clouddev.test.selenium.components.AssertElement] Check condition (element is visible) for element [By.xpath: .//a[@id=&apos;admin&apos;] under [By.id: odcs-nav-tabs]] on http://ucf2c-dcs-release-hub1.opcdeveloper.oracleinternalucf2c.oraclecorp.com/qa-dev/#projects/qa-dev_test-shared-project1-1460525673052/admin/tasks/customfields.
2016-04-12 23:13:01,986 DEBUG [oracle.clouddev.test.selenium.components.AssertElement] Check condition (element has style class &apos;oj-active&apos;) for element [By.xpath: .//a[@id=&apos;admin&apos;] under [By.id: odcs-nav-tabs]] on http://ucf2c-dcs-release-hub1.opcdeveloper.oracleinternalucf2c.oraclecorp.com/qa-dev/#projects/qa-dev_test-shared-project1-1460525673052/admin/tasks/customfields.
2016-04-12 23:13:02,187 DEBUG [oracle.clouddev.test.selenium.components.AssertElement] Check condition (element is visible) for element [By.xpath: .//a[@id=&apos;admin&apos;] under [By.id: odcs-nav-tabs]] on http://ucf2c-dcs-release-hub1.opcdeveloper.oracleinternalucf2c.oraclecorp.com/qa-dev/#projects/qa-dev_test-shared-project1-1460525673052/admin/tasks/customfields.
2016-04-12 23:13:02,689 INFO  [oracle.clouddev.test.selenium.tests.base.TestHomePage] tasksTagsTab
2016-04-12 23:13:03,712 DEBUG [oracle.clouddev.test.selenium.components.AssertElement] Check condition (element exists) for element [By.xpath: .//aside[@id=&apos;odcs-sidebar-menu&apos;]] on http://ucf2c-dcs-release-hub1.opcdeveloper.oracleinternalucf2c.oraclecorp.com/qa-dev/#projects/qa-dev_test-shared-project1-1460525673052/admin/tasks/customfields.
2016-04-12 23:13:04,760 DEBUG [oracle.clouddev.test.selenium.components.AssertElement] Check condition (element is visible) for element [By.xpath: .//button[@id=&apos;navigation-icon-button-toggle&apos;]] on http://ucf2c-dcs-release-hub1.opcdeveloper.oracleinternalucf2c.oraclecorp.com/qa-dev/#projects/qa-dev_test-shared-project1-1460525673052/admin/tasks/customfields.
2016-04-12 23:13:04,804 DEBUG [oracle.clouddev.test.selenium.components.AssertElement] Check condition (element is visible) for element [By.xpath: .//button[@id=&apos;navigation-icon-button-toggle&apos;]] on http://ucf2c-dcs-release-hub1.opcdeveloper.oracleinternalucf2c.oraclecorp.com/qa-dev/#projects/qa-dev_test-shared-project1-1460525673052/admin/tasks/customfields.
2016-04-12 23:13:05,131 DEBUG [oracle.clouddev.test.selenium.components.AssertElement] Check condition (element is visible) for element [By.xpath: .//ul[@id=&apos;navigation-list&apos;] under [By.xpath: .//aside[@id=&apos;odcs-sidebar-menu&apos;]]] on http://ucf2c-dcs-release-hub1.opcdeveloper.oracleinternalucf2c.oraclecorp.com/qa-dev/#projects/qa-dev_test-shared-project1-1460525673052/admin/tasks/customfields.
2016-04-12 23:13:05,648 DEBUG [oracle.clouddev.test.selenium.components.AssertElement] Check condition (element is visible) for element [li#navigation-item-home under [By.xpath: .//ul[@id=&apos;navigation-list&apos;] under [By.xpath: .//aside[@id=&apos;odcs-sidebar-menu&apos;]]]] on http://ucf2c-dcs-release-hub1.opcdeveloper.oracleinternalucf2c.oraclecorp.com/qa-dev/#projects/qa-dev_test-shared-project1-1460525673052/admin/tasks/customfields.
2016-04-12 23:13:05,752 DEBUG [oracle.clouddev.test.selenium.components.AssertElement] Check condition (element is visible) for element [li#navigation-item-properties under [By.xpath: .//ul[@id=&apos;navigation-list&apos;] under [By.xpath: .//aside[@id=&apos;odcs-sidebar-menu&apos;]]]] on http://ucf2c-dcs-release-hub1.opcdeveloper.oracleinternalucf2c.oraclecorp.com/qa-dev/#projects/qa-dev_test-shared-project1-1460525673052/admin/tasks/customfields.
2016-04-12 23:13:05,855 DEBUG [oracle.clouddev.test.selenium.components.AssertElement] Check condition (element is visible) for element [li#navigation-item-metrics under [By.xpath: .//ul[@id=&apos;navigation-list&apos;] under [By.xpath: .//aside[@id=&apos;odcs-sidebar-menu&apos;]]]] on http://ucf2c-dcs-release-hub1.opcdeveloper.oracleinternalucf2c.oraclecorp.com/qa-dev/#projects/qa-dev_test-shared-project1-1460525673052/admin/tasks/customfields.
2016-04-12 23:13:05,919 DEBUG [oracle.clouddev.test.selenium.components.AssertElement] Check condition (element is visible) for element [li#navigation-item-issues under [By.xpath: .//ul[@id=&apos;navigation-list&apos;] under [By.xpath: .//aside[@id=&apos;odcs-sidebar-menu&apos;]]]] on http://ucf2c-dcs-release-hub1.opcdeveloper.oracleinternalucf2c.oraclecorp.com/qa-dev/#projects/qa-dev_test-shared-project1-1460525673052/admin/tasks/customfields.
2016-04-12 23:13:06,011 DEBUG [oracle.clouddev.test.selenium.components.AssertElement] Check condition (element is visible) for element [li#navigation-item-source-browsing under [By.xpath: .//ul[@id=&apos;navigation-list&apos;] under [By.xpath: .//aside[@id=&apos;odcs-sidebar-menu&apos;]]]] on http://ucf2c-dcs-release-hub1.opcdeveloper.oracleinternalucf2c.oraclecorp.com/qa-dev/#projects/qa-dev_test-shared-project1-1460525673052/admin/tasks/customfields.
2016-04-12 23:13:06,077 DEBUG [oracle.clouddev.test.selenium.components.AssertElement] Check condition (element is visible) for element [li#navigation-item-merge under [By.xpath: .//ul[@id=&apos;navigation-list&apos;] under [By.xpath: .//aside[@id=&apos;odcs-sidebar-menu&apos;]]]] on http://ucf2c-dcs-release-hub1.opcdeveloper.oracleinternalucf2c.oraclecorp.com/qa-dev/#projects/qa-dev_test-shared-project1-1460525673052/admin/tasks/customfields.
2016-04-12 23:13:06,210 DEBUG [oracle.clouddev.test.selenium.components.AssertElement] Check condition (element is visible) for element [li#navigation-item-webhooks under [By.xpath: .//ul[@id=&apos;navigation-list&apos;] under [By.xpath: .//aside[@id=&apos;odcs-sidebar-menu&apos;]]]] on http://ucf2c-dcs-release-hub1.opcdeveloper.oracleinternalucf2c.oraclecorp.com/qa-dev/#projects/qa-dev_test-shared-project1-1460525673052/admin/tasks/customfields.
2016-04-12 23:13:06,245 DEBUG [oracle.clouddev.test.selenium.components.AssertElement] Check condition (element is visible) for element [li#navigation-item-rsshandlers under [By.xpath: .//ul[@id=&apos;navigation-list&apos;] under [By.xpath: .//aside[@id=&apos;odcs-sidebar-menu&apos;]]]] on http://ucf2c-dcs-release-hub1.opcdeveloper.oracleinternalucf2c.oraclecorp.com/qa-dev/#projects/qa-dev_test-shared-project1-1460525673052/admin/tasks/customfields.
2016-04-12 23:13:06,328 DEBUG [oracle.clouddev.test.selenium.components.AssertElement] Check condition (element is visible) for element [li#navigation-item-build under [By.xpath: .//ul[@id=&apos;navigation-list&apos;] under [By.xpath: .//aside[@id=&apos;odcs-sidebar-menu&apos;]]]] on http://ucf2c-dcs-release-hub1.opcdeveloper.oracleinternalucf2c.oraclecorp.com/qa-dev/#projects/qa-dev_test-shared-project1-1460525673052/admin/tasks/customfields.
2016-04-12 23:13:06,360 DEBUG [oracle.clouddev.test.selenium.components.AssertElement] Check condition (element is visible) for element [li#navigation-item-delete-project under [By.xpath: .//ul[@id=&apos;navigation-list&apos;] under [By.xpath: .//aside[@id=&apos;odcs-sidebar-menu&apos;]]]] on http://ucf2c-dcs-release-hub1.opcdeveloper.oracleinternalucf2c.oraclecorp.com/qa-dev/#projects/qa-dev_test-shared-project1-1460525673052/admin/tasks/customfields.
2016-04-12 23:13:06,388 DEBUG [oracle.clouddev.test.selenium.components.AssertElement] Check condition (element is enabled) for element [li#navigation-item-issues under [By.xpath: .//ul[@id=&apos;navigation-list&apos;] under [By.xpath: .//aside[@id=&apos;odcs-sidebar-menu&apos;]]]] on http://ucf2c-dcs-release-hub1.opcdeveloper.oracleinternalucf2c.oraclecorp.com/qa-dev/#projects/qa-dev_test-shared-project1-1460525673052/admin/tasks/customfields.
2016-04-12 23:13:06,410 DEBUG [oracle.clouddev.test.selenium.components.AssertElement] Check condition (element is visible) for element [li#navigation-item-issues under [By.xpath: .//ul[@id=&apos;navigation-list&apos;] under [By.xpath: .//aside[@id=&apos;odcs-sidebar-menu&apos;]]]] on http://ucf2c-dcs-release-hub1.opcdeveloper.oracleinternalucf2c.oraclecorp.com/qa-dev/#projects/qa-dev_test-shared-project1-1460525673052/admin/tasks/customfields.
2016-04-12 23:13:06,438 DEBUG [oracle.clouddev.test.selenium.components.AssertElement] Check condition (element is visible) for element [By.xpath: .//a[contains(@class, &apos;navigation-list-item-link&apos;)] under [li#navigation-item-issues under [By.xpath: .//ul[@id=&apos;navigation-list&apos;] under [By.xpath: .//aside[@id=&apos;odcs-sidebar-menu&apos;]]]]] on http://ucf2c-dcs-release-hub1.opcdeveloper.oracleinternalucf2c.oraclecorp.com/qa-dev/#projects/qa-dev_test-shared-project1-1460525673052/admin/tasks/customfields.
2016-04-12 23:13:08,050 DEBUG [oracle.clouddev.test.selenium.components.AssertElement] Check condition (element is visible) for element [By.id: page-admin-tasks] on http://ucf2c-dcs-release-hub1.opcdeveloper.oracleinternalucf2c.oraclecorp.com/qa-dev/#projects/qa-dev_test-shared-project1-1460525673052/admin/tasks/products?open=.
2016-04-12 23:13:08,094 DEBUG [oracle.clouddev.test.selenium.components.AssertElement] Check condition (element is visible) for element [By.xpath: .//div[@id=&apos;issue-tabs&apos;]] on http://ucf2c-dcs-release-hub1.opcdeveloper.oracleinternalucf2c.oraclecorp.com/qa-dev/#projects/qa-dev_test-shared-project1-1460525673052/admin/tasks/products?open=.
2016-04-12 23:13:08,138 DEBUG [oracle.clouddev.test.selenium.components.AssertElement] Check condition (element is visible) for element [By.xpath: .//div[@id=&apos;issue-tabs&apos;]] on http://ucf2c-dcs-release-hub1.opcdeveloper.oracleinternalucf2c.oraclecorp.com/qa-dev/#projects/qa-dev_test-shared-project1-1460525673052/admin/tasks/products?open=.
2016-04-12 23:13:08,182 DEBUG [oracle.clouddev.test.selenium.components.AssertElement] Check condition (element is visible) for element [By.xpath: .//ul[contains(@class, &apos;oj-tabs-nav&apos;)] under [By.xpath: .//div[@id=&apos;issue-tabs&apos;]]] on http://ucf2c-dcs-release-hub1.opcdeveloper.oracleinternalucf2c.oraclecorp.com/qa-dev/#projects/qa-dev_test-shared-project1-1460525673052/admin/tasks/products?open=.
2016-04-12 23:13:08,295 DEBUG [oracle.clouddev.test.selenium.components.AssertElement] Check condition (element is visible) for element [By.xpath: .//li[@id=&apos;tab-tags-tab&apos;] under [By.xpath: .//ul[contains(@class, &apos;oj-tabs-nav&apos;)] under [By.xpath: .//div[@id=&apos;issue-tabs&apos;]]]] on http://ucf2c-dcs-release-hub1.opcdeveloper.oracleinternalucf2c.oraclecorp.com/qa-dev/#projects/qa-dev_test-shared-project1-1460525673052/admin/tasks/products?open=.
2016-04-12 23:13:08,349 DEBUG [oracle.clouddev.test.selenium.components.AssertElement] Check condition (element is visible) for element [By.xpath: .//li[@id=&apos;tab-tags-tab&apos;] under [By.xpath: .//ul[contains(@class, &apos;oj-tabs-nav&apos;)] under [By.xpath: .//div[@id=&apos;issue-tabs&apos;]]]] on http://ucf2c-dcs-release-hub1.opcdeveloper.oracleinternalucf2c.oraclecorp.com/qa-dev/#projects/qa-dev_test-shared-project1-1460525673052/admin/tasks/products?open=.
2016-04-12 23:13:09,438 DEBUG [oracle.clouddev.test.selenium.components.AssertElement] Check condition (element is visible) for element [By.xpath: .//div[@id=&apos;tab-tags&apos;] under [By.xpath: .//div[@id=&apos;issue-tabs&apos;]]] on http://ucf2c-dcs-release-hub1.opcdeveloper.oracleinternalucf2c.oraclecorp.com/qa-dev/#projects/qa-dev_test-shared-project1-1460525673052/admin/tasks/keywords?open=.
2016-04-12 23:13:09,568 DEBUG [oracle.clouddev.test.selenium.components.AssertElement] Check condition (element is visible) for element [By.xpath: .//td[contains(@class, &apos;name-column&apos;) or contains(@class, &apos;repo-detail&apos;)]//input under [tr#]] on http://ucf2c-dcs-release-hub1.opcdeveloper.oracleinternalucf2c.oraclecorp.com/qa-dev/#projects/qa-dev_test-shared-project1-1460525673052/admin/tasks/keywords?open=.
2016-04-12 23:13:09,665 DEBUG [oracle.clouddev.test.selenium.components.AssertElement] Check condition (element is visible) for element [By.xpath: .//td[contains(@class, &apos;name-column&apos;) or contains(@class, &apos;repo-detail&apos;)]//input under [tr#]] on http://ucf2c-dcs-release-hub1.opcdeveloper.oracleinternalucf2c.oraclecorp.com/qa-dev/#projects/qa-dev_test-shared-project1-1460525673052/admin/tasks/keywords?open=.
2016-04-12 23:13:09,748 DEBUG [oracle.clouddev.test.selenium.components.AssertElement] Check condition (element is visible) for element [By.xpath: .//td[contains(@class, &apos;name-column&apos;) or contains(@class, &apos;repo-detail&apos;)]//input under [tr#]] on http://ucf2c-dcs-release-hub1.opcdeveloper.oracleinternalucf2c.oraclecorp.com/qa-dev/#projects/qa-dev_test-shared-project1-1460525673052/admin/tasks/keywords?open=.
2016-04-12 23:13:09,911 DEBUG [oracle.clouddev.test.selenium.components.AssertElement] Check condition (element is visible) for element [By.xpath: .//*[(self::button or self::a or self::input) and @id=&apos;tag-add&apos;]] on http://ucf2c-dcs-release-hub1.opcdeveloper.oracleinternalucf2c.oraclecorp.com/qa-dev/#projects/qa-dev_test-shared-project1-1460525673052/admin/tasks/keywords?open=.
2016-04-12 23:13:09,960 DEBUG [oracle.clouddev.test.selenium.components.AssertElement] Check condition (element has style class &apos;oj-enabled&apos;) for element [By.xpath: .//*[(self::button or self::a or self::input) and @id=&apos;tag-add&apos;]] on http://ucf2c-dcs-release-hub1.opcdeveloper.oracleinternalucf2c.oraclecorp.com/qa-dev/#projects/qa-dev_test-shared-project1-1460525673052/admin/tasks/keywords?open=.
2016-04-12 23:13:10,023 DEBUG [oracle.clouddev.test.selenium.components.AssertElement] Check condition (element is visible) for element [By.xpath: .//*[(self::button or self::a or self::input) and @id=&apos;tag-add&apos;]] on http://ucf2c-dcs-release-hub1.opcdeveloper.oracleinternalucf2c.oraclecorp.com/qa-dev/#projects/qa-dev_test-shared-project1-1460525673052/admin/tasks/keywords?open=.
2016-04-12 23:13:10,065 DEBUG [oracle.clouddev.test.selenium.components.AssertElement] Check condition (element has style class &apos;oj-enabled&apos;) for element [By.xpath: .//*[(self::button or self::a or self::input) and @id=&apos;tag-add&apos;]] on http://ucf2c-dcs-release-hub1.opcdeveloper.oracleinternalucf2c.oraclecorp.com/qa-dev/#projects/qa-dev_test-shared-project1-1460525673052/admin/tasks/keywords?open=.
2016-04-12 23:13:10,544 DEBUG [oracle.clouddev.test.selenium.components.AssertElement] Check condition (element has style class &apos;oj-disabled&apos;) for element [By.xpath: .//*[(self::button or self::a or self::input) and @id=&apos;tag-add&apos;]] on http://ucf2c-dcs-release-hub1.opcdeveloper.oracleinternalucf2c.oraclecorp.com/qa-dev/#projects/qa-dev_test-shared-project1-1460525673052/admin/tasks/keywords?open=.
2016-04-12 23:13:10,583 DEBUG [oracle.clouddev.test.selenium.components.AssertElement] Check condition (element is visible) for element [By.id: tag-name-new-input] on http://ucf2c-dcs-release-hub1.opcdeveloper.oracleinternalucf2c.oraclecorp.com/qa-dev/#projects/qa-dev_test-shared-project1-1460525673052/admin/tasks/keywords?open=.
2016-04-12 23:13:10,641 DEBUG [oracle.clouddev.test.selenium.components.AssertElement] Check condition (element is visible) for element [By.id: tag-name-new-input] on http://ucf2c-dcs-release-hub1.opcdeveloper.oracleinternalucf2c.oraclecorp.com/qa-dev/#projects/qa-dev_test-shared-project1-1460525673052/admin/tasks/keywords?open=.
2016-04-12 23:13:11,106 DEBUG [oracle.clouddev.test.selenium.components.AssertElement] Check condition (NOT (element exists)) for element [By.id: tag-name-new-input] on http://ucf2c-dcs-release-hub1.opcdeveloper.oracleinternalucf2c.oraclecorp.com/qa-dev/#projects/qa-dev_test-shared-project1-1460525673052/admin/tasks/keywords?open=.
2016-04-12 23:13:13,154 DEBUG [oracle.clouddev.test.selenium.components.AssertElement] Check condition (element has style class &apos;oj-enabled&apos;) for element [By.xpath: .//*[(self::button or self::a or self::input) and @id=&apos;tag-add&apos;]] on http://ucf2c-dcs-release-hub1.opcdeveloper.oracleinternalucf2c.oraclecorp.com/qa-dev/#projects/qa-dev_test-shared-project1-1460525673052/admin/tasks/keywords?open=.
2016-04-12 23:13:13,270 DEBUG [oracle.clouddev.test.selenium.components.AssertElement] Check condition (element is visible) for element [By.xpath: .//td[contains(@class, &apos;name-column&apos;) or contains(@class, &apos;repo-detail&apos;)]//input under [tr#]] on http://ucf2c-dcs-release-hub1.opcdeveloper.oracleinternalucf2c.oraclecorp.com/qa-dev/#projects/qa-dev_test-shared-project1-1460525673052/admin/tasks/keywords?open=.
2016-04-12 23:13:13,367 DEBUG [oracle.clouddev.test.selenium.components.AssertElement] Check condition (element is visible) for element [By.xpath: .//td[contains(@class, &apos;name-column&apos;) or contains(@class, &apos;repo-detail&apos;)]//input under [tr#]] on http://ucf2c-dcs-release-hub1.opcdeveloper.oracleinternalucf2c.oraclecorp.com/qa-dev/#projects/qa-dev_test-shared-project1-1460525673052/admin/tasks/keywords?open=.
2016-04-12 23:13:13,452 DEBUG [oracle.clouddev.test.selenium.components.AssertElement] Check condition (element is visible) for element [By.xpath: .//td[contains(@class, &apos;name-column&apos;) or contains(@class, &apos;repo-detail&apos;)]//input under [tr#]] on http://ucf2c-dcs-release-hub1.opcdeveloper.oracleinternalucf2c.oraclecorp.com/qa-dev/#projects/qa-dev_test-shared-project1-1460525673052/admin/tasks/keywords?open=.
2016-04-12 23:13:13,558 DEBUG [oracle.clouddev.test.selenium.components.AssertElement] Check condition (element is visible) for element [By.xpath: .//td[contains(@class, &apos;name-column&apos;) or contains(@class, &apos;repo-detail&apos;)]//input under [tr#]] on http://ucf2c-dcs-release-hub1.opcdeveloper.oracleinternalucf2c.oraclecorp.com/qa-dev/#projects/qa-dev_test-shared-project1-1460525673052/admin/tasks/keywords?open=.
2016-04-12 23:13:13,622 DEBUG [oracle.clouddev.test.selenium.components.AssertElement] Check condition (element is visible) for element [By.xpath: .//td[contains(@class, &apos;name-column&apos;)]//input under [tr#]] on http://ucf2c-dcs-release-hub1.opcdeveloper.oracleinternalucf2c.oraclecorp.com/qa-dev/#projects/qa-dev_test-shared-project1-1460525673052/admin/tasks/keywords?open=.
2016-04-12 23:13:13,672 DEBUG [oracle.clouddev.test.selenium.components.AssertElement] Check condition (element is visible) for element [By.xpath: .//td[contains(@class, &apos;name-column&apos;)]//input under [tr#]] on http://ucf2c-dcs-release-hub1.opcdeveloper.oracleinternalucf2c.oraclecorp.com/qa-dev/#projects/qa-dev_test-shared-project1-1460525673052/admin/tasks/keywords?open=.
2016-04-12 23:13:13,769 DEBUG [oracle.clouddev.test.selenium.components.AssertElement] Check condition (element is visible) for element [By.xpath: .//td[contains(@class, &apos;name-column&apos;)]//input under [tr#]] on http://ucf2c-dcs-release-hub1.opcdeveloper.oracleinternalucf2c.oraclecorp.com/qa-dev/#projects/qa-dev_test-shared-project1-1460525673052/admin/tasks/keywords?open=.
2016-04-12 23:13:13,823 DEBUG [oracle.clouddev.test.selenium.components.AssertElement] Check condition (element is visible) for element [By.xpath: .//td[contains(@class, &apos;name-column&apos;)]//input under [tr#]] on http://ucf2c-dcs-release-hub1.opcdeveloper.oracleinternalucf2c.oraclecorp.com/qa-dev/#projects/qa-dev_test-shared-project1-1460525673052/admin/tasks/keywords?open=.
2016-04-12 23:13:13,939 DEBUG [oracle.clouddev.test.selenium.components.AssertElement] Check condition (element is visible) for element [By.xpath: .//input under [tr#]] on http://ucf2c-dcs-release-hub1.opcdeveloper.oracleinternalucf2c.oraclecorp.com/qa-dev/#projects/qa-dev_test-shared-project1-1460525673052/admin/tasks/keywords?open=.
2016-04-12 23:13:16,894 DEBUG [oracle.clouddev.test.selenium.components.AssertElement] Check condition (element is visible) for element [By.xpath: .//td[contains(@class, &apos;name-column&apos;) or contains(@class, &apos;repo-detail&apos;)]//input under [tr#]] on http://ucf2c-dcs-release-hub1.opcdeveloper.oracleinternalucf2c.oraclecorp.com/qa-dev/#projects/qa-dev_test-shared-project1-1460525673052/admin/tasks/keywords?open=.
2016-04-12 23:13:16,941 DEBUG [oracle.clouddev.test.selenium.components.AssertElement] Check condition (element is visible) for element [By.xpath: .//td[contains(@class, &apos;name-column&apos;) or contains(@class, &apos;repo-detail&apos;)]//input under [tr#]] on http://ucf2c-dcs-release-hub1.opcdeveloper.oracleinternalucf2c.oraclecorp.com/qa-dev/#projects/qa-dev_test-shared-project1-1460525673052/admin/tasks/keywords?open=.
2016-04-12 23:13:16,983 DEBUG [oracle.clouddev.test.selenium.components.AssertElement] Check condition (element is visible) for element [By.xpath: .//td[contains(@class, &apos;name-column&apos;) or contains(@class, &apos;repo-detail&apos;)]//input under [tr#]] on http://ucf2c-dcs-release-hub1.opcdeveloper.oracleinternalucf2c.oraclecorp.com/qa-dev/#projects/qa-dev_test-shared-project1-1460525673052/admin/tasks/keywords?open=.
2016-04-12 23:13:17,027 DEBUG [oracle.clouddev.test.selenium.components.AssertElement] Check condition (element is visible) for element [By.xpath: .//td[contains(@class, &apos;name-column&apos;) or contains(@class, &apos;repo-detail&apos;)]//input under [tr#]] on http://ucf2c-dcs-release-hub1.opcdeveloper.oracleinternalucf2c.oraclecorp.com/qa-dev/#projects/qa-dev_test-shared-project1-1460525673052/admin/tasks/keywords?open=.
2016-04-12 23:13:17,073 DEBUG [oracle.clouddev.test.selenium.components.AssertElement] Check condition (element is visible) for element [By.xpath: .//td[contains(@class, &apos;name-column&apos;)]//input under [tr#]] on http://ucf2c-dcs-release-hub1.opcdeveloper.oracleinternalucf2c.oraclecorp.com/qa-dev/#projects/qa-dev_test-shared-project1-1460525673052/admin/tasks/keywords?open=.
2016-04-12 23:13:17,119 DEBUG [oracle.clouddev.test.selenium.components.AssertElement] Check condition (element is visible) for element [By.xpath: .//*[(self::button or self::a or self::input) and contains(@class, &apos;remove-button&apos;)] under [tr#]] on http://ucf2c-dcs-release-hub1.opcdeveloper.oracleinternalucf2c.oraclecorp.com/qa-dev/#projects/qa-dev_test-shared-project1-1460525673052/admin/tasks/keywords?open=.
2016-04-12 23:13:17,152 DEBUG [oracle.clouddev.test.selenium.components.AssertElement] Check condition (element is visible) for element [By.xpath: .//*[(self::button or self::a or self::input) and contains(@class, &apos;remove-button&apos;)] under [tr#]] on http://ucf2c-dcs-release-hub1.opcdeveloper.oracleinternalucf2c.oraclecorp.com/qa-dev/#projects/qa-dev_test-shared-project1-1460525673052/admin/tasks/keywords?open=.
2016-04-12 23:13:17,183 DEBUG [oracle.clouddev.test.selenium.components.AssertElement] Check condition (element has style class &apos;oj-enabled&apos;) for element [By.xpath: .//*[(self::button or self::a or self::input) and contains(@class, &apos;remove-button&apos;)] under [tr#]] on http://ucf2c-dcs-release-hub1.opcdeveloper.oracleinternalucf2c.oraclecorp.com/qa-dev/#projects/qa-dev_test-shared-project1-1460525673052/admin/tasks/keywords?open=.
2016-04-12 23:13:17,395 DEBUG [oracle.clouddev.test.selenium.components.AssertElement] Check condition (element is visible) for element [By.xpath: .//td[contains(@class, &apos;name-column&apos;) or contains(@class, &apos;repo-detail&apos;)]//input under [tr#]] on http://ucf2c-dcs-release-hub1.opcdeveloper.oracleinternalucf2c.oraclecorp.com/qa-dev/#projects/qa-dev_test-shared-project1-1460525673052/admin/tasks/keywords?open=.
2016-04-12 23:13:17,441 DEBUG [oracle.clouddev.test.selenium.components.AssertElement] Check condition (element is visible) for element [By.xpath: .//td[contains(@class, &apos;name-column&apos;) or contains(@class, &apos;repo-detail&apos;)]//input under [tr#]] on http://ucf2c-dcs-release-hub1.opcdeveloper.oracleinternalucf2c.oraclecorp.com/qa-dev/#projects/qa-dev_test-shared-project1-1460525673052/admin/tasks/keywords?open=.
2016-04-12 23:13:17,493 DEBUG [oracle.clouddev.test.selenium.components.AssertElement] Check condition (element is visible) for element [By.xpath: .//td[contains(@class, &apos;name-column&apos;) or contains(@class, &apos;repo-detail&apos;)]//input under [tr#]] on http://ucf2c-dcs-release-hub1.opcdeveloper.oracleinternalucf2c.oraclecorp.com/qa-dev/#projects/qa-dev_test-shared-project1-1460525673052/admin/tasks/keywords?open=.
    </system-out>
    </testcase>
    <testcase classname="oracle.clouddev.test.selenium.tests.base.TestAdminPage" name="testProperties" time="20.983">
      <properties>
        <property name="java.runtime.name" value="Java(TM) SE Runtime Environment"/>
        <property name="exec.mainClass" value="oracle.clouddev.test.selenium.RunTests"/>
        <property name="sun.boot.library.path" value="/usr/java/jdk1.8.0_74/jre/lib/amd64"/>
        <property name="java.vm.version" value="25.74-b02"/>
        <property name="java.vm.vendor" value="Oracle Corporation"/>
        <property name="java.vendor.url" value="http://java.oracle.com/"/>
        <property name="guice.disable.misplaced.annotation.check" value="true"/>
        <property name="path.separator" value=":"/>
        <property name="java.vm.name" value="Java HotSpot(TM) 64-Bit Server VM"/>
        <property name="file.encoding.pkg" value="sun.io"/>
        <property name="user.country" value="US"/>
        <property name="sun.java.launcher" value="SUN_STANDARD"/>
        <property name="sun.os.patch.level" value="unknown"/>
        <property name="http.noProxyHosts" value="localhost|127.0.0.1|*.local|*.oraclecorp.com|*.us.oracle.com"/>
        <property name="java.vm.specification.name" value="Java Virtual Machine Specification"/>
        <property name="user.dir" value="/home/builder/hudson/workspace/dcs_dcs.Release-Selenium-Tests/selenium-tests"/>
        <property name="java.runtime.version" value="1.8.0_74-b02"/>
        <property name="java.awt.graphicsenv" value="sun.awt.X11GraphicsEnvironment"/>
        <property name="java.endorsed.dirs" value="/usr/java/jdk1.8.0_74/jre/lib/endorsed"/>
        <property name="os.arch" value="amd64"/>
        <property name="java.io.tmpdir" value="/tmp"/>
        <property name="line.separator" value="
"/>
        <property name="java.vm.specification.vendor" value="Oracle Corporation"/>
        <property name="https.proxyHost" value="www-proxy.us.oracle.com"/>
        <property name="os.name" value="Linux"/>
        <property name="classworlds.conf" value="/usr/local/apache-maven/apache-maven-3.0.4/bin/m2.conf"/>
        <property name="sun.jnu.encoding" value="UTF-8"/>
        <property name="http.proxyPort" value="80"/>
        <property name="java.library.path" value="/usr/java/packages/lib/amd64:/usr/lib64:/lib64:/lib:/usr/lib"/>
        <property name="sun.awt.enableExtraMouseButtons" value="true"/>
        <property name="java.specification.name" value="Java Platform API Specification"/>
        <property name="java.class.version" value="52.0"/>
        <property name="sun.management.compiler" value="HotSpot 64-Bit Tiered Compilers"/>
        <property name="os.version" value="3.8.13-55.1.1.el6uek.x86_64"/>
        <property name="user.home" value="/home/builder"/>
        <property name="user.timezone" value="PST8PDT"/>
        <property name="java.awt.printerjob" value="sun.print.PSPrinterJob"/>
        <property name="file.encoding" value="UTF-8"/>
        <property name="java.specification.version" value="1.8"/>
        <property name="java.class.path" value="/usr/local/apache-maven/apache-maven-3.0.4/boot/plexus-classworlds-2.4.jar"/>
        <property name="user.name" value="builder"/>
        <property name="java.vm.specification.version" value="1.8"/>
        <property name="sun.java.command" value="org.codehaus.plexus.classworlds.launcher.Launcher -f /home/c2c/hudson/workspace/dcs_dcs.Release-Selenium-Tests/selenium-tests/pom.xml --batch-mode exec:java -Dexec.mainClass=oracle.clouddev.test.selenium.RunTests -Dexec.args=selenium.browser.size.w=1280 selenium.browser.size.h=960 capture.video=true capture.screenshots=true notification.type=swing notification.history=3 notification.font.size=15 job-release-selenium-tests.properties build.job=dcs_dcs.Release-Selenium-Tests build.number=295 target.release=16.2.3.0.0 timeout.build.buildqueue=1200 timeout.build.buildqueue.polling=60 -s BASE --tag base"/>
        <property name="java.home" value="/usr/java/jdk1.8.0_74/jre"/>
        <property name="sun.arch.data.model" value="64"/>
        <property name="user.language" value="en"/>
        <property name="java.specification.vendor" value="Oracle Corporation"/>
        <property name="awt.toolkit" value="sun.awt.X11.XToolkit"/>
        <property name="java.vm.info" value="mixed mode"/>
        <property name="java.version" value="1.8.0_74"/>
        <property name="securerandom.source" value="file:/dev/./urandom"/>
        <property name="java.ext.dirs" value="/usr/java/jdk1.8.0_74/jre/lib/ext:/usr/java/packages/lib/ext"/>
        <property name="http.proxyHost" value="www-proxy.us.oracle.com"/>
        <property name="sun.boot.class.path" value="/usr/java/jdk1.8.0_74/jre/lib/resources.jar:/usr/java/jdk1.8.0_74/jre/lib/rt.jar:/usr/java/jdk1.8.0_74/jre/lib/sunrsasign.jar:/usr/java/jdk1.8.0_74/jre/lib/jsse.jar:/usr/java/jdk1.8.0_74/jre/lib/jce.jar:/usr/java/jdk1.8.0_74/jre/lib/charsets.jar:/usr/java/jdk1.8.0_74/jre/lib/jfr.jar:/usr/java/jdk1.8.0_74/jre/classes"/>
        <property name="java.vendor" value="Oracle Corporation"/>
        <property name="maven.home" value="/usr/local/apache-maven/apache-maven-3.0.4"/>
        <property name="file.separator" value="/"/>
        <property name="java.vendor.url.bug" value="http://bugreport.sun.com/bugreport/"/>
        <property name="sun.font.fontmanager" value="sun.awt.X11FontManager"/>
        <property name="sun.io.unicode.encoding" value="UnicodeLittle"/>
        <property name="sun.cpu.endian" value="little"/>
        <property name="https.proxyPort" value="80"/>
        <property name="exec.args" value="selenium.browser.size.w=1280 selenium.browser.size.h=960 capture.video=true capture.screenshots=true notification.type=swing notification.history=3 notification.font.size=15 job-release-selenium-tests.properties build.job=dcs_dcs.Release-Selenium-Tests build.number=295 target.release=16.2.3.0.0 timeout.build.buildqueue=1200 timeout.build.buildqueue.polling=60 -s BASE --tag base"/>
        <property name="sun.cpu.isalist" value=""/>
        <property name="test.selenium.browser.size.h" value="960"/>
        <property name="test.user.non-admin.name" value="tom.testsuite"/>
        <property name="test.https.proxyHost" value="www-proxy.us.oracle.com"/>
        <property name="test.user.admin.name" value="tina.testsuite"/>
        <property name="test.user.em-agent.password" value="Welcome1!"/>
        <property name="test.tag" value="base"/>
        <property name="test.user.em-agent.fullname" value="Alex Admin"/>
        <property name="test.selenium.port" value="44000"/>
        <property name="test.build.number" value="295"/>
        <property name="test.user.sdi-agent.enabled" value="true"/>
        <property name="test.timeout.assert.condition" value="30"/>
        <property name="test.target.version" value="{
  &quot;buildInformation&quot; : {
    &quot;gitCommitId&quot; : &quot;6415b9c07a83d336f513936eb79c4a925510b07b&quot;,
    &quot;gitCommitMessage&quot; : &quot;Merge branch &apos;Fix18963&apos; into &apos;patchset_16_2_3&apos;&quot;,
    &quot;buildTime&quot; : &quot;12.04.2016 @ 21:58:42 PDT&quot;,
    &quot;buildUser&quot; : &quot;Code2Cloud Builder&quot;
  }
}"/>
        <property name="test.build.job" value="dcs_dcs.Release-Selenium-Tests"/>
        <property name="test.timeout.project.create" value="660"/>
        <property name="test.user.sdi-agent.name" value="alex.admin"/>
        <property name="test.selenium.browser" value="firefox"/>
        <property name="test.http.proxyPort" value="80"/>
        <property name="test.user.sdi-agent.password" value="Welcome1!"/>
        <property name="test.user.sdi-agent.fullname" value="Alex Admin"/>
        <property name="test.timeout.selenium.navigate" value="20"/>
        <property name="test.target.release" value="16.2.3.0.0"/>
        <property name="test.byom.ip" value="127.0.0.1"/>
        <property name="test.byom.port" value="8585"/>
        <property name="test.notification.type" value="swing"/>
        <property name="test.data.project.override" value=""/>
        <property name="test.timeout.selenium.find" value="1"/>
        <property name="test.user.em-agent.enabled" value="true"/>
        <property name="test.testEmptyOrg.db.id" value=""/>
        <property name="test.reviews.timeout.slowdown" value="0"/>
        <property name="test.http.noProxyHosts" value="localhost|127.0.0.1|*.local|*.oraclecorp.com|*.us.oracle.com"/>
        <property name="test.capture.video" value="true"/>
        <property name="test.user.non-admin.password" value="Welcome1!"/>
        <property name="test.user.non-admin.fullname" value="Tom Testsuite"/>
        <property name="test.user.admin.password" value="Welcome1!"/>
        <property name="test.notification.history" value="3"/>
        <property name="test.user.admin.fullname" value="Tina Testsuite"/>
        <property name="test.capture.screenshots" value="true"/>
        <property name="test.testEmptyOrg.db.connectString" value="jdbc:oracle:thin:@(DESCRIPTION=(ADDRESS=(PROTOCOL=TCP)(HOST=slc09iwb.us.oracle.com)(PORT=1521))(CONNECT_DATA=(SERVICE_NAME=dbpod)))"/>
        <property name="test.firefox.bin" value=""/>
        <property name="test.https.proxyPort" value="80"/>
        <property name="test.develop.offline" value="false"/>
        <property name="test.timeout.build.buildqueue.polling" value="60"/>
        <property name="test.output.dir" value="target/test-reports/"/>
        <property name="test.firefox.allowedHosts" value="localhost,localhost.localdomain"/>
        <property name="test.testEmptyOrg.db.schema" value="BV2RLPNYEWMR"/>
        <property name="test.web.url" value="http://ucf2c-dcs-release-hub1.opcdeveloper.oracleinternalucf2c.oraclecorp.com/qa-dev/"/>
        <property name="test.firefox.extensions" value=""/>
        <property name="test.testEmptyOrg.orgExistsCheck" value="false"/>
        <property name="test.data.dir" value="data/"/>
        <property name="test.notification.font.size" value="15"/>
        <property name="test.testEmptyOrg.service" value="devservice5"/>
        <property name="test.selenium.start.server" value="false"/>
        <property name="test.firefox.profile.path" value=""/>
        <property name="test.selenium.host" value="localhost"/>
        <property name="test.suite" value="BASE"/>
        <property name="test.tests" value=""/>
        <property name="test.user.admin.idm" value="dcsdevteam"/>
        <property name="test.http.proxyHost" value="www-proxy.us.oracle.com"/>
        <property name="test.testMethods" value=""/>
        <property name="test.reviews.dontDeleteEnviroment" value="false"/>
        <property name="test.selenium.browser.maximize" value="false"/>
        <property name="test.firefox.profile.name" value=""/>
        <property name="test.timeout.build.buildqueue" value="1200"/>
        <property name="test.user.em-agent.idm" value="dcsdevteam"/>
        <property name="test.selenium.remote" value="false"/>
        <property name="test.user.sdi-agent.idm" value="dcsdevteam"/>
        <property name="test.byom.authToken" value="123456"/>
        <property name="test.proxy.autodetect" value="false"/>
        <property name="test.testEmptyOrg.idm" value="dcsdevteam"/>
        <property name="test.user.non-admin.idm" value="dcsdevteam"/>
        <property name="test.data.tasks.useexisting" value="false"/>
        <property name="test.selenium.browser.size.w" value="1280"/>
        <property name="test.category" value="DEFAULT"/>
        <property name="test.user.em-agent.name" value="alex.admin"/>
        <property name="test.timeout.slowdown" value="0"/>
      </properties>
    <system-out>
2016-04-12 23:13:17,532 DEBUG [oracle.clouddev.test.selenium.components.AssertElement] Check condition (oracle.clouddev.test.selenium.components.Conditions$5@5ad5a260) for element [By.xpath: .//button[@id=&apos;odcs-project-selector&apos;]/span[1]] on http://ucf2c-dcs-release-hub1.opcdeveloper.oracleinternalucf2c.oraclecorp.com/qa-dev/#projects/qa-dev_test-shared-project1-1460525673052/admin/tasks/keywords?open= without wait.
2016-04-12 23:13:17,557 DEBUG [oracle.clouddev.test.selenium.components.AssertElement] Check condition (element is visible) for element [By.id: odcs-nav-tabs] on http://ucf2c-dcs-release-hub1.opcdeveloper.oracleinternalucf2c.oraclecorp.com/qa-dev/#projects/qa-dev_test-shared-project1-1460525673052/admin/tasks/keywords?open=.
2016-04-12 23:13:17,581 DEBUG [oracle.clouddev.test.selenium.components.AssertElement] Check condition (element is visible) for element [By.xpath: .//a[@id=&apos;admin&apos;] under [By.id: odcs-nav-tabs]] on http://ucf2c-dcs-release-hub1.opcdeveloper.oracleinternalucf2c.oraclecorp.com/qa-dev/#projects/qa-dev_test-shared-project1-1460525673052/admin/tasks/keywords?open=.
2016-04-12 23:13:17,607 DEBUG [oracle.clouddev.test.selenium.components.AssertElement] Check condition (NOT (element has style class &apos;oj-disabled&apos;)) for element [By.xpath: .//a[@id=&apos;admin&apos;] under [By.id: odcs-nav-tabs]] on http://ucf2c-dcs-release-hub1.opcdeveloper.oracleinternalucf2c.oraclecorp.com/qa-dev/#projects/qa-dev_test-shared-project1-1460525673052/admin/tasks/keywords?open=.
2016-04-12 23:13:17,647 DEBUG [oracle.clouddev.test.selenium.components.AssertElement] Check condition (element is visible) for element [By.xpath: .//a[@id=&apos;admin&apos;] under [By.id: odcs-nav-tabs]] on http://ucf2c-dcs-release-hub1.opcdeveloper.oracleinternalucf2c.oraclecorp.com/qa-dev/#projects/qa-dev_test-shared-project1-1460525673052/admin/tasks/keywords?open=.
2016-04-12 23:13:18,183 DEBUG [oracle.clouddev.test.selenium.components.AssertElement] Check condition (element has style class &apos;oj-active&apos;) for element [By.xpath: .//a[@id=&apos;admin&apos;] under [By.id: odcs-nav-tabs]] on http://ucf2c-dcs-release-hub1.opcdeveloper.oracleinternalucf2c.oraclecorp.com/qa-dev/#projects/qa-dev_test-shared-project1-1460525673052/admin/tasks/keywords.
2016-04-12 23:13:18,301 DEBUG [oracle.clouddev.test.selenium.components.AssertElement] Check condition (element is visible) for element [By.xpath: .//a[@id=&apos;admin&apos;] under [By.id: odcs-nav-tabs]] on http://ucf2c-dcs-release-hub1.opcdeveloper.oracleinternalucf2c.oraclecorp.com/qa-dev/#projects/qa-dev_test-shared-project1-1460525673052/admin/tasks/keywords.
2016-04-12 23:13:18,658 INFO  [oracle.clouddev.test.selenium.tests.base.TestHomePage] testProperties
2016-04-12 23:13:19,677 DEBUG [oracle.clouddev.test.selenium.components.AssertElement] Check condition (element exists) for element [By.xpath: .//aside[@id=&apos;odcs-sidebar-menu&apos;]] on http://ucf2c-dcs-release-hub1.opcdeveloper.oracleinternalucf2c.oraclecorp.com/qa-dev/#projects/qa-dev_test-shared-project1-1460525673052/admin/tasks/keywords.
2016-04-12 23:13:20,715 DEBUG [oracle.clouddev.test.selenium.components.AssertElement] Check condition (element is visible) for element [By.xpath: .//button[@id=&apos;navigation-icon-button-toggle&apos;]] on http://ucf2c-dcs-release-hub1.opcdeveloper.oracleinternalucf2c.oraclecorp.com/qa-dev/#projects/qa-dev_test-shared-project1-1460525673052/admin/tasks/keywords.
2016-04-12 23:13:20,751 DEBUG [oracle.clouddev.test.selenium.components.AssertElement] Check condition (element is visible) for element [By.xpath: .//button[@id=&apos;navigation-icon-button-toggle&apos;]] on http://ucf2c-dcs-release-hub1.opcdeveloper.oracleinternalucf2c.oraclecorp.com/qa-dev/#projects/qa-dev_test-shared-project1-1460525673052/admin/tasks/keywords.
2016-04-12 23:13:21,069 DEBUG [oracle.clouddev.test.selenium.components.AssertElement] Check condition (element is visible) for element [By.xpath: .//ul[@id=&apos;navigation-list&apos;] under [By.xpath: .//aside[@id=&apos;odcs-sidebar-menu&apos;]]] on http://ucf2c-dcs-release-hub1.opcdeveloper.oracleinternalucf2c.oraclecorp.com/qa-dev/#projects/qa-dev_test-shared-project1-1460525673052/admin/tasks/keywords.
2016-04-12 23:13:21,259 DEBUG [oracle.clouddev.test.selenium.components.AssertElement] Check condition (element is visible) for element [li#navigation-item-home under [By.xpath: .//ul[@id=&apos;navigation-list&apos;] under [By.xpath: .//aside[@id=&apos;odcs-sidebar-menu&apos;]]]] on http://ucf2c-dcs-release-hub1.opcdeveloper.oracleinternalucf2c.oraclecorp.com/qa-dev/#projects/qa-dev_test-shared-project1-1460525673052/admin/tasks/keywords.
2016-04-12 23:13:21,292 DEBUG [oracle.clouddev.test.selenium.components.AssertElement] Check condition (element is visible) for element [li#navigation-item-properties under [By.xpath: .//ul[@id=&apos;navigation-list&apos;] under [By.xpath: .//aside[@id=&apos;odcs-sidebar-menu&apos;]]]] on http://ucf2c-dcs-release-hub1.opcdeveloper.oracleinternalucf2c.oraclecorp.com/qa-dev/#projects/qa-dev_test-shared-project1-1460525673052/admin/tasks/keywords.
2016-04-12 23:13:21,326 DEBUG [oracle.clouddev.test.selenium.components.AssertElement] Check condition (element is visible) for element [li#navigation-item-metrics under [By.xpath: .//ul[@id=&apos;navigation-list&apos;] under [By.xpath: .//aside[@id=&apos;odcs-sidebar-menu&apos;]]]] on http://ucf2c-dcs-release-hub1.opcdeveloper.oracleinternalucf2c.oraclecorp.com/qa-dev/#projects/qa-dev_test-shared-project1-1460525673052/admin/tasks/keywords.
2016-04-12 23:13:21,358 DEBUG [oracle.clouddev.test.selenium.components.AssertElement] Check condition (element is visible) for element [li#navigation-item-issues under [By.xpath: .//ul[@id=&apos;navigation-list&apos;] under [By.xpath: .//aside[@id=&apos;odcs-sidebar-menu&apos;]]]] on http://ucf2c-dcs-release-hub1.opcdeveloper.oracleinternalucf2c.oraclecorp.com/qa-dev/#projects/qa-dev_test-shared-project1-1460525673052/admin/tasks/keywords.
2016-04-12 23:13:21,392 DEBUG [oracle.clouddev.test.selenium.components.AssertElement] Check condition (element is visible) for element [li#navigation-item-source-browsing under [By.xpath: .//ul[@id=&apos;navigation-list&apos;] under [By.xpath: .//aside[@id=&apos;odcs-sidebar-menu&apos;]]]] on http://ucf2c-dcs-release-hub1.opcdeveloper.oracleinternalucf2c.oraclecorp.com/qa-dev/#projects/qa-dev_test-shared-project1-1460525673052/admin/tasks/keywords.
2016-04-12 23:13:21,423 DEBUG [oracle.clouddev.test.selenium.components.AssertElement] Check condition (element is visible) for element [li#navigation-item-merge under [By.xpath: .//ul[@id=&apos;navigation-list&apos;] under [By.xpath: .//aside[@id=&apos;odcs-sidebar-menu&apos;]]]] on http://ucf2c-dcs-release-hub1.opcdeveloper.oracleinternalucf2c.oraclecorp.com/qa-dev/#projects/qa-dev_test-shared-project1-1460525673052/admin/tasks/keywords.
2016-04-12 23:13:21,458 DEBUG [oracle.clouddev.test.selenium.components.AssertElement] Check condition (element is visible) for element [li#navigation-item-webhooks under [By.xpath: .//ul[@id=&apos;navigation-list&apos;] under [By.xpath: .//aside[@id=&apos;odcs-sidebar-menu&apos;]]]] on http://ucf2c-dcs-release-hub1.opcdeveloper.oracleinternalucf2c.oraclecorp.com/qa-dev/#projects/qa-dev_test-shared-project1-1460525673052/admin/tasks/keywords.
2016-04-12 23:13:21,568 DEBUG [oracle.clouddev.test.selenium.components.AssertElement] Check condition (element is visible) for element [li#navigation-item-rsshandlers under [By.xpath: .//ul[@id=&apos;navigation-list&apos;] under [By.xpath: .//aside[@id=&apos;odcs-sidebar-menu&apos;]]]] on http://ucf2c-dcs-release-hub1.opcdeveloper.oracleinternalucf2c.oraclecorp.com/qa-dev/#projects/qa-dev_test-shared-project1-1460525673052/admin/tasks/keywords.
2016-04-12 23:13:21,607 DEBUG [oracle.clouddev.test.selenium.components.AssertElement] Check condition (element is visible) for element [li#navigation-item-build under [By.xpath: .//ul[@id=&apos;navigation-list&apos;] under [By.xpath: .//aside[@id=&apos;odcs-sidebar-menu&apos;]]]] on http://ucf2c-dcs-release-hub1.opcdeveloper.oracleinternalucf2c.oraclecorp.com/qa-dev/#projects/qa-dev_test-shared-project1-1460525673052/admin/tasks/keywords.
2016-04-12 23:13:21,640 DEBUG [oracle.clouddev.test.selenium.components.AssertElement] Check condition (element is visible) for element [li#navigation-item-delete-project under [By.xpath: .//ul[@id=&apos;navigation-list&apos;] under [By.xpath: .//aside[@id=&apos;odcs-sidebar-menu&apos;]]]] on http://ucf2c-dcs-release-hub1.opcdeveloper.oracleinternalucf2c.oraclecorp.com/qa-dev/#projects/qa-dev_test-shared-project1-1460525673052/admin/tasks/keywords.
2016-04-12 23:13:21,673 DEBUG [oracle.clouddev.test.selenium.components.AssertElement] Check condition (element is enabled) for element [li#navigation-item-properties under [By.xpath: .//ul[@id=&apos;navigation-list&apos;] under [By.xpath: .//aside[@id=&apos;odcs-sidebar-menu&apos;]]]] on http://ucf2c-dcs-release-hub1.opcdeveloper.oracleinternalucf2c.oraclecorp.com/qa-dev/#projects/qa-dev_test-shared-project1-1460525673052/admin/tasks/keywords.
2016-04-12 23:13:21,695 DEBUG [oracle.clouddev.test.selenium.components.AssertElement] Check condition (element is visible) for element [li#navigation-item-properties under [By.xpath: .//ul[@id=&apos;navigation-list&apos;] under [By.xpath: .//aside[@id=&apos;odcs-sidebar-menu&apos;]]]] on http://ucf2c-dcs-release-hub1.opcdeveloper.oracleinternalucf2c.oraclecorp.com/qa-dev/#projects/qa-dev_test-shared-project1-1460525673052/admin/tasks/keywords.
2016-04-12 23:13:21,728 DEBUG [oracle.clouddev.test.selenium.components.AssertElement] Check condition (element is visible) for element [By.xpath: .//a[contains(@class, &apos;navigation-list-item-link&apos;)] under [li#navigation-item-properties under [By.xpath: .//ul[@id=&apos;navigation-list&apos;] under [By.xpath: .//aside[@id=&apos;odcs-sidebar-menu&apos;]]]]] on http://ucf2c-dcs-release-hub1.opcdeveloper.oracleinternalucf2c.oraclecorp.com/qa-dev/#projects/qa-dev_test-shared-project1-1460525673052/admin/tasks/keywords.
2016-04-12 23:13:22,337 DEBUG [oracle.clouddev.test.selenium.components.AssertElement] Check condition (element is visible) for element [By.id: page-admin-properties] on http://ucf2c-dcs-release-hub1.opcdeveloper.oracleinternalucf2c.oraclecorp.com/qa-dev/#projects/qa-dev_test-shared-project1-1460525673052/admin/properties?open.
2016-04-12 23:13:22,439 DEBUG [oracle.clouddev.test.selenium.components.AssertElement] Check condition (element is visible) for element [By.id: project-name] on http://ucf2c-dcs-release-hub1.opcdeveloper.oracleinternalucf2c.oraclecorp.com/qa-dev/#projects/qa-dev_test-shared-project1-1460525673052/admin/properties?open.
2016-04-12 23:13:22,480 DEBUG [oracle.clouddev.test.selenium.components.AssertElement] Check condition (element is visible) for element [By.id: project-name] on http://ucf2c-dcs-release-hub1.opcdeveloper.oracleinternalucf2c.oraclecorp.com/qa-dev/#projects/qa-dev_test-shared-project1-1460525673052/admin/properties?open.
2016-04-12 23:13:23,694 DEBUG [oracle.clouddev.test.selenium.components.AssertElement] Check condition (element is visible) for element [By.xpath: .//div[contains(@class,&apos;oj-dialog&apos;)]/div[@id=&apos;change-name-dialog&apos;]/..] on http://ucf2c-dcs-release-hub1.opcdeveloper.oracleinternalucf2c.oraclecorp.com/qa-dev/#projects/qa-dev_test-shared-project1-1460525673052/admin/properties?open.
2016-04-12 23:13:23,969 DEBUG [oracle.clouddev.test.selenium.components.AssertElement] Check condition (element is visible) for element [By.id: confirm-button under [By.xpath: .//div[contains(@class,&apos;oj-dialog&apos;)]/div[@id=&apos;change-name-dialog&apos;]/..]] on http://ucf2c-dcs-release-hub1.opcdeveloper.oracleinternalucf2c.oraclecorp.com/qa-dev/#projects/qa-dev_test-shared-project1-1460525673052/admin/properties?open.
2016-04-12 23:13:23,997 DEBUG [oracle.clouddev.test.selenium.components.AssertElement] Check condition (element is enabled) for element [By.id: confirm-button under [By.xpath: .//div[contains(@class,&apos;oj-dialog&apos;)]/div[@id=&apos;change-name-dialog&apos;]/..]] on http://ucf2c-dcs-release-hub1.opcdeveloper.oracleinternalucf2c.oraclecorp.com/qa-dev/#projects/qa-dev_test-shared-project1-1460525673052/admin/properties?open.
2016-04-12 23:13:24,028 DEBUG [oracle.clouddev.test.selenium.components.AssertElement] Check condition (element is visible) for element [By.id: confirm-button under [By.xpath: .//div[contains(@class,&apos;oj-dialog&apos;)]/div[@id=&apos;change-name-dialog&apos;]/..]] on http://ucf2c-dcs-release-hub1.opcdeveloper.oracleinternalucf2c.oraclecorp.com/qa-dev/#projects/qa-dev_test-shared-project1-1460525673052/admin/properties?open.
2016-04-12 23:13:24,322 DEBUG [oracle.clouddev.test.selenium.components.AssertElement] Check condition (oracle.clouddev.test.selenium.components.Conditions$5@6763cdaa) for element [By.xpath: .//button[@id=&apos;odcs-project-selector&apos;]/span[1]] on http://ucf2c-dcs-release-hub1.opcdeveloper.oracleinternalucf2c.oraclecorp.com/qa-dev/#projects/qa-dev_test-shared-project1-1460525673052/admin/properties?open.
2016-04-12 23:13:25,400 DEBUG [oracle.clouddev.test.selenium.components.AssertElement] Check condition (element exists) for element [By.xpath: ./textarea[contains(@class, &apos;oj-textarea-input&apos;)] under [By.id: project-description]] on http://ucf2c-dcs-release-hub1.opcdeveloper.oracleinternalucf2c.oraclecorp.com/qa-dev/#projects/qa-dev_test-shared-project1-1460525673052/admin/properties?open.
2016-04-12 23:13:25,421 DEBUG [oracle.clouddev.test.selenium.components.AssertElement] Check condition (element is visible) for element [By.id: project-description] on http://ucf2c-dcs-release-hub1.opcdeveloper.oracleinternalucf2c.oraclecorp.com/qa-dev/#projects/qa-dev_test-shared-project1-1460525673052/admin/properties?open.
2016-04-12 23:13:25,443 DEBUG [oracle.clouddev.test.selenium.components.AssertElement] Check condition (element is visible) for element [By.id: project-description] on http://ucf2c-dcs-release-hub1.opcdeveloper.oracleinternalucf2c.oraclecorp.com/qa-dev/#projects/qa-dev_test-shared-project1-1460525673052/admin/properties?open.
2016-04-12 23:13:25,465 DEBUG [oracle.clouddev.test.selenium.components.AssertElement] Check condition (element is visible) for element [By.xpath: ./textarea[contains(@class, &apos;oj-textarea-input&apos;)] under [By.id: project-description]] on http://ucf2c-dcs-release-hub1.opcdeveloper.oracleinternalucf2c.oraclecorp.com/qa-dev/#projects/qa-dev_test-shared-project1-1460525673052/admin/properties?open.
2016-04-12 23:13:25,512 DEBUG [oracle.clouddev.test.selenium.components.AssertElement] Check condition (element is visible) for element [By.id: project-description] on http://ucf2c-dcs-release-hub1.opcdeveloper.oracleinternalucf2c.oraclecorp.com/qa-dev/#projects/qa-dev_test-shared-project1-1460525673052/admin/properties?open.
2016-04-12 23:13:25,589 DEBUG [oracle.clouddev.test.selenium.components.AssertElement] Check condition (element is visible) for element [By.xpath: ./textarea[contains(@class, &apos;oj-textarea-input&apos;)] under [By.id: project-description]] on http://ucf2c-dcs-release-hub1.opcdeveloper.oracleinternalucf2c.oraclecorp.com/qa-dev/#projects/qa-dev_test-shared-project1-1460525673052/admin/properties?open.
2016-04-12 23:13:25,617 DEBUG [oracle.clouddev.test.selenium.components.AssertElement] Check condition (NOT (element is readonly)) for element [By.xpath: ./textarea[contains(@class, &apos;oj-textarea-input&apos;)] under [By.id: project-description]] on http://ucf2c-dcs-release-hub1.opcdeveloper.oracleinternalucf2c.oraclecorp.com/qa-dev/#projects/qa-dev_test-shared-project1-1460525673052/admin/properties?open.
2016-04-12 23:13:25,644 DEBUG [oracle.clouddev.test.selenium.components.AssertElement] Check condition (element is visible) for element [By.xpath: ./textarea[contains(@class, &apos;oj-textarea-input&apos;)] under [By.id: project-description]] on http://ucf2c-dcs-release-hub1.opcdeveloper.oracleinternalucf2c.oraclecorp.com/qa-dev/#projects/qa-dev_test-shared-project1-1460525673052/admin/properties?open.
2016-04-12 23:13:25,848 DEBUG [oracle.clouddev.test.selenium.components.AssertElement] Check condition (element is visible) for element [By.id: project-description] on http://ucf2c-dcs-release-hub1.opcdeveloper.oracleinternalucf2c.oraclecorp.com/qa-dev/#projects/qa-dev_test-shared-project1-1460525673052/admin/properties?open.
2016-04-12 23:13:25,874 DEBUG [oracle.clouddev.test.selenium.components.AssertElement] Check condition (oracle.clouddev.test.selenium.components.oj.OjTextArea$1@1d39d01) for element [By.xpath: ./textarea[contains(@class, &apos;oj-textarea-input&apos;)] under [By.id: project-description]] on http://ucf2c-dcs-release-hub1.opcdeveloper.oracleinternalucf2c.oraclecorp.com/qa-dev/#projects/qa-dev_test-shared-project1-1460525673052/admin/properties?open.
2016-04-12 23:13:25,901 DEBUG [oracle.clouddev.test.selenium.components.AssertElement] Check condition (element is visible) for element [By.xpath: .//div[@id=&apos;project-privacy&apos;]] on http://ucf2c-dcs-release-hub1.opcdeveloper.oracleinternalucf2c.oraclecorp.com/qa-dev/#projects/qa-dev_test-shared-project1-1460525673052/admin/properties?open.
2016-04-12 23:13:25,924 DEBUG [oracle.clouddev.test.selenium.components.AssertElement] Check condition (element is enabled) for element [By.xpath: .//div[@id=&apos;project-privacy&apos;]] on http://ucf2c-dcs-release-hub1.opcdeveloper.oracleinternalucf2c.oraclecorp.com/qa-dev/#projects/qa-dev_test-shared-project1-1460525673052/admin/properties?open.
2016-04-12 23:13:26,070 DEBUG [oracle.clouddev.test.selenium.components.AssertElement] Check condition (element is visible) for element [input#project-privacy-item-organization-private under [By.xpath: .//div[@id=&apos;project-privacy&apos;]]] on http://ucf2c-dcs-release-hub1.opcdeveloper.oracleinternalucf2c.oraclecorp.com/qa-dev/#projects/qa-dev_test-shared-project1-1460525673052/admin/properties?open.
2016-04-12 23:13:26,104 DEBUG [oracle.clouddev.test.selenium.components.AssertElement] Check condition (element is enabled) for element [input#project-privacy-item-organization-private under [By.xpath: .//div[@id=&apos;project-privacy&apos;]]] on http://ucf2c-dcs-release-hub1.opcdeveloper.oracleinternalucf2c.oraclecorp.com/qa-dev/#projects/qa-dev_test-shared-project1-1460525673052/admin/properties?open.
2016-04-12 23:13:26,132 DEBUG [oracle.clouddev.test.selenium.components.AssertElement] Check condition (element is visible) for element [input#project-privacy-item-organization-private under [By.xpath: .//div[@id=&apos;project-privacy&apos;]]] on http://ucf2c-dcs-release-hub1.opcdeveloper.oracleinternalucf2c.oraclecorp.com/qa-dev/#projects/qa-dev_test-shared-project1-1460525673052/admin/properties?open.
2016-04-12 23:13:26,477 DEBUG [oracle.clouddev.test.selenium.components.AssertElement] Check condition (element is visible) for element [By.xpath: .//div[contains(@class,&apos;oj-dialog&apos;)]/div[@id=&apos;change-privacy-dialog&apos;]/..] on http://ucf2c-dcs-release-hub1.opcdeveloper.oracleinternalucf2c.oraclecorp.com/qa-dev/#projects/qa-dev_test-shared-project1-1460525673052/admin/properties?open.
2016-04-12 23:13:26,500 DEBUG [oracle.clouddev.test.selenium.components.AssertElement] Check condition (element is visible) for element [By.id: confirm-button under [By.xpath: .//div[contains(@class,&apos;oj-dialog&apos;)]/div[@id=&apos;change-privacy-dialog&apos;]/..]] on http://ucf2c-dcs-release-hub1.opcdeveloper.oracleinternalucf2c.oraclecorp.com/qa-dev/#projects/qa-dev_test-shared-project1-1460525673052/admin/properties?open.
2016-04-12 23:13:26,527 DEBUG [oracle.clouddev.test.selenium.components.AssertElement] Check condition (element is enabled) for element [By.id: confirm-button under [By.xpath: .//div[contains(@class,&apos;oj-dialog&apos;)]/div[@id=&apos;change-privacy-dialog&apos;]/..]] on http://ucf2c-dcs-release-hub1.opcdeveloper.oracleinternalucf2c.oraclecorp.com/qa-dev/#projects/qa-dev_test-shared-project1-1460525673052/admin/properties?open.
2016-04-12 23:13:26,574 DEBUG [oracle.clouddev.test.selenium.components.AssertElement] Check condition (element is visible) for element [By.id: confirm-button under [By.xpath: .//div[contains(@class,&apos;oj-dialog&apos;)]/div[@id=&apos;change-privacy-dialog&apos;]/..]] on http://ucf2c-dcs-release-hub1.opcdeveloper.oracleinternalucf2c.oraclecorp.com/qa-dev/#projects/qa-dev_test-shared-project1-1460525673052/admin/properties?open.
2016-04-12 23:13:26,862 DEBUG [oracle.clouddev.test.selenium.components.AssertElement] Check condition (element is visible) for element [By.xpath: .//div[@id=&apos;project-wiki&apos;]] on http://ucf2c-dcs-release-hub1.opcdeveloper.oracleinternalucf2c.oraclecorp.com/qa-dev/#projects/qa-dev_test-shared-project1-1460525673052/admin/properties?open.
2016-04-12 23:13:27,012 DEBUG [oracle.clouddev.test.selenium.components.AssertElement] Check condition (element is visible) for element [input#project-wiki-item-0 under [By.xpath: .//div[@id=&apos;project-wiki&apos;]]] on http://ucf2c-dcs-release-hub1.opcdeveloper.oracleinternalucf2c.oraclecorp.com/qa-dev/#projects/qa-dev_test-shared-project1-1460525673052/admin/properties?open.
2016-04-12 23:13:27,065 DEBUG [oracle.clouddev.test.selenium.components.AssertElement] Check condition (element is enabled) for element [input#project-wiki-item-0 under [By.xpath: .//div[@id=&apos;project-wiki&apos;]]] on http://ucf2c-dcs-release-hub1.opcdeveloper.oracleinternalucf2c.oraclecorp.com/qa-dev/#projects/qa-dev_test-shared-project1-1460525673052/admin/properties?open.
2016-04-12 23:13:27,096 DEBUG [oracle.clouddev.test.selenium.components.AssertElement] Check condition (element is visible) for element [input#project-wiki-item-0 under [By.xpath: .//div[@id=&apos;project-wiki&apos;]]] on http://ucf2c-dcs-release-hub1.opcdeveloper.oracleinternalucf2c.oraclecorp.com/qa-dev/#projects/qa-dev_test-shared-project1-1460525673052/admin/properties?open.
2016-04-12 23:13:27,869 DEBUG [oracle.clouddev.test.selenium.components.AssertElement] Check condition (element exists) for element [By.xpath: .//input[@id=&apos;project-template&apos;]] on http://ucf2c-dcs-release-hub1.opcdeveloper.oracleinternalucf2c.oraclecorp.com/qa-dev/#projects/qa-dev_test-shared-project1-1460525673052/admin/properties?open.
2016-04-12 23:13:27,888 DEBUG [oracle.clouddev.test.selenium.components.AssertElement] Check condition (element is visible) for element [By.xpath: .//input[@id=&apos;project-template&apos;]] on http://ucf2c-dcs-release-hub1.opcdeveloper.oracleinternalucf2c.oraclecorp.com/qa-dev/#projects/qa-dev_test-shared-project1-1460525673052/admin/properties?open.
2016-04-12 23:13:27,947 DEBUG [oracle.clouddev.test.selenium.components.AssertElement] Check condition (element is enabled) for element [By.xpath: .//input[@id=&apos;project-template&apos;]] on http://ucf2c-dcs-release-hub1.opcdeveloper.oracleinternalucf2c.oraclecorp.com/qa-dev/#projects/qa-dev_test-shared-project1-1460525673052/admin/properties?open.
2016-04-12 23:13:27,991 DEBUG [oracle.clouddev.test.selenium.components.AssertElement] Check condition (element is visible) for element [By.xpath: .//input[@id=&apos;project-template&apos;]] on http://ucf2c-dcs-release-hub1.opcdeveloper.oracleinternalucf2c.oraclecorp.com/qa-dev/#projects/qa-dev_test-shared-project1-1460525673052/admin/properties?open.
2016-04-12 23:13:32,363 INFO  [oracle.clouddev.test.selenium.tests.base.TestHomePage] Check whether values has been persisted
2016-04-12 23:13:33,718 DEBUG [oracle.clouddev.test.selenium.components.AssertElement] Check condition (element is visible) for element [By.id: project-description] on http://ucf2c-dcs-release-hub1.opcdeveloper.oracleinternalucf2c.oraclecorp.com/qa-dev/#projects/qa-dev_test-shared-project1-1460525673052/admin/properties?open.
2016-04-12 23:13:33,746 DEBUG [oracle.clouddev.test.selenium.components.AssertElement] Check condition (element is visible) for element [By.xpath: ./textarea[contains(@class, &apos;oj-textarea-input&apos;)] under [By.id: project-description]] on http://ucf2c-dcs-release-hub1.opcdeveloper.oracleinternalucf2c.oraclecorp.com/qa-dev/#projects/qa-dev_test-shared-project1-1460525673052/admin/properties?open.
2016-04-12 23:13:33,901 INFO  [oracle.clouddev.test.selenium.tests.base.TestHomePage] Reverting project properties changes to original state
2016-04-12 23:13:33,910 DEBUG [oracle.clouddev.test.selenium.components.AssertElement] Check condition (element is visible) for element [By.id: project-name] on http://ucf2c-dcs-release-hub1.opcdeveloper.oracleinternalucf2c.oraclecorp.com/qa-dev/#projects/qa-dev_test-shared-project1-1460525673052/admin/properties?open.
2016-04-12 23:13:34,309 DEBUG [oracle.clouddev.test.selenium.components.AssertElement] Check condition (element is visible) for element [By.xpath: .//div[contains(@class,&apos;oj-dialog&apos;)]/div[@id=&apos;change-name-dialog&apos;]/..] on http://ucf2c-dcs-release-hub1.opcdeveloper.oracleinternalucf2c.oraclecorp.com/qa-dev/#projects/qa-dev_test-shared-project1-1460525673052/admin/properties?open.
2016-04-12 23:13:34,783 DEBUG [oracle.clouddev.test.selenium.components.AssertElement] Check condition (element is visible) for element [By.id: confirm-button under [By.xpath: .//div[contains(@class,&apos;oj-dialog&apos;)]/div[@id=&apos;change-name-dialog&apos;]/..]] on http://ucf2c-dcs-release-hub1.opcdeveloper.oracleinternalucf2c.oraclecorp.com/qa-dev/#projects/qa-dev_test-shared-project1-1460525673052/admin/properties?open.
2016-04-12 23:13:34,865 DEBUG [oracle.clouddev.test.selenium.components.AssertElement] Check condition (element is enabled) for element [By.id: confirm-button under [By.xpath: .//div[contains(@class,&apos;oj-dialog&apos;)]/div[@id=&apos;change-name-dialog&apos;]/..]] on http://ucf2c-dcs-release-hub1.opcdeveloper.oracleinternalucf2c.oraclecorp.com/qa-dev/#projects/qa-dev_test-shared-project1-1460525673052/admin/properties?open.
2016-04-12 23:13:34,907 DEBUG [oracle.clouddev.test.selenium.components.AssertElement] Check condition (element is visible) for element [By.id: confirm-button under [By.xpath: .//div[contains(@class,&apos;oj-dialog&apos;)]/div[@id=&apos;change-name-dialog&apos;]/..]] on http://ucf2c-dcs-release-hub1.opcdeveloper.oracleinternalucf2c.oraclecorp.com/qa-dev/#projects/qa-dev_test-shared-project1-1460525673052/admin/properties?open.
2016-04-12 23:13:35,304 DEBUG [oracle.clouddev.test.selenium.components.AssertElement] Check condition (element is visible) for element [By.id: project-description] on http://ucf2c-dcs-release-hub1.opcdeveloper.oracleinternalucf2c.oraclecorp.com/qa-dev/#projects/qa-dev_test-shared-project1-1460525673052/admin/properties?open.
2016-04-12 23:13:35,332 DEBUG [oracle.clouddev.test.selenium.components.AssertElement] Check condition (element is visible) for element [By.xpath: ./textarea[contains(@class, &apos;oj-textarea-input&apos;)] under [By.id: project-description]] on http://ucf2c-dcs-release-hub1.opcdeveloper.oracleinternalucf2c.oraclecorp.com/qa-dev/#projects/qa-dev_test-shared-project1-1460525673052/admin/properties?open.
2016-04-12 23:13:35,395 DEBUG [oracle.clouddev.test.selenium.components.AssertElement] Check condition (NOT (element is readonly)) for element [By.xpath: ./textarea[contains(@class, &apos;oj-textarea-input&apos;)] under [By.id: project-description]] on http://ucf2c-dcs-release-hub1.opcdeveloper.oracleinternalucf2c.oraclecorp.com/qa-dev/#projects/qa-dev_test-shared-project1-1460525673052/admin/properties?open.
2016-04-12 23:13:35,429 DEBUG [oracle.clouddev.test.selenium.components.AssertElement] Check condition (element is visible) for element [By.xpath: ./textarea[contains(@class, &apos;oj-textarea-input&apos;)] under [By.id: project-description]] on http://ucf2c-dcs-release-hub1.opcdeveloper.oracleinternalucf2c.oraclecorp.com/qa-dev/#projects/qa-dev_test-shared-project1-1460525673052/admin/properties?open.
2016-04-12 23:13:35,815 DEBUG [oracle.clouddev.test.selenium.components.AssertElement] Check condition (element is visible) for element [input#project-privacy-item-private under [By.xpath: .//div[@id=&apos;project-privacy&apos;]]] on http://ucf2c-dcs-release-hub1.opcdeveloper.oracleinternalucf2c.oraclecorp.com/qa-dev/#projects/qa-dev_test-shared-project1-1460525673052/admin/properties?open.
2016-04-12 23:13:35,846 DEBUG [oracle.clouddev.test.selenium.components.AssertElement] Check condition (element is enabled) for element [input#project-privacy-item-private under [By.xpath: .//div[@id=&apos;project-privacy&apos;]]] on http://ucf2c-dcs-release-hub1.opcdeveloper.oracleinternalucf2c.oraclecorp.com/qa-dev/#projects/qa-dev_test-shared-project1-1460525673052/admin/properties?open.
2016-04-12 23:13:35,878 DEBUG [oracle.clouddev.test.selenium.components.AssertElement] Check condition (element is visible) for element [input#project-privacy-item-private under [By.xpath: .//div[@id=&apos;project-privacy&apos;]]] on http://ucf2c-dcs-release-hub1.opcdeveloper.oracleinternalucf2c.oraclecorp.com/qa-dev/#projects/qa-dev_test-shared-project1-1460525673052/admin/properties?open.
2016-04-12 23:13:36,288 DEBUG [oracle.clouddev.test.selenium.components.AssertElement] Check condition (element is visible) for element [By.xpath: .//div[contains(@class,&apos;oj-dialog&apos;)]/div[@id=&apos;change-privacy-dialog&apos;]/..] on http://ucf2c-dcs-release-hub1.opcdeveloper.oracleinternalucf2c.oraclecorp.com/qa-dev/#projects/qa-dev_test-shared-project1-1460525673052/admin/properties?open.
2016-04-12 23:13:36,311 DEBUG [oracle.clouddev.test.selenium.components.AssertElement] Check condition (element is visible) for element [By.id: confirm-button under [By.xpath: .//div[contains(@class,&apos;oj-dialog&apos;)]/div[@id=&apos;change-privacy-dialog&apos;]/..]] on http://ucf2c-dcs-release-hub1.opcdeveloper.oracleinternalucf2c.oraclecorp.com/qa-dev/#projects/qa-dev_test-shared-project1-1460525673052/admin/properties?open.
2016-04-12 23:13:36,341 DEBUG [oracle.clouddev.test.selenium.components.AssertElement] Check condition (element is enabled) for element [By.id: confirm-button under [By.xpath: .//div[contains(@class,&apos;oj-dialog&apos;)]/div[@id=&apos;change-privacy-dialog&apos;]/..]] on http://ucf2c-dcs-release-hub1.opcdeveloper.oracleinternalucf2c.oraclecorp.com/qa-dev/#projects/qa-dev_test-shared-project1-1460525673052/admin/properties?open.
2016-04-12 23:13:36,375 DEBUG [oracle.clouddev.test.selenium.components.AssertElement] Check condition (element is visible) for element [By.id: confirm-button under [By.xpath: .//div[contains(@class,&apos;oj-dialog&apos;)]/div[@id=&apos;change-privacy-dialog&apos;]/..]] on http://ucf2c-dcs-release-hub1.opcdeveloper.oracleinternalucf2c.oraclecorp.com/qa-dev/#projects/qa-dev_test-shared-project1-1460525673052/admin/properties?open.
2016-04-12 23:13:36,689 DEBUG [oracle.clouddev.test.selenium.components.AssertElement] Check condition (element is visible) for element [input#project-wiki-item-2 under [By.xpath: .//div[@id=&apos;project-wiki&apos;]]] on http://ucf2c-dcs-release-hub1.opcdeveloper.oracleinternalucf2c.oraclecorp.com/qa-dev/#projects/qa-dev_test-shared-project1-1460525673052/admin/properties?open.
2016-04-12 23:13:36,713 DEBUG [oracle.clouddev.test.selenium.components.AssertElement] Check condition (element is enabled) for element [input#project-wiki-item-2 under [By.xpath: .//div[@id=&apos;project-wiki&apos;]]] on http://ucf2c-dcs-release-hub1.opcdeveloper.oracleinternalucf2c.oraclecorp.com/qa-dev/#projects/qa-dev_test-shared-project1-1460525673052/admin/properties?open.
2016-04-12 23:13:36,740 DEBUG [oracle.clouddev.test.selenium.components.AssertElement] Check condition (element is visible) for element [input#project-wiki-item-2 under [By.xpath: .//div[@id=&apos;project-wiki&apos;]]] on http://ucf2c-dcs-release-hub1.opcdeveloper.oracleinternalucf2c.oraclecorp.com/qa-dev/#projects/qa-dev_test-shared-project1-1460525673052/admin/properties?open.
2016-04-12 23:13:37,421 DEBUG [oracle.clouddev.test.selenium.components.AssertElement] Check condition (element is visible) for element [By.xpath: .//input[@id=&apos;project-template&apos;]] on http://ucf2c-dcs-release-hub1.opcdeveloper.oracleinternalucf2c.oraclecorp.com/qa-dev/#projects/qa-dev_test-shared-project1-1460525673052/admin/properties?open.
    </system-out>
    </testcase>
    <testcase classname="oracle.clouddev.test.selenium.tests.base.TestAdminPage" name="testSourceCode" time="60.379">
      <properties>
        <property name="java.runtime.name" value="Java(TM) SE Runtime Environment"/>
        <property name="exec.mainClass" value="oracle.clouddev.test.selenium.RunTests"/>
        <property name="sun.boot.library.path" value="/usr/java/jdk1.8.0_74/jre/lib/amd64"/>
        <property name="java.vm.version" value="25.74-b02"/>
        <property name="java.vm.vendor" value="Oracle Corporation"/>
        <property name="java.vendor.url" value="http://java.oracle.com/"/>
        <property name="guice.disable.misplaced.annotation.check" value="true"/>
        <property name="path.separator" value=":"/>
        <property name="java.vm.name" value="Java HotSpot(TM) 64-Bit Server VM"/>
        <property name="file.encoding.pkg" value="sun.io"/>
        <property name="user.country" value="US"/>
        <property name="sun.java.launcher" value="SUN_STANDARD"/>
        <property name="sun.os.patch.level" value="unknown"/>
        <property name="http.noProxyHosts" value="localhost|127.0.0.1|*.local|*.oraclecorp.com|*.us.oracle.com"/>
        <property name="java.vm.specification.name" value="Java Virtual Machine Specification"/>
        <property name="user.dir" value="/home/builder/hudson/workspace/dcs_dcs.Release-Selenium-Tests/selenium-tests"/>
        <property name="java.runtime.version" value="1.8.0_74-b02"/>
        <property name="java.awt.graphicsenv" value="sun.awt.X11GraphicsEnvironment"/>
        <property name="java.endorsed.dirs" value="/usr/java/jdk1.8.0_74/jre/lib/endorsed"/>
        <property name="os.arch" value="amd64"/>
        <property name="java.io.tmpdir" value="/tmp"/>
        <property name="line.separator" value="
"/>
        <property name="java.vm.specification.vendor" value="Oracle Corporation"/>
        <property name="https.proxyHost" value="www-proxy.us.oracle.com"/>
        <property name="os.name" value="Linux"/>
        <property name="classworlds.conf" value="/usr/local/apache-maven/apache-maven-3.0.4/bin/m2.conf"/>
        <property name="sun.jnu.encoding" value="UTF-8"/>
        <property name="http.proxyPort" value="80"/>
        <property name="java.library.path" value="/usr/java/packages/lib/amd64:/usr/lib64:/lib64:/lib:/usr/lib"/>
        <property name="sun.awt.enableExtraMouseButtons" value="true"/>
        <property name="java.specification.name" value="Java Platform API Specification"/>
        <property name="java.class.version" value="52.0"/>
        <property name="sun.management.compiler" value="HotSpot 64-Bit Tiered Compilers"/>
        <property name="os.version" value="3.8.13-55.1.1.el6uek.x86_64"/>
        <property name="user.home" value="/home/builder"/>
        <property name="user.timezone" value="PST8PDT"/>
        <property name="java.awt.printerjob" value="sun.print.PSPrinterJob"/>
        <property name="file.encoding" value="UTF-8"/>
        <property name="java.specification.version" value="1.8"/>
        <property name="java.class.path" value="/usr/local/apache-maven/apache-maven-3.0.4/boot/plexus-classworlds-2.4.jar"/>
        <property name="user.name" value="builder"/>
        <property name="java.vm.specification.version" value="1.8"/>
        <property name="sun.java.command" value="org.codehaus.plexus.classworlds.launcher.Launcher -f /home/c2c/hudson/workspace/dcs_dcs.Release-Selenium-Tests/selenium-tests/pom.xml --batch-mode exec:java -Dexec.mainClass=oracle.clouddev.test.selenium.RunTests -Dexec.args=selenium.browser.size.w=1280 selenium.browser.size.h=960 capture.video=true capture.screenshots=true notification.type=swing notification.history=3 notification.font.size=15 job-release-selenium-tests.properties build.job=dcs_dcs.Release-Selenium-Tests build.number=295 target.release=16.2.3.0.0 timeout.build.buildqueue=1200 timeout.build.buildqueue.polling=60 -s BASE --tag base"/>
        <property name="java.home" value="/usr/java/jdk1.8.0_74/jre"/>
        <property name="sun.arch.data.model" value="64"/>
        <property name="user.language" value="en"/>
        <property name="java.specification.vendor" value="Oracle Corporation"/>
        <property name="awt.toolkit" value="sun.awt.X11.XToolkit"/>
        <property name="java.vm.info" value="mixed mode"/>
        <property name="java.version" value="1.8.0_74"/>
        <property name="securerandom.source" value="file:/dev/./urandom"/>
        <property name="java.ext.dirs" value="/usr/java/jdk1.8.0_74/jre/lib/ext:/usr/java/packages/lib/ext"/>
        <property name="http.proxyHost" value="www-proxy.us.oracle.com"/>
        <property name="sun.boot.class.path" value="/usr/java/jdk1.8.0_74/jre/lib/resources.jar:/usr/java/jdk1.8.0_74/jre/lib/rt.jar:/usr/java/jdk1.8.0_74/jre/lib/sunrsasign.jar:/usr/java/jdk1.8.0_74/jre/lib/jsse.jar:/usr/java/jdk1.8.0_74/jre/lib/jce.jar:/usr/java/jdk1.8.0_74/jre/lib/charsets.jar:/usr/java/jdk1.8.0_74/jre/lib/jfr.jar:/usr/java/jdk1.8.0_74/jre/classes"/>
        <property name="java.vendor" value="Oracle Corporation"/>
        <property name="maven.home" value="/usr/local/apache-maven/apache-maven-3.0.4"/>
        <property name="file.separator" value="/"/>
        <property name="java.vendor.url.bug" value="http://bugreport.sun.com/bugreport/"/>
        <property name="sun.font.fontmanager" value="sun.awt.X11FontManager"/>
        <property name="sun.io.unicode.encoding" value="UnicodeLittle"/>
        <property name="sun.cpu.endian" value="little"/>
        <property name="https.proxyPort" value="80"/>
        <property name="exec.args" value="selenium.browser.size.w=1280 selenium.browser.size.h=960 capture.video=true capture.screenshots=true notification.type=swing notification.history=3 notification.font.size=15 job-release-selenium-tests.properties build.job=dcs_dcs.Release-Selenium-Tests build.number=295 target.release=16.2.3.0.0 timeout.build.buildqueue=1200 timeout.build.buildqueue.polling=60 -s BASE --tag base"/>
        <property name="sun.cpu.isalist" value=""/>
        <property name="test.selenium.browser.size.h" value="960"/>
        <property name="test.user.non-admin.name" value="tom.testsuite"/>
        <property name="test.https.proxyHost" value="www-proxy.us.oracle.com"/>
        <property name="test.user.admin.name" value="tina.testsuite"/>
        <property name="test.user.em-agent.password" value="Welcome1!"/>
        <property name="test.tag" value="base"/>
        <property name="test.user.em-agent.fullname" value="Alex Admin"/>
        <property name="test.selenium.port" value="44000"/>
        <property name="test.build.number" value="295"/>
        <property name="test.user.sdi-agent.enabled" value="true"/>
        <property name="test.timeout.assert.condition" value="30"/>
        <property name="test.target.version" value="{
  &quot;buildInformation&quot; : {
    &quot;gitCommitId&quot; : &quot;6415b9c07a83d336f513936eb79c4a925510b07b&quot;,
    &quot;gitCommitMessage&quot; : &quot;Merge branch &apos;Fix18963&apos; into &apos;patchset_16_2_3&apos;&quot;,
    &quot;buildTime&quot; : &quot;12.04.2016 @ 21:58:42 PDT&quot;,
    &quot;buildUser&quot; : &quot;Code2Cloud Builder&quot;
  }
}"/>
        <property name="test.build.job" value="dcs_dcs.Release-Selenium-Tests"/>
        <property name="test.timeout.project.create" value="660"/>
        <property name="test.user.sdi-agent.name" value="alex.admin"/>
        <property name="test.selenium.browser" value="firefox"/>
        <property name="test.http.proxyPort" value="80"/>
        <property name="test.user.sdi-agent.password" value="Welcome1!"/>
        <property name="test.user.sdi-agent.fullname" value="Alex Admin"/>
        <property name="test.timeout.selenium.navigate" value="20"/>
        <property name="test.target.release" value="16.2.3.0.0"/>
        <property name="test.byom.ip" value="127.0.0.1"/>
        <property name="test.byom.port" value="8585"/>
        <property name="test.notification.type" value="swing"/>
        <property name="test.data.project.override" value=""/>
        <property name="test.timeout.selenium.find" value="1"/>
        <property name="test.user.em-agent.enabled" value="true"/>
        <property name="test.testEmptyOrg.db.id" value=""/>
        <property name="test.reviews.timeout.slowdown" value="0"/>
        <property name="test.http.noProxyHosts" value="localhost|127.0.0.1|*.local|*.oraclecorp.com|*.us.oracle.com"/>
        <property name="test.capture.video" value="true"/>
        <property name="test.user.non-admin.password" value="Welcome1!"/>
        <property name="test.user.non-admin.fullname" value="Tom Testsuite"/>
        <property name="test.user.admin.password" value="Welcome1!"/>
        <property name="test.notification.history" value="3"/>
        <property name="test.user.admin.fullname" value="Tina Testsuite"/>
        <property name="test.capture.screenshots" value="true"/>
        <property name="test.testEmptyOrg.db.connectString" value="jdbc:oracle:thin:@(DESCRIPTION=(ADDRESS=(PROTOCOL=TCP)(HOST=slc09iwb.us.oracle.com)(PORT=1521))(CONNECT_DATA=(SERVICE_NAME=dbpod)))"/>
        <property name="test.firefox.bin" value=""/>
        <property name="test.https.proxyPort" value="80"/>
        <property name="test.develop.offline" value="false"/>
        <property name="test.timeout.build.buildqueue.polling" value="60"/>
        <property name="test.output.dir" value="target/test-reports/"/>
        <property name="test.firefox.allowedHosts" value="localhost,localhost.localdomain"/>
        <property name="test.testEmptyOrg.db.schema" value="BV2RLPNYEWMR"/>
        <property name="test.web.url" value="http://ucf2c-dcs-release-hub1.opcdeveloper.oracleinternalucf2c.oraclecorp.com/qa-dev/"/>
        <property name="test.firefox.extensions" value=""/>
        <property name="test.testEmptyOrg.orgExistsCheck" value="false"/>
        <property name="test.data.dir" value="data/"/>
        <property name="test.notification.font.size" value="15"/>
        <property name="test.testEmptyOrg.service" value="devservice5"/>
        <property name="test.selenium.start.server" value="false"/>
        <property name="test.firefox.profile.path" value=""/>
        <property name="test.selenium.host" value="localhost"/>
        <property name="test.suite" value="BASE"/>
        <property name="test.tests" value=""/>
        <property name="test.user.admin.idm" value="dcsdevteam"/>
        <property name="test.http.proxyHost" value="www-proxy.us.oracle.com"/>
        <property name="test.testMethods" value=""/>
        <property name="test.reviews.dontDeleteEnviroment" value="false"/>
        <property name="test.selenium.browser.maximize" value="false"/>
        <property name="test.firefox.profile.name" value=""/>
        <property name="test.timeout.build.buildqueue" value="1200"/>
        <property name="test.user.em-agent.idm" value="dcsdevteam"/>
        <property name="test.selenium.remote" value="false"/>
        <property name="test.user.sdi-agent.idm" value="dcsdevteam"/>
        <property name="test.byom.authToken" value="123456"/>
        <property name="test.proxy.autodetect" value="false"/>
        <property name="test.testEmptyOrg.idm" value="dcsdevteam"/>
        <property name="test.user.non-admin.idm" value="dcsdevteam"/>
        <property name="test.data.tasks.useexisting" value="false"/>
        <property name="test.selenium.browser.size.w" value="1280"/>
        <property name="test.category" value="DEFAULT"/>
        <property name="test.user.em-agent.name" value="alex.admin"/>
        <property name="test.timeout.slowdown" value="0"/>
      </properties>
    <system-out>
2016-04-12 23:13:38,520 DEBUG [oracle.clouddev.test.selenium.components.AssertElement] Check condition (oracle.clouddev.test.selenium.components.Conditions$5@5df0101e) for element [By.xpath: .//button[@id=&apos;odcs-project-selector&apos;]/span[1]] on http://ucf2c-dcs-release-hub1.opcdeveloper.oracleinternalucf2c.oraclecorp.com/qa-dev/#projects/qa-dev_test-shared-project1-1460525673052/admin/properties?open without wait.
2016-04-12 23:13:38,545 DEBUG [oracle.clouddev.test.selenium.components.AssertElement] Check condition (element is visible) for element [By.id: odcs-nav-tabs] on http://ucf2c-dcs-release-hub1.opcdeveloper.oracleinternalucf2c.oraclecorp.com/qa-dev/#projects/qa-dev_test-shared-project1-1460525673052/admin/properties?open.
2016-04-12 23:13:38,574 DEBUG [oracle.clouddev.test.selenium.components.AssertElement] Check condition (element is visible) for element [By.xpath: .//a[@id=&apos;admin&apos;] under [By.id: odcs-nav-tabs]] on http://ucf2c-dcs-release-hub1.opcdeveloper.oracleinternalucf2c.oraclecorp.com/qa-dev/#projects/qa-dev_test-shared-project1-1460525673052/admin/properties?open.
2016-04-12 23:13:38,600 DEBUG [oracle.clouddev.test.selenium.components.AssertElement] Check condition (NOT (element has style class &apos;oj-disabled&apos;)) for element [By.xpath: .//a[@id=&apos;admin&apos;] under [By.id: odcs-nav-tabs]] on http://ucf2c-dcs-release-hub1.opcdeveloper.oracleinternalucf2c.oraclecorp.com/qa-dev/#projects/qa-dev_test-shared-project1-1460525673052/admin/properties?open.
2016-04-12 23:13:38,629 DEBUG [oracle.clouddev.test.selenium.components.AssertElement] Check condition (element is visible) for element [By.xpath: .//a[@id=&apos;admin&apos;] under [By.id: odcs-nav-tabs]] on http://ucf2c-dcs-release-hub1.opcdeveloper.oracleinternalucf2c.oraclecorp.com/qa-dev/#projects/qa-dev_test-shared-project1-1460525673052/admin/properties?open.
2016-04-12 23:13:39,247 DEBUG [oracle.clouddev.test.selenium.components.AssertElement] Check condition (element has style class &apos;oj-active&apos;) for element [By.xpath: .//a[@id=&apos;admin&apos;] under [By.id: odcs-nav-tabs]] on http://ucf2c-dcs-release-hub1.opcdeveloper.oracleinternalucf2c.oraclecorp.com/qa-dev/#projects/qa-dev_test-shared-project1-1460525673052/admin/properties.
2016-04-12 23:13:39,278 DEBUG [oracle.clouddev.test.selenium.components.AssertElement] Check condition (element is visible) for element [By.xpath: .//a[@id=&apos;admin&apos;] under [By.id: odcs-nav-tabs]] on http://ucf2c-dcs-release-hub1.opcdeveloper.oracleinternalucf2c.oraclecorp.com/qa-dev/#projects/qa-dev_test-shared-project1-1460525673052/admin/properties.
2016-04-12 23:13:39,607 INFO  [oracle.clouddev.test.selenium.tests.base.TestHomePage] testSourceCode
2016-04-12 23:13:40,624 DEBUG [oracle.clouddev.test.selenium.components.AssertElement] Check condition (element exists) for element [By.xpath: .//aside[@id=&apos;odcs-sidebar-menu&apos;]] on http://ucf2c-dcs-release-hub1.opcdeveloper.oracleinternalucf2c.oraclecorp.com/qa-dev/#projects/qa-dev_test-shared-project1-1460525673052/admin/properties.
2016-04-12 23:13:41,662 DEBUG [oracle.clouddev.test.selenium.components.AssertElement] Check condition (element is visible) for element [By.xpath: .//button[@id=&apos;navigation-icon-button-toggle&apos;]] on http://ucf2c-dcs-release-hub1.opcdeveloper.oracleinternalucf2c.oraclecorp.com/qa-dev/#projects/qa-dev_test-shared-project1-1460525673052/admin/properties.
2016-04-12 23:13:41,705 DEBUG [oracle.clouddev.test.selenium.components.AssertElement] Check condition (element is visible) for element [By.xpath: .//button[@id=&apos;navigation-icon-button-toggle&apos;]] on http://ucf2c-dcs-release-hub1.opcdeveloper.oracleinternalucf2c.oraclecorp.com/qa-dev/#projects/qa-dev_test-shared-project1-1460525673052/admin/properties.
2016-04-12 23:13:42,071 DEBUG [oracle.clouddev.test.selenium.components.AssertElement] Check condition (element is visible) for element [By.xpath: .//ul[@id=&apos;navigation-list&apos;] under [By.xpath: .//aside[@id=&apos;odcs-sidebar-menu&apos;]]] on http://ucf2c-dcs-release-hub1.opcdeveloper.oracleinternalucf2c.oraclecorp.com/qa-dev/#projects/qa-dev_test-shared-project1-1460525673052/admin/properties.
2016-04-12 23:13:42,356 DEBUG [oracle.clouddev.test.selenium.components.AssertElement] Check condition (element is visible) for element [li#navigation-item-home under [By.xpath: .//ul[@id=&apos;navigation-list&apos;] under [By.xpath: .//aside[@id=&apos;odcs-sidebar-menu&apos;]]]] on http://ucf2c-dcs-release-hub1.opcdeveloper.oracleinternalucf2c.oraclecorp.com/qa-dev/#projects/qa-dev_test-shared-project1-1460525673052/admin/properties.
2016-04-12 23:13:42,404 DEBUG [oracle.clouddev.test.selenium.components.AssertElement] Check condition (element is visible) for element [li#navigation-item-properties under [By.xpath: .//ul[@id=&apos;navigation-list&apos;] under [By.xpath: .//aside[@id=&apos;odcs-sidebar-menu&apos;]]]] on http://ucf2c-dcs-release-hub1.opcdeveloper.oracleinternalucf2c.oraclecorp.com/qa-dev/#projects/qa-dev_test-shared-project1-1460525673052/admin/properties.
2016-04-12 23:13:42,448 DEBUG [oracle.clouddev.test.selenium.components.AssertElement] Check condition (element is visible) for element [li#navigation-item-metrics under [By.xpath: .//ul[@id=&apos;navigation-list&apos;] under [By.xpath: .//aside[@id=&apos;odcs-sidebar-menu&apos;]]]] on http://ucf2c-dcs-release-hub1.opcdeveloper.oracleinternalucf2c.oraclecorp.com/qa-dev/#projects/qa-dev_test-shared-project1-1460525673052/admin/properties.
2016-04-12 23:13:42,522 DEBUG [oracle.clouddev.test.selenium.components.AssertElement] Check condition (element is visible) for element [li#navigation-item-issues under [By.xpath: .//ul[@id=&apos;navigation-list&apos;] under [By.xpath: .//aside[@id=&apos;odcs-sidebar-menu&apos;]]]] on http://ucf2c-dcs-release-hub1.opcdeveloper.oracleinternalucf2c.oraclecorp.com/qa-dev/#projects/qa-dev_test-shared-project1-1460525673052/admin/properties.
2016-04-12 23:13:42,596 DEBUG [oracle.clouddev.test.selenium.components.AssertElement] Check condition (element is visible) for element [li#navigation-item-source-browsing under [By.xpath: .//ul[@id=&apos;navigation-list&apos;] under [By.xpath: .//aside[@id=&apos;odcs-sidebar-menu&apos;]]]] on http://ucf2c-dcs-release-hub1.opcdeveloper.oracleinternalucf2c.oraclecorp.com/qa-dev/#projects/qa-dev_test-shared-project1-1460525673052/admin/properties.
2016-04-12 23:13:42,662 DEBUG [oracle.clouddev.test.selenium.components.AssertElement] Check condition (element is visible) for element [li#navigation-item-merge under [By.xpath: .//ul[@id=&apos;navigation-list&apos;] under [By.xpath: .//aside[@id=&apos;odcs-sidebar-menu&apos;]]]] on http://ucf2c-dcs-release-hub1.opcdeveloper.oracleinternalucf2c.oraclecorp.com/qa-dev/#projects/qa-dev_test-shared-project1-1460525673052/admin/properties.
2016-04-12 23:13:42,724 DEBUG [oracle.clouddev.test.selenium.components.AssertElement] Check condition (element is visible) for element [li#navigation-item-webhooks under [By.xpath: .//ul[@id=&apos;navigation-list&apos;] under [By.xpath: .//aside[@id=&apos;odcs-sidebar-menu&apos;]]]] on http://ucf2c-dcs-release-hub1.opcdeveloper.oracleinternalucf2c.oraclecorp.com/qa-dev/#projects/qa-dev_test-shared-project1-1460525673052/admin/properties.
2016-04-12 23:13:42,808 DEBUG [oracle.clouddev.test.selenium.components.AssertElement] Check condition (element is visible) for element [li#navigation-item-rsshandlers under [By.xpath: .//ul[@id=&apos;navigation-list&apos;] under [By.xpath: .//aside[@id=&apos;odcs-sidebar-menu&apos;]]]] on http://ucf2c-dcs-release-hub1.opcdeveloper.oracleinternalucf2c.oraclecorp.com/qa-dev/#projects/qa-dev_test-shared-project1-1460525673052/admin/properties.
2016-04-12 23:13:42,875 DEBUG [oracle.clouddev.test.selenium.components.AssertElement] Check condition (element is visible) for element [li#navigation-item-build under [By.xpath: .//ul[@id=&apos;navigation-list&apos;] under [By.xpath: .//aside[@id=&apos;odcs-sidebar-menu&apos;]]]] on http://ucf2c-dcs-release-hub1.opcdeveloper.oracleinternalucf2c.oraclecorp.com/qa-dev/#projects/qa-dev_test-shared-project1-1460525673052/admin/properties.
2016-04-12 23:13:42,931 DEBUG [oracle.clouddev.test.selenium.components.AssertElement] Check condition (element is visible) for element [li#navigation-item-delete-project under [By.xpath: .//ul[@id=&apos;navigation-list&apos;] under [By.xpath: .//aside[@id=&apos;odcs-sidebar-menu&apos;]]]] on http://ucf2c-dcs-release-hub1.opcdeveloper.oracleinternalucf2c.oraclecorp.com/qa-dev/#projects/qa-dev_test-shared-project1-1460525673052/admin/properties.
2016-04-12 23:13:42,992 DEBUG [oracle.clouddev.test.selenium.components.AssertElement] Check condition (element is enabled) for element [li#navigation-item-source-browsing under [By.xpath: .//ul[@id=&apos;navigation-list&apos;] under [By.xpath: .//aside[@id=&apos;odcs-sidebar-menu&apos;]]]] on http://ucf2c-dcs-release-hub1.opcdeveloper.oracleinternalucf2c.oraclecorp.com/qa-dev/#projects/qa-dev_test-shared-project1-1460525673052/admin/properties.
2016-04-12 23:13:43,026 DEBUG [oracle.clouddev.test.selenium.components.AssertElement] Check condition (element is visible) for element [li#navigation-item-source-browsing under [By.xpath: .//ul[@id=&apos;navigation-list&apos;] under [By.xpath: .//aside[@id=&apos;odcs-sidebar-menu&apos;]]]] on http://ucf2c-dcs-release-hub1.opcdeveloper.oracleinternalucf2c.oraclecorp.com/qa-dev/#projects/qa-dev_test-shared-project1-1460525673052/admin/properties.
2016-04-12 23:13:43,058 DEBUG [oracle.clouddev.test.selenium.components.AssertElement] Check condition (element is visible) for element [By.xpath: .//a[contains(@class, &apos;navigation-list-item-link&apos;)] under [li#navigation-item-source-browsing under [By.xpath: .//ul[@id=&apos;navigation-list&apos;] under [By.xpath: .//aside[@id=&apos;odcs-sidebar-menu&apos;]]]]] on http://ucf2c-dcs-release-hub1.opcdeveloper.oracleinternalucf2c.oraclecorp.com/qa-dev/#projects/qa-dev_test-shared-project1-1460525673052/admin/properties.
2016-04-12 23:13:44,342 DEBUG [oracle.clouddev.test.selenium.components.AssertElement] Check condition (element is visible) for element [By.id: page-admin-source-code] on http://ucf2c-dcs-release-hub1.opcdeveloper.oracleinternalucf2c.oraclecorp.com/qa-dev/#projects/qa-dev_test-shared-project1-1460525673052/admin/scm?open.
2016-04-12 23:13:44,382 DEBUG [oracle.clouddev.test.selenium.components.AssertElement] Check condition (element is visible) for element [By.xpath: .//div[@id=&apos;hosted-repo&apos;]] on http://ucf2c-dcs-release-hub1.opcdeveloper.oracleinternalucf2c.oraclecorp.com/qa-dev/#projects/qa-dev_test-shared-project1-1460525673052/admin/scm?open.
2016-04-12 23:13:44,446 DEBUG [oracle.clouddev.test.selenium.components.AssertElement] Check condition (element is visible) for element [By.xpath: .//*[(self::ul or self::div) and @id=&apos;hosted-repo-list-content&apos;] under [By.xpath: .//div[@id=&apos;hosted-repo&apos;]]] on http://ucf2c-dcs-release-hub1.opcdeveloper.oracleinternalucf2c.oraclecorp.com/qa-dev/#projects/qa-dev_test-shared-project1-1460525673052/admin/scm?open without wait.
2016-04-12 23:13:44,568 DEBUG [oracle.clouddev.test.selenium.components.AssertElement] Check condition (element is visible) for element [By.xpath: .//div[contains(@class, &apos;repo-list-detail&apos;)]/h4[contains(@class, &apos;repo-list-name&apos;)]/a under [li#repo-list-hosted-0-item under [By.xpath: .//div[@id=&apos;hosted-repo&apos;]]]] on http://ucf2c-dcs-release-hub1.opcdeveloper.oracleinternalucf2c.oraclecorp.com/qa-dev/#projects/qa-dev_test-shared-project1-1460525673052/admin/scm?open.
2016-04-12 23:13:44,756 DEBUG [oracle.clouddev.test.selenium.components.AssertElement] Check condition (element is visible) for element [By.xpath: .//div[contains(@class, &apos;repo-list-detail&apos;)]/h4[contains(@class, &apos;repo-list-name&apos;)]/a under [li#repo-list-hosted-1-item under [By.xpath: .//div[@id=&apos;hosted-repo&apos;]]]] on http://ucf2c-dcs-release-hub1.opcdeveloper.oracleinternalucf2c.oraclecorp.com/qa-dev/#projects/qa-dev_test-shared-project1-1460525673052/admin/scm?open.
2016-04-12 23:13:44,837 DEBUG [oracle.clouddev.test.selenium.components.AssertElement] Check condition (element is visible) for element [By.xpath: .//*[(self::button or self::a or self::input) and @id=&apos;hosted-repo-add&apos;]] on http://ucf2c-dcs-release-hub1.opcdeveloper.oracleinternalucf2c.oraclecorp.com/qa-dev/#projects/qa-dev_test-shared-project1-1460525673052/admin/scm?open.
2016-04-12 23:13:44,895 DEBUG [oracle.clouddev.test.selenium.components.AssertElement] Check condition (element has style class &apos;oj-enabled&apos;) for element [By.xpath: .//*[(self::button or self::a or self::input) and @id=&apos;hosted-repo-add&apos;]] on http://ucf2c-dcs-release-hub1.opcdeveloper.oracleinternalucf2c.oraclecorp.com/qa-dev/#projects/qa-dev_test-shared-project1-1460525673052/admin/scm?open.
2016-04-12 23:13:44,943 DEBUG [oracle.clouddev.test.selenium.components.AssertElement] Check condition (element is visible) for element [By.xpath: .//*[(self::button or self::a or self::input) and @id=&apos;hosted-repo-add&apos;]] on http://ucf2c-dcs-release-hub1.opcdeveloper.oracleinternalucf2c.oraclecorp.com/qa-dev/#projects/qa-dev_test-shared-project1-1460525673052/admin/scm?open.
2016-04-12 23:13:44,990 DEBUG [oracle.clouddev.test.selenium.components.AssertElement] Check condition (element has style class &apos;oj-enabled&apos;) for element [By.xpath: .//*[(self::button or self::a or self::input) and @id=&apos;hosted-repo-add&apos;]] on http://ucf2c-dcs-release-hub1.opcdeveloper.oracleinternalucf2c.oraclecorp.com/qa-dev/#projects/qa-dev_test-shared-project1-1460525673052/admin/scm?open.
2016-04-12 23:13:45,823 DEBUG [oracle.clouddev.test.selenium.components.AssertElement] Check condition (element is visible) for element [By.xpath: .//div[contains(@class,&apos;oj-dialog&apos;)]/div[@id=&apos;repository-dialog&apos;]/..] on http://ucf2c-dcs-release-hub1.opcdeveloper.oracleinternalucf2c.oraclecorp.com/qa-dev/#projects/qa-dev_test-shared-project1-1460525673052/admin/scm?open.
2016-04-12 23:13:45,891 DEBUG [oracle.clouddev.test.selenium.components.AssertElement] Check condition (element is visible) for element [By.xpath: .//input[@id=&apos;repo-name&apos;] under [By.xpath: .//div[contains(@class,&apos;oj-dialog&apos;)]/div[@id=&apos;repository-dialog&apos;]/..]] on http://ucf2c-dcs-release-hub1.opcdeveloper.oracleinternalucf2c.oraclecorp.com/qa-dev/#projects/qa-dev_test-shared-project1-1460525673052/admin/scm?open.
2016-04-12 23:13:45,954 DEBUG [oracle.clouddev.test.selenium.components.AssertElement] Check condition (NOT (element is readonly)) for element [By.xpath: .//input[@id=&apos;repo-name&apos;] under [By.xpath: .//div[contains(@class,&apos;oj-dialog&apos;)]/div[@id=&apos;repository-dialog&apos;]/..]] on http://ucf2c-dcs-release-hub1.opcdeveloper.oracleinternalucf2c.oraclecorp.com/qa-dev/#projects/qa-dev_test-shared-project1-1460525673052/admin/scm?open.
2016-04-12 23:13:46,017 DEBUG [oracle.clouddev.test.selenium.components.AssertElement] Check condition (element is visible) for element [By.xpath: .//input[@id=&apos;repo-name&apos;] under [By.xpath: .//div[contains(@class,&apos;oj-dialog&apos;)]/div[@id=&apos;repository-dialog&apos;]/..]] on http://ucf2c-dcs-release-hub1.opcdeveloper.oracleinternalucf2c.oraclecorp.com/qa-dev/#projects/qa-dev_test-shared-project1-1460525673052/admin/scm?open.
2016-04-12 23:13:46,555 DEBUG [oracle.clouddev.test.selenium.components.AssertElement] Check condition (element is visible) for element [By.xpath: .//textarea[@id=&apos;repo-description&apos;] under [By.xpath: .//div[contains(@class,&apos;oj-dialog&apos;)]/div[@id=&apos;repository-dialog&apos;]/..]] on http://ucf2c-dcs-release-hub1.opcdeveloper.oracleinternalucf2c.oraclecorp.com/qa-dev/#projects/qa-dev_test-shared-project1-1460525673052/admin/scm?open.
2016-04-12 23:13:46,626 DEBUG [oracle.clouddev.test.selenium.components.AssertElement] Check condition (element is visible) for element [By.xpath: .//textarea[@id=&apos;repo-description&apos;] under [By.xpath: .//div[contains(@class,&apos;oj-dialog&apos;)]/div[@id=&apos;repository-dialog&apos;]/..]] on http://ucf2c-dcs-release-hub1.opcdeveloper.oracleinternalucf2c.oraclecorp.com/qa-dev/#projects/qa-dev_test-shared-project1-1460525673052/admin/scm?open.
2016-04-12 23:13:47,111 DEBUG [oracle.clouddev.test.selenium.components.AssertElement] Check condition (element is visible) for element [By.id: repo-initial-radio under [By.xpath: .//div[contains(@class,&apos;oj-dialog&apos;)]/div[@id=&apos;repository-dialog&apos;]/..]] on http://ucf2c-dcs-release-hub1.opcdeveloper.oracleinternalucf2c.oraclecorp.com/qa-dev/#projects/qa-dev_test-shared-project1-1460525673052/admin/scm?open.
2016-04-12 23:13:47,185 DEBUG [oracle.clouddev.test.selenium.components.AssertElement] Check condition (element is enabled) for element [By.id: repo-initial-radio under [By.xpath: .//div[contains(@class,&apos;oj-dialog&apos;)]/div[@id=&apos;repository-dialog&apos;]/..]] on http://ucf2c-dcs-release-hub1.opcdeveloper.oracleinternalucf2c.oraclecorp.com/qa-dev/#projects/qa-dev_test-shared-project1-1460525673052/admin/scm?open.
2016-04-12 23:13:47,434 DEBUG [oracle.clouddev.test.selenium.components.AssertElement] Check condition (element is visible) for element [input#repo-initial-readme under [By.id: repo-initial-radio under [By.xpath: .//div[contains(@class,&apos;oj-dialog&apos;)]/div[@id=&apos;repository-dialog&apos;]/..]]] on http://ucf2c-dcs-release-hub1.opcdeveloper.oracleinternalucf2c.oraclecorp.com/qa-dev/#projects/qa-dev_test-shared-project1-1460525673052/admin/scm?open.
2016-04-12 23:13:47,690 DEBUG [oracle.clouddev.test.selenium.components.AssertElement] Check condition (element is visible) for element [By.xpath: .//*[(self::button or self::a or self::input) and @id=&apos;repo-button-create&apos;] under [By.xpath: .//div[contains(@class,&apos;oj-dialog&apos;)]/div[@id=&apos;repository-dialog&apos;]/..]] on http://ucf2c-dcs-release-hub1.opcdeveloper.oracleinternalucf2c.oraclecorp.com/qa-dev/#projects/qa-dev_test-shared-project1-1460525673052/admin/scm?open.
2016-04-12 23:13:47,872 DEBUG [oracle.clouddev.test.selenium.components.AssertElement] Check condition (element has style class &apos;oj-enabled&apos;) for element [By.xpath: .//*[(self::button or self::a or self::input) and @id=&apos;repo-button-create&apos;] under [By.xpath: .//div[contains(@class,&apos;oj-dialog&apos;)]/div[@id=&apos;repository-dialog&apos;]/..]] on http://ucf2c-dcs-release-hub1.opcdeveloper.oracleinternalucf2c.oraclecorp.com/qa-dev/#projects/qa-dev_test-shared-project1-1460525673052/admin/scm?open.
2016-04-12 23:13:47,968 DEBUG [oracle.clouddev.test.selenium.components.AssertElement] Check condition (element is visible) for element [By.xpath: .//*[(self::button or self::a or self::input) and @id=&apos;repo-button-create&apos;] under [By.xpath: .//div[contains(@class,&apos;oj-dialog&apos;)]/div[@id=&apos;repository-dialog&apos;]/..]] on http://ucf2c-dcs-release-hub1.opcdeveloper.oracleinternalucf2c.oraclecorp.com/qa-dev/#projects/qa-dev_test-shared-project1-1460525673052/admin/scm?open.
2016-04-12 23:13:48,025 DEBUG [oracle.clouddev.test.selenium.components.AssertElement] Check condition (element has style class &apos;oj-enabled&apos;) for element [By.xpath: .//*[(self::button or self::a or self::input) and @id=&apos;repo-button-create&apos;] under [By.xpath: .//div[contains(@class,&apos;oj-dialog&apos;)]/div[@id=&apos;repository-dialog&apos;]/..]] on http://ucf2c-dcs-release-hub1.opcdeveloper.oracleinternalucf2c.oraclecorp.com/qa-dev/#projects/qa-dev_test-shared-project1-1460525673052/admin/scm?open.
2016-04-12 23:13:48,568 DEBUG [oracle.clouddev.test.selenium.components.AssertElement] Check condition (NOT (element is visible)) for element [By.xpath: .//div[contains(@class,&apos;oj-dialog&apos;)]/div[@id=&apos;repository-dialog&apos;]/..] on http://ucf2c-dcs-release-hub1.opcdeveloper.oracleinternalucf2c.oraclecorp.com/qa-dev/#projects/qa-dev_test-shared-project1-1460525673052/admin/scm?open.
2016-04-12 23:13:49,739 DEBUG [oracle.clouddev.test.selenium.components.AssertElement] Check condition (element is visible) for element [By.xpath: .//li[contains(@class, &apos;hosted-repo-list-item&apos;)]//h4[contains(@class, &apos;repo-list-name&apos;)]/a[contains(text(), &apos;admin_automation&apos;)] under [By.xpath: .//div[@id=&apos;hosted-repo&apos;]]] on http://ucf2c-dcs-release-hub1.opcdeveloper.oracleinternalucf2c.oraclecorp.com/qa-dev/#projects/qa-dev_test-shared-project1-1460525673052/admin/scm?open.
2016-04-12 23:13:49,813 DEBUG [oracle.clouddev.test.selenium.components.AssertElement] Check condition (NOT (element is visible)) for element [By.xpath: .//span[contains(@class, &apos;repo-status&apos;) and contains(@class, &apos;repo-importing&apos;)] under [By.xpath: .//li[contains(@class, &apos;hosted-repo-list-item&apos;)]//h4[contains(@class, &apos;repo-list-name&apos;)]/a[contains(text(), &apos;admin_automation&apos;)] under [By.xpath: .//div[@id=&apos;hosted-repo&apos;]]]] on http://ucf2c-dcs-release-hub1.opcdeveloper.oracleinternalucf2c.oraclecorp.com/qa-dev/#projects/qa-dev_test-shared-project1-1460525673052/admin/scm?open.
2016-04-12 23:13:50,931 DEBUG [oracle.clouddev.test.selenium.components.AssertElement] Check condition (element has style class &apos;repo-empty&apos;) for element [By.xpath: .//span[contains(@class, &apos;repo-status&apos;) and contains(@class, &apos;repo-importing&apos;)] under [By.xpath: .//li[contains(@class, &apos;hosted-repo-list-item&apos;)]//h4[contains(@class, &apos;repo-list-name&apos;)]/a[contains(text(), &apos;admin_automation&apos;)] under [By.xpath: .//div[@id=&apos;hosted-repo&apos;]]]] on http://ucf2c-dcs-release-hub1.opcdeveloper.oracleinternalucf2c.oraclecorp.com/qa-dev/#projects/qa-dev_test-shared-project1-1460525673052/admin/scm?open without wait.
2016-04-12 23:13:55,917 DEBUG [oracle.clouddev.test.selenium.components.AssertElement] Check condition (element is visible) for element [By.xpath: .//div[contains(@class, &apos;repo-list-detail&apos;)]/h4[contains(@class, &apos;repo-list-name&apos;)]/a under [li#repo-list-hosted-0-item under [By.xpath: .//div[@id=&apos;hosted-repo&apos;]]]] on http://ucf2c-dcs-release-hub1.opcdeveloper.oracleinternalucf2c.oraclecorp.com/qa-dev/#projects/qa-dev_test-shared-project1-1460525673052/admin/scm?open.
2016-04-12 23:13:56,035 DEBUG [oracle.clouddev.test.selenium.components.AssertElement] Check condition (element is visible) for element [By.xpath: .//div[contains(@class, &apos;repo-list-detail&apos;)]/h4[contains(@class, &apos;repo-list-name&apos;)]/a under [li#repo-list-hosted-1-item under [By.xpath: .//div[@id=&apos;hosted-repo&apos;]]]] on http://ucf2c-dcs-release-hub1.opcdeveloper.oracleinternalucf2c.oraclecorp.com/qa-dev/#projects/qa-dev_test-shared-project1-1460525673052/admin/scm?open.
2016-04-12 23:13:56,144 DEBUG [oracle.clouddev.test.selenium.components.AssertElement] Check condition (element is visible) for element [By.xpath: .//div[contains(@class, &apos;repo-list-detail&apos;)]/h4[contains(@class, &apos;repo-list-name&apos;)]/a under [li#repo-list-hosted-2-item under [By.xpath: .//div[@id=&apos;hosted-repo&apos;]]]] on http://ucf2c-dcs-release-hub1.opcdeveloper.oracleinternalucf2c.oraclecorp.com/qa-dev/#projects/qa-dev_test-shared-project1-1460525673052/admin/scm?open.
2016-04-12 23:13:56,195 DEBUG [oracle.clouddev.test.selenium.components.AssertElement] Check condition (element is visible) for element [By.xpath: .//div[contains(text(),&apos;Description for automation repository&apos;)] under [By.xpath: .//div[@id=&apos;hosted-repo&apos;]]] on http://ucf2c-dcs-release-hub1.opcdeveloper.oracleinternalucf2c.oraclecorp.com/qa-dev/#projects/qa-dev_test-shared-project1-1460525673052/admin/scm?open.
2016-04-12 23:13:56,229 DEBUG [oracle.clouddev.test.selenium.components.AssertElement] Check condition (NOT (element is visible)) for element [By.xpath: .//ul[@id=&apos;repo-menu-list&apos;]] on http://ucf2c-dcs-release-hub1.opcdeveloper.oracleinternalucf2c.oraclecorp.com/qa-dev/#projects/qa-dev_test-shared-project1-1460525673052/admin/scm?open.
2016-04-12 23:13:56,255 DEBUG [oracle.clouddev.test.selenium.components.AssertElement] Check condition (element is visible) for element [By.xpath: ./../.. under [By.xpath: .//div[contains(text(),&apos;Description for automation repository&apos;)] under [By.xpath: .//div[@id=&apos;hosted-repo&apos;]]]] on http://ucf2c-dcs-release-hub1.opcdeveloper.oracleinternalucf2c.oraclecorp.com/qa-dev/#projects/qa-dev_test-shared-project1-1460525673052/admin/scm?open.
2016-04-12 23:13:57,025 DEBUG [oracle.clouddev.test.selenium.components.AssertElement] Check condition (element is visible) for element [By.xpath: .//ul[@id=&apos;repo-menu-list&apos;]] on http://ucf2c-dcs-release-hub1.opcdeveloper.oracleinternalucf2c.oraclecorp.com/qa-dev/#projects/qa-dev_test-shared-project1-1460525673052/admin/scm?open.
2016-04-12 23:13:57,070 DEBUG [oracle.clouddev.test.selenium.components.AssertElement] Check condition (element is visible) for element [By.xpath: .//li[@id=&apos;edit&apos;] under [By.xpath: .//ul[@id=&apos;repo-menu-list&apos;]]] on http://ucf2c-dcs-release-hub1.opcdeveloper.oracleinternalucf2c.oraclecorp.com/qa-dev/#projects/qa-dev_test-shared-project1-1460525673052/admin/scm?open.
2016-04-12 23:13:57,145 DEBUG [oracle.clouddev.test.selenium.components.AssertElement] Check condition (element is visible) for element [By.xpath: .//li[@id=&apos;edit&apos;] under [By.xpath: .//ul[@id=&apos;repo-menu-list&apos;]]] on http://ucf2c-dcs-release-hub1.opcdeveloper.oracleinternalucf2c.oraclecorp.com/qa-dev/#projects/qa-dev_test-shared-project1-1460525673052/admin/scm?open.
2016-04-12 23:13:57,779 DEBUG [oracle.clouddev.test.selenium.components.AssertElement] Check condition (element is visible) for element [By.xpath: .//div[contains(@class,&apos;oj-dialog&apos;)]/div[@id=&apos;repository-dialog&apos;]/..] on http://ucf2c-dcs-release-hub1.opcdeveloper.oracleinternalucf2c.oraclecorp.com/qa-dev/#projects/qa-dev_test-shared-project1-1460525673052/admin/scm?open.
2016-04-12 23:13:57,823 DEBUG [oracle.clouddev.test.selenium.components.AssertElement] Check condition (element is visible) for element [By.xpath: .//textarea[@id=&apos;repo-description&apos;] under [By.xpath: .//div[contains(@class,&apos;oj-dialog&apos;)]/div[@id=&apos;repository-dialog&apos;]/..]] on http://ucf2c-dcs-release-hub1.opcdeveloper.oracleinternalucf2c.oraclecorp.com/qa-dev/#projects/qa-dev_test-shared-project1-1460525673052/admin/scm?open.
2016-04-12 23:13:57,885 DEBUG [oracle.clouddev.test.selenium.components.AssertElement] Check condition (element is visible) for element [By.xpath: .//textarea[@id=&apos;repo-description&apos;] under [By.xpath: .//div[contains(@class,&apos;oj-dialog&apos;)]/div[@id=&apos;repository-dialog&apos;]/..]] on http://ucf2c-dcs-release-hub1.opcdeveloper.oracleinternalucf2c.oraclecorp.com/qa-dev/#projects/qa-dev_test-shared-project1-1460525673052/admin/scm?open.
2016-04-12 23:13:58,612 DEBUG [oracle.clouddev.test.selenium.components.AssertElement] Check condition (element exists) for element [By.id: repo-head under [By.xpath: .//div[contains(@class,&apos;oj-dialog&apos;)]/div[@id=&apos;repository-dialog&apos;]/..]] on http://ucf2c-dcs-release-hub1.opcdeveloper.oracleinternalucf2c.oraclecorp.com/qa-dev/#projects/qa-dev_test-shared-project1-1460525673052/admin/scm?open.
2016-04-12 23:13:58,657 DEBUG [oracle.clouddev.test.selenium.components.AssertElement] Check condition (element is visible) for element [By.xpath: ../div[contains(@class, &apos;oj-select&apos;)] under [By.id: repo-head under [By.xpath: .//div[contains(@class,&apos;oj-dialog&apos;)]/div[@id=&apos;repository-dialog&apos;]/..]]] on http://ucf2c-dcs-release-hub1.opcdeveloper.oracleinternalucf2c.oraclecorp.com/qa-dev/#projects/qa-dev_test-shared-project1-1460525673052/admin/scm?open.
2016-04-12 23:13:58,727 DEBUG [oracle.clouddev.test.selenium.components.AssertElement] Check condition (NOT (element has style class &apos;oj-disabled&apos;)) for element [By.xpath: ../div[contains(@class, &apos;oj-select&apos;)] under [By.id: repo-head under [By.xpath: .//div[contains(@class,&apos;oj-dialog&apos;)]/div[@id=&apos;repository-dialog&apos;]/..]]] on http://ucf2c-dcs-release-hub1.opcdeveloper.oracleinternalucf2c.oraclecorp.com/qa-dev/#projects/qa-dev_test-shared-project1-1460525673052/admin/scm?open.
2016-04-12 23:13:58,819 DEBUG [oracle.clouddev.test.selenium.components.AssertElement] Check condition (element exists) for element [By.xpath: ./div[contains(@class, &apos;oj-select-choice&apos;)] under [By.xpath: ../div[contains(@class, &apos;oj-select&apos;)] under [By.id: repo-head under [By.xpath: .//div[contains(@class,&apos;oj-dialog&apos;)]/div[@id=&apos;repository-dialog&apos;]/..]]]] on http://ucf2c-dcs-release-hub1.opcdeveloper.oracleinternalucf2c.oraclecorp.com/qa-dev/#projects/qa-dev_test-shared-project1-1460525673052/admin/scm?open.
2016-04-12 23:13:58,853 DEBUG [oracle.clouddev.test.selenium.components.AssertElement] Check condition (NOT (element is visible)) for element [By.xpath: ./following-sibling::select[contains(@data-bind, &apos;ojSelect&apos;)] under [By.xpath: ../div[contains(@class, &apos;oj-select&apos;)] under [By.id: repo-head under [By.xpath: .//div[contains(@class,&apos;oj-dialog&apos;)]/div[@id=&apos;repository-dialog&apos;]/..]]]] on http://ucf2c-dcs-release-hub1.opcdeveloper.oracleinternalucf2c.oraclecorp.com/qa-dev/#projects/qa-dev_test-shared-project1-1460525673052/admin/scm?open.
2016-04-12 23:13:58,891 DEBUG [oracle.clouddev.test.selenium.components.AssertElement] Check condition (element is visible) for element [By.xpath: . under [By.xpath: ../div[contains(@class, &apos;oj-select&apos;)] under [By.id: repo-head under [By.xpath: .//div[contains(@class,&apos;oj-dialog&apos;)]/div[@id=&apos;repository-dialog&apos;]/..]]]] on http://ucf2c-dcs-release-hub1.opcdeveloper.oracleinternalucf2c.oraclecorp.com/qa-dev/#projects/qa-dev_test-shared-project1-1460525673052/admin/scm?open.
2016-04-12 23:13:58,942 DEBUG [oracle.clouddev.test.selenium.components.AssertElement] Check condition (element is enabled) for element [By.xpath: . under [By.xpath: ../div[contains(@class, &apos;oj-select&apos;)] under [By.id: repo-head under [By.xpath: .//div[contains(@class,&apos;oj-dialog&apos;)]/div[@id=&apos;repository-dialog&apos;]/..]]]] on http://ucf2c-dcs-release-hub1.opcdeveloper.oracleinternalucf2c.oraclecorp.com/qa-dev/#projects/qa-dev_test-shared-project1-1460525673052/admin/scm?open.
2016-04-12 23:13:59,084 DEBUG [oracle.clouddev.test.selenium.components.AssertElement] Check condition (element is visible) for element [By.xpath: .//a[contains(@class, &apos;oj-select-arrow&apos;)] under [By.xpath: . under [By.xpath: ../div[contains(@class, &apos;oj-select&apos;)] under [By.id: repo-head under [By.xpath: .//div[contains(@class,&apos;oj-dialog&apos;)]/div[@id=&apos;repository-dialog&apos;]/..]]]]] on http://ucf2c-dcs-release-hub1.opcdeveloper.oracleinternalucf2c.oraclecorp.com/qa-dev/#projects/qa-dev_test-shared-project1-1460525673052/admin/scm?open.
2016-04-12 23:13:59,208 DEBUG [oracle.clouddev.test.selenium.components.AssertElement] Check condition (element is visible) for element [By.xpath: .//a[contains(@class, &apos;oj-select-arrow&apos;)] under [By.xpath: . under [By.xpath: ../div[contains(@class, &apos;oj-select&apos;)] under [By.id: repo-head under [By.xpath: .//div[contains(@class,&apos;oj-dialog&apos;)]/div[@id=&apos;repository-dialog&apos;]/..]]]]] on http://ucf2c-dcs-release-hub1.opcdeveloper.oracleinternalucf2c.oraclecorp.com/qa-dev/#projects/qa-dev_test-shared-project1-1460525673052/admin/scm?open.
2016-04-12 23:13:59,582 DEBUG [oracle.clouddev.test.selenium.components.AssertElement] Check condition (element is visible) for element [By.xpath: .//div[@id=&apos;oj-listbox-drop&apos;]] on http://ucf2c-dcs-release-hub1.opcdeveloper.oracleinternalucf2c.oraclecorp.com/qa-dev/#projects/qa-dev_test-shared-project1-1460525673052/admin/scm?open.
2016-04-12 23:13:59,683 DEBUG [oracle.clouddev.test.selenium.components.AssertElement] Check condition (element is visible) for element [By.xpath: . under [By.xpath: ../div[contains(@class, &apos;oj-select&apos;)] under [By.id: repo-head under [By.xpath: .//div[contains(@class,&apos;oj-dialog&apos;)]/div[@id=&apos;repository-dialog&apos;]/..]]]] on http://ucf2c-dcs-release-hub1.opcdeveloper.oracleinternalucf2c.oraclecorp.com/qa-dev/#projects/qa-dev_test-shared-project1-1460525673052/admin/scm?open.
2016-04-12 23:13:59,765 DEBUG [oracle.clouddev.test.selenium.components.AssertElement] Check condition (element is enabled) for element [By.xpath: . under [By.xpath: ../div[contains(@class, &apos;oj-select&apos;)] under [By.id: repo-head under [By.xpath: .//div[contains(@class,&apos;oj-dialog&apos;)]/div[@id=&apos;repository-dialog&apos;]/..]]]] on http://ucf2c-dcs-release-hub1.opcdeveloper.oracleinternalucf2c.oraclecorp.com/qa-dev/#projects/qa-dev_test-shared-project1-1460525673052/admin/scm?open.
2016-04-12 23:13:59,915 DEBUG [oracle.clouddev.test.selenium.components.AssertElement] Check condition (element is visible) for element [By.xpath: .//a[contains(@class, &apos;oj-select-arrow&apos;)] under [By.xpath: . under [By.xpath: ../div[contains(@class, &apos;oj-select&apos;)] under [By.id: repo-head under [By.xpath: .//div[contains(@class,&apos;oj-dialog&apos;)]/div[@id=&apos;repository-dialog&apos;]/..]]]]] on http://ucf2c-dcs-release-hub1.opcdeveloper.oracleinternalucf2c.oraclecorp.com/qa-dev/#projects/qa-dev_test-shared-project1-1460525673052/admin/scm?open.
2016-04-12 23:13:59,979 DEBUG [oracle.clouddev.test.selenium.components.AssertElement] Check condition (element is visible) for element [By.xpath: .//a[contains(@class, &apos;oj-select-arrow&apos;)] under [By.xpath: . under [By.xpath: ../div[contains(@class, &apos;oj-select&apos;)] under [By.id: repo-head under [By.xpath: .//div[contains(@class,&apos;oj-dialog&apos;)]/div[@id=&apos;repository-dialog&apos;]/..]]]]] on http://ucf2c-dcs-release-hub1.opcdeveloper.oracleinternalucf2c.oraclecorp.com/qa-dev/#projects/qa-dev_test-shared-project1-1460525673052/admin/scm?open.
2016-04-12 23:14:00,208 DEBUG [oracle.clouddev.test.selenium.components.AssertElement] Check condition (element is visible) for element [By.xpath: .//span[contains(@class, &apos;oj-select-chosen&apos;)] under [By.xpath: ../div[contains(@class, &apos;oj-select&apos;)] under [By.id: repo-head under [By.xpath: .//div[contains(@class,&apos;oj-dialog&apos;)]/div[@id=&apos;repository-dialog&apos;]/..]]]] on http://ucf2c-dcs-release-hub1.opcdeveloper.oracleinternalucf2c.oraclecorp.com/qa-dev/#projects/qa-dev_test-shared-project1-1460525673052/admin/scm?open.
2016-04-12 23:14:00,338 DEBUG [oracle.clouddev.test.selenium.components.AssertElement] Check condition (element is visible) for element [By.xpath: .//span[contains(@class, &apos;oj-select-chosen&apos;)] under [By.xpath: ../div[contains(@class, &apos;oj-select&apos;)] under [By.id: repo-head under [By.xpath: .//div[contains(@class,&apos;oj-dialog&apos;)]/div[@id=&apos;repository-dialog&apos;]/..]]]] on http://ucf2c-dcs-release-hub1.opcdeveloper.oracleinternalucf2c.oraclecorp.com/qa-dev/#projects/qa-dev_test-shared-project1-1460525673052/admin/scm?open.
2016-04-12 23:14:00,480 DEBUG [oracle.clouddev.test.selenium.components.AssertElement] Check condition (element is visible) for element [By.xpath: .//*[(self::button or self::a or self::input) and @id=&apos;repo-button-update&apos;] under [By.xpath: .//div[contains(@class,&apos;oj-dialog&apos;)]/div[@id=&apos;repository-dialog&apos;]/..]] on http://ucf2c-dcs-release-hub1.opcdeveloper.oracleinternalucf2c.oraclecorp.com/qa-dev/#projects/qa-dev_test-shared-project1-1460525673052/admin/scm?open.
2016-04-12 23:14:00,513 DEBUG [oracle.clouddev.test.selenium.components.AssertElement] Check condition (element has style class &apos;oj-enabled&apos;) for element [By.xpath: .//*[(self::button or self::a or self::input) and @id=&apos;repo-button-update&apos;] under [By.xpath: .//div[contains(@class,&apos;oj-dialog&apos;)]/div[@id=&apos;repository-dialog&apos;]/..]] on http://ucf2c-dcs-release-hub1.opcdeveloper.oracleinternalucf2c.oraclecorp.com/qa-dev/#projects/qa-dev_test-shared-project1-1460525673052/admin/scm?open.
2016-04-12 23:14:00,544 DEBUG [oracle.clouddev.test.selenium.components.AssertElement] Check condition (element is visible) for element [By.xpath: .//*[(self::button or self::a or self::input) and @id=&apos;repo-button-update&apos;] under [By.xpath: .//div[contains(@class,&apos;oj-dialog&apos;)]/div[@id=&apos;repository-dialog&apos;]/..]] on http://ucf2c-dcs-release-hub1.opcdeveloper.oracleinternalucf2c.oraclecorp.com/qa-dev/#projects/qa-dev_test-shared-project1-1460525673052/admin/scm?open.
2016-04-12 23:14:00,585 DEBUG [oracle.clouddev.test.selenium.components.AssertElement] Check condition (element has style class &apos;oj-enabled&apos;) for element [By.xpath: .//*[(self::button or self::a or self::input) and @id=&apos;repo-button-update&apos;] under [By.xpath: .//div[contains(@class,&apos;oj-dialog&apos;)]/div[@id=&apos;repository-dialog&apos;]/..]] on http://ucf2c-dcs-release-hub1.opcdeveloper.oracleinternalucf2c.oraclecorp.com/qa-dev/#projects/qa-dev_test-shared-project1-1460525673052/admin/scm?open.
2016-04-12 23:14:01,001 DEBUG [oracle.clouddev.test.selenium.components.AssertElement] Check condition (NOT (element is visible)) for element [By.xpath: .//div[contains(@class,&apos;oj-dialog&apos;)]/div[@id=&apos;repository-dialog&apos;]/..] on http://ucf2c-dcs-release-hub1.opcdeveloper.oracleinternalucf2c.oraclecorp.com/qa-dev/#projects/qa-dev_test-shared-project1-1460525673052/admin/scm?open.
2016-04-12 23:14:03,857 DEBUG [oracle.clouddev.test.selenium.components.AssertElement] Check condition (element is visible) for element [By.xpath: .//div[contains(text(),&apos;Description for automation repository&apos;)] under [By.xpath: .//div[@id=&apos;hosted-repo&apos;]]] on http://ucf2c-dcs-release-hub1.opcdeveloper.oracleinternalucf2c.oraclecorp.com/qa-dev/#projects/qa-dev_test-shared-project1-1460525673052/admin/scm?open.
2016-04-12 23:14:05,930 DEBUG [oracle.clouddev.test.selenium.components.AssertElement] Check condition (oracle.clouddev.test.selenium.components.Conditions$5@753c8d1c) for element [By.xpath: .//div[contains(text(),&apos;Description for automation repository&apos;)] under [By.xpath: .//div[@id=&apos;hosted-repo&apos;]]] on http://ucf2c-dcs-release-hub1.opcdeveloper.oracleinternalucf2c.oraclecorp.com/qa-dev/#projects/qa-dev_test-shared-project1-1460525673052/admin/scm?open.
2016-04-12 23:14:06,664 DEBUG [oracle.clouddev.test.selenium.components.AssertElement] Check condition (element is visible) for element [By.xpath: .//ul[@id=&apos;repo-menu-list&apos;]] on http://ucf2c-dcs-release-hub1.opcdeveloper.oracleinternalucf2c.oraclecorp.com/qa-dev/#projects/qa-dev_test-shared-project1-1460525673052/admin/scm?open.
2016-04-12 23:14:06,722 DEBUG [oracle.clouddev.test.selenium.components.AssertElement] Check condition (element is visible) for element [By.xpath: .//li[@id=&apos;delete&apos;] under [By.xpath: .//ul[@id=&apos;repo-menu-list&apos;]]] on http://ucf2c-dcs-release-hub1.opcdeveloper.oracleinternalucf2c.oraclecorp.com/qa-dev/#projects/qa-dev_test-shared-project1-1460525673052/admin/scm?open.
2016-04-12 23:14:06,783 DEBUG [oracle.clouddev.test.selenium.components.AssertElement] Check condition (element is visible) for element [By.xpath: .//li[@id=&apos;delete&apos;] under [By.xpath: .//ul[@id=&apos;repo-menu-list&apos;]]] on http://ucf2c-dcs-release-hub1.opcdeveloper.oracleinternalucf2c.oraclecorp.com/qa-dev/#projects/qa-dev_test-shared-project1-1460525673052/admin/scm?open.
2016-04-12 23:14:07,088 DEBUG [oracle.clouddev.test.selenium.components.AssertElement] Check condition (NOT (element is visible)) for element [By.xpath: .//ul[@id=&apos;repo-menu-list&apos;]] on http://ucf2c-dcs-release-hub1.opcdeveloper.oracleinternalucf2c.oraclecorp.com/qa-dev/#projects/qa-dev_test-shared-project1-1460525673052/admin/scm?open.
2016-04-12 23:14:07,120 DEBUG [oracle.clouddev.test.selenium.components.AssertElement] Check condition (element is visible) for element [By.xpath: .//div[contains(@class,&apos;oj-dialog&apos;)]/div[@id=&apos;remove-repo-dialog&apos;]/..] on http://ucf2c-dcs-release-hub1.opcdeveloper.oracleinternalucf2c.oraclecorp.com/qa-dev/#projects/qa-dev_test-shared-project1-1460525673052/admin/scm?open.
2016-04-12 23:14:07,144 DEBUG [oracle.clouddev.test.selenium.components.AssertElement] Check condition (element is visible) for element [By.xpath: .//*[(self::button or self::a or self::input) and @id=&apos;confirm-button&apos;] under [By.xpath: .//div[contains(@class,&apos;oj-dialog&apos;)]/div[@id=&apos;remove-repo-dialog&apos;]/..]] on http://ucf2c-dcs-release-hub1.opcdeveloper.oracleinternalucf2c.oraclecorp.com/qa-dev/#projects/qa-dev_test-shared-project1-1460525673052/admin/scm?open.
2016-04-12 23:14:07,180 DEBUG [oracle.clouddev.test.selenium.components.AssertElement] Check condition (element has style class &apos;oj-enabled&apos;) for element [By.xpath: .//*[(self::button or self::a or self::input) and @id=&apos;confirm-button&apos;] under [By.xpath: .//div[contains(@class,&apos;oj-dialog&apos;)]/div[@id=&apos;remove-repo-dialog&apos;]/..]] on http://ucf2c-dcs-release-hub1.opcdeveloper.oracleinternalucf2c.oraclecorp.com/qa-dev/#projects/qa-dev_test-shared-project1-1460525673052/admin/scm?open.
2016-04-12 23:14:07,211 DEBUG [oracle.clouddev.test.selenium.components.AssertElement] Check condition (element is visible) for element [By.xpath: .//*[(self::button or self::a or self::input) and @id=&apos;confirm-button&apos;] under [By.xpath: .//div[contains(@class,&apos;oj-dialog&apos;)]/div[@id=&apos;remove-repo-dialog&apos;]/..]] on http://ucf2c-dcs-release-hub1.opcdeveloper.oracleinternalucf2c.oraclecorp.com/qa-dev/#projects/qa-dev_test-shared-project1-1460525673052/admin/scm?open.
2016-04-12 23:14:07,242 DEBUG [oracle.clouddev.test.selenium.components.AssertElement] Check condition (element has style class &apos;oj-enabled&apos;) for element [By.xpath: .//*[(self::button or self::a or self::input) and @id=&apos;confirm-button&apos;] under [By.xpath: .//div[contains(@class,&apos;oj-dialog&apos;)]/div[@id=&apos;remove-repo-dialog&apos;]/..]] on http://ucf2c-dcs-release-hub1.opcdeveloper.oracleinternalucf2c.oraclecorp.com/qa-dev/#projects/qa-dev_test-shared-project1-1460525673052/admin/scm?open.
2016-04-12 23:14:08,587 DEBUG [oracle.clouddev.test.selenium.components.AssertElement] Check condition (NOT (element is visible)) for element [By.xpath: .//div[contains(@class,&apos;oj-dialog&apos;)]/div[@id=&apos;remove-repo-dialog&apos;]/..] on http://ucf2c-dcs-release-hub1.opcdeveloper.oracleinternalucf2c.oraclecorp.com/qa-dev/#projects/qa-dev_test-shared-project1-1460525673052/admin/scm?open.
2016-04-12 23:14:12,410 DEBUG [oracle.clouddev.test.selenium.components.AssertElement] Check condition (element is visible) for element [By.xpath: .//div[contains(@class, &apos;repo-list-detail&apos;)]/h4[contains(@class, &apos;repo-list-name&apos;)]/a under [li#repo-list-hosted-0-item under [By.xpath: .//div[@id=&apos;hosted-repo&apos;]]]] on http://ucf2c-dcs-release-hub1.opcdeveloper.oracleinternalucf2c.oraclecorp.com/qa-dev/#projects/qa-dev_test-shared-project1-1460525673052/admin/scm?open.
2016-04-12 23:14:12,481 DEBUG [oracle.clouddev.test.selenium.components.AssertElement] Check condition (element is visible) for element [By.xpath: .//div[contains(@class, &apos;repo-list-detail&apos;)]/h4[contains(@class, &apos;repo-list-name&apos;)]/a under [li#repo-list-hosted-1-item under [By.xpath: .//div[@id=&apos;hosted-repo&apos;]]]] on http://ucf2c-dcs-release-hub1.opcdeveloper.oracleinternalucf2c.oraclecorp.com/qa-dev/#projects/qa-dev_test-shared-project1-1460525673052/admin/scm?open.
2016-04-12 23:14:12,533 DEBUG [oracle.clouddev.test.selenium.components.AssertElement] Check condition (element is visible) for element [By.xpath: .//div[@id=&apos;external-repo&apos;]] on http://ucf2c-dcs-release-hub1.opcdeveloper.oracleinternalucf2c.oraclecorp.com/qa-dev/#projects/qa-dev_test-shared-project1-1460525673052/admin/scm?open.
2016-04-12 23:14:12,573 DEBUG [oracle.clouddev.test.selenium.components.AssertElement] Check condition (element is visible) for element [By.xpath: .//*[(self::ul or self::div) and @id=&apos;external-repo-list-content&apos;] under [By.xpath: .//div[@id=&apos;external-repo&apos;]]] on http://ucf2c-dcs-release-hub1.opcdeveloper.oracleinternalucf2c.oraclecorp.com/qa-dev/#projects/qa-dev_test-shared-project1-1460525673052/admin/scm?open without wait.
2016-04-12 23:14:13,635 DEBUG [oracle.clouddev.test.selenium.components.AssertElement] Check condition (element is visible) for element [By.xpath: .//*[(self::button or self::a or self::input) and @id=&apos;external-repo-add&apos;]] on http://ucf2c-dcs-release-hub1.opcdeveloper.oracleinternalucf2c.oraclecorp.com/qa-dev/#projects/qa-dev_test-shared-project1-1460525673052/admin/scm?open.
2016-04-12 23:14:13,687 DEBUG [oracle.clouddev.test.selenium.components.AssertElement] Check condition (element has style class &apos;oj-enabled&apos;) for element [By.xpath: .//*[(self::button or self::a or self::input) and @id=&apos;external-repo-add&apos;]] on http://ucf2c-dcs-release-hub1.opcdeveloper.oracleinternalucf2c.oraclecorp.com/qa-dev/#projects/qa-dev_test-shared-project1-1460525673052/admin/scm?open.
2016-04-12 23:14:13,725 DEBUG [oracle.clouddev.test.selenium.components.AssertElement] Check condition (element is visible) for element [By.xpath: .//*[(self::button or self::a or self::input) and @id=&apos;external-repo-add&apos;]] on http://ucf2c-dcs-release-hub1.opcdeveloper.oracleinternalucf2c.oraclecorp.com/qa-dev/#projects/qa-dev_test-shared-project1-1460525673052/admin/scm?open.
2016-04-12 23:14:13,759 DEBUG [oracle.clouddev.test.selenium.components.AssertElement] Check condition (element has style class &apos;oj-enabled&apos;) for element [By.xpath: .//*[(self::button or self::a or self::input) and @id=&apos;external-repo-add&apos;]] on http://ucf2c-dcs-release-hub1.opcdeveloper.oracleinternalucf2c.oraclecorp.com/qa-dev/#projects/qa-dev_test-shared-project1-1460525673052/admin/scm?open.
2016-04-12 23:14:14,319 DEBUG [oracle.clouddev.test.selenium.components.AssertElement] Check condition (element is visible) for element [By.xpath: .//div[contains(@class,&apos;oj-dialog&apos;)]/div[@id=&apos;repository-dialog&apos;]/..] on http://ucf2c-dcs-release-hub1.opcdeveloper.oracleinternalucf2c.oraclecorp.com/qa-dev/#projects/qa-dev_test-shared-project1-1460525673052/admin/scm?open.
2016-04-12 23:14:14,377 DEBUG [oracle.clouddev.test.selenium.components.AssertElement] Check condition (element is visible) for element [By.xpath: .//input[@id=&apos;repo-name&apos;] under [By.xpath: .//div[contains(@class,&apos;oj-dialog&apos;)]/div[@id=&apos;repository-dialog&apos;]/..]] on http://ucf2c-dcs-release-hub1.opcdeveloper.oracleinternalucf2c.oraclecorp.com/qa-dev/#projects/qa-dev_test-shared-project1-1460525673052/admin/scm?open.
2016-04-12 23:14:14,436 DEBUG [oracle.clouddev.test.selenium.components.AssertElement] Check condition (NOT (element is readonly)) for element [By.xpath: .//input[@id=&apos;repo-name&apos;] under [By.xpath: .//div[contains(@class,&apos;oj-dialog&apos;)]/div[@id=&apos;repository-dialog&apos;]/..]] on http://ucf2c-dcs-release-hub1.opcdeveloper.oracleinternalucf2c.oraclecorp.com/qa-dev/#projects/qa-dev_test-shared-project1-1460525673052/admin/scm?open.
2016-04-12 23:14:14,495 DEBUG [oracle.clouddev.test.selenium.components.AssertElement] Check condition (element is visible) for element [By.xpath: .//input[@id=&apos;repo-name&apos;] under [By.xpath: .//div[contains(@class,&apos;oj-dialog&apos;)]/div[@id=&apos;repository-dialog&apos;]/..]] on http://ucf2c-dcs-release-hub1.opcdeveloper.oracleinternalucf2c.oraclecorp.com/qa-dev/#projects/qa-dev_test-shared-project1-1460525673052/admin/scm?open.
2016-04-12 23:14:15,242 DEBUG [oracle.clouddev.test.selenium.components.AssertElement] Check condition (element is visible) for element [By.xpath: .//textarea[@id=&apos;repo-description&apos;] under [By.xpath: .//div[contains(@class,&apos;oj-dialog&apos;)]/div[@id=&apos;repository-dialog&apos;]/..]] on http://ucf2c-dcs-release-hub1.opcdeveloper.oracleinternalucf2c.oraclecorp.com/qa-dev/#projects/qa-dev_test-shared-project1-1460525673052/admin/scm?open.
2016-04-12 23:14:15,299 DEBUG [oracle.clouddev.test.selenium.components.AssertElement] Check condition (element is visible) for element [By.xpath: .//textarea[@id=&apos;repo-description&apos;] under [By.xpath: .//div[contains(@class,&apos;oj-dialog&apos;)]/div[@id=&apos;repository-dialog&apos;]/..]] on http://ucf2c-dcs-release-hub1.opcdeveloper.oracleinternalucf2c.oraclecorp.com/qa-dev/#projects/qa-dev_test-shared-project1-1460525673052/admin/scm?open.
2016-04-12 23:14:15,850 DEBUG [oracle.clouddev.test.selenium.components.AssertElement] Check condition (NOT (element is visible)) for element [By.id: repo-initial-radio under [By.xpath: .//div[contains(@class,&apos;oj-dialog&apos;)]/div[@id=&apos;repository-dialog&apos;]/..]] on http://ucf2c-dcs-release-hub1.opcdeveloper.oracleinternalucf2c.oraclecorp.com/qa-dev/#projects/qa-dev_test-shared-project1-1460525673052/admin/scm?open.
2016-04-12 23:14:16,893 DEBUG [oracle.clouddev.test.selenium.components.AssertElement] Check condition (element is visible) for element [By.xpath: .//*[(self::button or self::a or self::input) and @id=&apos;repo-button-create&apos;] under [By.xpath: .//div[contains(@class,&apos;oj-dialog&apos;)]/div[@id=&apos;repository-dialog&apos;]/..]] on http://ucf2c-dcs-release-hub1.opcdeveloper.oracleinternalucf2c.oraclecorp.com/qa-dev/#projects/qa-dev_test-shared-project1-1460525673052/admin/scm?open.
2016-04-12 23:14:16,930 DEBUG [oracle.clouddev.test.selenium.components.AssertElement] Check condition (element has style class &apos;oj-enabled&apos;) for element [By.xpath: .//*[(self::button or self::a or self::input) and @id=&apos;repo-button-create&apos;] under [By.xpath: .//div[contains(@class,&apos;oj-dialog&apos;)]/div[@id=&apos;repository-dialog&apos;]/..]] on http://ucf2c-dcs-release-hub1.opcdeveloper.oracleinternalucf2c.oraclecorp.com/qa-dev/#projects/qa-dev_test-shared-project1-1460525673052/admin/scm?open.
2016-04-12 23:14:17,016 DEBUG [oracle.clouddev.test.selenium.components.AssertElement] Check condition (element is visible) for element [By.xpath: .//*[(self::button or self::a or self::input) and @id=&apos;repo-button-create&apos;] under [By.xpath: .//div[contains(@class,&apos;oj-dialog&apos;)]/div[@id=&apos;repository-dialog&apos;]/..]] on http://ucf2c-dcs-release-hub1.opcdeveloper.oracleinternalucf2c.oraclecorp.com/qa-dev/#projects/qa-dev_test-shared-project1-1460525673052/admin/scm?open.
2016-04-12 23:14:17,054 DEBUG [oracle.clouddev.test.selenium.components.AssertElement] Check condition (element has style class &apos;oj-enabled&apos;) for element [By.xpath: .//*[(self::button or self::a or self::input) and @id=&apos;repo-button-create&apos;] under [By.xpath: .//div[contains(@class,&apos;oj-dialog&apos;)]/div[@id=&apos;repository-dialog&apos;]/..]] on http://ucf2c-dcs-release-hub1.opcdeveloper.oracleinternalucf2c.oraclecorp.com/qa-dev/#projects/qa-dev_test-shared-project1-1460525673052/admin/scm?open.
2016-04-12 23:14:17,381 DEBUG [oracle.clouddev.test.selenium.components.AssertElement] Check condition (NOT (element is visible)) for element [By.xpath: .//div[contains(@class,&apos;oj-dialog&apos;)]/div[@id=&apos;repository-dialog&apos;]/..] on http://ucf2c-dcs-release-hub1.opcdeveloper.oracleinternalucf2c.oraclecorp.com/qa-dev/#projects/qa-dev_test-shared-project1-1460525673052/admin/scm?open.
2016-04-12 23:14:19,458 DEBUG [oracle.clouddev.test.selenium.components.AssertElement] Check condition (element is visible) for element [By.xpath: ./a[contains(text(), &apos;knockout-sortable&apos;)] under [By.xpath: .//li[contains(@class, &apos;external-repo-list-item&apos;)]//h4[contains(@class, &apos;repo-list-name&apos;)] under [By.xpath: .//div[@id=&apos;external-repo&apos;]]]] on http://ucf2c-dcs-release-hub1.opcdeveloper.oracleinternalucf2c.oraclecorp.com/qa-dev/#projects/qa-dev_test-shared-project1-1460525673052/admin/scm?open.
2016-04-12 23:14:19,493 DEBUG [oracle.clouddev.test.selenium.components.AssertElement] Check condition (NOT (element is visible)) for element [By.xpath: .//span[contains(@class, &apos;repo-status&apos;) and contains(@class, &apos;repo-importing&apos;)] under [By.xpath: .//li[contains(@class, &apos;external-repo-list-item&apos;)]//h4[contains(@class, &apos;repo-list-name&apos;)] under [By.xpath: .//div[@id=&apos;external-repo&apos;]]]] on http://ucf2c-dcs-release-hub1.opcdeveloper.oracleinternalucf2c.oraclecorp.com/qa-dev/#projects/qa-dev_test-shared-project1-1460525673052/admin/scm?open.
2016-04-12 23:14:21,611 DEBUG [oracle.clouddev.test.selenium.components.AssertElement] Check condition (element has style class &apos;repo-empty&apos;) for element [By.xpath: .//span[contains(@class, &apos;repo-status&apos;) and contains(@class, &apos;repo-importing&apos;)] under [By.xpath: .//li[contains(@class, &apos;external-repo-list-item&apos;)]//h4[contains(@class, &apos;repo-list-name&apos;)] under [By.xpath: .//div[@id=&apos;external-repo&apos;]]]] on http://ucf2c-dcs-release-hub1.opcdeveloper.oracleinternalucf2c.oraclecorp.com/qa-dev/#projects/qa-dev_test-shared-project1-1460525673052/admin/scm?open without wait.
2016-04-12 23:14:24,338 DEBUG [oracle.clouddev.test.selenium.components.AssertElement] Check condition (element is visible) for element [By.xpath: .//div[contains(@class, &apos;repo-list-detail&apos;)]//div[contains(@class, &apos;repo-list-url&apos;)]//input[contains(@class, &apos;url-picker-input&apos;)] under [li#repo-list-external-0-item under [By.xpath: .//div[@id=&apos;external-repo&apos;]]]] on http://ucf2c-dcs-release-hub1.opcdeveloper.oracleinternalucf2c.oraclecorp.com/qa-dev/#projects/qa-dev_test-shared-project1-1460525673052/admin/scm?open.
2016-04-12 23:14:24,390 DEBUG [oracle.clouddev.test.selenium.components.AssertElement] Check condition (element is visible) for element [By.xpath: .//div[contains(@class, &apos;repo-list-detail&apos;)]/h4[contains(@class, &apos;repo-list-name&apos;)]/a under [li#repo-list-external-0-item under [By.xpath: .//div[@id=&apos;external-repo&apos;]]]] on http://ucf2c-dcs-release-hub1.opcdeveloper.oracleinternalucf2c.oraclecorp.com/qa-dev/#projects/qa-dev_test-shared-project1-1460525673052/admin/scm?open.
2016-04-12 23:14:24,451 DEBUG [oracle.clouddev.test.selenium.components.AssertElement] Check condition (element is visible) for element [input#textrepos-pickerEXTERNAL-0 under [By.xpath: .//div[@id=&apos;external-repo&apos;]]] on http://ucf2c-dcs-release-hub1.opcdeveloper.oracleinternalucf2c.oraclecorp.com/qa-dev/#projects/qa-dev_test-shared-project1-1460525673052/admin/scm?open.
2016-04-12 23:14:24,479 DEBUG [oracle.clouddev.test.selenium.components.AssertElement] Check condition (element is visible) for element [By.xpath: .//input[@id=&apos;textrepos-pickerEXTERNAL-0&apos;] under [By.xpath: .//div[@id=&apos;external-repo&apos;]]] on http://ucf2c-dcs-release-hub1.opcdeveloper.oracleinternalucf2c.oraclecorp.com/qa-dev/#projects/qa-dev_test-shared-project1-1460525673052/admin/scm?open.
2016-04-12 23:14:24,517 DEBUG [oracle.clouddev.test.selenium.components.AssertElement] Check condition (NOT (element is visible)) for element [By.xpath: .//ul[@id=&apos;repo-menu-list&apos;]] on http://ucf2c-dcs-release-hub1.opcdeveloper.oracleinternalucf2c.oraclecorp.com/qa-dev/#projects/qa-dev_test-shared-project1-1460525673052/admin/scm?open.
2016-04-12 23:14:24,539 DEBUG [oracle.clouddev.test.selenium.components.AssertElement] Check condition (element is visible) for element [By.xpath: ./ancestor::li[contains(@class, &apos;repo-list-item&apos;)] under [By.xpath: .//input[@id=&apos;textrepos-pickerEXTERNAL-0&apos;] under [By.xpath: .//div[@id=&apos;external-repo&apos;]]]] on http://ucf2c-dcs-release-hub1.opcdeveloper.oracleinternalucf2c.oraclecorp.com/qa-dev/#projects/qa-dev_test-shared-project1-1460525673052/admin/scm?open.
2016-04-12 23:14:25,018 DEBUG [oracle.clouddev.test.selenium.components.AssertElement] Check condition (element is visible) for element [By.xpath: .//ul[@id=&apos;repo-menu-list&apos;]] on http://ucf2c-dcs-release-hub1.opcdeveloper.oracleinternalucf2c.oraclecorp.com/qa-dev/#projects/qa-dev_test-shared-project1-1460525673052/admin/scm?open.
2016-04-12 23:14:25,043 DEBUG [oracle.clouddev.test.selenium.components.AssertElement] Check condition (element is visible) for element [By.xpath: .//li[@id=&apos;edit&apos;] under [By.xpath: .//ul[@id=&apos;repo-menu-list&apos;]]] on http://ucf2c-dcs-release-hub1.opcdeveloper.oracleinternalucf2c.oraclecorp.com/qa-dev/#projects/qa-dev_test-shared-project1-1460525673052/admin/scm?open.
2016-04-12 23:14:25,077 DEBUG [oracle.clouddev.test.selenium.components.AssertElement] Check condition (element is visible) for element [By.xpath: .//li[@id=&apos;edit&apos;] under [By.xpath: .//ul[@id=&apos;repo-menu-list&apos;]]] on http://ucf2c-dcs-release-hub1.opcdeveloper.oracleinternalucf2c.oraclecorp.com/qa-dev/#projects/qa-dev_test-shared-project1-1460525673052/admin/scm?open.
2016-04-12 23:14:25,501 DEBUG [oracle.clouddev.test.selenium.components.AssertElement] Check condition (element is visible) for element [By.xpath: .//div[contains(@class,&apos;oj-dialog&apos;)]/div[@id=&apos;repository-dialog&apos;]/..] on http://ucf2c-dcs-release-hub1.opcdeveloper.oracleinternalucf2c.oraclecorp.com/qa-dev/#projects/qa-dev_test-shared-project1-1460525673052/admin/scm?open.
2016-04-12 23:14:25,526 DEBUG [oracle.clouddev.test.selenium.components.AssertElement] Check condition (element is visible) for element [By.xpath: .//textarea[@id=&apos;repo-description&apos;] under [By.xpath: .//div[contains(@class,&apos;oj-dialog&apos;)]/div[@id=&apos;repository-dialog&apos;]/..]] on http://ucf2c-dcs-release-hub1.opcdeveloper.oracleinternalucf2c.oraclecorp.com/qa-dev/#projects/qa-dev_test-shared-project1-1460525673052/admin/scm?open.
2016-04-12 23:14:25,559 DEBUG [oracle.clouddev.test.selenium.components.AssertElement] Check condition (element is visible) for element [By.xpath: .//textarea[@id=&apos;repo-description&apos;] under [By.xpath: .//div[contains(@class,&apos;oj-dialog&apos;)]/div[@id=&apos;repository-dialog&apos;]/..]] on http://ucf2c-dcs-release-hub1.opcdeveloper.oracleinternalucf2c.oraclecorp.com/qa-dev/#projects/qa-dev_test-shared-project1-1460525673052/admin/scm?open.
2016-04-12 23:14:26,186 DEBUG [oracle.clouddev.test.selenium.components.AssertElement] Check condition (element exists) for element [By.id: repo-head under [By.xpath: .//div[contains(@class,&apos;oj-dialog&apos;)]/div[@id=&apos;repository-dialog&apos;]/..]] on http://ucf2c-dcs-release-hub1.opcdeveloper.oracleinternalucf2c.oraclecorp.com/qa-dev/#projects/qa-dev_test-shared-project1-1460525673052/admin/scm?open.
2016-04-12 23:14:26,208 DEBUG [oracle.clouddev.test.selenium.components.AssertElement] Check condition (element is visible) for element [By.xpath: ../div[contains(@class, &apos;oj-select&apos;)] under [By.id: repo-head under [By.xpath: .//div[contains(@class,&apos;oj-dialog&apos;)]/div[@id=&apos;repository-dialog&apos;]/..]]] on http://ucf2c-dcs-release-hub1.opcdeveloper.oracleinternalucf2c.oraclecorp.com/qa-dev/#projects/qa-dev_test-shared-project1-1460525673052/admin/scm?open.
2016-04-12 23:14:26,248 DEBUG [oracle.clouddev.test.selenium.components.AssertElement] Check condition (NOT (element has style class &apos;oj-disabled&apos;)) for element [By.xpath: ../div[contains(@class, &apos;oj-select&apos;)] under [By.id: repo-head under [By.xpath: .//div[contains(@class,&apos;oj-dialog&apos;)]/div[@id=&apos;repository-dialog&apos;]/..]]] on http://ucf2c-dcs-release-hub1.opcdeveloper.oracleinternalucf2c.oraclecorp.com/qa-dev/#projects/qa-dev_test-shared-project1-1460525673052/admin/scm?open.
2016-04-12 23:14:26,310 DEBUG [oracle.clouddev.test.selenium.components.AssertElement] Check condition (element exists) for element [By.xpath: ./div[contains(@class, &apos;oj-select-choice&apos;)] under [By.xpath: ../div[contains(@class, &apos;oj-select&apos;)] under [By.id: repo-head under [By.xpath: .//div[contains(@class,&apos;oj-dialog&apos;)]/div[@id=&apos;repository-dialog&apos;]/..]]]] on http://ucf2c-dcs-release-hub1.opcdeveloper.oracleinternalucf2c.oraclecorp.com/qa-dev/#projects/qa-dev_test-shared-project1-1460525673052/admin/scm?open.
2016-04-12 23:14:26,348 DEBUG [oracle.clouddev.test.selenium.components.AssertElement] Check condition (NOT (element is visible)) for element [By.xpath: ./following-sibling::select[contains(@data-bind, &apos;ojSelect&apos;)] under [By.xpath: ../div[contains(@class, &apos;oj-select&apos;)] under [By.id: repo-head under [By.xpath: .//div[contains(@class,&apos;oj-dialog&apos;)]/div[@id=&apos;repository-dialog&apos;]/..]]]] on http://ucf2c-dcs-release-hub1.opcdeveloper.oracleinternalucf2c.oraclecorp.com/qa-dev/#projects/qa-dev_test-shared-project1-1460525673052/admin/scm?open.
2016-04-12 23:14:26,389 DEBUG [oracle.clouddev.test.selenium.components.AssertElement] Check condition (element is visible) for element [By.xpath: . under [By.xpath: ../div[contains(@class, &apos;oj-select&apos;)] under [By.id: repo-head under [By.xpath: .//div[contains(@class,&apos;oj-dialog&apos;)]/div[@id=&apos;repository-dialog&apos;]/..]]]] on http://ucf2c-dcs-release-hub1.opcdeveloper.oracleinternalucf2c.oraclecorp.com/qa-dev/#projects/qa-dev_test-shared-project1-1460525673052/admin/scm?open.
2016-04-12 23:14:26,434 DEBUG [oracle.clouddev.test.selenium.components.AssertElement] Check condition (element is enabled) for element [By.xpath: . under [By.xpath: ../div[contains(@class, &apos;oj-select&apos;)] under [By.id: repo-head under [By.xpath: .//div[contains(@class,&apos;oj-dialog&apos;)]/div[@id=&apos;repository-dialog&apos;]/..]]]] on http://ucf2c-dcs-release-hub1.opcdeveloper.oracleinternalucf2c.oraclecorp.com/qa-dev/#projects/qa-dev_test-shared-project1-1460525673052/admin/scm?open.
2016-04-12 23:14:26,511 DEBUG [oracle.clouddev.test.selenium.components.AssertElement] Check condition (element is visible) for element [By.xpath: .//a[contains(@class, &apos;oj-select-arrow&apos;)] under [By.xpath: . under [By.xpath: ../div[contains(@class, &apos;oj-select&apos;)] under [By.id: repo-head under [By.xpath: .//div[contains(@class,&apos;oj-dialog&apos;)]/div[@id=&apos;repository-dialog&apos;]/..]]]]] on http://ucf2c-dcs-release-hub1.opcdeveloper.oracleinternalucf2c.oraclecorp.com/qa-dev/#projects/qa-dev_test-shared-project1-1460525673052/admin/scm?open.
2016-04-12 23:14:26,567 DEBUG [oracle.clouddev.test.selenium.components.AssertElement] Check condition (element is visible) for element [By.xpath: .//a[contains(@class, &apos;oj-select-arrow&apos;)] under [By.xpath: . under [By.xpath: ../div[contains(@class, &apos;oj-select&apos;)] under [By.id: repo-head under [By.xpath: .//div[contains(@class,&apos;oj-dialog&apos;)]/div[@id=&apos;repository-dialog&apos;]/..]]]]] on http://ucf2c-dcs-release-hub1.opcdeveloper.oracleinternalucf2c.oraclecorp.com/qa-dev/#projects/qa-dev_test-shared-project1-1460525673052/admin/scm?open.
2016-04-12 23:14:26,830 DEBUG [oracle.clouddev.test.selenium.components.AssertElement] Check condition (element is visible) for element [By.xpath: .//div[@id=&apos;oj-listbox-drop&apos;]] on http://ucf2c-dcs-release-hub1.opcdeveloper.oracleinternalucf2c.oraclecorp.com/qa-dev/#projects/qa-dev_test-shared-project1-1460525673052/admin/scm?open.
2016-04-12 23:14:26,885 DEBUG [oracle.clouddev.test.selenium.components.AssertElement] Check condition (element is visible) for element [By.xpath: . under [By.xpath: ../div[contains(@class, &apos;oj-select&apos;)] under [By.id: repo-head under [By.xpath: .//div[contains(@class,&apos;oj-dialog&apos;)]/div[@id=&apos;repository-dialog&apos;]/..]]]] on http://ucf2c-dcs-release-hub1.opcdeveloper.oracleinternalucf2c.oraclecorp.com/qa-dev/#projects/qa-dev_test-shared-project1-1460525673052/admin/scm?open.
2016-04-12 23:14:26,927 DEBUG [oracle.clouddev.test.selenium.components.AssertElement] Check condition (element is enabled) for element [By.xpath: . under [By.xpath: ../div[contains(@class, &apos;oj-select&apos;)] under [By.id: repo-head under [By.xpath: .//div[contains(@class,&apos;oj-dialog&apos;)]/div[@id=&apos;repository-dialog&apos;]/..]]]] on http://ucf2c-dcs-release-hub1.opcdeveloper.oracleinternalucf2c.oraclecorp.com/qa-dev/#projects/qa-dev_test-shared-project1-1460525673052/admin/scm?open.
2016-04-12 23:14:26,999 DEBUG [oracle.clouddev.test.selenium.components.AssertElement] Check condition (element is visible) for element [By.xpath: .//a[contains(@class, &apos;oj-select-arrow&apos;)] under [By.xpath: . under [By.xpath: ../div[contains(@class, &apos;oj-select&apos;)] under [By.id: repo-head under [By.xpath: .//div[contains(@class,&apos;oj-dialog&apos;)]/div[@id=&apos;repository-dialog&apos;]/..]]]]] on http://ucf2c-dcs-release-hub1.opcdeveloper.oracleinternalucf2c.oraclecorp.com/qa-dev/#projects/qa-dev_test-shared-project1-1460525673052/admin/scm?open.
2016-04-12 23:14:27,053 DEBUG [oracle.clouddev.test.selenium.components.AssertElement] Check condition (element is visible) for element [By.xpath: .//a[contains(@class, &apos;oj-select-arrow&apos;)] under [By.xpath: . under [By.xpath: ../div[contains(@class, &apos;oj-select&apos;)] under [By.id: repo-head under [By.xpath: .//div[contains(@class,&apos;oj-dialog&apos;)]/div[@id=&apos;repository-dialog&apos;]/..]]]]] on http://ucf2c-dcs-release-hub1.opcdeveloper.oracleinternalucf2c.oraclecorp.com/qa-dev/#projects/qa-dev_test-shared-project1-1460525673052/admin/scm?open.
2016-04-12 23:14:27,313 DEBUG [oracle.clouddev.test.selenium.components.AssertElement] Check condition (element is visible) for element [By.xpath: .//span[contains(@class, &apos;oj-select-chosen&apos;)] under [By.xpath: ../div[contains(@class, &apos;oj-select&apos;)] under [By.id: repo-head under [By.xpath: .//div[contains(@class,&apos;oj-dialog&apos;)]/div[@id=&apos;repository-dialog&apos;]/..]]]] on http://ucf2c-dcs-release-hub1.opcdeveloper.oracleinternalucf2c.oraclecorp.com/qa-dev/#projects/qa-dev_test-shared-project1-1460525673052/admin/scm?open.
2016-04-12 23:14:27,391 DEBUG [oracle.clouddev.test.selenium.components.AssertElement] Check condition (element is visible) for element [By.xpath: .//span[contains(@class, &apos;oj-select-chosen&apos;)] under [By.xpath: ../div[contains(@class, &apos;oj-select&apos;)] under [By.id: repo-head under [By.xpath: .//div[contains(@class,&apos;oj-dialog&apos;)]/div[@id=&apos;repository-dialog&apos;]/..]]]] on http://ucf2c-dcs-release-hub1.opcdeveloper.oracleinternalucf2c.oraclecorp.com/qa-dev/#projects/qa-dev_test-shared-project1-1460525673052/admin/scm?open.
2016-04-12 23:14:27,470 DEBUG [oracle.clouddev.test.selenium.components.AssertElement] Check condition (element is visible) for element [By.xpath: .//*[(self::button or self::a or self::input) and @id=&apos;repo-button-update&apos;] under [By.xpath: .//div[contains(@class,&apos;oj-dialog&apos;)]/div[@id=&apos;repository-dialog&apos;]/..]] on http://ucf2c-dcs-release-hub1.opcdeveloper.oracleinternalucf2c.oraclecorp.com/qa-dev/#projects/qa-dev_test-shared-project1-1460525673052/admin/scm?open.
2016-04-12 23:14:27,502 DEBUG [oracle.clouddev.test.selenium.components.AssertElement] Check condition (element has style class &apos;oj-enabled&apos;) for element [By.xpath: .//*[(self::button or self::a or self::input) and @id=&apos;repo-button-update&apos;] under [By.xpath: .//div[contains(@class,&apos;oj-dialog&apos;)]/div[@id=&apos;repository-dialog&apos;]/..]] on http://ucf2c-dcs-release-hub1.opcdeveloper.oracleinternalucf2c.oraclecorp.com/qa-dev/#projects/qa-dev_test-shared-project1-1460525673052/admin/scm?open.
2016-04-12 23:14:27,531 DEBUG [oracle.clouddev.test.selenium.components.AssertElement] Check condition (element is visible) for element [By.xpath: .//*[(self::button or self::a or self::input) and @id=&apos;repo-button-update&apos;] under [By.xpath: .//div[contains(@class,&apos;oj-dialog&apos;)]/div[@id=&apos;repository-dialog&apos;]/..]] on http://ucf2c-dcs-release-hub1.opcdeveloper.oracleinternalucf2c.oraclecorp.com/qa-dev/#projects/qa-dev_test-shared-project1-1460525673052/admin/scm?open.
2016-04-12 23:14:27,562 DEBUG [oracle.clouddev.test.selenium.components.AssertElement] Check condition (element has style class &apos;oj-enabled&apos;) for element [By.xpath: .//*[(self::button or self::a or self::input) and @id=&apos;repo-button-update&apos;] under [By.xpath: .//div[contains(@class,&apos;oj-dialog&apos;)]/div[@id=&apos;repository-dialog&apos;]/..]] on http://ucf2c-dcs-release-hub1.opcdeveloper.oracleinternalucf2c.oraclecorp.com/qa-dev/#projects/qa-dev_test-shared-project1-1460525673052/admin/scm?open.
2016-04-12 23:14:27,802 DEBUG [oracle.clouddev.test.selenium.components.AssertElement] Check condition (NOT (element is visible)) for element [By.xpath: .//div[contains(@class,&apos;oj-dialog&apos;)]/div[@id=&apos;repository-dialog&apos;]/..] on http://ucf2c-dcs-release-hub1.opcdeveloper.oracleinternalucf2c.oraclecorp.com/qa-dev/#projects/qa-dev_test-shared-project1-1460525673052/admin/scm?open.
2016-04-12 23:14:30,153 DEBUG [oracle.clouddev.test.selenium.components.AssertElement] Check condition (element is visible) for element [By.xpath: ./ancestor::li[contains(@class, &apos;repo-list-item&apos;)] under [By.xpath: .//input[@id=&apos;textrepos-pickerEXTERNAL-0&apos;] under [By.xpath: .//div[@id=&apos;external-repo&apos;]]]] on http://ucf2c-dcs-release-hub1.opcdeveloper.oracleinternalucf2c.oraclecorp.com/qa-dev/#projects/qa-dev_test-shared-project1-1460525673052/admin/scm?open.
2016-04-12 23:14:31,374 DEBUG [oracle.clouddev.test.selenium.components.AssertElement] Check condition (element is visible) for element [By.xpath: .//div[contains(@class, &apos;repo-list-description&apos;)] under [By.xpath: ./ancestor::li[contains(@class, &apos;repo-list-item&apos;)] under [By.xpath: .//input[@id=&apos;textrepos-pickerEXTERNAL-0&apos;] under [By.xpath: .//div[@id=&apos;external-repo&apos;]]]]] on http://ucf2c-dcs-release-hub1.opcdeveloper.oracleinternalucf2c.oraclecorp.com/qa-dev/#projects/qa-dev_test-shared-project1-1460525673052/admin/scm?open.
2016-04-12 23:14:31,425 DEBUG [oracle.clouddev.test.selenium.components.AssertElement] Check condition (oracle.clouddev.test.selenium.components.Conditions$5@1ba5806d) for element [By.xpath: .//div[contains(@class, &apos;repo-list-description&apos;)] under [By.xpath: ./ancestor::li[contains(@class, &apos;repo-list-item&apos;)] under [By.xpath: .//input[@id=&apos;textrepos-pickerEXTERNAL-0&apos;] under [By.xpath: .//div[@id=&apos;external-repo&apos;]]]]] on http://ucf2c-dcs-release-hub1.opcdeveloper.oracleinternalucf2c.oraclecorp.com/qa-dev/#projects/qa-dev_test-shared-project1-1460525673052/admin/scm?open.
2016-04-12 23:14:31,840 DEBUG [oracle.clouddev.test.selenium.components.AssertElement] Check condition (element is visible) for element [By.xpath: .//ul[@id=&apos;repo-menu-list&apos;]] on http://ucf2c-dcs-release-hub1.opcdeveloper.oracleinternalucf2c.oraclecorp.com/qa-dev/#projects/qa-dev_test-shared-project1-1460525673052/admin/scm?open.
2016-04-12 23:14:31,864 DEBUG [oracle.clouddev.test.selenium.components.AssertElement] Check condition (element is visible) for element [By.xpath: .//li[@id=&apos;delete&apos;] under [By.xpath: .//ul[@id=&apos;repo-menu-list&apos;]]] on http://ucf2c-dcs-release-hub1.opcdeveloper.oracleinternalucf2c.oraclecorp.com/qa-dev/#projects/qa-dev_test-shared-project1-1460525673052/admin/scm?open.
2016-04-12 23:14:31,897 DEBUG [oracle.clouddev.test.selenium.components.AssertElement] Check condition (element is visible) for element [By.xpath: .//li[@id=&apos;delete&apos;] under [By.xpath: .//ul[@id=&apos;repo-menu-list&apos;]]] on http://ucf2c-dcs-release-hub1.opcdeveloper.oracleinternalucf2c.oraclecorp.com/qa-dev/#projects/qa-dev_test-shared-project1-1460525673052/admin/scm?open.
2016-04-12 23:14:32,222 DEBUG [oracle.clouddev.test.selenium.components.AssertElement] Check condition (NOT (element is visible)) for element [By.xpath: .//ul[@id=&apos;repo-menu-list&apos;]] on http://ucf2c-dcs-release-hub1.opcdeveloper.oracleinternalucf2c.oraclecorp.com/qa-dev/#projects/qa-dev_test-shared-project1-1460525673052/admin/scm?open.
2016-04-12 23:14:32,252 DEBUG [oracle.clouddev.test.selenium.components.AssertElement] Check condition (element is visible) for element [By.xpath: .//div[contains(@class,&apos;oj-dialog&apos;)]/div[@id=&apos;remove-repo-dialog&apos;]/..] on http://ucf2c-dcs-release-hub1.opcdeveloper.oracleinternalucf2c.oraclecorp.com/qa-dev/#projects/qa-dev_test-shared-project1-1460525673052/admin/scm?open.
2016-04-12 23:14:32,283 DEBUG [oracle.clouddev.test.selenium.components.AssertElement] Check condition (element is visible) for element [By.xpath: .//*[(self::button or self::a or self::input) and @id=&apos;confirm-button&apos;] under [By.xpath: .//div[contains(@class,&apos;oj-dialog&apos;)]/div[@id=&apos;remove-repo-dialog&apos;]/..]] on http://ucf2c-dcs-release-hub1.opcdeveloper.oracleinternalucf2c.oraclecorp.com/qa-dev/#projects/qa-dev_test-shared-project1-1460525673052/admin/scm?open.
2016-04-12 23:14:32,317 DEBUG [oracle.clouddev.test.selenium.components.AssertElement] Check condition (element has style class &apos;oj-enabled&apos;) for element [By.xpath: .//*[(self::button or self::a or self::input) and @id=&apos;confirm-button&apos;] under [By.xpath: .//div[contains(@class,&apos;oj-dialog&apos;)]/div[@id=&apos;remove-repo-dialog&apos;]/..]] on http://ucf2c-dcs-release-hub1.opcdeveloper.oracleinternalucf2c.oraclecorp.com/qa-dev/#projects/qa-dev_test-shared-project1-1460525673052/admin/scm?open.
2016-04-12 23:14:32,348 DEBUG [oracle.clouddev.test.selenium.components.AssertElement] Check condition (element is visible) for element [By.xpath: .//*[(self::button or self::a or self::input) and @id=&apos;confirm-button&apos;] under [By.xpath: .//div[contains(@class,&apos;oj-dialog&apos;)]/div[@id=&apos;remove-repo-dialog&apos;]/..]] on http://ucf2c-dcs-release-hub1.opcdeveloper.oracleinternalucf2c.oraclecorp.com/qa-dev/#projects/qa-dev_test-shared-project1-1460525673052/admin/scm?open.
2016-04-12 23:14:32,383 DEBUG [oracle.clouddev.test.selenium.components.AssertElement] Check condition (element has style class &apos;oj-enabled&apos;) for element [By.xpath: .//*[(self::button or self::a or self::input) and @id=&apos;confirm-button&apos;] under [By.xpath: .//div[contains(@class,&apos;oj-dialog&apos;)]/div[@id=&apos;remove-repo-dialog&apos;]/..]] on http://ucf2c-dcs-release-hub1.opcdeveloper.oracleinternalucf2c.oraclecorp.com/qa-dev/#projects/qa-dev_test-shared-project1-1460525673052/admin/scm?open.
2016-04-12 23:14:33,944 DEBUG [oracle.clouddev.test.selenium.components.AssertElement] Check condition (NOT (element is visible)) for element [By.xpath: .//div[contains(@class,&apos;oj-dialog&apos;)]/div[@id=&apos;remove-repo-dialog&apos;]/..] on http://ucf2c-dcs-release-hub1.opcdeveloper.oracleinternalucf2c.oraclecorp.com/qa-dev/#projects/qa-dev_test-shared-project1-1460525673052/admin/scm?open.
    </system-out>
    </testcase>
    <testcase classname="oracle.clouddev.test.selenium.tests.base.TestAdminPage" name="verifyAdminAccess" time="43.604">
      <properties>
        <property name="java.runtime.name" value="Java(TM) SE Runtime Environment"/>
        <property name="exec.mainClass" value="oracle.clouddev.test.selenium.RunTests"/>
        <property name="sun.boot.library.path" value="/usr/java/jdk1.8.0_74/jre/lib/amd64"/>
        <property name="java.vm.version" value="25.74-b02"/>
        <property name="java.vm.vendor" value="Oracle Corporation"/>
        <property name="java.vendor.url" value="http://java.oracle.com/"/>
        <property name="guice.disable.misplaced.annotation.check" value="true"/>
        <property name="path.separator" value=":"/>
        <property name="java.vm.name" value="Java HotSpot(TM) 64-Bit Server VM"/>
        <property name="file.encoding.pkg" value="sun.io"/>
        <property name="user.country" value="US"/>
        <property name="sun.java.launcher" value="SUN_STANDARD"/>
        <property name="sun.os.patch.level" value="unknown"/>
        <property name="http.noProxyHosts" value="localhost|127.0.0.1|*.local|*.oraclecorp.com|*.us.oracle.com"/>
        <property name="java.vm.specification.name" value="Java Virtual Machine Specification"/>
        <property name="user.dir" value="/home/builder/hudson/workspace/dcs_dcs.Release-Selenium-Tests/selenium-tests"/>
        <property name="java.runtime.version" value="1.8.0_74-b02"/>
        <property name="java.awt.graphicsenv" value="sun.awt.X11GraphicsEnvironment"/>
        <property name="java.endorsed.dirs" value="/usr/java/jdk1.8.0_74/jre/lib/endorsed"/>
        <property name="os.arch" value="amd64"/>
        <property name="java.io.tmpdir" value="/tmp"/>
        <property name="line.separator" value="
"/>
        <property name="java.vm.specification.vendor" value="Oracle Corporation"/>
        <property name="https.proxyHost" value="www-proxy.us.oracle.com"/>
        <property name="os.name" value="Linux"/>
        <property name="classworlds.conf" value="/usr/local/apache-maven/apache-maven-3.0.4/bin/m2.conf"/>
        <property name="sun.jnu.encoding" value="UTF-8"/>
        <property name="http.proxyPort" value="80"/>
        <property name="java.library.path" value="/usr/java/packages/lib/amd64:/usr/lib64:/lib64:/lib:/usr/lib"/>
        <property name="sun.awt.enableExtraMouseButtons" value="true"/>
        <property name="java.specification.name" value="Java Platform API Specification"/>
        <property name="java.class.version" value="52.0"/>
        <property name="sun.management.compiler" value="HotSpot 64-Bit Tiered Compilers"/>
        <property name="os.version" value="3.8.13-55.1.1.el6uek.x86_64"/>
        <property name="user.home" value="/home/builder"/>
        <property name="user.timezone" value="PST8PDT"/>
        <property name="java.awt.printerjob" value="sun.print.PSPrinterJob"/>
        <property name="file.encoding" value="UTF-8"/>
        <property name="java.specification.version" value="1.8"/>
        <property name="java.class.path" value="/usr/local/apache-maven/apache-maven-3.0.4/boot/plexus-classworlds-2.4.jar"/>
        <property name="user.name" value="builder"/>
        <property name="java.vm.specification.version" value="1.8"/>
        <property name="sun.java.command" value="org.codehaus.plexus.classworlds.launcher.Launcher -f /home/c2c/hudson/workspace/dcs_dcs.Release-Selenium-Tests/selenium-tests/pom.xml --batch-mode exec:java -Dexec.mainClass=oracle.clouddev.test.selenium.RunTests -Dexec.args=selenium.browser.size.w=1280 selenium.browser.size.h=960 capture.video=true capture.screenshots=true notification.type=swing notification.history=3 notification.font.size=15 job-release-selenium-tests.properties build.job=dcs_dcs.Release-Selenium-Tests build.number=295 target.release=16.2.3.0.0 timeout.build.buildqueue=1200 timeout.build.buildqueue.polling=60 -s BASE --tag base"/>
        <property name="java.home" value="/usr/java/jdk1.8.0_74/jre"/>
        <property name="sun.arch.data.model" value="64"/>
        <property name="user.language" value="en"/>
        <property name="java.specification.vendor" value="Oracle Corporation"/>
        <property name="awt.toolkit" value="sun.awt.X11.XToolkit"/>
        <property name="java.vm.info" value="mixed mode"/>
        <property name="java.version" value="1.8.0_74"/>
        <property name="securerandom.source" value="file:/dev/./urandom"/>
        <property name="java.ext.dirs" value="/usr/java/jdk1.8.0_74/jre/lib/ext:/usr/java/packages/lib/ext"/>
        <property name="http.proxyHost" value="www-proxy.us.oracle.com"/>
        <property name="sun.boot.class.path" value="/usr/java/jdk1.8.0_74/jre/lib/resources.jar:/usr/java/jdk1.8.0_74/jre/lib/rt.jar:/usr/java/jdk1.8.0_74/jre/lib/sunrsasign.jar:/usr/java/jdk1.8.0_74/jre/lib/jsse.jar:/usr/java/jdk1.8.0_74/jre/lib/jce.jar:/usr/java/jdk1.8.0_74/jre/lib/charsets.jar:/usr/java/jdk1.8.0_74/jre/lib/jfr.jar:/usr/java/jdk1.8.0_74/jre/classes"/>
        <property name="java.vendor" value="Oracle Corporation"/>
        <property name="maven.home" value="/usr/local/apache-maven/apache-maven-3.0.4"/>
        <property name="file.separator" value="/"/>
        <property name="java.vendor.url.bug" value="http://bugreport.sun.com/bugreport/"/>
        <property name="sun.font.fontmanager" value="sun.awt.X11FontManager"/>
        <property name="sun.io.unicode.encoding" value="UnicodeLittle"/>
        <property name="sun.cpu.endian" value="little"/>
        <property name="https.proxyPort" value="80"/>
        <property name="exec.args" value="selenium.browser.size.w=1280 selenium.browser.size.h=960 capture.video=true capture.screenshots=true notification.type=swing notification.history=3 notification.font.size=15 job-release-selenium-tests.properties build.job=dcs_dcs.Release-Selenium-Tests build.number=295 target.release=16.2.3.0.0 timeout.build.buildqueue=1200 timeout.build.buildqueue.polling=60 -s BASE --tag base"/>
        <property name="sun.cpu.isalist" value=""/>
        <property name="test.selenium.browser.size.h" value="960"/>
        <property name="test.user.non-admin.name" value="tom.testsuite"/>
        <property name="test.https.proxyHost" value="www-proxy.us.oracle.com"/>
        <property name="test.user.admin.name" value="tina.testsuite"/>
        <property name="test.user.em-agent.password" value="Welcome1!"/>
        <property name="test.tag" value="base"/>
        <property name="test.user.em-agent.fullname" value="Alex Admin"/>
        <property name="test.selenium.port" value="44000"/>
        <property name="test.build.number" value="295"/>
        <property name="test.user.sdi-agent.enabled" value="true"/>
        <property name="test.timeout.assert.condition" value="30"/>
        <property name="test.target.version" value="{
  &quot;buildInformation&quot; : {
    &quot;gitCommitId&quot; : &quot;6415b9c07a83d336f513936eb79c4a925510b07b&quot;,
    &quot;gitCommitMessage&quot; : &quot;Merge branch &apos;Fix18963&apos; into &apos;patchset_16_2_3&apos;&quot;,
    &quot;buildTime&quot; : &quot;12.04.2016 @ 21:58:42 PDT&quot;,
    &quot;buildUser&quot; : &quot;Code2Cloud Builder&quot;
  }
}"/>
        <property name="test.build.job" value="dcs_dcs.Release-Selenium-Tests"/>
        <property name="test.timeout.project.create" value="660"/>
        <property name="test.user.sdi-agent.name" value="alex.admin"/>
        <property name="test.selenium.browser" value="firefox"/>
        <property name="test.http.proxyPort" value="80"/>
        <property name="test.user.sdi-agent.password" value="Welcome1!"/>
        <property name="test.user.sdi-agent.fullname" value="Alex Admin"/>
        <property name="test.timeout.selenium.navigate" value="20"/>
        <property name="test.target.release" value="16.2.3.0.0"/>
        <property name="test.byom.ip" value="127.0.0.1"/>
        <property name="test.byom.port" value="8585"/>
        <property name="test.notification.type" value="swing"/>
        <property name="test.data.project.override" value=""/>
        <property name="test.timeout.selenium.find" value="1"/>
        <property name="test.user.em-agent.enabled" value="true"/>
        <property name="test.testEmptyOrg.db.id" value=""/>
        <property name="test.reviews.timeout.slowdown" value="0"/>
        <property name="test.http.noProxyHosts" value="localhost|127.0.0.1|*.local|*.oraclecorp.com|*.us.oracle.com"/>
        <property name="test.capture.video" value="true"/>
        <property name="test.user.non-admin.password" value="Welcome1!"/>
        <property name="test.user.non-admin.fullname" value="Tom Testsuite"/>
        <property name="test.user.admin.password" value="Welcome1!"/>
        <property name="test.notification.history" value="3"/>
        <property name="test.user.admin.fullname" value="Tina Testsuite"/>
        <property name="test.capture.screenshots" value="true"/>
        <property name="test.testEmptyOrg.db.connectString" value="jdbc:oracle:thin:@(DESCRIPTION=(ADDRESS=(PROTOCOL=TCP)(HOST=slc09iwb.us.oracle.com)(PORT=1521))(CONNECT_DATA=(SERVICE_NAME=dbpod)))"/>
        <property name="test.firefox.bin" value=""/>
        <property name="test.https.proxyPort" value="80"/>
        <property name="test.develop.offline" value="false"/>
        <property name="test.timeout.build.buildqueue.polling" value="60"/>
        <property name="test.output.dir" value="target/test-reports/"/>
        <property name="test.firefox.allowedHosts" value="localhost,localhost.localdomain"/>
        <property name="test.testEmptyOrg.db.schema" value="BV2RLPNYEWMR"/>
        <property name="test.web.url" value="http://ucf2c-dcs-release-hub1.opcdeveloper.oracleinternalucf2c.oraclecorp.com/qa-dev/"/>
        <property name="test.firefox.extensions" value=""/>
        <property name="test.testEmptyOrg.orgExistsCheck" value="false"/>
        <property name="test.data.dir" value="data/"/>
        <property name="test.notification.font.size" value="15"/>
        <property name="test.testEmptyOrg.service" value="devservice5"/>
        <property name="test.selenium.start.server" value="false"/>
        <property name="test.firefox.profile.path" value=""/>
        <property name="test.selenium.host" value="localhost"/>
        <property name="test.suite" value="BASE"/>
        <property name="test.tests" value=""/>
        <property name="test.user.admin.idm" value="dcsdevteam"/>
        <property name="test.http.proxyHost" value="www-proxy.us.oracle.com"/>
        <property name="test.testMethods" value=""/>
        <property name="test.reviews.dontDeleteEnviroment" value="false"/>
        <property name="test.selenium.browser.maximize" value="false"/>
        <property name="test.firefox.profile.name" value=""/>
        <property name="test.timeout.build.buildqueue" value="1200"/>
        <property name="test.user.em-agent.idm" value="dcsdevteam"/>
        <property name="test.selenium.remote" value="false"/>
        <property name="test.user.sdi-agent.idm" value="dcsdevteam"/>
        <property name="test.byom.authToken" value="123456"/>
        <property name="test.proxy.autodetect" value="false"/>
        <property name="test.testEmptyOrg.idm" value="dcsdevteam"/>
        <property name="test.user.non-admin.idm" value="dcsdevteam"/>
        <property name="test.data.tasks.useexisting" value="false"/>
        <property name="test.selenium.browser.size.w" value="1280"/>
        <property name="test.category" value="DEFAULT"/>
        <property name="test.user.em-agent.name" value="alex.admin"/>
        <property name="test.timeout.slowdown" value="0"/>
      </properties>
    <system-out>
2016-04-12 23:14:39,010 DEBUG [oracle.clouddev.test.selenium.components.AssertElement] Check condition (oracle.clouddev.test.selenium.components.Conditions$5@1a154157) for element [By.xpath: .//button[@id=&apos;odcs-project-selector&apos;]/span[1]] on http://ucf2c-dcs-release-hub1.opcdeveloper.oracleinternalucf2c.oraclecorp.com/qa-dev/#projects/qa-dev_test-shared-project1-1460525673052/admin/scm?open without wait.
2016-04-12 23:14:39,119 DEBUG [oracle.clouddev.test.selenium.components.AssertElement] Check condition (element is visible) for element [By.id: odcs-nav-tabs] on http://ucf2c-dcs-release-hub1.opcdeveloper.oracleinternalucf2c.oraclecorp.com/qa-dev/#projects/qa-dev_test-shared-project1-1460525673052/admin/scm?open.
2016-04-12 23:14:39,145 DEBUG [oracle.clouddev.test.selenium.components.AssertElement] Check condition (element is visible) for element [By.xpath: .//a[@id=&apos;admin&apos;] under [By.id: odcs-nav-tabs]] on http://ucf2c-dcs-release-hub1.opcdeveloper.oracleinternalucf2c.oraclecorp.com/qa-dev/#projects/qa-dev_test-shared-project1-1460525673052/admin/scm?open.
2016-04-12 23:14:39,175 DEBUG [oracle.clouddev.test.selenium.components.AssertElement] Check condition (NOT (element has style class &apos;oj-disabled&apos;)) for element [By.xpath: .//a[@id=&apos;admin&apos;] under [By.id: odcs-nav-tabs]] on http://ucf2c-dcs-release-hub1.opcdeveloper.oracleinternalucf2c.oraclecorp.com/qa-dev/#projects/qa-dev_test-shared-project1-1460525673052/admin/scm?open.
2016-04-12 23:14:39,209 DEBUG [oracle.clouddev.test.selenium.components.AssertElement] Check condition (element is visible) for element [By.xpath: .//a[@id=&apos;admin&apos;] under [By.id: odcs-nav-tabs]] on http://ucf2c-dcs-release-hub1.opcdeveloper.oracleinternalucf2c.oraclecorp.com/qa-dev/#projects/qa-dev_test-shared-project1-1460525673052/admin/scm?open.
2016-04-12 23:14:39,678 DEBUG [oracle.clouddev.test.selenium.components.AssertElement] Check condition (element has style class &apos;oj-active&apos;) for element [By.xpath: .//a[@id=&apos;admin&apos;] under [By.id: odcs-nav-tabs]] on http://ucf2c-dcs-release-hub1.opcdeveloper.oracleinternalucf2c.oraclecorp.com/qa-dev/#projects/qa-dev_test-shared-project1-1460525673052/admin/scm.
2016-04-12 23:14:39,800 DEBUG [oracle.clouddev.test.selenium.components.AssertElement] Check condition (element is visible) for element [By.xpath: .//a[@id=&apos;admin&apos;] under [By.id: odcs-nav-tabs]] on http://ucf2c-dcs-release-hub1.opcdeveloper.oracleinternalucf2c.oraclecorp.com/qa-dev/#projects/qa-dev_test-shared-project1-1460525673052/admin/scm.
2016-04-12 23:14:40,171 INFO  [oracle.clouddev.test.selenium.tests.base.TestHomePage] Verify access to administration section for all admin page tests.
2016-04-12 23:14:40,172 INFO  [oracle.clouddev.test.framework.rest.RestClient] [request#182] POST http://ucf2c-dcs-release-hub1.opcdeveloper.oracleinternalucf2c.oraclecorp.com/qa-dev/api/projects/search2 HTTP/1.1 (user: ADMIN(dcsdevteam/tina.testsuite/Welcome1!))
2016-04-12 23:14:40,172 DEBUG [oracle.clouddev.test.framework.rest.RestClient] [request#182] posted content:
{
  &quot;projectRelationship&quot; : &quot;ALL&quot;,
  &quot;organizationIdentifier&quot; : &quot;qa-dev&quot;,
  &quot;shallowCopy&quot; : false
}
2016-04-12 23:14:40,172 DEBUG [oracle.clouddev.test.framework.rest.RestClient] [request#182] cURL: curl -k -u tina.testsuite:Welcome1! -X POST &apos;http://ucf2c-dcs-release-hub1.opcdeveloper.oracleinternalucf2c.oraclecorp.com/qa-dev/api/projects/search2&apos; -H &apos;Content-Type: application/json; charset=UTF-8&apos; --data-binary &apos;{  &quot;projectRelationship&quot; : &quot;ALL&quot;,  &quot;organizationIdentifier&quot; : &quot;qa-dev&quot;,  &quot;shallowCopy&quot; : false}&apos;
2016-04-12 23:14:41,413 INFO  [oracle.clouddev.test.framework.rest.RestClient] [request#182] HTTP/1.1 200 OK
2016-04-12 23:14:41,413 DEBUG [oracle.clouddev.test.framework.rest.RestClient] [request#182] Content-Type: application/json;charset=UTF-8
2016-04-12 23:14:41,413 DEBUG [oracle.clouddev.test.framework.rest.RestClient] [request#182] Content-Length: -- no value --
2016-04-12 23:14:41,529 DEBUG [oracle.clouddev.test.selenium.junit.BrowserSession] navigating to project qa-dev_test-shared-project1-1460525673052 (http://ucf2c-dcs-release-hub1.opcdeveloper.oracleinternalucf2c.oraclecorp.com/qa-dev/#/projects/qa-dev_test-shared-project1-1460525673052)
2016-04-12 23:14:41,598 DEBUG [oracle.clouddev.test.selenium.components.AssertElement] Check condition (oracle.clouddev.test.selenium.components.Conditions$5@61d9590b) for element [By.xpath: .//button[@id=&apos;odcs-project-selector&apos;]/span[1]] on http://ucf2c-dcs-release-hub1.opcdeveloper.oracleinternalucf2c.oraclecorp.com/qa-dev/#/projects/qa-dev_test-shared-project1-1460525673052.
2016-04-12 23:14:42,764 DEBUG [oracle.clouddev.test.selenium.components.AssertElement] Check condition (NOT (element is visible)) for element [By.id: page-provision] on http://ucf2c-dcs-release-hub1.opcdeveloper.oracleinternalucf2c.oraclecorp.com/qa-dev/#/projects/qa-dev_test-shared-project1-1460525673052.
2016-04-12 23:14:43,868 DEBUG [oracle.clouddev.test.selenium.components.AssertElement] Check condition (element is visible) for element [By.id: odcs-nav-tabs] on http://ucf2c-dcs-release-hub1.opcdeveloper.oracleinternalucf2c.oraclecorp.com/qa-dev/#/projects/qa-dev_test-shared-project1-1460525673052.
2016-04-12 23:14:43,890 DEBUG [oracle.clouddev.test.selenium.components.AssertElement] Check condition (element is visible) for element [By.xpath: .//a[@id=&apos;home&apos;] under [By.id: odcs-nav-tabs]] on http://ucf2c-dcs-release-hub1.opcdeveloper.oracleinternalucf2c.oraclecorp.com/qa-dev/#/projects/qa-dev_test-shared-project1-1460525673052.
2016-04-12 23:14:43,930 DEBUG [oracle.clouddev.test.selenium.components.AssertElement] Check condition (NOT (element has style class &apos;oj-disabled&apos;)) for element [By.xpath: .//a[@id=&apos;home&apos;] under [By.id: odcs-nav-tabs]] on http://ucf2c-dcs-release-hub1.opcdeveloper.oracleinternalucf2c.oraclecorp.com/qa-dev/#/projects/qa-dev_test-shared-project1-1460525673052.
2016-04-12 23:14:43,967 DEBUG [oracle.clouddev.test.selenium.components.AssertElement] Check condition (element is visible) for element [By.xpath: .//a[@id=&apos;home&apos;] under [By.id: odcs-nav-tabs]] on http://ucf2c-dcs-release-hub1.opcdeveloper.oracleinternalucf2c.oraclecorp.com/qa-dev/#/projects/qa-dev_test-shared-project1-1460525673052.
2016-04-12 23:14:44,998 DEBUG [oracle.clouddev.test.selenium.components.AssertElement] Check condition (element has style class &apos;oj-active&apos;) for element [By.xpath: .//a[@id=&apos;home&apos;] under [By.id: odcs-nav-tabs]] on http://ucf2c-dcs-release-hub1.opcdeveloper.oracleinternalucf2c.oraclecorp.com/qa-dev/#projects/qa-dev_test-shared-project1-1460525673052/.
2016-04-12 23:14:45,036 DEBUG [oracle.clouddev.test.selenium.components.AssertElement] Check condition (element is visible) for element [By.xpath: .//a[@id=&apos;home&apos;] under [By.id: odcs-nav-tabs]] on http://ucf2c-dcs-release-hub1.opcdeveloper.oracleinternalucf2c.oraclecorp.com/qa-dev/#projects/qa-dev_test-shared-project1-1460525673052/.
2016-04-12 23:14:45,139 DEBUG [oracle.clouddev.test.selenium.components.AssertElement] Check condition (element is visible) for element [By.id: home-tab-header-3] on http://ucf2c-dcs-release-hub1.opcdeveloper.oracleinternalucf2c.oraclecorp.com/qa-dev/#projects/qa-dev_test-shared-project1-1460525673052/.
2016-04-12 23:14:45,168 DEBUG [oracle.clouddev.test.selenium.components.AssertElement] Check condition (element is visible) for element [By.id: home-tab-header-3] on http://ucf2c-dcs-release-hub1.opcdeveloper.oracleinternalucf2c.oraclecorp.com/qa-dev/#projects/qa-dev_test-shared-project1-1460525673052/.
2016-04-12 23:14:45,491 DEBUG [oracle.clouddev.test.selenium.components.AssertElement] Check condition (element is visible) for element [By.id: home-tab-content-3] on http://ucf2c-dcs-release-hub1.opcdeveloper.oracleinternalucf2c.oraclecorp.com/qa-dev/#projects/qa-dev_test-shared-project1-1460525673052/.
2016-04-12 23:14:45,713 DEBUG [oracle.clouddev.test.selenium.components.AssertElement] Check condition (element is visible) for element [By.xpath: .//div[contains(@class, &apos;fullname&apos;)] under [li#team-list-user-23 under [By.id: home-tab-content-3]]] on http://ucf2c-dcs-release-hub1.opcdeveloper.oracleinternalucf2c.oraclecorp.com/qa-dev/#projects/qa-dev_test-shared-project1-1460525673052/.
2016-04-12 23:14:45,782 DEBUG [oracle.clouddev.test.selenium.components.AssertElement] Check condition (element is visible) for element [By.xpath: .//*[(self::button or self::a or self::input) and @id=&apos;team-member-add&apos;] under [By.id: home-tab-content-3]] on http://ucf2c-dcs-release-hub1.opcdeveloper.oracleinternalucf2c.oraclecorp.com/qa-dev/#projects/qa-dev_test-shared-project1-1460525673052/.
2016-04-12 23:14:45,833 DEBUG [oracle.clouddev.test.selenium.components.AssertElement] Check condition (element has style class &apos;oj-enabled&apos;) for element [By.xpath: .//*[(self::button or self::a or self::input) and @id=&apos;team-member-add&apos;] under [By.id: home-tab-content-3]] on http://ucf2c-dcs-release-hub1.opcdeveloper.oracleinternalucf2c.oraclecorp.com/qa-dev/#projects/qa-dev_test-shared-project1-1460525673052/.
2016-04-12 23:14:45,862 DEBUG [oracle.clouddev.test.selenium.components.AssertElement] Check condition (element is visible) for element [By.xpath: .//*[(self::button or self::a or self::input) and @id=&apos;team-member-add&apos;] under [By.id: home-tab-content-3]] on http://ucf2c-dcs-release-hub1.opcdeveloper.oracleinternalucf2c.oraclecorp.com/qa-dev/#projects/qa-dev_test-shared-project1-1460525673052/.
2016-04-12 23:14:45,894 DEBUG [oracle.clouddev.test.selenium.components.AssertElement] Check condition (element has style class &apos;oj-enabled&apos;) for element [By.xpath: .//*[(self::button or self::a or self::input) and @id=&apos;team-member-add&apos;] under [By.id: home-tab-content-3]] on http://ucf2c-dcs-release-hub1.opcdeveloper.oracleinternalucf2c.oraclecorp.com/qa-dev/#projects/qa-dev_test-shared-project1-1460525673052/.
2016-04-12 23:14:46,314 DEBUG [oracle.clouddev.test.selenium.components.AssertElement] Check condition (element is visible) for element [By.xpath: .//div[contains(@class,&apos;oj-dialog&apos;)]/div[@id=&apos;add-member-dialog&apos;]/..] on http://ucf2c-dcs-release-hub1.opcdeveloper.oracleinternalucf2c.oraclecorp.com/qa-dev/#projects/qa-dev_test-shared-project1-1460525673052/.
2016-04-12 23:14:46,350 DEBUG [oracle.clouddev.test.selenium.components.AssertElement] Check condition (element is visible) for element [By.xpath: . under [By.xpath: .//div[contains(@class,&apos;oj-dialog&apos;)]/div[@id=&apos;add-member-dialog&apos;]/..]] on http://ucf2c-dcs-release-hub1.opcdeveloper.oracleinternalucf2c.oraclecorp.com/qa-dev/#projects/qa-dev_test-shared-project1-1460525673052/.
2016-04-12 23:14:46,384 DEBUG [oracle.clouddev.test.selenium.components.AssertElement] Check condition (element has style class &apos;oj-dialog&apos;) for element [By.xpath: . under [By.xpath: .//div[contains(@class,&apos;oj-dialog&apos;)]/div[@id=&apos;add-member-dialog&apos;]/..]] on http://ucf2c-dcs-release-hub1.opcdeveloper.oracleinternalucf2c.oraclecorp.com/qa-dev/#projects/qa-dev_test-shared-project1-1460525673052/.
2016-04-12 23:14:46,437 DEBUG [oracle.clouddev.test.selenium.components.AssertElement] Check condition (element is visible) for element [By.xpath: ./div[contains(@class, &apos;oj-dialog-content&apos;)] under [By.xpath: . under [By.xpath: .//div[contains(@class,&apos;oj-dialog&apos;)]/div[@id=&apos;add-member-dialog&apos;]/..]]] on http://ucf2c-dcs-release-hub1.opcdeveloper.oracleinternalucf2c.oraclecorp.com/qa-dev/#projects/qa-dev_test-shared-project1-1460525673052/.
2016-04-12 23:14:46,478 DEBUG [oracle.clouddev.test.selenium.components.AssertElement] Check condition (element is visible) for element [By.id: username-combobox under [By.xpath: .//div[contains(@class,&apos;oj-dialog&apos;)]/div[@id=&apos;add-member-dialog&apos;]/..]] on http://ucf2c-dcs-release-hub1.opcdeveloper.oracleinternalucf2c.oraclecorp.com/qa-dev/#projects/qa-dev_test-shared-project1-1460525673052/.
2016-04-12 23:14:46,509 DEBUG [oracle.clouddev.test.selenium.components.AssertElement] Check condition (element is enabled) for element [By.id: username-combobox under [By.xpath: .//div[contains(@class,&apos;oj-dialog&apos;)]/div[@id=&apos;add-member-dialog&apos;]/..]] on http://ucf2c-dcs-release-hub1.opcdeveloper.oracleinternalucf2c.oraclecorp.com/qa-dev/#projects/qa-dev_test-shared-project1-1460525673052/.
2016-04-12 23:14:46,541 DEBUG [oracle.clouddev.test.selenium.components.AssertElement] Check condition (element is visible) for element [By.xpath: . under [By.id: username-combobox under [By.xpath: .//div[contains(@class,&apos;oj-dialog&apos;)]/div[@id=&apos;add-member-dialog&apos;]/..]]] on http://ucf2c-dcs-release-hub1.opcdeveloper.oracleinternalucf2c.oraclecorp.com/qa-dev/#projects/qa-dev_test-shared-project1-1460525673052/.
2016-04-12 23:14:46,585 DEBUG [oracle.clouddev.test.selenium.components.AssertElement] Check condition (element has style class &apos;oj-combobox&apos;) for element [By.xpath: . under [By.id: username-combobox under [By.xpath: .//div[contains(@class,&apos;oj-dialog&apos;)]/div[@id=&apos;add-member-dialog&apos;]/..]]] on http://ucf2c-dcs-release-hub1.opcdeveloper.oracleinternalucf2c.oraclecorp.com/qa-dev/#projects/qa-dev_test-shared-project1-1460525673052/.
2016-04-12 23:14:46,706 DEBUG [oracle.clouddev.test.selenium.components.AssertElement] Check condition (element is visible) for element [By.xpath: ./div[contains(@class, &apos;oj-combobox-choice&apos;)] under [By.xpath: . under [By.id: username-combobox under [By.xpath: .//div[contains(@class,&apos;oj-dialog&apos;)]/div[@id=&apos;add-member-dialog&apos;]/..]]]] on http://ucf2c-dcs-release-hub1.opcdeveloper.oracleinternalucf2c.oraclecorp.com/qa-dev/#projects/qa-dev_test-shared-project1-1460525673052/.
2016-04-12 23:14:46,756 DEBUG [oracle.clouddev.test.selenium.components.AssertElement] Check condition (element is visible) for element [By.xpath: .//input[contains(@class, &apos;oj-combobox-input&apos;)] under [By.id: username-combobox under [By.xpath: .//div[contains(@class,&apos;oj-dialog&apos;)]/div[@id=&apos;add-member-dialog&apos;]/..]]] on http://ucf2c-dcs-release-hub1.opcdeveloper.oracleinternalucf2c.oraclecorp.com/qa-dev/#projects/qa-dev_test-shared-project1-1460525673052/.
2016-04-12 23:14:46,797 DEBUG [oracle.clouddev.test.selenium.components.AssertElement] Check condition (NOT (element is readonly)) for element [By.xpath: .//input[contains(@class, &apos;oj-combobox-input&apos;)] under [By.id: username-combobox under [By.xpath: .//div[contains(@class,&apos;oj-dialog&apos;)]/div[@id=&apos;add-member-dialog&apos;]/..]]] on http://ucf2c-dcs-release-hub1.opcdeveloper.oracleinternalucf2c.oraclecorp.com/qa-dev/#projects/qa-dev_test-shared-project1-1460525673052/.
2016-04-12 23:14:46,835 DEBUG [oracle.clouddev.test.selenium.components.AssertElement] Check condition (element is visible) for element [By.id: username-combobox under [By.xpath: .//div[contains(@class,&apos;oj-dialog&apos;)]/div[@id=&apos;add-member-dialog&apos;]/..]] on http://ucf2c-dcs-release-hub1.opcdeveloper.oracleinternalucf2c.oraclecorp.com/qa-dev/#projects/qa-dev_test-shared-project1-1460525673052/.
2016-04-12 23:14:46,901 DEBUG [oracle.clouddev.test.selenium.components.AssertElement] Check condition (element is enabled) for element [By.id: username-combobox under [By.xpath: .//div[contains(@class,&apos;oj-dialog&apos;)]/div[@id=&apos;add-member-dialog&apos;]/..]] on http://ucf2c-dcs-release-hub1.opcdeveloper.oracleinternalucf2c.oraclecorp.com/qa-dev/#projects/qa-dev_test-shared-project1-1460525673052/.
2016-04-12 23:14:46,963 DEBUG [oracle.clouddev.test.selenium.components.AssertElement] Check condition (element has style class &apos;oj-listbox-dropdown-open&apos;) for element [By.id: username-combobox under [By.xpath: .//div[contains(@class,&apos;oj-dialog&apos;)]/div[@id=&apos;add-member-dialog&apos;]/..]] on http://ucf2c-dcs-release-hub1.opcdeveloper.oracleinternalucf2c.oraclecorp.com/qa-dev/#projects/qa-dev_test-shared-project1-1460525673052/ without wait.
2016-04-12 23:14:47,010 DEBUG [oracle.clouddev.test.selenium.components.AssertElement] Check condition (element is visible) for element [By.xpath: .//a[contains(@class, &apos;oj-combobox-arrow&apos;)] under [By.id: username-combobox under [By.xpath: .//div[contains(@class,&apos;oj-dialog&apos;)]/div[@id=&apos;add-member-dialog&apos;]/..]]] on http://ucf2c-dcs-release-hub1.opcdeveloper.oracleinternalucf2c.oraclecorp.com/qa-dev/#projects/qa-dev_test-shared-project1-1460525673052/.
2016-04-12 23:14:47,098 DEBUG [oracle.clouddev.test.selenium.components.AssertElement] Check condition (element is visible) for element [By.xpath: .//a[contains(@class, &apos;oj-combobox-arrow&apos;)] under [By.id: username-combobox under [By.xpath: .//div[contains(@class,&apos;oj-dialog&apos;)]/div[@id=&apos;add-member-dialog&apos;]/..]]] on http://ucf2c-dcs-release-hub1.opcdeveloper.oracleinternalucf2c.oraclecorp.com/qa-dev/#projects/qa-dev_test-shared-project1-1460525673052/.
2016-04-12 23:14:47,416 DEBUG [oracle.clouddev.test.selenium.components.AssertElement] Check condition (element is visible) for element [By.xpath: .//div[@class=&apos;oj-listbox-result-label&apos; and contains(text(),&apos;tom.testsuite&apos;)] under [By.xpath: .//div[@id=&apos;oj-listbox-drop&apos;]]] on http://ucf2c-dcs-release-hub1.opcdeveloper.oracleinternalucf2c.oraclecorp.com/qa-dev/#projects/qa-dev_test-shared-project1-1460525673052/.
2016-04-12 23:14:47,485 DEBUG [oracle.clouddev.test.selenium.components.AssertElement] Check condition (element is visible) for element [By.xpath: .//div[@class=&apos;oj-listbox-result-label&apos; and contains(text(),&apos;tom.testsuite&apos;)] under [By.xpath: .//div[@id=&apos;oj-listbox-drop&apos;]]] on http://ucf2c-dcs-release-hub1.opcdeveloper.oracleinternalucf2c.oraclecorp.com/qa-dev/#projects/qa-dev_test-shared-project1-1460525673052/.
2016-04-12 23:14:48,077 DEBUG [oracle.clouddev.test.selenium.components.AssertElement] Check condition (element is visible) for element [By.xpath: .//*[(self::button or self::a or self::input) and @id=&apos;add-member-button&apos;] under [By.xpath: .//div[contains(@class,&apos;oj-dialog&apos;)]/div[@id=&apos;add-member-dialog&apos;]/..]] on http://ucf2c-dcs-release-hub1.opcdeveloper.oracleinternalucf2c.oraclecorp.com/qa-dev/#projects/qa-dev_test-shared-project1-1460525673052/.
2016-04-12 23:14:48,129 DEBUG [oracle.clouddev.test.selenium.components.AssertElement] Check condition (element has style class &apos;oj-enabled&apos;) for element [By.xpath: .//*[(self::button or self::a or self::input) and @id=&apos;add-member-button&apos;] under [By.xpath: .//div[contains(@class,&apos;oj-dialog&apos;)]/div[@id=&apos;add-member-dialog&apos;]/..]] on http://ucf2c-dcs-release-hub1.opcdeveloper.oracleinternalucf2c.oraclecorp.com/qa-dev/#projects/qa-dev_test-shared-project1-1460525673052/.
2016-04-12 23:14:48,164 DEBUG [oracle.clouddev.test.selenium.components.AssertElement] Check condition (element is visible) for element [By.xpath: .//*[(self::button or self::a or self::input) and @id=&apos;add-member-button&apos;] under [By.xpath: .//div[contains(@class,&apos;oj-dialog&apos;)]/div[@id=&apos;add-member-dialog&apos;]/..]] on http://ucf2c-dcs-release-hub1.opcdeveloper.oracleinternalucf2c.oraclecorp.com/qa-dev/#projects/qa-dev_test-shared-project1-1460525673052/.
2016-04-12 23:14:48,304 DEBUG [oracle.clouddev.test.selenium.components.AssertElement] Check condition (element has style class &apos;oj-enabled&apos;) for element [By.xpath: .//*[(self::button or self::a or self::input) and @id=&apos;add-member-button&apos;] under [By.xpath: .//div[contains(@class,&apos;oj-dialog&apos;)]/div[@id=&apos;add-member-dialog&apos;]/..]] on http://ucf2c-dcs-release-hub1.opcdeveloper.oracleinternalucf2c.oraclecorp.com/qa-dev/#projects/qa-dev_test-shared-project1-1460525673052/.
2016-04-12 23:14:49,670 DEBUG [oracle.clouddev.test.selenium.components.AssertElement] Check condition (element is visible) for element [By.xpath: .//div[contains(@class, &apos;fullname&apos;)] under [li#team-list-user-23 under [By.id: home-tab-content-3]]] on http://ucf2c-dcs-release-hub1.opcdeveloper.oracleinternalucf2c.oraclecorp.com/qa-dev/#projects/qa-dev_test-shared-project1-1460525673052/.
2016-04-12 23:14:49,730 DEBUG [oracle.clouddev.test.selenium.components.AssertElement] Check condition (element is visible) for element [By.xpath: .//div[contains(@class, &apos;fullname&apos;)] under [li#team-list-user-24 under [By.id: home-tab-content-3]]] on http://ucf2c-dcs-release-hub1.opcdeveloper.oracleinternalucf2c.oraclecorp.com/qa-dev/#projects/qa-dev_test-shared-project1-1460525673052/.
2016-04-12 23:14:49,799 DEBUG [oracle.clouddev.test.selenium.junit.BrowserSession] signing out current user
2016-04-12 23:14:49,812 DEBUG [oracle.clouddev.test.selenium.components.AssertElement] Check condition (element is visible) for element [By.id: odcs-user-name] on http://ucf2c-dcs-release-hub1.opcdeveloper.oracleinternalucf2c.oraclecorp.com/qa-dev/#projects/qa-dev_test-shared-project1-1460525673052/.
2016-04-12 23:14:49,840 DEBUG [oracle.clouddev.test.selenium.components.AssertElement] Check condition (element is visible) for element [By.xpath: //div[@id=&apos;odcs-user&apos;]/button[@id=&apos;odcs-user-name&apos;]/span[1]] on http://ucf2c-dcs-release-hub1.opcdeveloper.oracleinternalucf2c.oraclecorp.com/qa-dev/#projects/qa-dev_test-shared-project1-1460525673052/.
2016-04-12 23:14:49,945 DEBUG [oracle.clouddev.test.selenium.components.AssertElement] Check condition (element is visible) for element [By.xpath: //div[@id=&apos;odcs-user&apos;]/button[@id=&apos;odcs-user-name&apos;]/span[1]] on http://ucf2c-dcs-release-hub1.opcdeveloper.oracleinternalucf2c.oraclecorp.com/qa-dev/#projects/qa-dev_test-shared-project1-1460525673052/.
2016-04-12 23:14:50,137 DEBUG [oracle.clouddev.test.selenium.junit.BrowserSession] current user is tina.testsuite
2016-04-12 23:14:50,156 DEBUG [oracle.clouddev.test.selenium.components.AssertElement] Check condition (element is visible) for element [By.xpath: .//span[contains(text(),&apos;tina.testsuite&apos;)] under [By.id: odcs-user-name]] on http://ucf2c-dcs-release-hub1.opcdeveloper.oracleinternalucf2c.oraclecorp.com/qa-dev/#projects/qa-dev_test-shared-project1-1460525673052/.
2016-04-12 23:14:50,605 DEBUG [oracle.clouddev.test.selenium.components.AssertElement] Check condition (element is visible) for element [By.id: odcs-user-menu] on http://ucf2c-dcs-release-hub1.opcdeveloper.oracleinternalucf2c.oraclecorp.com/qa-dev/#projects/qa-dev_test-shared-project1-1460525673052/.
2016-04-12 23:14:51,377 INFO  [oracle.clouddev.test.selenium.junit.BrowserSession] user tina.testsuite signed out (checked element = [By.xpath: .//div[@id=&apos;page-signup&apos;]])
2016-04-12 23:14:52,316 INFO  [oracle.clouddev.test.selenium.junit.BrowserSession] signing in user tom.testsuite
2016-04-12 23:14:53,198 DEBUG [oracle.clouddev.test.selenium.components.AssertElement] Check condition (element is visible) for element [By.xpath: //div[@id=&apos;odcs-user&apos;]/button[@id=&apos;odcs-user-name&apos;]/span[1]] on http://ucf2c-dcs-release-hub1.opcdeveloper.oracleinternalucf2c.oraclecorp.com/qa-dev/#signUp.
2016-04-12 23:14:58,385 INFO  [oracle.clouddev.test.selenium.junit.BrowserSession] using Simple login page
2016-04-12 23:14:58,410 DEBUG [oracle.clouddev.test.selenium.components.AssertElement] Check condition (element is visible) for element [By.id: username under [By.xpath: .//div[@id=&apos;page-signup&apos;]]] on http://ucf2c-dcs-release-hub1.opcdeveloper.oracleinternalucf2c.oraclecorp.com/qa-dev/#signUp.
2016-04-12 23:14:58,762 DEBUG [oracle.clouddev.test.selenium.components.AssertElement] Check condition (element is visible) for element [By.id: password under [By.xpath: .//div[@id=&apos;page-signup&apos;]]] on http://ucf2c-dcs-release-hub1.opcdeveloper.oracleinternalucf2c.oraclecorp.com/qa-dev/#signUp.
2016-04-12 23:14:59,235 DEBUG [oracle.clouddev.test.selenium.components.AssertElement] Check condition (element is visible) for element [By.xpath: .//input[@type=&apos;submit&apos;] under [By.xpath: .//div[@id=&apos;page-signup&apos;]]] on http://ucf2c-dcs-release-hub1.opcdeveloper.oracleinternalucf2c.oraclecorp.com/qa-dev/#signUp.
2016-04-12 23:14:59,435 DEBUG [oracle.clouddev.test.selenium.junit.BrowserSession] checking user signed in
2016-04-12 23:15:01,156 DEBUG [oracle.clouddev.test.selenium.junit.BrowserSession] element displayed after login: [By.xpath: .//div[@id=&apos;page-welcome-back-header&apos;]//div[@id=&apos;greeting&apos;]]
2016-04-12 23:15:01,156 INFO  [oracle.clouddev.test.selenium.junit.BrowserSession] user tom.testsuite signed in
2016-04-12 23:15:01,156 DEBUG [oracle.clouddev.test.selenium.junit.BrowserSession] navigating to project qa-dev_test-shared-project1-1460525673052 (http://ucf2c-dcs-release-hub1.opcdeveloper.oracleinternalucf2c.oraclecorp.com/qa-dev/#/projects/qa-dev_test-shared-project1-1460525673052)
2016-04-12 23:15:01,289 DEBUG [oracle.clouddev.test.selenium.components.AssertElement] Check condition (oracle.clouddev.test.selenium.components.Conditions$5@63004da8) for element [By.xpath: .//button[@id=&apos;odcs-project-selector&apos;]/span[1]] on http://ucf2c-dcs-release-hub1.opcdeveloper.oracleinternalucf2c.oraclecorp.com/qa-dev/#/projects/qa-dev_test-shared-project1-1460525673052.
2016-04-12 23:15:03,629 DEBUG [oracle.clouddev.test.selenium.components.AssertElement] Check condition (NOT (element is visible)) for element [By.id: page-provision] on http://ucf2c-dcs-release-hub1.opcdeveloper.oracleinternalucf2c.oraclecorp.com/qa-dev/#/projects/qa-dev_test-shared-project1-1460525673052.
2016-04-12 23:15:04,659 DEBUG [oracle.clouddev.test.selenium.components.AssertElement] Check condition (element is visible) for element [By.id: odcs-nav-tabs] on http://ucf2c-dcs-release-hub1.opcdeveloper.oracleinternalucf2c.oraclecorp.com/qa-dev/#/projects/qa-dev_test-shared-project1-1460525673052.
2016-04-12 23:15:04,690 DEBUG [oracle.clouddev.test.selenium.components.AssertElement] Check condition (NOT (element is visible)) for element [By.xpath: .//a[@id=&apos;admin&apos;] under [By.id: odcs-nav-tabs]] on http://ucf2c-dcs-release-hub1.opcdeveloper.oracleinternalucf2c.oraclecorp.com/qa-dev/#/projects/qa-dev_test-shared-project1-1460525673052.
2016-04-12 23:15:05,704 DEBUG [oracle.clouddev.test.selenium.junit.BrowserSession] signing out current user
2016-04-12 23:15:05,742 DEBUG [oracle.clouddev.test.selenium.components.AssertElement] Check condition (element is visible) for element [By.id: odcs-user-name] on http://ucf2c-dcs-release-hub1.opcdeveloper.oracleinternalucf2c.oraclecorp.com/qa-dev/#/projects/qa-dev_test-shared-project1-1460525673052.
2016-04-12 23:15:05,795 DEBUG [oracle.clouddev.test.selenium.components.AssertElement] Check condition (element is visible) for element [By.xpath: //div[@id=&apos;odcs-user&apos;]/button[@id=&apos;odcs-user-name&apos;]/span[1]] on http://ucf2c-dcs-release-hub1.opcdeveloper.oracleinternalucf2c.oraclecorp.com/qa-dev/#/projects/qa-dev_test-shared-project1-1460525673052.
2016-04-12 23:15:05,847 DEBUG [oracle.clouddev.test.selenium.components.AssertElement] Check condition (element is visible) for element [By.xpath: //div[@id=&apos;odcs-user&apos;]/button[@id=&apos;odcs-user-name&apos;]/span[1]] on http://ucf2c-dcs-release-hub1.opcdeveloper.oracleinternalucf2c.oraclecorp.com/qa-dev/#/projects/qa-dev_test-shared-project1-1460525673052.
2016-04-12 23:15:05,913 DEBUG [oracle.clouddev.test.selenium.junit.BrowserSession] current user is tom.testsuite
2016-04-12 23:15:05,937 DEBUG [oracle.clouddev.test.selenium.components.AssertElement] Check condition (element is visible) for element [By.xpath: .//span[contains(text(),&apos;tom.testsuite&apos;)] under [By.id: odcs-user-name]] on http://ucf2c-dcs-release-hub1.opcdeveloper.oracleinternalucf2c.oraclecorp.com/qa-dev/#/projects/qa-dev_test-shared-project1-1460525673052.
2016-04-12 23:15:06,279 DEBUG [oracle.clouddev.test.selenium.components.AssertElement] Check condition (element is visible) for element [By.id: odcs-user-menu] on http://ucf2c-dcs-release-hub1.opcdeveloper.oracleinternalucf2c.oraclecorp.com/qa-dev/#/projects/qa-dev_test-shared-project1-1460525673052.
2016-04-12 23:15:06,820 INFO  [oracle.clouddev.test.selenium.junit.BrowserSession] user tom.testsuite signed out (checked element = [By.xpath: .//div[@id=&apos;page-signup&apos;]])
2016-04-12 23:15:07,490 INFO  [oracle.clouddev.test.selenium.junit.BrowserSession] signing in user tina.testsuite
2016-04-12 23:15:08,208 DEBUG [oracle.clouddev.test.selenium.components.AssertElement] Check condition (element is visible) for element [By.xpath: //div[@id=&apos;odcs-user&apos;]/button[@id=&apos;odcs-user-name&apos;]/span[1]] on http://ucf2c-dcs-release-hub1.opcdeveloper.oracleinternalucf2c.oraclecorp.com/qa-dev/#signUp.
2016-04-12 23:15:13,431 INFO  [oracle.clouddev.test.selenium.junit.BrowserSession] using Simple login page
2016-04-12 23:15:13,442 DEBUG [oracle.clouddev.test.selenium.components.AssertElement] Check condition (element is visible) for element [By.id: username under [By.xpath: .//div[@id=&apos;page-signup&apos;]]] on http://ucf2c-dcs-release-hub1.opcdeveloper.oracleinternalucf2c.oraclecorp.com/qa-dev/#signUp.
2016-04-12 23:15:13,908 DEBUG [oracle.clouddev.test.selenium.components.AssertElement] Check condition (element is visible) for element [By.id: password under [By.xpath: .//div[@id=&apos;page-signup&apos;]]] on http://ucf2c-dcs-release-hub1.opcdeveloper.oracleinternalucf2c.oraclecorp.com/qa-dev/#signUp.
2016-04-12 23:15:14,250 DEBUG [oracle.clouddev.test.selenium.components.AssertElement] Check condition (element is visible) for element [By.xpath: .//input[@type=&apos;submit&apos;] under [By.xpath: .//div[@id=&apos;page-signup&apos;]]] on http://ucf2c-dcs-release-hub1.opcdeveloper.oracleinternalucf2c.oraclecorp.com/qa-dev/#signUp.
2016-04-12 23:15:14,421 DEBUG [oracle.clouddev.test.selenium.junit.BrowserSession] checking user signed in
2016-04-12 23:15:16,071 DEBUG [oracle.clouddev.test.selenium.junit.BrowserSession] element displayed after login: [By.xpath: .//div[@id=&apos;page-welcome-back-header&apos;]//div[@id=&apos;greeting&apos;]]
2016-04-12 23:15:16,071 INFO  [oracle.clouddev.test.selenium.junit.BrowserSession] user tina.testsuite signed in
2016-04-12 23:15:16,072 INFO  [oracle.clouddev.test.framework.rest.RestClient] [request#183] POST http://ucf2c-dcs-release-hub1.opcdeveloper.oracleinternalucf2c.oraclecorp.com/qa-dev/api/projects/search2 HTTP/1.1 (user: ADMIN(dcsdevteam/tina.testsuite/Welcome1!))
2016-04-12 23:15:16,072 DEBUG [oracle.clouddev.test.framework.rest.RestClient] [request#183] posted content:
{
  &quot;projectRelationship&quot; : &quot;ALL&quot;,
  &quot;organizationIdentifier&quot; : &quot;qa-dev&quot;,
  &quot;shallowCopy&quot; : false
}
2016-04-12 23:15:16,072 DEBUG [oracle.clouddev.test.framework.rest.RestClient] [request#183] cURL: curl -k -u tina.testsuite:Welcome1! -X POST &apos;http://ucf2c-dcs-release-hub1.opcdeveloper.oracleinternalucf2c.oraclecorp.com/qa-dev/api/projects/search2&apos; -H &apos;Content-Type: application/json; charset=UTF-8&apos; --data-binary &apos;{  &quot;projectRelationship&quot; : &quot;ALL&quot;,  &quot;organizationIdentifier&quot; : &quot;qa-dev&quot;,  &quot;shallowCopy&quot; : false}&apos;
2016-04-12 23:15:17,441 INFO  [oracle.clouddev.test.framework.rest.RestClient] [request#183] HTTP/1.1 200 OK
2016-04-12 23:15:17,441 DEBUG [oracle.clouddev.test.framework.rest.RestClient] [request#183] Content-Type: application/json;charset=UTF-8
2016-04-12 23:15:17,441 DEBUG [oracle.clouddev.test.framework.rest.RestClient] [request#183] Content-Length: -- no value --
2016-04-12 23:15:17,610 DEBUG [oracle.clouddev.test.selenium.junit.BrowserSession] navigating to project qa-dev_test-shared-project1-1460525673052 (http://ucf2c-dcs-release-hub1.opcdeveloper.oracleinternalucf2c.oraclecorp.com/qa-dev/#/projects/qa-dev_test-shared-project1-1460525673052)
2016-04-12 23:15:17,802 DEBUG [oracle.clouddev.test.selenium.components.AssertElement] Check condition (oracle.clouddev.test.selenium.components.Conditions$5@1ef06179) for element [By.xpath: .//button[@id=&apos;odcs-project-selector&apos;]/span[1]] on http://ucf2c-dcs-release-hub1.opcdeveloper.oracleinternalucf2c.oraclecorp.com/qa-dev/#/projects/qa-dev_test-shared-project1-1460525673052.
2016-04-12 23:15:20,202 DEBUG [oracle.clouddev.test.selenium.components.AssertElement] Check condition (NOT (element is visible)) for element [By.id: page-provision] on http://ucf2c-dcs-release-hub1.opcdeveloper.oracleinternalucf2c.oraclecorp.com/qa-dev/#/projects/qa-dev_test-shared-project1-1460525673052.
2016-04-12 23:15:21,223 DEBUG [oracle.clouddev.test.selenium.components.AssertElement] Check condition (element is visible) for element [By.id: odcs-nav-tabs] on http://ucf2c-dcs-release-hub1.opcdeveloper.oracleinternalucf2c.oraclecorp.com/qa-dev/#/projects/qa-dev_test-shared-project1-1460525673052.
2016-04-12 23:15:21,248 DEBUG [oracle.clouddev.test.selenium.components.AssertElement] Check condition (element is visible) for element [By.xpath: .//a[@id=&apos;home&apos;] under [By.id: odcs-nav-tabs]] on http://ucf2c-dcs-release-hub1.opcdeveloper.oracleinternalucf2c.oraclecorp.com/qa-dev/#/projects/qa-dev_test-shared-project1-1460525673052.
2016-04-12 23:15:21,282 DEBUG [oracle.clouddev.test.selenium.components.AssertElement] Check condition (NOT (element has style class &apos;oj-disabled&apos;)) for element [By.xpath: .//a[@id=&apos;home&apos;] under [By.id: odcs-nav-tabs]] on http://ucf2c-dcs-release-hub1.opcdeveloper.oracleinternalucf2c.oraclecorp.com/qa-dev/#/projects/qa-dev_test-shared-project1-1460525673052.
2016-04-12 23:15:21,311 DEBUG [oracle.clouddev.test.selenium.components.AssertElement] Check condition (element is visible) for element [By.xpath: .//a[@id=&apos;home&apos;] under [By.id: odcs-nav-tabs]] on http://ucf2c-dcs-release-hub1.opcdeveloper.oracleinternalucf2c.oraclecorp.com/qa-dev/#/projects/qa-dev_test-shared-project1-1460525673052.
2016-04-12 23:15:22,314 DEBUG [oracle.clouddev.test.selenium.components.AssertElement] Check condition (element has style class &apos;oj-active&apos;) for element [By.xpath: .//a[@id=&apos;home&apos;] under [By.id: odcs-nav-tabs]] on http://ucf2c-dcs-release-hub1.opcdeveloper.oracleinternalucf2c.oraclecorp.com/qa-dev/#projects/qa-dev_test-shared-project1-1460525673052/.
2016-04-12 23:15:22,352 DEBUG [oracle.clouddev.test.selenium.components.AssertElement] Check condition (element is visible) for element [By.xpath: .//a[@id=&apos;home&apos;] under [By.id: odcs-nav-tabs]] on http://ucf2c-dcs-release-hub1.opcdeveloper.oracleinternalucf2c.oraclecorp.com/qa-dev/#projects/qa-dev_test-shared-project1-1460525673052/.
2016-04-12 23:15:22,451 DEBUG [oracle.clouddev.test.selenium.components.AssertElement] Check condition (element is visible) for element [By.id: odcs-nav-tabs] on http://ucf2c-dcs-release-hub1.opcdeveloper.oracleinternalucf2c.oraclecorp.com/qa-dev/#projects/qa-dev_test-shared-project1-1460525673052/.
2016-04-12 23:15:22,472 DEBUG [oracle.clouddev.test.selenium.components.AssertElement] Check condition (element is visible) for element [By.xpath: .//a[@id=&apos;admin&apos;] under [By.id: odcs-nav-tabs]] on http://ucf2c-dcs-release-hub1.opcdeveloper.oracleinternalucf2c.oraclecorp.com/qa-dev/#projects/qa-dev_test-shared-project1-1460525673052/.
    </system-out>
    </testcase>
    <testcase classname="oracle.clouddev.test.selenium.tests.base.TestAdminPage" name="testWebhooks" time="195.359">
      <properties>
        <property name="java.runtime.name" value="Java(TM) SE Runtime Environment"/>
        <property name="exec.mainClass" value="oracle.clouddev.test.selenium.RunTests"/>
        <property name="sun.boot.library.path" value="/usr/java/jdk1.8.0_74/jre/lib/amd64"/>
        <property name="java.vm.version" value="25.74-b02"/>
        <property name="java.vm.vendor" value="Oracle Corporation"/>
        <property name="java.vendor.url" value="http://java.oracle.com/"/>
        <property name="guice.disable.misplaced.annotation.check" value="true"/>
        <property name="path.separator" value=":"/>
        <property name="java.vm.name" value="Java HotSpot(TM) 64-Bit Server VM"/>
        <property name="file.encoding.pkg" value="sun.io"/>
        <property name="user.country" value="US"/>
        <property name="sun.java.launcher" value="SUN_STANDARD"/>
        <property name="sun.os.patch.level" value="unknown"/>
        <property name="http.noProxyHosts" value="localhost|127.0.0.1|*.local|*.oraclecorp.com|*.us.oracle.com"/>
        <property name="java.vm.specification.name" value="Java Virtual Machine Specification"/>
        <property name="user.dir" value="/home/builder/hudson/workspace/dcs_dcs.Release-Selenium-Tests/selenium-tests"/>
        <property name="java.runtime.version" value="1.8.0_74-b02"/>
        <property name="java.awt.graphicsenv" value="sun.awt.X11GraphicsEnvironment"/>
        <property name="java.endorsed.dirs" value="/usr/java/jdk1.8.0_74/jre/lib/endorsed"/>
        <property name="os.arch" value="amd64"/>
        <property name="java.io.tmpdir" value="/tmp"/>
        <property name="line.separator" value="
"/>
        <property name="java.vm.specification.vendor" value="Oracle Corporation"/>
        <property name="https.proxyHost" value="www-proxy.us.oracle.com"/>
        <property name="os.name" value="Linux"/>
        <property name="classworlds.conf" value="/usr/local/apache-maven/apache-maven-3.0.4/bin/m2.conf"/>
        <property name="sun.jnu.encoding" value="UTF-8"/>
        <property name="http.proxyPort" value="80"/>
        <property name="java.library.path" value="/usr/java/packages/lib/amd64:/usr/lib64:/lib64:/lib:/usr/lib"/>
        <property name="sun.awt.enableExtraMouseButtons" value="true"/>
        <property name="java.specification.name" value="Java Platform API Specification"/>
        <property name="java.class.version" value="52.0"/>
        <property name="sun.management.compiler" value="HotSpot 64-Bit Tiered Compilers"/>
        <property name="os.version" value="3.8.13-55.1.1.el6uek.x86_64"/>
        <property name="user.home" value="/home/builder"/>
        <property name="user.timezone" value="PST8PDT"/>
        <property name="java.awt.printerjob" value="sun.print.PSPrinterJob"/>
        <property name="file.encoding" value="UTF-8"/>
        <property name="java.specification.version" value="1.8"/>
        <property name="java.class.path" value="/usr/local/apache-maven/apache-maven-3.0.4/boot/plexus-classworlds-2.4.jar"/>
        <property name="user.name" value="builder"/>
        <property name="java.vm.specification.version" value="1.8"/>
        <property name="sun.java.command" value="org.codehaus.plexus.classworlds.launcher.Launcher -f /home/c2c/hudson/workspace/dcs_dcs.Release-Selenium-Tests/selenium-tests/pom.xml --batch-mode exec:java -Dexec.mainClass=oracle.clouddev.test.selenium.RunTests -Dexec.args=selenium.browser.size.w=1280 selenium.browser.size.h=960 capture.video=true capture.screenshots=true notification.type=swing notification.history=3 notification.font.size=15 job-release-selenium-tests.properties build.job=dcs_dcs.Release-Selenium-Tests build.number=295 target.release=16.2.3.0.0 timeout.build.buildqueue=1200 timeout.build.buildqueue.polling=60 -s BASE --tag base"/>
        <property name="java.home" value="/usr/java/jdk1.8.0_74/jre"/>
        <property name="sun.arch.data.model" value="64"/>
        <property name="user.language" value="en"/>
        <property name="java.specification.vendor" value="Oracle Corporation"/>
        <property name="awt.toolkit" value="sun.awt.X11.XToolkit"/>
        <property name="java.vm.info" value="mixed mode"/>
        <property name="java.version" value="1.8.0_74"/>
        <property name="securerandom.source" value="file:/dev/./urandom"/>
        <property name="java.ext.dirs" value="/usr/java/jdk1.8.0_74/jre/lib/ext:/usr/java/packages/lib/ext"/>
        <property name="http.proxyHost" value="www-proxy.us.oracle.com"/>
        <property name="sun.boot.class.path" value="/usr/java/jdk1.8.0_74/jre/lib/resources.jar:/usr/java/jdk1.8.0_74/jre/lib/rt.jar:/usr/java/jdk1.8.0_74/jre/lib/sunrsasign.jar:/usr/java/jdk1.8.0_74/jre/lib/jsse.jar:/usr/java/jdk1.8.0_74/jre/lib/jce.jar:/usr/java/jdk1.8.0_74/jre/lib/charsets.jar:/usr/java/jdk1.8.0_74/jre/lib/jfr.jar:/usr/java/jdk1.8.0_74/jre/classes"/>
        <property name="java.vendor" value="Oracle Corporation"/>
        <property name="maven.home" value="/usr/local/apache-maven/apache-maven-3.0.4"/>
        <property name="file.separator" value="/"/>
        <property name="java.vendor.url.bug" value="http://bugreport.sun.com/bugreport/"/>
        <property name="sun.font.fontmanager" value="sun.awt.X11FontManager"/>
        <property name="sun.io.unicode.encoding" value="UnicodeLittle"/>
        <property name="sun.cpu.endian" value="little"/>
        <property name="https.proxyPort" value="80"/>
        <property name="exec.args" value="selenium.browser.size.w=1280 selenium.browser.size.h=960 capture.video=true capture.screenshots=true notification.type=swing notification.history=3 notification.font.size=15 job-release-selenium-tests.properties build.job=dcs_dcs.Release-Selenium-Tests build.number=295 target.release=16.2.3.0.0 timeout.build.buildqueue=1200 timeout.build.buildqueue.polling=60 -s BASE --tag base"/>
        <property name="sun.cpu.isalist" value=""/>
        <property name="test.selenium.browser.size.h" value="960"/>
        <property name="test.user.non-admin.name" value="tom.testsuite"/>
        <property name="test.https.proxyHost" value="www-proxy.us.oracle.com"/>
        <property name="test.user.admin.name" value="tina.testsuite"/>
        <property name="test.user.em-agent.password" value="Welcome1!"/>
        <property name="test.tag" value="base"/>
        <property name="test.user.em-agent.fullname" value="Alex Admin"/>
        <property name="test.selenium.port" value="44000"/>
        <property name="test.build.number" value="295"/>
        <property name="test.user.sdi-agent.enabled" value="true"/>
        <property name="test.timeout.assert.condition" value="30"/>
        <property name="test.target.version" value="{
  &quot;buildInformation&quot; : {
    &quot;gitCommitId&quot; : &quot;6415b9c07a83d336f513936eb79c4a925510b07b&quot;,
    &quot;gitCommitMessage&quot; : &quot;Merge branch &apos;Fix18963&apos; into &apos;patchset_16_2_3&apos;&quot;,
    &quot;buildTime&quot; : &quot;12.04.2016 @ 21:58:42 PDT&quot;,
    &quot;buildUser&quot; : &quot;Code2Cloud Builder&quot;
  }
}"/>
        <property name="test.build.job" value="dcs_dcs.Release-Selenium-Tests"/>
        <property name="test.timeout.project.create" value="660"/>
        <property name="test.user.sdi-agent.name" value="alex.admin"/>
        <property name="test.selenium.browser" value="firefox"/>
        <property name="test.http.proxyPort" value="80"/>
        <property name="test.user.sdi-agent.password" value="Welcome1!"/>
        <property name="test.user.sdi-agent.fullname" value="Alex Admin"/>
        <property name="test.timeout.selenium.navigate" value="20"/>
        <property name="test.target.release" value="16.2.3.0.0"/>
        <property name="test.byom.ip" value="127.0.0.1"/>
        <property name="test.byom.port" value="8585"/>
        <property name="test.notification.type" value="swing"/>
        <property name="test.data.project.override" value=""/>
        <property name="test.timeout.selenium.find" value="1"/>
        <property name="test.user.em-agent.enabled" value="true"/>
        <property name="test.testEmptyOrg.db.id" value=""/>
        <property name="test.reviews.timeout.slowdown" value="0"/>
        <property name="test.http.noProxyHosts" value="localhost|127.0.0.1|*.local|*.oraclecorp.com|*.us.oracle.com"/>
        <property name="test.capture.video" value="true"/>
        <property name="test.user.non-admin.password" value="Welcome1!"/>
        <property name="test.user.non-admin.fullname" value="Tom Testsuite"/>
        <property name="test.user.admin.password" value="Welcome1!"/>
        <property name="test.notification.history" value="3"/>
        <property name="test.user.admin.fullname" value="Tina Testsuite"/>
        <property name="test.capture.screenshots" value="true"/>
        <property name="test.testEmptyOrg.db.connectString" value="jdbc:oracle:thin:@(DESCRIPTION=(ADDRESS=(PROTOCOL=TCP)(HOST=slc09iwb.us.oracle.com)(PORT=1521))(CONNECT_DATA=(SERVICE_NAME=dbpod)))"/>
        <property name="test.firefox.bin" value=""/>
        <property name="test.https.proxyPort" value="80"/>
        <property name="test.develop.offline" value="false"/>
        <property name="test.timeout.build.buildqueue.polling" value="60"/>
        <property name="test.output.dir" value="target/test-reports/"/>
        <property name="test.firefox.allowedHosts" value="localhost,localhost.localdomain"/>
        <property name="test.testEmptyOrg.db.schema" value="BV2RLPNYEWMR"/>
        <property name="test.web.url" value="http://ucf2c-dcs-release-hub1.opcdeveloper.oracleinternalucf2c.oraclecorp.com/qa-dev/"/>
        <property name="test.firefox.extensions" value=""/>
        <property name="test.testEmptyOrg.orgExistsCheck" value="false"/>
        <property name="test.data.dir" value="data/"/>
        <property name="test.notification.font.size" value="15"/>
        <property name="test.testEmptyOrg.service" value="devservice5"/>
        <property name="test.selenium.start.server" value="false"/>
        <property name="test.firefox.profile.path" value=""/>
        <property name="test.selenium.host" value="localhost"/>
        <property name="test.suite" value="BASE"/>
        <property name="test.tests" value=""/>
        <property name="test.user.admin.idm" value="dcsdevteam"/>
        <property name="test.http.proxyHost" value="www-proxy.us.oracle.com"/>
        <property name="test.testMethods" value=""/>
        <property name="test.reviews.dontDeleteEnviroment" value="false"/>
        <property name="test.selenium.browser.maximize" value="false"/>
        <property name="test.firefox.profile.name" value=""/>
        <property name="test.timeout.build.buildqueue" value="1200"/>
        <property name="test.user.em-agent.idm" value="dcsdevteam"/>
        <property name="test.selenium.remote" value="false"/>
        <property name="test.user.sdi-agent.idm" value="dcsdevteam"/>
        <property name="test.byom.authToken" value="123456"/>
        <property name="test.proxy.autodetect" value="false"/>
        <property name="test.testEmptyOrg.idm" value="dcsdevteam"/>
        <property name="test.user.non-admin.idm" value="dcsdevteam"/>
        <property name="test.data.tasks.useexisting" value="false"/>
        <property name="test.selenium.browser.size.w" value="1280"/>
        <property name="test.category" value="DEFAULT"/>
        <property name="test.user.em-agent.name" value="alex.admin"/>
        <property name="test.timeout.slowdown" value="0"/>
      </properties>
    <system-out>
2016-04-12 23:15:22,500 DEBUG [oracle.clouddev.test.selenium.components.AssertElement] Check condition (oracle.clouddev.test.selenium.components.Conditions$5@26801b15) for element [By.xpath: .//button[@id=&apos;odcs-project-selector&apos;]/span[1]] on http://ucf2c-dcs-release-hub1.opcdeveloper.oracleinternalucf2c.oraclecorp.com/qa-dev/#projects/qa-dev_test-shared-project1-1460525673052/ without wait.
2016-04-12 23:15:22,523 DEBUG [oracle.clouddev.test.selenium.components.AssertElement] Check condition (element is visible) for element [By.id: odcs-nav-tabs] on http://ucf2c-dcs-release-hub1.opcdeveloper.oracleinternalucf2c.oraclecorp.com/qa-dev/#projects/qa-dev_test-shared-project1-1460525673052/.
2016-04-12 23:15:22,545 DEBUG [oracle.clouddev.test.selenium.components.AssertElement] Check condition (element is visible) for element [By.xpath: .//a[@id=&apos;admin&apos;] under [By.id: odcs-nav-tabs]] on http://ucf2c-dcs-release-hub1.opcdeveloper.oracleinternalucf2c.oraclecorp.com/qa-dev/#projects/qa-dev_test-shared-project1-1460525673052/.
2016-04-12 23:15:22,573 DEBUG [oracle.clouddev.test.selenium.components.AssertElement] Check condition (NOT (element has style class &apos;oj-disabled&apos;)) for element [By.xpath: .//a[@id=&apos;admin&apos;] under [By.id: odcs-nav-tabs]] on http://ucf2c-dcs-release-hub1.opcdeveloper.oracleinternalucf2c.oraclecorp.com/qa-dev/#projects/qa-dev_test-shared-project1-1460525673052/.
2016-04-12 23:15:22,604 DEBUG [oracle.clouddev.test.selenium.components.AssertElement] Check condition (element is visible) for element [By.xpath: .//a[@id=&apos;admin&apos;] under [By.id: odcs-nav-tabs]] on http://ucf2c-dcs-release-hub1.opcdeveloper.oracleinternalucf2c.oraclecorp.com/qa-dev/#projects/qa-dev_test-shared-project1-1460525673052/.
2016-04-12 23:15:22,933 DEBUG [oracle.clouddev.test.selenium.components.AssertElement] Check condition (element has style class &apos;oj-active&apos;) for element [By.xpath: .//a[@id=&apos;admin&apos;] under [By.id: odcs-nav-tabs]] on http://ucf2c-dcs-release-hub1.opcdeveloper.oracleinternalucf2c.oraclecorp.com/qa-dev/#projects/qa-dev_test-shared-project1-1460525673052/admin.
2016-04-12 23:15:22,967 DEBUG [oracle.clouddev.test.selenium.components.AssertElement] Check condition (element is visible) for element [By.xpath: .//a[@id=&apos;admin&apos;] under [By.id: odcs-nav-tabs]] on http://ucf2c-dcs-release-hub1.opcdeveloper.oracleinternalucf2c.oraclecorp.com/qa-dev/#projects/qa-dev_test-shared-project1-1460525673052/admin.
2016-04-12 23:15:23,054 INFO  [oracle.clouddev.test.selenium.tests.base.TestHomePage] testWebhooks
2016-04-12 23:15:25,125 DEBUG [oracle.clouddev.test.selenium.components.AssertElement] Check condition (element is visible) for element [a#tile-properties] on http://ucf2c-dcs-release-hub1.opcdeveloper.oracleinternalucf2c.oraclecorp.com/qa-dev/#projects/qa-dev_test-shared-project1-1460525673052/admin.
2016-04-12 23:15:25,166 DEBUG [oracle.clouddev.test.selenium.components.AssertElement] Check condition (element is visible) for element [a#tile-metrics] on http://ucf2c-dcs-release-hub1.opcdeveloper.oracleinternalucf2c.oraclecorp.com/qa-dev/#projects/qa-dev_test-shared-project1-1460525673052/admin.
2016-04-12 23:15:25,235 DEBUG [oracle.clouddev.test.selenium.components.AssertElement] Check condition (element is visible) for element [a#tile-issues] on http://ucf2c-dcs-release-hub1.opcdeveloper.oracleinternalucf2c.oraclecorp.com/qa-dev/#projects/qa-dev_test-shared-project1-1460525673052/admin.
2016-04-12 23:15:25,287 DEBUG [oracle.clouddev.test.selenium.components.AssertElement] Check condition (element is visible) for element [a#tile-source-code] on http://ucf2c-dcs-release-hub1.opcdeveloper.oracleinternalucf2c.oraclecorp.com/qa-dev/#projects/qa-dev_test-shared-project1-1460525673052/admin.
2016-04-12 23:15:25,380 DEBUG [oracle.clouddev.test.selenium.components.AssertElement] Check condition (element is visible) for element [a#tile-merge] on http://ucf2c-dcs-release-hub1.opcdeveloper.oracleinternalucf2c.oraclecorp.com/qa-dev/#projects/qa-dev_test-shared-project1-1460525673052/admin.
2016-04-12 23:15:25,428 DEBUG [oracle.clouddev.test.selenium.components.AssertElement] Check condition (element is visible) for element [a#tile-webhooks] on http://ucf2c-dcs-release-hub1.opcdeveloper.oracleinternalucf2c.oraclecorp.com/qa-dev/#projects/qa-dev_test-shared-project1-1460525673052/admin.
2016-04-12 23:15:25,475 DEBUG [oracle.clouddev.test.selenium.components.AssertElement] Check condition (element is visible) for element [a#tile-webhooks] on http://ucf2c-dcs-release-hub1.opcdeveloper.oracleinternalucf2c.oraclecorp.com/qa-dev/#projects/qa-dev_test-shared-project1-1460525673052/admin.
2016-04-12 23:15:25,984 DEBUG [oracle.clouddev.test.selenium.components.AssertElement] Check condition (element is visible) for element [By.id: page-admin-webhooks] on http://ucf2c-dcs-release-hub1.opcdeveloper.oracleinternalucf2c.oraclecorp.com/qa-dev/#projects/qa-dev_test-shared-project1-1460525673052/admin/webhooks.
2016-04-12 23:15:26,020 DEBUG [oracle.clouddev.test.selenium.components.AssertElement] Check condition (element is visible) for element [By.xpath: .//ul[@id=&apos;webhook-list-content&apos;]] on http://ucf2c-dcs-release-hub1.opcdeveloper.oracleinternalucf2c.oraclecorp.com/qa-dev/#projects/qa-dev_test-shared-project1-1460525673052/admin/webhooks.
2016-04-12 23:15:27,132 DEBUG [oracle.clouddev.test.selenium.components.AssertElement] Check condition (element is visible) for element [By.xpath: .//*[(self::button or self::a or self::input) and @id=&apos;webhook-list-add&apos;]] on http://ucf2c-dcs-release-hub1.opcdeveloper.oracleinternalucf2c.oraclecorp.com/qa-dev/#projects/qa-dev_test-shared-project1-1460525673052/admin/webhooks.
2016-04-12 23:15:27,167 DEBUG [oracle.clouddev.test.selenium.components.AssertElement] Check condition (element has style class &apos;oj-enabled&apos;) for element [By.xpath: .//*[(self::button or self::a or self::input) and @id=&apos;webhook-list-add&apos;]] on http://ucf2c-dcs-release-hub1.opcdeveloper.oracleinternalucf2c.oraclecorp.com/qa-dev/#projects/qa-dev_test-shared-project1-1460525673052/admin/webhooks.
2016-04-12 23:15:27,188 DEBUG [oracle.clouddev.test.selenium.components.AssertElement] Check condition (element is visible) for element [By.xpath: .//*[(self::button or self::a or self::input) and @id=&apos;webhook-list-add&apos;]] on http://ucf2c-dcs-release-hub1.opcdeveloper.oracleinternalucf2c.oraclecorp.com/qa-dev/#projects/qa-dev_test-shared-project1-1460525673052/admin/webhooks.
2016-04-12 23:15:27,211 DEBUG [oracle.clouddev.test.selenium.components.AssertElement] Check condition (element has style class &apos;oj-enabled&apos;) for element [By.xpath: .//*[(self::button or self::a or self::input) and @id=&apos;webhook-list-add&apos;]] on http://ucf2c-dcs-release-hub1.opcdeveloper.oracleinternalucf2c.oraclecorp.com/qa-dev/#projects/qa-dev_test-shared-project1-1460525673052/admin/webhooks.
2016-04-12 23:15:27,610 DEBUG [oracle.clouddev.test.selenium.components.AssertElement] Check condition (NOT (element exists)) for element [By.xpath: .//*[(self::button or self::a or self::input) and @id=&apos;webhook-list-add&apos;]] on http://ucf2c-dcs-release-hub1.opcdeveloper.oracleinternalucf2c.oraclecorp.com/qa-dev/#projects/qa-dev_test-shared-project1-1460525673052/webhook/new.
2016-04-12 23:15:28,635 DEBUG [oracle.clouddev.test.selenium.components.AssertElement] Check condition (element is visible) for element [By.id: webhook-type-new] on http://ucf2c-dcs-release-hub1.opcdeveloper.oracleinternalucf2c.oraclecorp.com/qa-dev/#projects/qa-dev_test-shared-project1-1460525673052/webhook/new.
2016-04-12 23:15:28,658 DEBUG [oracle.clouddev.test.selenium.components.AssertElement] Check condition (NOT (element has style class &apos;oj-disabled&apos;)) for element [By.id: webhook-type-new] on http://ucf2c-dcs-release-hub1.opcdeveloper.oracleinternalucf2c.oraclecorp.com/qa-dev/#projects/qa-dev_test-shared-project1-1460525673052/webhook/new.
2016-04-12 23:15:28,687 DEBUG [oracle.clouddev.test.selenium.components.AssertElement] Check condition (element exists) for element [By.xpath: ./div[contains(@class, &apos;oj-select-choice&apos;)] under [By.id: webhook-type-new]] on http://ucf2c-dcs-release-hub1.opcdeveloper.oracleinternalucf2c.oraclecorp.com/qa-dev/#projects/qa-dev_test-shared-project1-1460525673052/webhook/new.
2016-04-12 23:15:28,707 DEBUG [oracle.clouddev.test.selenium.components.AssertElement] Check condition (NOT (element is visible)) for element [By.xpath: ./following-sibling::select[contains(@data-bind, &apos;ojSelect&apos;)] under [By.id: webhook-type-new]] on http://ucf2c-dcs-release-hub1.opcdeveloper.oracleinternalucf2c.oraclecorp.com/qa-dev/#projects/qa-dev_test-shared-project1-1460525673052/webhook/new.
2016-04-12 23:15:28,730 DEBUG [oracle.clouddev.test.selenium.components.AssertElement] Check condition (element is visible) for element [By.xpath: . under [By.id: webhook-type-new]] on http://ucf2c-dcs-release-hub1.opcdeveloper.oracleinternalucf2c.oraclecorp.com/qa-dev/#projects/qa-dev_test-shared-project1-1460525673052/webhook/new.
2016-04-12 23:15:28,757 DEBUG [oracle.clouddev.test.selenium.components.AssertElement] Check condition (element is enabled) for element [By.xpath: . under [By.id: webhook-type-new]] on http://ucf2c-dcs-release-hub1.opcdeveloper.oracleinternalucf2c.oraclecorp.com/qa-dev/#projects/qa-dev_test-shared-project1-1460525673052/webhook/new.
2016-04-12 23:15:28,796 DEBUG [oracle.clouddev.test.selenium.components.AssertElement] Check condition (element is visible) for element [By.xpath: .//a[contains(@class, &apos;oj-select-arrow&apos;)] under [By.xpath: . under [By.id: webhook-type-new]]] on http://ucf2c-dcs-release-hub1.opcdeveloper.oracleinternalucf2c.oraclecorp.com/qa-dev/#projects/qa-dev_test-shared-project1-1460525673052/webhook/new.
2016-04-12 23:15:28,836 DEBUG [oracle.clouddev.test.selenium.components.AssertElement] Check condition (element is visible) for element [By.xpath: .//a[contains(@class, &apos;oj-select-arrow&apos;)] under [By.xpath: . under [By.id: webhook-type-new]]] on http://ucf2c-dcs-release-hub1.opcdeveloper.oracleinternalucf2c.oraclecorp.com/qa-dev/#projects/qa-dev_test-shared-project1-1460525673052/webhook/new.
2016-04-12 23:15:29,118 DEBUG [oracle.clouddev.test.selenium.components.AssertElement] Check condition (element is visible) for element [By.xpath: .//div[@id=&apos;oj-listbox-drop&apos;]] on http://ucf2c-dcs-release-hub1.opcdeveloper.oracleinternalucf2c.oraclecorp.com/qa-dev/#projects/qa-dev_test-shared-project1-1460525673052/webhook/new.
2016-04-12 23:15:29,183 DEBUG [oracle.clouddev.test.selenium.components.AssertElement] Check condition (element is visible) for element [li# under [By.xpath: .//div[@id=&apos;oj-listbox-drop&apos;]]] on http://ucf2c-dcs-release-hub1.opcdeveloper.oracleinternalucf2c.oraclecorp.com/qa-dev/#projects/qa-dev_test-shared-project1-1460525673052/webhook/new.
2016-04-12 23:15:30,268 DEBUG [oracle.clouddev.test.selenium.components.AssertElement] Check condition (element is visible) for element [By.id: webhooks-name-new] on http://ucf2c-dcs-release-hub1.opcdeveloper.oracleinternalucf2c.oraclecorp.com/qa-dev/#projects/qa-dev_test-shared-project1-1460525673052/webhook/new.
2016-04-12 23:15:30,290 DEBUG [oracle.clouddev.test.selenium.components.AssertElement] Check condition (element is enabled) for element [By.id: webhooks-name-new] on http://ucf2c-dcs-release-hub1.opcdeveloper.oracleinternalucf2c.oraclecorp.com/qa-dev/#projects/qa-dev_test-shared-project1-1460525673052/webhook/new.
2016-04-12 23:15:30,320 DEBUG [oracle.clouddev.test.selenium.components.AssertElement] Check condition (element exists) for element [By.xpath: ./input[contains(@class, &apos;oj-inputtext-input&apos;)] under [By.id: webhooks-name-new]] on http://ucf2c-dcs-release-hub1.opcdeveloper.oracleinternalucf2c.oraclecorp.com/qa-dev/#projects/qa-dev_test-shared-project1-1460525673052/webhook/new.
2016-04-12 23:15:30,338 DEBUG [oracle.clouddev.test.selenium.components.AssertElement] Check condition (element is visible) for element [By.id: webhooks-name-new] on http://ucf2c-dcs-release-hub1.opcdeveloper.oracleinternalucf2c.oraclecorp.com/qa-dev/#projects/qa-dev_test-shared-project1-1460525673052/webhook/new.
2016-04-12 23:15:30,359 DEBUG [oracle.clouddev.test.selenium.components.AssertElement] Check condition (element is visible) for element [By.xpath: ./input[contains(@class, &apos;oj-inputtext-input&apos;)] under [By.id: webhooks-name-new]] on http://ucf2c-dcs-release-hub1.opcdeveloper.oracleinternalucf2c.oraclecorp.com/qa-dev/#projects/qa-dev_test-shared-project1-1460525673052/webhook/new.
2016-04-12 23:15:30,386 DEBUG [oracle.clouddev.test.selenium.components.AssertElement] Check condition (NOT (element is readonly)) for element [By.xpath: ./input[contains(@class, &apos;oj-inputtext-input&apos;)] under [By.id: webhooks-name-new]] on http://ucf2c-dcs-release-hub1.opcdeveloper.oracleinternalucf2c.oraclecorp.com/qa-dev/#projects/qa-dev_test-shared-project1-1460525673052/webhook/new.
2016-04-12 23:15:30,408 DEBUG [oracle.clouddev.test.selenium.components.AssertElement] Check condition (element is visible) for element [By.xpath: ./input[contains(@class, &apos;oj-inputtext-input&apos;)] under [By.id: webhooks-name-new]] on http://ucf2c-dcs-release-hub1.opcdeveloper.oracleinternalucf2c.oraclecorp.com/qa-dev/#projects/qa-dev_test-shared-project1-1460525673052/webhook/new.
2016-04-12 23:15:30,680 DEBUG [oracle.clouddev.test.selenium.components.AssertElement] Check condition (element is visible) for element [By.id: webhooks-name-new] on http://ucf2c-dcs-release-hub1.opcdeveloper.oracleinternalucf2c.oraclecorp.com/qa-dev/#projects/qa-dev_test-shared-project1-1460525673052/webhook/new.
2016-04-12 23:15:30,700 DEBUG [oracle.clouddev.test.selenium.components.AssertElement] Check condition (ojInputText value is webhook-dcs-0) for element [By.xpath: ./input[contains(@class, &apos;oj-inputtext-input&apos;)] under [By.id: webhooks-name-new]] on http://ucf2c-dcs-release-hub1.opcdeveloper.oracleinternalucf2c.oraclecorp.com/qa-dev/#projects/qa-dev_test-shared-project1-1460525673052/webhook/new.
2016-04-12 23:15:30,724 DEBUG [oracle.clouddev.test.selenium.components.AssertElement] Check condition (element is visible) for element [By.xpath: .//input[@id=&apos;webhooks-active-new&apos;]] on http://ucf2c-dcs-release-hub1.opcdeveloper.oracleinternalucf2c.oraclecorp.com/qa-dev/#projects/qa-dev_test-shared-project1-1460525673052/webhook/new.
2016-04-12 23:15:30,745 DEBUG [oracle.clouddev.test.selenium.components.AssertElement] Check condition (element is enabled) for element [By.xpath: .//input[@id=&apos;webhooks-active-new&apos;]] on http://ucf2c-dcs-release-hub1.opcdeveloper.oracleinternalucf2c.oraclecorp.com/qa-dev/#projects/qa-dev_test-shared-project1-1460525673052/webhook/new.
2016-04-12 23:15:30,772 DEBUG [oracle.clouddev.test.selenium.components.AssertElement] Check condition (checkbox is checked) for element [By.xpath: .//input[@id=&apos;webhooks-active-new&apos;]] on http://ucf2c-dcs-release-hub1.opcdeveloper.oracleinternalucf2c.oraclecorp.com/qa-dev/#projects/qa-dev_test-shared-project1-1460525673052/webhook/new.
2016-04-12 23:15:30,789 DEBUG [oracle.clouddev.test.selenium.components.AssertElement] Check condition (element is visible) for element [By.id: webhooks-default-target-url-new] on http://ucf2c-dcs-release-hub1.opcdeveloper.oracleinternalucf2c.oraclecorp.com/qa-dev/#projects/qa-dev_test-shared-project1-1460525673052/webhook/new.
2016-04-12 23:15:30,809 DEBUG [oracle.clouddev.test.selenium.components.AssertElement] Check condition (element is enabled) for element [By.id: webhooks-default-target-url-new] on http://ucf2c-dcs-release-hub1.opcdeveloper.oracleinternalucf2c.oraclecorp.com/qa-dev/#projects/qa-dev_test-shared-project1-1460525673052/webhook/new.
2016-04-12 23:15:30,837 DEBUG [oracle.clouddev.test.selenium.components.AssertElement] Check condition (element exists) for element [By.xpath: ./input[contains(@class, &apos;oj-inputtext-input&apos;)] under [By.id: webhooks-default-target-url-new]] on http://ucf2c-dcs-release-hub1.opcdeveloper.oracleinternalucf2c.oraclecorp.com/qa-dev/#projects/qa-dev_test-shared-project1-1460525673052/webhook/new.
2016-04-12 23:15:30,862 DEBUG [oracle.clouddev.test.selenium.components.AssertElement] Check condition (element is visible) for element [By.id: webhooks-default-target-url-new] on http://ucf2c-dcs-release-hub1.opcdeveloper.oracleinternalucf2c.oraclecorp.com/qa-dev/#projects/qa-dev_test-shared-project1-1460525673052/webhook/new.
2016-04-12 23:15:30,885 DEBUG [oracle.clouddev.test.selenium.components.AssertElement] Check condition (element is visible) for element [By.xpath: ./input[contains(@class, &apos;oj-inputtext-input&apos;)] under [By.id: webhooks-default-target-url-new]] on http://ucf2c-dcs-release-hub1.opcdeveloper.oracleinternalucf2c.oraclecorp.com/qa-dev/#projects/qa-dev_test-shared-project1-1460525673052/webhook/new.
2016-04-12 23:15:30,912 DEBUG [oracle.clouddev.test.selenium.components.AssertElement] Check condition (NOT (element is readonly)) for element [By.xpath: ./input[contains(@class, &apos;oj-inputtext-input&apos;)] under [By.id: webhooks-default-target-url-new]] on http://ucf2c-dcs-release-hub1.opcdeveloper.oracleinternalucf2c.oraclecorp.com/qa-dev/#projects/qa-dev_test-shared-project1-1460525673052/webhook/new.
2016-04-12 23:15:30,933 DEBUG [oracle.clouddev.test.selenium.components.AssertElement] Check condition (element is visible) for element [By.xpath: ./input[contains(@class, &apos;oj-inputtext-input&apos;)] under [By.id: webhooks-default-target-url-new]] on http://ucf2c-dcs-release-hub1.opcdeveloper.oracleinternalucf2c.oraclecorp.com/qa-dev/#projects/qa-dev_test-shared-project1-1460525673052/webhook/new.
2016-04-12 23:15:31,524 DEBUG [oracle.clouddev.test.selenium.components.AssertElement] Check condition (element is visible) for element [By.id: webhooks-default-secret-new] on http://ucf2c-dcs-release-hub1.opcdeveloper.oracleinternalucf2c.oraclecorp.com/qa-dev/#projects/qa-dev_test-shared-project1-1460525673052/webhook/new.
2016-04-12 23:15:31,547 DEBUG [oracle.clouddev.test.selenium.components.AssertElement] Check condition (element is enabled) for element [By.id: webhooks-default-secret-new] on http://ucf2c-dcs-release-hub1.opcdeveloper.oracleinternalucf2c.oraclecorp.com/qa-dev/#projects/qa-dev_test-shared-project1-1460525673052/webhook/new.
2016-04-12 23:15:31,581 DEBUG [oracle.clouddev.test.selenium.components.AssertElement] Check condition (element exists) for element [By.xpath: ./input[contains(@class, &apos;oj-inputpassword-input&apos;)] under [By.id: webhooks-default-secret-new]] on http://ucf2c-dcs-release-hub1.opcdeveloper.oracleinternalucf2c.oraclecorp.com/qa-dev/#projects/qa-dev_test-shared-project1-1460525673052/webhook/new.
2016-04-12 23:15:31,601 DEBUG [oracle.clouddev.test.selenium.components.AssertElement] Check condition (element is visible) for element [By.id: webhooks-default-secret-new] on http://ucf2c-dcs-release-hub1.opcdeveloper.oracleinternalucf2c.oraclecorp.com/qa-dev/#projects/qa-dev_test-shared-project1-1460525673052/webhook/new.
2016-04-12 23:15:31,648 DEBUG [oracle.clouddev.test.selenium.components.AssertElement] Check condition (element is visible) for element [By.xpath: ./input[contains(@class, &apos;oj-inputpassword-input&apos;)] under [By.id: webhooks-default-secret-new]] on http://ucf2c-dcs-release-hub1.opcdeveloper.oracleinternalucf2c.oraclecorp.com/qa-dev/#projects/qa-dev_test-shared-project1-1460525673052/webhook/new.
2016-04-12 23:15:31,682 DEBUG [oracle.clouddev.test.selenium.components.AssertElement] Check condition (NOT (element is readonly)) for element [By.xpath: ./input[contains(@class, &apos;oj-inputpassword-input&apos;)] under [By.id: webhooks-default-secret-new]] on http://ucf2c-dcs-release-hub1.opcdeveloper.oracleinternalucf2c.oraclecorp.com/qa-dev/#projects/qa-dev_test-shared-project1-1460525673052/webhook/new.
2016-04-12 23:15:31,713 DEBUG [oracle.clouddev.test.selenium.components.AssertElement] Check condition (element is visible) for element [By.xpath: ./input[contains(@class, &apos;oj-inputpassword-input&apos;)] under [By.id: webhooks-default-secret-new]] on http://ucf2c-dcs-release-hub1.opcdeveloper.oracleinternalucf2c.oraclecorp.com/qa-dev/#projects/qa-dev_test-shared-project1-1460525673052/webhook/new.
2016-04-12 23:15:32,235 DEBUG [oracle.clouddev.test.selenium.components.AssertElement] Check condition (element is visible) for element [By.xpath: .//input[@id=&apos;webhooks-default-ignoreSslErrors-new&apos;]] on http://ucf2c-dcs-release-hub1.opcdeveloper.oracleinternalucf2c.oraclecorp.com/qa-dev/#projects/qa-dev_test-shared-project1-1460525673052/webhook/new.
2016-04-12 23:15:32,260 DEBUG [oracle.clouddev.test.selenium.components.AssertElement] Check condition (NOT (element is readonly)) for element [By.xpath: .//input[@id=&apos;webhooks-default-ignoreSslErrors-new&apos;]] on http://ucf2c-dcs-release-hub1.opcdeveloper.oracleinternalucf2c.oraclecorp.com/qa-dev/#projects/qa-dev_test-shared-project1-1460525673052/webhook/new.
2016-04-12 23:15:32,282 DEBUG [oracle.clouddev.test.selenium.components.AssertElement] Check condition (NOT (checkbox is checked)) for element [By.xpath: .//input[@id=&apos;webhooks-default-ignoreSslErrors-new&apos;]] on http://ucf2c-dcs-release-hub1.opcdeveloper.oracleinternalucf2c.oraclecorp.com/qa-dev/#projects/qa-dev_test-shared-project1-1460525673052/webhook/new.
2016-04-12 23:15:32,304 DEBUG [oracle.clouddev.test.selenium.components.AssertElement] Check condition (element is visible) for element [By.xpath: .//input[@id=&apos;webhooks-default-ignoreSslErrors-new&apos;]] on http://ucf2c-dcs-release-hub1.opcdeveloper.oracleinternalucf2c.oraclecorp.com/qa-dev/#projects/qa-dev_test-shared-project1-1460525673052/webhook/new.
2016-04-12 23:15:32,388 DEBUG [oracle.clouddev.test.selenium.components.AssertElement] Check condition (checkbox is checked) for element [By.xpath: .//input[@id=&apos;webhooks-default-ignoreSslErrors-new&apos;]] on http://ucf2c-dcs-release-hub1.opcdeveloper.oracleinternalucf2c.oraclecorp.com/qa-dev/#projects/qa-dev_test-shared-project1-1460525673052/webhook/new.
2016-04-12 23:15:32,404 DEBUG [oracle.clouddev.test.selenium.components.AssertElement] Check condition (element is visible) for element [By.id: webhooks-default-events-new-original] on http://ucf2c-dcs-release-hub1.opcdeveloper.oracleinternalucf2c.oraclecorp.com/qa-dev/#projects/qa-dev_test-shared-project1-1460525673052/webhook/new.
2016-04-12 23:15:32,423 DEBUG [oracle.clouddev.test.selenium.components.AssertElement] Check condition (element is enabled) for element [By.id: webhooks-default-events-new-original] on http://ucf2c-dcs-release-hub1.opcdeveloper.oracleinternalucf2c.oraclecorp.com/qa-dev/#projects/qa-dev_test-shared-project1-1460525673052/webhook/new.
2016-04-12 23:15:32,452 DEBUG [oracle.clouddev.test.selenium.components.AssertElement] Check condition (NOT (element exists)) for element [By.id: webhooks-default-events-list-new] on http://ucf2c-dcs-release-hub1.opcdeveloper.oracleinternalucf2c.oraclecorp.com/qa-dev/#projects/qa-dev_test-shared-project1-1460525673052/webhook/new.
2016-04-12 23:15:33,504 DEBUG [oracle.clouddev.test.selenium.components.AssertElement] Check condition (element is visible) for element [input#webhooks-default-events-new-group-select under [By.id: webhooks-default-events-new-original]] on http://ucf2c-dcs-release-hub1.opcdeveloper.oracleinternalucf2c.oraclecorp.com/qa-dev/#projects/qa-dev_test-shared-project1-1460525673052/webhook/new.
2016-04-12 23:15:33,530 DEBUG [oracle.clouddev.test.selenium.components.AssertElement] Check condition (element is enabled) for element [input#webhooks-default-events-new-group-select under [By.id: webhooks-default-events-new-original]] on http://ucf2c-dcs-release-hub1.opcdeveloper.oracleinternalucf2c.oraclecorp.com/qa-dev/#projects/qa-dev_test-shared-project1-1460525673052/webhook/new.
2016-04-12 23:15:33,553 DEBUG [oracle.clouddev.test.selenium.components.AssertElement] Check condition (element is visible) for element [input#webhooks-default-events-new-group-select under [By.id: webhooks-default-events-new-original]] on http://ucf2c-dcs-release-hub1.opcdeveloper.oracleinternalucf2c.oraclecorp.com/qa-dev/#projects/qa-dev_test-shared-project1-1460525673052/webhook/new.
2016-04-12 23:15:33,856 DEBUG [oracle.clouddev.test.selenium.components.AssertElement] Check condition (element is visible) for element [input#webhooks-default-events-list-new-item-review under [By.id: webhooks-default-events-list-new]] on http://ucf2c-dcs-release-hub1.opcdeveloper.oracleinternalucf2c.oraclecorp.com/qa-dev/#projects/qa-dev_test-shared-project1-1460525673052/webhook/new.
2016-04-12 23:15:34,026 DEBUG [oracle.clouddev.test.selenium.components.AssertElement] Check condition (element is visible) for element [input#webhooks-default-events-list-new-item-activity under [By.id: webhooks-default-events-list-new]] on http://ucf2c-dcs-release-hub1.opcdeveloper.oracleinternalucf2c.oraclecorp.com/qa-dev/#projects/qa-dev_test-shared-project1-1460525673052/webhook/new.
2016-04-12 23:15:34,256 DEBUG [oracle.clouddev.test.selenium.components.AssertElement] Check condition (element is visible) for element [input#webhooks-default-events-list-new-item-task under [By.id: webhooks-default-events-list-new]] on http://ucf2c-dcs-release-hub1.opcdeveloper.oracleinternalucf2c.oraclecorp.com/qa-dev/#projects/qa-dev_test-shared-project1-1460525673052/webhook/new.
2016-04-12 23:15:34,471 DEBUG [oracle.clouddev.test.selenium.components.AssertElement] Check condition (element is visible) for element [input#webhooks-default-events-list-new-item-build under [By.id: webhooks-default-events-list-new]] on http://ucf2c-dcs-release-hub1.opcdeveloper.oracleinternalucf2c.oraclecorp.com/qa-dev/#projects/qa-dev_test-shared-project1-1460525673052/webhook/new.
2016-04-12 23:15:34,704 DEBUG [oracle.clouddev.test.selenium.components.AssertElement] Check condition (element is visible) for element [input#webhooks-default-events-list-new-item-git_push under [By.id: webhooks-default-events-list-new]] on http://ucf2c-dcs-release-hub1.opcdeveloper.oracleinternalucf2c.oraclecorp.com/qa-dev/#projects/qa-dev_test-shared-project1-1460525673052/webhook/new.
2016-04-12 23:15:34,927 DEBUG [oracle.clouddev.test.selenium.components.AssertElement] Check condition (element is visible) for element [By.xpath: .//*[(self::button or self::a or self::input) and @id=&apos;webhook-button-save&apos;]] on http://ucf2c-dcs-release-hub1.opcdeveloper.oracleinternalucf2c.oraclecorp.com/qa-dev/#projects/qa-dev_test-shared-project1-1460525673052/webhook/new.
2016-04-12 23:15:34,955 DEBUG [oracle.clouddev.test.selenium.components.AssertElement] Check condition (element has style class &apos;oj-enabled&apos;) for element [By.xpath: .//*[(self::button or self::a or self::input) and @id=&apos;webhook-button-save&apos;]] on http://ucf2c-dcs-release-hub1.opcdeveloper.oracleinternalucf2c.oraclecorp.com/qa-dev/#projects/qa-dev_test-shared-project1-1460525673052/webhook/new.
2016-04-12 23:15:35,421 DEBUG [oracle.clouddev.test.selenium.components.AssertElement] Check condition (NOT (element exists)) for element [By.id: webhook-type-new] on http://ucf2c-dcs-release-hub1.opcdeveloper.oracleinternalucf2c.oraclecorp.com/qa-dev/#projects/qa-dev_test-shared-project1-1460525673052/admin/webhooks?id=14305.
2016-04-12 23:15:36,514 DEBUG [oracle.clouddev.test.selenium.components.AssertElement] Check condition (element is visible) for element [By.xpath: .//*[(self::button or self::a or self::input) and @id=&apos;webhook-list-add&apos;]] on http://ucf2c-dcs-release-hub1.opcdeveloper.oracleinternalucf2c.oraclecorp.com/qa-dev/#projects/qa-dev_test-shared-project1-1460525673052/admin/webhooks?id=14305.
2016-04-12 23:15:36,536 DEBUG [oracle.clouddev.test.selenium.components.AssertElement] Check condition (element has style class &apos;oj-enabled&apos;) for element [By.xpath: .//*[(self::button or self::a or self::input) and @id=&apos;webhook-list-add&apos;]] on http://ucf2c-dcs-release-hub1.opcdeveloper.oracleinternalucf2c.oraclecorp.com/qa-dev/#projects/qa-dev_test-shared-project1-1460525673052/admin/webhooks?id=14305.
2016-04-12 23:15:36,557 DEBUG [oracle.clouddev.test.selenium.components.AssertElement] Check condition (element is visible) for element [By.xpath: .//*[(self::button or self::a or self::input) and @id=&apos;webhook-list-add&apos;]] on http://ucf2c-dcs-release-hub1.opcdeveloper.oracleinternalucf2c.oraclecorp.com/qa-dev/#projects/qa-dev_test-shared-project1-1460525673052/admin/webhooks?id=14305.
2016-04-12 23:15:36,580 DEBUG [oracle.clouddev.test.selenium.components.AssertElement] Check condition (element has style class &apos;oj-enabled&apos;) for element [By.xpath: .//*[(self::button or self::a or self::input) and @id=&apos;webhook-list-add&apos;]] on http://ucf2c-dcs-release-hub1.opcdeveloper.oracleinternalucf2c.oraclecorp.com/qa-dev/#projects/qa-dev_test-shared-project1-1460525673052/admin/webhooks?id=14305.
2016-04-12 23:15:36,968 DEBUG [oracle.clouddev.test.selenium.components.AssertElement] Check condition (NOT (element exists)) for element [By.xpath: .//*[(self::button or self::a or self::input) and @id=&apos;webhook-list-add&apos;]] on http://ucf2c-dcs-release-hub1.opcdeveloper.oracleinternalucf2c.oraclecorp.com/qa-dev/#projects/qa-dev_test-shared-project1-1460525673052/webhook/new?id=14305.
2016-04-12 23:15:38,014 DEBUG [oracle.clouddev.test.selenium.components.AssertElement] Check condition (element is visible) for element [By.id: webhook-type-new] on http://ucf2c-dcs-release-hub1.opcdeveloper.oracleinternalucf2c.oraclecorp.com/qa-dev/#projects/qa-dev_test-shared-project1-1460525673052/webhook/new?id=14305.
2016-04-12 23:15:38,044 DEBUG [oracle.clouddev.test.selenium.components.AssertElement] Check condition (NOT (element has style class &apos;oj-disabled&apos;)) for element [By.id: webhook-type-new] on http://ucf2c-dcs-release-hub1.opcdeveloper.oracleinternalucf2c.oraclecorp.com/qa-dev/#projects/qa-dev_test-shared-project1-1460525673052/webhook/new?id=14305.
2016-04-12 23:15:38,087 DEBUG [oracle.clouddev.test.selenium.components.AssertElement] Check condition (element exists) for element [By.xpath: ./div[contains(@class, &apos;oj-select-choice&apos;)] under [By.id: webhook-type-new]] on http://ucf2c-dcs-release-hub1.opcdeveloper.oracleinternalucf2c.oraclecorp.com/qa-dev/#projects/qa-dev_test-shared-project1-1460525673052/webhook/new?id=14305.
2016-04-12 23:15:38,126 DEBUG [oracle.clouddev.test.selenium.components.AssertElement] Check condition (NOT (element is visible)) for element [By.xpath: ./following-sibling::select[contains(@data-bind, &apos;ojSelect&apos;)] under [By.id: webhook-type-new]] on http://ucf2c-dcs-release-hub1.opcdeveloper.oracleinternalucf2c.oraclecorp.com/qa-dev/#projects/qa-dev_test-shared-project1-1460525673052/webhook/new?id=14305.
2016-04-12 23:15:38,158 DEBUG [oracle.clouddev.test.selenium.components.AssertElement] Check condition (element is visible) for element [By.xpath: . under [By.id: webhook-type-new]] on http://ucf2c-dcs-release-hub1.opcdeveloper.oracleinternalucf2c.oraclecorp.com/qa-dev/#projects/qa-dev_test-shared-project1-1460525673052/webhook/new?id=14305.
2016-04-12 23:15:38,192 DEBUG [oracle.clouddev.test.selenium.components.AssertElement] Check condition (element is enabled) for element [By.xpath: . under [By.id: webhook-type-new]] on http://ucf2c-dcs-release-hub1.opcdeveloper.oracleinternalucf2c.oraclecorp.com/qa-dev/#projects/qa-dev_test-shared-project1-1460525673052/webhook/new?id=14305.
2016-04-12 23:15:38,287 DEBUG [oracle.clouddev.test.selenium.components.AssertElement] Check condition (element is visible) for element [By.xpath: .//a[contains(@class, &apos;oj-select-arrow&apos;)] under [By.xpath: . under [By.id: webhook-type-new]]] on http://ucf2c-dcs-release-hub1.opcdeveloper.oracleinternalucf2c.oraclecorp.com/qa-dev/#projects/qa-dev_test-shared-project1-1460525673052/webhook/new?id=14305.
2016-04-12 23:15:38,339 DEBUG [oracle.clouddev.test.selenium.components.AssertElement] Check condition (element is visible) for element [By.xpath: .//a[contains(@class, &apos;oj-select-arrow&apos;)] under [By.xpath: . under [By.id: webhook-type-new]]] on http://ucf2c-dcs-release-hub1.opcdeveloper.oracleinternalucf2c.oraclecorp.com/qa-dev/#projects/qa-dev_test-shared-project1-1460525673052/webhook/new?id=14305.
2016-04-12 23:15:38,649 DEBUG [oracle.clouddev.test.selenium.components.AssertElement] Check condition (element is visible) for element [By.xpath: .//div[@id=&apos;oj-listbox-drop&apos;]] on http://ucf2c-dcs-release-hub1.opcdeveloper.oracleinternalucf2c.oraclecorp.com/qa-dev/#projects/qa-dev_test-shared-project1-1460525673052/webhook/new?id=14305.
2016-04-12 23:15:38,713 DEBUG [oracle.clouddev.test.selenium.components.AssertElement] Check condition (element is visible) for element [li# under [By.xpath: .//div[@id=&apos;oj-listbox-drop&apos;]]] on http://ucf2c-dcs-release-hub1.opcdeveloper.oracleinternalucf2c.oraclecorp.com/qa-dev/#projects/qa-dev_test-shared-project1-1460525673052/webhook/new?id=14305.
2016-04-12 23:15:40,026 DEBUG [oracle.clouddev.test.selenium.components.AssertElement] Check condition (element is visible) for element [By.id: webhooks-name-new] on http://ucf2c-dcs-release-hub1.opcdeveloper.oracleinternalucf2c.oraclecorp.com/qa-dev/#projects/qa-dev_test-shared-project1-1460525673052/webhook/new?id=14305.
2016-04-12 23:15:40,050 DEBUG [oracle.clouddev.test.selenium.components.AssertElement] Check condition (element is enabled) for element [By.id: webhooks-name-new] on http://ucf2c-dcs-release-hub1.opcdeveloper.oracleinternalucf2c.oraclecorp.com/qa-dev/#projects/qa-dev_test-shared-project1-1460525673052/webhook/new?id=14305.
2016-04-12 23:15:40,086 DEBUG [oracle.clouddev.test.selenium.components.AssertElement] Check condition (element exists) for element [By.xpath: ./input[contains(@class, &apos;oj-inputtext-input&apos;)] under [By.id: webhooks-name-new]] on http://ucf2c-dcs-release-hub1.opcdeveloper.oracleinternalucf2c.oraclecorp.com/qa-dev/#projects/qa-dev_test-shared-project1-1460525673052/webhook/new?id=14305.
2016-04-12 23:15:40,108 DEBUG [oracle.clouddev.test.selenium.components.AssertElement] Check condition (element is visible) for element [By.id: webhooks-name-new] on http://ucf2c-dcs-release-hub1.opcdeveloper.oracleinternalucf2c.oraclecorp.com/qa-dev/#projects/qa-dev_test-shared-project1-1460525673052/webhook/new?id=14305.
2016-04-12 23:15:40,132 DEBUG [oracle.clouddev.test.selenium.components.AssertElement] Check condition (element is visible) for element [By.xpath: ./input[contains(@class, &apos;oj-inputtext-input&apos;)] under [By.id: webhooks-name-new]] on http://ucf2c-dcs-release-hub1.opcdeveloper.oracleinternalucf2c.oraclecorp.com/qa-dev/#projects/qa-dev_test-shared-project1-1460525673052/webhook/new?id=14305.
2016-04-12 23:15:40,162 DEBUG [oracle.clouddev.test.selenium.components.AssertElement] Check condition (NOT (element is readonly)) for element [By.xpath: ./input[contains(@class, &apos;oj-inputtext-input&apos;)] under [By.id: webhooks-name-new]] on http://ucf2c-dcs-release-hub1.opcdeveloper.oracleinternalucf2c.oraclecorp.com/qa-dev/#projects/qa-dev_test-shared-project1-1460525673052/webhook/new?id=14305.
2016-04-12 23:15:40,190 DEBUG [oracle.clouddev.test.selenium.components.AssertElement] Check condition (element is visible) for element [By.xpath: ./input[contains(@class, &apos;oj-inputtext-input&apos;)] under [By.id: webhooks-name-new]] on http://ucf2c-dcs-release-hub1.opcdeveloper.oracleinternalucf2c.oraclecorp.com/qa-dev/#projects/qa-dev_test-shared-project1-1460525673052/webhook/new?id=14305.
2016-04-12 23:15:40,497 DEBUG [oracle.clouddev.test.selenium.components.AssertElement] Check condition (element is visible) for element [By.id: webhooks-name-new] on http://ucf2c-dcs-release-hub1.opcdeveloper.oracleinternalucf2c.oraclecorp.com/qa-dev/#projects/qa-dev_test-shared-project1-1460525673052/webhook/new?id=14305.
2016-04-12 23:15:40,521 DEBUG [oracle.clouddev.test.selenium.components.AssertElement] Check condition (ojInputText value is webhook-github-1) for element [By.xpath: ./input[contains(@class, &apos;oj-inputtext-input&apos;)] under [By.id: webhooks-name-new]] on http://ucf2c-dcs-release-hub1.opcdeveloper.oracleinternalucf2c.oraclecorp.com/qa-dev/#projects/qa-dev_test-shared-project1-1460525673052/webhook/new?id=14305.
2016-04-12 23:15:40,547 DEBUG [oracle.clouddev.test.selenium.components.AssertElement] Check condition (element is visible) for element [By.xpath: .//input[@id=&apos;webhooks-active-new&apos;]] on http://ucf2c-dcs-release-hub1.opcdeveloper.oracleinternalucf2c.oraclecorp.com/qa-dev/#projects/qa-dev_test-shared-project1-1460525673052/webhook/new?id=14305.
2016-04-12 23:15:40,573 DEBUG [oracle.clouddev.test.selenium.components.AssertElement] Check condition (element is enabled) for element [By.xpath: .//input[@id=&apos;webhooks-active-new&apos;]] on http://ucf2c-dcs-release-hub1.opcdeveloper.oracleinternalucf2c.oraclecorp.com/qa-dev/#projects/qa-dev_test-shared-project1-1460525673052/webhook/new?id=14305.
2016-04-12 23:15:40,608 DEBUG [oracle.clouddev.test.selenium.components.AssertElement] Check condition (checkbox is checked) for element [By.xpath: .//input[@id=&apos;webhooks-active-new&apos;]] on http://ucf2c-dcs-release-hub1.opcdeveloper.oracleinternalucf2c.oraclecorp.com/qa-dev/#projects/qa-dev_test-shared-project1-1460525673052/webhook/new?id=14305.
2016-04-12 23:15:40,629 DEBUG [oracle.clouddev.test.selenium.components.AssertElement] Check condition (element is visible) for element [By.id: webhooks-github-target-url-new] on http://ucf2c-dcs-release-hub1.opcdeveloper.oracleinternalucf2c.oraclecorp.com/qa-dev/#projects/qa-dev_test-shared-project1-1460525673052/webhook/new?id=14305.
2016-04-12 23:15:40,659 DEBUG [oracle.clouddev.test.selenium.components.AssertElement] Check condition (element is enabled) for element [By.id: webhooks-github-target-url-new] on http://ucf2c-dcs-release-hub1.opcdeveloper.oracleinternalucf2c.oraclecorp.com/qa-dev/#projects/qa-dev_test-shared-project1-1460525673052/webhook/new?id=14305.
2016-04-12 23:15:40,702 DEBUG [oracle.clouddev.test.selenium.components.AssertElement] Check condition (element exists) for element [By.xpath: ./input[contains(@class, &apos;oj-inputtext-input&apos;)] under [By.id: webhooks-github-target-url-new]] on http://ucf2c-dcs-release-hub1.opcdeveloper.oracleinternalucf2c.oraclecorp.com/qa-dev/#projects/qa-dev_test-shared-project1-1460525673052/webhook/new?id=14305.
2016-04-12 23:15:40,735 DEBUG [oracle.clouddev.test.selenium.components.AssertElement] Check condition (element is visible) for element [By.id: webhooks-github-target-url-new] on http://ucf2c-dcs-release-hub1.opcdeveloper.oracleinternalucf2c.oraclecorp.com/qa-dev/#projects/qa-dev_test-shared-project1-1460525673052/webhook/new?id=14305.
2016-04-12 23:15:40,766 DEBUG [oracle.clouddev.test.selenium.components.AssertElement] Check condition (element is visible) for element [By.xpath: ./input[contains(@class, &apos;oj-inputtext-input&apos;)] under [By.id: webhooks-github-target-url-new]] on http://ucf2c-dcs-release-hub1.opcdeveloper.oracleinternalucf2c.oraclecorp.com/qa-dev/#projects/qa-dev_test-shared-project1-1460525673052/webhook/new?id=14305.
2016-04-12 23:15:40,899 DEBUG [oracle.clouddev.test.selenium.components.AssertElement] Check condition (NOT (element is readonly)) for element [By.xpath: ./input[contains(@class, &apos;oj-inputtext-input&apos;)] under [By.id: webhooks-github-target-url-new]] on http://ucf2c-dcs-release-hub1.opcdeveloper.oracleinternalucf2c.oraclecorp.com/qa-dev/#projects/qa-dev_test-shared-project1-1460525673052/webhook/new?id=14305.
2016-04-12 23:15:40,928 DEBUG [oracle.clouddev.test.selenium.components.AssertElement] Check condition (element is visible) for element [By.xpath: ./input[contains(@class, &apos;oj-inputtext-input&apos;)] under [By.id: webhooks-github-target-url-new]] on http://ucf2c-dcs-release-hub1.opcdeveloper.oracleinternalucf2c.oraclecorp.com/qa-dev/#projects/qa-dev_test-shared-project1-1460525673052/webhook/new?id=14305.
2016-04-12 23:15:41,743 DEBUG [oracle.clouddev.test.selenium.components.AssertElement] Check condition (element is visible) for element [By.id: webhooks-github-secret-new] on http://ucf2c-dcs-release-hub1.opcdeveloper.oracleinternalucf2c.oraclecorp.com/qa-dev/#projects/qa-dev_test-shared-project1-1460525673052/webhook/new?id=14305.
2016-04-12 23:15:41,764 DEBUG [oracle.clouddev.test.selenium.components.AssertElement] Check condition (element is enabled) for element [By.id: webhooks-github-secret-new] on http://ucf2c-dcs-release-hub1.opcdeveloper.oracleinternalucf2c.oraclecorp.com/qa-dev/#projects/qa-dev_test-shared-project1-1460525673052/webhook/new?id=14305.
2016-04-12 23:15:41,804 DEBUG [oracle.clouddev.test.selenium.components.AssertElement] Check condition (element exists) for element [By.xpath: ./input[contains(@class, &apos;oj-inputpassword-input&apos;)] under [By.id: webhooks-github-secret-new]] on http://ucf2c-dcs-release-hub1.opcdeveloper.oracleinternalucf2c.oraclecorp.com/qa-dev/#projects/qa-dev_test-shared-project1-1460525673052/webhook/new?id=14305.
2016-04-12 23:15:41,825 DEBUG [oracle.clouddev.test.selenium.components.AssertElement] Check condition (element is visible) for element [By.id: webhooks-github-secret-new] on http://ucf2c-dcs-release-hub1.opcdeveloper.oracleinternalucf2c.oraclecorp.com/qa-dev/#projects/qa-dev_test-shared-project1-1460525673052/webhook/new?id=14305.
2016-04-12 23:15:41,848 DEBUG [oracle.clouddev.test.selenium.components.AssertElement] Check condition (element is visible) for element [By.xpath: ./input[contains(@class, &apos;oj-inputpassword-input&apos;)] under [By.id: webhooks-github-secret-new]] on http://ucf2c-dcs-release-hub1.opcdeveloper.oracleinternalucf2c.oraclecorp.com/qa-dev/#projects/qa-dev_test-shared-project1-1460525673052/webhook/new?id=14305.
2016-04-12 23:15:41,876 DEBUG [oracle.clouddev.test.selenium.components.AssertElement] Check condition (NOT (element is readonly)) for element [By.xpath: ./input[contains(@class, &apos;oj-inputpassword-input&apos;)] under [By.id: webhooks-github-secret-new]] on http://ucf2c-dcs-release-hub1.opcdeveloper.oracleinternalucf2c.oraclecorp.com/qa-dev/#projects/qa-dev_test-shared-project1-1460525673052/webhook/new?id=14305.
2016-04-12 23:15:41,902 DEBUG [oracle.clouddev.test.selenium.components.AssertElement] Check condition (element is visible) for element [By.xpath: ./input[contains(@class, &apos;oj-inputpassword-input&apos;)] under [By.id: webhooks-github-secret-new]] on http://ucf2c-dcs-release-hub1.opcdeveloper.oracleinternalucf2c.oraclecorp.com/qa-dev/#projects/qa-dev_test-shared-project1-1460525673052/webhook/new?id=14305.
2016-04-12 23:15:42,166 DEBUG [oracle.clouddev.test.selenium.components.AssertElement] Check condition (element is visible) for element [By.id: webhooks-github-payload-new] on http://ucf2c-dcs-release-hub1.opcdeveloper.oracleinternalucf2c.oraclecorp.com/qa-dev/#projects/qa-dev_test-shared-project1-1460525673052/webhook/new?id=14305.
2016-04-12 23:15:42,272 DEBUG [oracle.clouddev.test.selenium.components.AssertElement] Check condition (NOT (element has style class &apos;oj-disabled&apos;)) for element [By.id: webhooks-github-payload-new] on http://ucf2c-dcs-release-hub1.opcdeveloper.oracleinternalucf2c.oraclecorp.com/qa-dev/#projects/qa-dev_test-shared-project1-1460525673052/webhook/new?id=14305.
2016-04-12 23:15:42,309 DEBUG [oracle.clouddev.test.selenium.components.AssertElement] Check condition (element exists) for element [By.xpath: ./div[contains(@class, &apos;oj-select-choice&apos;)] under [By.id: webhooks-github-payload-new]] on http://ucf2c-dcs-release-hub1.opcdeveloper.oracleinternalucf2c.oraclecorp.com/qa-dev/#projects/qa-dev_test-shared-project1-1460525673052/webhook/new?id=14305.
2016-04-12 23:15:42,331 DEBUG [oracle.clouddev.test.selenium.components.AssertElement] Check condition (NOT (element is visible)) for element [By.xpath: ./following-sibling::select[contains(@data-bind, &apos;ojSelect&apos;)] under [By.id: webhooks-github-payload-new]] on http://ucf2c-dcs-release-hub1.opcdeveloper.oracleinternalucf2c.oraclecorp.com/qa-dev/#projects/qa-dev_test-shared-project1-1460525673052/webhook/new?id=14305.
2016-04-12 23:15:42,358 DEBUG [oracle.clouddev.test.selenium.components.AssertElement] Check condition (element is visible) for element [By.xpath: . under [By.id: webhooks-github-payload-new]] on http://ucf2c-dcs-release-hub1.opcdeveloper.oracleinternalucf2c.oraclecorp.com/qa-dev/#projects/qa-dev_test-shared-project1-1460525673052/webhook/new?id=14305.
2016-04-12 23:15:42,389 DEBUG [oracle.clouddev.test.selenium.components.AssertElement] Check condition (element is enabled) for element [By.xpath: . under [By.id: webhooks-github-payload-new]] on http://ucf2c-dcs-release-hub1.opcdeveloper.oracleinternalucf2c.oraclecorp.com/qa-dev/#projects/qa-dev_test-shared-project1-1460525673052/webhook/new?id=14305.
2016-04-12 23:15:42,437 DEBUG [oracle.clouddev.test.selenium.components.AssertElement] Check condition (element is visible) for element [By.xpath: .//a[contains(@class, &apos;oj-select-arrow&apos;)] under [By.xpath: . under [By.id: webhooks-github-payload-new]]] on http://ucf2c-dcs-release-hub1.opcdeveloper.oracleinternalucf2c.oraclecorp.com/qa-dev/#projects/qa-dev_test-shared-project1-1460525673052/webhook/new?id=14305.
2016-04-12 23:15:42,483 DEBUG [oracle.clouddev.test.selenium.components.AssertElement] Check condition (element is visible) for element [By.xpath: .//a[contains(@class, &apos;oj-select-arrow&apos;)] under [By.xpath: . under [By.id: webhooks-github-payload-new]]] on http://ucf2c-dcs-release-hub1.opcdeveloper.oracleinternalucf2c.oraclecorp.com/qa-dev/#projects/qa-dev_test-shared-project1-1460525673052/webhook/new?id=14305.
2016-04-12 23:15:42,764 DEBUG [oracle.clouddev.test.selenium.components.AssertElement] Check condition (element is visible) for element [By.xpath: .//div[@id=&apos;oj-listbox-drop&apos;]] on http://ucf2c-dcs-release-hub1.opcdeveloper.oracleinternalucf2c.oraclecorp.com/qa-dev/#projects/qa-dev_test-shared-project1-1460525673052/webhook/new?id=14305.
2016-04-12 23:15:42,789 DEBUG [oracle.clouddev.test.selenium.components.AssertElement] Check condition (element is visible) for element [By.xpath: .//div[@class=&apos;oj-listbox-result-label&apos; and contains(text(),&apos;application/json&apos;)] under [By.xpath: .//div[@id=&apos;oj-listbox-drop&apos;]]] on http://ucf2c-dcs-release-hub1.opcdeveloper.oracleinternalucf2c.oraclecorp.com/qa-dev/#projects/qa-dev_test-shared-project1-1460525673052/webhook/new?id=14305.
2016-04-12 23:15:42,832 DEBUG [oracle.clouddev.test.selenium.components.AssertElement] Check condition (element is visible) for element [By.xpath: .//div[@class=&apos;oj-listbox-result-label&apos; and contains(text(),&apos;application/json&apos;)] under [By.xpath: .//div[@id=&apos;oj-listbox-drop&apos;]]] on http://ucf2c-dcs-release-hub1.opcdeveloper.oracleinternalucf2c.oraclecorp.com/qa-dev/#projects/qa-dev_test-shared-project1-1460525673052/webhook/new?id=14305.
2016-04-12 23:15:43,004 DEBUG [oracle.clouddev.test.selenium.components.AssertElement] Check condition (element is visible) for element [By.xpath: . under [By.id: webhooks-github-payload-new]] on http://ucf2c-dcs-release-hub1.opcdeveloper.oracleinternalucf2c.oraclecorp.com/qa-dev/#projects/qa-dev_test-shared-project1-1460525673052/webhook/new?id=14305.
2016-04-12 23:15:43,038 DEBUG [oracle.clouddev.test.selenium.components.AssertElement] Check condition (element is enabled) for element [By.xpath: . under [By.id: webhooks-github-payload-new]] on http://ucf2c-dcs-release-hub1.opcdeveloper.oracleinternalucf2c.oraclecorp.com/qa-dev/#projects/qa-dev_test-shared-project1-1460525673052/webhook/new?id=14305.
2016-04-12 23:15:43,130 DEBUG [oracle.clouddev.test.selenium.components.AssertElement] Check condition (element is visible) for element [By.xpath: .//span[contains(@class, &apos;oj-select-chosen&apos;)] under [By.id: webhooks-github-payload-new]] on http://ucf2c-dcs-release-hub1.opcdeveloper.oracleinternalucf2c.oraclecorp.com/qa-dev/#projects/qa-dev_test-shared-project1-1460525673052/webhook/new?id=14305.
2016-04-12 23:15:43,183 DEBUG [oracle.clouddev.test.selenium.components.AssertElement] Check condition (element is visible) for element [By.xpath: .//input[@id=&apos;webhooks-github-ignoreSslErrors-new&apos;]] on http://ucf2c-dcs-release-hub1.opcdeveloper.oracleinternalucf2c.oraclecorp.com/qa-dev/#projects/qa-dev_test-shared-project1-1460525673052/webhook/new?id=14305.
2016-04-12 23:15:43,212 DEBUG [oracle.clouddev.test.selenium.components.AssertElement] Check condition (NOT (element is readonly)) for element [By.xpath: .//input[@id=&apos;webhooks-github-ignoreSslErrors-new&apos;]] on http://ucf2c-dcs-release-hub1.opcdeveloper.oracleinternalucf2c.oraclecorp.com/qa-dev/#projects/qa-dev_test-shared-project1-1460525673052/webhook/new?id=14305.
2016-04-12 23:15:43,237 DEBUG [oracle.clouddev.test.selenium.components.AssertElement] Check condition (NOT (checkbox is checked)) for element [By.xpath: .//input[@id=&apos;webhooks-github-ignoreSslErrors-new&apos;]] on http://ucf2c-dcs-release-hub1.opcdeveloper.oracleinternalucf2c.oraclecorp.com/qa-dev/#projects/qa-dev_test-shared-project1-1460525673052/webhook/new?id=14305.
2016-04-12 23:15:43,265 DEBUG [oracle.clouddev.test.selenium.components.AssertElement] Check condition (element is visible) for element [By.xpath: .//input[@id=&apos;webhooks-github-ignoreSslErrors-new&apos;]] on http://ucf2c-dcs-release-hub1.opcdeveloper.oracleinternalucf2c.oraclecorp.com/qa-dev/#projects/qa-dev_test-shared-project1-1460525673052/webhook/new?id=14305.
2016-04-12 23:15:43,386 DEBUG [oracle.clouddev.test.selenium.components.AssertElement] Check condition (checkbox is checked) for element [By.xpath: .//input[@id=&apos;webhooks-github-ignoreSslErrors-new&apos;]] on http://ucf2c-dcs-release-hub1.opcdeveloper.oracleinternalucf2c.oraclecorp.com/qa-dev/#projects/qa-dev_test-shared-project1-1460525673052/webhook/new?id=14305.
2016-04-12 23:15:43,407 DEBUG [oracle.clouddev.test.selenium.components.AssertElement] Check condition (element is visible) for element [By.id: webhooks-github-events-new-original] on http://ucf2c-dcs-release-hub1.opcdeveloper.oracleinternalucf2c.oraclecorp.com/qa-dev/#projects/qa-dev_test-shared-project1-1460525673052/webhook/new?id=14305.
2016-04-12 23:15:43,434 DEBUG [oracle.clouddev.test.selenium.components.AssertElement] Check condition (element is enabled) for element [By.id: webhooks-github-events-new-original] on http://ucf2c-dcs-release-hub1.opcdeveloper.oracleinternalucf2c.oraclecorp.com/qa-dev/#projects/qa-dev_test-shared-project1-1460525673052/webhook/new?id=14305.
2016-04-12 23:15:43,470 DEBUG [oracle.clouddev.test.selenium.components.AssertElement] Check condition (NOT (element exists)) for element [By.id: webhooks-github-events-list-new] on http://ucf2c-dcs-release-hub1.opcdeveloper.oracleinternalucf2c.oraclecorp.com/qa-dev/#projects/qa-dev_test-shared-project1-1460525673052/webhook/new?id=14305.
2016-04-12 23:15:44,551 DEBUG [oracle.clouddev.test.selenium.components.AssertElement] Check condition (element is visible) for element [input#webhooks-github-events-new-group-select under [By.id: webhooks-github-events-new-original]] on http://ucf2c-dcs-release-hub1.opcdeveloper.oracleinternalucf2c.oraclecorp.com/qa-dev/#projects/qa-dev_test-shared-project1-1460525673052/webhook/new?id=14305.
2016-04-12 23:15:44,590 DEBUG [oracle.clouddev.test.selenium.components.AssertElement] Check condition (element is enabled) for element [input#webhooks-github-events-new-group-select under [By.id: webhooks-github-events-new-original]] on http://ucf2c-dcs-release-hub1.opcdeveloper.oracleinternalucf2c.oraclecorp.com/qa-dev/#projects/qa-dev_test-shared-project1-1460525673052/webhook/new?id=14305.
2016-04-12 23:15:44,685 DEBUG [oracle.clouddev.test.selenium.components.AssertElement] Check condition (element is visible) for element [input#webhooks-github-events-new-group-select under [By.id: webhooks-github-events-new-original]] on http://ucf2c-dcs-release-hub1.opcdeveloper.oracleinternalucf2c.oraclecorp.com/qa-dev/#projects/qa-dev_test-shared-project1-1460525673052/webhook/new?id=14305.
2016-04-12 23:15:45,234 DEBUG [oracle.clouddev.test.selenium.components.AssertElement] Check condition (element is visible) for element [input#webhooks-github-events-list-new-item-push under [By.id: webhooks-github-events-list-new]] on http://ucf2c-dcs-release-hub1.opcdeveloper.oracleinternalucf2c.oraclecorp.com/qa-dev/#projects/qa-dev_test-shared-project1-1460525673052/webhook/new?id=14305.
2016-04-12 23:15:45,430 DEBUG [oracle.clouddev.test.selenium.components.AssertElement] Check condition (element is visible) for element [input#webhooks-github-events-list-new-item-issue_comment under [By.id: webhooks-github-events-list-new]] on http://ucf2c-dcs-release-hub1.opcdeveloper.oracleinternalucf2c.oraclecorp.com/qa-dev/#projects/qa-dev_test-shared-project1-1460525673052/webhook/new?id=14305.
2016-04-12 23:15:45,739 DEBUG [oracle.clouddev.test.selenium.components.AssertElement] Check condition (element is visible) for element [input#webhooks-github-events-list-new-item-issues under [By.id: webhooks-github-events-list-new]] on http://ucf2c-dcs-release-hub1.opcdeveloper.oracleinternalucf2c.oraclecorp.com/qa-dev/#projects/qa-dev_test-shared-project1-1460525673052/webhook/new?id=14305.
2016-04-12 23:15:45,891 DEBUG [oracle.clouddev.test.selenium.components.AssertElement] Check condition (element is visible) for element [By.xpath: .//*[(self::button or self::a or self::input) and @id=&apos;webhook-button-save&apos;]] on http://ucf2c-dcs-release-hub1.opcdeveloper.oracleinternalucf2c.oraclecorp.com/qa-dev/#projects/qa-dev_test-shared-project1-1460525673052/webhook/new?id=14305.
2016-04-12 23:15:45,918 DEBUG [oracle.clouddev.test.selenium.components.AssertElement] Check condition (element has style class &apos;oj-enabled&apos;) for element [By.xpath: .//*[(self::button or self::a or self::input) and @id=&apos;webhook-button-save&apos;]] on http://ucf2c-dcs-release-hub1.opcdeveloper.oracleinternalucf2c.oraclecorp.com/qa-dev/#projects/qa-dev_test-shared-project1-1460525673052/webhook/new?id=14305.
2016-04-12 23:15:46,976 DEBUG [oracle.clouddev.test.selenium.components.AssertElement] Check condition (NOT (element exists)) for element [By.id: webhook-type-new] on http://ucf2c-dcs-release-hub1.opcdeveloper.oracleinternalucf2c.oraclecorp.com/qa-dev/#projects/qa-dev_test-shared-project1-1460525673052/admin/webhooks?id=14306.
2016-04-12 23:15:47,997 DEBUG [oracle.clouddev.test.selenium.components.AssertElement] Check condition (element is visible) for element [By.xpath: .//*[(self::button or self::a or self::input) and @id=&apos;webhook-list-add&apos;]] on http://ucf2c-dcs-release-hub1.opcdeveloper.oracleinternalucf2c.oraclecorp.com/qa-dev/#projects/qa-dev_test-shared-project1-1460525673052/admin/webhooks?id=14306.
2016-04-12 23:15:48,024 DEBUG [oracle.clouddev.test.selenium.components.AssertElement] Check condition (element has style class &apos;oj-enabled&apos;) for element [By.xpath: .//*[(self::button or self::a or self::input) and @id=&apos;webhook-list-add&apos;]] on http://ucf2c-dcs-release-hub1.opcdeveloper.oracleinternalucf2c.oraclecorp.com/qa-dev/#projects/qa-dev_test-shared-project1-1460525673052/admin/webhooks?id=14306.
2016-04-12 23:15:48,047 DEBUG [oracle.clouddev.test.selenium.components.AssertElement] Check condition (element is visible) for element [By.xpath: .//*[(self::button or self::a or self::input) and @id=&apos;webhook-list-add&apos;]] on http://ucf2c-dcs-release-hub1.opcdeveloper.oracleinternalucf2c.oraclecorp.com/qa-dev/#projects/qa-dev_test-shared-project1-1460525673052/admin/webhooks?id=14306.
2016-04-12 23:15:48,072 DEBUG [oracle.clouddev.test.selenium.components.AssertElement] Check condition (element has style class &apos;oj-enabled&apos;) for element [By.xpath: .//*[(self::button or self::a or self::input) and @id=&apos;webhook-list-add&apos;]] on http://ucf2c-dcs-release-hub1.opcdeveloper.oracleinternalucf2c.oraclecorp.com/qa-dev/#projects/qa-dev_test-shared-project1-1460525673052/admin/webhooks?id=14306.
2016-04-12 23:15:48,418 DEBUG [oracle.clouddev.test.selenium.components.AssertElement] Check condition (NOT (element exists)) for element [By.xpath: .//*[(self::button or self::a or self::input) and @id=&apos;webhook-list-add&apos;]] on http://ucf2c-dcs-release-hub1.opcdeveloper.oracleinternalucf2c.oraclecorp.com/qa-dev/#projects/qa-dev_test-shared-project1-1460525673052/webhook/new?id=14306.
2016-04-12 23:15:49,520 DEBUG [oracle.clouddev.test.selenium.components.AssertElement] Check condition (element is visible) for element [By.id: webhook-type-new] on http://ucf2c-dcs-release-hub1.opcdeveloper.oracleinternalucf2c.oraclecorp.com/qa-dev/#projects/qa-dev_test-shared-project1-1460525673052/webhook/new?id=14306.
2016-04-12 23:15:49,543 DEBUG [oracle.clouddev.test.selenium.components.AssertElement] Check condition (NOT (element has style class &apos;oj-disabled&apos;)) for element [By.id: webhook-type-new] on http://ucf2c-dcs-release-hub1.opcdeveloper.oracleinternalucf2c.oraclecorp.com/qa-dev/#projects/qa-dev_test-shared-project1-1460525673052/webhook/new?id=14306.
2016-04-12 23:15:49,576 DEBUG [oracle.clouddev.test.selenium.components.AssertElement] Check condition (element exists) for element [By.xpath: ./div[contains(@class, &apos;oj-select-choice&apos;)] under [By.id: webhook-type-new]] on http://ucf2c-dcs-release-hub1.opcdeveloper.oracleinternalucf2c.oraclecorp.com/qa-dev/#projects/qa-dev_test-shared-project1-1460525673052/webhook/new?id=14306.
2016-04-12 23:15:49,599 DEBUG [oracle.clouddev.test.selenium.components.AssertElement] Check condition (NOT (element is visible)) for element [By.xpath: ./following-sibling::select[contains(@data-bind, &apos;ojSelect&apos;)] under [By.id: webhook-type-new]] on http://ucf2c-dcs-release-hub1.opcdeveloper.oracleinternalucf2c.oraclecorp.com/qa-dev/#projects/qa-dev_test-shared-project1-1460525673052/webhook/new?id=14306.
2016-04-12 23:15:49,633 DEBUG [oracle.clouddev.test.selenium.components.AssertElement] Check condition (element is visible) for element [By.xpath: . under [By.id: webhook-type-new]] on http://ucf2c-dcs-release-hub1.opcdeveloper.oracleinternalucf2c.oraclecorp.com/qa-dev/#projects/qa-dev_test-shared-project1-1460525673052/webhook/new?id=14306.
2016-04-12 23:15:49,662 DEBUG [oracle.clouddev.test.selenium.components.AssertElement] Check condition (element is enabled) for element [By.xpath: . under [By.id: webhook-type-new]] on http://ucf2c-dcs-release-hub1.opcdeveloper.oracleinternalucf2c.oraclecorp.com/qa-dev/#projects/qa-dev_test-shared-project1-1460525673052/webhook/new?id=14306.
2016-04-12 23:15:49,702 DEBUG [oracle.clouddev.test.selenium.components.AssertElement] Check condition (element is visible) for element [By.xpath: .//a[contains(@class, &apos;oj-select-arrow&apos;)] under [By.xpath: . under [By.id: webhook-type-new]]] on http://ucf2c-dcs-release-hub1.opcdeveloper.oracleinternalucf2c.oraclecorp.com/qa-dev/#projects/qa-dev_test-shared-project1-1460525673052/webhook/new?id=14306.
2016-04-12 23:15:49,748 DEBUG [oracle.clouddev.test.selenium.components.AssertElement] Check condition (element is visible) for element [By.xpath: .//a[contains(@class, &apos;oj-select-arrow&apos;)] under [By.xpath: . under [By.id: webhook-type-new]]] on http://ucf2c-dcs-release-hub1.opcdeveloper.oracleinternalucf2c.oraclecorp.com/qa-dev/#projects/qa-dev_test-shared-project1-1460525673052/webhook/new?id=14306.
2016-04-12 23:15:49,949 DEBUG [oracle.clouddev.test.selenium.components.AssertElement] Check condition (element is visible) for element [By.xpath: .//div[@id=&apos;oj-listbox-drop&apos;]] on http://ucf2c-dcs-release-hub1.opcdeveloper.oracleinternalucf2c.oraclecorp.com/qa-dev/#projects/qa-dev_test-shared-project1-1460525673052/webhook/new?id=14306.
2016-04-12 23:15:50,013 DEBUG [oracle.clouddev.test.selenium.components.AssertElement] Check condition (element is visible) for element [li# under [By.xpath: .//div[@id=&apos;oj-listbox-drop&apos;]]] on http://ucf2c-dcs-release-hub1.opcdeveloper.oracleinternalucf2c.oraclecorp.com/qa-dev/#projects/qa-dev_test-shared-project1-1460525673052/webhook/new?id=14306.
2016-04-12 23:15:51,238 DEBUG [oracle.clouddev.test.selenium.components.AssertElement] Check condition (element is visible) for element [By.id: webhooks-name-new] on http://ucf2c-dcs-release-hub1.opcdeveloper.oracleinternalucf2c.oraclecorp.com/qa-dev/#projects/qa-dev_test-shared-project1-1460525673052/webhook/new?id=14306.
2016-04-12 23:15:51,287 DEBUG [oracle.clouddev.test.selenium.components.AssertElement] Check condition (element is enabled) for element [By.id: webhooks-name-new] on http://ucf2c-dcs-release-hub1.opcdeveloper.oracleinternalucf2c.oraclecorp.com/qa-dev/#projects/qa-dev_test-shared-project1-1460525673052/webhook/new?id=14306.
2016-04-12 23:15:51,363 DEBUG [oracle.clouddev.test.selenium.components.AssertElement] Check condition (element exists) for element [By.xpath: ./input[contains(@class, &apos;oj-inputtext-input&apos;)] under [By.id: webhooks-name-new]] on http://ucf2c-dcs-release-hub1.opcdeveloper.oracleinternalucf2c.oraclecorp.com/qa-dev/#projects/qa-dev_test-shared-project1-1460525673052/webhook/new?id=14306.
2016-04-12 23:15:51,388 DEBUG [oracle.clouddev.test.selenium.components.AssertElement] Check condition (element is visible) for element [By.id: webhooks-name-new] on http://ucf2c-dcs-release-hub1.opcdeveloper.oracleinternalucf2c.oraclecorp.com/qa-dev/#projects/qa-dev_test-shared-project1-1460525673052/webhook/new?id=14306.
2016-04-12 23:15:51,414 DEBUG [oracle.clouddev.test.selenium.components.AssertElement] Check condition (element is visible) for element [By.xpath: ./input[contains(@class, &apos;oj-inputtext-input&apos;)] under [By.id: webhooks-name-new]] on http://ucf2c-dcs-release-hub1.opcdeveloper.oracleinternalucf2c.oraclecorp.com/qa-dev/#projects/qa-dev_test-shared-project1-1460525673052/webhook/new?id=14306.
2016-04-12 23:15:51,446 DEBUG [oracle.clouddev.test.selenium.components.AssertElement] Check condition (NOT (element is readonly)) for element [By.xpath: ./input[contains(@class, &apos;oj-inputtext-input&apos;)] under [By.id: webhooks-name-new]] on http://ucf2c-dcs-release-hub1.opcdeveloper.oracleinternalucf2c.oraclecorp.com/qa-dev/#projects/qa-dev_test-shared-project1-1460525673052/webhook/new?id=14306.
2016-04-12 23:15:51,526 DEBUG [oracle.clouddev.test.selenium.components.AssertElement] Check condition (element is visible) for element [By.xpath: ./input[contains(@class, &apos;oj-inputtext-input&apos;)] under [By.id: webhooks-name-new]] on http://ucf2c-dcs-release-hub1.opcdeveloper.oracleinternalucf2c.oraclecorp.com/qa-dev/#projects/qa-dev_test-shared-project1-1460525673052/webhook/new?id=14306.
2016-04-12 23:15:52,388 DEBUG [oracle.clouddev.test.selenium.components.AssertElement] Check condition (element is visible) for element [By.id: webhooks-name-new] on http://ucf2c-dcs-release-hub1.opcdeveloper.oracleinternalucf2c.oraclecorp.com/qa-dev/#projects/qa-dev_test-shared-project1-1460525673052/webhook/new?id=14306.
2016-04-12 23:15:52,415 DEBUG [oracle.clouddev.test.selenium.components.AssertElement] Check condition (ojInputText value is webhook-jenkins-2) for element [By.xpath: ./input[contains(@class, &apos;oj-inputtext-input&apos;)] under [By.id: webhooks-name-new]] on http://ucf2c-dcs-release-hub1.opcdeveloper.oracleinternalucf2c.oraclecorp.com/qa-dev/#projects/qa-dev_test-shared-project1-1460525673052/webhook/new?id=14306.
2016-04-12 23:15:52,471 DEBUG [oracle.clouddev.test.selenium.components.AssertElement] Check condition (element is visible) for element [By.xpath: .//input[@id=&apos;webhooks-active-new&apos;]] on http://ucf2c-dcs-release-hub1.opcdeveloper.oracleinternalucf2c.oraclecorp.com/qa-dev/#projects/qa-dev_test-shared-project1-1460525673052/webhook/new?id=14306.
2016-04-12 23:15:52,521 DEBUG [oracle.clouddev.test.selenium.components.AssertElement] Check condition (element is enabled) for element [By.xpath: .//input[@id=&apos;webhooks-active-new&apos;]] on http://ucf2c-dcs-release-hub1.opcdeveloper.oracleinternalucf2c.oraclecorp.com/qa-dev/#projects/qa-dev_test-shared-project1-1460525673052/webhook/new?id=14306.
2016-04-12 23:15:52,553 DEBUG [oracle.clouddev.test.selenium.components.AssertElement] Check condition (checkbox is checked) for element [By.xpath: .//input[@id=&apos;webhooks-active-new&apos;]] on http://ucf2c-dcs-release-hub1.opcdeveloper.oracleinternalucf2c.oraclecorp.com/qa-dev/#projects/qa-dev_test-shared-project1-1460525673052/webhook/new?id=14306.
2016-04-12 23:15:52,578 DEBUG [oracle.clouddev.test.selenium.components.AssertElement] Check condition (element is visible) for element [By.id: webhooks-jenkins-target-url-new] on http://ucf2c-dcs-release-hub1.opcdeveloper.oracleinternalucf2c.oraclecorp.com/qa-dev/#projects/qa-dev_test-shared-project1-1460525673052/webhook/new?id=14306.
2016-04-12 23:15:52,606 DEBUG [oracle.clouddev.test.selenium.components.AssertElement] Check condition (element is enabled) for element [By.id: webhooks-jenkins-target-url-new] on http://ucf2c-dcs-release-hub1.opcdeveloper.oracleinternalucf2c.oraclecorp.com/qa-dev/#projects/qa-dev_test-shared-project1-1460525673052/webhook/new?id=14306.
2016-04-12 23:15:52,638 DEBUG [oracle.clouddev.test.selenium.components.AssertElement] Check condition (element exists) for element [By.xpath: ./input[contains(@class, &apos;oj-inputtext-input&apos;)] under [By.id: webhooks-jenkins-target-url-new]] on http://ucf2c-dcs-release-hub1.opcdeveloper.oracleinternalucf2c.oraclecorp.com/qa-dev/#projects/qa-dev_test-shared-project1-1460525673052/webhook/new?id=14306.
2016-04-12 23:15:52,687 DEBUG [oracle.clouddev.test.selenium.components.AssertElement] Check condition (element is visible) for element [By.id: webhooks-jenkins-target-url-new] on http://ucf2c-dcs-release-hub1.opcdeveloper.oracleinternalucf2c.oraclecorp.com/qa-dev/#projects/qa-dev_test-shared-project1-1460525673052/webhook/new?id=14306.
2016-04-12 23:15:52,761 DEBUG [oracle.clouddev.test.selenium.components.AssertElement] Check condition (element is visible) for element [By.xpath: ./input[contains(@class, &apos;oj-inputtext-input&apos;)] under [By.id: webhooks-jenkins-target-url-new]] on http://ucf2c-dcs-release-hub1.opcdeveloper.oracleinternalucf2c.oraclecorp.com/qa-dev/#projects/qa-dev_test-shared-project1-1460525673052/webhook/new?id=14306.
2016-04-12 23:15:52,800 DEBUG [oracle.clouddev.test.selenium.components.AssertElement] Check condition (NOT (element is readonly)) for element [By.xpath: ./input[contains(@class, &apos;oj-inputtext-input&apos;)] under [By.id: webhooks-jenkins-target-url-new]] on http://ucf2c-dcs-release-hub1.opcdeveloper.oracleinternalucf2c.oraclecorp.com/qa-dev/#projects/qa-dev_test-shared-project1-1460525673052/webhook/new?id=14306.
2016-04-12 23:15:52,843 DEBUG [oracle.clouddev.test.selenium.components.AssertElement] Check condition (element is visible) for element [By.xpath: ./input[contains(@class, &apos;oj-inputtext-input&apos;)] under [By.id: webhooks-jenkins-target-url-new]] on http://ucf2c-dcs-release-hub1.opcdeveloper.oracleinternalucf2c.oraclecorp.com/qa-dev/#projects/qa-dev_test-shared-project1-1460525673052/webhook/new?id=14306.
2016-04-12 23:15:53,759 DEBUG [oracle.clouddev.test.selenium.components.AssertElement] Check condition (element is visible) for element [By.xpath: .//div[@id=&apos;webhooks-jenkins-url-collapsible-new&apos;]] on http://ucf2c-dcs-release-hub1.opcdeveloper.oracleinternalucf2c.oraclecorp.com/qa-dev/#projects/qa-dev_test-shared-project1-1460525673052/webhook/new?id=14306.
2016-04-12 23:15:53,826 DEBUG [oracle.clouddev.test.selenium.components.AssertElement] Check condition (element is enabled) for element [By.xpath: .//div[@id=&apos;webhooks-jenkins-url-collapsible-new&apos;]] on http://ucf2c-dcs-release-hub1.opcdeveloper.oracleinternalucf2c.oraclecorp.com/qa-dev/#projects/qa-dev_test-shared-project1-1460525673052/webhook/new?id=14306.
2016-04-12 23:15:53,941 DEBUG [oracle.clouddev.test.selenium.components.AssertElement] Check condition (NOT (element is visible)) for element [By.xpath: ./div[contains(@class, &apos;oj-collapsible-wrapper&apos;)] under [By.xpath: .//div[@id=&apos;webhooks-jenkins-url-collapsible-new&apos;]]] on http://ucf2c-dcs-release-hub1.opcdeveloper.oracleinternalucf2c.oraclecorp.com/qa-dev/#projects/qa-dev_test-shared-project1-1460525673052/webhook/new?id=14306.
2016-04-12 23:15:53,988 DEBUG [oracle.clouddev.test.selenium.components.AssertElement] Check condition (element is visible) for element [By.xpath: ./div[contains(@class, &apos;oj-collapsible-header&apos;)]/a[contains(@class, &apos;oj-collapsible-header-icon&apos;)] under [By.xpath: .//div[@id=&apos;webhooks-jenkins-url-collapsible-new&apos;]]] on http://ucf2c-dcs-release-hub1.opcdeveloper.oracleinternalucf2c.oraclecorp.com/qa-dev/#projects/qa-dev_test-shared-project1-1460525673052/webhook/new?id=14306.
2016-04-12 23:15:54,049 DEBUG [oracle.clouddev.test.selenium.components.AssertElement] Check condition (element is enabled) for element [By.xpath: ./div[contains(@class, &apos;oj-collapsible-header&apos;)]/a[contains(@class, &apos;oj-collapsible-header-icon&apos;)] under [By.xpath: .//div[@id=&apos;webhooks-jenkins-url-collapsible-new&apos;]]] on http://ucf2c-dcs-release-hub1.opcdeveloper.oracleinternalucf2c.oraclecorp.com/qa-dev/#projects/qa-dev_test-shared-project1-1460525673052/webhook/new?id=14306.
2016-04-12 23:15:54,078 DEBUG [oracle.clouddev.test.selenium.components.AssertElement] Check condition (element is visible) for element [By.xpath: ./div[contains(@class, &apos;oj-collapsible-header&apos;)]/a[contains(@class, &apos;oj-collapsible-header-icon&apos;)] under [By.xpath: .//div[@id=&apos;webhooks-jenkins-url-collapsible-new&apos;]]] on http://ucf2c-dcs-release-hub1.opcdeveloper.oracleinternalucf2c.oraclecorp.com/qa-dev/#projects/qa-dev_test-shared-project1-1460525673052/webhook/new?id=14306.
2016-04-12 23:15:54,417 DEBUG [oracle.clouddev.test.selenium.components.AssertElement] Check condition (element is visible) for element [By.id: webhooks-jenkins-url-types-new] on http://ucf2c-dcs-release-hub1.opcdeveloper.oracleinternalucf2c.oraclecorp.com/qa-dev/#projects/qa-dev_test-shared-project1-1460525673052/webhook/new?id=14306.
2016-04-12 23:15:54,695 DEBUG [oracle.clouddev.test.selenium.components.AssertElement] Check condition (NOT (element has style class &apos;oj-disabled&apos;)) for element [By.id: webhooks-jenkins-url-types-new] on http://ucf2c-dcs-release-hub1.opcdeveloper.oracleinternalucf2c.oraclecorp.com/qa-dev/#projects/qa-dev_test-shared-project1-1460525673052/webhook/new?id=14306.
2016-04-12 23:15:54,883 DEBUG [oracle.clouddev.test.selenium.components.AssertElement] Check condition (element exists) for element [By.xpath: ./div[contains(@class, &apos;oj-select-choice&apos;)] under [By.id: webhooks-jenkins-url-types-new]] on http://ucf2c-dcs-release-hub1.opcdeveloper.oracleinternalucf2c.oraclecorp.com/qa-dev/#projects/qa-dev_test-shared-project1-1460525673052/webhook/new?id=14306.
2016-04-12 23:15:54,936 DEBUG [oracle.clouddev.test.selenium.components.AssertElement] Check condition (NOT (element is visible)) for element [By.xpath: ./following-sibling::select[contains(@data-bind, &apos;ojSelect&apos;)] under [By.id: webhooks-jenkins-url-types-new]] on http://ucf2c-dcs-release-hub1.opcdeveloper.oracleinternalucf2c.oraclecorp.com/qa-dev/#projects/qa-dev_test-shared-project1-1460525673052/webhook/new?id=14306.
2016-04-12 23:15:54,991 DEBUG [oracle.clouddev.test.selenium.components.AssertElement] Check condition (element is visible) for element [By.xpath: . under [By.id: webhooks-jenkins-url-types-new]] on http://ucf2c-dcs-release-hub1.opcdeveloper.oracleinternalucf2c.oraclecorp.com/qa-dev/#projects/qa-dev_test-shared-project1-1460525673052/webhook/new?id=14306.
2016-04-12 23:15:55,047 DEBUG [oracle.clouddev.test.selenium.components.AssertElement] Check condition (element is enabled) for element [By.xpath: . under [By.id: webhooks-jenkins-url-types-new]] on http://ucf2c-dcs-release-hub1.opcdeveloper.oracleinternalucf2c.oraclecorp.com/qa-dev/#projects/qa-dev_test-shared-project1-1460525673052/webhook/new?id=14306.
2016-04-12 23:15:55,088 DEBUG [oracle.clouddev.test.selenium.components.AssertElement] Check condition (element is visible) for element [By.xpath: .//a[contains(@class, &apos;oj-select-arrow&apos;)] under [By.xpath: . under [By.id: webhooks-jenkins-url-types-new]]] on http://ucf2c-dcs-release-hub1.opcdeveloper.oracleinternalucf2c.oraclecorp.com/qa-dev/#projects/qa-dev_test-shared-project1-1460525673052/webhook/new?id=14306.
2016-04-12 23:15:55,127 DEBUG [oracle.clouddev.test.selenium.components.AssertElement] Check condition (element is visible) for element [By.xpath: .//a[contains(@class, &apos;oj-select-arrow&apos;)] under [By.xpath: . under [By.id: webhooks-jenkins-url-types-new]]] on http://ucf2c-dcs-release-hub1.opcdeveloper.oracleinternalucf2c.oraclecorp.com/qa-dev/#projects/qa-dev_test-shared-project1-1460525673052/webhook/new?id=14306.
2016-04-12 23:15:55,610 DEBUG [oracle.clouddev.test.selenium.components.AssertElement] Check condition (element is visible) for element [By.xpath: .//div[@id=&apos;oj-listbox-drop&apos;]] on http://ucf2c-dcs-release-hub1.opcdeveloper.oracleinternalucf2c.oraclecorp.com/qa-dev/#projects/qa-dev_test-shared-project1-1460525673052/webhook/new?id=14306.
2016-04-12 23:15:55,803 DEBUG [oracle.clouddev.test.selenium.components.AssertElement] Check condition (element is visible) for element [li# under [By.xpath: .//div[@id=&apos;oj-listbox-drop&apos;]]] on http://ucf2c-dcs-release-hub1.opcdeveloper.oracleinternalucf2c.oraclecorp.com/qa-dev/#projects/qa-dev_test-shared-project1-1460525673052/webhook/new?id=14306.
2016-04-12 23:15:55,941 DEBUG [oracle.clouddev.test.selenium.components.AssertElement] Check condition (element is visible) for element [By.xpath: .//span[contains(@class, &apos;oj-select-chosen&apos;)] under [By.id: webhooks-jenkins-url-types-new]] on http://ucf2c-dcs-release-hub1.opcdeveloper.oracleinternalucf2c.oraclecorp.com/qa-dev/#projects/qa-dev_test-shared-project1-1460525673052/webhook/new?id=14306.
2016-04-12 23:15:56,104 DEBUG [oracle.clouddev.test.selenium.components.AssertElement] Check condition (element is visible) for element [By.xpath: .//input[@id=&apos;webhooks-jenkins-appendHash-new&apos;]] on http://ucf2c-dcs-release-hub1.opcdeveloper.oracleinternalucf2c.oraclecorp.com/qa-dev/#projects/qa-dev_test-shared-project1-1460525673052/webhook/new?id=14306.
2016-04-12 23:15:56,165 DEBUG [oracle.clouddev.test.selenium.components.AssertElement] Check condition (NOT (element is readonly)) for element [By.xpath: .//input[@id=&apos;webhooks-jenkins-appendHash-new&apos;]] on http://ucf2c-dcs-release-hub1.opcdeveloper.oracleinternalucf2c.oraclecorp.com/qa-dev/#projects/qa-dev_test-shared-project1-1460525673052/webhook/new?id=14306.
2016-04-12 23:15:56,199 DEBUG [oracle.clouddev.test.selenium.components.AssertElement] Check condition (checkbox is checked) for element [By.xpath: .//input[@id=&apos;webhooks-jenkins-appendHash-new&apos;]] on http://ucf2c-dcs-release-hub1.opcdeveloper.oracleinternalucf2c.oraclecorp.com/qa-dev/#projects/qa-dev_test-shared-project1-1460525673052/webhook/new?id=14306.
2016-04-12 23:15:56,246 DEBUG [oracle.clouddev.test.selenium.components.AssertElement] Check condition (element is visible) for element [By.xpath: .//input[@id=&apos;webhooks-jenkins-appendHash-new&apos;]] on http://ucf2c-dcs-release-hub1.opcdeveloper.oracleinternalucf2c.oraclecorp.com/qa-dev/#projects/qa-dev_test-shared-project1-1460525673052/webhook/new?id=14306.
2016-04-12 23:15:56,570 DEBUG [oracle.clouddev.test.selenium.components.AssertElement] Check condition (NOT (checkbox is checked)) for element [By.xpath: .//input[@id=&apos;webhooks-jenkins-appendHash-new&apos;]] on http://ucf2c-dcs-release-hub1.opcdeveloper.oracleinternalucf2c.oraclecorp.com/qa-dev/#projects/qa-dev_test-shared-project1-1460525673052/webhook/new?id=14306.
2016-04-12 23:15:56,608 DEBUG [oracle.clouddev.test.selenium.components.AssertElement] Check condition (element is visible) for element [By.xpath: .//input[@id=&apos;webhooks-jenkins-appendBranch-new&apos;]] on http://ucf2c-dcs-release-hub1.opcdeveloper.oracleinternalucf2c.oraclecorp.com/qa-dev/#projects/qa-dev_test-shared-project1-1460525673052/webhook/new?id=14306.
2016-04-12 23:15:56,652 DEBUG [oracle.clouddev.test.selenium.components.AssertElement] Check condition (NOT (element is readonly)) for element [By.xpath: .//input[@id=&apos;webhooks-jenkins-appendBranch-new&apos;]] on http://ucf2c-dcs-release-hub1.opcdeveloper.oracleinternalucf2c.oraclecorp.com/qa-dev/#projects/qa-dev_test-shared-project1-1460525673052/webhook/new?id=14306.
2016-04-12 23:15:56,685 DEBUG [oracle.clouddev.test.selenium.components.AssertElement] Check condition (NOT (checkbox is checked)) for element [By.xpath: .//input[@id=&apos;webhooks-jenkins-appendBranch-new&apos;]] on http://ucf2c-dcs-release-hub1.opcdeveloper.oracleinternalucf2c.oraclecorp.com/qa-dev/#projects/qa-dev_test-shared-project1-1460525673052/webhook/new?id=14306.
2016-04-12 23:15:56,729 DEBUG [oracle.clouddev.test.selenium.components.AssertElement] Check condition (element is visible) for element [By.xpath: .//input[@id=&apos;webhooks-jenkins-appendBranch-new&apos;]] on http://ucf2c-dcs-release-hub1.opcdeveloper.oracleinternalucf2c.oraclecorp.com/qa-dev/#projects/qa-dev_test-shared-project1-1460525673052/webhook/new?id=14306.
2016-04-12 23:15:56,896 DEBUG [oracle.clouddev.test.selenium.components.AssertElement] Check condition (checkbox is checked) for element [By.xpath: .//input[@id=&apos;webhooks-jenkins-appendBranch-new&apos;]] on http://ucf2c-dcs-release-hub1.opcdeveloper.oracleinternalucf2c.oraclecorp.com/qa-dev/#projects/qa-dev_test-shared-project1-1460525673052/webhook/new?id=14306.
2016-04-12 23:15:56,916 DEBUG [oracle.clouddev.test.selenium.components.AssertElement] Check condition (element is visible) for element [By.id: webhooks-jenkins-repository-new] on http://ucf2c-dcs-release-hub1.opcdeveloper.oracleinternalucf2c.oraclecorp.com/qa-dev/#projects/qa-dev_test-shared-project1-1460525673052/webhook/new?id=14306.
2016-04-12 23:15:56,941 DEBUG [oracle.clouddev.test.selenium.components.AssertElement] Check condition (NOT (element has style class &apos;oj-disabled&apos;)) for element [By.id: webhooks-jenkins-repository-new] on http://ucf2c-dcs-release-hub1.opcdeveloper.oracleinternalucf2c.oraclecorp.com/qa-dev/#projects/qa-dev_test-shared-project1-1460525673052/webhook/new?id=14306.
2016-04-12 23:15:56,973 DEBUG [oracle.clouddev.test.selenium.components.AssertElement] Check condition (element exists) for element [By.xpath: ./div[contains(@class, &apos;oj-select-choice&apos;)] under [By.id: webhooks-jenkins-repository-new]] on http://ucf2c-dcs-release-hub1.opcdeveloper.oracleinternalucf2c.oraclecorp.com/qa-dev/#projects/qa-dev_test-shared-project1-1460525673052/webhook/new?id=14306.
2016-04-12 23:15:56,992 DEBUG [oracle.clouddev.test.selenium.components.AssertElement] Check condition (NOT (element is visible)) for element [By.xpath: ./following-sibling::select[contains(@data-bind, &apos;ojSelect&apos;)] under [By.id: webhooks-jenkins-repository-new]] on http://ucf2c-dcs-release-hub1.opcdeveloper.oracleinternalucf2c.oraclecorp.com/qa-dev/#projects/qa-dev_test-shared-project1-1460525673052/webhook/new?id=14306.
2016-04-12 23:15:57,058 DEBUG [oracle.clouddev.test.selenium.components.AssertElement] Check condition (element is visible) for element [By.xpath: . under [By.id: webhooks-jenkins-repository-new]] on http://ucf2c-dcs-release-hub1.opcdeveloper.oracleinternalucf2c.oraclecorp.com/qa-dev/#projects/qa-dev_test-shared-project1-1460525673052/webhook/new?id=14306.
2016-04-12 23:15:57,116 DEBUG [oracle.clouddev.test.selenium.components.AssertElement] Check condition (element is enabled) for element [By.xpath: . under [By.id: webhooks-jenkins-repository-new]] on http://ucf2c-dcs-release-hub1.opcdeveloper.oracleinternalucf2c.oraclecorp.com/qa-dev/#projects/qa-dev_test-shared-project1-1460525673052/webhook/new?id=14306.
2016-04-12 23:15:57,200 DEBUG [oracle.clouddev.test.selenium.components.AssertElement] Check condition (element is visible) for element [By.xpath: .//a[contains(@class, &apos;oj-select-arrow&apos;)] under [By.xpath: . under [By.id: webhooks-jenkins-repository-new]]] on http://ucf2c-dcs-release-hub1.opcdeveloper.oracleinternalucf2c.oraclecorp.com/qa-dev/#projects/qa-dev_test-shared-project1-1460525673052/webhook/new?id=14306.
2016-04-12 23:15:57,262 DEBUG [oracle.clouddev.test.selenium.components.AssertElement] Check condition (element is visible) for element [By.xpath: .//a[contains(@class, &apos;oj-select-arrow&apos;)] under [By.xpath: . under [By.id: webhooks-jenkins-repository-new]]] on http://ucf2c-dcs-release-hub1.opcdeveloper.oracleinternalucf2c.oraclecorp.com/qa-dev/#projects/qa-dev_test-shared-project1-1460525673052/webhook/new?id=14306.
2016-04-12 23:15:57,655 DEBUG [oracle.clouddev.test.selenium.components.AssertElement] Check condition (element is visible) for element [By.xpath: .//div[@id=&apos;oj-listbox-drop&apos;]] on http://ucf2c-dcs-release-hub1.opcdeveloper.oracleinternalucf2c.oraclecorp.com/qa-dev/#projects/qa-dev_test-shared-project1-1460525673052/webhook/new?id=14306.
2016-04-12 23:15:57,844 DEBUG [oracle.clouddev.test.selenium.components.AssertElement] Check condition (element is visible) for element [By.xpath: . under [By.id: webhooks-jenkins-repository-new]] on http://ucf2c-dcs-release-hub1.opcdeveloper.oracleinternalucf2c.oraclecorp.com/qa-dev/#projects/qa-dev_test-shared-project1-1460525673052/webhook/new?id=14306.
2016-04-12 23:15:57,922 DEBUG [oracle.clouddev.test.selenium.components.AssertElement] Check condition (element is enabled) for element [By.xpath: . under [By.id: webhooks-jenkins-repository-new]] on http://ucf2c-dcs-release-hub1.opcdeveloper.oracleinternalucf2c.oraclecorp.com/qa-dev/#projects/qa-dev_test-shared-project1-1460525673052/webhook/new?id=14306.
2016-04-12 23:15:57,982 DEBUG [oracle.clouddev.test.selenium.components.AssertElement] Check condition (element is visible) for element [By.xpath: .//a[contains(@class, &apos;oj-select-arrow&apos;)] under [By.xpath: . under [By.id: webhooks-jenkins-repository-new]]] on http://ucf2c-dcs-release-hub1.opcdeveloper.oracleinternalucf2c.oraclecorp.com/qa-dev/#projects/qa-dev_test-shared-project1-1460525673052/webhook/new?id=14306.
2016-04-12 23:15:58,134 DEBUG [oracle.clouddev.test.selenium.components.AssertElement] Check condition (element is visible) for element [By.xpath: .//a[contains(@class, &apos;oj-select-arrow&apos;)] under [By.xpath: . under [By.id: webhooks-jenkins-repository-new]]] on http://ucf2c-dcs-release-hub1.opcdeveloper.oracleinternalucf2c.oraclecorp.com/qa-dev/#projects/qa-dev_test-shared-project1-1460525673052/webhook/new?id=14306.
2016-04-12 23:15:58,665 DEBUG [oracle.clouddev.test.selenium.components.AssertElement] Check condition (element is visible) for element [By.xpath: . under [By.id: webhooks-jenkins-repository-new]] on http://ucf2c-dcs-release-hub1.opcdeveloper.oracleinternalucf2c.oraclecorp.com/qa-dev/#projects/qa-dev_test-shared-project1-1460525673052/webhook/new?id=14306.
2016-04-12 23:15:58,722 DEBUG [oracle.clouddev.test.selenium.components.AssertElement] Check condition (element is enabled) for element [By.xpath: . under [By.id: webhooks-jenkins-repository-new]] on http://ucf2c-dcs-release-hub1.opcdeveloper.oracleinternalucf2c.oraclecorp.com/qa-dev/#projects/qa-dev_test-shared-project1-1460525673052/webhook/new?id=14306.
2016-04-12 23:15:58,805 DEBUG [oracle.clouddev.test.selenium.components.AssertElement] Check condition (element is visible) for element [By.xpath: .//a[contains(@class, &apos;oj-select-arrow&apos;)] under [By.xpath: . under [By.id: webhooks-jenkins-repository-new]]] on http://ucf2c-dcs-release-hub1.opcdeveloper.oracleinternalucf2c.oraclecorp.com/qa-dev/#projects/qa-dev_test-shared-project1-1460525673052/webhook/new?id=14306.
2016-04-12 23:15:58,877 DEBUG [oracle.clouddev.test.selenium.components.AssertElement] Check condition (element is visible) for element [By.xpath: .//a[contains(@class, &apos;oj-select-arrow&apos;)] under [By.xpath: . under [By.id: webhooks-jenkins-repository-new]]] on http://ucf2c-dcs-release-hub1.opcdeveloper.oracleinternalucf2c.oraclecorp.com/qa-dev/#projects/qa-dev_test-shared-project1-1460525673052/webhook/new?id=14306.
2016-04-12 23:15:59,219 DEBUG [oracle.clouddev.test.selenium.components.AssertElement] Check condition (element is visible) for element [By.xpath: .//div[@id=&apos;oj-listbox-drop&apos;]] on http://ucf2c-dcs-release-hub1.opcdeveloper.oracleinternalucf2c.oraclecorp.com/qa-dev/#projects/qa-dev_test-shared-project1-1460525673052/webhook/new?id=14306.
2016-04-12 23:15:59,262 DEBUG [oracle.clouddev.test.selenium.components.AssertElement] Check condition (element is visible) for element [By.xpath: .//div[@class=&apos;oj-listbox-result-label&apos; and contains(text(),&apos;qa-test-repo1460526415589.git&apos;)] under [By.xpath: .//div[@id=&apos;oj-listbox-drop&apos;]]] on http://ucf2c-dcs-release-hub1.opcdeveloper.oracleinternalucf2c.oraclecorp.com/qa-dev/#projects/qa-dev_test-shared-project1-1460525673052/webhook/new?id=14306.
2016-04-12 23:15:59,319 DEBUG [oracle.clouddev.test.selenium.components.AssertElement] Check condition (element is visible) for element [By.xpath: .//div[@class=&apos;oj-listbox-result-label&apos; and contains(text(),&apos;qa-test-repo1460526415589.git&apos;)] under [By.xpath: .//div[@id=&apos;oj-listbox-drop&apos;]]] on http://ucf2c-dcs-release-hub1.opcdeveloper.oracleinternalucf2c.oraclecorp.com/qa-dev/#projects/qa-dev_test-shared-project1-1460525673052/webhook/new?id=14306.
2016-04-12 23:15:59,684 DEBUG [oracle.clouddev.test.selenium.components.AssertElement] Check condition (element is visible) for element [By.xpath: . under [By.id: webhooks-jenkins-repository-new]] on http://ucf2c-dcs-release-hub1.opcdeveloper.oracleinternalucf2c.oraclecorp.com/qa-dev/#projects/qa-dev_test-shared-project1-1460525673052/webhook/new?id=14306.
2016-04-12 23:15:59,748 DEBUG [oracle.clouddev.test.selenium.components.AssertElement] Check condition (element is enabled) for element [By.xpath: . under [By.id: webhooks-jenkins-repository-new]] on http://ucf2c-dcs-release-hub1.opcdeveloper.oracleinternalucf2c.oraclecorp.com/qa-dev/#projects/qa-dev_test-shared-project1-1460525673052/webhook/new?id=14306.
2016-04-12 23:15:59,816 DEBUG [oracle.clouddev.test.selenium.components.AssertElement] Check condition (element is visible) for element [By.xpath: .//span[contains(@class, &apos;oj-select-chosen&apos;)] under [By.id: webhooks-jenkins-repository-new]] on http://ucf2c-dcs-release-hub1.opcdeveloper.oracleinternalucf2c.oraclecorp.com/qa-dev/#projects/qa-dev_test-shared-project1-1460525673052/webhook/new?id=14306.
2016-04-12 23:15:59,923 DEBUG [oracle.clouddev.test.selenium.components.AssertElement] Check condition (element is visible) for element [By.id: webhooks-jenkins-branch-new] on http://ucf2c-dcs-release-hub1.opcdeveloper.oracleinternalucf2c.oraclecorp.com/qa-dev/#projects/qa-dev_test-shared-project1-1460525673052/webhook/new?id=14306.
2016-04-12 23:15:59,957 DEBUG [oracle.clouddev.test.selenium.components.AssertElement] Check condition (NOT (element has style class &apos;oj-disabled&apos;)) for element [By.id: webhooks-jenkins-branch-new] on http://ucf2c-dcs-release-hub1.opcdeveloper.oracleinternalucf2c.oraclecorp.com/qa-dev/#projects/qa-dev_test-shared-project1-1460525673052/webhook/new?id=14306.
2016-04-12 23:15:59,994 DEBUG [oracle.clouddev.test.selenium.components.AssertElement] Check condition (element exists) for element [By.xpath: ./div[contains(@class, &apos;oj-select-choice&apos;)] under [By.id: webhooks-jenkins-branch-new]] on http://ucf2c-dcs-release-hub1.opcdeveloper.oracleinternalucf2c.oraclecorp.com/qa-dev/#projects/qa-dev_test-shared-project1-1460525673052/webhook/new?id=14306.
2016-04-12 23:16:00,022 DEBUG [oracle.clouddev.test.selenium.components.AssertElement] Check condition (NOT (element is visible)) for element [By.xpath: ./following-sibling::select[contains(@data-bind, &apos;ojSelect&apos;)] under [By.id: webhooks-jenkins-branch-new]] on http://ucf2c-dcs-release-hub1.opcdeveloper.oracleinternalucf2c.oraclecorp.com/qa-dev/#projects/qa-dev_test-shared-project1-1460525673052/webhook/new?id=14306.
2016-04-12 23:16:00,079 DEBUG [oracle.clouddev.test.selenium.components.AssertElement] Check condition (element is visible) for element [By.xpath: . under [By.id: webhooks-jenkins-branch-new]] on http://ucf2c-dcs-release-hub1.opcdeveloper.oracleinternalucf2c.oraclecorp.com/qa-dev/#projects/qa-dev_test-shared-project1-1460525673052/webhook/new?id=14306.
2016-04-12 23:16:00,106 DEBUG [oracle.clouddev.test.selenium.components.AssertElement] Check condition (element is enabled) for element [By.xpath: . under [By.id: webhooks-jenkins-branch-new]] on http://ucf2c-dcs-release-hub1.opcdeveloper.oracleinternalucf2c.oraclecorp.com/qa-dev/#projects/qa-dev_test-shared-project1-1460525673052/webhook/new?id=14306.
2016-04-12 23:16:00,145 DEBUG [oracle.clouddev.test.selenium.components.AssertElement] Check condition (element is visible) for element [By.xpath: .//a[contains(@class, &apos;oj-select-arrow&apos;)] under [By.xpath: . under [By.id: webhooks-jenkins-branch-new]]] on http://ucf2c-dcs-release-hub1.opcdeveloper.oracleinternalucf2c.oraclecorp.com/qa-dev/#projects/qa-dev_test-shared-project1-1460525673052/webhook/new?id=14306.
2016-04-12 23:16:00,189 DEBUG [oracle.clouddev.test.selenium.components.AssertElement] Check condition (element is visible) for element [By.xpath: .//a[contains(@class, &apos;oj-select-arrow&apos;)] under [By.xpath: . under [By.id: webhooks-jenkins-branch-new]]] on http://ucf2c-dcs-release-hub1.opcdeveloper.oracleinternalucf2c.oraclecorp.com/qa-dev/#projects/qa-dev_test-shared-project1-1460525673052/webhook/new?id=14306.
2016-04-12 23:16:00,441 DEBUG [oracle.clouddev.test.selenium.components.AssertElement] Check condition (element is visible) for element [By.xpath: .//div[@id=&apos;oj-listbox-drop&apos;]] on http://ucf2c-dcs-release-hub1.opcdeveloper.oracleinternalucf2c.oraclecorp.com/qa-dev/#projects/qa-dev_test-shared-project1-1460525673052/webhook/new?id=14306.
2016-04-12 23:16:00,587 DEBUG [oracle.clouddev.test.selenium.components.AssertElement] Check condition (element is visible) for element [By.xpath: . under [By.id: webhooks-jenkins-branch-new]] on http://ucf2c-dcs-release-hub1.opcdeveloper.oracleinternalucf2c.oraclecorp.com/qa-dev/#projects/qa-dev_test-shared-project1-1460525673052/webhook/new?id=14306.
2016-04-12 23:16:00,643 DEBUG [oracle.clouddev.test.selenium.components.AssertElement] Check condition (element is enabled) for element [By.xpath: . under [By.id: webhooks-jenkins-branch-new]] on http://ucf2c-dcs-release-hub1.opcdeveloper.oracleinternalucf2c.oraclecorp.com/qa-dev/#projects/qa-dev_test-shared-project1-1460525673052/webhook/new?id=14306.
2016-04-12 23:16:00,728 DEBUG [oracle.clouddev.test.selenium.components.AssertElement] Check condition (element is visible) for element [By.xpath: .//a[contains(@class, &apos;oj-select-arrow&apos;)] under [By.xpath: . under [By.id: webhooks-jenkins-branch-new]]] on http://ucf2c-dcs-release-hub1.opcdeveloper.oracleinternalucf2c.oraclecorp.com/qa-dev/#projects/qa-dev_test-shared-project1-1460525673052/webhook/new?id=14306.
2016-04-12 23:16:00,793 DEBUG [oracle.clouddev.test.selenium.components.AssertElement] Check condition (element is visible) for element [By.xpath: .//a[contains(@class, &apos;oj-select-arrow&apos;)] under [By.xpath: . under [By.id: webhooks-jenkins-branch-new]]] on http://ucf2c-dcs-release-hub1.opcdeveloper.oracleinternalucf2c.oraclecorp.com/qa-dev/#projects/qa-dev_test-shared-project1-1460525673052/webhook/new?id=14306.
2016-04-12 23:16:01,045 DEBUG [oracle.clouddev.test.selenium.components.AssertElement] Check condition (element is visible) for element [By.xpath: . under [By.id: webhooks-jenkins-branch-new]] on http://ucf2c-dcs-release-hub1.opcdeveloper.oracleinternalucf2c.oraclecorp.com/qa-dev/#projects/qa-dev_test-shared-project1-1460525673052/webhook/new?id=14306.
2016-04-12 23:16:01,110 DEBUG [oracle.clouddev.test.selenium.components.AssertElement] Check condition (element is enabled) for element [By.xpath: . under [By.id: webhooks-jenkins-branch-new]] on http://ucf2c-dcs-release-hub1.opcdeveloper.oracleinternalucf2c.oraclecorp.com/qa-dev/#projects/qa-dev_test-shared-project1-1460525673052/webhook/new?id=14306.
2016-04-12 23:16:01,195 DEBUG [oracle.clouddev.test.selenium.components.AssertElement] Check condition (element is visible) for element [By.xpath: .//a[contains(@class, &apos;oj-select-arrow&apos;)] under [By.xpath: . under [By.id: webhooks-jenkins-branch-new]]] on http://ucf2c-dcs-release-hub1.opcdeveloper.oracleinternalucf2c.oraclecorp.com/qa-dev/#projects/qa-dev_test-shared-project1-1460525673052/webhook/new?id=14306.
2016-04-12 23:16:01,271 DEBUG [oracle.clouddev.test.selenium.components.AssertElement] Check condition (element is visible) for element [By.xpath: .//a[contains(@class, &apos;oj-select-arrow&apos;)] under [By.xpath: . under [By.id: webhooks-jenkins-branch-new]]] on http://ucf2c-dcs-release-hub1.opcdeveloper.oracleinternalucf2c.oraclecorp.com/qa-dev/#projects/qa-dev_test-shared-project1-1460525673052/webhook/new?id=14306.
2016-04-12 23:16:01,623 DEBUG [oracle.clouddev.test.selenium.components.AssertElement] Check condition (element is visible) for element [By.xpath: .//div[@id=&apos;oj-listbox-drop&apos;]] on http://ucf2c-dcs-release-hub1.opcdeveloper.oracleinternalucf2c.oraclecorp.com/qa-dev/#projects/qa-dev_test-shared-project1-1460525673052/webhook/new?id=14306.
2016-04-12 23:16:01,660 DEBUG [oracle.clouddev.test.selenium.components.AssertElement] Check condition (element is visible) for element [By.xpath: .//div[@class=&apos;oj-listbox-result-label&apos; and contains(text(),&apos;All Branches&apos;)] under [By.xpath: .//div[@id=&apos;oj-listbox-drop&apos;]]] on http://ucf2c-dcs-release-hub1.opcdeveloper.oracleinternalucf2c.oraclecorp.com/qa-dev/#projects/qa-dev_test-shared-project1-1460525673052/webhook/new?id=14306.
2016-04-12 23:16:01,741 DEBUG [oracle.clouddev.test.selenium.components.AssertElement] Check condition (element is visible) for element [By.xpath: .//div[@class=&apos;oj-listbox-result-label&apos; and contains(text(),&apos;All Branches&apos;)] under [By.xpath: .//div[@id=&apos;oj-listbox-drop&apos;]]] on http://ucf2c-dcs-release-hub1.opcdeveloper.oracleinternalucf2c.oraclecorp.com/qa-dev/#projects/qa-dev_test-shared-project1-1460525673052/webhook/new?id=14306.
2016-04-12 23:16:01,939 DEBUG [oracle.clouddev.test.selenium.components.AssertElement] Check condition (element is visible) for element [By.xpath: . under [By.id: webhooks-jenkins-branch-new]] on http://ucf2c-dcs-release-hub1.opcdeveloper.oracleinternalucf2c.oraclecorp.com/qa-dev/#projects/qa-dev_test-shared-project1-1460525673052/webhook/new?id=14306.
2016-04-12 23:16:02,009 DEBUG [oracle.clouddev.test.selenium.components.AssertElement] Check condition (element is enabled) for element [By.xpath: . under [By.id: webhooks-jenkins-branch-new]] on http://ucf2c-dcs-release-hub1.opcdeveloper.oracleinternalucf2c.oraclecorp.com/qa-dev/#projects/qa-dev_test-shared-project1-1460525673052/webhook/new?id=14306.
2016-04-12 23:16:02,123 DEBUG [oracle.clouddev.test.selenium.components.AssertElement] Check condition (element is visible) for element [By.xpath: .//span[contains(@class, &apos;oj-select-chosen&apos;)] under [By.id: webhooks-jenkins-branch-new]] on http://ucf2c-dcs-release-hub1.opcdeveloper.oracleinternalucf2c.oraclecorp.com/qa-dev/#projects/qa-dev_test-shared-project1-1460525673052/webhook/new?id=14306.
2016-04-12 23:16:02,232 DEBUG [oracle.clouddev.test.selenium.components.AssertElement] Check condition (element is visible) for element [By.xpath: .//*[(self::button or self::a or self::input) and @id=&apos;webhook-button-save&apos;]] on http://ucf2c-dcs-release-hub1.opcdeveloper.oracleinternalucf2c.oraclecorp.com/qa-dev/#projects/qa-dev_test-shared-project1-1460525673052/webhook/new?id=14306.
2016-04-12 23:16:02,275 DEBUG [oracle.clouddev.test.selenium.components.AssertElement] Check condition (element has style class &apos;oj-enabled&apos;) for element [By.xpath: .//*[(self::button or self::a or self::input) and @id=&apos;webhook-button-save&apos;]] on http://ucf2c-dcs-release-hub1.opcdeveloper.oracleinternalucf2c.oraclecorp.com/qa-dev/#projects/qa-dev_test-shared-project1-1460525673052/webhook/new?id=14306.
2016-04-12 23:16:03,117 DEBUG [oracle.clouddev.test.selenium.components.AssertElement] Check condition (NOT (element exists)) for element [By.id: webhook-type-new] on http://ucf2c-dcs-release-hub1.opcdeveloper.oracleinternalucf2c.oraclecorp.com/qa-dev/#projects/qa-dev_test-shared-project1-1460525673052/admin/webhooks?id=14307.
2016-04-12 23:16:04,235 DEBUG [oracle.clouddev.test.selenium.components.AssertElement] Check condition (element is visible) for element [By.xpath: .//*[(self::button or self::a or self::input) and @id=&apos;webhook-list-add&apos;]] on http://ucf2c-dcs-release-hub1.opcdeveloper.oracleinternalucf2c.oraclecorp.com/qa-dev/#projects/qa-dev_test-shared-project1-1460525673052/admin/webhooks?id=14307.
2016-04-12 23:16:04,300 DEBUG [oracle.clouddev.test.selenium.components.AssertElement] Check condition (element has style class &apos;oj-enabled&apos;) for element [By.xpath: .//*[(self::button or self::a or self::input) and @id=&apos;webhook-list-add&apos;]] on http://ucf2c-dcs-release-hub1.opcdeveloper.oracleinternalucf2c.oraclecorp.com/qa-dev/#projects/qa-dev_test-shared-project1-1460525673052/admin/webhooks?id=14307.
2016-04-12 23:16:04,399 DEBUG [oracle.clouddev.test.selenium.components.AssertElement] Check condition (element is visible) for element [By.xpath: .//*[(self::button or self::a or self::input) and @id=&apos;webhook-list-add&apos;]] on http://ucf2c-dcs-release-hub1.opcdeveloper.oracleinternalucf2c.oraclecorp.com/qa-dev/#projects/qa-dev_test-shared-project1-1460525673052/admin/webhooks?id=14307.
2016-04-12 23:16:04,439 DEBUG [oracle.clouddev.test.selenium.components.AssertElement] Check condition (element has style class &apos;oj-enabled&apos;) for element [By.xpath: .//*[(self::button or self::a or self::input) and @id=&apos;webhook-list-add&apos;]] on http://ucf2c-dcs-release-hub1.opcdeveloper.oracleinternalucf2c.oraclecorp.com/qa-dev/#projects/qa-dev_test-shared-project1-1460525673052/admin/webhooks?id=14307.
2016-04-12 23:16:05,254 DEBUG [oracle.clouddev.test.selenium.components.AssertElement] Check condition (NOT (element exists)) for element [By.xpath: .//*[(self::button or self::a or self::input) and @id=&apos;webhook-list-add&apos;]] on http://ucf2c-dcs-release-hub1.opcdeveloper.oracleinternalucf2c.oraclecorp.com/qa-dev/#projects/qa-dev_test-shared-project1-1460525673052/webhook/new?id=14307.
2016-04-12 23:16:06,292 DEBUG [oracle.clouddev.test.selenium.components.AssertElement] Check condition (element is visible) for element [By.xpath: .//*[(self::button or self::a or self::input) and @id=&apos;webhook-button-cancel&apos;]] on http://ucf2c-dcs-release-hub1.opcdeveloper.oracleinternalucf2c.oraclecorp.com/qa-dev/#projects/qa-dev_test-shared-project1-1460525673052/webhook/new?id=14307.
2016-04-12 23:16:06,360 DEBUG [oracle.clouddev.test.selenium.components.AssertElement] Check condition (element has style class &apos;oj-enabled&apos;) for element [By.xpath: .//*[(self::button or self::a or self::input) and @id=&apos;webhook-button-cancel&apos;]] on http://ucf2c-dcs-release-hub1.opcdeveloper.oracleinternalucf2c.oraclecorp.com/qa-dev/#projects/qa-dev_test-shared-project1-1460525673052/webhook/new?id=14307.
2016-04-12 23:16:06,715 DEBUG [oracle.clouddev.test.selenium.components.AssertElement] Check condition (NOT (element exists)) for element [By.id: webhook-type-new] on http://ucf2c-dcs-release-hub1.opcdeveloper.oracleinternalucf2c.oraclecorp.com/qa-dev/#projects/qa-dev_test-shared-project1-1460525673052/admin/webhooks?id=14307.
2016-04-12 23:16:07,738 DEBUG [oracle.clouddev.test.selenium.components.AssertElement] Check condition (element is visible) for element [By.xpath: .//*[(self::button or self::a or self::input) and @id=&apos;webhook-list-add&apos;]] on http://ucf2c-dcs-release-hub1.opcdeveloper.oracleinternalucf2c.oraclecorp.com/qa-dev/#projects/qa-dev_test-shared-project1-1460525673052/admin/webhooks?id=14307.
2016-04-12 23:16:07,787 DEBUG [oracle.clouddev.test.selenium.components.AssertElement] Check condition (element has style class &apos;oj-enabled&apos;) for element [By.xpath: .//*[(self::button or self::a or self::input) and @id=&apos;webhook-list-add&apos;]] on http://ucf2c-dcs-release-hub1.opcdeveloper.oracleinternalucf2c.oraclecorp.com/qa-dev/#projects/qa-dev_test-shared-project1-1460525673052/admin/webhooks?id=14307.
2016-04-12 23:16:07,838 DEBUG [oracle.clouddev.test.selenium.components.AssertElement] Check condition (element is visible) for element [By.xpath: .//*[(self::button or self::a or self::input) and @id=&apos;webhook-list-add&apos;]] on http://ucf2c-dcs-release-hub1.opcdeveloper.oracleinternalucf2c.oraclecorp.com/qa-dev/#projects/qa-dev_test-shared-project1-1460525673052/admin/webhooks?id=14307.
2016-04-12 23:16:07,880 DEBUG [oracle.clouddev.test.selenium.components.AssertElement] Check condition (element has style class &apos;oj-enabled&apos;) for element [By.xpath: .//*[(self::button or self::a or self::input) and @id=&apos;webhook-list-add&apos;]] on http://ucf2c-dcs-release-hub1.opcdeveloper.oracleinternalucf2c.oraclecorp.com/qa-dev/#projects/qa-dev_test-shared-project1-1460525673052/admin/webhooks?id=14307.
2016-04-12 23:16:08,381 DEBUG [oracle.clouddev.test.selenium.components.AssertElement] Check condition (NOT (element exists)) for element [By.xpath: .//*[(self::button or self::a or self::input) and @id=&apos;webhook-list-add&apos;]] on http://ucf2c-dcs-release-hub1.opcdeveloper.oracleinternalucf2c.oraclecorp.com/qa-dev/#projects/qa-dev_test-shared-project1-1460525673052/webhook/new?id=14307.
2016-04-12 23:16:09,405 DEBUG [oracle.clouddev.test.selenium.components.AssertElement] Check condition (element is visible) for element [By.id: webhook-type-new] on http://ucf2c-dcs-release-hub1.opcdeveloper.oracleinternalucf2c.oraclecorp.com/qa-dev/#projects/qa-dev_test-shared-project1-1460525673052/webhook/new?id=14307.
2016-04-12 23:16:09,444 DEBUG [oracle.clouddev.test.selenium.components.AssertElement] Check condition (NOT (element has style class &apos;oj-disabled&apos;)) for element [By.id: webhook-type-new] on http://ucf2c-dcs-release-hub1.opcdeveloper.oracleinternalucf2c.oraclecorp.com/qa-dev/#projects/qa-dev_test-shared-project1-1460525673052/webhook/new?id=14307.
2016-04-12 23:16:09,512 DEBUG [oracle.clouddev.test.selenium.components.AssertElement] Check condition (element exists) for element [By.xpath: ./div[contains(@class, &apos;oj-select-choice&apos;)] under [By.id: webhook-type-new]] on http://ucf2c-dcs-release-hub1.opcdeveloper.oracleinternalucf2c.oraclecorp.com/qa-dev/#projects/qa-dev_test-shared-project1-1460525673052/webhook/new?id=14307.
2016-04-12 23:16:09,546 DEBUG [oracle.clouddev.test.selenium.components.AssertElement] Check condition (NOT (element is visible)) for element [By.xpath: ./following-sibling::select[contains(@data-bind, &apos;ojSelect&apos;)] under [By.id: webhook-type-new]] on http://ucf2c-dcs-release-hub1.opcdeveloper.oracleinternalucf2c.oraclecorp.com/qa-dev/#projects/qa-dev_test-shared-project1-1460525673052/webhook/new?id=14307.
2016-04-12 23:16:09,577 DEBUG [oracle.clouddev.test.selenium.components.AssertElement] Check condition (element is visible) for element [By.xpath: . under [By.id: webhook-type-new]] on http://ucf2c-dcs-release-hub1.opcdeveloper.oracleinternalucf2c.oraclecorp.com/qa-dev/#projects/qa-dev_test-shared-project1-1460525673052/webhook/new?id=14307.
2016-04-12 23:16:09,628 DEBUG [oracle.clouddev.test.selenium.components.AssertElement] Check condition (element is enabled) for element [By.xpath: . under [By.id: webhook-type-new]] on http://ucf2c-dcs-release-hub1.opcdeveloper.oracleinternalucf2c.oraclecorp.com/qa-dev/#projects/qa-dev_test-shared-project1-1460525673052/webhook/new?id=14307.
2016-04-12 23:16:09,681 DEBUG [oracle.clouddev.test.selenium.components.AssertElement] Check condition (element is visible) for element [By.xpath: .//a[contains(@class, &apos;oj-select-arrow&apos;)] under [By.xpath: . under [By.id: webhook-type-new]]] on http://ucf2c-dcs-release-hub1.opcdeveloper.oracleinternalucf2c.oraclecorp.com/qa-dev/#projects/qa-dev_test-shared-project1-1460525673052/webhook/new?id=14307.
2016-04-12 23:16:09,719 DEBUG [oracle.clouddev.test.selenium.components.AssertElement] Check condition (element is visible) for element [By.xpath: .//a[contains(@class, &apos;oj-select-arrow&apos;)] under [By.xpath: . under [By.id: webhook-type-new]]] on http://ucf2c-dcs-release-hub1.opcdeveloper.oracleinternalucf2c.oraclecorp.com/qa-dev/#projects/qa-dev_test-shared-project1-1460525673052/webhook/new?id=14307.
2016-04-12 23:16:09,991 DEBUG [oracle.clouddev.test.selenium.components.AssertElement] Check condition (element is visible) for element [By.xpath: .//div[@id=&apos;oj-listbox-drop&apos;]] on http://ucf2c-dcs-release-hub1.opcdeveloper.oracleinternalucf2c.oraclecorp.com/qa-dev/#projects/qa-dev_test-shared-project1-1460525673052/webhook/new?id=14307.
2016-04-12 23:16:10,110 DEBUG [oracle.clouddev.test.selenium.components.AssertElement] Check condition (element is visible) for element [li# under [By.xpath: .//div[@id=&apos;oj-listbox-drop&apos;]]] on http://ucf2c-dcs-release-hub1.opcdeveloper.oracleinternalucf2c.oraclecorp.com/qa-dev/#projects/qa-dev_test-shared-project1-1460525673052/webhook/new?id=14307.
2016-04-12 23:16:11,490 DEBUG [oracle.clouddev.test.selenium.components.AssertElement] Check condition (element is visible) for element [By.id: webhooks-name-new] on http://ucf2c-dcs-release-hub1.opcdeveloper.oracleinternalucf2c.oraclecorp.com/qa-dev/#projects/qa-dev_test-shared-project1-1460525673052/webhook/new?id=14307.
2016-04-12 23:16:11,537 DEBUG [oracle.clouddev.test.selenium.components.AssertElement] Check condition (element is enabled) for element [By.id: webhooks-name-new] on http://ucf2c-dcs-release-hub1.opcdeveloper.oracleinternalucf2c.oraclecorp.com/qa-dev/#projects/qa-dev_test-shared-project1-1460525673052/webhook/new?id=14307.
2016-04-12 23:16:11,599 DEBUG [oracle.clouddev.test.selenium.components.AssertElement] Check condition (element exists) for element [By.xpath: ./input[contains(@class, &apos;oj-inputtext-input&apos;)] under [By.id: webhooks-name-new]] on http://ucf2c-dcs-release-hub1.opcdeveloper.oracleinternalucf2c.oraclecorp.com/qa-dev/#projects/qa-dev_test-shared-project1-1460525673052/webhook/new?id=14307.
2016-04-12 23:16:11,643 DEBUG [oracle.clouddev.test.selenium.components.AssertElement] Check condition (element is visible) for element [By.id: webhooks-name-new] on http://ucf2c-dcs-release-hub1.opcdeveloper.oracleinternalucf2c.oraclecorp.com/qa-dev/#projects/qa-dev_test-shared-project1-1460525673052/webhook/new?id=14307.
2016-04-12 23:16:11,667 DEBUG [oracle.clouddev.test.selenium.components.AssertElement] Check condition (element is visible) for element [By.xpath: ./input[contains(@class, &apos;oj-inputtext-input&apos;)] under [By.id: webhooks-name-new]] on http://ucf2c-dcs-release-hub1.opcdeveloper.oracleinternalucf2c.oraclecorp.com/qa-dev/#projects/qa-dev_test-shared-project1-1460525673052/webhook/new?id=14307.
2016-04-12 23:16:11,699 DEBUG [oracle.clouddev.test.selenium.components.AssertElement] Check condition (NOT (element is readonly)) for element [By.xpath: ./input[contains(@class, &apos;oj-inputtext-input&apos;)] under [By.id: webhooks-name-new]] on http://ucf2c-dcs-release-hub1.opcdeveloper.oracleinternalucf2c.oraclecorp.com/qa-dev/#projects/qa-dev_test-shared-project1-1460525673052/webhook/new?id=14307.
2016-04-12 23:16:11,724 DEBUG [oracle.clouddev.test.selenium.components.AssertElement] Check condition (element is visible) for element [By.xpath: ./input[contains(@class, &apos;oj-inputtext-input&apos;)] under [By.id: webhooks-name-new]] on http://ucf2c-dcs-release-hub1.opcdeveloper.oracleinternalucf2c.oraclecorp.com/qa-dev/#projects/qa-dev_test-shared-project1-1460525673052/webhook/new?id=14307.
2016-04-12 23:16:12,147 DEBUG [oracle.clouddev.test.selenium.components.AssertElement] Check condition (element is visible) for element [By.id: webhooks-name-new] on http://ucf2c-dcs-release-hub1.opcdeveloper.oracleinternalucf2c.oraclecorp.com/qa-dev/#projects/qa-dev_test-shared-project1-1460525673052/webhook/new?id=14307.
2016-04-12 23:16:12,201 DEBUG [oracle.clouddev.test.selenium.components.AssertElement] Check condition (ojInputText value is webhook-hipchat-4) for element [By.xpath: ./input[contains(@class, &apos;oj-inputtext-input&apos;)] under [By.id: webhooks-name-new]] on http://ucf2c-dcs-release-hub1.opcdeveloper.oracleinternalucf2c.oraclecorp.com/qa-dev/#projects/qa-dev_test-shared-project1-1460525673052/webhook/new?id=14307.
2016-04-12 23:16:12,233 DEBUG [oracle.clouddev.test.selenium.components.AssertElement] Check condition (element is visible) for element [By.xpath: .//input[@id=&apos;webhooks-active-new&apos;]] on http://ucf2c-dcs-release-hub1.opcdeveloper.oracleinternalucf2c.oraclecorp.com/qa-dev/#projects/qa-dev_test-shared-project1-1460525673052/webhook/new?id=14307.
2016-04-12 23:16:12,362 DEBUG [oracle.clouddev.test.selenium.components.AssertElement] Check condition (element is enabled) for element [By.xpath: .//input[@id=&apos;webhooks-active-new&apos;]] on http://ucf2c-dcs-release-hub1.opcdeveloper.oracleinternalucf2c.oraclecorp.com/qa-dev/#projects/qa-dev_test-shared-project1-1460525673052/webhook/new?id=14307.
2016-04-12 23:16:12,490 DEBUG [oracle.clouddev.test.selenium.components.AssertElement] Check condition (checkbox is checked) for element [By.xpath: .//input[@id=&apos;webhooks-active-new&apos;]] on http://ucf2c-dcs-release-hub1.opcdeveloper.oracleinternalucf2c.oraclecorp.com/qa-dev/#projects/qa-dev_test-shared-project1-1460525673052/webhook/new?id=14307.
2016-04-12 23:16:12,538 DEBUG [oracle.clouddev.test.selenium.components.AssertElement] Check condition (element is visible) for element [By.id: webhooks-hipchat-target-url-new] on http://ucf2c-dcs-release-hub1.opcdeveloper.oracleinternalucf2c.oraclecorp.com/qa-dev/#projects/qa-dev_test-shared-project1-1460525673052/webhook/new?id=14307.
2016-04-12 23:16:12,638 DEBUG [oracle.clouddev.test.selenium.components.AssertElement] Check condition (element is enabled) for element [By.id: webhooks-hipchat-target-url-new] on http://ucf2c-dcs-release-hub1.opcdeveloper.oracleinternalucf2c.oraclecorp.com/qa-dev/#projects/qa-dev_test-shared-project1-1460525673052/webhook/new?id=14307.
2016-04-12 23:16:12,696 DEBUG [oracle.clouddev.test.selenium.components.AssertElement] Check condition (element exists) for element [By.xpath: ./input[contains(@class, &apos;oj-inputtext-input&apos;)] under [By.id: webhooks-hipchat-target-url-new]] on http://ucf2c-dcs-release-hub1.opcdeveloper.oracleinternalucf2c.oraclecorp.com/qa-dev/#projects/qa-dev_test-shared-project1-1460525673052/webhook/new?id=14307.
2016-04-12 23:16:12,755 DEBUG [oracle.clouddev.test.selenium.components.AssertElement] Check condition (element is visible) for element [By.id: webhooks-hipchat-target-url-new] on http://ucf2c-dcs-release-hub1.opcdeveloper.oracleinternalucf2c.oraclecorp.com/qa-dev/#projects/qa-dev_test-shared-project1-1460525673052/webhook/new?id=14307.
2016-04-12 23:16:12,781 DEBUG [oracle.clouddev.test.selenium.components.AssertElement] Check condition (element is visible) for element [By.xpath: ./input[contains(@class, &apos;oj-inputtext-input&apos;)] under [By.id: webhooks-hipchat-target-url-new]] on http://ucf2c-dcs-release-hub1.opcdeveloper.oracleinternalucf2c.oraclecorp.com/qa-dev/#projects/qa-dev_test-shared-project1-1460525673052/webhook/new?id=14307.
2016-04-12 23:16:12,904 DEBUG [oracle.clouddev.test.selenium.components.AssertElement] Check condition (NOT (element is readonly)) for element [By.xpath: ./input[contains(@class, &apos;oj-inputtext-input&apos;)] under [By.id: webhooks-hipchat-target-url-new]] on http://ucf2c-dcs-release-hub1.opcdeveloper.oracleinternalucf2c.oraclecorp.com/qa-dev/#projects/qa-dev_test-shared-project1-1460525673052/webhook/new?id=14307.
2016-04-12 23:16:12,997 DEBUG [oracle.clouddev.test.selenium.components.AssertElement] Check condition (element is visible) for element [By.xpath: ./input[contains(@class, &apos;oj-inputtext-input&apos;)] under [By.id: webhooks-hipchat-target-url-new]] on http://ucf2c-dcs-release-hub1.opcdeveloper.oracleinternalucf2c.oraclecorp.com/qa-dev/#projects/qa-dev_test-shared-project1-1460525673052/webhook/new?id=14307.
2016-04-12 23:16:13,919 DEBUG [oracle.clouddev.test.selenium.components.AssertElement] Check condition (element is visible) for element [By.id: webhooks-hipchat-room-id-new] on http://ucf2c-dcs-release-hub1.opcdeveloper.oracleinternalucf2c.oraclecorp.com/qa-dev/#projects/qa-dev_test-shared-project1-1460525673052/webhook/new?id=14307.
2016-04-12 23:16:13,962 DEBUG [oracle.clouddev.test.selenium.components.AssertElement] Check condition (element is enabled) for element [By.id: webhooks-hipchat-room-id-new] on http://ucf2c-dcs-release-hub1.opcdeveloper.oracleinternalucf2c.oraclecorp.com/qa-dev/#projects/qa-dev_test-shared-project1-1460525673052/webhook/new?id=14307.
2016-04-12 23:16:14,016 DEBUG [oracle.clouddev.test.selenium.components.AssertElement] Check condition (element exists) for element [By.xpath: ./input[contains(@class, &apos;oj-inputtext-input&apos;)] under [By.id: webhooks-hipchat-room-id-new]] on http://ucf2c-dcs-release-hub1.opcdeveloper.oracleinternalucf2c.oraclecorp.com/qa-dev/#projects/qa-dev_test-shared-project1-1460525673052/webhook/new?id=14307.
2016-04-12 23:16:14,036 DEBUG [oracle.clouddev.test.selenium.components.AssertElement] Check condition (element is visible) for element [By.id: webhooks-hipchat-room-id-new] on http://ucf2c-dcs-release-hub1.opcdeveloper.oracleinternalucf2c.oraclecorp.com/qa-dev/#projects/qa-dev_test-shared-project1-1460525673052/webhook/new?id=14307.
2016-04-12 23:16:14,058 DEBUG [oracle.clouddev.test.selenium.components.AssertElement] Check condition (element is visible) for element [By.xpath: ./input[contains(@class, &apos;oj-inputtext-input&apos;)] under [By.id: webhooks-hipchat-room-id-new]] on http://ucf2c-dcs-release-hub1.opcdeveloper.oracleinternalucf2c.oraclecorp.com/qa-dev/#projects/qa-dev_test-shared-project1-1460525673052/webhook/new?id=14307.
2016-04-12 23:16:14,086 DEBUG [oracle.clouddev.test.selenium.components.AssertElement] Check condition (NOT (element is readonly)) for element [By.xpath: ./input[contains(@class, &apos;oj-inputtext-input&apos;)] under [By.id: webhooks-hipchat-room-id-new]] on http://ucf2c-dcs-release-hub1.opcdeveloper.oracleinternalucf2c.oraclecorp.com/qa-dev/#projects/qa-dev_test-shared-project1-1460525673052/webhook/new?id=14307.
2016-04-12 23:16:14,110 DEBUG [oracle.clouddev.test.selenium.components.AssertElement] Check condition (element is visible) for element [By.xpath: ./input[contains(@class, &apos;oj-inputtext-input&apos;)] under [By.id: webhooks-hipchat-room-id-new]] on http://ucf2c-dcs-release-hub1.opcdeveloper.oracleinternalucf2c.oraclecorp.com/qa-dev/#projects/qa-dev_test-shared-project1-1460525673052/webhook/new?id=14307.
2016-04-12 23:16:14,448 DEBUG [oracle.clouddev.test.selenium.components.AssertElement] Check condition (element is visible) for element [By.id: webhooks-hipchat-auth-token-new] on http://ucf2c-dcs-release-hub1.opcdeveloper.oracleinternalucf2c.oraclecorp.com/qa-dev/#projects/qa-dev_test-shared-project1-1460525673052/webhook/new?id=14307.
2016-04-12 23:16:14,505 DEBUG [oracle.clouddev.test.selenium.components.AssertElement] Check condition (element is enabled) for element [By.id: webhooks-hipchat-auth-token-new] on http://ucf2c-dcs-release-hub1.opcdeveloper.oracleinternalucf2c.oraclecorp.com/qa-dev/#projects/qa-dev_test-shared-project1-1460525673052/webhook/new?id=14307.
2016-04-12 23:16:14,538 DEBUG [oracle.clouddev.test.selenium.components.AssertElement] Check condition (element exists) for element [By.xpath: ./input[contains(@class, &apos;oj-inputpassword-input&apos;)] under [By.id: webhooks-hipchat-auth-token-new]] on http://ucf2c-dcs-release-hub1.opcdeveloper.oracleinternalucf2c.oraclecorp.com/qa-dev/#projects/qa-dev_test-shared-project1-1460525673052/webhook/new?id=14307.
2016-04-12 23:16:14,559 DEBUG [oracle.clouddev.test.selenium.components.AssertElement] Check condition (element is visible) for element [By.id: webhooks-hipchat-auth-token-new] on http://ucf2c-dcs-release-hub1.opcdeveloper.oracleinternalucf2c.oraclecorp.com/qa-dev/#projects/qa-dev_test-shared-project1-1460525673052/webhook/new?id=14307.
2016-04-12 23:16:14,580 DEBUG [oracle.clouddev.test.selenium.components.AssertElement] Check condition (element is visible) for element [By.xpath: ./input[contains(@class, &apos;oj-inputpassword-input&apos;)] under [By.id: webhooks-hipchat-auth-token-new]] on http://ucf2c-dcs-release-hub1.opcdeveloper.oracleinternalucf2c.oraclecorp.com/qa-dev/#projects/qa-dev_test-shared-project1-1460525673052/webhook/new?id=14307.
2016-04-12 23:16:14,607 DEBUG [oracle.clouddev.test.selenium.components.AssertElement] Check condition (NOT (element is readonly)) for element [By.xpath: ./input[contains(@class, &apos;oj-inputpassword-input&apos;)] under [By.id: webhooks-hipchat-auth-token-new]] on http://ucf2c-dcs-release-hub1.opcdeveloper.oracleinternalucf2c.oraclecorp.com/qa-dev/#projects/qa-dev_test-shared-project1-1460525673052/webhook/new?id=14307.
2016-04-12 23:16:14,642 DEBUG [oracle.clouddev.test.selenium.components.AssertElement] Check condition (element is visible) for element [By.xpath: ./input[contains(@class, &apos;oj-inputpassword-input&apos;)] under [By.id: webhooks-hipchat-auth-token-new]] on http://ucf2c-dcs-release-hub1.opcdeveloper.oracleinternalucf2c.oraclecorp.com/qa-dev/#projects/qa-dev_test-shared-project1-1460525673052/webhook/new?id=14307.
2016-04-12 23:16:15,024 DEBUG [oracle.clouddev.test.selenium.components.AssertElement] Check condition (element is visible) for element [By.id: webhooks-hipchat-events-new-original] on http://ucf2c-dcs-release-hub1.opcdeveloper.oracleinternalucf2c.oraclecorp.com/qa-dev/#projects/qa-dev_test-shared-project1-1460525673052/webhook/new?id=14307.
2016-04-12 23:16:15,064 DEBUG [oracle.clouddev.test.selenium.components.AssertElement] Check condition (element is enabled) for element [By.id: webhooks-hipchat-events-new-original] on http://ucf2c-dcs-release-hub1.opcdeveloper.oracleinternalucf2c.oraclecorp.com/qa-dev/#projects/qa-dev_test-shared-project1-1460525673052/webhook/new?id=14307.
2016-04-12 23:16:15,191 DEBUG [oracle.clouddev.test.selenium.components.AssertElement] Check condition (NOT (element exists)) for element [By.id: webhooks-hipchat-events-list-new] on http://ucf2c-dcs-release-hub1.opcdeveloper.oracleinternalucf2c.oraclecorp.com/qa-dev/#projects/qa-dev_test-shared-project1-1460525673052/webhook/new?id=14307.
2016-04-12 23:16:16,276 DEBUG [oracle.clouddev.test.selenium.components.AssertElement] Check condition (element is visible) for element [input#webhooks-hipchat-events-new-group-select under [By.id: webhooks-hipchat-events-new-original]] on http://ucf2c-dcs-release-hub1.opcdeveloper.oracleinternalucf2c.oraclecorp.com/qa-dev/#projects/qa-dev_test-shared-project1-1460525673052/webhook/new?id=14307.
2016-04-12 23:16:16,324 DEBUG [oracle.clouddev.test.selenium.components.AssertElement] Check condition (element is enabled) for element [input#webhooks-hipchat-events-new-group-select under [By.id: webhooks-hipchat-events-new-original]] on http://ucf2c-dcs-release-hub1.opcdeveloper.oracleinternalucf2c.oraclecorp.com/qa-dev/#projects/qa-dev_test-shared-project1-1460525673052/webhook/new?id=14307.
2016-04-12 23:16:16,379 DEBUG [oracle.clouddev.test.selenium.components.AssertElement] Check condition (element is visible) for element [input#webhooks-hipchat-events-new-group-select under [By.id: webhooks-hipchat-events-new-original]] on http://ucf2c-dcs-release-hub1.opcdeveloper.oracleinternalucf2c.oraclecorp.com/qa-dev/#projects/qa-dev_test-shared-project1-1460525673052/webhook/new?id=14307.
2016-04-12 23:16:16,908 DEBUG [oracle.clouddev.test.selenium.components.AssertElement] Check condition (element has style class &apos;choice-row-indent-1&apos;) for element [By.xpath: .. under [input#webhooks-hipchat-events-list-new-item-build under [By.id: webhooks-hipchat-events-list-new]]] on http://ucf2c-dcs-release-hub1.opcdeveloper.oracleinternalucf2c.oraclecorp.com/qa-dev/#projects/qa-dev_test-shared-project1-1460525673052/webhook/new?id=14307 without wait.
2016-04-12 23:16:16,979 DEBUG [oracle.clouddev.test.selenium.components.AssertElement] Check condition (element is visible) for element [input#webhooks-hipchat-events-list-new-item-build under [By.id: webhooks-hipchat-events-list-new]] on http://ucf2c-dcs-release-hub1.opcdeveloper.oracleinternalucf2c.oraclecorp.com/qa-dev/#projects/qa-dev_test-shared-project1-1460525673052/webhook/new?id=14307.
2016-04-12 23:16:17,243 DEBUG [oracle.clouddev.test.selenium.components.AssertElement] Check condition (element has style class &apos;choice-row-indent-1&apos;) for element [By.xpath: .. under [input#webhooks-hipchat-events-list-new-item-build_failed under [By.id: webhooks-hipchat-events-list-new]]] on http://ucf2c-dcs-release-hub1.opcdeveloper.oracleinternalucf2c.oraclecorp.com/qa-dev/#projects/qa-dev_test-shared-project1-1460525673052/webhook/new?id=14307 without wait.
2016-04-12 23:16:17,371 DEBUG [oracle.clouddev.test.selenium.components.AssertElement] Check condition (element has style class &apos;choice-row-indent-1&apos;) for element [By.xpath: .. under [input#webhooks-hipchat-events-list-new-item-deployment under [By.id: webhooks-hipchat-events-list-new]]] on http://ucf2c-dcs-release-hub1.opcdeveloper.oracleinternalucf2c.oraclecorp.com/qa-dev/#projects/qa-dev_test-shared-project1-1460525673052/webhook/new?id=14307 without wait.
2016-04-12 23:16:17,434 DEBUG [oracle.clouddev.test.selenium.components.AssertElement] Check condition (element is visible) for element [input#webhooks-hipchat-events-list-new-item-deployment under [By.id: webhooks-hipchat-events-list-new]] on http://ucf2c-dcs-release-hub1.opcdeveloper.oracleinternalucf2c.oraclecorp.com/qa-dev/#projects/qa-dev_test-shared-project1-1460525673052/webhook/new?id=14307.
2016-04-12 23:16:17,766 DEBUG [oracle.clouddev.test.selenium.components.AssertElement] Check condition (element has style class &apos;choice-row-indent-1&apos;) for element [By.xpath: .. under [input#webhooks-hipchat-events-list-new-item-member under [By.id: webhooks-hipchat-events-list-new]]] on http://ucf2c-dcs-release-hub1.opcdeveloper.oracleinternalucf2c.oraclecorp.com/qa-dev/#projects/qa-dev_test-shared-project1-1460525673052/webhook/new?id=14307 without wait.
2016-04-12 23:16:17,848 DEBUG [oracle.clouddev.test.selenium.components.AssertElement] Check condition (element is visible) for element [input#webhooks-hipchat-events-list-new-item-member under [By.id: webhooks-hipchat-events-list-new]] on http://ucf2c-dcs-release-hub1.opcdeveloper.oracleinternalucf2c.oraclecorp.com/qa-dev/#projects/qa-dev_test-shared-project1-1460525673052/webhook/new?id=14307.
2016-04-12 23:16:18,116 DEBUG [oracle.clouddev.test.selenium.components.AssertElement] Check condition (element has style class &apos;choice-row-indent-1&apos;) for element [By.xpath: .. under [input#webhooks-hipchat-events-list-new-item-review under [By.id: webhooks-hipchat-events-list-new]]] on http://ucf2c-dcs-release-hub1.opcdeveloper.oracleinternalucf2c.oraclecorp.com/qa-dev/#projects/qa-dev_test-shared-project1-1460525673052/webhook/new?id=14307 without wait.
2016-04-12 23:16:18,170 DEBUG [oracle.clouddev.test.selenium.components.AssertElement] Check condition (element is visible) for element [input#webhooks-hipchat-events-list-new-item-review under [By.id: webhooks-hipchat-events-list-new]] on http://ucf2c-dcs-release-hub1.opcdeveloper.oracleinternalucf2c.oraclecorp.com/qa-dev/#projects/qa-dev_test-shared-project1-1460525673052/webhook/new?id=14307.
2016-04-12 23:16:18,322 DEBUG [oracle.clouddev.test.selenium.components.AssertElement] Check condition (element has style class &apos;choice-row-indent-1&apos;) for element [By.xpath: .. under [input#webhooks-hipchat-events-list-new-item-scm_push under [By.id: webhooks-hipchat-events-list-new]]] on http://ucf2c-dcs-release-hub1.opcdeveloper.oracleinternalucf2c.oraclecorp.com/qa-dev/#projects/qa-dev_test-shared-project1-1460525673052/webhook/new?id=14307 without wait.
2016-04-12 23:16:18,381 DEBUG [oracle.clouddev.test.selenium.components.AssertElement] Check condition (element is visible) for element [input#webhooks-hipchat-events-list-new-item-scm_push under [By.id: webhooks-hipchat-events-list-new]] on http://ucf2c-dcs-release-hub1.opcdeveloper.oracleinternalucf2c.oraclecorp.com/qa-dev/#projects/qa-dev_test-shared-project1-1460525673052/webhook/new?id=14307.
2016-04-12 23:16:18,702 DEBUG [oracle.clouddev.test.selenium.components.AssertElement] Check condition (element has style class &apos;choice-row-indent-1&apos;) for element [By.xpath: .. under [input#webhooks-hipchat-events-list-new-item-scm_repo under [By.id: webhooks-hipchat-events-list-new]]] on http://ucf2c-dcs-release-hub1.opcdeveloper.oracleinternalucf2c.oraclecorp.com/qa-dev/#projects/qa-dev_test-shared-project1-1460525673052/webhook/new?id=14307 without wait.
2016-04-12 23:16:18,745 DEBUG [oracle.clouddev.test.selenium.components.AssertElement] Check condition (element is visible) for element [input#webhooks-hipchat-events-list-new-item-scm_repo under [By.id: webhooks-hipchat-events-list-new]] on http://ucf2c-dcs-release-hub1.opcdeveloper.oracleinternalucf2c.oraclecorp.com/qa-dev/#projects/qa-dev_test-shared-project1-1460525673052/webhook/new?id=14307.
2016-04-12 23:16:18,993 DEBUG [oracle.clouddev.test.selenium.components.AssertElement] Check condition (element has style class &apos;choice-row-indent-1&apos;) for element [By.xpath: .. under [input#webhooks-hipchat-events-list-new-item-task under [By.id: webhooks-hipchat-events-list-new]]] on http://ucf2c-dcs-release-hub1.opcdeveloper.oracleinternalucf2c.oraclecorp.com/qa-dev/#projects/qa-dev_test-shared-project1-1460525673052/webhook/new?id=14307 without wait.
2016-04-12 23:16:19,041 DEBUG [oracle.clouddev.test.selenium.components.AssertElement] Check condition (element is visible) for element [input#webhooks-hipchat-events-list-new-item-task under [By.id: webhooks-hipchat-events-list-new]] on http://ucf2c-dcs-release-hub1.opcdeveloper.oracleinternalucf2c.oraclecorp.com/qa-dev/#projects/qa-dev_test-shared-project1-1460525673052/webhook/new?id=14307.
2016-04-12 23:16:19,368 DEBUG [oracle.clouddev.test.selenium.components.AssertElement] Check condition (element has style class &apos;choice-row-indent-1&apos;) for element [By.xpath: .. under [input#webhooks-hipchat-events-list-new-item-wiki under [By.id: webhooks-hipchat-events-list-new]]] on http://ucf2c-dcs-release-hub1.opcdeveloper.oracleinternalucf2c.oraclecorp.com/qa-dev/#projects/qa-dev_test-shared-project1-1460525673052/webhook/new?id=14307 without wait.
2016-04-12 23:16:19,569 DEBUG [oracle.clouddev.test.selenium.components.AssertElement] Check condition (element is visible) for element [input#webhooks-hipchat-events-list-new-item-wiki under [By.id: webhooks-hipchat-events-list-new]] on http://ucf2c-dcs-release-hub1.opcdeveloper.oracleinternalucf2c.oraclecorp.com/qa-dev/#projects/qa-dev_test-shared-project1-1460525673052/webhook/new?id=14307.
2016-04-12 23:16:20,046 DEBUG [oracle.clouddev.test.selenium.components.AssertElement] Check condition (element is visible) for element [By.xpath: .//*[(self::button or self::a or self::input) and @id=&apos;webhook-button-save&apos;]] on http://ucf2c-dcs-release-hub1.opcdeveloper.oracleinternalucf2c.oraclecorp.com/qa-dev/#projects/qa-dev_test-shared-project1-1460525673052/webhook/new?id=14307.
2016-04-12 23:16:20,244 DEBUG [oracle.clouddev.test.selenium.components.AssertElement] Check condition (element has style class &apos;oj-enabled&apos;) for element [By.xpath: .//*[(self::button or self::a or self::input) and @id=&apos;webhook-button-save&apos;]] on http://ucf2c-dcs-release-hub1.opcdeveloper.oracleinternalucf2c.oraclecorp.com/qa-dev/#projects/qa-dev_test-shared-project1-1460525673052/webhook/new?id=14307.
2016-04-12 23:16:20,929 DEBUG [oracle.clouddev.test.selenium.components.AssertElement] Check condition (NOT (element exists)) for element [By.id: webhook-type-new] on http://ucf2c-dcs-release-hub1.opcdeveloper.oracleinternalucf2c.oraclecorp.com/qa-dev/#projects/qa-dev_test-shared-project1-1460525673052/admin/webhooks?id=14308.
2016-04-12 23:16:22,028 DEBUG [oracle.clouddev.test.selenium.components.AssertElement] Check condition (element is visible) for element [By.xpath: .//ul[@id=&apos;webhook-list-content&apos;]] on http://ucf2c-dcs-release-hub1.opcdeveloper.oracleinternalucf2c.oraclecorp.com/qa-dev/#projects/qa-dev_test-shared-project1-1460525673052/admin/webhooks?id=14308.
2016-04-12 23:16:22,126 DEBUG [oracle.clouddev.test.selenium.components.AssertElement] Check condition (element is visible) for element [input# under [By.xpath: .//ul[@id=&apos;webhook-list-content&apos;]]] on http://ucf2c-dcs-release-hub1.opcdeveloper.oracleinternalucf2c.oraclecorp.com/qa-dev/#projects/qa-dev_test-shared-project1-1460525673052/admin/webhooks?id=14308.
2016-04-12 23:16:22,200 DEBUG [oracle.clouddev.test.selenium.components.AssertElement] Check condition (element is readonly) for element [input# under [By.xpath: .//ul[@id=&apos;webhook-list-content&apos;]]] on http://ucf2c-dcs-release-hub1.opcdeveloper.oracleinternalucf2c.oraclecorp.com/qa-dev/#projects/qa-dev_test-shared-project1-1460525673052/admin/webhooks?id=14308.
2016-04-12 23:16:22,257 DEBUG [oracle.clouddev.test.selenium.components.AssertElement] Check condition (element is visible) for element [input# under [By.xpath: .//ul[@id=&apos;webhook-list-content&apos;]]] on http://ucf2c-dcs-release-hub1.opcdeveloper.oracleinternalucf2c.oraclecorp.com/qa-dev/#projects/qa-dev_test-shared-project1-1460525673052/admin/webhooks?id=14308.
2016-04-12 23:16:22,830 DEBUG [oracle.clouddev.test.selenium.components.AssertElement] Check condition (element is visible) for element [By.xpath: .//div[contains(@class, &apos;webhook-header&apos;)] under [By.xpath: .//li[contains(@class, &apos;webhook-selected&apos;) and contains(@class, &apos;webhook-list-item&apos;)] under [By.xpath: .//ul[@id=&apos;webhook-list-content&apos;]]]] on http://ucf2c-dcs-release-hub1.opcdeveloper.oracleinternalucf2c.oraclecorp.com/qa-dev/#projects/qa-dev_test-shared-project1-1460525673052/admin/webhooks?id=14308.
2016-04-12 23:16:22,867 DEBUG [oracle.clouddev.test.selenium.components.AssertElement] Check condition (ojInputText value is webhook-dcs-0) for element [By.xpath: ./input[contains(@class, &apos;oj-inputtext-input&apos;)] under [By.xpath: .//div[contains(@class, &apos;webhook-header&apos;)] under [By.xpath: .//li[contains(@class, &apos;webhook-selected&apos;) and contains(@class, &apos;webhook-list-item&apos;)] under [By.xpath: .//ul[@id=&apos;webhook-list-content&apos;]]]]] on http://ucf2c-dcs-release-hub1.opcdeveloper.oracleinternalucf2c.oraclecorp.com/qa-dev/#projects/qa-dev_test-shared-project1-1460525673052/admin/webhooks?id=14308.
2016-04-12 23:16:22,929 DEBUG [oracle.clouddev.test.selenium.components.AssertElement] Check condition (element is visible) for element [By.xpath: .//div[contains(@class, &apos;status-icon&apos;)] under [By.xpath: .//li[contains(@class, &apos;webhook-selected&apos;) and contains(@class, &apos;webhook-list-item&apos;)] under [By.xpath: .//ul[@id=&apos;webhook-list-content&apos;]]]] on http://ucf2c-dcs-release-hub1.opcdeveloper.oracleinternalucf2c.oraclecorp.com/qa-dev/#projects/qa-dev_test-shared-project1-1460525673052/admin/webhooks?id=14308.
2016-04-12 23:16:22,965 DEBUG [oracle.clouddev.test.selenium.components.AssertElement] Check condition (NOT ((element has style class &apos;success-status&apos; OR element has style class &apos;fail-status&apos;))) for element [By.xpath: .//div[contains(@class, &apos;status-icon&apos;)] under [By.xpath: .//li[contains(@class, &apos;webhook-selected&apos;) and contains(@class, &apos;webhook-list-item&apos;)] under [By.xpath: .//ul[@id=&apos;webhook-list-content&apos;]]]] on http://ucf2c-dcs-release-hub1.opcdeveloper.oracleinternalucf2c.oraclecorp.com/qa-dev/#projects/qa-dev_test-shared-project1-1460525673052/admin/webhooks?id=14308.
2016-04-12 23:16:23,074 DEBUG [oracle.clouddev.test.selenium.components.AssertElement] Check condition (element is visible) for element [By.xpath: .//*[(self::button or self::a or self::input) and @id=&apos;webhooks-logs-test&apos;]] on http://ucf2c-dcs-release-hub1.opcdeveloper.oracleinternalucf2c.oraclecorp.com/qa-dev/#projects/qa-dev_test-shared-project1-1460525673052/admin/webhooks?id=14308.
2016-04-12 23:16:23,120 DEBUG [oracle.clouddev.test.selenium.components.AssertElement] Check condition (element has style class &apos;oj-enabled&apos;) for element [By.xpath: .//*[(self::button or self::a or self::input) and @id=&apos;webhooks-logs-test&apos;]] on http://ucf2c-dcs-release-hub1.opcdeveloper.oracleinternalucf2c.oraclecorp.com/qa-dev/#projects/qa-dev_test-shared-project1-1460525673052/admin/webhooks?id=14308.
2016-04-12 23:16:23,162 DEBUG [oracle.clouddev.test.selenium.components.AssertElement] Check condition (element is visible) for element [By.xpath: .//*[(self::button or self::a or self::input) and @id=&apos;webhooks-logs-test&apos;]] on http://ucf2c-dcs-release-hub1.opcdeveloper.oracleinternalucf2c.oraclecorp.com/qa-dev/#projects/qa-dev_test-shared-project1-1460525673052/admin/webhooks?id=14308.
2016-04-12 23:16:23,208 DEBUG [oracle.clouddev.test.selenium.components.AssertElement] Check condition (element has style class &apos;oj-enabled&apos;) for element [By.xpath: .//*[(self::button or self::a or self::input) and @id=&apos;webhooks-logs-test&apos;]] on http://ucf2c-dcs-release-hub1.opcdeveloper.oracleinternalucf2c.oraclecorp.com/qa-dev/#projects/qa-dev_test-shared-project1-1460525673052/admin/webhooks?id=14308.
2016-04-12 23:16:23,440 DEBUG [oracle.clouddev.test.selenium.components.AssertElement] Check condition (element is visible) for element [By.xpath: .//div[contains(@class, &apos;webhooks-content&apos;)]] on http://ucf2c-dcs-release-hub1.opcdeveloper.oracleinternalucf2c.oraclecorp.com/qa-dev/#projects/qa-dev_test-shared-project1-1460525673052/admin/webhooks?id=14308.
2016-04-12 23:16:24,095 DEBUG [oracle.clouddev.test.selenium.components.AssertElement] Check condition (element is enabled) for element [By.xpath: .//div[contains(@class, &apos;webhooks-content&apos;)]] on http://ucf2c-dcs-release-hub1.opcdeveloper.oracleinternalucf2c.oraclecorp.com/qa-dev/#projects/qa-dev_test-shared-project1-1460525673052/admin/webhooks?id=14308.
2016-04-12 23:16:24,142 DEBUG [oracle.clouddev.test.selenium.components.AssertElement] Check condition (element is visible) for element [By.xpath: .//div[contains(@class, &apos;webhooks-name&apos;)] under [By.xpath: .//div[contains(@class, &apos;webhooks-content&apos;)]]] on http://ucf2c-dcs-release-hub1.opcdeveloper.oracleinternalucf2c.oraclecorp.com/qa-dev/#projects/qa-dev_test-shared-project1-1460525673052/admin/webhooks?id=14308.
2016-04-12 23:16:24,198 DEBUG [oracle.clouddev.test.selenium.components.AssertElement] Check condition (element is enabled) for element [By.xpath: .//div[contains(@class, &apos;webhooks-name&apos;)] under [By.xpath: .//div[contains(@class, &apos;webhooks-content&apos;)]]] on http://ucf2c-dcs-release-hub1.opcdeveloper.oracleinternalucf2c.oraclecorp.com/qa-dev/#projects/qa-dev_test-shared-project1-1460525673052/admin/webhooks?id=14308.
2016-04-12 23:16:24,268 DEBUG [oracle.clouddev.test.selenium.components.AssertElement] Check condition (element exists) for element [By.xpath: ./input[contains(@class, &apos;oj-inputtext-input&apos;)] under [By.xpath: .//div[contains(@class, &apos;webhooks-name&apos;)] under [By.xpath: .//div[contains(@class, &apos;webhooks-content&apos;)]]]] on http://ucf2c-dcs-release-hub1.opcdeveloper.oracleinternalucf2c.oraclecorp.com/qa-dev/#projects/qa-dev_test-shared-project1-1460525673052/admin/webhooks?id=14308.
2016-04-12 23:16:24,323 DEBUG [oracle.clouddev.test.selenium.components.AssertElement] Check condition (element is visible) for element [By.xpath: .//div[contains(@class, &apos;webhooks-name&apos;)] under [By.xpath: .//div[contains(@class, &apos;webhooks-content&apos;)]]] on http://ucf2c-dcs-release-hub1.opcdeveloper.oracleinternalucf2c.oraclecorp.com/qa-dev/#projects/qa-dev_test-shared-project1-1460525673052/admin/webhooks?id=14308.
2016-04-12 23:16:24,372 DEBUG [oracle.clouddev.test.selenium.components.AssertElement] Check condition (ojInputText value is webhook-dcs-0) for element [By.xpath: ./input[contains(@class, &apos;oj-inputtext-input&apos;)] under [By.xpath: .//div[contains(@class, &apos;webhooks-name&apos;)] under [By.xpath: .//div[contains(@class, &apos;webhooks-content&apos;)]]]] on http://ucf2c-dcs-release-hub1.opcdeveloper.oracleinternalucf2c.oraclecorp.com/qa-dev/#projects/qa-dev_test-shared-project1-1460525673052/admin/webhooks?id=14308.
2016-04-12 23:16:24,404 DEBUG [oracle.clouddev.test.selenium.components.AssertElement] Check condition (element is visible) for element [By.xpath: .//div[contains(@class, &apos;webhooks-name&apos;)] under [By.xpath: .//div[contains(@class, &apos;webhooks-content&apos;)]]] on http://ucf2c-dcs-release-hub1.opcdeveloper.oracleinternalucf2c.oraclecorp.com/qa-dev/#projects/qa-dev_test-shared-project1-1460525673052/admin/webhooks?id=14308.
2016-04-12 23:16:24,434 DEBUG [oracle.clouddev.test.selenium.components.AssertElement] Check condition (element is visible) for element [By.xpath: ./input[contains(@class, &apos;oj-inputtext-input&apos;)] under [By.xpath: .//div[contains(@class, &apos;webhooks-name&apos;)] under [By.xpath: .//div[contains(@class, &apos;webhooks-content&apos;)]]]] on http://ucf2c-dcs-release-hub1.opcdeveloper.oracleinternalucf2c.oraclecorp.com/qa-dev/#projects/qa-dev_test-shared-project1-1460525673052/admin/webhooks?id=14308.
2016-04-12 23:16:24,475 DEBUG [oracle.clouddev.test.selenium.components.AssertElement] Check condition (NOT (element is readonly)) for element [By.xpath: ./input[contains(@class, &apos;oj-inputtext-input&apos;)] under [By.xpath: .//div[contains(@class, &apos;webhooks-name&apos;)] under [By.xpath: .//div[contains(@class, &apos;webhooks-content&apos;)]]]] on http://ucf2c-dcs-release-hub1.opcdeveloper.oracleinternalucf2c.oraclecorp.com/qa-dev/#projects/qa-dev_test-shared-project1-1460525673052/admin/webhooks?id=14308.
2016-04-12 23:16:24,511 DEBUG [oracle.clouddev.test.selenium.components.AssertElement] Check condition (element is visible) for element [By.xpath: ./input[contains(@class, &apos;oj-inputtext-input&apos;)] under [By.xpath: .//div[contains(@class, &apos;webhooks-name&apos;)] under [By.xpath: .//div[contains(@class, &apos;webhooks-content&apos;)]]]] on http://ucf2c-dcs-release-hub1.opcdeveloper.oracleinternalucf2c.oraclecorp.com/qa-dev/#projects/qa-dev_test-shared-project1-1460525673052/admin/webhooks?id=14308.
2016-04-12 23:16:25,036 DEBUG [oracle.clouddev.test.selenium.components.AssertElement] Check condition (element is visible) for element [By.xpath: .//div[contains(@class, &apos;webhooks-name&apos;)] under [By.xpath: .//div[contains(@class, &apos;webhooks-content&apos;)]]] on http://ucf2c-dcs-release-hub1.opcdeveloper.oracleinternalucf2c.oraclecorp.com/qa-dev/#projects/qa-dev_test-shared-project1-1460525673052/admin/webhooks?id=14308.
2016-04-12 23:16:25,066 DEBUG [oracle.clouddev.test.selenium.components.AssertElement] Check condition (ojInputText value is webhook-dcs-0-changed) for element [By.xpath: ./input[contains(@class, &apos;oj-inputtext-input&apos;)] under [By.xpath: .//div[contains(@class, &apos;webhooks-name&apos;)] under [By.xpath: .//div[contains(@class, &apos;webhooks-content&apos;)]]]] on http://ucf2c-dcs-release-hub1.opcdeveloper.oracleinternalucf2c.oraclecorp.com/qa-dev/#projects/qa-dev_test-shared-project1-1460525673052/admin/webhooks?id=14308.
2016-04-12 23:16:25,098 DEBUG [oracle.clouddev.test.selenium.components.AssertElement] Check condition (element is visible) for element [By.xpath: .//input[contains(@class, &apos;webhooks-active&apos;)] under [By.xpath: .//div[contains(@class, &apos;webhooks-content&apos;)]]] on http://ucf2c-dcs-release-hub1.opcdeveloper.oracleinternalucf2c.oraclecorp.com/qa-dev/#projects/qa-dev_test-shared-project1-1460525673052/admin/webhooks?id=14308.
2016-04-12 23:16:25,129 DEBUG [oracle.clouddev.test.selenium.components.AssertElement] Check condition (element is enabled) for element [By.xpath: .//input[contains(@class, &apos;webhooks-active&apos;)] under [By.xpath: .//div[contains(@class, &apos;webhooks-content&apos;)]]] on http://ucf2c-dcs-release-hub1.opcdeveloper.oracleinternalucf2c.oraclecorp.com/qa-dev/#projects/qa-dev_test-shared-project1-1460525673052/admin/webhooks?id=14308.
2016-04-12 23:16:25,155 DEBUG [oracle.clouddev.test.selenium.components.AssertElement] Check condition (checkbox is checked) for element [By.xpath: .//input[contains(@class, &apos;webhooks-active&apos;)] under [By.xpath: .//div[contains(@class, &apos;webhooks-content&apos;)]]] on http://ucf2c-dcs-release-hub1.opcdeveloper.oracleinternalucf2c.oraclecorp.com/qa-dev/#projects/qa-dev_test-shared-project1-1460525673052/admin/webhooks?id=14308.
2016-04-12 23:16:25,189 DEBUG [oracle.clouddev.test.selenium.components.AssertElement] Check condition (element is visible) for element [By.xpath: .//input[contains(@class, &apos;webhooks-active&apos;)] under [By.xpath: .//div[contains(@class, &apos;webhooks-content&apos;)]]] on http://ucf2c-dcs-release-hub1.opcdeveloper.oracleinternalucf2c.oraclecorp.com/qa-dev/#projects/qa-dev_test-shared-project1-1460525673052/admin/webhooks?id=14308.
2016-04-12 23:16:25,391 DEBUG [oracle.clouddev.test.selenium.components.AssertElement] Check condition (NOT (checkbox is checked)) for element [By.xpath: .//input[contains(@class, &apos;webhooks-active&apos;)] under [By.xpath: .//div[contains(@class, &apos;webhooks-content&apos;)]]] on http://ucf2c-dcs-release-hub1.opcdeveloper.oracleinternalucf2c.oraclecorp.com/qa-dev/#projects/qa-dev_test-shared-project1-1460525673052/admin/webhooks?id=14308.
2016-04-12 23:16:25,422 DEBUG [oracle.clouddev.test.selenium.components.AssertElement] Check condition (element is visible) for element [By.xpath: .//div[contains(@class, &apos;webhooks-target-url&apos;)] under [By.xpath: .//div[contains(@class, &apos;webhooks-content&apos;)]]] on http://ucf2c-dcs-release-hub1.opcdeveloper.oracleinternalucf2c.oraclecorp.com/qa-dev/#projects/qa-dev_test-shared-project1-1460525673052/admin/webhooks?id=14308.
2016-04-12 23:16:25,453 DEBUG [oracle.clouddev.test.selenium.components.AssertElement] Check condition (element is enabled) for element [By.xpath: .//div[contains(@class, &apos;webhooks-target-url&apos;)] under [By.xpath: .//div[contains(@class, &apos;webhooks-content&apos;)]]] on http://ucf2c-dcs-release-hub1.opcdeveloper.oracleinternalucf2c.oraclecorp.com/qa-dev/#projects/qa-dev_test-shared-project1-1460525673052/admin/webhooks?id=14308.
2016-04-12 23:16:25,504 DEBUG [oracle.clouddev.test.selenium.components.AssertElement] Check condition (element exists) for element [By.xpath: ./input[contains(@class, &apos;oj-inputtext-input&apos;)] under [By.xpath: .//div[contains(@class, &apos;webhooks-target-url&apos;)] under [By.xpath: .//div[contains(@class, &apos;webhooks-content&apos;)]]]] on http://ucf2c-dcs-release-hub1.opcdeveloper.oracleinternalucf2c.oraclecorp.com/qa-dev/#projects/qa-dev_test-shared-project1-1460525673052/admin/webhooks?id=14308.
2016-04-12 23:16:25,543 DEBUG [oracle.clouddev.test.selenium.components.AssertElement] Check condition (element is visible) for element [By.xpath: .//div[contains(@class, &apos;webhooks-target-url&apos;)] under [By.xpath: .//div[contains(@class, &apos;webhooks-content&apos;)]]] on http://ucf2c-dcs-release-hub1.opcdeveloper.oracleinternalucf2c.oraclecorp.com/qa-dev/#projects/qa-dev_test-shared-project1-1460525673052/admin/webhooks?id=14308.
2016-04-12 23:16:25,636 DEBUG [oracle.clouddev.test.selenium.components.AssertElement] Check condition (element is visible) for element [By.xpath: ./input[contains(@class, &apos;oj-inputtext-input&apos;)] under [By.xpath: .//div[contains(@class, &apos;webhooks-target-url&apos;)] under [By.xpath: .//div[contains(@class, &apos;webhooks-content&apos;)]]]] on http://ucf2c-dcs-release-hub1.opcdeveloper.oracleinternalucf2c.oraclecorp.com/qa-dev/#projects/qa-dev_test-shared-project1-1460525673052/admin/webhooks?id=14308.
2016-04-12 23:16:25,703 DEBUG [oracle.clouddev.test.selenium.components.AssertElement] Check condition (element is visible) for element [By.xpath: .//div[contains(@class, &apos;webhooks-target-url&apos;)] under [By.xpath: .//div[contains(@class, &apos;webhooks-content&apos;)]]] on http://ucf2c-dcs-release-hub1.opcdeveloper.oracleinternalucf2c.oraclecorp.com/qa-dev/#projects/qa-dev_test-shared-project1-1460525673052/admin/webhooks?id=14308.
2016-04-12 23:16:25,734 DEBUG [oracle.clouddev.test.selenium.components.AssertElement] Check condition (element is visible) for element [By.xpath: ./input[contains(@class, &apos;oj-inputtext-input&apos;)] under [By.xpath: .//div[contains(@class, &apos;webhooks-target-url&apos;)] under [By.xpath: .//div[contains(@class, &apos;webhooks-content&apos;)]]]] on http://ucf2c-dcs-release-hub1.opcdeveloper.oracleinternalucf2c.oraclecorp.com/qa-dev/#projects/qa-dev_test-shared-project1-1460525673052/admin/webhooks?id=14308.
2016-04-12 23:16:25,772 DEBUG [oracle.clouddev.test.selenium.components.AssertElement] Check condition (NOT (element is readonly)) for element [By.xpath: ./input[contains(@class, &apos;oj-inputtext-input&apos;)] under [By.xpath: .//div[contains(@class, &apos;webhooks-target-url&apos;)] under [By.xpath: .//div[contains(@class, &apos;webhooks-content&apos;)]]]] on http://ucf2c-dcs-release-hub1.opcdeveloper.oracleinternalucf2c.oraclecorp.com/qa-dev/#projects/qa-dev_test-shared-project1-1460525673052/admin/webhooks?id=14308.
2016-04-12 23:16:25,810 DEBUG [oracle.clouddev.test.selenium.components.AssertElement] Check condition (element is visible) for element [By.xpath: ./input[contains(@class, &apos;oj-inputtext-input&apos;)] under [By.xpath: .//div[contains(@class, &apos;webhooks-target-url&apos;)] under [By.xpath: .//div[contains(@class, &apos;webhooks-content&apos;)]]]] on http://ucf2c-dcs-release-hub1.opcdeveloper.oracleinternalucf2c.oraclecorp.com/qa-dev/#projects/qa-dev_test-shared-project1-1460525673052/admin/webhooks?id=14308.
2016-04-12 23:16:26,390 DEBUG [oracle.clouddev.test.selenium.components.AssertElement] Check condition (element is visible) for element [By.xpath: .//div[contains(@class, &apos;webhooks-target-url&apos;)] under [By.xpath: .//div[contains(@class, &apos;webhooks-content&apos;)]]] on http://ucf2c-dcs-release-hub1.opcdeveloper.oracleinternalucf2c.oraclecorp.com/qa-dev/#projects/qa-dev_test-shared-project1-1460525673052/admin/webhooks?id=14308.
2016-04-12 23:16:26,622 DEBUG [oracle.clouddev.test.selenium.components.AssertElement] Check condition (ojInputText value is http://ucf2c-dcs-release-hub1.opcdeveloper.oracleinternalucf2c.oraclecorp.com/qa-dev/#projects/qa-dev_test-shared-project1-1460525673052/webhook/new-changed) for element [By.xpath: ./input[contains(@class, &apos;oj-inputtext-input&apos;)] under [By.xpath: .//div[contains(@class, &apos;webhooks-target-url&apos;)] under [By.xpath: .//div[contains(@class, &apos;webhooks-content&apos;)]]]] on http://ucf2c-dcs-release-hub1.opcdeveloper.oracleinternalucf2c.oraclecorp.com/qa-dev/#projects/qa-dev_test-shared-project1-1460525673052/admin/webhooks?id=14308.
2016-04-12 23:16:26,846 DEBUG [oracle.clouddev.test.selenium.components.AssertElement] Check condition (element is visible) for element [By.xpath: .//div[contains(@class, &apos;webhooks-secret&apos;)] under [By.xpath: .//div[contains(@class, &apos;webhooks-content&apos;)]]] on http://ucf2c-dcs-release-hub1.opcdeveloper.oracleinternalucf2c.oraclecorp.com/qa-dev/#projects/qa-dev_test-shared-project1-1460525673052/admin/webhooks?id=14308.
2016-04-12 23:16:26,877 DEBUG [oracle.clouddev.test.selenium.components.AssertElement] Check condition (element is enabled) for element [By.xpath: .//div[contains(@class, &apos;webhooks-secret&apos;)] under [By.xpath: .//div[contains(@class, &apos;webhooks-content&apos;)]]] on http://ucf2c-dcs-release-hub1.opcdeveloper.oracleinternalucf2c.oraclecorp.com/qa-dev/#projects/qa-dev_test-shared-project1-1460525673052/admin/webhooks?id=14308.
2016-04-12 23:16:26,931 DEBUG [oracle.clouddev.test.selenium.components.AssertElement] Check condition (element exists) for element [By.xpath: ./input[contains(@class, &apos;oj-inputpassword-input&apos;)] under [By.xpath: .//div[contains(@class, &apos;webhooks-secret&apos;)] under [By.xpath: .//div[contains(@class, &apos;webhooks-content&apos;)]]]] on http://ucf2c-dcs-release-hub1.opcdeveloper.oracleinternalucf2c.oraclecorp.com/qa-dev/#projects/qa-dev_test-shared-project1-1460525673052/admin/webhooks?id=14308.
2016-04-12 23:16:26,960 DEBUG [oracle.clouddev.test.selenium.components.AssertElement] Check condition (NOT (attribute value == &apos;secretValue&apos;)) for element [By.xpath: .//div[contains(@class, &apos;webhooks-secret&apos;)] under [By.xpath: .//div[contains(@class, &apos;webhooks-content&apos;)]]] on http://ucf2c-dcs-release-hub1.opcdeveloper.oracleinternalucf2c.oraclecorp.com/qa-dev/#projects/qa-dev_test-shared-project1-1460525673052/admin/webhooks?id=14308.
2016-04-12 23:16:27,333 DEBUG [oracle.clouddev.test.selenium.components.AssertElement] Check condition ((attribute value == &apos;&apos; OR attribute value == &apos;null&apos;)) for element [By.xpath: .//div[contains(@class, &apos;webhooks-secret&apos;)] under [By.xpath: .//div[contains(@class, &apos;webhooks-content&apos;)]]] on http://ucf2c-dcs-release-hub1.opcdeveloper.oracleinternalucf2c.oraclecorp.com/qa-dev/#projects/qa-dev_test-shared-project1-1460525673052/admin/webhooks?id=14308.
2016-04-12 23:16:27,383 DEBUG [oracle.clouddev.test.selenium.components.AssertElement] Check condition (element is visible) for element [By.xpath: .//div[contains(@class, &apos;webhooks-secret&apos;)] under [By.xpath: .//div[contains(@class, &apos;webhooks-content&apos;)]]] on http://ucf2c-dcs-release-hub1.opcdeveloper.oracleinternalucf2c.oraclecorp.com/qa-dev/#projects/qa-dev_test-shared-project1-1460525673052/admin/webhooks?id=14308.
2016-04-12 23:16:27,413 DEBUG [oracle.clouddev.test.selenium.components.AssertElement] Check condition (element is visible) for element [By.xpath: ./input[contains(@class, &apos;oj-inputpassword-input&apos;)] under [By.xpath: .//div[contains(@class, &apos;webhooks-secret&apos;)] under [By.xpath: .//div[contains(@class, &apos;webhooks-content&apos;)]]]] on http://ucf2c-dcs-release-hub1.opcdeveloper.oracleinternalucf2c.oraclecorp.com/qa-dev/#projects/qa-dev_test-shared-project1-1460525673052/admin/webhooks?id=14308.
2016-04-12 23:16:27,449 DEBUG [oracle.clouddev.test.selenium.components.AssertElement] Check condition (NOT (element is readonly)) for element [By.xpath: ./input[contains(@class, &apos;oj-inputpassword-input&apos;)] under [By.xpath: .//div[contains(@class, &apos;webhooks-secret&apos;)] under [By.xpath: .//div[contains(@class, &apos;webhooks-content&apos;)]]]] on http://ucf2c-dcs-release-hub1.opcdeveloper.oracleinternalucf2c.oraclecorp.com/qa-dev/#projects/qa-dev_test-shared-project1-1460525673052/admin/webhooks?id=14308.
2016-04-12 23:16:27,483 DEBUG [oracle.clouddev.test.selenium.components.AssertElement] Check condition (element is visible) for element [By.xpath: ./input[contains(@class, &apos;oj-inputpassword-input&apos;)] under [By.xpath: .//div[contains(@class, &apos;webhooks-secret&apos;)] under [By.xpath: .//div[contains(@class, &apos;webhooks-content&apos;)]]]] on http://ucf2c-dcs-release-hub1.opcdeveloper.oracleinternalucf2c.oraclecorp.com/qa-dev/#projects/qa-dev_test-shared-project1-1460525673052/admin/webhooks?id=14308.
2016-04-12 23:16:27,821 DEBUG [oracle.clouddev.test.selenium.components.AssertElement] Check condition (element is visible) for element [By.xpath: .//div[contains(@class, &apos;webhooks-secret&apos;)] under [By.xpath: .//div[contains(@class, &apos;webhooks-content&apos;)]]] on http://ucf2c-dcs-release-hub1.opcdeveloper.oracleinternalucf2c.oraclecorp.com/qa-dev/#projects/qa-dev_test-shared-project1-1460525673052/admin/webhooks?id=14308.
2016-04-12 23:16:27,853 DEBUG [oracle.clouddev.test.selenium.components.AssertElement] Check condition (oracle.clouddev.test.selenium.components.oj.OjInputPassword$1@2f3b5678) for element [By.xpath: ./input[contains(@class, &apos;oj-inputpassword-input&apos;)] under [By.xpath: .//div[contains(@class, &apos;webhooks-secret&apos;)] under [By.xpath: .//div[contains(@class, &apos;webhooks-content&apos;)]]]] on http://ucf2c-dcs-release-hub1.opcdeveloper.oracleinternalucf2c.oraclecorp.com/qa-dev/#projects/qa-dev_test-shared-project1-1460525673052/admin/webhooks?id=14308.
2016-04-12 23:16:27,886 DEBUG [oracle.clouddev.test.selenium.components.AssertElement] Check condition (element is visible) for element [By.xpath: .//input[contains(@class, &apos;webhooks-ignoressl&apos;)] under [By.xpath: .//div[contains(@class, &apos;webhooks-content&apos;)]]] on http://ucf2c-dcs-release-hub1.opcdeveloper.oracleinternalucf2c.oraclecorp.com/qa-dev/#projects/qa-dev_test-shared-project1-1460525673052/admin/webhooks?id=14308.
2016-04-12 23:16:27,916 DEBUG [oracle.clouddev.test.selenium.components.AssertElement] Check condition (element is enabled) for element [By.xpath: .//input[contains(@class, &apos;webhooks-ignoressl&apos;)] under [By.xpath: .//div[contains(@class, &apos;webhooks-content&apos;)]]] on http://ucf2c-dcs-release-hub1.opcdeveloper.oracleinternalucf2c.oraclecorp.com/qa-dev/#projects/qa-dev_test-shared-project1-1460525673052/admin/webhooks?id=14308.
2016-04-12 23:16:27,941 DEBUG [oracle.clouddev.test.selenium.components.AssertElement] Check condition (checkbox is checked) for element [By.xpath: .//input[contains(@class, &apos;webhooks-ignoressl&apos;)] under [By.xpath: .//div[contains(@class, &apos;webhooks-content&apos;)]]] on http://ucf2c-dcs-release-hub1.opcdeveloper.oracleinternalucf2c.oraclecorp.com/qa-dev/#projects/qa-dev_test-shared-project1-1460525673052/admin/webhooks?id=14308.
2016-04-12 23:16:27,972 DEBUG [oracle.clouddev.test.selenium.components.AssertElement] Check condition (element is visible) for element [By.xpath: .//input[contains(@class, &apos;webhooks-ignoressl&apos;)] under [By.xpath: .//div[contains(@class, &apos;webhooks-content&apos;)]]] on http://ucf2c-dcs-release-hub1.opcdeveloper.oracleinternalucf2c.oraclecorp.com/qa-dev/#projects/qa-dev_test-shared-project1-1460525673052/admin/webhooks?id=14308.
2016-04-12 23:16:28,086 DEBUG [oracle.clouddev.test.selenium.components.AssertElement] Check condition (NOT (checkbox is checked)) for element [By.xpath: .//input[contains(@class, &apos;webhooks-ignoressl&apos;)] under [By.xpath: .//div[contains(@class, &apos;webhooks-content&apos;)]]] on http://ucf2c-dcs-release-hub1.opcdeveloper.oracleinternalucf2c.oraclecorp.com/qa-dev/#projects/qa-dev_test-shared-project1-1460525673052/admin/webhooks?id=14308.
2016-04-12 23:16:28,113 DEBUG [oracle.clouddev.test.selenium.components.AssertElement] Check condition (element is visible) for element [By.xpath: .//div[contains(@class, &apos;webhooks-event-list&apos;)] under [By.xpath: .//div[contains(@class, &apos;webhooks-content&apos;)]]] on http://ucf2c-dcs-release-hub1.opcdeveloper.oracleinternalucf2c.oraclecorp.com/qa-dev/#projects/qa-dev_test-shared-project1-1460525673052/admin/webhooks?id=14308.
2016-04-12 23:16:28,142 DEBUG [oracle.clouddev.test.selenium.components.AssertElement] Check condition (element is enabled) for element [By.xpath: .//div[contains(@class, &apos;webhooks-event-list&apos;)] under [By.xpath: .//div[contains(@class, &apos;webhooks-content&apos;)]]] on http://ucf2c-dcs-release-hub1.opcdeveloper.oracleinternalucf2c.oraclecorp.com/qa-dev/#projects/qa-dev_test-shared-project1-1460525673052/admin/webhooks?id=14308.
2016-04-12 23:16:28,252 DEBUG [oracle.clouddev.test.selenium.components.AssertElement] Check condition (element is visible) for element [By.xpath: .//div[contains(@class, &apos;webhooks-events-group&apos;)] under [By.xpath: .//div[contains(@class, &apos;webhooks-content&apos;)]]] on http://ucf2c-dcs-release-hub1.opcdeveloper.oracleinternalucf2c.oraclecorp.com/qa-dev/#projects/qa-dev_test-shared-project1-1460525673052/admin/webhooks?id=14308.
2016-04-12 23:16:28,287 DEBUG [oracle.clouddev.test.selenium.components.AssertElement] Check condition (element is enabled) for element [By.xpath: .//div[contains(@class, &apos;webhooks-events-group&apos;)] under [By.xpath: .//div[contains(@class, &apos;webhooks-content&apos;)]]] on http://ucf2c-dcs-release-hub1.opcdeveloper.oracleinternalucf2c.oraclecorp.com/qa-dev/#projects/qa-dev_test-shared-project1-1460525673052/admin/webhooks?id=14308.
2016-04-12 23:16:28,402 DEBUG [oracle.clouddev.test.selenium.components.AssertElement] Check condition (element is visible) for element [input#webhooks-default-events-14305-group-push under [By.xpath: .//div[contains(@class, &apos;webhooks-events-group&apos;)] under [By.xpath: .//div[contains(@class, &apos;webhooks-content&apos;)]]]] on http://ucf2c-dcs-release-hub1.opcdeveloper.oracleinternalucf2c.oraclecorp.com/qa-dev/#projects/qa-dev_test-shared-project1-1460525673052/admin/webhooks?id=14308.
2016-04-12 23:16:28,428 DEBUG [oracle.clouddev.test.selenium.components.AssertElement] Check condition (element is enabled) for element [input#webhooks-default-events-14305-group-push under [By.xpath: .//div[contains(@class, &apos;webhooks-events-group&apos;)] under [By.xpath: .//div[contains(@class, &apos;webhooks-content&apos;)]]]] on http://ucf2c-dcs-release-hub1.opcdeveloper.oracleinternalucf2c.oraclecorp.com/qa-dev/#projects/qa-dev_test-shared-project1-1460525673052/admin/webhooks?id=14308.
2016-04-12 23:16:28,462 DEBUG [oracle.clouddev.test.selenium.components.AssertElement] Check condition (element is visible) for element [input#webhooks-default-events-14305-group-push under [By.xpath: .//div[contains(@class, &apos;webhooks-events-group&apos;)] under [By.xpath: .//div[contains(@class, &apos;webhooks-content&apos;)]]]] on http://ucf2c-dcs-release-hub1.opcdeveloper.oracleinternalucf2c.oraclecorp.com/qa-dev/#projects/qa-dev_test-shared-project1-1460525673052/admin/webhooks?id=14308.
2016-04-12 23:16:28,706 DEBUG [oracle.clouddev.test.selenium.components.AssertElement] Check condition (NOT (element is visible)) for element [By.xpath: .//div[contains(@class, &apos;webhooks-event-list&apos;)] under [By.xpath: .//div[contains(@class, &apos;webhooks-content&apos;)]]] on http://ucf2c-dcs-release-hub1.opcdeveloper.oracleinternalucf2c.oraclecorp.com/qa-dev/#projects/qa-dev_test-shared-project1-1460525673052/admin/webhooks?id=14308.
2016-04-12 23:16:29,789 DEBUG [oracle.clouddev.test.selenium.components.AssertElement] Check condition (element is visible) for element [input#webhooks-default-events-14305-group-select under [By.xpath: .//div[contains(@class, &apos;webhooks-events-group&apos;)] under [By.xpath: .//div[contains(@class, &apos;webhooks-content&apos;)]]]] on http://ucf2c-dcs-release-hub1.opcdeveloper.oracleinternalucf2c.oraclecorp.com/qa-dev/#projects/qa-dev_test-shared-project1-1460525673052/admin/webhooks?id=14308.
2016-04-12 23:16:29,820 DEBUG [oracle.clouddev.test.selenium.components.AssertElement] Check condition (element is enabled) for element [input#webhooks-default-events-14305-group-select under [By.xpath: .//div[contains(@class, &apos;webhooks-events-group&apos;)] under [By.xpath: .//div[contains(@class, &apos;webhooks-content&apos;)]]]] on http://ucf2c-dcs-release-hub1.opcdeveloper.oracleinternalucf2c.oraclecorp.com/qa-dev/#projects/qa-dev_test-shared-project1-1460525673052/admin/webhooks?id=14308.
2016-04-12 23:16:29,852 DEBUG [oracle.clouddev.test.selenium.components.AssertElement] Check condition (element is visible) for element [input#webhooks-default-events-14305-group-select under [By.xpath: .//div[contains(@class, &apos;webhooks-events-group&apos;)] under [By.xpath: .//div[contains(@class, &apos;webhooks-content&apos;)]]]] on http://ucf2c-dcs-release-hub1.opcdeveloper.oracleinternalucf2c.oraclecorp.com/qa-dev/#projects/qa-dev_test-shared-project1-1460525673052/admin/webhooks?id=14308.
2016-04-12 23:16:30,265 DEBUG [oracle.clouddev.test.selenium.components.AssertElement] Check condition (element is visible) for element [By.xpath: .//div[contains(@class, &apos;webhooks-event-list&apos;)] under [By.xpath: .//div[contains(@class, &apos;webhooks-content&apos;)]]] on http://ucf2c-dcs-release-hub1.opcdeveloper.oracleinternalucf2c.oraclecorp.com/qa-dev/#projects/qa-dev_test-shared-project1-1460525673052/admin/webhooks?id=14308.
2016-04-12 23:16:30,297 DEBUG [oracle.clouddev.test.selenium.components.AssertElement] Check condition (element is enabled) for element [By.xpath: .//div[contains(@class, &apos;webhooks-event-list&apos;)] under [By.xpath: .//div[contains(@class, &apos;webhooks-content&apos;)]]] on http://ucf2c-dcs-release-hub1.opcdeveloper.oracleinternalucf2c.oraclecorp.com/qa-dev/#projects/qa-dev_test-shared-project1-1460525673052/admin/webhooks?id=14308.
2016-04-12 23:16:30,483 DEBUG [oracle.clouddev.test.selenium.components.AssertElement] Check condition (element is visible) for element [By.xpath: .//*[(self::button or self::a or self::input) and @id=&apos;webhooks-activate&apos;]] on http://ucf2c-dcs-release-hub1.opcdeveloper.oracleinternalucf2c.oraclecorp.com/qa-dev/#projects/qa-dev_test-shared-project1-1460525673052/admin/webhooks?id=14308.
2016-04-12 23:16:30,508 DEBUG [oracle.clouddev.test.selenium.components.AssertElement] Check condition (element has style class &apos;oj-enabled&apos;) for element [By.xpath: .//*[(self::button or self::a or self::input) and @id=&apos;webhooks-activate&apos;]] on http://ucf2c-dcs-release-hub1.opcdeveloper.oracleinternalucf2c.oraclecorp.com/qa-dev/#projects/qa-dev_test-shared-project1-1460525673052/admin/webhooks?id=14308.
2016-04-12 23:16:30,530 DEBUG [oracle.clouddev.test.selenium.components.AssertElement] Check condition (element is visible) for element [By.xpath: .//*[(self::button or self::a or self::input) and @id=&apos;webhooks-activate&apos;]] on http://ucf2c-dcs-release-hub1.opcdeveloper.oracleinternalucf2c.oraclecorp.com/qa-dev/#projects/qa-dev_test-shared-project1-1460525673052/admin/webhooks?id=14308.
2016-04-12 23:16:30,555 DEBUG [oracle.clouddev.test.selenium.components.AssertElement] Check condition (element has style class &apos;oj-enabled&apos;) for element [By.xpath: .//*[(self::button or self::a or self::input) and @id=&apos;webhooks-activate&apos;]] on http://ucf2c-dcs-release-hub1.opcdeveloper.oracleinternalucf2c.oraclecorp.com/qa-dev/#projects/qa-dev_test-shared-project1-1460525673052/admin/webhooks?id=14308.
2016-04-12 23:16:30,729 DEBUG [oracle.clouddev.test.selenium.components.AssertElement] Check condition (checkbox is checked) for element [By.xpath: .//input[contains(@class, &apos;webhooks-active&apos;)] under [By.xpath: .//div[contains(@class, &apos;webhooks-content&apos;)]]] on http://ucf2c-dcs-release-hub1.opcdeveloper.oracleinternalucf2c.oraclecorp.com/qa-dev/#projects/qa-dev_test-shared-project1-1460525673052/admin/webhooks?id=14308.
2016-04-12 23:16:30,784 DEBUG [oracle.clouddev.test.selenium.components.AssertElement] Check condition (element is visible) for element [By.xpath: .//ul[@id=&apos;webhook-list-content&apos;]] on http://ucf2c-dcs-release-hub1.opcdeveloper.oracleinternalucf2c.oraclecorp.com/qa-dev/#projects/qa-dev_test-shared-project1-1460525673052/admin/webhooks?id=14308.
2016-04-12 23:16:30,849 DEBUG [oracle.clouddev.test.selenium.components.AssertElement] Check condition (element is visible) for element [input# under [By.xpath: .//ul[@id=&apos;webhook-list-content&apos;]]] on http://ucf2c-dcs-release-hub1.opcdeveloper.oracleinternalucf2c.oraclecorp.com/qa-dev/#projects/qa-dev_test-shared-project1-1460525673052/admin/webhooks?id=14308.
2016-04-12 23:16:30,878 DEBUG [oracle.clouddev.test.selenium.components.AssertElement] Check condition (element is readonly) for element [input# under [By.xpath: .//ul[@id=&apos;webhook-list-content&apos;]]] on http://ucf2c-dcs-release-hub1.opcdeveloper.oracleinternalucf2c.oraclecorp.com/qa-dev/#projects/qa-dev_test-shared-project1-1460525673052/admin/webhooks?id=14308.
2016-04-12 23:16:30,907 DEBUG [oracle.clouddev.test.selenium.components.AssertElement] Check condition (element is visible) for element [input# under [By.xpath: .//ul[@id=&apos;webhook-list-content&apos;]]] on http://ucf2c-dcs-release-hub1.opcdeveloper.oracleinternalucf2c.oraclecorp.com/qa-dev/#projects/qa-dev_test-shared-project1-1460525673052/admin/webhooks?id=14308.
2016-04-12 23:16:31,222 DEBUG [oracle.clouddev.test.selenium.components.AssertElement] Check condition (element is visible) for element [By.xpath: .//div[contains(@class, &apos;webhook-header&apos;)] under [By.xpath: .//li[contains(@class, &apos;webhook-selected&apos;) and contains(@class, &apos;webhook-list-item&apos;)] under [By.xpath: .//ul[@id=&apos;webhook-list-content&apos;]]]] on http://ucf2c-dcs-release-hub1.opcdeveloper.oracleinternalucf2c.oraclecorp.com/qa-dev/#projects/qa-dev_test-shared-project1-1460525673052/admin/webhooks?id=14308.
2016-04-12 23:16:31,266 DEBUG [oracle.clouddev.test.selenium.components.AssertElement] Check condition (ojInputText value is webhook-github-1) for element [By.xpath: ./input[contains(@class, &apos;oj-inputtext-input&apos;)] under [By.xpath: .//div[contains(@class, &apos;webhook-header&apos;)] under [By.xpath: .//li[contains(@class, &apos;webhook-selected&apos;) and contains(@class, &apos;webhook-list-item&apos;)] under [By.xpath: .//ul[@id=&apos;webhook-list-content&apos;]]]]] on http://ucf2c-dcs-release-hub1.opcdeveloper.oracleinternalucf2c.oraclecorp.com/qa-dev/#projects/qa-dev_test-shared-project1-1460525673052/admin/webhooks?id=14308.
2016-04-12 23:16:31,314 DEBUG [oracle.clouddev.test.selenium.components.AssertElement] Check condition (element is visible) for element [By.xpath: .//div[contains(@class, &apos;status-icon&apos;)] under [By.xpath: .//li[contains(@class, &apos;webhook-selected&apos;) and contains(@class, &apos;webhook-list-item&apos;)] under [By.xpath: .//ul[@id=&apos;webhook-list-content&apos;]]]] on http://ucf2c-dcs-release-hub1.opcdeveloper.oracleinternalucf2c.oraclecorp.com/qa-dev/#projects/qa-dev_test-shared-project1-1460525673052/admin/webhooks?id=14308.
2016-04-12 23:16:31,353 DEBUG [oracle.clouddev.test.selenium.components.AssertElement] Check condition (NOT ((element has style class &apos;success-status&apos; OR element has style class &apos;fail-status&apos;))) for element [By.xpath: .//div[contains(@class, &apos;status-icon&apos;)] under [By.xpath: .//li[contains(@class, &apos;webhook-selected&apos;) and contains(@class, &apos;webhook-list-item&apos;)] under [By.xpath: .//ul[@id=&apos;webhook-list-content&apos;]]]] on http://ucf2c-dcs-release-hub1.opcdeveloper.oracleinternalucf2c.oraclecorp.com/qa-dev/#projects/qa-dev_test-shared-project1-1460525673052/admin/webhooks?id=14308.
2016-04-12 23:16:31,413 DEBUG [oracle.clouddev.test.selenium.components.AssertElement] Check condition (element is visible) for element [By.xpath: .//*[(self::button or self::a or self::input) and @id=&apos;webhooks-logs-test&apos;]] on http://ucf2c-dcs-release-hub1.opcdeveloper.oracleinternalucf2c.oraclecorp.com/qa-dev/#projects/qa-dev_test-shared-project1-1460525673052/admin/webhooks?id=14308.
2016-04-12 23:16:31,439 DEBUG [oracle.clouddev.test.selenium.components.AssertElement] Check condition (element has style class &apos;oj-enabled&apos;) for element [By.xpath: .//*[(self::button or self::a or self::input) and @id=&apos;webhooks-logs-test&apos;]] on http://ucf2c-dcs-release-hub1.opcdeveloper.oracleinternalucf2c.oraclecorp.com/qa-dev/#projects/qa-dev_test-shared-project1-1460525673052/admin/webhooks?id=14308.
2016-04-12 23:16:31,461 DEBUG [oracle.clouddev.test.selenium.components.AssertElement] Check condition (element is visible) for element [By.xpath: .//*[(self::button or self::a or self::input) and @id=&apos;webhooks-logs-test&apos;]] on http://ucf2c-dcs-release-hub1.opcdeveloper.oracleinternalucf2c.oraclecorp.com/qa-dev/#projects/qa-dev_test-shared-project1-1460525673052/admin/webhooks?id=14308.
2016-04-12 23:16:31,486 DEBUG [oracle.clouddev.test.selenium.components.AssertElement] Check condition (element has style class &apos;oj-enabled&apos;) for element [By.xpath: .//*[(self::button or self::a or self::input) and @id=&apos;webhooks-logs-test&apos;]] on http://ucf2c-dcs-release-hub1.opcdeveloper.oracleinternalucf2c.oraclecorp.com/qa-dev/#projects/qa-dev_test-shared-project1-1460525673052/admin/webhooks?id=14308.
2016-04-12 23:16:31,703 DEBUG [oracle.clouddev.test.selenium.components.AssertElement] Check condition (element is visible) for element [By.xpath: .//div[contains(@class, &apos;webhooks-content&apos;)]] on http://ucf2c-dcs-release-hub1.opcdeveloper.oracleinternalucf2c.oraclecorp.com/qa-dev/#projects/qa-dev_test-shared-project1-1460525673052/admin/webhooks?id=14308.
2016-04-12 23:16:31,729 DEBUG [oracle.clouddev.test.selenium.components.AssertElement] Check condition (element is enabled) for element [By.xpath: .//div[contains(@class, &apos;webhooks-content&apos;)]] on http://ucf2c-dcs-release-hub1.opcdeveloper.oracleinternalucf2c.oraclecorp.com/qa-dev/#projects/qa-dev_test-shared-project1-1460525673052/admin/webhooks?id=14308.
2016-04-12 23:16:31,751 DEBUG [oracle.clouddev.test.selenium.components.AssertElement] Check condition (element is visible) for element [By.xpath: .//div[contains(@class, &apos;webhooks-name&apos;)] under [By.xpath: .//div[contains(@class, &apos;webhooks-content&apos;)]]] on http://ucf2c-dcs-release-hub1.opcdeveloper.oracleinternalucf2c.oraclecorp.com/qa-dev/#projects/qa-dev_test-shared-project1-1460525673052/admin/webhooks?id=14308.
2016-04-12 23:16:31,785 DEBUG [oracle.clouddev.test.selenium.components.AssertElement] Check condition (element is enabled) for element [By.xpath: .//div[contains(@class, &apos;webhooks-name&apos;)] under [By.xpath: .//div[contains(@class, &apos;webhooks-content&apos;)]]] on http://ucf2c-dcs-release-hub1.opcdeveloper.oracleinternalucf2c.oraclecorp.com/qa-dev/#projects/qa-dev_test-shared-project1-1460525673052/admin/webhooks?id=14308.
2016-04-12 23:16:31,837 DEBUG [oracle.clouddev.test.selenium.components.AssertElement] Check condition (element exists) for element [By.xpath: ./input[contains(@class, &apos;oj-inputtext-input&apos;)] under [By.xpath: .//div[contains(@class, &apos;webhooks-name&apos;)] under [By.xpath: .//div[contains(@class, &apos;webhooks-content&apos;)]]]] on http://ucf2c-dcs-release-hub1.opcdeveloper.oracleinternalucf2c.oraclecorp.com/qa-dev/#projects/qa-dev_test-shared-project1-1460525673052/admin/webhooks?id=14308.
2016-04-12 23:16:31,869 DEBUG [oracle.clouddev.test.selenium.components.AssertElement] Check condition (element is visible) for element [By.xpath: .//div[contains(@class, &apos;webhooks-name&apos;)] under [By.xpath: .//div[contains(@class, &apos;webhooks-content&apos;)]]] on http://ucf2c-dcs-release-hub1.opcdeveloper.oracleinternalucf2c.oraclecorp.com/qa-dev/#projects/qa-dev_test-shared-project1-1460525673052/admin/webhooks?id=14308.
2016-04-12 23:16:32,092 DEBUG [oracle.clouddev.test.selenium.components.AssertElement] Check condition (ojInputText value is webhook-github-1) for element [By.xpath: ./input[contains(@class, &apos;oj-inputtext-input&apos;)] under [By.xpath: .//div[contains(@class, &apos;webhooks-name&apos;)] under [By.xpath: .//div[contains(@class, &apos;webhooks-content&apos;)]]]] on http://ucf2c-dcs-release-hub1.opcdeveloper.oracleinternalucf2c.oraclecorp.com/qa-dev/#projects/qa-dev_test-shared-project1-1460525673052/admin/webhooks?id=14308.
2016-04-12 23:16:32,495 DEBUG [oracle.clouddev.test.selenium.components.AssertElement] Check condition (element is visible) for element [By.xpath: .//div[contains(@class, &apos;webhooks-name&apos;)] under [By.xpath: .//div[contains(@class, &apos;webhooks-content&apos;)]]] on http://ucf2c-dcs-release-hub1.opcdeveloper.oracleinternalucf2c.oraclecorp.com/qa-dev/#projects/qa-dev_test-shared-project1-1460525673052/admin/webhooks?id=14308.
2016-04-12 23:16:32,526 DEBUG [oracle.clouddev.test.selenium.components.AssertElement] Check condition (element is visible) for element [By.xpath: ./input[contains(@class, &apos;oj-inputtext-input&apos;)] under [By.xpath: .//div[contains(@class, &apos;webhooks-name&apos;)] under [By.xpath: .//div[contains(@class, &apos;webhooks-content&apos;)]]]] on http://ucf2c-dcs-release-hub1.opcdeveloper.oracleinternalucf2c.oraclecorp.com/qa-dev/#projects/qa-dev_test-shared-project1-1460525673052/admin/webhooks?id=14308.
2016-04-12 23:16:32,563 DEBUG [oracle.clouddev.test.selenium.components.AssertElement] Check condition (NOT (element is readonly)) for element [By.xpath: ./input[contains(@class, &apos;oj-inputtext-input&apos;)] under [By.xpath: .//div[contains(@class, &apos;webhooks-name&apos;)] under [By.xpath: .//div[contains(@class, &apos;webhooks-content&apos;)]]]] on http://ucf2c-dcs-release-hub1.opcdeveloper.oracleinternalucf2c.oraclecorp.com/qa-dev/#projects/qa-dev_test-shared-project1-1460525673052/admin/webhooks?id=14308.
2016-04-12 23:16:32,601 DEBUG [oracle.clouddev.test.selenium.components.AssertElement] Check condition (element is visible) for element [By.xpath: ./input[contains(@class, &apos;oj-inputtext-input&apos;)] under [By.xpath: .//div[contains(@class, &apos;webhooks-name&apos;)] under [By.xpath: .//div[contains(@class, &apos;webhooks-content&apos;)]]]] on http://ucf2c-dcs-release-hub1.opcdeveloper.oracleinternalucf2c.oraclecorp.com/qa-dev/#projects/qa-dev_test-shared-project1-1460525673052/admin/webhooks?id=14308.
2016-04-12 23:16:33,105 DEBUG [oracle.clouddev.test.selenium.components.AssertElement] Check condition (element is visible) for element [By.xpath: .//div[contains(@class, &apos;webhooks-name&apos;)] under [By.xpath: .//div[contains(@class, &apos;webhooks-content&apos;)]]] on http://ucf2c-dcs-release-hub1.opcdeveloper.oracleinternalucf2c.oraclecorp.com/qa-dev/#projects/qa-dev_test-shared-project1-1460525673052/admin/webhooks?id=14308.
2016-04-12 23:16:33,141 DEBUG [oracle.clouddev.test.selenium.components.AssertElement] Check condition (ojInputText value is webhook-github-1-changed) for element [By.xpath: ./input[contains(@class, &apos;oj-inputtext-input&apos;)] under [By.xpath: .//div[contains(@class, &apos;webhooks-name&apos;)] under [By.xpath: .//div[contains(@class, &apos;webhooks-content&apos;)]]]] on http://ucf2c-dcs-release-hub1.opcdeveloper.oracleinternalucf2c.oraclecorp.com/qa-dev/#projects/qa-dev_test-shared-project1-1460525673052/admin/webhooks?id=14308.
2016-04-12 23:16:33,175 DEBUG [oracle.clouddev.test.selenium.components.AssertElement] Check condition (element is visible) for element [By.xpath: .//input[contains(@class, &apos;webhooks-active&apos;)] under [By.xpath: .//div[contains(@class, &apos;webhooks-content&apos;)]]] on http://ucf2c-dcs-release-hub1.opcdeveloper.oracleinternalucf2c.oraclecorp.com/qa-dev/#projects/qa-dev_test-shared-project1-1460525673052/admin/webhooks?id=14308.
2016-04-12 23:16:33,205 DEBUG [oracle.clouddev.test.selenium.components.AssertElement] Check condition (element is enabled) for element [By.xpath: .//input[contains(@class, &apos;webhooks-active&apos;)] under [By.xpath: .//div[contains(@class, &apos;webhooks-content&apos;)]]] on http://ucf2c-dcs-release-hub1.opcdeveloper.oracleinternalucf2c.oraclecorp.com/qa-dev/#projects/qa-dev_test-shared-project1-1460525673052/admin/webhooks?id=14308.
2016-04-12 23:16:33,239 DEBUG [oracle.clouddev.test.selenium.components.AssertElement] Check condition (checkbox is checked) for element [By.xpath: .//input[contains(@class, &apos;webhooks-active&apos;)] under [By.xpath: .//div[contains(@class, &apos;webhooks-content&apos;)]]] on http://ucf2c-dcs-release-hub1.opcdeveloper.oracleinternalucf2c.oraclecorp.com/qa-dev/#projects/qa-dev_test-shared-project1-1460525673052/admin/webhooks?id=14308.
2016-04-12 23:16:33,271 DEBUG [oracle.clouddev.test.selenium.components.AssertElement] Check condition (element is visible) for element [By.xpath: .//input[contains(@class, &apos;webhooks-active&apos;)] under [By.xpath: .//div[contains(@class, &apos;webhooks-content&apos;)]]] on http://ucf2c-dcs-release-hub1.opcdeveloper.oracleinternalucf2c.oraclecorp.com/qa-dev/#projects/qa-dev_test-shared-project1-1460525673052/admin/webhooks?id=14308.
2016-04-12 23:16:33,377 DEBUG [oracle.clouddev.test.selenium.components.AssertElement] Check condition (NOT (checkbox is checked)) for element [By.xpath: .//input[contains(@class, &apos;webhooks-active&apos;)] under [By.xpath: .//div[contains(@class, &apos;webhooks-content&apos;)]]] on http://ucf2c-dcs-release-hub1.opcdeveloper.oracleinternalucf2c.oraclecorp.com/qa-dev/#projects/qa-dev_test-shared-project1-1460525673052/admin/webhooks?id=14308.
2016-04-12 23:16:33,409 DEBUG [oracle.clouddev.test.selenium.components.AssertElement] Check condition (element is visible) for element [By.xpath: .//div[contains(@class, &apos;webhooks-target-url&apos;)] under [By.xpath: .//div[contains(@class, &apos;webhooks-content&apos;)]]] on http://ucf2c-dcs-release-hub1.opcdeveloper.oracleinternalucf2c.oraclecorp.com/qa-dev/#projects/qa-dev_test-shared-project1-1460525673052/admin/webhooks?id=14308.
2016-04-12 23:16:33,440 DEBUG [oracle.clouddev.test.selenium.components.AssertElement] Check condition (element is enabled) for element [By.xpath: .//div[contains(@class, &apos;webhooks-target-url&apos;)] under [By.xpath: .//div[contains(@class, &apos;webhooks-content&apos;)]]] on http://ucf2c-dcs-release-hub1.opcdeveloper.oracleinternalucf2c.oraclecorp.com/qa-dev/#projects/qa-dev_test-shared-project1-1460525673052/admin/webhooks?id=14308.
2016-04-12 23:16:33,492 DEBUG [oracle.clouddev.test.selenium.components.AssertElement] Check condition (element exists) for element [By.xpath: ./input[contains(@class, &apos;oj-inputtext-input&apos;)] under [By.xpath: .//div[contains(@class, &apos;webhooks-target-url&apos;)] under [By.xpath: .//div[contains(@class, &apos;webhooks-content&apos;)]]]] on http://ucf2c-dcs-release-hub1.opcdeveloper.oracleinternalucf2c.oraclecorp.com/qa-dev/#projects/qa-dev_test-shared-project1-1460525673052/admin/webhooks?id=14308.
2016-04-12 23:16:33,521 DEBUG [oracle.clouddev.test.selenium.components.AssertElement] Check condition (element is visible) for element [By.xpath: .//div[contains(@class, &apos;webhooks-target-url&apos;)] under [By.xpath: .//div[contains(@class, &apos;webhooks-content&apos;)]]] on http://ucf2c-dcs-release-hub1.opcdeveloper.oracleinternalucf2c.oraclecorp.com/qa-dev/#projects/qa-dev_test-shared-project1-1460525673052/admin/webhooks?id=14308.
2016-04-12 23:16:33,552 DEBUG [oracle.clouddev.test.selenium.components.AssertElement] Check condition (element is visible) for element [By.xpath: ./input[contains(@class, &apos;oj-inputtext-input&apos;)] under [By.xpath: .//div[contains(@class, &apos;webhooks-target-url&apos;)] under [By.xpath: .//div[contains(@class, &apos;webhooks-content&apos;)]]]] on http://ucf2c-dcs-release-hub1.opcdeveloper.oracleinternalucf2c.oraclecorp.com/qa-dev/#projects/qa-dev_test-shared-project1-1460525673052/admin/webhooks?id=14308.
2016-04-12 23:16:33,617 DEBUG [oracle.clouddev.test.selenium.components.AssertElement] Check condition (element is visible) for element [By.xpath: .//div[contains(@class, &apos;webhooks-target-url&apos;)] under [By.xpath: .//div[contains(@class, &apos;webhooks-content&apos;)]]] on http://ucf2c-dcs-release-hub1.opcdeveloper.oracleinternalucf2c.oraclecorp.com/qa-dev/#projects/qa-dev_test-shared-project1-1460525673052/admin/webhooks?id=14308.
2016-04-12 23:16:33,649 DEBUG [oracle.clouddev.test.selenium.components.AssertElement] Check condition (element is visible) for element [By.xpath: ./input[contains(@class, &apos;oj-inputtext-input&apos;)] under [By.xpath: .//div[contains(@class, &apos;webhooks-target-url&apos;)] under [By.xpath: .//div[contains(@class, &apos;webhooks-content&apos;)]]]] on http://ucf2c-dcs-release-hub1.opcdeveloper.oracleinternalucf2c.oraclecorp.com/qa-dev/#projects/qa-dev_test-shared-project1-1460525673052/admin/webhooks?id=14308.
2016-04-12 23:16:33,686 DEBUG [oracle.clouddev.test.selenium.components.AssertElement] Check condition (NOT (element is readonly)) for element [By.xpath: ./input[contains(@class, &apos;oj-inputtext-input&apos;)] under [By.xpath: .//div[contains(@class, &apos;webhooks-target-url&apos;)] under [By.xpath: .//div[contains(@class, &apos;webhooks-content&apos;)]]]] on http://ucf2c-dcs-release-hub1.opcdeveloper.oracleinternalucf2c.oraclecorp.com/qa-dev/#projects/qa-dev_test-shared-project1-1460525673052/admin/webhooks?id=14308.
2016-04-12 23:16:33,720 DEBUG [oracle.clouddev.test.selenium.components.AssertElement] Check condition (element is visible) for element [By.xpath: ./input[contains(@class, &apos;oj-inputtext-input&apos;)] under [By.xpath: .//div[contains(@class, &apos;webhooks-target-url&apos;)] under [By.xpath: .//div[contains(@class, &apos;webhooks-content&apos;)]]]] on http://ucf2c-dcs-release-hub1.opcdeveloper.oracleinternalucf2c.oraclecorp.com/qa-dev/#projects/qa-dev_test-shared-project1-1460525673052/admin/webhooks?id=14308.
2016-04-12 23:16:34,456 DEBUG [oracle.clouddev.test.selenium.components.AssertElement] Check condition (element is visible) for element [By.xpath: .//div[contains(@class, &apos;webhooks-target-url&apos;)] under [By.xpath: .//div[contains(@class, &apos;webhooks-content&apos;)]]] on http://ucf2c-dcs-release-hub1.opcdeveloper.oracleinternalucf2c.oraclecorp.com/qa-dev/#projects/qa-dev_test-shared-project1-1460525673052/admin/webhooks?id=14308.
2016-04-12 23:16:34,585 DEBUG [oracle.clouddev.test.selenium.components.AssertElement] Check condition (ojInputText value is http://ucf2c-dcs-release-hub1.opcdeveloper.oracleinternalucf2c.oraclecorp.com/qa-dev/#projects/qa-dev_test-shared-project1-1460525673052/webhook/new-changed) for element [By.xpath: ./input[contains(@class, &apos;oj-inputtext-input&apos;)] under [By.xpath: .//div[contains(@class, &apos;webhooks-target-url&apos;)] under [By.xpath: .//div[contains(@class, &apos;webhooks-content&apos;)]]]] on http://ucf2c-dcs-release-hub1.opcdeveloper.oracleinternalucf2c.oraclecorp.com/qa-dev/#projects/qa-dev_test-shared-project1-1460525673052/admin/webhooks?id=14308.
2016-04-12 23:16:34,709 DEBUG [oracle.clouddev.test.selenium.components.AssertElement] Check condition (element is visible) for element [By.xpath: .//div[contains(@class, &apos;webhooks-secret&apos;)] under [By.xpath: .//div[contains(@class, &apos;webhooks-content&apos;)]]] on http://ucf2c-dcs-release-hub1.opcdeveloper.oracleinternalucf2c.oraclecorp.com/qa-dev/#projects/qa-dev_test-shared-project1-1460525673052/admin/webhooks?id=14308.
2016-04-12 23:16:34,933 DEBUG [oracle.clouddev.test.selenium.components.AssertElement] Check condition (element is enabled) for element [By.xpath: .//div[contains(@class, &apos;webhooks-secret&apos;)] under [By.xpath: .//div[contains(@class, &apos;webhooks-content&apos;)]]] on http://ucf2c-dcs-release-hub1.opcdeveloper.oracleinternalucf2c.oraclecorp.com/qa-dev/#projects/qa-dev_test-shared-project1-1460525673052/admin/webhooks?id=14308.
2016-04-12 23:16:35,083 DEBUG [oracle.clouddev.test.selenium.components.AssertElement] Check condition (element exists) for element [By.xpath: ./input[contains(@class, &apos;oj-inputpassword-input&apos;)] under [By.xpath: .//div[contains(@class, &apos;webhooks-secret&apos;)] under [By.xpath: .//div[contains(@class, &apos;webhooks-content&apos;)]]]] on http://ucf2c-dcs-release-hub1.opcdeveloper.oracleinternalucf2c.oraclecorp.com/qa-dev/#projects/qa-dev_test-shared-project1-1460525673052/admin/webhooks?id=14308.
2016-04-12 23:16:35,113 DEBUG [oracle.clouddev.test.selenium.components.AssertElement] Check condition (NOT (attribute value == &apos;secretValue&apos;)) for element [By.xpath: .//div[contains(@class, &apos;webhooks-secret&apos;)] under [By.xpath: .//div[contains(@class, &apos;webhooks-content&apos;)]]] on http://ucf2c-dcs-release-hub1.opcdeveloper.oracleinternalucf2c.oraclecorp.com/qa-dev/#projects/qa-dev_test-shared-project1-1460525673052/admin/webhooks?id=14308.
2016-04-12 23:16:35,410 DEBUG [oracle.clouddev.test.selenium.components.AssertElement] Check condition ((attribute value == &apos;&apos; OR attribute value == &apos;null&apos;)) for element [By.xpath: .//div[contains(@class, &apos;webhooks-secret&apos;)] under [By.xpath: .//div[contains(@class, &apos;webhooks-content&apos;)]]] on http://ucf2c-dcs-release-hub1.opcdeveloper.oracleinternalucf2c.oraclecorp.com/qa-dev/#projects/qa-dev_test-shared-project1-1460525673052/admin/webhooks?id=14308.
2016-04-12 23:16:35,463 DEBUG [oracle.clouddev.test.selenium.components.AssertElement] Check condition (element is visible) for element [By.xpath: .//div[contains(@class, &apos;webhooks-secret&apos;)] under [By.xpath: .//div[contains(@class, &apos;webhooks-content&apos;)]]] on http://ucf2c-dcs-release-hub1.opcdeveloper.oracleinternalucf2c.oraclecorp.com/qa-dev/#projects/qa-dev_test-shared-project1-1460525673052/admin/webhooks?id=14308.
2016-04-12 23:16:35,494 DEBUG [oracle.clouddev.test.selenium.components.AssertElement] Check condition (element is visible) for element [By.xpath: ./input[contains(@class, &apos;oj-inputpassword-input&apos;)] under [By.xpath: .//div[contains(@class, &apos;webhooks-secret&apos;)] under [By.xpath: .//div[contains(@class, &apos;webhooks-content&apos;)]]]] on http://ucf2c-dcs-release-hub1.opcdeveloper.oracleinternalucf2c.oraclecorp.com/qa-dev/#projects/qa-dev_test-shared-project1-1460525673052/admin/webhooks?id=14308.
2016-04-12 23:16:35,531 DEBUG [oracle.clouddev.test.selenium.components.AssertElement] Check condition (NOT (element is readonly)) for element [By.xpath: ./input[contains(@class, &apos;oj-inputpassword-input&apos;)] under [By.xpath: .//div[contains(@class, &apos;webhooks-secret&apos;)] under [By.xpath: .//div[contains(@class, &apos;webhooks-content&apos;)]]]] on http://ucf2c-dcs-release-hub1.opcdeveloper.oracleinternalucf2c.oraclecorp.com/qa-dev/#projects/qa-dev_test-shared-project1-1460525673052/admin/webhooks?id=14308.
2016-04-12 23:16:35,565 DEBUG [oracle.clouddev.test.selenium.components.AssertElement] Check condition (element is visible) for element [By.xpath: ./input[contains(@class, &apos;oj-inputpassword-input&apos;)] under [By.xpath: .//div[contains(@class, &apos;webhooks-secret&apos;)] under [By.xpath: .//div[contains(@class, &apos;webhooks-content&apos;)]]]] on http://ucf2c-dcs-release-hub1.opcdeveloper.oracleinternalucf2c.oraclecorp.com/qa-dev/#projects/qa-dev_test-shared-project1-1460525673052/admin/webhooks?id=14308.
2016-04-12 23:16:35,907 DEBUG [oracle.clouddev.test.selenium.components.AssertElement] Check condition (element is visible) for element [By.xpath: .//div[contains(@class, &apos;webhooks-secret&apos;)] under [By.xpath: .//div[contains(@class, &apos;webhooks-content&apos;)]]] on http://ucf2c-dcs-release-hub1.opcdeveloper.oracleinternalucf2c.oraclecorp.com/qa-dev/#projects/qa-dev_test-shared-project1-1460525673052/admin/webhooks?id=14308.
2016-04-12 23:16:35,938 DEBUG [oracle.clouddev.test.selenium.components.AssertElement] Check condition (oracle.clouddev.test.selenium.components.oj.OjInputPassword$1@7e9b6240) for element [By.xpath: ./input[contains(@class, &apos;oj-inputpassword-input&apos;)] under [By.xpath: .//div[contains(@class, &apos;webhooks-secret&apos;)] under [By.xpath: .//div[contains(@class, &apos;webhooks-content&apos;)]]]] on http://ucf2c-dcs-release-hub1.opcdeveloper.oracleinternalucf2c.oraclecorp.com/qa-dev/#projects/qa-dev_test-shared-project1-1460525673052/admin/webhooks?id=14308.
2016-04-12 23:16:35,972 DEBUG [oracle.clouddev.test.selenium.components.AssertElement] Check condition (element is visible) for element [By.xpath: .//div[contains(@class, &apos;webhooks-payload&apos;)] under [By.xpath: .//div[contains(@class, &apos;webhooks-content&apos;)]]] on http://ucf2c-dcs-release-hub1.opcdeveloper.oracleinternalucf2c.oraclecorp.com/qa-dev/#projects/qa-dev_test-shared-project1-1460525673052/admin/webhooks?id=14308.
2016-04-12 23:16:36,002 DEBUG [oracle.clouddev.test.selenium.components.AssertElement] Check condition (NOT (element has style class &apos;oj-disabled&apos;)) for element [By.xpath: .//div[contains(@class, &apos;webhooks-payload&apos;)] under [By.xpath: .//div[contains(@class, &apos;webhooks-content&apos;)]]] on http://ucf2c-dcs-release-hub1.opcdeveloper.oracleinternalucf2c.oraclecorp.com/qa-dev/#projects/qa-dev_test-shared-project1-1460525673052/admin/webhooks?id=14308.
2016-04-12 23:16:36,054 DEBUG [oracle.clouddev.test.selenium.components.AssertElement] Check condition (element exists) for element [By.xpath: ./div[contains(@class, &apos;oj-select-choice&apos;)] under [By.xpath: .//div[contains(@class, &apos;webhooks-payload&apos;)] under [By.xpath: .//div[contains(@class, &apos;webhooks-content&apos;)]]]] on http://ucf2c-dcs-release-hub1.opcdeveloper.oracleinternalucf2c.oraclecorp.com/qa-dev/#projects/qa-dev_test-shared-project1-1460525673052/admin/webhooks?id=14308.
2016-04-12 23:16:36,098 DEBUG [oracle.clouddev.test.selenium.components.AssertElement] Check condition (NOT (element is visible)) for element [By.xpath: ./following-sibling::select[contains(@data-bind, &apos;ojSelect&apos;)] under [By.xpath: .//div[contains(@class, &apos;webhooks-payload&apos;)] under [By.xpath: .//div[contains(@class, &apos;webhooks-content&apos;)]]]] on http://ucf2c-dcs-release-hub1.opcdeveloper.oracleinternalucf2c.oraclecorp.com/qa-dev/#projects/qa-dev_test-shared-project1-1460525673052/admin/webhooks?id=14308.
2016-04-12 23:16:36,148 DEBUG [oracle.clouddev.test.selenium.components.AssertElement] Check condition (element is visible) for element [By.xpath: .//span[contains(@class, &apos;oj-select-chosen&apos;)] under [By.xpath: .//div[contains(@class, &apos;webhooks-payload&apos;)] under [By.xpath: .//div[contains(@class, &apos;webhooks-content&apos;)]]]] on http://ucf2c-dcs-release-hub1.opcdeveloper.oracleinternalucf2c.oraclecorp.com/qa-dev/#projects/qa-dev_test-shared-project1-1460525673052/admin/webhooks?id=14308.
2016-04-12 23:16:36,216 DEBUG [oracle.clouddev.test.selenium.components.AssertElement] Check condition (element is visible) for element [By.xpath: . under [By.xpath: .//div[contains(@class, &apos;webhooks-payload&apos;)] under [By.xpath: .//div[contains(@class, &apos;webhooks-content&apos;)]]]] on http://ucf2c-dcs-release-hub1.opcdeveloper.oracleinternalucf2c.oraclecorp.com/qa-dev/#projects/qa-dev_test-shared-project1-1460525673052/admin/webhooks?id=14308.
2016-04-12 23:16:36,257 DEBUG [oracle.clouddev.test.selenium.components.AssertElement] Check condition (element is enabled) for element [By.xpath: . under [By.xpath: .//div[contains(@class, &apos;webhooks-payload&apos;)] under [By.xpath: .//div[contains(@class, &apos;webhooks-content&apos;)]]]] on http://ucf2c-dcs-release-hub1.opcdeveloper.oracleinternalucf2c.oraclecorp.com/qa-dev/#projects/qa-dev_test-shared-project1-1460525673052/admin/webhooks?id=14308.
2016-04-12 23:16:36,323 DEBUG [oracle.clouddev.test.selenium.components.AssertElement] Check condition (element is visible) for element [By.xpath: .//a[contains(@class, &apos;oj-select-arrow&apos;)] under [By.xpath: . under [By.xpath: .//div[contains(@class, &apos;webhooks-payload&apos;)] under [By.xpath: .//div[contains(@class, &apos;webhooks-content&apos;)]]]]] on http://ucf2c-dcs-release-hub1.opcdeveloper.oracleinternalucf2c.oraclecorp.com/qa-dev/#projects/qa-dev_test-shared-project1-1460525673052/admin/webhooks?id=14308.
2016-04-12 23:16:36,380 DEBUG [oracle.clouddev.test.selenium.components.AssertElement] Check condition (element is visible) for element [By.xpath: .//a[contains(@class, &apos;oj-select-arrow&apos;)] under [By.xpath: . under [By.xpath: .//div[contains(@class, &apos;webhooks-payload&apos;)] under [By.xpath: .//div[contains(@class, &apos;webhooks-content&apos;)]]]]] on http://ucf2c-dcs-release-hub1.opcdeveloper.oracleinternalucf2c.oraclecorp.com/qa-dev/#projects/qa-dev_test-shared-project1-1460525673052/admin/webhooks?id=14308.
2016-04-12 23:16:36,774 DEBUG [oracle.clouddev.test.selenium.components.AssertElement] Check condition (element is visible) for element [By.xpath: .//div[@id=&apos;oj-listbox-drop&apos;]] on http://ucf2c-dcs-release-hub1.opcdeveloper.oracleinternalucf2c.oraclecorp.com/qa-dev/#projects/qa-dev_test-shared-project1-1460525673052/admin/webhooks?id=14308.
2016-04-12 23:16:36,795 DEBUG [oracle.clouddev.test.selenium.components.AssertElement] Check condition (element is visible) for element [By.xpath: .//div[@class=&apos;oj-listbox-result-label&apos; and contains(text(),&apos;application/x-www-form-urlencoded&apos;)] under [By.xpath: .//div[@id=&apos;oj-listbox-drop&apos;]]] on http://ucf2c-dcs-release-hub1.opcdeveloper.oracleinternalucf2c.oraclecorp.com/qa-dev/#projects/qa-dev_test-shared-project1-1460525673052/admin/webhooks?id=14308.
2016-04-12 23:16:36,836 DEBUG [oracle.clouddev.test.selenium.components.AssertElement] Check condition (element is visible) for element [By.xpath: .//div[@class=&apos;oj-listbox-result-label&apos; and contains(text(),&apos;application/x-www-form-urlencoded&apos;)] under [By.xpath: .//div[@id=&apos;oj-listbox-drop&apos;]]] on http://ucf2c-dcs-release-hub1.opcdeveloper.oracleinternalucf2c.oraclecorp.com/qa-dev/#projects/qa-dev_test-shared-project1-1460525673052/admin/webhooks?id=14308.
2016-04-12 23:16:36,952 DEBUG [oracle.clouddev.test.selenium.components.AssertElement] Check condition (element is visible) for element [By.xpath: . under [By.xpath: .//div[contains(@class, &apos;webhooks-payload&apos;)] under [By.xpath: .//div[contains(@class, &apos;webhooks-content&apos;)]]]] on http://ucf2c-dcs-release-hub1.opcdeveloper.oracleinternalucf2c.oraclecorp.com/qa-dev/#projects/qa-dev_test-shared-project1-1460525673052/admin/webhooks?id=14308.
2016-04-12 23:16:37,039 DEBUG [oracle.clouddev.test.selenium.components.AssertElement] Check condition (element is enabled) for element [By.xpath: . under [By.xpath: .//div[contains(@class, &apos;webhooks-payload&apos;)] under [By.xpath: .//div[contains(@class, &apos;webhooks-content&apos;)]]]] on http://ucf2c-dcs-release-hub1.opcdeveloper.oracleinternalucf2c.oraclecorp.com/qa-dev/#projects/qa-dev_test-shared-project1-1460525673052/admin/webhooks?id=14308.
2016-04-12 23:16:37,099 DEBUG [oracle.clouddev.test.selenium.components.AssertElement] Check condition (element is visible) for element [By.xpath: .//span[contains(@class, &apos;oj-select-chosen&apos;)] under [By.xpath: .//div[contains(@class, &apos;webhooks-payload&apos;)] under [By.xpath: .//div[contains(@class, &apos;webhooks-content&apos;)]]]] on http://ucf2c-dcs-release-hub1.opcdeveloper.oracleinternalucf2c.oraclecorp.com/qa-dev/#projects/qa-dev_test-shared-project1-1460525673052/admin/webhooks?id=14308.
2016-04-12 23:16:37,170 DEBUG [oracle.clouddev.test.selenium.components.AssertElement] Check condition (element is visible) for element [By.xpath: .//input[contains(@class, &apos;webhooks-ignoressl&apos;)] under [By.xpath: .//div[contains(@class, &apos;webhooks-content&apos;)]]] on http://ucf2c-dcs-release-hub1.opcdeveloper.oracleinternalucf2c.oraclecorp.com/qa-dev/#projects/qa-dev_test-shared-project1-1460525673052/admin/webhooks?id=14308.
2016-04-12 23:16:37,203 DEBUG [oracle.clouddev.test.selenium.components.AssertElement] Check condition (element is enabled) for element [By.xpath: .//input[contains(@class, &apos;webhooks-ignoressl&apos;)] under [By.xpath: .//div[contains(@class, &apos;webhooks-content&apos;)]]] on http://ucf2c-dcs-release-hub1.opcdeveloper.oracleinternalucf2c.oraclecorp.com/qa-dev/#projects/qa-dev_test-shared-project1-1460525673052/admin/webhooks?id=14308.
2016-04-12 23:16:37,232 DEBUG [oracle.clouddev.test.selenium.components.AssertElement] Check condition (checkbox is checked) for element [By.xpath: .//input[contains(@class, &apos;webhooks-ignoressl&apos;)] under [By.xpath: .//div[contains(@class, &apos;webhooks-content&apos;)]]] on http://ucf2c-dcs-release-hub1.opcdeveloper.oracleinternalucf2c.oraclecorp.com/qa-dev/#projects/qa-dev_test-shared-project1-1460525673052/admin/webhooks?id=14308.
2016-04-12 23:16:37,265 DEBUG [oracle.clouddev.test.selenium.components.AssertElement] Check condition (element is visible) for element [By.xpath: .//input[contains(@class, &apos;webhooks-ignoressl&apos;)] under [By.xpath: .//div[contains(@class, &apos;webhooks-content&apos;)]]] on http://ucf2c-dcs-release-hub1.opcdeveloper.oracleinternalucf2c.oraclecorp.com/qa-dev/#projects/qa-dev_test-shared-project1-1460525673052/admin/webhooks?id=14308.
2016-04-12 23:16:37,436 DEBUG [oracle.clouddev.test.selenium.components.AssertElement] Check condition (NOT (checkbox is checked)) for element [By.xpath: .//input[contains(@class, &apos;webhooks-ignoressl&apos;)] under [By.xpath: .//div[contains(@class, &apos;webhooks-content&apos;)]]] on http://ucf2c-dcs-release-hub1.opcdeveloper.oracleinternalucf2c.oraclecorp.com/qa-dev/#projects/qa-dev_test-shared-project1-1460525673052/admin/webhooks?id=14308.
2016-04-12 23:16:37,468 DEBUG [oracle.clouddev.test.selenium.components.AssertElement] Check condition (element is visible) for element [By.xpath: .//div[contains(@class, &apos;webhooks-event-list&apos;)] under [By.xpath: .//div[contains(@class, &apos;webhooks-content&apos;)]]] on http://ucf2c-dcs-release-hub1.opcdeveloper.oracleinternalucf2c.oraclecorp.com/qa-dev/#projects/qa-dev_test-shared-project1-1460525673052/admin/webhooks?id=14308.
2016-04-12 23:16:37,506 DEBUG [oracle.clouddev.test.selenium.components.AssertElement] Check condition (element is enabled) for element [By.xpath: .//div[contains(@class, &apos;webhooks-event-list&apos;)] under [By.xpath: .//div[contains(@class, &apos;webhooks-content&apos;)]]] on http://ucf2c-dcs-release-hub1.opcdeveloper.oracleinternalucf2c.oraclecorp.com/qa-dev/#projects/qa-dev_test-shared-project1-1460525673052/admin/webhooks?id=14308.
2016-04-12 23:16:37,615 DEBUG [oracle.clouddev.test.selenium.components.AssertElement] Check condition (element is visible) for element [By.xpath: .//div[contains(@class, &apos;webhooks-events-group&apos;)] under [By.xpath: .//div[contains(@class, &apos;webhooks-content&apos;)]]] on http://ucf2c-dcs-release-hub1.opcdeveloper.oracleinternalucf2c.oraclecorp.com/qa-dev/#projects/qa-dev_test-shared-project1-1460525673052/admin/webhooks?id=14308.
2016-04-12 23:16:37,648 DEBUG [oracle.clouddev.test.selenium.components.AssertElement] Check condition (element is enabled) for element [By.xpath: .//div[contains(@class, &apos;webhooks-events-group&apos;)] under [By.xpath: .//div[contains(@class, &apos;webhooks-content&apos;)]]] on http://ucf2c-dcs-release-hub1.opcdeveloper.oracleinternalucf2c.oraclecorp.com/qa-dev/#projects/qa-dev_test-shared-project1-1460525673052/admin/webhooks?id=14308.
2016-04-12 23:16:37,997 DEBUG [oracle.clouddev.test.selenium.components.AssertElement] Check condition (element is visible) for element [input#webhooks-github-events-14306-group-push under [By.xpath: .//div[contains(@class, &apos;webhooks-events-group&apos;)] under [By.xpath: .//div[contains(@class, &apos;webhooks-content&apos;)]]]] on http://ucf2c-dcs-release-hub1.opcdeveloper.oracleinternalucf2c.oraclecorp.com/qa-dev/#projects/qa-dev_test-shared-project1-1460525673052/admin/webhooks?id=14308.
2016-04-12 23:16:38,038 DEBUG [oracle.clouddev.test.selenium.components.AssertElement] Check condition (element is enabled) for element [input#webhooks-github-events-14306-group-push under [By.xpath: .//div[contains(@class, &apos;webhooks-events-group&apos;)] under [By.xpath: .//div[contains(@class, &apos;webhooks-content&apos;)]]]] on http://ucf2c-dcs-release-hub1.opcdeveloper.oracleinternalucf2c.oraclecorp.com/qa-dev/#projects/qa-dev_test-shared-project1-1460525673052/admin/webhooks?id=14308.
2016-04-12 23:16:38,071 DEBUG [oracle.clouddev.test.selenium.components.AssertElement] Check condition (element is visible) for element [input#webhooks-github-events-14306-group-push under [By.xpath: .//div[contains(@class, &apos;webhooks-events-group&apos;)] under [By.xpath: .//div[contains(@class, &apos;webhooks-content&apos;)]]]] on http://ucf2c-dcs-release-hub1.opcdeveloper.oracleinternalucf2c.oraclecorp.com/qa-dev/#projects/qa-dev_test-shared-project1-1460525673052/admin/webhooks?id=14308.
2016-04-12 23:16:38,391 DEBUG [oracle.clouddev.test.selenium.components.AssertElement] Check condition (NOT (element is visible)) for element [By.xpath: .//div[contains(@class, &apos;webhooks-event-list&apos;)] under [By.xpath: .//div[contains(@class, &apos;webhooks-content&apos;)]]] on http://ucf2c-dcs-release-hub1.opcdeveloper.oracleinternalucf2c.oraclecorp.com/qa-dev/#projects/qa-dev_test-shared-project1-1460525673052/admin/webhooks?id=14308.
2016-04-12 23:16:39,472 DEBUG [oracle.clouddev.test.selenium.components.AssertElement] Check condition (element is visible) for element [input#webhooks-github-events-14306-group-select under [By.xpath: .//div[contains(@class, &apos;webhooks-events-group&apos;)] under [By.xpath: .//div[contains(@class, &apos;webhooks-content&apos;)]]]] on http://ucf2c-dcs-release-hub1.opcdeveloper.oracleinternalucf2c.oraclecorp.com/qa-dev/#projects/qa-dev_test-shared-project1-1460525673052/admin/webhooks?id=14308.
2016-04-12 23:16:39,500 DEBUG [oracle.clouddev.test.selenium.components.AssertElement] Check condition (element is enabled) for element [input#webhooks-github-events-14306-group-select under [By.xpath: .//div[contains(@class, &apos;webhooks-events-group&apos;)] under [By.xpath: .//div[contains(@class, &apos;webhooks-content&apos;)]]]] on http://ucf2c-dcs-release-hub1.opcdeveloper.oracleinternalucf2c.oraclecorp.com/qa-dev/#projects/qa-dev_test-shared-project1-1460525673052/admin/webhooks?id=14308.
2016-04-12 23:16:39,530 DEBUG [oracle.clouddev.test.selenium.components.AssertElement] Check condition (element is visible) for element [input#webhooks-github-events-14306-group-select under [By.xpath: .//div[contains(@class, &apos;webhooks-events-group&apos;)] under [By.xpath: .//div[contains(@class, &apos;webhooks-content&apos;)]]]] on http://ucf2c-dcs-release-hub1.opcdeveloper.oracleinternalucf2c.oraclecorp.com/qa-dev/#projects/qa-dev_test-shared-project1-1460525673052/admin/webhooks?id=14308.
2016-04-12 23:16:39,852 DEBUG [oracle.clouddev.test.selenium.components.AssertElement] Check condition (element is visible) for element [By.xpath: .//div[contains(@class, &apos;webhooks-event-list&apos;)] under [By.xpath: .//div[contains(@class, &apos;webhooks-content&apos;)]]] on http://ucf2c-dcs-release-hub1.opcdeveloper.oracleinternalucf2c.oraclecorp.com/qa-dev/#projects/qa-dev_test-shared-project1-1460525673052/admin/webhooks?id=14308.
2016-04-12 23:16:39,886 DEBUG [oracle.clouddev.test.selenium.components.AssertElement] Check condition (element is enabled) for element [By.xpath: .//div[contains(@class, &apos;webhooks-event-list&apos;)] under [By.xpath: .//div[contains(@class, &apos;webhooks-content&apos;)]]] on http://ucf2c-dcs-release-hub1.opcdeveloper.oracleinternalucf2c.oraclecorp.com/qa-dev/#projects/qa-dev_test-shared-project1-1460525673052/admin/webhooks?id=14308.
2016-04-12 23:16:40,035 DEBUG [oracle.clouddev.test.selenium.components.AssertElement] Check condition (element is visible) for element [By.xpath: .//*[(self::button or self::a or self::input) and @id=&apos;webhooks-activate&apos;]] on http://ucf2c-dcs-release-hub1.opcdeveloper.oracleinternalucf2c.oraclecorp.com/qa-dev/#projects/qa-dev_test-shared-project1-1460525673052/admin/webhooks?id=14308.
2016-04-12 23:16:40,061 DEBUG [oracle.clouddev.test.selenium.components.AssertElement] Check condition (element has style class &apos;oj-enabled&apos;) for element [By.xpath: .//*[(self::button or self::a or self::input) and @id=&apos;webhooks-activate&apos;]] on http://ucf2c-dcs-release-hub1.opcdeveloper.oracleinternalucf2c.oraclecorp.com/qa-dev/#projects/qa-dev_test-shared-project1-1460525673052/admin/webhooks?id=14308.
2016-04-12 23:16:40,083 DEBUG [oracle.clouddev.test.selenium.components.AssertElement] Check condition (element is visible) for element [By.xpath: .//*[(self::button or self::a or self::input) and @id=&apos;webhooks-activate&apos;]] on http://ucf2c-dcs-release-hub1.opcdeveloper.oracleinternalucf2c.oraclecorp.com/qa-dev/#projects/qa-dev_test-shared-project1-1460525673052/admin/webhooks?id=14308.
2016-04-12 23:16:40,109 DEBUG [oracle.clouddev.test.selenium.components.AssertElement] Check condition (element has style class &apos;oj-enabled&apos;) for element [By.xpath: .//*[(self::button or self::a or self::input) and @id=&apos;webhooks-activate&apos;]] on http://ucf2c-dcs-release-hub1.opcdeveloper.oracleinternalucf2c.oraclecorp.com/qa-dev/#projects/qa-dev_test-shared-project1-1460525673052/admin/webhooks?id=14308.
2016-04-12 23:16:40,298 DEBUG [oracle.clouddev.test.selenium.components.AssertElement] Check condition (checkbox is checked) for element [By.xpath: .//input[contains(@class, &apos;webhooks-active&apos;)] under [By.xpath: .//div[contains(@class, &apos;webhooks-content&apos;)]]] on http://ucf2c-dcs-release-hub1.opcdeveloper.oracleinternalucf2c.oraclecorp.com/qa-dev/#projects/qa-dev_test-shared-project1-1460525673052/admin/webhooks?id=14308.
2016-04-12 23:16:40,346 DEBUG [oracle.clouddev.test.selenium.components.AssertElement] Check condition (element is visible) for element [By.xpath: .//ul[@id=&apos;webhook-list-content&apos;]] on http://ucf2c-dcs-release-hub1.opcdeveloper.oracleinternalucf2c.oraclecorp.com/qa-dev/#projects/qa-dev_test-shared-project1-1460525673052/admin/webhooks?id=14308.
2016-04-12 23:16:40,417 DEBUG [oracle.clouddev.test.selenium.components.AssertElement] Check condition (element is visible) for element [input# under [By.xpath: .//ul[@id=&apos;webhook-list-content&apos;]]] on http://ucf2c-dcs-release-hub1.opcdeveloper.oracleinternalucf2c.oraclecorp.com/qa-dev/#projects/qa-dev_test-shared-project1-1460525673052/admin/webhooks?id=14308.
2016-04-12 23:16:40,448 DEBUG [oracle.clouddev.test.selenium.components.AssertElement] Check condition (element is readonly) for element [input# under [By.xpath: .//ul[@id=&apos;webhook-list-content&apos;]]] on http://ucf2c-dcs-release-hub1.opcdeveloper.oracleinternalucf2c.oraclecorp.com/qa-dev/#projects/qa-dev_test-shared-project1-1460525673052/admin/webhooks?id=14308.
2016-04-12 23:16:40,477 DEBUG [oracle.clouddev.test.selenium.components.AssertElement] Check condition (element is visible) for element [input# under [By.xpath: .//ul[@id=&apos;webhook-list-content&apos;]]] on http://ucf2c-dcs-release-hub1.opcdeveloper.oracleinternalucf2c.oraclecorp.com/qa-dev/#projects/qa-dev_test-shared-project1-1460525673052/admin/webhooks?id=14308.
2016-04-12 23:16:40,816 DEBUG [oracle.clouddev.test.selenium.components.AssertElement] Check condition (element is visible) for element [By.xpath: .//div[contains(@class, &apos;webhook-header&apos;)] under [By.xpath: .//li[contains(@class, &apos;webhook-selected&apos;) and contains(@class, &apos;webhook-list-item&apos;)] under [By.xpath: .//ul[@id=&apos;webhook-list-content&apos;]]]] on http://ucf2c-dcs-release-hub1.opcdeveloper.oracleinternalucf2c.oraclecorp.com/qa-dev/#projects/qa-dev_test-shared-project1-1460525673052/admin/webhooks?id=14308.
2016-04-12 23:16:40,855 DEBUG [oracle.clouddev.test.selenium.components.AssertElement] Check condition (ojInputText value is webhook-jenkins-2) for element [By.xpath: ./input[contains(@class, &apos;oj-inputtext-input&apos;)] under [By.xpath: .//div[contains(@class, &apos;webhook-header&apos;)] under [By.xpath: .//li[contains(@class, &apos;webhook-selected&apos;) and contains(@class, &apos;webhook-list-item&apos;)] under [By.xpath: .//ul[@id=&apos;webhook-list-content&apos;]]]]] on http://ucf2c-dcs-release-hub1.opcdeveloper.oracleinternalucf2c.oraclecorp.com/qa-dev/#projects/qa-dev_test-shared-project1-1460525673052/admin/webhooks?id=14308.
2016-04-12 23:16:40,902 DEBUG [oracle.clouddev.test.selenium.components.AssertElement] Check condition (element is visible) for element [By.xpath: .//div[contains(@class, &apos;status-icon&apos;)] under [By.xpath: .//li[contains(@class, &apos;webhook-selected&apos;) and contains(@class, &apos;webhook-list-item&apos;)] under [By.xpath: .//ul[@id=&apos;webhook-list-content&apos;]]]] on http://ucf2c-dcs-release-hub1.opcdeveloper.oracleinternalucf2c.oraclecorp.com/qa-dev/#projects/qa-dev_test-shared-project1-1460525673052/admin/webhooks?id=14308.
2016-04-12 23:16:40,944 DEBUG [oracle.clouddev.test.selenium.components.AssertElement] Check condition (NOT ((element has style class &apos;success-status&apos; OR element has style class &apos;fail-status&apos;))) for element [By.xpath: .//div[contains(@class, &apos;status-icon&apos;)] under [By.xpath: .//li[contains(@class, &apos;webhook-selected&apos;) and contains(@class, &apos;webhook-list-item&apos;)] under [By.xpath: .//ul[@id=&apos;webhook-list-content&apos;]]]] on http://ucf2c-dcs-release-hub1.opcdeveloper.oracleinternalucf2c.oraclecorp.com/qa-dev/#projects/qa-dev_test-shared-project1-1460525673052/admin/webhooks?id=14308.
2016-04-12 23:16:41,010 DEBUG [oracle.clouddev.test.selenium.components.AssertElement] Check condition (element is visible) for element [By.xpath: .//*[(self::button or self::a or self::input) and @id=&apos;webhooks-logs-test&apos;]] on http://ucf2c-dcs-release-hub1.opcdeveloper.oracleinternalucf2c.oraclecorp.com/qa-dev/#projects/qa-dev_test-shared-project1-1460525673052/admin/webhooks?id=14308.
2016-04-12 23:16:41,037 DEBUG [oracle.clouddev.test.selenium.components.AssertElement] Check condition (element has style class &apos;oj-enabled&apos;) for element [By.xpath: .//*[(self::button or self::a or self::input) and @id=&apos;webhooks-logs-test&apos;]] on http://ucf2c-dcs-release-hub1.opcdeveloper.oracleinternalucf2c.oraclecorp.com/qa-dev/#projects/qa-dev_test-shared-project1-1460525673052/admin/webhooks?id=14308.
2016-04-12 23:16:41,066 DEBUG [oracle.clouddev.test.selenium.components.AssertElement] Check condition (element is visible) for element [By.xpath: .//*[(self::button or self::a or self::input) and @id=&apos;webhooks-logs-test&apos;]] on http://ucf2c-dcs-release-hub1.opcdeveloper.oracleinternalucf2c.oraclecorp.com/qa-dev/#projects/qa-dev_test-shared-project1-1460525673052/admin/webhooks?id=14308.
2016-04-12 23:16:41,092 DEBUG [oracle.clouddev.test.selenium.components.AssertElement] Check condition (element has style class &apos;oj-enabled&apos;) for element [By.xpath: .//*[(self::button or self::a or self::input) and @id=&apos;webhooks-logs-test&apos;]] on http://ucf2c-dcs-release-hub1.opcdeveloper.oracleinternalucf2c.oraclecorp.com/qa-dev/#projects/qa-dev_test-shared-project1-1460525673052/admin/webhooks?id=14308.
2016-04-12 23:16:41,292 DEBUG [oracle.clouddev.test.selenium.components.AssertElement] Check condition (element is visible) for element [By.xpath: .//div[contains(@class, &apos;webhooks-content&apos;)]] on http://ucf2c-dcs-release-hub1.opcdeveloper.oracleinternalucf2c.oraclecorp.com/qa-dev/#projects/qa-dev_test-shared-project1-1460525673052/admin/webhooks?id=14308.
2016-04-12 23:16:41,316 DEBUG [oracle.clouddev.test.selenium.components.AssertElement] Check condition (element is enabled) for element [By.xpath: .//div[contains(@class, &apos;webhooks-content&apos;)]] on http://ucf2c-dcs-release-hub1.opcdeveloper.oracleinternalucf2c.oraclecorp.com/qa-dev/#projects/qa-dev_test-shared-project1-1460525673052/admin/webhooks?id=14308.
2016-04-12 23:16:41,338 DEBUG [oracle.clouddev.test.selenium.components.AssertElement] Check condition (element is visible) for element [By.xpath: .//div[contains(@class, &apos;webhooks-name&apos;)] under [By.xpath: .//div[contains(@class, &apos;webhooks-content&apos;)]]] on http://ucf2c-dcs-release-hub1.opcdeveloper.oracleinternalucf2c.oraclecorp.com/qa-dev/#projects/qa-dev_test-shared-project1-1460525673052/admin/webhooks?id=14308.
2016-04-12 23:16:41,378 DEBUG [oracle.clouddev.test.selenium.components.AssertElement] Check condition (element is enabled) for element [By.xpath: .//div[contains(@class, &apos;webhooks-name&apos;)] under [By.xpath: .//div[contains(@class, &apos;webhooks-content&apos;)]]] on http://ucf2c-dcs-release-hub1.opcdeveloper.oracleinternalucf2c.oraclecorp.com/qa-dev/#projects/qa-dev_test-shared-project1-1460525673052/admin/webhooks?id=14308.
2016-04-12 23:16:41,944 DEBUG [oracle.clouddev.test.selenium.components.AssertElement] Check condition (element exists) for element [By.xpath: ./input[contains(@class, &apos;oj-inputtext-input&apos;)] under [By.xpath: .//div[contains(@class, &apos;webhooks-name&apos;)] under [By.xpath: .//div[contains(@class, &apos;webhooks-content&apos;)]]]] on http://ucf2c-dcs-release-hub1.opcdeveloper.oracleinternalucf2c.oraclecorp.com/qa-dev/#projects/qa-dev_test-shared-project1-1460525673052/admin/webhooks?id=14308.
2016-04-12 23:16:41,976 DEBUG [oracle.clouddev.test.selenium.components.AssertElement] Check condition (element is visible) for element [By.xpath: .//div[contains(@class, &apos;webhooks-name&apos;)] under [By.xpath: .//div[contains(@class, &apos;webhooks-content&apos;)]]] on http://ucf2c-dcs-release-hub1.opcdeveloper.oracleinternalucf2c.oraclecorp.com/qa-dev/#projects/qa-dev_test-shared-project1-1460525673052/admin/webhooks?id=14308.
2016-04-12 23:16:42,009 DEBUG [oracle.clouddev.test.selenium.components.AssertElement] Check condition (ojInputText value is webhook-jenkins-2) for element [By.xpath: ./input[contains(@class, &apos;oj-inputtext-input&apos;)] under [By.xpath: .//div[contains(@class, &apos;webhooks-name&apos;)] under [By.xpath: .//div[contains(@class, &apos;webhooks-content&apos;)]]]] on http://ucf2c-dcs-release-hub1.opcdeveloper.oracleinternalucf2c.oraclecorp.com/qa-dev/#projects/qa-dev_test-shared-project1-1460525673052/admin/webhooks?id=14308.
2016-04-12 23:16:42,041 DEBUG [oracle.clouddev.test.selenium.components.AssertElement] Check condition (element is visible) for element [By.xpath: .//div[contains(@class, &apos;webhooks-name&apos;)] under [By.xpath: .//div[contains(@class, &apos;webhooks-content&apos;)]]] on http://ucf2c-dcs-release-hub1.opcdeveloper.oracleinternalucf2c.oraclecorp.com/qa-dev/#projects/qa-dev_test-shared-project1-1460525673052/admin/webhooks?id=14308.
2016-04-12 23:16:42,071 DEBUG [oracle.clouddev.test.selenium.components.AssertElement] Check condition (element is visible) for element [By.xpath: ./input[contains(@class, &apos;oj-inputtext-input&apos;)] under [By.xpath: .//div[contains(@class, &apos;webhooks-name&apos;)] under [By.xpath: .//div[contains(@class, &apos;webhooks-content&apos;)]]]] on http://ucf2c-dcs-release-hub1.opcdeveloper.oracleinternalucf2c.oraclecorp.com/qa-dev/#projects/qa-dev_test-shared-project1-1460525673052/admin/webhooks?id=14308.
2016-04-12 23:16:42,108 DEBUG [oracle.clouddev.test.selenium.components.AssertElement] Check condition (NOT (element is readonly)) for element [By.xpath: ./input[contains(@class, &apos;oj-inputtext-input&apos;)] under [By.xpath: .//div[contains(@class, &apos;webhooks-name&apos;)] under [By.xpath: .//div[contains(@class, &apos;webhooks-content&apos;)]]]] on http://ucf2c-dcs-release-hub1.opcdeveloper.oracleinternalucf2c.oraclecorp.com/qa-dev/#projects/qa-dev_test-shared-project1-1460525673052/admin/webhooks?id=14308.
2016-04-12 23:16:42,142 DEBUG [oracle.clouddev.test.selenium.components.AssertElement] Check condition (element is visible) for element [By.xpath: ./input[contains(@class, &apos;oj-inputtext-input&apos;)] under [By.xpath: .//div[contains(@class, &apos;webhooks-name&apos;)] under [By.xpath: .//div[contains(@class, &apos;webhooks-content&apos;)]]]] on http://ucf2c-dcs-release-hub1.opcdeveloper.oracleinternalucf2c.oraclecorp.com/qa-dev/#projects/qa-dev_test-shared-project1-1460525673052/admin/webhooks?id=14308.
2016-04-12 23:16:42,644 DEBUG [oracle.clouddev.test.selenium.components.AssertElement] Check condition (element is visible) for element [By.xpath: .//div[contains(@class, &apos;webhooks-name&apos;)] under [By.xpath: .//div[contains(@class, &apos;webhooks-content&apos;)]]] on http://ucf2c-dcs-release-hub1.opcdeveloper.oracleinternalucf2c.oraclecorp.com/qa-dev/#projects/qa-dev_test-shared-project1-1460525673052/admin/webhooks?id=14308.
2016-04-12 23:16:42,679 DEBUG [oracle.clouddev.test.selenium.components.AssertElement] Check condition (ojInputText value is webhook-jenkins-2-changed) for element [By.xpath: ./input[contains(@class, &apos;oj-inputtext-input&apos;)] under [By.xpath: .//div[contains(@class, &apos;webhooks-name&apos;)] under [By.xpath: .//div[contains(@class, &apos;webhooks-content&apos;)]]]] on http://ucf2c-dcs-release-hub1.opcdeveloper.oracleinternalucf2c.oraclecorp.com/qa-dev/#projects/qa-dev_test-shared-project1-1460525673052/admin/webhooks?id=14308.
2016-04-12 23:16:42,718 DEBUG [oracle.clouddev.test.selenium.components.AssertElement] Check condition (element is visible) for element [By.xpath: .//input[contains(@class, &apos;webhooks-active&apos;)] under [By.xpath: .//div[contains(@class, &apos;webhooks-content&apos;)]]] on http://ucf2c-dcs-release-hub1.opcdeveloper.oracleinternalucf2c.oraclecorp.com/qa-dev/#projects/qa-dev_test-shared-project1-1460525673052/admin/webhooks?id=14308.
2016-04-12 23:16:42,750 DEBUG [oracle.clouddev.test.selenium.components.AssertElement] Check condition (element is enabled) for element [By.xpath: .//input[contains(@class, &apos;webhooks-active&apos;)] under [By.xpath: .//div[contains(@class, &apos;webhooks-content&apos;)]]] on http://ucf2c-dcs-release-hub1.opcdeveloper.oracleinternalucf2c.oraclecorp.com/qa-dev/#projects/qa-dev_test-shared-project1-1460525673052/admin/webhooks?id=14308.
2016-04-12 23:16:42,777 DEBUG [oracle.clouddev.test.selenium.components.AssertElement] Check condition (checkbox is checked) for element [By.xpath: .//input[contains(@class, &apos;webhooks-active&apos;)] under [By.xpath: .//div[contains(@class, &apos;webhooks-content&apos;)]]] on http://ucf2c-dcs-release-hub1.opcdeveloper.oracleinternalucf2c.oraclecorp.com/qa-dev/#projects/qa-dev_test-shared-project1-1460525673052/admin/webhooks?id=14308.
2016-04-12 23:16:42,812 DEBUG [oracle.clouddev.test.selenium.components.AssertElement] Check condition (element is visible) for element [By.xpath: .//input[contains(@class, &apos;webhooks-active&apos;)] under [By.xpath: .//div[contains(@class, &apos;webhooks-content&apos;)]]] on http://ucf2c-dcs-release-hub1.opcdeveloper.oracleinternalucf2c.oraclecorp.com/qa-dev/#projects/qa-dev_test-shared-project1-1460525673052/admin/webhooks?id=14308.
2016-04-12 23:16:42,923 DEBUG [oracle.clouddev.test.selenium.components.AssertElement] Check condition (NOT (checkbox is checked)) for element [By.xpath: .//input[contains(@class, &apos;webhooks-active&apos;)] under [By.xpath: .//div[contains(@class, &apos;webhooks-content&apos;)]]] on http://ucf2c-dcs-release-hub1.opcdeveloper.oracleinternalucf2c.oraclecorp.com/qa-dev/#projects/qa-dev_test-shared-project1-1460525673052/admin/webhooks?id=14308.
2016-04-12 23:16:42,950 DEBUG [oracle.clouddev.test.selenium.components.AssertElement] Check condition (element is visible) for element [By.xpath: .//div[contains(@class, &apos;webhooks-target-url&apos;)] under [By.xpath: .//div[contains(@class, &apos;webhooks-content&apos;)]]] on http://ucf2c-dcs-release-hub1.opcdeveloper.oracleinternalucf2c.oraclecorp.com/qa-dev/#projects/qa-dev_test-shared-project1-1460525673052/admin/webhooks?id=14308.
2016-04-12 23:16:42,981 DEBUG [oracle.clouddev.test.selenium.components.AssertElement] Check condition (element is enabled) for element [By.xpath: .//div[contains(@class, &apos;webhooks-target-url&apos;)] under [By.xpath: .//div[contains(@class, &apos;webhooks-content&apos;)]]] on http://ucf2c-dcs-release-hub1.opcdeveloper.oracleinternalucf2c.oraclecorp.com/qa-dev/#projects/qa-dev_test-shared-project1-1460525673052/admin/webhooks?id=14308.
2016-04-12 23:16:43,030 DEBUG [oracle.clouddev.test.selenium.components.AssertElement] Check condition (element exists) for element [By.xpath: ./input[contains(@class, &apos;oj-inputtext-input&apos;)] under [By.xpath: .//div[contains(@class, &apos;webhooks-target-url&apos;)] under [By.xpath: .//div[contains(@class, &apos;webhooks-content&apos;)]]]] on http://ucf2c-dcs-release-hub1.opcdeveloper.oracleinternalucf2c.oraclecorp.com/qa-dev/#projects/qa-dev_test-shared-project1-1460525673052/admin/webhooks?id=14308.
2016-04-12 23:16:43,067 DEBUG [oracle.clouddev.test.selenium.components.AssertElement] Check condition (element is visible) for element [By.xpath: .//div[contains(@class, &apos;webhooks-target-url&apos;)] under [By.xpath: .//div[contains(@class, &apos;webhooks-content&apos;)]]] on http://ucf2c-dcs-release-hub1.opcdeveloper.oracleinternalucf2c.oraclecorp.com/qa-dev/#projects/qa-dev_test-shared-project1-1460525673052/admin/webhooks?id=14308.
2016-04-12 23:16:43,106 DEBUG [oracle.clouddev.test.selenium.components.AssertElement] Check condition (element is visible) for element [By.xpath: ./input[contains(@class, &apos;oj-inputtext-input&apos;)] under [By.xpath: .//div[contains(@class, &apos;webhooks-target-url&apos;)] under [By.xpath: .//div[contains(@class, &apos;webhooks-content&apos;)]]]] on http://ucf2c-dcs-release-hub1.opcdeveloper.oracleinternalucf2c.oraclecorp.com/qa-dev/#projects/qa-dev_test-shared-project1-1460525673052/admin/webhooks?id=14308.
2016-04-12 23:16:43,168 DEBUG [oracle.clouddev.test.selenium.components.AssertElement] Check condition (element is visible) for element [By.xpath: .//div[contains(@class, &apos;webhooks-target-url&apos;)] under [By.xpath: .//div[contains(@class, &apos;webhooks-content&apos;)]]] on http://ucf2c-dcs-release-hub1.opcdeveloper.oracleinternalucf2c.oraclecorp.com/qa-dev/#projects/qa-dev_test-shared-project1-1460525673052/admin/webhooks?id=14308.
2016-04-12 23:16:43,201 DEBUG [oracle.clouddev.test.selenium.components.AssertElement] Check condition (element is visible) for element [By.xpath: ./input[contains(@class, &apos;oj-inputtext-input&apos;)] under [By.xpath: .//div[contains(@class, &apos;webhooks-target-url&apos;)] under [By.xpath: .//div[contains(@class, &apos;webhooks-content&apos;)]]]] on http://ucf2c-dcs-release-hub1.opcdeveloper.oracleinternalucf2c.oraclecorp.com/qa-dev/#projects/qa-dev_test-shared-project1-1460525673052/admin/webhooks?id=14308.
2016-04-12 23:16:43,240 DEBUG [oracle.clouddev.test.selenium.components.AssertElement] Check condition (NOT (element is readonly)) for element [By.xpath: ./input[contains(@class, &apos;oj-inputtext-input&apos;)] under [By.xpath: .//div[contains(@class, &apos;webhooks-target-url&apos;)] under [By.xpath: .//div[contains(@class, &apos;webhooks-content&apos;)]]]] on http://ucf2c-dcs-release-hub1.opcdeveloper.oracleinternalucf2c.oraclecorp.com/qa-dev/#projects/qa-dev_test-shared-project1-1460525673052/admin/webhooks?id=14308.
2016-04-12 23:16:43,276 DEBUG [oracle.clouddev.test.selenium.components.AssertElement] Check condition (element is visible) for element [By.xpath: ./input[contains(@class, &apos;oj-inputtext-input&apos;)] under [By.xpath: .//div[contains(@class, &apos;webhooks-target-url&apos;)] under [By.xpath: .//div[contains(@class, &apos;webhooks-content&apos;)]]]] on http://ucf2c-dcs-release-hub1.opcdeveloper.oracleinternalucf2c.oraclecorp.com/qa-dev/#projects/qa-dev_test-shared-project1-1460525673052/admin/webhooks?id=14308.
2016-04-12 23:16:43,998 DEBUG [oracle.clouddev.test.selenium.components.AssertElement] Check condition (element is visible) for element [By.xpath: .//div[contains(@class, &apos;webhooks-target-url&apos;)] under [By.xpath: .//div[contains(@class, &apos;webhooks-content&apos;)]]] on http://ucf2c-dcs-release-hub1.opcdeveloper.oracleinternalucf2c.oraclecorp.com/qa-dev/#projects/qa-dev_test-shared-project1-1460525673052/admin/webhooks?id=14308.
2016-04-12 23:16:44,226 DEBUG [oracle.clouddev.test.selenium.components.AssertElement] Check condition (ojInputText value is http://ucf2c-dcs-release-hub1.opcdeveloper.oracleinternalucf2c.oraclecorp.com/qa-dev/#projects/qa-dev_test-shared-project1-1460525673052/webhook/new-changed) for element [By.xpath: ./input[contains(@class, &apos;oj-inputtext-input&apos;)] under [By.xpath: .//div[contains(@class, &apos;webhooks-target-url&apos;)] under [By.xpath: .//div[contains(@class, &apos;webhooks-content&apos;)]]]] on http://ucf2c-dcs-release-hub1.opcdeveloper.oracleinternalucf2c.oraclecorp.com/qa-dev/#projects/qa-dev_test-shared-project1-1460525673052/admin/webhooks?id=14308.
2016-04-12 23:16:44,351 DEBUG [oracle.clouddev.test.selenium.components.AssertElement] Check condition (element is visible) for element [By.xpath: .//div[contains(@class, &apos;webhooks-jenkins-url-collapsible&apos;)] under [By.xpath: .//div[contains(@class, &apos;webhooks-content&apos;)]]] on http://ucf2c-dcs-release-hub1.opcdeveloper.oracleinternalucf2c.oraclecorp.com/qa-dev/#projects/qa-dev_test-shared-project1-1460525673052/admin/webhooks?id=14308.
2016-04-12 23:16:44,486 DEBUG [oracle.clouddev.test.selenium.components.AssertElement] Check condition (element is enabled) for element [By.xpath: .//div[contains(@class, &apos;webhooks-jenkins-url-collapsible&apos;)] under [By.xpath: .//div[contains(@class, &apos;webhooks-content&apos;)]]] on http://ucf2c-dcs-release-hub1.opcdeveloper.oracleinternalucf2c.oraclecorp.com/qa-dev/#projects/qa-dev_test-shared-project1-1460525673052/admin/webhooks?id=14308.
2016-04-12 23:16:44,542 DEBUG [oracle.clouddev.test.selenium.components.AssertElement] Check condition (element is visible) for element [By.xpath: .//div[contains(@class, &apos;webhooks-url-types&apos;)]] on http://ucf2c-dcs-release-hub1.opcdeveloper.oracleinternalucf2c.oraclecorp.com/qa-dev/#projects/qa-dev_test-shared-project1-1460525673052/admin/webhooks?id=14308.
2016-04-12 23:16:44,568 DEBUG [oracle.clouddev.test.selenium.components.AssertElement] Check condition (NOT (element has style class &apos;oj-disabled&apos;)) for element [By.xpath: .//div[contains(@class, &apos;webhooks-url-types&apos;)]] on http://ucf2c-dcs-release-hub1.opcdeveloper.oracleinternalucf2c.oraclecorp.com/qa-dev/#projects/qa-dev_test-shared-project1-1460525673052/admin/webhooks?id=14308.
2016-04-12 23:16:44,603 DEBUG [oracle.clouddev.test.selenium.components.AssertElement] Check condition (element exists) for element [By.xpath: ./div[contains(@class, &apos;oj-select-choice&apos;)] under [By.xpath: .//div[contains(@class, &apos;webhooks-url-types&apos;)]]] on http://ucf2c-dcs-release-hub1.opcdeveloper.oracleinternalucf2c.oraclecorp.com/qa-dev/#projects/qa-dev_test-shared-project1-1460525673052/admin/webhooks?id=14308.
2016-04-12 23:16:44,626 DEBUG [oracle.clouddev.test.selenium.components.AssertElement] Check condition (NOT (element is visible)) for element [By.xpath: ./following-sibling::select[contains(@data-bind, &apos;ojSelect&apos;)] under [By.xpath: .//div[contains(@class, &apos;webhooks-url-types&apos;)]]] on http://ucf2c-dcs-release-hub1.opcdeveloper.oracleinternalucf2c.oraclecorp.com/qa-dev/#projects/qa-dev_test-shared-project1-1460525673052/admin/webhooks?id=14308.
2016-04-12 23:16:44,653 DEBUG [oracle.clouddev.test.selenium.components.AssertElement] Check condition (element is visible) for element [By.xpath: .//span[contains(@class, &apos;oj-select-chosen&apos;)] under [By.xpath: .//div[contains(@class, &apos;webhooks-url-types&apos;)]]] on http://ucf2c-dcs-release-hub1.opcdeveloper.oracleinternalucf2c.oraclecorp.com/qa-dev/#projects/qa-dev_test-shared-project1-1460525673052/admin/webhooks?id=14308.
2016-04-12 23:16:44,724 DEBUG [oracle.clouddev.test.selenium.components.AssertElement] Check condition (element is visible) for element [By.xpath: . under [By.xpath: .//div[contains(@class, &apos;webhooks-url-types&apos;)]]] on http://ucf2c-dcs-release-hub1.opcdeveloper.oracleinternalucf2c.oraclecorp.com/qa-dev/#projects/qa-dev_test-shared-project1-1460525673052/admin/webhooks?id=14308.
2016-04-12 23:16:44,771 DEBUG [oracle.clouddev.test.selenium.components.AssertElement] Check condition (element is enabled) for element [By.xpath: . under [By.xpath: .//div[contains(@class, &apos;webhooks-url-types&apos;)]]] on http://ucf2c-dcs-release-hub1.opcdeveloper.oracleinternalucf2c.oraclecorp.com/qa-dev/#projects/qa-dev_test-shared-project1-1460525673052/admin/webhooks?id=14308.
2016-04-12 23:16:44,815 DEBUG [oracle.clouddev.test.selenium.components.AssertElement] Check condition (element is visible) for element [By.xpath: .//a[contains(@class, &apos;oj-select-arrow&apos;)] under [By.xpath: . under [By.xpath: .//div[contains(@class, &apos;webhooks-url-types&apos;)]]]] on http://ucf2c-dcs-release-hub1.opcdeveloper.oracleinternalucf2c.oraclecorp.com/qa-dev/#projects/qa-dev_test-shared-project1-1460525673052/admin/webhooks?id=14308.
2016-04-12 23:16:44,858 DEBUG [oracle.clouddev.test.selenium.components.AssertElement] Check condition (element is visible) for element [By.xpath: .//a[contains(@class, &apos;oj-select-arrow&apos;)] under [By.xpath: . under [By.xpath: .//div[contains(@class, &apos;webhooks-url-types&apos;)]]]] on http://ucf2c-dcs-release-hub1.opcdeveloper.oracleinternalucf2c.oraclecorp.com/qa-dev/#projects/qa-dev_test-shared-project1-1460525673052/admin/webhooks?id=14308.
2016-04-12 23:16:45,110 DEBUG [oracle.clouddev.test.selenium.components.AssertElement] Check condition (element is visible) for element [By.xpath: .//div[@id=&apos;oj-listbox-drop&apos;]] on http://ucf2c-dcs-release-hub1.opcdeveloper.oracleinternalucf2c.oraclecorp.com/qa-dev/#projects/qa-dev_test-shared-project1-1460525673052/admin/webhooks?id=14308.
2016-04-12 23:16:45,333 DEBUG [oracle.clouddev.test.selenium.components.AssertElement] Check condition (element is visible) for element [By.xpath: . under [By.xpath: .//div[contains(@class, &apos;webhooks-url-types&apos;)]]] on http://ucf2c-dcs-release-hub1.opcdeveloper.oracleinternalucf2c.oraclecorp.com/qa-dev/#projects/qa-dev_test-shared-project1-1460525673052/admin/webhooks?id=14308.
2016-04-12 23:16:45,368 DEBUG [oracle.clouddev.test.selenium.components.AssertElement] Check condition (element is enabled) for element [By.xpath: . under [By.xpath: .//div[contains(@class, &apos;webhooks-url-types&apos;)]]] on http://ucf2c-dcs-release-hub1.opcdeveloper.oracleinternalucf2c.oraclecorp.com/qa-dev/#projects/qa-dev_test-shared-project1-1460525673052/admin/webhooks?id=14308.
2016-04-12 23:16:45,413 DEBUG [oracle.clouddev.test.selenium.components.AssertElement] Check condition (element is visible) for element [By.xpath: .//a[contains(@class, &apos;oj-select-arrow&apos;)] under [By.xpath: . under [By.xpath: .//div[contains(@class, &apos;webhooks-url-types&apos;)]]]] on http://ucf2c-dcs-release-hub1.opcdeveloper.oracleinternalucf2c.oraclecorp.com/qa-dev/#projects/qa-dev_test-shared-project1-1460525673052/admin/webhooks?id=14308.
2016-04-12 23:16:45,461 DEBUG [oracle.clouddev.test.selenium.components.AssertElement] Check condition (element is visible) for element [By.xpath: .//a[contains(@class, &apos;oj-select-arrow&apos;)] under [By.xpath: . under [By.xpath: .//div[contains(@class, &apos;webhooks-url-types&apos;)]]]] on http://ucf2c-dcs-release-hub1.opcdeveloper.oracleinternalucf2c.oraclecorp.com/qa-dev/#projects/qa-dev_test-shared-project1-1460525673052/admin/webhooks?id=14308.
2016-04-12 23:16:45,695 DEBUG [oracle.clouddev.test.selenium.components.AssertElement] Check condition (element is visible) for element [By.xpath: . under [By.xpath: .//div[contains(@class, &apos;webhooks-url-types&apos;)]]] on http://ucf2c-dcs-release-hub1.opcdeveloper.oracleinternalucf2c.oraclecorp.com/qa-dev/#projects/qa-dev_test-shared-project1-1460525673052/admin/webhooks?id=14308.
2016-04-12 23:16:45,743 DEBUG [oracle.clouddev.test.selenium.components.AssertElement] Check condition (element is enabled) for element [By.xpath: . under [By.xpath: .//div[contains(@class, &apos;webhooks-url-types&apos;)]]] on http://ucf2c-dcs-release-hub1.opcdeveloper.oracleinternalucf2c.oraclecorp.com/qa-dev/#projects/qa-dev_test-shared-project1-1460525673052/admin/webhooks?id=14308.
2016-04-12 23:16:45,806 DEBUG [oracle.clouddev.test.selenium.components.AssertElement] Check condition (element is visible) for element [By.xpath: .//a[contains(@class, &apos;oj-select-arrow&apos;)] under [By.xpath: . under [By.xpath: .//div[contains(@class, &apos;webhooks-url-types&apos;)]]]] on http://ucf2c-dcs-release-hub1.opcdeveloper.oracleinternalucf2c.oraclecorp.com/qa-dev/#projects/qa-dev_test-shared-project1-1460525673052/admin/webhooks?id=14308.
2016-04-12 23:16:45,868 DEBUG [oracle.clouddev.test.selenium.components.AssertElement] Check condition (element is visible) for element [By.xpath: .//a[contains(@class, &apos;oj-select-arrow&apos;)] under [By.xpath: . under [By.xpath: .//div[contains(@class, &apos;webhooks-url-types&apos;)]]]] on http://ucf2c-dcs-release-hub1.opcdeveloper.oracleinternalucf2c.oraclecorp.com/qa-dev/#projects/qa-dev_test-shared-project1-1460525673052/admin/webhooks?id=14308.
2016-04-12 23:16:46,142 DEBUG [oracle.clouddev.test.selenium.components.AssertElement] Check condition (element is visible) for element [By.xpath: .//div[@id=&apos;oj-listbox-drop&apos;]] on http://ucf2c-dcs-release-hub1.opcdeveloper.oracleinternalucf2c.oraclecorp.com/qa-dev/#projects/qa-dev_test-shared-project1-1460525673052/admin/webhooks?id=14308.
2016-04-12 23:16:46,167 DEBUG [oracle.clouddev.test.selenium.components.AssertElement] Check condition (element is visible) for element [By.xpath: .//div[@class=&apos;oj-listbox-result-label&apos; and contains(text(),&apos;SSH Repository Address&apos;)] under [By.xpath: .//div[@id=&apos;oj-listbox-drop&apos;]]] on http://ucf2c-dcs-release-hub1.opcdeveloper.oracleinternalucf2c.oraclecorp.com/qa-dev/#projects/qa-dev_test-shared-project1-1460525673052/admin/webhooks?id=14308.
2016-04-12 23:16:46,203 DEBUG [oracle.clouddev.test.selenium.components.AssertElement] Check condition (element is visible) for element [By.xpath: .//div[@class=&apos;oj-listbox-result-label&apos; and contains(text(),&apos;SSH Repository Address&apos;)] under [By.xpath: .//div[@id=&apos;oj-listbox-drop&apos;]]] on http://ucf2c-dcs-release-hub1.opcdeveloper.oracleinternalucf2c.oraclecorp.com/qa-dev/#projects/qa-dev_test-shared-project1-1460525673052/admin/webhooks?id=14308.
2016-04-12 23:16:46,401 DEBUG [oracle.clouddev.test.selenium.components.AssertElement] Check condition (element is visible) for element [By.xpath: . under [By.xpath: .//div[contains(@class, &apos;webhooks-url-types&apos;)]]] on http://ucf2c-dcs-release-hub1.opcdeveloper.oracleinternalucf2c.oraclecorp.com/qa-dev/#projects/qa-dev_test-shared-project1-1460525673052/admin/webhooks?id=14308.
2016-04-12 23:16:46,481 DEBUG [oracle.clouddev.test.selenium.components.AssertElement] Check condition (element is enabled) for element [By.xpath: . under [By.xpath: .//div[contains(@class, &apos;webhooks-url-types&apos;)]]] on http://ucf2c-dcs-release-hub1.opcdeveloper.oracleinternalucf2c.oraclecorp.com/qa-dev/#projects/qa-dev_test-shared-project1-1460525673052/admin/webhooks?id=14308.
2016-04-12 23:16:46,530 DEBUG [oracle.clouddev.test.selenium.components.AssertElement] Check condition (element is visible) for element [By.xpath: .//span[contains(@class, &apos;oj-select-chosen&apos;)] under [By.xpath: .//div[contains(@class, &apos;webhooks-url-types&apos;)]]] on http://ucf2c-dcs-release-hub1.opcdeveloper.oracleinternalucf2c.oraclecorp.com/qa-dev/#projects/qa-dev_test-shared-project1-1460525673052/admin/webhooks?id=14308.
2016-04-12 23:16:46,597 DEBUG [oracle.clouddev.test.selenium.components.AssertElement] Check condition (element is visible) for element [By.xpath: .//input[contains(@class, &apos;webhooks-appendHash&apos;)] under [By.xpath: .//div[contains(@class, &apos;webhooks-content&apos;)]]] on http://ucf2c-dcs-release-hub1.opcdeveloper.oracleinternalucf2c.oraclecorp.com/qa-dev/#projects/qa-dev_test-shared-project1-1460525673052/admin/webhooks?id=14308.
2016-04-12 23:16:46,637 DEBUG [oracle.clouddev.test.selenium.components.AssertElement] Check condition (NOT (element is readonly)) for element [By.xpath: .//input[contains(@class, &apos;webhooks-appendHash&apos;)] under [By.xpath: .//div[contains(@class, &apos;webhooks-content&apos;)]]] on http://ucf2c-dcs-release-hub1.opcdeveloper.oracleinternalucf2c.oraclecorp.com/qa-dev/#projects/qa-dev_test-shared-project1-1460525673052/admin/webhooks?id=14308.
2016-04-12 23:16:46,666 DEBUG [oracle.clouddev.test.selenium.components.AssertElement] Check condition (NOT (checkbox is checked)) for element [By.xpath: .//input[contains(@class, &apos;webhooks-appendHash&apos;)] under [By.xpath: .//div[contains(@class, &apos;webhooks-content&apos;)]]] on http://ucf2c-dcs-release-hub1.opcdeveloper.oracleinternalucf2c.oraclecorp.com/qa-dev/#projects/qa-dev_test-shared-project1-1460525673052/admin/webhooks?id=14308.
2016-04-12 23:16:46,699 DEBUG [oracle.clouddev.test.selenium.components.AssertElement] Check condition (element is visible) for element [By.xpath: .//input[contains(@class, &apos;webhooks-appendHash&apos;)] under [By.xpath: .//div[contains(@class, &apos;webhooks-content&apos;)]]] on http://ucf2c-dcs-release-hub1.opcdeveloper.oracleinternalucf2c.oraclecorp.com/qa-dev/#projects/qa-dev_test-shared-project1-1460525673052/admin/webhooks?id=14308.
2016-04-12 23:16:46,882 DEBUG [oracle.clouddev.test.selenium.components.AssertElement] Check condition (checkbox is checked) for element [By.xpath: .//input[contains(@class, &apos;webhooks-appendHash&apos;)] under [By.xpath: .//div[contains(@class, &apos;webhooks-content&apos;)]]] on http://ucf2c-dcs-release-hub1.opcdeveloper.oracleinternalucf2c.oraclecorp.com/qa-dev/#projects/qa-dev_test-shared-project1-1460525673052/admin/webhooks?id=14308.
2016-04-12 23:16:46,912 DEBUG [oracle.clouddev.test.selenium.components.AssertElement] Check condition (element is visible) for element [By.xpath: .//input[contains(@class, &apos;webhooks-appendBranch&apos;)]] on http://ucf2c-dcs-release-hub1.opcdeveloper.oracleinternalucf2c.oraclecorp.com/qa-dev/#projects/qa-dev_test-shared-project1-1460525673052/admin/webhooks?id=14308.
2016-04-12 23:16:46,940 DEBUG [oracle.clouddev.test.selenium.components.AssertElement] Check condition (NOT (element is readonly)) for element [By.xpath: .//input[contains(@class, &apos;webhooks-appendBranch&apos;)]] on http://ucf2c-dcs-release-hub1.opcdeveloper.oracleinternalucf2c.oraclecorp.com/qa-dev/#projects/qa-dev_test-shared-project1-1460525673052/admin/webhooks?id=14308.
2016-04-12 23:16:46,961 DEBUG [oracle.clouddev.test.selenium.components.AssertElement] Check condition (checkbox is checked) for element [By.xpath: .//input[contains(@class, &apos;webhooks-appendBranch&apos;)]] on http://ucf2c-dcs-release-hub1.opcdeveloper.oracleinternalucf2c.oraclecorp.com/qa-dev/#projects/qa-dev_test-shared-project1-1460525673052/admin/webhooks?id=14308.
2016-04-12 23:16:46,987 DEBUG [oracle.clouddev.test.selenium.components.AssertElement] Check condition (element is visible) for element [By.xpath: .//input[contains(@class, &apos;webhooks-appendBranch&apos;)]] on http://ucf2c-dcs-release-hub1.opcdeveloper.oracleinternalucf2c.oraclecorp.com/qa-dev/#projects/qa-dev_test-shared-project1-1460525673052/admin/webhooks?id=14308.
2016-04-12 23:16:47,218 DEBUG [oracle.clouddev.test.selenium.components.AssertElement] Check condition (NOT (checkbox is checked)) for element [By.xpath: .//input[contains(@class, &apos;webhooks-appendBranch&apos;)]] on http://ucf2c-dcs-release-hub1.opcdeveloper.oracleinternalucf2c.oraclecorp.com/qa-dev/#projects/qa-dev_test-shared-project1-1460525673052/admin/webhooks?id=14308.
2016-04-12 23:16:47,249 DEBUG [oracle.clouddev.test.selenium.components.AssertElement] Check condition (element is visible) for element [By.xpath: .//div[contains(@class, &apos;webhooks-repository&apos;)] under [By.xpath: .//div[contains(@class, &apos;webhooks-content&apos;)]]] on http://ucf2c-dcs-release-hub1.opcdeveloper.oracleinternalucf2c.oraclecorp.com/qa-dev/#projects/qa-dev_test-shared-project1-1460525673052/admin/webhooks?id=14308.
2016-04-12 23:16:47,358 DEBUG [oracle.clouddev.test.selenium.components.AssertElement] Check condition (NOT (element has style class &apos;oj-disabled&apos;)) for element [By.xpath: .//div[contains(@class, &apos;webhooks-repository&apos;)] under [By.xpath: .//div[contains(@class, &apos;webhooks-content&apos;)]]] on http://ucf2c-dcs-release-hub1.opcdeveloper.oracleinternalucf2c.oraclecorp.com/qa-dev/#projects/qa-dev_test-shared-project1-1460525673052/admin/webhooks?id=14308.
2016-04-12 23:16:47,417 DEBUG [oracle.clouddev.test.selenium.components.AssertElement] Check condition (element exists) for element [By.xpath: ./div[contains(@class, &apos;oj-select-choice&apos;)] under [By.xpath: .//div[contains(@class, &apos;webhooks-repository&apos;)] under [By.xpath: .//div[contains(@class, &apos;webhooks-content&apos;)]]]] on http://ucf2c-dcs-release-hub1.opcdeveloper.oracleinternalucf2c.oraclecorp.com/qa-dev/#projects/qa-dev_test-shared-project1-1460525673052/admin/webhooks?id=14308.
2016-04-12 23:16:47,452 DEBUG [oracle.clouddev.test.selenium.components.AssertElement] Check condition (NOT (element is visible)) for element [By.xpath: ./following-sibling::select[contains(@data-bind, &apos;ojSelect&apos;)] under [By.xpath: .//div[contains(@class, &apos;webhooks-repository&apos;)] under [By.xpath: .//div[contains(@class, &apos;webhooks-content&apos;)]]]] on http://ucf2c-dcs-release-hub1.opcdeveloper.oracleinternalucf2c.oraclecorp.com/qa-dev/#projects/qa-dev_test-shared-project1-1460525673052/admin/webhooks?id=14308.
2016-04-12 23:16:47,491 DEBUG [oracle.clouddev.test.selenium.components.AssertElement] Check condition (element is visible) for element [By.xpath: . under [By.xpath: .//div[contains(@class, &apos;webhooks-repository&apos;)] under [By.xpath: .//div[contains(@class, &apos;webhooks-content&apos;)]]]] on http://ucf2c-dcs-release-hub1.opcdeveloper.oracleinternalucf2c.oraclecorp.com/qa-dev/#projects/qa-dev_test-shared-project1-1460525673052/admin/webhooks?id=14308.
2016-04-12 23:16:47,534 DEBUG [oracle.clouddev.test.selenium.components.AssertElement] Check condition (element is enabled) for element [By.xpath: . under [By.xpath: .//div[contains(@class, &apos;webhooks-repository&apos;)] under [By.xpath: .//div[contains(@class, &apos;webhooks-content&apos;)]]]] on http://ucf2c-dcs-release-hub1.opcdeveloper.oracleinternalucf2c.oraclecorp.com/qa-dev/#projects/qa-dev_test-shared-project1-1460525673052/admin/webhooks?id=14308.
2016-04-12 23:16:47,603 DEBUG [oracle.clouddev.test.selenium.components.AssertElement] Check condition (element is visible) for element [By.xpath: .//a[contains(@class, &apos;oj-select-arrow&apos;)] under [By.xpath: . under [By.xpath: .//div[contains(@class, &apos;webhooks-repository&apos;)] under [By.xpath: .//div[contains(@class, &apos;webhooks-content&apos;)]]]]] on http://ucf2c-dcs-release-hub1.opcdeveloper.oracleinternalucf2c.oraclecorp.com/qa-dev/#projects/qa-dev_test-shared-project1-1460525673052/admin/webhooks?id=14308.
2016-04-12 23:16:47,656 DEBUG [oracle.clouddev.test.selenium.components.AssertElement] Check condition (element is visible) for element [By.xpath: .//a[contains(@class, &apos;oj-select-arrow&apos;)] under [By.xpath: . under [By.xpath: .//div[contains(@class, &apos;webhooks-repository&apos;)] under [By.xpath: .//div[contains(@class, &apos;webhooks-content&apos;)]]]]] on http://ucf2c-dcs-release-hub1.opcdeveloper.oracleinternalucf2c.oraclecorp.com/qa-dev/#projects/qa-dev_test-shared-project1-1460525673052/admin/webhooks?id=14308.
2016-04-12 23:16:47,953 DEBUG [oracle.clouddev.test.selenium.components.AssertElement] Check condition (element is visible) for element [By.xpath: .//div[@id=&apos;oj-listbox-drop&apos;]] on http://ucf2c-dcs-release-hub1.opcdeveloper.oracleinternalucf2c.oraclecorp.com/qa-dev/#projects/qa-dev_test-shared-project1-1460525673052/admin/webhooks?id=14308.
2016-04-12 23:16:47,992 DEBUG [oracle.clouddev.test.selenium.components.AssertElement] Check condition (element is visible) for element [By.xpath: . under [By.xpath: .//div[contains(@class, &apos;webhooks-repository&apos;)] under [By.xpath: .//div[contains(@class, &apos;webhooks-content&apos;)]]]] on http://ucf2c-dcs-release-hub1.opcdeveloper.oracleinternalucf2c.oraclecorp.com/qa-dev/#projects/qa-dev_test-shared-project1-1460525673052/admin/webhooks?id=14308.
2016-04-12 23:16:48,032 DEBUG [oracle.clouddev.test.selenium.components.AssertElement] Check condition (element is enabled) for element [By.xpath: . under [By.xpath: .//div[contains(@class, &apos;webhooks-repository&apos;)] under [By.xpath: .//div[contains(@class, &apos;webhooks-content&apos;)]]]] on http://ucf2c-dcs-release-hub1.opcdeveloper.oracleinternalucf2c.oraclecorp.com/qa-dev/#projects/qa-dev_test-shared-project1-1460525673052/admin/webhooks?id=14308.
2016-04-12 23:16:48,096 DEBUG [oracle.clouddev.test.selenium.components.AssertElement] Check condition (element is visible) for element [By.xpath: .//div[@id=&apos;oj-listbox-drop&apos;]] on http://ucf2c-dcs-release-hub1.opcdeveloper.oracleinternalucf2c.oraclecorp.com/qa-dev/#projects/qa-dev_test-shared-project1-1460525673052/admin/webhooks?id=14308.
2016-04-12 23:16:48,134 DEBUG [oracle.clouddev.test.selenium.components.AssertElement] Check condition (element is visible) for element [By.xpath: .//span[contains(@class, &apos;oj-select-chosen&apos;)] under [By.xpath: .//div[contains(@class, &apos;webhooks-repository&apos;)] under [By.xpath: .//div[contains(@class, &apos;webhooks-content&apos;)]]]] on http://ucf2c-dcs-release-hub1.opcdeveloper.oracleinternalucf2c.oraclecorp.com/qa-dev/#projects/qa-dev_test-shared-project1-1460525673052/admin/webhooks?id=14308.
2016-04-12 23:16:48,229 DEBUG [oracle.clouddev.test.selenium.components.AssertElement] Check condition (element is visible) for element [By.xpath: . under [By.xpath: .//div[contains(@class, &apos;webhooks-repository&apos;)] under [By.xpath: .//div[contains(@class, &apos;webhooks-content&apos;)]]]] on http://ucf2c-dcs-release-hub1.opcdeveloper.oracleinternalucf2c.oraclecorp.com/qa-dev/#projects/qa-dev_test-shared-project1-1460525673052/admin/webhooks?id=14308.
2016-04-12 23:16:48,270 DEBUG [oracle.clouddev.test.selenium.components.AssertElement] Check condition (element is enabled) for element [By.xpath: . under [By.xpath: .//div[contains(@class, &apos;webhooks-repository&apos;)] under [By.xpath: .//div[contains(@class, &apos;webhooks-content&apos;)]]]] on http://ucf2c-dcs-release-hub1.opcdeveloper.oracleinternalucf2c.oraclecorp.com/qa-dev/#projects/qa-dev_test-shared-project1-1460525673052/admin/webhooks?id=14308.
2016-04-12 23:16:48,336 DEBUG [oracle.clouddev.test.selenium.components.AssertElement] Check condition (element is visible) for element [By.xpath: .//a[contains(@class, &apos;oj-select-arrow&apos;)] under [By.xpath: . under [By.xpath: .//div[contains(@class, &apos;webhooks-repository&apos;)] under [By.xpath: .//div[contains(@class, &apos;webhooks-content&apos;)]]]]] on http://ucf2c-dcs-release-hub1.opcdeveloper.oracleinternalucf2c.oraclecorp.com/qa-dev/#projects/qa-dev_test-shared-project1-1460525673052/admin/webhooks?id=14308.
2016-04-12 23:16:48,389 DEBUG [oracle.clouddev.test.selenium.components.AssertElement] Check condition (element is visible) for element [By.xpath: .//a[contains(@class, &apos;oj-select-arrow&apos;)] under [By.xpath: . under [By.xpath: .//div[contains(@class, &apos;webhooks-repository&apos;)] under [By.xpath: .//div[contains(@class, &apos;webhooks-content&apos;)]]]]] on http://ucf2c-dcs-release-hub1.opcdeveloper.oracleinternalucf2c.oraclecorp.com/qa-dev/#projects/qa-dev_test-shared-project1-1460525673052/admin/webhooks?id=14308.
2016-04-12 23:16:48,589 DEBUG [oracle.clouddev.test.selenium.components.AssertElement] Check condition (element is visible) for element [By.xpath: . under [By.xpath: .//div[contains(@class, &apos;webhooks-repository&apos;)] under [By.xpath: .//div[contains(@class, &apos;webhooks-content&apos;)]]]] on http://ucf2c-dcs-release-hub1.opcdeveloper.oracleinternalucf2c.oraclecorp.com/qa-dev/#projects/qa-dev_test-shared-project1-1460525673052/admin/webhooks?id=14308.
2016-04-12 23:16:48,634 DEBUG [oracle.clouddev.test.selenium.components.AssertElement] Check condition (element is enabled) for element [By.xpath: . under [By.xpath: .//div[contains(@class, &apos;webhooks-repository&apos;)] under [By.xpath: .//div[contains(@class, &apos;webhooks-content&apos;)]]]] on http://ucf2c-dcs-release-hub1.opcdeveloper.oracleinternalucf2c.oraclecorp.com/qa-dev/#projects/qa-dev_test-shared-project1-1460525673052/admin/webhooks?id=14308.
2016-04-12 23:16:48,909 DEBUG [oracle.clouddev.test.selenium.components.AssertElement] Check condition (element is visible) for element [By.xpath: .//a[contains(@class, &apos;oj-select-arrow&apos;)] under [By.xpath: . under [By.xpath: .//div[contains(@class, &apos;webhooks-repository&apos;)] under [By.xpath: .//div[contains(@class, &apos;webhooks-content&apos;)]]]]] on http://ucf2c-dcs-release-hub1.opcdeveloper.oracleinternalucf2c.oraclecorp.com/qa-dev/#projects/qa-dev_test-shared-project1-1460525673052/admin/webhooks?id=14308.
2016-04-12 23:16:48,965 DEBUG [oracle.clouddev.test.selenium.components.AssertElement] Check condition (element is visible) for element [By.xpath: .//a[contains(@class, &apos;oj-select-arrow&apos;)] under [By.xpath: . under [By.xpath: .//div[contains(@class, &apos;webhooks-repository&apos;)] under [By.xpath: .//div[contains(@class, &apos;webhooks-content&apos;)]]]]] on http://ucf2c-dcs-release-hub1.opcdeveloper.oracleinternalucf2c.oraclecorp.com/qa-dev/#projects/qa-dev_test-shared-project1-1460525673052/admin/webhooks?id=14308.
2016-04-12 23:16:49,212 DEBUG [oracle.clouddev.test.selenium.components.AssertElement] Check condition (element is visible) for element [By.xpath: .//div[@id=&apos;oj-listbox-drop&apos;]] on http://ucf2c-dcs-release-hub1.opcdeveloper.oracleinternalucf2c.oraclecorp.com/qa-dev/#projects/qa-dev_test-shared-project1-1460525673052/admin/webhooks?id=14308.
2016-04-12 23:16:49,281 DEBUG [oracle.clouddev.test.selenium.components.AssertElement] Check condition (element is visible) for element [li# under [By.xpath: .//div[@id=&apos;oj-listbox-drop&apos;]]] on http://ucf2c-dcs-release-hub1.opcdeveloper.oracleinternalucf2c.oraclecorp.com/qa-dev/#projects/qa-dev_test-shared-project1-1460525673052/admin/webhooks?id=14308.
2016-04-12 23:16:49,365 DEBUG [oracle.clouddev.test.selenium.components.AssertElement] Check condition (element is visible) for element [By.xpath: . under [By.xpath: .//div[contains(@class, &apos;webhooks-repository&apos;)] under [By.xpath: .//div[contains(@class, &apos;webhooks-content&apos;)]]]] on http://ucf2c-dcs-release-hub1.opcdeveloper.oracleinternalucf2c.oraclecorp.com/qa-dev/#projects/qa-dev_test-shared-project1-1460525673052/admin/webhooks?id=14308.
2016-04-12 23:16:49,457 DEBUG [oracle.clouddev.test.selenium.components.AssertElement] Check condition (element is enabled) for element [By.xpath: . under [By.xpath: .//div[contains(@class, &apos;webhooks-repository&apos;)] under [By.xpath: .//div[contains(@class, &apos;webhooks-content&apos;)]]]] on http://ucf2c-dcs-release-hub1.opcdeveloper.oracleinternalucf2c.oraclecorp.com/qa-dev/#projects/qa-dev_test-shared-project1-1460525673052/admin/webhooks?id=14308.
2016-04-12 23:16:49,515 DEBUG [oracle.clouddev.test.selenium.components.AssertElement] Check condition (element is visible) for element [By.xpath: . under [By.xpath: .//div[contains(@class, &apos;webhooks-repository&apos;)] under [By.xpath: .//div[contains(@class, &apos;webhooks-content&apos;)]]]] on http://ucf2c-dcs-release-hub1.opcdeveloper.oracleinternalucf2c.oraclecorp.com/qa-dev/#projects/qa-dev_test-shared-project1-1460525673052/admin/webhooks?id=14308.
2016-04-12 23:16:49,553 DEBUG [oracle.clouddev.test.selenium.components.AssertElement] Check condition (element is enabled) for element [By.xpath: . under [By.xpath: .//div[contains(@class, &apos;webhooks-repository&apos;)] under [By.xpath: .//div[contains(@class, &apos;webhooks-content&apos;)]]]] on http://ucf2c-dcs-release-hub1.opcdeveloper.oracleinternalucf2c.oraclecorp.com/qa-dev/#projects/qa-dev_test-shared-project1-1460525673052/admin/webhooks?id=14308.
2016-04-12 23:16:49,630 DEBUG [oracle.clouddev.test.selenium.components.AssertElement] Check condition (element is visible) for element [By.xpath: .//a[contains(@class, &apos;oj-select-arrow&apos;)] under [By.xpath: . under [By.xpath: .//div[contains(@class, &apos;webhooks-repository&apos;)] under [By.xpath: .//div[contains(@class, &apos;webhooks-content&apos;)]]]]] on http://ucf2c-dcs-release-hub1.opcdeveloper.oracleinternalucf2c.oraclecorp.com/qa-dev/#projects/qa-dev_test-shared-project1-1460525673052/admin/webhooks?id=14308.
2016-04-12 23:16:49,691 DEBUG [oracle.clouddev.test.selenium.components.AssertElement] Check condition (element is visible) for element [By.xpath: .//a[contains(@class, &apos;oj-select-arrow&apos;)] under [By.xpath: . under [By.xpath: .//div[contains(@class, &apos;webhooks-repository&apos;)] under [By.xpath: .//div[contains(@class, &apos;webhooks-content&apos;)]]]]] on http://ucf2c-dcs-release-hub1.opcdeveloper.oracleinternalucf2c.oraclecorp.com/qa-dev/#projects/qa-dev_test-shared-project1-1460525673052/admin/webhooks?id=14308.
2016-04-12 23:16:49,939 DEBUG [oracle.clouddev.test.selenium.components.AssertElement] Check condition (element is visible) for element [By.xpath: .//div[@id=&apos;oj-listbox-drop&apos;]] on http://ucf2c-dcs-release-hub1.opcdeveloper.oracleinternalucf2c.oraclecorp.com/qa-dev/#projects/qa-dev_test-shared-project1-1460525673052/admin/webhooks?id=14308.
2016-04-12 23:16:49,977 DEBUG [oracle.clouddev.test.selenium.components.AssertElement] Check condition (element is visible) for element [By.xpath: .//span[contains(@class, &apos;oj-select-chosen&apos;)] under [By.xpath: .//div[contains(@class, &apos;webhooks-repository&apos;)] under [By.xpath: .//div[contains(@class, &apos;webhooks-content&apos;)]]]] on http://ucf2c-dcs-release-hub1.opcdeveloper.oracleinternalucf2c.oraclecorp.com/qa-dev/#projects/qa-dev_test-shared-project1-1460525673052/admin/webhooks?id=14308.
2016-04-12 23:16:50,060 DEBUG [oracle.clouddev.test.selenium.components.AssertElement] Check condition (element is visible) for element [By.xpath: . under [By.xpath: .//div[contains(@class, &apos;webhooks-repository&apos;)] under [By.xpath: .//div[contains(@class, &apos;webhooks-content&apos;)]]]] on http://ucf2c-dcs-release-hub1.opcdeveloper.oracleinternalucf2c.oraclecorp.com/qa-dev/#projects/qa-dev_test-shared-project1-1460525673052/admin/webhooks?id=14308.
2016-04-12 23:16:50,186 DEBUG [oracle.clouddev.test.selenium.components.AssertElement] Check condition (element is enabled) for element [By.xpath: . under [By.xpath: .//div[contains(@class, &apos;webhooks-repository&apos;)] under [By.xpath: .//div[contains(@class, &apos;webhooks-content&apos;)]]]] on http://ucf2c-dcs-release-hub1.opcdeveloper.oracleinternalucf2c.oraclecorp.com/qa-dev/#projects/qa-dev_test-shared-project1-1460525673052/admin/webhooks?id=14308.
2016-04-12 23:16:50,248 DEBUG [oracle.clouddev.test.selenium.components.AssertElement] Check condition (element is visible) for element [By.xpath: .//a[contains(@class, &apos;oj-select-arrow&apos;)] under [By.xpath: . under [By.xpath: .//div[contains(@class, &apos;webhooks-repository&apos;)] under [By.xpath: .//div[contains(@class, &apos;webhooks-content&apos;)]]]]] on http://ucf2c-dcs-release-hub1.opcdeveloper.oracleinternalucf2c.oraclecorp.com/qa-dev/#projects/qa-dev_test-shared-project1-1460525673052/admin/webhooks?id=14308.
2016-04-12 23:16:50,301 DEBUG [oracle.clouddev.test.selenium.components.AssertElement] Check condition (element is visible) for element [By.xpath: .//a[contains(@class, &apos;oj-select-arrow&apos;)] under [By.xpath: . under [By.xpath: .//div[contains(@class, &apos;webhooks-repository&apos;)] under [By.xpath: .//div[contains(@class, &apos;webhooks-content&apos;)]]]]] on http://ucf2c-dcs-release-hub1.opcdeveloper.oracleinternalucf2c.oraclecorp.com/qa-dev/#projects/qa-dev_test-shared-project1-1460525673052/admin/webhooks?id=14308.
2016-04-12 23:16:50,455 DEBUG [oracle.clouddev.test.selenium.components.AssertElement] Check condition (element is visible) for element [By.xpath: .//div[contains(@class, &apos;webhooks-branch&apos;)] under [By.xpath: .//div[contains(@class, &apos;webhooks-content&apos;)]]] on http://ucf2c-dcs-release-hub1.opcdeveloper.oracleinternalucf2c.oraclecorp.com/qa-dev/#projects/qa-dev_test-shared-project1-1460525673052/admin/webhooks?id=14308.
2016-04-12 23:16:50,485 DEBUG [oracle.clouddev.test.selenium.components.AssertElement] Check condition (NOT (element has style class &apos;oj-disabled&apos;)) for element [By.xpath: .//div[contains(@class, &apos;webhooks-branch&apos;)] under [By.xpath: .//div[contains(@class, &apos;webhooks-content&apos;)]]] on http://ucf2c-dcs-release-hub1.opcdeveloper.oracleinternalucf2c.oraclecorp.com/qa-dev/#projects/qa-dev_test-shared-project1-1460525673052/admin/webhooks?id=14308.
2016-04-12 23:16:50,536 DEBUG [oracle.clouddev.test.selenium.components.AssertElement] Check condition (element exists) for element [By.xpath: ./div[contains(@class, &apos;oj-select-choice&apos;)] under [By.xpath: .//div[contains(@class, &apos;webhooks-branch&apos;)] under [By.xpath: .//div[contains(@class, &apos;webhooks-content&apos;)]]]] on http://ucf2c-dcs-release-hub1.opcdeveloper.oracleinternalucf2c.oraclecorp.com/qa-dev/#projects/qa-dev_test-shared-project1-1460525673052/admin/webhooks?id=14308.
2016-04-12 23:16:50,568 DEBUG [oracle.clouddev.test.selenium.components.AssertElement] Check condition (NOT (element is visible)) for element [By.xpath: ./following-sibling::select[contains(@data-bind, &apos;ojSelect&apos;)] under [By.xpath: .//div[contains(@class, &apos;webhooks-branch&apos;)] under [By.xpath: .//div[contains(@class, &apos;webhooks-content&apos;)]]]] on http://ucf2c-dcs-release-hub1.opcdeveloper.oracleinternalucf2c.oraclecorp.com/qa-dev/#projects/qa-dev_test-shared-project1-1460525673052/admin/webhooks?id=14308.
2016-04-12 23:16:50,605 DEBUG [oracle.clouddev.test.selenium.components.AssertElement] Check condition (element is visible) for element [By.xpath: . under [By.xpath: .//div[contains(@class, &apos;webhooks-branch&apos;)] under [By.xpath: .//div[contains(@class, &apos;webhooks-content&apos;)]]]] on http://ucf2c-dcs-release-hub1.opcdeveloper.oracleinternalucf2c.oraclecorp.com/qa-dev/#projects/qa-dev_test-shared-project1-1460525673052/admin/webhooks?id=14308.
2016-04-12 23:16:50,641 DEBUG [oracle.clouddev.test.selenium.components.AssertElement] Check condition (element is enabled) for element [By.xpath: . under [By.xpath: .//div[contains(@class, &apos;webhooks-branch&apos;)] under [By.xpath: .//div[contains(@class, &apos;webhooks-content&apos;)]]]] on http://ucf2c-dcs-release-hub1.opcdeveloper.oracleinternalucf2c.oraclecorp.com/qa-dev/#projects/qa-dev_test-shared-project1-1460525673052/admin/webhooks?id=14308.
2016-04-12 23:16:50,702 DEBUG [oracle.clouddev.test.selenium.components.AssertElement] Check condition (element is visible) for element [By.xpath: .//a[contains(@class, &apos;oj-select-arrow&apos;)] under [By.xpath: . under [By.xpath: .//div[contains(@class, &apos;webhooks-branch&apos;)] under [By.xpath: .//div[contains(@class, &apos;webhooks-content&apos;)]]]]] on http://ucf2c-dcs-release-hub1.opcdeveloper.oracleinternalucf2c.oraclecorp.com/qa-dev/#projects/qa-dev_test-shared-project1-1460525673052/admin/webhooks?id=14308.
2016-04-12 23:16:50,749 DEBUG [oracle.clouddev.test.selenium.components.AssertElement] Check condition (element is visible) for element [By.xpath: .//a[contains(@class, &apos;oj-select-arrow&apos;)] under [By.xpath: . under [By.xpath: .//div[contains(@class, &apos;webhooks-branch&apos;)] under [By.xpath: .//div[contains(@class, &apos;webhooks-content&apos;)]]]]] on http://ucf2c-dcs-release-hub1.opcdeveloper.oracleinternalucf2c.oraclecorp.com/qa-dev/#projects/qa-dev_test-shared-project1-1460525673052/admin/webhooks?id=14308.
2016-04-12 23:16:51,037 DEBUG [oracle.clouddev.test.selenium.components.AssertElement] Check condition (element is visible) for element [By.xpath: .//div[@id=&apos;oj-listbox-drop&apos;]] on http://ucf2c-dcs-release-hub1.opcdeveloper.oracleinternalucf2c.oraclecorp.com/qa-dev/#projects/qa-dev_test-shared-project1-1460525673052/admin/webhooks?id=14308.
2016-04-12 23:16:51,071 DEBUG [oracle.clouddev.test.selenium.components.AssertElement] Check condition (element is visible) for element [By.xpath: . under [By.xpath: .//div[contains(@class, &apos;webhooks-branch&apos;)] under [By.xpath: .//div[contains(@class, &apos;webhooks-content&apos;)]]]] on http://ucf2c-dcs-release-hub1.opcdeveloper.oracleinternalucf2c.oraclecorp.com/qa-dev/#projects/qa-dev_test-shared-project1-1460525673052/admin/webhooks?id=14308.
2016-04-12 23:16:51,106 DEBUG [oracle.clouddev.test.selenium.components.AssertElement] Check condition (element is enabled) for element [By.xpath: . under [By.xpath: .//div[contains(@class, &apos;webhooks-branch&apos;)] under [By.xpath: .//div[contains(@class, &apos;webhooks-content&apos;)]]]] on http://ucf2c-dcs-release-hub1.opcdeveloper.oracleinternalucf2c.oraclecorp.com/qa-dev/#projects/qa-dev_test-shared-project1-1460525673052/admin/webhooks?id=14308.
2016-04-12 23:16:51,161 DEBUG [oracle.clouddev.test.selenium.components.AssertElement] Check condition (element is visible) for element [By.xpath: .//div[@id=&apos;oj-listbox-drop&apos;]] on http://ucf2c-dcs-release-hub1.opcdeveloper.oracleinternalucf2c.oraclecorp.com/qa-dev/#projects/qa-dev_test-shared-project1-1460525673052/admin/webhooks?id=14308.
2016-04-12 23:16:51,196 DEBUG [oracle.clouddev.test.selenium.components.AssertElement] Check condition (element is visible) for element [By.xpath: .//span[contains(@class, &apos;oj-select-chosen&apos;)] under [By.xpath: .//div[contains(@class, &apos;webhooks-branch&apos;)] under [By.xpath: .//div[contains(@class, &apos;webhooks-content&apos;)]]]] on http://ucf2c-dcs-release-hub1.opcdeveloper.oracleinternalucf2c.oraclecorp.com/qa-dev/#projects/qa-dev_test-shared-project1-1460525673052/admin/webhooks?id=14308.
2016-04-12 23:16:51,272 DEBUG [oracle.clouddev.test.selenium.components.AssertElement] Check condition (element is visible) for element [By.xpath: . under [By.xpath: .//div[contains(@class, &apos;webhooks-branch&apos;)] under [By.xpath: .//div[contains(@class, &apos;webhooks-content&apos;)]]]] on http://ucf2c-dcs-release-hub1.opcdeveloper.oracleinternalucf2c.oraclecorp.com/qa-dev/#projects/qa-dev_test-shared-project1-1460525673052/admin/webhooks?id=14308.
2016-04-12 23:16:51,306 DEBUG [oracle.clouddev.test.selenium.components.AssertElement] Check condition (element is enabled) for element [By.xpath: . under [By.xpath: .//div[contains(@class, &apos;webhooks-branch&apos;)] under [By.xpath: .//div[contains(@class, &apos;webhooks-content&apos;)]]]] on http://ucf2c-dcs-release-hub1.opcdeveloper.oracleinternalucf2c.oraclecorp.com/qa-dev/#projects/qa-dev_test-shared-project1-1460525673052/admin/webhooks?id=14308.
2016-04-12 23:16:51,362 DEBUG [oracle.clouddev.test.selenium.components.AssertElement] Check condition (element is visible) for element [By.xpath: .//a[contains(@class, &apos;oj-select-arrow&apos;)] under [By.xpath: . under [By.xpath: .//div[contains(@class, &apos;webhooks-branch&apos;)] under [By.xpath: .//div[contains(@class, &apos;webhooks-content&apos;)]]]]] on http://ucf2c-dcs-release-hub1.opcdeveloper.oracleinternalucf2c.oraclecorp.com/qa-dev/#projects/qa-dev_test-shared-project1-1460525673052/admin/webhooks?id=14308.
2016-04-12 23:16:51,408 DEBUG [oracle.clouddev.test.selenium.components.AssertElement] Check condition (element is visible) for element [By.xpath: .//a[contains(@class, &apos;oj-select-arrow&apos;)] under [By.xpath: . under [By.xpath: .//div[contains(@class, &apos;webhooks-branch&apos;)] under [By.xpath: .//div[contains(@class, &apos;webhooks-content&apos;)]]]]] on http://ucf2c-dcs-release-hub1.opcdeveloper.oracleinternalucf2c.oraclecorp.com/qa-dev/#projects/qa-dev_test-shared-project1-1460525673052/admin/webhooks?id=14308.
2016-04-12 23:16:51,647 DEBUG [oracle.clouddev.test.selenium.components.AssertElement] Check condition (element is visible) for element [By.xpath: .//*[(self::button or self::a or self::input) and @id=&apos;webhooks-activate&apos;]] on http://ucf2c-dcs-release-hub1.opcdeveloper.oracleinternalucf2c.oraclecorp.com/qa-dev/#projects/qa-dev_test-shared-project1-1460525673052/admin/webhooks?id=14308.
2016-04-12 23:16:51,673 DEBUG [oracle.clouddev.test.selenium.components.AssertElement] Check condition (element has style class &apos;oj-enabled&apos;) for element [By.xpath: .//*[(self::button or self::a or self::input) and @id=&apos;webhooks-activate&apos;]] on http://ucf2c-dcs-release-hub1.opcdeveloper.oracleinternalucf2c.oraclecorp.com/qa-dev/#projects/qa-dev_test-shared-project1-1460525673052/admin/webhooks?id=14308.
2016-04-12 23:16:51,700 DEBUG [oracle.clouddev.test.selenium.components.AssertElement] Check condition (element is visible) for element [By.xpath: .//*[(self::button or self::a or self::input) and @id=&apos;webhooks-activate&apos;]] on http://ucf2c-dcs-release-hub1.opcdeveloper.oracleinternalucf2c.oraclecorp.com/qa-dev/#projects/qa-dev_test-shared-project1-1460525673052/admin/webhooks?id=14308.
2016-04-12 23:16:51,726 DEBUG [oracle.clouddev.test.selenium.components.AssertElement] Check condition (element has style class &apos;oj-enabled&apos;) for element [By.xpath: .//*[(self::button or self::a or self::input) and @id=&apos;webhooks-activate&apos;]] on http://ucf2c-dcs-release-hub1.opcdeveloper.oracleinternalucf2c.oraclecorp.com/qa-dev/#projects/qa-dev_test-shared-project1-1460525673052/admin/webhooks?id=14308.
2016-04-12 23:16:51,894 DEBUG [oracle.clouddev.test.selenium.components.AssertElement] Check condition (checkbox is checked) for element [By.xpath: .//input[contains(@class, &apos;webhooks-active&apos;)] under [By.xpath: .//div[contains(@class, &apos;webhooks-content&apos;)]]] on http://ucf2c-dcs-release-hub1.opcdeveloper.oracleinternalucf2c.oraclecorp.com/qa-dev/#projects/qa-dev_test-shared-project1-1460525673052/admin/webhooks?id=14308.
2016-04-12 23:16:51,938 DEBUG [oracle.clouddev.test.selenium.components.AssertElement] Check condition (element is visible) for element [By.xpath: .//ul[@id=&apos;webhook-list-content&apos;]] on http://ucf2c-dcs-release-hub1.opcdeveloper.oracleinternalucf2c.oraclecorp.com/qa-dev/#projects/qa-dev_test-shared-project1-1460525673052/admin/webhooks?id=14308.
2016-04-12 23:16:51,998 DEBUG [oracle.clouddev.test.selenium.components.AssertElement] Check condition (element is visible) for element [input# under [By.xpath: .//ul[@id=&apos;webhook-list-content&apos;]]] on http://ucf2c-dcs-release-hub1.opcdeveloper.oracleinternalucf2c.oraclecorp.com/qa-dev/#projects/qa-dev_test-shared-project1-1460525673052/admin/webhooks?id=14308.
2016-04-12 23:16:52,027 DEBUG [oracle.clouddev.test.selenium.components.AssertElement] Check condition (element is readonly) for element [input# under [By.xpath: .//ul[@id=&apos;webhook-list-content&apos;]]] on http://ucf2c-dcs-release-hub1.opcdeveloper.oracleinternalucf2c.oraclecorp.com/qa-dev/#projects/qa-dev_test-shared-project1-1460525673052/admin/webhooks?id=14308.
2016-04-12 23:16:52,058 DEBUG [oracle.clouddev.test.selenium.components.AssertElement] Check condition (element is visible) for element [input# under [By.xpath: .//ul[@id=&apos;webhook-list-content&apos;]]] on http://ucf2c-dcs-release-hub1.opcdeveloper.oracleinternalucf2c.oraclecorp.com/qa-dev/#projects/qa-dev_test-shared-project1-1460525673052/admin/webhooks?id=14308.
2016-04-12 23:16:52,510 DEBUG [oracle.clouddev.test.selenium.components.AssertElement] Check condition (element is visible) for element [By.xpath: .//div[contains(@class, &apos;webhook-header&apos;)] under [By.xpath: .//li[contains(@class, &apos;webhook-selected&apos;) and contains(@class, &apos;webhook-list-item&apos;)] under [By.xpath: .//ul[@id=&apos;webhook-list-content&apos;]]]] on http://ucf2c-dcs-release-hub1.opcdeveloper.oracleinternalucf2c.oraclecorp.com/qa-dev/#projects/qa-dev_test-shared-project1-1460525673052/admin/webhooks?id=14308.
2016-04-12 23:16:52,550 DEBUG [oracle.clouddev.test.selenium.components.AssertElement] Check condition (ojInputText value is webhook-hipchat-4) for element [By.xpath: ./input[contains(@class, &apos;oj-inputtext-input&apos;)] under [By.xpath: .//div[contains(@class, &apos;webhook-header&apos;)] under [By.xpath: .//li[contains(@class, &apos;webhook-selected&apos;) and contains(@class, &apos;webhook-list-item&apos;)] under [By.xpath: .//ul[@id=&apos;webhook-list-content&apos;]]]]] on http://ucf2c-dcs-release-hub1.opcdeveloper.oracleinternalucf2c.oraclecorp.com/qa-dev/#projects/qa-dev_test-shared-project1-1460525673052/admin/webhooks?id=14308.
2016-04-12 23:16:52,590 DEBUG [oracle.clouddev.test.selenium.components.AssertElement] Check condition (element is visible) for element [By.xpath: .//div[contains(@class, &apos;status-icon&apos;)] under [By.xpath: .//li[contains(@class, &apos;webhook-selected&apos;) and contains(@class, &apos;webhook-list-item&apos;)] under [By.xpath: .//ul[@id=&apos;webhook-list-content&apos;]]]] on http://ucf2c-dcs-release-hub1.opcdeveloper.oracleinternalucf2c.oraclecorp.com/qa-dev/#projects/qa-dev_test-shared-project1-1460525673052/admin/webhooks?id=14308.
2016-04-12 23:16:52,628 DEBUG [oracle.clouddev.test.selenium.components.AssertElement] Check condition (NOT ((element has style class &apos;success-status&apos; OR element has style class &apos;fail-status&apos;))) for element [By.xpath: .//div[contains(@class, &apos;status-icon&apos;)] under [By.xpath: .//li[contains(@class, &apos;webhook-selected&apos;) and contains(@class, &apos;webhook-list-item&apos;)] under [By.xpath: .//ul[@id=&apos;webhook-list-content&apos;]]]] on http://ucf2c-dcs-release-hub1.opcdeveloper.oracleinternalucf2c.oraclecorp.com/qa-dev/#projects/qa-dev_test-shared-project1-1460525673052/admin/webhooks?id=14308.
2016-04-12 23:16:52,688 DEBUG [oracle.clouddev.test.selenium.components.AssertElement] Check condition (element is visible) for element [By.xpath: .//*[(self::button or self::a or self::input) and @id=&apos;webhooks-logs-test&apos;]] on http://ucf2c-dcs-release-hub1.opcdeveloper.oracleinternalucf2c.oraclecorp.com/qa-dev/#projects/qa-dev_test-shared-project1-1460525673052/admin/webhooks?id=14308.
2016-04-12 23:16:52,713 DEBUG [oracle.clouddev.test.selenium.components.AssertElement] Check condition (element has style class &apos;oj-enabled&apos;) for element [By.xpath: .//*[(self::button or self::a or self::input) and @id=&apos;webhooks-logs-test&apos;]] on http://ucf2c-dcs-release-hub1.opcdeveloper.oracleinternalucf2c.oraclecorp.com/qa-dev/#projects/qa-dev_test-shared-project1-1460525673052/admin/webhooks?id=14308.
2016-04-12 23:16:52,734 DEBUG [oracle.clouddev.test.selenium.components.AssertElement] Check condition (element is visible) for element [By.xpath: .//*[(self::button or self::a or self::input) and @id=&apos;webhooks-logs-test&apos;]] on http://ucf2c-dcs-release-hub1.opcdeveloper.oracleinternalucf2c.oraclecorp.com/qa-dev/#projects/qa-dev_test-shared-project1-1460525673052/admin/webhooks?id=14308.
2016-04-12 23:16:52,760 DEBUG [oracle.clouddev.test.selenium.components.AssertElement] Check condition (element has style class &apos;oj-enabled&apos;) for element [By.xpath: .//*[(self::button or self::a or self::input) and @id=&apos;webhooks-logs-test&apos;]] on http://ucf2c-dcs-release-hub1.opcdeveloper.oracleinternalucf2c.oraclecorp.com/qa-dev/#projects/qa-dev_test-shared-project1-1460525673052/admin/webhooks?id=14308.
2016-04-12 23:16:53,000 DEBUG [oracle.clouddev.test.selenium.components.AssertElement] Check condition (element is visible) for element [By.xpath: .//div[contains(@class, &apos;webhooks-content&apos;)]] on http://ucf2c-dcs-release-hub1.opcdeveloper.oracleinternalucf2c.oraclecorp.com/qa-dev/#projects/qa-dev_test-shared-project1-1460525673052/admin/webhooks?id=14308.
2016-04-12 23:16:53,611 DEBUG [oracle.clouddev.test.selenium.components.AssertElement] Check condition (element is enabled) for element [By.xpath: .//div[contains(@class, &apos;webhooks-content&apos;)]] on http://ucf2c-dcs-release-hub1.opcdeveloper.oracleinternalucf2c.oraclecorp.com/qa-dev/#projects/qa-dev_test-shared-project1-1460525673052/admin/webhooks?id=14308.
2016-04-12 23:16:53,634 DEBUG [oracle.clouddev.test.selenium.components.AssertElement] Check condition (element is visible) for element [By.xpath: .//div[contains(@class, &apos;webhooks-name&apos;)] under [By.xpath: .//div[contains(@class, &apos;webhooks-content&apos;)]]] on http://ucf2c-dcs-release-hub1.opcdeveloper.oracleinternalucf2c.oraclecorp.com/qa-dev/#projects/qa-dev_test-shared-project1-1460525673052/admin/webhooks?id=14308.
2016-04-12 23:16:53,662 DEBUG [oracle.clouddev.test.selenium.components.AssertElement] Check condition (element is enabled) for element [By.xpath: .//div[contains(@class, &apos;webhooks-name&apos;)] under [By.xpath: .//div[contains(@class, &apos;webhooks-content&apos;)]]] on http://ucf2c-dcs-release-hub1.opcdeveloper.oracleinternalucf2c.oraclecorp.com/qa-dev/#projects/qa-dev_test-shared-project1-1460525673052/admin/webhooks?id=14308.
2016-04-12 23:16:53,709 DEBUG [oracle.clouddev.test.selenium.components.AssertElement] Check condition (element exists) for element [By.xpath: ./input[contains(@class, &apos;oj-inputtext-input&apos;)] under [By.xpath: .//div[contains(@class, &apos;webhooks-name&apos;)] under [By.xpath: .//div[contains(@class, &apos;webhooks-content&apos;)]]]] on http://ucf2c-dcs-release-hub1.opcdeveloper.oracleinternalucf2c.oraclecorp.com/qa-dev/#projects/qa-dev_test-shared-project1-1460525673052/admin/webhooks?id=14308.
2016-04-12 23:16:53,735 DEBUG [oracle.clouddev.test.selenium.components.AssertElement] Check condition (element is visible) for element [By.xpath: .//div[contains(@class, &apos;webhooks-name&apos;)] under [By.xpath: .//div[contains(@class, &apos;webhooks-content&apos;)]]] on http://ucf2c-dcs-release-hub1.opcdeveloper.oracleinternalucf2c.oraclecorp.com/qa-dev/#projects/qa-dev_test-shared-project1-1460525673052/admin/webhooks?id=14308.
2016-04-12 23:16:53,766 DEBUG [oracle.clouddev.test.selenium.components.AssertElement] Check condition (ojInputText value is webhook-hipchat-4) for element [By.xpath: ./input[contains(@class, &apos;oj-inputtext-input&apos;)] under [By.xpath: .//div[contains(@class, &apos;webhooks-name&apos;)] under [By.xpath: .//div[contains(@class, &apos;webhooks-content&apos;)]]]] on http://ucf2c-dcs-release-hub1.opcdeveloper.oracleinternalucf2c.oraclecorp.com/qa-dev/#projects/qa-dev_test-shared-project1-1460525673052/admin/webhooks?id=14308.
2016-04-12 23:16:53,802 DEBUG [oracle.clouddev.test.selenium.components.AssertElement] Check condition (element is visible) for element [By.xpath: .//div[contains(@class, &apos;webhooks-name&apos;)] under [By.xpath: .//div[contains(@class, &apos;webhooks-content&apos;)]]] on http://ucf2c-dcs-release-hub1.opcdeveloper.oracleinternalucf2c.oraclecorp.com/qa-dev/#projects/qa-dev_test-shared-project1-1460525673052/admin/webhooks?id=14308.
2016-04-12 23:16:53,837 DEBUG [oracle.clouddev.test.selenium.components.AssertElement] Check condition (element is visible) for element [By.xpath: ./input[contains(@class, &apos;oj-inputtext-input&apos;)] under [By.xpath: .//div[contains(@class, &apos;webhooks-name&apos;)] under [By.xpath: .//div[contains(@class, &apos;webhooks-content&apos;)]]]] on http://ucf2c-dcs-release-hub1.opcdeveloper.oracleinternalucf2c.oraclecorp.com/qa-dev/#projects/qa-dev_test-shared-project1-1460525673052/admin/webhooks?id=14308.
2016-04-12 23:16:53,878 DEBUG [oracle.clouddev.test.selenium.components.AssertElement] Check condition (NOT (element is readonly)) for element [By.xpath: ./input[contains(@class, &apos;oj-inputtext-input&apos;)] under [By.xpath: .//div[contains(@class, &apos;webhooks-name&apos;)] under [By.xpath: .//div[contains(@class, &apos;webhooks-content&apos;)]]]] on http://ucf2c-dcs-release-hub1.opcdeveloper.oracleinternalucf2c.oraclecorp.com/qa-dev/#projects/qa-dev_test-shared-project1-1460525673052/admin/webhooks?id=14308.
2016-04-12 23:16:53,919 DEBUG [oracle.clouddev.test.selenium.components.AssertElement] Check condition (element is visible) for element [By.xpath: ./input[contains(@class, &apos;oj-inputtext-input&apos;)] under [By.xpath: .//div[contains(@class, &apos;webhooks-name&apos;)] under [By.xpath: .//div[contains(@class, &apos;webhooks-content&apos;)]]]] on http://ucf2c-dcs-release-hub1.opcdeveloper.oracleinternalucf2c.oraclecorp.com/qa-dev/#projects/qa-dev_test-shared-project1-1460525673052/admin/webhooks?id=14308.
2016-04-12 23:16:54,375 DEBUG [oracle.clouddev.test.selenium.components.AssertElement] Check condition (element is visible) for element [By.xpath: .//div[contains(@class, &apos;webhooks-name&apos;)] under [By.xpath: .//div[contains(@class, &apos;webhooks-content&apos;)]]] on http://ucf2c-dcs-release-hub1.opcdeveloper.oracleinternalucf2c.oraclecorp.com/qa-dev/#projects/qa-dev_test-shared-project1-1460525673052/admin/webhooks?id=14308.
2016-04-12 23:16:54,423 DEBUG [oracle.clouddev.test.selenium.components.AssertElement] Check condition (ojInputText value is webhook-hipchat-4-changed) for element [By.xpath: ./input[contains(@class, &apos;oj-inputtext-input&apos;)] under [By.xpath: .//div[contains(@class, &apos;webhooks-name&apos;)] under [By.xpath: .//div[contains(@class, &apos;webhooks-content&apos;)]]]] on http://ucf2c-dcs-release-hub1.opcdeveloper.oracleinternalucf2c.oraclecorp.com/qa-dev/#projects/qa-dev_test-shared-project1-1460525673052/admin/webhooks?id=14308.
2016-04-12 23:16:54,457 DEBUG [oracle.clouddev.test.selenium.components.AssertElement] Check condition (element is visible) for element [By.xpath: .//input[contains(@class, &apos;webhooks-active&apos;)] under [By.xpath: .//div[contains(@class, &apos;webhooks-content&apos;)]]] on http://ucf2c-dcs-release-hub1.opcdeveloper.oracleinternalucf2c.oraclecorp.com/qa-dev/#projects/qa-dev_test-shared-project1-1460525673052/admin/webhooks?id=14308.
2016-04-12 23:16:54,490 DEBUG [oracle.clouddev.test.selenium.components.AssertElement] Check condition (element is enabled) for element [By.xpath: .//input[contains(@class, &apos;webhooks-active&apos;)] under [By.xpath: .//div[contains(@class, &apos;webhooks-content&apos;)]]] on http://ucf2c-dcs-release-hub1.opcdeveloper.oracleinternalucf2c.oraclecorp.com/qa-dev/#projects/qa-dev_test-shared-project1-1460525673052/admin/webhooks?id=14308.
2016-04-12 23:16:54,519 DEBUG [oracle.clouddev.test.selenium.components.AssertElement] Check condition (checkbox is checked) for element [By.xpath: .//input[contains(@class, &apos;webhooks-active&apos;)] under [By.xpath: .//div[contains(@class, &apos;webhooks-content&apos;)]]] on http://ucf2c-dcs-release-hub1.opcdeveloper.oracleinternalucf2c.oraclecorp.com/qa-dev/#projects/qa-dev_test-shared-project1-1460525673052/admin/webhooks?id=14308.
2016-04-12 23:16:54,552 DEBUG [oracle.clouddev.test.selenium.components.AssertElement] Check condition (element is visible) for element [By.xpath: .//input[contains(@class, &apos;webhooks-active&apos;)] under [By.xpath: .//div[contains(@class, &apos;webhooks-content&apos;)]]] on http://ucf2c-dcs-release-hub1.opcdeveloper.oracleinternalucf2c.oraclecorp.com/qa-dev/#projects/qa-dev_test-shared-project1-1460525673052/admin/webhooks?id=14308.
2016-04-12 23:16:54,873 DEBUG [oracle.clouddev.test.selenium.components.AssertElement] Check condition (NOT (checkbox is checked)) for element [By.xpath: .//input[contains(@class, &apos;webhooks-active&apos;)] under [By.xpath: .//div[contains(@class, &apos;webhooks-content&apos;)]]] on http://ucf2c-dcs-release-hub1.opcdeveloper.oracleinternalucf2c.oraclecorp.com/qa-dev/#projects/qa-dev_test-shared-project1-1460525673052/admin/webhooks?id=14308.
2016-04-12 23:16:54,948 DEBUG [oracle.clouddev.test.selenium.components.AssertElement] Check condition (element is visible) for element [By.xpath: .//div[contains(@class, &apos;webhooks-target-url&apos;)] under [By.xpath: .//div[contains(@class, &apos;webhooks-content&apos;)]]] on http://ucf2c-dcs-release-hub1.opcdeveloper.oracleinternalucf2c.oraclecorp.com/qa-dev/#projects/qa-dev_test-shared-project1-1460525673052/admin/webhooks?id=14308.
2016-04-12 23:16:55,005 DEBUG [oracle.clouddev.test.selenium.components.AssertElement] Check condition (element is enabled) for element [By.xpath: .//div[contains(@class, &apos;webhooks-target-url&apos;)] under [By.xpath: .//div[contains(@class, &apos;webhooks-content&apos;)]]] on http://ucf2c-dcs-release-hub1.opcdeveloper.oracleinternalucf2c.oraclecorp.com/qa-dev/#projects/qa-dev_test-shared-project1-1460525673052/admin/webhooks?id=14308.
2016-04-12 23:16:55,110 DEBUG [oracle.clouddev.test.selenium.components.AssertElement] Check condition (element exists) for element [By.xpath: ./input[contains(@class, &apos;oj-inputtext-input&apos;)] under [By.xpath: .//div[contains(@class, &apos;webhooks-target-url&apos;)] under [By.xpath: .//div[contains(@class, &apos;webhooks-content&apos;)]]]] on http://ucf2c-dcs-release-hub1.opcdeveloper.oracleinternalucf2c.oraclecorp.com/qa-dev/#projects/qa-dev_test-shared-project1-1460525673052/admin/webhooks?id=14308.
2016-04-12 23:16:55,182 DEBUG [oracle.clouddev.test.selenium.components.AssertElement] Check condition (element is visible) for element [By.xpath: .//div[contains(@class, &apos;webhooks-target-url&apos;)] under [By.xpath: .//div[contains(@class, &apos;webhooks-content&apos;)]]] on http://ucf2c-dcs-release-hub1.opcdeveloper.oracleinternalucf2c.oraclecorp.com/qa-dev/#projects/qa-dev_test-shared-project1-1460525673052/admin/webhooks?id=14308.
2016-04-12 23:16:55,275 DEBUG [oracle.clouddev.test.selenium.components.AssertElement] Check condition (element is visible) for element [By.xpath: ./input[contains(@class, &apos;oj-inputtext-input&apos;)] under [By.xpath: .//div[contains(@class, &apos;webhooks-target-url&apos;)] under [By.xpath: .//div[contains(@class, &apos;webhooks-content&apos;)]]]] on http://ucf2c-dcs-release-hub1.opcdeveloper.oracleinternalucf2c.oraclecorp.com/qa-dev/#projects/qa-dev_test-shared-project1-1460525673052/admin/webhooks?id=14308.
2016-04-12 23:16:55,404 DEBUG [oracle.clouddev.test.selenium.components.AssertElement] Check condition (element is visible) for element [By.xpath: .//div[contains(@class, &apos;webhooks-target-url&apos;)] under [By.xpath: .//div[contains(@class, &apos;webhooks-content&apos;)]]] on http://ucf2c-dcs-release-hub1.opcdeveloper.oracleinternalucf2c.oraclecorp.com/qa-dev/#projects/qa-dev_test-shared-project1-1460525673052/admin/webhooks?id=14308.
2016-04-12 23:16:55,463 DEBUG [oracle.clouddev.test.selenium.components.AssertElement] Check condition (element is visible) for element [By.xpath: ./input[contains(@class, &apos;oj-inputtext-input&apos;)] under [By.xpath: .//div[contains(@class, &apos;webhooks-target-url&apos;)] under [By.xpath: .//div[contains(@class, &apos;webhooks-content&apos;)]]]] on http://ucf2c-dcs-release-hub1.opcdeveloper.oracleinternalucf2c.oraclecorp.com/qa-dev/#projects/qa-dev_test-shared-project1-1460525673052/admin/webhooks?id=14308.
2016-04-12 23:16:55,500 DEBUG [oracle.clouddev.test.selenium.components.AssertElement] Check condition (NOT (element is readonly)) for element [By.xpath: ./input[contains(@class, &apos;oj-inputtext-input&apos;)] under [By.xpath: .//div[contains(@class, &apos;webhooks-target-url&apos;)] under [By.xpath: .//div[contains(@class, &apos;webhooks-content&apos;)]]]] on http://ucf2c-dcs-release-hub1.opcdeveloper.oracleinternalucf2c.oraclecorp.com/qa-dev/#projects/qa-dev_test-shared-project1-1460525673052/admin/webhooks?id=14308.
2016-04-12 23:16:55,607 DEBUG [oracle.clouddev.test.selenium.components.AssertElement] Check condition (element is visible) for element [By.xpath: ./input[contains(@class, &apos;oj-inputtext-input&apos;)] under [By.xpath: .//div[contains(@class, &apos;webhooks-target-url&apos;)] under [By.xpath: .//div[contains(@class, &apos;webhooks-content&apos;)]]]] on http://ucf2c-dcs-release-hub1.opcdeveloper.oracleinternalucf2c.oraclecorp.com/qa-dev/#projects/qa-dev_test-shared-project1-1460525673052/admin/webhooks?id=14308.
2016-04-12 23:16:57,125 DEBUG [oracle.clouddev.test.selenium.components.AssertElement] Check condition (element is visible) for element [By.xpath: .//div[contains(@class, &apos;webhooks-target-url&apos;)] under [By.xpath: .//div[contains(@class, &apos;webhooks-content&apos;)]]] on http://ucf2c-dcs-release-hub1.opcdeveloper.oracleinternalucf2c.oraclecorp.com/qa-dev/#projects/qa-dev_test-shared-project1-1460525673052/admin/webhooks?id=14308.
2016-04-12 23:16:57,200 DEBUG [oracle.clouddev.test.selenium.components.AssertElement] Check condition (ojInputText value is http://ucf2c-dcs-release-hub1.opcdeveloper.oracleinternalucf2c.oraclecorp.com/qa-dev/#projects/qa-dev_test-shared-project1-1460525673052/webhook/new-changed) for element [By.xpath: ./input[contains(@class, &apos;oj-inputtext-input&apos;)] under [By.xpath: .//div[contains(@class, &apos;webhooks-target-url&apos;)] under [By.xpath: .//div[contains(@class, &apos;webhooks-content&apos;)]]]] on http://ucf2c-dcs-release-hub1.opcdeveloper.oracleinternalucf2c.oraclecorp.com/qa-dev/#projects/qa-dev_test-shared-project1-1460525673052/admin/webhooks?id=14308.
2016-04-12 23:16:57,246 DEBUG [oracle.clouddev.test.selenium.components.AssertElement] Check condition (element is visible) for element [By.xpath: .//div[contains(@class, &apos;webhooks-event-list&apos;)] under [By.xpath: .//div[contains(@class, &apos;webhooks-content&apos;)]]] on http://ucf2c-dcs-release-hub1.opcdeveloper.oracleinternalucf2c.oraclecorp.com/qa-dev/#projects/qa-dev_test-shared-project1-1460525673052/admin/webhooks?id=14308.
2016-04-12 23:16:57,274 DEBUG [oracle.clouddev.test.selenium.components.AssertElement] Check condition (element is enabled) for element [By.xpath: .//div[contains(@class, &apos;webhooks-event-list&apos;)] under [By.xpath: .//div[contains(@class, &apos;webhooks-content&apos;)]]] on http://ucf2c-dcs-release-hub1.opcdeveloper.oracleinternalucf2c.oraclecorp.com/qa-dev/#projects/qa-dev_test-shared-project1-1460525673052/admin/webhooks?id=14308.
2016-04-12 23:16:57,527 DEBUG [oracle.clouddev.test.selenium.components.AssertElement] Check condition (element is visible) for element [By.xpath: .//div[contains(@class, &apos;webhooks-events-group&apos;)] under [By.xpath: .//div[contains(@class, &apos;webhooks-content&apos;)]]] on http://ucf2c-dcs-release-hub1.opcdeveloper.oracleinternalucf2c.oraclecorp.com/qa-dev/#projects/qa-dev_test-shared-project1-1460525673052/admin/webhooks?id=14308.
2016-04-12 23:16:57,581 DEBUG [oracle.clouddev.test.selenium.components.AssertElement] Check condition (element is enabled) for element [By.xpath: .//div[contains(@class, &apos;webhooks-events-group&apos;)] under [By.xpath: .//div[contains(@class, &apos;webhooks-content&apos;)]]] on http://ucf2c-dcs-release-hub1.opcdeveloper.oracleinternalucf2c.oraclecorp.com/qa-dev/#projects/qa-dev_test-shared-project1-1460525673052/admin/webhooks?id=14308.
2016-04-12 23:16:57,769 DEBUG [oracle.clouddev.test.selenium.components.AssertElement] Check condition (element is visible) for element [input#webhooks-hipchat-events-14308-group-build-failed under [By.xpath: .//div[contains(@class, &apos;webhooks-events-group&apos;)] under [By.xpath: .//div[contains(@class, &apos;webhooks-content&apos;)]]]] on http://ucf2c-dcs-release-hub1.opcdeveloper.oracleinternalucf2c.oraclecorp.com/qa-dev/#projects/qa-dev_test-shared-project1-1460525673052/admin/webhooks?id=14308.
2016-04-12 23:16:57,796 DEBUG [oracle.clouddev.test.selenium.components.AssertElement] Check condition (element is enabled) for element [input#webhooks-hipchat-events-14308-group-build-failed under [By.xpath: .//div[contains(@class, &apos;webhooks-events-group&apos;)] under [By.xpath: .//div[contains(@class, &apos;webhooks-content&apos;)]]]] on http://ucf2c-dcs-release-hub1.opcdeveloper.oracleinternalucf2c.oraclecorp.com/qa-dev/#projects/qa-dev_test-shared-project1-1460525673052/admin/webhooks?id=14308.
2016-04-12 23:16:57,822 DEBUG [oracle.clouddev.test.selenium.components.AssertElement] Check condition (element is visible) for element [input#webhooks-hipchat-events-14308-group-build-failed under [By.xpath: .//div[contains(@class, &apos;webhooks-events-group&apos;)] under [By.xpath: .//div[contains(@class, &apos;webhooks-content&apos;)]]]] on http://ucf2c-dcs-release-hub1.opcdeveloper.oracleinternalucf2c.oraclecorp.com/qa-dev/#projects/qa-dev_test-shared-project1-1460525673052/admin/webhooks?id=14308.
2016-04-12 23:16:58,085 DEBUG [oracle.clouddev.test.selenium.components.AssertElement] Check condition (NOT (element is visible)) for element [By.xpath: .//div[contains(@class, &apos;webhooks-event-list&apos;)] under [By.xpath: .//div[contains(@class, &apos;webhooks-content&apos;)]]] on http://ucf2c-dcs-release-hub1.opcdeveloper.oracleinternalucf2c.oraclecorp.com/qa-dev/#projects/qa-dev_test-shared-project1-1460525673052/admin/webhooks?id=14308.
2016-04-12 23:16:59,202 DEBUG [oracle.clouddev.test.selenium.components.AssertElement] Check condition (element is visible) for element [input#webhooks-hipchat-events-14308-group-select under [By.xpath: .//div[contains(@class, &apos;webhooks-events-group&apos;)] under [By.xpath: .//div[contains(@class, &apos;webhooks-content&apos;)]]]] on http://ucf2c-dcs-release-hub1.opcdeveloper.oracleinternalucf2c.oraclecorp.com/qa-dev/#projects/qa-dev_test-shared-project1-1460525673052/admin/webhooks?id=14308.
2016-04-12 23:16:59,255 DEBUG [oracle.clouddev.test.selenium.components.AssertElement] Check condition (element is enabled) for element [input#webhooks-hipchat-events-14308-group-select under [By.xpath: .//div[contains(@class, &apos;webhooks-events-group&apos;)] under [By.xpath: .//div[contains(@class, &apos;webhooks-content&apos;)]]]] on http://ucf2c-dcs-release-hub1.opcdeveloper.oracleinternalucf2c.oraclecorp.com/qa-dev/#projects/qa-dev_test-shared-project1-1460525673052/admin/webhooks?id=14308.
2016-04-12 23:16:59,282 DEBUG [oracle.clouddev.test.selenium.components.AssertElement] Check condition (element is visible) for element [input#webhooks-hipchat-events-14308-group-select under [By.xpath: .//div[contains(@class, &apos;webhooks-events-group&apos;)] under [By.xpath: .//div[contains(@class, &apos;webhooks-content&apos;)]]]] on http://ucf2c-dcs-release-hub1.opcdeveloper.oracleinternalucf2c.oraclecorp.com/qa-dev/#projects/qa-dev_test-shared-project1-1460525673052/admin/webhooks?id=14308.
2016-04-12 23:16:59,666 DEBUG [oracle.clouddev.test.selenium.components.AssertElement] Check condition (element is visible) for element [By.xpath: .//div[contains(@class, &apos;webhooks-event-list&apos;)] under [By.xpath: .//div[contains(@class, &apos;webhooks-content&apos;)]]] on http://ucf2c-dcs-release-hub1.opcdeveloper.oracleinternalucf2c.oraclecorp.com/qa-dev/#projects/qa-dev_test-shared-project1-1460525673052/admin/webhooks?id=14308.
2016-04-12 23:16:59,729 DEBUG [oracle.clouddev.test.selenium.components.AssertElement] Check condition (element is enabled) for element [By.xpath: .//div[contains(@class, &apos;webhooks-event-list&apos;)] under [By.xpath: .//div[contains(@class, &apos;webhooks-content&apos;)]]] on http://ucf2c-dcs-release-hub1.opcdeveloper.oracleinternalucf2c.oraclecorp.com/qa-dev/#projects/qa-dev_test-shared-project1-1460525673052/admin/webhooks?id=14308.
2016-04-12 23:17:00,012 DEBUG [oracle.clouddev.test.selenium.components.AssertElement] Check condition (element is visible) for element [By.xpath: .//*[(self::button or self::a or self::input) and @id=&apos;webhooks-activate&apos;]] on http://ucf2c-dcs-release-hub1.opcdeveloper.oracleinternalucf2c.oraclecorp.com/qa-dev/#projects/qa-dev_test-shared-project1-1460525673052/admin/webhooks?id=14308.
2016-04-12 23:17:00,039 DEBUG [oracle.clouddev.test.selenium.components.AssertElement] Check condition (element has style class &apos;oj-enabled&apos;) for element [By.xpath: .//*[(self::button or self::a or self::input) and @id=&apos;webhooks-activate&apos;]] on http://ucf2c-dcs-release-hub1.opcdeveloper.oracleinternalucf2c.oraclecorp.com/qa-dev/#projects/qa-dev_test-shared-project1-1460525673052/admin/webhooks?id=14308.
2016-04-12 23:17:00,060 DEBUG [oracle.clouddev.test.selenium.components.AssertElement] Check condition (element is visible) for element [By.xpath: .//*[(self::button or self::a or self::input) and @id=&apos;webhooks-activate&apos;]] on http://ucf2c-dcs-release-hub1.opcdeveloper.oracleinternalucf2c.oraclecorp.com/qa-dev/#projects/qa-dev_test-shared-project1-1460525673052/admin/webhooks?id=14308.
2016-04-12 23:17:00,089 DEBUG [oracle.clouddev.test.selenium.components.AssertElement] Check condition (element has style class &apos;oj-enabled&apos;) for element [By.xpath: .//*[(self::button or self::a or self::input) and @id=&apos;webhooks-activate&apos;]] on http://ucf2c-dcs-release-hub1.opcdeveloper.oracleinternalucf2c.oraclecorp.com/qa-dev/#projects/qa-dev_test-shared-project1-1460525673052/admin/webhooks?id=14308.
2016-04-12 23:17:00,397 DEBUG [oracle.clouddev.test.selenium.components.AssertElement] Check condition (checkbox is checked) for element [By.xpath: .//input[contains(@class, &apos;webhooks-active&apos;)] under [By.xpath: .//div[contains(@class, &apos;webhooks-content&apos;)]]] on http://ucf2c-dcs-release-hub1.opcdeveloper.oracleinternalucf2c.oraclecorp.com/qa-dev/#projects/qa-dev_test-shared-project1-1460525673052/admin/webhooks?id=14308.
2016-04-12 23:17:02,821 DEBUG [oracle.clouddev.test.selenium.components.AssertElement] Check condition (element is visible) for element [By.xpath: .//div[@id=&apos;page-admin-webhooks&apos;]] on http://ucf2c-dcs-release-hub1.opcdeveloper.oracleinternalucf2c.oraclecorp.com/qa-dev/#projects/qa-dev_test-shared-project1-1460525673052/admin/webhooks?id=14308.
2016-04-12 23:17:05,348 DEBUG [oracle.clouddev.test.selenium.components.AssertElement] Check condition (element is visible) for element [By.xpath: .//ul[@id=&apos;webhook-list-content&apos;]] on http://ucf2c-dcs-release-hub1.opcdeveloper.oracleinternalucf2c.oraclecorp.com/qa-dev/#projects/qa-dev_test-shared-project1-1460525673052/admin/webhooks?id=14305.
2016-04-12 23:17:06,008 DEBUG [oracle.clouddev.test.selenium.components.AssertElement] Check condition (element is visible) for element [By.xpath: .//li[contains(@class, &apos;webhook-selected&apos;) and contains(@class, &apos;webhook-list-item&apos;)] under [By.xpath: .//ul[@id=&apos;webhook-list-content&apos;]]] on http://ucf2c-dcs-release-hub1.opcdeveloper.oracleinternalucf2c.oraclecorp.com/qa-dev/#projects/qa-dev_test-shared-project1-1460525673052/admin/webhooks?id=14305.
2016-04-12 23:17:06,056 DEBUG [oracle.clouddev.test.selenium.components.AssertElement] Check condition (element is visible) for element [By.xpath: .//div[contains(@class, &apos;status-icon&apos;)] under [By.xpath: .//li[contains(@class, &apos;webhook-selected&apos;) and contains(@class, &apos;webhook-list-item&apos;)] under [By.xpath: .//ul[@id=&apos;webhook-list-content&apos;]]]] on http://ucf2c-dcs-release-hub1.opcdeveloper.oracleinternalucf2c.oraclecorp.com/qa-dev/#projects/qa-dev_test-shared-project1-1460525673052/admin/webhooks?id=14305.
2016-04-12 23:17:06,121 DEBUG [oracle.clouddev.test.selenium.components.AssertElement] Check condition ((element has style class &apos;success-status&apos; OR element has style class &apos;fail-status&apos;)) for element [By.xpath: .//div[contains(@class, &apos;status-icon&apos;)] under [By.xpath: .//li[contains(@class, &apos;webhook-selected&apos;) and contains(@class, &apos;webhook-list-item&apos;)] under [By.xpath: .//ul[@id=&apos;webhook-list-content&apos;]]]] on http://ucf2c-dcs-release-hub1.opcdeveloper.oracleinternalucf2c.oraclecorp.com/qa-dev/#projects/qa-dev_test-shared-project1-1460525673052/admin/webhooks?id=14305.
2016-04-12 23:17:06,182 DEBUG [oracle.clouddev.test.selenium.components.AssertElement] Check condition (element is visible) for element [By.xpath: .//div[contains(@class, &apos;webhooks-content&apos;)]] on http://ucf2c-dcs-release-hub1.opcdeveloper.oracleinternalucf2c.oraclecorp.com/qa-dev/#projects/qa-dev_test-shared-project1-1460525673052/admin/webhooks?id=14305.
2016-04-12 23:17:06,213 DEBUG [oracle.clouddev.test.selenium.components.AssertElement] Check condition (element is visible) for element [By.xpath: .//div[contains(@class, &apos;webhooks-name&apos;)] under [By.xpath: .//div[contains(@class, &apos;webhooks-content&apos;)]]] on http://ucf2c-dcs-release-hub1.opcdeveloper.oracleinternalucf2c.oraclecorp.com/qa-dev/#projects/qa-dev_test-shared-project1-1460525673052/admin/webhooks?id=14305.
2016-04-12 23:17:06,242 DEBUG [oracle.clouddev.test.selenium.components.AssertElement] Check condition (element is enabled) for element [By.xpath: .//div[contains(@class, &apos;webhooks-name&apos;)] under [By.xpath: .//div[contains(@class, &apos;webhooks-content&apos;)]]] on http://ucf2c-dcs-release-hub1.opcdeveloper.oracleinternalucf2c.oraclecorp.com/qa-dev/#projects/qa-dev_test-shared-project1-1460525673052/admin/webhooks?id=14305.
2016-04-12 23:17:06,287 DEBUG [oracle.clouddev.test.selenium.components.AssertElement] Check condition (element exists) for element [By.xpath: ./input[contains(@class, &apos;oj-inputtext-input&apos;)] under [By.xpath: .//div[contains(@class, &apos;webhooks-name&apos;)] under [By.xpath: .//div[contains(@class, &apos;webhooks-content&apos;)]]]] on http://ucf2c-dcs-release-hub1.opcdeveloper.oracleinternalucf2c.oraclecorp.com/qa-dev/#projects/qa-dev_test-shared-project1-1460525673052/admin/webhooks?id=14305.
2016-04-12 23:17:06,348 DEBUG [oracle.clouddev.test.selenium.components.AssertElement] Check condition (element is visible) for element [By.xpath: .//div[contains(@class, &apos;webhooks-name&apos;)] under [By.xpath: .//div[contains(@class, &apos;webhooks-content&apos;)]]] on http://ucf2c-dcs-release-hub1.opcdeveloper.oracleinternalucf2c.oraclecorp.com/qa-dev/#projects/qa-dev_test-shared-project1-1460525673052/admin/webhooks?id=14305.
2016-04-12 23:17:06,397 DEBUG [oracle.clouddev.test.selenium.components.AssertElement] Check condition (ojInputText value is webhook-dcs-0-changed) for element [By.xpath: ./input[contains(@class, &apos;oj-inputtext-input&apos;)] under [By.xpath: .//div[contains(@class, &apos;webhooks-name&apos;)] under [By.xpath: .//div[contains(@class, &apos;webhooks-content&apos;)]]]] on http://ucf2c-dcs-release-hub1.opcdeveloper.oracleinternalucf2c.oraclecorp.com/qa-dev/#projects/qa-dev_test-shared-project1-1460525673052/admin/webhooks?id=14305.
2016-04-12 23:17:06,450 DEBUG [oracle.clouddev.test.selenium.components.AssertElement] Check condition (element is visible) for element [By.xpath: .//input[contains(@class, &apos;webhooks-active&apos;)]] on http://ucf2c-dcs-release-hub1.opcdeveloper.oracleinternalucf2c.oraclecorp.com/qa-dev/#projects/qa-dev_test-shared-project1-1460525673052/admin/webhooks?id=14305.
2016-04-12 23:17:06,493 DEBUG [oracle.clouddev.test.selenium.components.AssertElement] Check condition (element is enabled) for element [By.xpath: .//input[contains(@class, &apos;webhooks-active&apos;)]] on http://ucf2c-dcs-release-hub1.opcdeveloper.oracleinternalucf2c.oraclecorp.com/qa-dev/#projects/qa-dev_test-shared-project1-1460525673052/admin/webhooks?id=14305.
2016-04-12 23:17:06,523 DEBUG [oracle.clouddev.test.selenium.components.AssertElement] Check condition (checkbox is checked) for element [By.xpath: .//input[contains(@class, &apos;webhooks-active&apos;)]] on http://ucf2c-dcs-release-hub1.opcdeveloper.oracleinternalucf2c.oraclecorp.com/qa-dev/#projects/qa-dev_test-shared-project1-1460525673052/admin/webhooks?id=14305.
2016-04-12 23:17:06,575 DEBUG [oracle.clouddev.test.selenium.components.AssertElement] Check condition (element is visible) for element [By.xpath: .//div[contains(@class, &apos;webhooks-target-url&apos;)] under [By.xpath: .//div[contains(@class, &apos;webhooks-content&apos;)]]] on http://ucf2c-dcs-release-hub1.opcdeveloper.oracleinternalucf2c.oraclecorp.com/qa-dev/#projects/qa-dev_test-shared-project1-1460525673052/admin/webhooks?id=14305.
2016-04-12 23:17:06,624 DEBUG [oracle.clouddev.test.selenium.components.AssertElement] Check condition (element is enabled) for element [By.xpath: .//div[contains(@class, &apos;webhooks-target-url&apos;)] under [By.xpath: .//div[contains(@class, &apos;webhooks-content&apos;)]]] on http://ucf2c-dcs-release-hub1.opcdeveloper.oracleinternalucf2c.oraclecorp.com/qa-dev/#projects/qa-dev_test-shared-project1-1460525673052/admin/webhooks?id=14305.
2016-04-12 23:17:06,710 DEBUG [oracle.clouddev.test.selenium.components.AssertElement] Check condition (element exists) for element [By.xpath: ./input[contains(@class, &apos;oj-inputtext-input&apos;)] under [By.xpath: .//div[contains(@class, &apos;webhooks-target-url&apos;)] under [By.xpath: .//div[contains(@class, &apos;webhooks-content&apos;)]]]] on http://ucf2c-dcs-release-hub1.opcdeveloper.oracleinternalucf2c.oraclecorp.com/qa-dev/#projects/qa-dev_test-shared-project1-1460525673052/admin/webhooks?id=14305.
2016-04-12 23:17:06,780 DEBUG [oracle.clouddev.test.selenium.components.AssertElement] Check condition (element is visible) for element [By.xpath: .//div[contains(@class, &apos;webhooks-target-url&apos;)] under [By.xpath: .//div[contains(@class, &apos;webhooks-content&apos;)]]] on http://ucf2c-dcs-release-hub1.opcdeveloper.oracleinternalucf2c.oraclecorp.com/qa-dev/#projects/qa-dev_test-shared-project1-1460525673052/admin/webhooks?id=14305.
2016-04-12 23:17:06,835 DEBUG [oracle.clouddev.test.selenium.components.AssertElement] Check condition (element is visible) for element [By.xpath: ./input[contains(@class, &apos;oj-inputtext-input&apos;)] under [By.xpath: .//div[contains(@class, &apos;webhooks-target-url&apos;)] under [By.xpath: .//div[contains(@class, &apos;webhooks-content&apos;)]]]] on http://ucf2c-dcs-release-hub1.opcdeveloper.oracleinternalucf2c.oraclecorp.com/qa-dev/#projects/qa-dev_test-shared-project1-1460525673052/admin/webhooks?id=14305.
2016-04-12 23:17:06,926 DEBUG [oracle.clouddev.test.selenium.components.AssertElement] Check condition (element is visible) for element [By.xpath: .//div[contains(@class, &apos;webhooks-secret&apos;)] under [By.xpath: .//div[contains(@class, &apos;webhooks-content&apos;)]]] on http://ucf2c-dcs-release-hub1.opcdeveloper.oracleinternalucf2c.oraclecorp.com/qa-dev/#projects/qa-dev_test-shared-project1-1460525673052/admin/webhooks?id=14305.
2016-04-12 23:17:06,968 DEBUG [oracle.clouddev.test.selenium.components.AssertElement] Check condition (element is enabled) for element [By.xpath: .//div[contains(@class, &apos;webhooks-secret&apos;)] under [By.xpath: .//div[contains(@class, &apos;webhooks-content&apos;)]]] on http://ucf2c-dcs-release-hub1.opcdeveloper.oracleinternalucf2c.oraclecorp.com/qa-dev/#projects/qa-dev_test-shared-project1-1460525673052/admin/webhooks?id=14305.
2016-04-12 23:17:07,014 DEBUG [oracle.clouddev.test.selenium.components.AssertElement] Check condition (element exists) for element [By.xpath: ./input[contains(@class, &apos;oj-inputpassword-input&apos;)] under [By.xpath: .//div[contains(@class, &apos;webhooks-secret&apos;)] under [By.xpath: .//div[contains(@class, &apos;webhooks-content&apos;)]]]] on http://ucf2c-dcs-release-hub1.opcdeveloper.oracleinternalucf2c.oraclecorp.com/qa-dev/#projects/qa-dev_test-shared-project1-1460525673052/admin/webhooks?id=14305.
2016-04-12 23:17:07,040 DEBUG [oracle.clouddev.test.selenium.components.AssertElement] Check condition ((NOT (attribute value == &apos;secretValue&apos;) AND NOT (attribute value == &apos;secretValuesecretValue&apos;))) for element [By.xpath: .//div[contains(@class, &apos;webhooks-secret&apos;)] under [By.xpath: .//div[contains(@class, &apos;webhooks-content&apos;)]]] on http://ucf2c-dcs-release-hub1.opcdeveloper.oracleinternalucf2c.oraclecorp.com/qa-dev/#projects/qa-dev_test-shared-project1-1460525673052/admin/webhooks?id=14305.
2016-04-12 23:17:07,093 DEBUG [oracle.clouddev.test.selenium.components.AssertElement] Check condition (element is visible) for element [By.xpath: .//input[contains(@class, &apos;webhooks-ignoressl&apos;)] under [By.xpath: .//div[contains(@class, &apos;webhooks-content&apos;)]]] on http://ucf2c-dcs-release-hub1.opcdeveloper.oracleinternalucf2c.oraclecorp.com/qa-dev/#projects/qa-dev_test-shared-project1-1460525673052/admin/webhooks?id=14305.
2016-04-12 23:17:07,142 DEBUG [oracle.clouddev.test.selenium.components.AssertElement] Check condition (element is enabled) for element [By.xpath: .//input[contains(@class, &apos;webhooks-ignoressl&apos;)] under [By.xpath: .//div[contains(@class, &apos;webhooks-content&apos;)]]] on http://ucf2c-dcs-release-hub1.opcdeveloper.oracleinternalucf2c.oraclecorp.com/qa-dev/#projects/qa-dev_test-shared-project1-1460525673052/admin/webhooks?id=14305.
2016-04-12 23:17:07,169 DEBUG [oracle.clouddev.test.selenium.components.AssertElement] Check condition (NOT (checkbox is checked)) for element [By.xpath: .//input[contains(@class, &apos;webhooks-ignoressl&apos;)] under [By.xpath: .//div[contains(@class, &apos;webhooks-content&apos;)]]] on http://ucf2c-dcs-release-hub1.opcdeveloper.oracleinternalucf2c.oraclecorp.com/qa-dev/#projects/qa-dev_test-shared-project1-1460525673052/admin/webhooks?id=14305.
2016-04-12 23:17:07,194 DEBUG [oracle.clouddev.test.selenium.components.AssertElement] Check condition (element is visible) for element [By.xpath: .//div[contains(@class, &apos;webhooks-events-group&apos;)] under [By.xpath: .//div[contains(@class, &apos;webhooks-content&apos;)]]] on http://ucf2c-dcs-release-hub1.opcdeveloper.oracleinternalucf2c.oraclecorp.com/qa-dev/#projects/qa-dev_test-shared-project1-1460525673052/admin/webhooks?id=14305.
2016-04-12 23:17:07,223 DEBUG [oracle.clouddev.test.selenium.components.AssertElement] Check condition (element is enabled) for element [By.xpath: .//div[contains(@class, &apos;webhooks-events-group&apos;)] under [By.xpath: .//div[contains(@class, &apos;webhooks-content&apos;)]]] on http://ucf2c-dcs-release-hub1.opcdeveloper.oracleinternalucf2c.oraclecorp.com/qa-dev/#projects/qa-dev_test-shared-project1-1460525673052/admin/webhooks?id=14305.
2016-04-12 23:17:07,339 DEBUG [oracle.clouddev.test.selenium.components.AssertElement] Check condition (NOT (element is visible)) for element [By.xpath: .//div[contains(@class, &apos;webhooks-event-list&apos;)] under [By.xpath: .//div[contains(@class, &apos;webhooks-content&apos;)]]] on http://ucf2c-dcs-release-hub1.opcdeveloper.oracleinternalucf2c.oraclecorp.com/qa-dev/#projects/qa-dev_test-shared-project1-1460525673052/admin/webhooks?id=14305.
2016-04-12 23:17:08,564 DEBUG [oracle.clouddev.test.selenium.components.AssertElement] Check condition (element is visible) for element [By.xpath: .//ul[@id=&apos;webhook-list-content&apos;]] on http://ucf2c-dcs-release-hub1.opcdeveloper.oracleinternalucf2c.oraclecorp.com/qa-dev/#projects/qa-dev_test-shared-project1-1460525673052/admin/webhooks?id=14306.
2016-04-12 23:17:09,375 DEBUG [oracle.clouddev.test.selenium.components.AssertElement] Check condition (element is visible) for element [By.xpath: .//li[contains(@class, &apos;webhook-selected&apos;) and contains(@class, &apos;webhook-list-item&apos;)] under [By.xpath: .//ul[@id=&apos;webhook-list-content&apos;]]] on http://ucf2c-dcs-release-hub1.opcdeveloper.oracleinternalucf2c.oraclecorp.com/qa-dev/#projects/qa-dev_test-shared-project1-1460525673052/admin/webhooks?id=14306.
2016-04-12 23:17:09,489 DEBUG [oracle.clouddev.test.selenium.components.AssertElement] Check condition (element is visible) for element [By.xpath: .//div[contains(@class, &apos;status-icon&apos;)] under [By.xpath: .//li[contains(@class, &apos;webhook-selected&apos;) and contains(@class, &apos;webhook-list-item&apos;)] under [By.xpath: .//ul[@id=&apos;webhook-list-content&apos;]]]] on http://ucf2c-dcs-release-hub1.opcdeveloper.oracleinternalucf2c.oraclecorp.com/qa-dev/#projects/qa-dev_test-shared-project1-1460525673052/admin/webhooks?id=14306.
2016-04-12 23:17:09,541 DEBUG [oracle.clouddev.test.selenium.components.AssertElement] Check condition ((element has style class &apos;success-status&apos; OR element has style class &apos;fail-status&apos;)) for element [By.xpath: .//div[contains(@class, &apos;status-icon&apos;)] under [By.xpath: .//li[contains(@class, &apos;webhook-selected&apos;) and contains(@class, &apos;webhook-list-item&apos;)] under [By.xpath: .//ul[@id=&apos;webhook-list-content&apos;]]]] on http://ucf2c-dcs-release-hub1.opcdeveloper.oracleinternalucf2c.oraclecorp.com/qa-dev/#projects/qa-dev_test-shared-project1-1460525673052/admin/webhooks?id=14306.
2016-04-12 23:17:09,652 DEBUG [oracle.clouddev.test.selenium.components.AssertElement] Check condition (element is visible) for element [By.xpath: .//div[contains(@class, &apos;webhooks-content&apos;)]] on http://ucf2c-dcs-release-hub1.opcdeveloper.oracleinternalucf2c.oraclecorp.com/qa-dev/#projects/qa-dev_test-shared-project1-1460525673052/admin/webhooks?id=14306.
2016-04-12 23:17:09,701 DEBUG [oracle.clouddev.test.selenium.components.AssertElement] Check condition (element is visible) for element [By.xpath: .//div[contains(@class, &apos;webhooks-name&apos;)] under [By.xpath: .//div[contains(@class, &apos;webhooks-content&apos;)]]] on http://ucf2c-dcs-release-hub1.opcdeveloper.oracleinternalucf2c.oraclecorp.com/qa-dev/#projects/qa-dev_test-shared-project1-1460525673052/admin/webhooks?id=14306.
2016-04-12 23:17:09,774 DEBUG [oracle.clouddev.test.selenium.components.AssertElement] Check condition (element is enabled) for element [By.xpath: .//div[contains(@class, &apos;webhooks-name&apos;)] under [By.xpath: .//div[contains(@class, &apos;webhooks-content&apos;)]]] on http://ucf2c-dcs-release-hub1.opcdeveloper.oracleinternalucf2c.oraclecorp.com/qa-dev/#projects/qa-dev_test-shared-project1-1460525673052/admin/webhooks?id=14306.
2016-04-12 23:17:10,005 DEBUG [oracle.clouddev.test.selenium.components.AssertElement] Check condition (element exists) for element [By.xpath: ./input[contains(@class, &apos;oj-inputtext-input&apos;)] under [By.xpath: .//div[contains(@class, &apos;webhooks-name&apos;)] under [By.xpath: .//div[contains(@class, &apos;webhooks-content&apos;)]]]] on http://ucf2c-dcs-release-hub1.opcdeveloper.oracleinternalucf2c.oraclecorp.com/qa-dev/#projects/qa-dev_test-shared-project1-1460525673052/admin/webhooks?id=14306.
2016-04-12 23:17:10,154 DEBUG [oracle.clouddev.test.selenium.components.AssertElement] Check condition (element is visible) for element [By.xpath: .//div[contains(@class, &apos;webhooks-name&apos;)] under [By.xpath: .//div[contains(@class, &apos;webhooks-content&apos;)]]] on http://ucf2c-dcs-release-hub1.opcdeveloper.oracleinternalucf2c.oraclecorp.com/qa-dev/#projects/qa-dev_test-shared-project1-1460525673052/admin/webhooks?id=14306.
2016-04-12 23:17:10,224 DEBUG [oracle.clouddev.test.selenium.components.AssertElement] Check condition (ojInputText value is webhook-github-1-changed) for element [By.xpath: ./input[contains(@class, &apos;oj-inputtext-input&apos;)] under [By.xpath: .//div[contains(@class, &apos;webhooks-name&apos;)] under [By.xpath: .//div[contains(@class, &apos;webhooks-content&apos;)]]]] on http://ucf2c-dcs-release-hub1.opcdeveloper.oracleinternalucf2c.oraclecorp.com/qa-dev/#projects/qa-dev_test-shared-project1-1460525673052/admin/webhooks?id=14306.
2016-04-12 23:17:10,277 DEBUG [oracle.clouddev.test.selenium.components.AssertElement] Check condition (element is visible) for element [By.xpath: .//input[contains(@class, &apos;webhooks-active&apos;)]] on http://ucf2c-dcs-release-hub1.opcdeveloper.oracleinternalucf2c.oraclecorp.com/qa-dev/#projects/qa-dev_test-shared-project1-1460525673052/admin/webhooks?id=14306.
2016-04-12 23:17:10,323 DEBUG [oracle.clouddev.test.selenium.components.AssertElement] Check condition (element is enabled) for element [By.xpath: .//input[contains(@class, &apos;webhooks-active&apos;)]] on http://ucf2c-dcs-release-hub1.opcdeveloper.oracleinternalucf2c.oraclecorp.com/qa-dev/#projects/qa-dev_test-shared-project1-1460525673052/admin/webhooks?id=14306.
2016-04-12 23:17:10,350 DEBUG [oracle.clouddev.test.selenium.components.AssertElement] Check condition (checkbox is checked) for element [By.xpath: .//input[contains(@class, &apos;webhooks-active&apos;)]] on http://ucf2c-dcs-release-hub1.opcdeveloper.oracleinternalucf2c.oraclecorp.com/qa-dev/#projects/qa-dev_test-shared-project1-1460525673052/admin/webhooks?id=14306.
2016-04-12 23:17:10,386 DEBUG [oracle.clouddev.test.selenium.components.AssertElement] Check condition (element is visible) for element [By.xpath: .//div[contains(@class, &apos;webhooks-target-url&apos;)] under [By.xpath: .//div[contains(@class, &apos;webhooks-content&apos;)]]] on http://ucf2c-dcs-release-hub1.opcdeveloper.oracleinternalucf2c.oraclecorp.com/qa-dev/#projects/qa-dev_test-shared-project1-1460525673052/admin/webhooks?id=14306.
2016-04-12 23:17:10,441 DEBUG [oracle.clouddev.test.selenium.components.AssertElement] Check condition (element is enabled) for element [By.xpath: .//div[contains(@class, &apos;webhooks-target-url&apos;)] under [By.xpath: .//div[contains(@class, &apos;webhooks-content&apos;)]]] on http://ucf2c-dcs-release-hub1.opcdeveloper.oracleinternalucf2c.oraclecorp.com/qa-dev/#projects/qa-dev_test-shared-project1-1460525673052/admin/webhooks?id=14306.
2016-04-12 23:17:10,535 DEBUG [oracle.clouddev.test.selenium.components.AssertElement] Check condition (element exists) for element [By.xpath: ./input[contains(@class, &apos;oj-inputtext-input&apos;)] under [By.xpath: .//div[contains(@class, &apos;webhooks-target-url&apos;)] under [By.xpath: .//div[contains(@class, &apos;webhooks-content&apos;)]]]] on http://ucf2c-dcs-release-hub1.opcdeveloper.oracleinternalucf2c.oraclecorp.com/qa-dev/#projects/qa-dev_test-shared-project1-1460525673052/admin/webhooks?id=14306.
2016-04-12 23:17:10,577 DEBUG [oracle.clouddev.test.selenium.components.AssertElement] Check condition (element is visible) for element [By.xpath: .//div[contains(@class, &apos;webhooks-target-url&apos;)] under [By.xpath: .//div[contains(@class, &apos;webhooks-content&apos;)]]] on http://ucf2c-dcs-release-hub1.opcdeveloper.oracleinternalucf2c.oraclecorp.com/qa-dev/#projects/qa-dev_test-shared-project1-1460525673052/admin/webhooks?id=14306.
2016-04-12 23:17:10,605 DEBUG [oracle.clouddev.test.selenium.components.AssertElement] Check condition (element is visible) for element [By.xpath: ./input[contains(@class, &apos;oj-inputtext-input&apos;)] under [By.xpath: .//div[contains(@class, &apos;webhooks-target-url&apos;)] under [By.xpath: .//div[contains(@class, &apos;webhooks-content&apos;)]]]] on http://ucf2c-dcs-release-hub1.opcdeveloper.oracleinternalucf2c.oraclecorp.com/qa-dev/#projects/qa-dev_test-shared-project1-1460525673052/admin/webhooks?id=14306.
2016-04-12 23:17:10,657 DEBUG [oracle.clouddev.test.selenium.components.AssertElement] Check condition (element is visible) for element [By.xpath: .//div[contains(@class, &apos;webhooks-secret&apos;)] under [By.xpath: .//div[contains(@class, &apos;webhooks-content&apos;)]]] on http://ucf2c-dcs-release-hub1.opcdeveloper.oracleinternalucf2c.oraclecorp.com/qa-dev/#projects/qa-dev_test-shared-project1-1460525673052/admin/webhooks?id=14306.
2016-04-12 23:17:10,705 DEBUG [oracle.clouddev.test.selenium.components.AssertElement] Check condition (element is enabled) for element [By.xpath: .//div[contains(@class, &apos;webhooks-secret&apos;)] under [By.xpath: .//div[contains(@class, &apos;webhooks-content&apos;)]]] on http://ucf2c-dcs-release-hub1.opcdeveloper.oracleinternalucf2c.oraclecorp.com/qa-dev/#projects/qa-dev_test-shared-project1-1460525673052/admin/webhooks?id=14306.
2016-04-12 23:17:10,759 DEBUG [oracle.clouddev.test.selenium.components.AssertElement] Check condition (element exists) for element [By.xpath: ./input[contains(@class, &apos;oj-inputpassword-input&apos;)] under [By.xpath: .//div[contains(@class, &apos;webhooks-secret&apos;)] under [By.xpath: .//div[contains(@class, &apos;webhooks-content&apos;)]]]] on http://ucf2c-dcs-release-hub1.opcdeveloper.oracleinternalucf2c.oraclecorp.com/qa-dev/#projects/qa-dev_test-shared-project1-1460525673052/admin/webhooks?id=14306.
2016-04-12 23:17:10,814 DEBUG [oracle.clouddev.test.selenium.components.AssertElement] Check condition ((NOT (attribute value == &apos;secretValue&apos;) AND NOT (attribute value == &apos;secretValuesecretValue&apos;))) for element [By.xpath: .//div[contains(@class, &apos;webhooks-secret&apos;)] under [By.xpath: .//div[contains(@class, &apos;webhooks-content&apos;)]]] on http://ucf2c-dcs-release-hub1.opcdeveloper.oracleinternalucf2c.oraclecorp.com/qa-dev/#projects/qa-dev_test-shared-project1-1460525673052/admin/webhooks?id=14306.
2016-04-12 23:17:10,872 DEBUG [oracle.clouddev.test.selenium.components.AssertElement] Check condition (element is visible) for element [By.xpath: .//div[contains(@class, &apos;webhooks-payload&apos;)] under [By.xpath: .//div[contains(@class, &apos;webhooks-content&apos;)]]] on http://ucf2c-dcs-release-hub1.opcdeveloper.oracleinternalucf2c.oraclecorp.com/qa-dev/#projects/qa-dev_test-shared-project1-1460525673052/admin/webhooks?id=14306.
2016-04-12 23:17:10,926 DEBUG [oracle.clouddev.test.selenium.components.AssertElement] Check condition (NOT (element has style class &apos;oj-disabled&apos;)) for element [By.xpath: .//div[contains(@class, &apos;webhooks-payload&apos;)] under [By.xpath: .//div[contains(@class, &apos;webhooks-content&apos;)]]] on http://ucf2c-dcs-release-hub1.opcdeveloper.oracleinternalucf2c.oraclecorp.com/qa-dev/#projects/qa-dev_test-shared-project1-1460525673052/admin/webhooks?id=14306.
2016-04-12 23:17:11,013 DEBUG [oracle.clouddev.test.selenium.components.AssertElement] Check condition (element exists) for element [By.xpath: ./div[contains(@class, &apos;oj-select-choice&apos;)] under [By.xpath: .//div[contains(@class, &apos;webhooks-payload&apos;)] under [By.xpath: .//div[contains(@class, &apos;webhooks-content&apos;)]]]] on http://ucf2c-dcs-release-hub1.opcdeveloper.oracleinternalucf2c.oraclecorp.com/qa-dev/#projects/qa-dev_test-shared-project1-1460525673052/admin/webhooks?id=14306.
2016-04-12 23:17:11,073 DEBUG [oracle.clouddev.test.selenium.components.AssertElement] Check condition (NOT (element is visible)) for element [By.xpath: ./following-sibling::select[contains(@data-bind, &apos;ojSelect&apos;)] under [By.xpath: .//div[contains(@class, &apos;webhooks-payload&apos;)] under [By.xpath: .//div[contains(@class, &apos;webhooks-content&apos;)]]]] on http://ucf2c-dcs-release-hub1.opcdeveloper.oracleinternalucf2c.oraclecorp.com/qa-dev/#projects/qa-dev_test-shared-project1-1460525673052/admin/webhooks?id=14306.
2016-04-12 23:17:11,127 DEBUG [oracle.clouddev.test.selenium.components.AssertElement] Check condition (element is visible) for element [By.xpath: .//span[contains(@class, &apos;oj-select-chosen&apos;)] under [By.xpath: .//div[contains(@class, &apos;webhooks-payload&apos;)] under [By.xpath: .//div[contains(@class, &apos;webhooks-content&apos;)]]]] on http://ucf2c-dcs-release-hub1.opcdeveloper.oracleinternalucf2c.oraclecorp.com/qa-dev/#projects/qa-dev_test-shared-project1-1460525673052/admin/webhooks?id=14306.
2016-04-12 23:17:11,251 DEBUG [oracle.clouddev.test.selenium.components.AssertElement] Check condition (element is visible) for element [By.xpath: .//input[contains(@class, &apos;webhooks-ignoressl&apos;)] under [By.xpath: .//div[contains(@class, &apos;webhooks-content&apos;)]]] on http://ucf2c-dcs-release-hub1.opcdeveloper.oracleinternalucf2c.oraclecorp.com/qa-dev/#projects/qa-dev_test-shared-project1-1460525673052/admin/webhooks?id=14306.
2016-04-12 23:17:11,289 DEBUG [oracle.clouddev.test.selenium.components.AssertElement] Check condition (element is enabled) for element [By.xpath: .//input[contains(@class, &apos;webhooks-ignoressl&apos;)] under [By.xpath: .//div[contains(@class, &apos;webhooks-content&apos;)]]] on http://ucf2c-dcs-release-hub1.opcdeveloper.oracleinternalucf2c.oraclecorp.com/qa-dev/#projects/qa-dev_test-shared-project1-1460525673052/admin/webhooks?id=14306.
2016-04-12 23:17:11,321 DEBUG [oracle.clouddev.test.selenium.components.AssertElement] Check condition (NOT (checkbox is checked)) for element [By.xpath: .//input[contains(@class, &apos;webhooks-ignoressl&apos;)] under [By.xpath: .//div[contains(@class, &apos;webhooks-content&apos;)]]] on http://ucf2c-dcs-release-hub1.opcdeveloper.oracleinternalucf2c.oraclecorp.com/qa-dev/#projects/qa-dev_test-shared-project1-1460525673052/admin/webhooks?id=14306.
2016-04-12 23:17:11,372 DEBUG [oracle.clouddev.test.selenium.components.AssertElement] Check condition (element is visible) for element [By.xpath: .//div[contains(@class, &apos;webhooks-events-group&apos;)] under [By.xpath: .//div[contains(@class, &apos;webhooks-content&apos;)]]] on http://ucf2c-dcs-release-hub1.opcdeveloper.oracleinternalucf2c.oraclecorp.com/qa-dev/#projects/qa-dev_test-shared-project1-1460525673052/admin/webhooks?id=14306.
2016-04-12 23:17:11,429 DEBUG [oracle.clouddev.test.selenium.components.AssertElement] Check condition (element is enabled) for element [By.xpath: .//div[contains(@class, &apos;webhooks-events-group&apos;)] under [By.xpath: .//div[contains(@class, &apos;webhooks-content&apos;)]]] on http://ucf2c-dcs-release-hub1.opcdeveloper.oracleinternalucf2c.oraclecorp.com/qa-dev/#projects/qa-dev_test-shared-project1-1460525673052/admin/webhooks?id=14306.
2016-04-12 23:17:11,545 DEBUG [oracle.clouddev.test.selenium.components.AssertElement] Check condition (NOT (element is visible)) for element [By.xpath: .//div[contains(@class, &apos;webhooks-event-list&apos;)] under [By.xpath: .//div[contains(@class, &apos;webhooks-content&apos;)]]] on http://ucf2c-dcs-release-hub1.opcdeveloper.oracleinternalucf2c.oraclecorp.com/qa-dev/#projects/qa-dev_test-shared-project1-1460525673052/admin/webhooks?id=14306.
2016-04-12 23:17:12,942 DEBUG [oracle.clouddev.test.selenium.components.AssertElement] Check condition (element is visible) for element [By.xpath: .//ul[@id=&apos;webhook-list-content&apos;]] on http://ucf2c-dcs-release-hub1.opcdeveloper.oracleinternalucf2c.oraclecorp.com/qa-dev/#projects/qa-dev_test-shared-project1-1460525673052/admin/webhooks?id=14307.
2016-04-12 23:17:13,659 DEBUG [oracle.clouddev.test.selenium.components.AssertElement] Check condition (element is visible) for element [By.xpath: .//li[contains(@class, &apos;webhook-selected&apos;) and contains(@class, &apos;webhook-list-item&apos;)] under [By.xpath: .//ul[@id=&apos;webhook-list-content&apos;]]] on http://ucf2c-dcs-release-hub1.opcdeveloper.oracleinternalucf2c.oraclecorp.com/qa-dev/#projects/qa-dev_test-shared-project1-1460525673052/admin/webhooks?id=14307.
2016-04-12 23:17:13,725 DEBUG [oracle.clouddev.test.selenium.components.AssertElement] Check condition (element is visible) for element [By.xpath: .//div[contains(@class, &apos;status-icon&apos;)] under [By.xpath: .//li[contains(@class, &apos;webhook-selected&apos;) and contains(@class, &apos;webhook-list-item&apos;)] under [By.xpath: .//ul[@id=&apos;webhook-list-content&apos;]]]] on http://ucf2c-dcs-release-hub1.opcdeveloper.oracleinternalucf2c.oraclecorp.com/qa-dev/#projects/qa-dev_test-shared-project1-1460525673052/admin/webhooks?id=14307.
2016-04-12 23:17:13,761 DEBUG [oracle.clouddev.test.selenium.components.AssertElement] Check condition ((element has style class &apos;success-status&apos; OR element has style class &apos;fail-status&apos;)) for element [By.xpath: .//div[contains(@class, &apos;status-icon&apos;)] under [By.xpath: .//li[contains(@class, &apos;webhook-selected&apos;) and contains(@class, &apos;webhook-list-item&apos;)] under [By.xpath: .//ul[@id=&apos;webhook-list-content&apos;]]]] on http://ucf2c-dcs-release-hub1.opcdeveloper.oracleinternalucf2c.oraclecorp.com/qa-dev/#projects/qa-dev_test-shared-project1-1460525673052/admin/webhooks?id=14307.
2016-04-12 23:17:13,795 DEBUG [oracle.clouddev.test.selenium.components.AssertElement] Check condition (element is visible) for element [By.xpath: .//div[contains(@class, &apos;webhooks-content&apos;)]] on http://ucf2c-dcs-release-hub1.opcdeveloper.oracleinternalucf2c.oraclecorp.com/qa-dev/#projects/qa-dev_test-shared-project1-1460525673052/admin/webhooks?id=14307.
2016-04-12 23:17:13,833 DEBUG [oracle.clouddev.test.selenium.components.AssertElement] Check condition (element is visible) for element [By.xpath: .//div[contains(@class, &apos;webhooks-name&apos;)] under [By.xpath: .//div[contains(@class, &apos;webhooks-content&apos;)]]] on http://ucf2c-dcs-release-hub1.opcdeveloper.oracleinternalucf2c.oraclecorp.com/qa-dev/#projects/qa-dev_test-shared-project1-1460525673052/admin/webhooks?id=14307.
2016-04-12 23:17:13,869 DEBUG [oracle.clouddev.test.selenium.components.AssertElement] Check condition (element is enabled) for element [By.xpath: .//div[contains(@class, &apos;webhooks-name&apos;)] under [By.xpath: .//div[contains(@class, &apos;webhooks-content&apos;)]]] on http://ucf2c-dcs-release-hub1.opcdeveloper.oracleinternalucf2c.oraclecorp.com/qa-dev/#projects/qa-dev_test-shared-project1-1460525673052/admin/webhooks?id=14307.
2016-04-12 23:17:13,926 DEBUG [oracle.clouddev.test.selenium.components.AssertElement] Check condition (element exists) for element [By.xpath: ./input[contains(@class, &apos;oj-inputtext-input&apos;)] under [By.xpath: .//div[contains(@class, &apos;webhooks-name&apos;)] under [By.xpath: .//div[contains(@class, &apos;webhooks-content&apos;)]]]] on http://ucf2c-dcs-release-hub1.opcdeveloper.oracleinternalucf2c.oraclecorp.com/qa-dev/#projects/qa-dev_test-shared-project1-1460525673052/admin/webhooks?id=14307.
2016-04-12 23:17:13,953 DEBUG [oracle.clouddev.test.selenium.components.AssertElement] Check condition (element is visible) for element [By.xpath: .//div[contains(@class, &apos;webhooks-name&apos;)] under [By.xpath: .//div[contains(@class, &apos;webhooks-content&apos;)]]] on http://ucf2c-dcs-release-hub1.opcdeveloper.oracleinternalucf2c.oraclecorp.com/qa-dev/#projects/qa-dev_test-shared-project1-1460525673052/admin/webhooks?id=14307.
2016-04-12 23:17:13,984 DEBUG [oracle.clouddev.test.selenium.components.AssertElement] Check condition (ojInputText value is webhook-jenkins-2-changed) for element [By.xpath: ./input[contains(@class, &apos;oj-inputtext-input&apos;)] under [By.xpath: .//div[contains(@class, &apos;webhooks-name&apos;)] under [By.xpath: .//div[contains(@class, &apos;webhooks-content&apos;)]]]] on http://ucf2c-dcs-release-hub1.opcdeveloper.oracleinternalucf2c.oraclecorp.com/qa-dev/#projects/qa-dev_test-shared-project1-1460525673052/admin/webhooks?id=14307.
2016-04-12 23:17:14,018 DEBUG [oracle.clouddev.test.selenium.components.AssertElement] Check condition (element is visible) for element [By.xpath: .//input[contains(@class, &apos;webhooks-active&apos;)]] on http://ucf2c-dcs-release-hub1.opcdeveloper.oracleinternalucf2c.oraclecorp.com/qa-dev/#projects/qa-dev_test-shared-project1-1460525673052/admin/webhooks?id=14307.
2016-04-12 23:17:14,060 DEBUG [oracle.clouddev.test.selenium.components.AssertElement] Check condition (element is enabled) for element [By.xpath: .//input[contains(@class, &apos;webhooks-active&apos;)]] on http://ucf2c-dcs-release-hub1.opcdeveloper.oracleinternalucf2c.oraclecorp.com/qa-dev/#projects/qa-dev_test-shared-project1-1460525673052/admin/webhooks?id=14307.
2016-04-12 23:17:14,107 DEBUG [oracle.clouddev.test.selenium.components.AssertElement] Check condition (checkbox is checked) for element [By.xpath: .//input[contains(@class, &apos;webhooks-active&apos;)]] on http://ucf2c-dcs-release-hub1.opcdeveloper.oracleinternalucf2c.oraclecorp.com/qa-dev/#projects/qa-dev_test-shared-project1-1460525673052/admin/webhooks?id=14307.
2016-04-12 23:17:14,149 DEBUG [oracle.clouddev.test.selenium.components.AssertElement] Check condition (element is visible) for element [By.xpath: .//div[contains(@class, &apos;webhooks-target-url&apos;)] under [By.xpath: .//div[contains(@class, &apos;webhooks-content&apos;)]]] on http://ucf2c-dcs-release-hub1.opcdeveloper.oracleinternalucf2c.oraclecorp.com/qa-dev/#projects/qa-dev_test-shared-project1-1460525673052/admin/webhooks?id=14307.
2016-04-12 23:17:14,200 DEBUG [oracle.clouddev.test.selenium.components.AssertElement] Check condition (element is enabled) for element [By.xpath: .//div[contains(@class, &apos;webhooks-target-url&apos;)] under [By.xpath: .//div[contains(@class, &apos;webhooks-content&apos;)]]] on http://ucf2c-dcs-release-hub1.opcdeveloper.oracleinternalucf2c.oraclecorp.com/qa-dev/#projects/qa-dev_test-shared-project1-1460525673052/admin/webhooks?id=14307.
2016-04-12 23:17:14,251 DEBUG [oracle.clouddev.test.selenium.components.AssertElement] Check condition (element exists) for element [By.xpath: ./input[contains(@class, &apos;oj-inputtext-input&apos;)] under [By.xpath: .//div[contains(@class, &apos;webhooks-target-url&apos;)] under [By.xpath: .//div[contains(@class, &apos;webhooks-content&apos;)]]]] on http://ucf2c-dcs-release-hub1.opcdeveloper.oracleinternalucf2c.oraclecorp.com/qa-dev/#projects/qa-dev_test-shared-project1-1460525673052/admin/webhooks?id=14307.
2016-04-12 23:17:14,279 DEBUG [oracle.clouddev.test.selenium.components.AssertElement] Check condition (element is visible) for element [By.xpath: .//div[contains(@class, &apos;webhooks-target-url&apos;)] under [By.xpath: .//div[contains(@class, &apos;webhooks-content&apos;)]]] on http://ucf2c-dcs-release-hub1.opcdeveloper.oracleinternalucf2c.oraclecorp.com/qa-dev/#projects/qa-dev_test-shared-project1-1460525673052/admin/webhooks?id=14307.
2016-04-12 23:17:14,309 DEBUG [oracle.clouddev.test.selenium.components.AssertElement] Check condition (element is visible) for element [By.xpath: ./input[contains(@class, &apos;oj-inputtext-input&apos;)] under [By.xpath: .//div[contains(@class, &apos;webhooks-target-url&apos;)] under [By.xpath: .//div[contains(@class, &apos;webhooks-content&apos;)]]]] on http://ucf2c-dcs-release-hub1.opcdeveloper.oracleinternalucf2c.oraclecorp.com/qa-dev/#projects/qa-dev_test-shared-project1-1460525673052/admin/webhooks?id=14307.
2016-04-12 23:17:14,370 DEBUG [oracle.clouddev.test.selenium.components.AssertElement] Check condition (element is visible) for element [By.xpath: .//div[contains(@class, &apos;webhooks-jenkins-url-collapsible&apos;)] under [By.xpath: .//div[contains(@class, &apos;webhooks-content&apos;)]]] on http://ucf2c-dcs-release-hub1.opcdeveloper.oracleinternalucf2c.oraclecorp.com/qa-dev/#projects/qa-dev_test-shared-project1-1460525673052/admin/webhooks?id=14307.
2016-04-12 23:17:14,399 DEBUG [oracle.clouddev.test.selenium.components.AssertElement] Check condition (element is enabled) for element [By.xpath: .//div[contains(@class, &apos;webhooks-jenkins-url-collapsible&apos;)] under [By.xpath: .//div[contains(@class, &apos;webhooks-content&apos;)]]] on http://ucf2c-dcs-release-hub1.opcdeveloper.oracleinternalucf2c.oraclecorp.com/qa-dev/#projects/qa-dev_test-shared-project1-1460525673052/admin/webhooks?id=14307.
2016-04-12 23:17:14,499 DEBUG [oracle.clouddev.test.selenium.components.AssertElement] Check condition (element is visible) for element [By.xpath: .//div[contains(@class, &apos;webhooks-url-types&apos;)]] on http://ucf2c-dcs-release-hub1.opcdeveloper.oracleinternalucf2c.oraclecorp.com/qa-dev/#projects/qa-dev_test-shared-project1-1460525673052/admin/webhooks?id=14307.
2016-04-12 23:17:14,549 DEBUG [oracle.clouddev.test.selenium.components.AssertElement] Check condition (NOT (element has style class &apos;oj-disabled&apos;)) for element [By.xpath: .//div[contains(@class, &apos;webhooks-url-types&apos;)]] on http://ucf2c-dcs-release-hub1.opcdeveloper.oracleinternalucf2c.oraclecorp.com/qa-dev/#projects/qa-dev_test-shared-project1-1460525673052/admin/webhooks?id=14307.
2016-04-12 23:17:14,626 DEBUG [oracle.clouddev.test.selenium.components.AssertElement] Check condition (element exists) for element [By.xpath: ./div[contains(@class, &apos;oj-select-choice&apos;)] under [By.xpath: .//div[contains(@class, &apos;webhooks-url-types&apos;)]]] on http://ucf2c-dcs-release-hub1.opcdeveloper.oracleinternalucf2c.oraclecorp.com/qa-dev/#projects/qa-dev_test-shared-project1-1460525673052/admin/webhooks?id=14307.
2016-04-12 23:17:14,660 DEBUG [oracle.clouddev.test.selenium.components.AssertElement] Check condition (NOT (element is visible)) for element [By.xpath: ./following-sibling::select[contains(@data-bind, &apos;ojSelect&apos;)] under [By.xpath: .//div[contains(@class, &apos;webhooks-url-types&apos;)]]] on http://ucf2c-dcs-release-hub1.opcdeveloper.oracleinternalucf2c.oraclecorp.com/qa-dev/#projects/qa-dev_test-shared-project1-1460525673052/admin/webhooks?id=14307.
2016-04-12 23:17:14,704 DEBUG [oracle.clouddev.test.selenium.components.AssertElement] Check condition (element is visible) for element [By.xpath: .//span[contains(@class, &apos;oj-select-chosen&apos;)] under [By.xpath: .//div[contains(@class, &apos;webhooks-url-types&apos;)]]] on http://ucf2c-dcs-release-hub1.opcdeveloper.oracleinternalucf2c.oraclecorp.com/qa-dev/#projects/qa-dev_test-shared-project1-1460525673052/admin/webhooks?id=14307.
2016-04-12 23:17:14,817 DEBUG [oracle.clouddev.test.selenium.components.AssertElement] Check condition (element is visible) for element [By.xpath: .//input[contains(@class, &apos;webhooks-appendHash&apos;)] under [By.xpath: .//div[contains(@class, &apos;webhooks-content&apos;)]]] on http://ucf2c-dcs-release-hub1.opcdeveloper.oracleinternalucf2c.oraclecorp.com/qa-dev/#projects/qa-dev_test-shared-project1-1460525673052/admin/webhooks?id=14307.
2016-04-12 23:17:14,850 DEBUG [oracle.clouddev.test.selenium.components.AssertElement] Check condition (NOT (element is readonly)) for element [By.xpath: .//input[contains(@class, &apos;webhooks-appendHash&apos;)] under [By.xpath: .//div[contains(@class, &apos;webhooks-content&apos;)]]] on http://ucf2c-dcs-release-hub1.opcdeveloper.oracleinternalucf2c.oraclecorp.com/qa-dev/#projects/qa-dev_test-shared-project1-1460525673052/admin/webhooks?id=14307.
2016-04-12 23:17:14,878 DEBUG [oracle.clouddev.test.selenium.components.AssertElement] Check condition (checkbox is checked) for element [By.xpath: .//input[contains(@class, &apos;webhooks-appendHash&apos;)] under [By.xpath: .//div[contains(@class, &apos;webhooks-content&apos;)]]] on http://ucf2c-dcs-release-hub1.opcdeveloper.oracleinternalucf2c.oraclecorp.com/qa-dev/#projects/qa-dev_test-shared-project1-1460525673052/admin/webhooks?id=14307.
2016-04-12 23:17:14,903 DEBUG [oracle.clouddev.test.selenium.components.AssertElement] Check condition (element is visible) for element [By.xpath: .//input[contains(@class, &apos;webhooks-appendBranch&apos;)]] on http://ucf2c-dcs-release-hub1.opcdeveloper.oracleinternalucf2c.oraclecorp.com/qa-dev/#projects/qa-dev_test-shared-project1-1460525673052/admin/webhooks?id=14307.
2016-04-12 23:17:14,927 DEBUG [oracle.clouddev.test.selenium.components.AssertElement] Check condition (NOT (element is readonly)) for element [By.xpath: .//input[contains(@class, &apos;webhooks-appendBranch&apos;)]] on http://ucf2c-dcs-release-hub1.opcdeveloper.oracleinternalucf2c.oraclecorp.com/qa-dev/#projects/qa-dev_test-shared-project1-1460525673052/admin/webhooks?id=14307.
2016-04-12 23:17:14,947 DEBUG [oracle.clouddev.test.selenium.components.AssertElement] Check condition (NOT (checkbox is checked)) for element [By.xpath: .//input[contains(@class, &apos;webhooks-appendBranch&apos;)]] on http://ucf2c-dcs-release-hub1.opcdeveloper.oracleinternalucf2c.oraclecorp.com/qa-dev/#projects/qa-dev_test-shared-project1-1460525673052/admin/webhooks?id=14307.
2016-04-12 23:17:14,969 DEBUG [oracle.clouddev.test.selenium.components.AssertElement] Check condition (element is visible) for element [By.xpath: .//div[contains(@class, &apos;webhooks-repository&apos;)] under [By.xpath: .//div[contains(@class, &apos;webhooks-content&apos;)]]] on http://ucf2c-dcs-release-hub1.opcdeveloper.oracleinternalucf2c.oraclecorp.com/qa-dev/#projects/qa-dev_test-shared-project1-1460525673052/admin/webhooks?id=14307.
2016-04-12 23:17:15,005 DEBUG [oracle.clouddev.test.selenium.components.AssertElement] Check condition (NOT (element has style class &apos;oj-disabled&apos;)) for element [By.xpath: .//div[contains(@class, &apos;webhooks-repository&apos;)] under [By.xpath: .//div[contains(@class, &apos;webhooks-content&apos;)]]] on http://ucf2c-dcs-release-hub1.opcdeveloper.oracleinternalucf2c.oraclecorp.com/qa-dev/#projects/qa-dev_test-shared-project1-1460525673052/admin/webhooks?id=14307.
2016-04-12 23:17:15,082 DEBUG [oracle.clouddev.test.selenium.components.AssertElement] Check condition (element exists) for element [By.xpath: ./div[contains(@class, &apos;oj-select-choice&apos;)] under [By.xpath: .//div[contains(@class, &apos;webhooks-repository&apos;)] under [By.xpath: .//div[contains(@class, &apos;webhooks-content&apos;)]]]] on http://ucf2c-dcs-release-hub1.opcdeveloper.oracleinternalucf2c.oraclecorp.com/qa-dev/#projects/qa-dev_test-shared-project1-1460525673052/admin/webhooks?id=14307.
2016-04-12 23:17:15,115 DEBUG [oracle.clouddev.test.selenium.components.AssertElement] Check condition (NOT (element is visible)) for element [By.xpath: ./following-sibling::select[contains(@data-bind, &apos;ojSelect&apos;)] under [By.xpath: .//div[contains(@class, &apos;webhooks-repository&apos;)] under [By.xpath: .//div[contains(@class, &apos;webhooks-content&apos;)]]]] on http://ucf2c-dcs-release-hub1.opcdeveloper.oracleinternalucf2c.oraclecorp.com/qa-dev/#projects/qa-dev_test-shared-project1-1460525673052/admin/webhooks?id=14307.
2016-04-12 23:17:15,149 DEBUG [oracle.clouddev.test.selenium.components.AssertElement] Check condition (element is visible) for element [By.xpath: . under [By.xpath: .//div[contains(@class, &apos;webhooks-repository&apos;)] under [By.xpath: .//div[contains(@class, &apos;webhooks-content&apos;)]]]] on http://ucf2c-dcs-release-hub1.opcdeveloper.oracleinternalucf2c.oraclecorp.com/qa-dev/#projects/qa-dev_test-shared-project1-1460525673052/admin/webhooks?id=14307.
2016-04-12 23:17:15,185 DEBUG [oracle.clouddev.test.selenium.components.AssertElement] Check condition (element is enabled) for element [By.xpath: . under [By.xpath: .//div[contains(@class, &apos;webhooks-repository&apos;)] under [By.xpath: .//div[contains(@class, &apos;webhooks-content&apos;)]]]] on http://ucf2c-dcs-release-hub1.opcdeveloper.oracleinternalucf2c.oraclecorp.com/qa-dev/#projects/qa-dev_test-shared-project1-1460525673052/admin/webhooks?id=14307.
2016-04-12 23:17:15,288 DEBUG [oracle.clouddev.test.selenium.components.AssertElement] Check condition (element is visible) for element [By.xpath: .//a[contains(@class, &apos;oj-select-arrow&apos;)] under [By.xpath: . under [By.xpath: .//div[contains(@class, &apos;webhooks-repository&apos;)] under [By.xpath: .//div[contains(@class, &apos;webhooks-content&apos;)]]]]] on http://ucf2c-dcs-release-hub1.opcdeveloper.oracleinternalucf2c.oraclecorp.com/qa-dev/#projects/qa-dev_test-shared-project1-1460525673052/admin/webhooks?id=14307.
2016-04-12 23:17:15,374 DEBUG [oracle.clouddev.test.selenium.components.AssertElement] Check condition (element is visible) for element [By.xpath: .//a[contains(@class, &apos;oj-select-arrow&apos;)] under [By.xpath: . under [By.xpath: .//div[contains(@class, &apos;webhooks-repository&apos;)] under [By.xpath: .//div[contains(@class, &apos;webhooks-content&apos;)]]]]] on http://ucf2c-dcs-release-hub1.opcdeveloper.oracleinternalucf2c.oraclecorp.com/qa-dev/#projects/qa-dev_test-shared-project1-1460525673052/admin/webhooks?id=14307.
2016-04-12 23:17:15,730 DEBUG [oracle.clouddev.test.selenium.components.AssertElement] Check condition (element is visible) for element [By.xpath: .//div[@id=&apos;oj-listbox-drop&apos;]] on http://ucf2c-dcs-release-hub1.opcdeveloper.oracleinternalucf2c.oraclecorp.com/qa-dev/#projects/qa-dev_test-shared-project1-1460525673052/admin/webhooks?id=14307.
2016-04-12 23:17:15,848 DEBUG [oracle.clouddev.test.selenium.components.AssertElement] Check condition (element is visible) for element [By.xpath: .//span[contains(@class, &apos;oj-select-chosen&apos;)] under [By.xpath: .//div[contains(@class, &apos;webhooks-repository&apos;)] under [By.xpath: .//div[contains(@class, &apos;webhooks-content&apos;)]]]] on http://ucf2c-dcs-release-hub1.opcdeveloper.oracleinternalucf2c.oraclecorp.com/qa-dev/#projects/qa-dev_test-shared-project1-1460525673052/admin/webhooks?id=14307.
2016-04-12 23:17:15,996 DEBUG [oracle.clouddev.test.selenium.components.AssertElement] Check condition (element is visible) for element [By.xpath: . under [By.xpath: .//div[contains(@class, &apos;webhooks-repository&apos;)] under [By.xpath: .//div[contains(@class, &apos;webhooks-content&apos;)]]]] on http://ucf2c-dcs-release-hub1.opcdeveloper.oracleinternalucf2c.oraclecorp.com/qa-dev/#projects/qa-dev_test-shared-project1-1460525673052/admin/webhooks?id=14307.
2016-04-12 23:17:16,126 DEBUG [oracle.clouddev.test.selenium.components.AssertElement] Check condition (element is enabled) for element [By.xpath: . under [By.xpath: .//div[contains(@class, &apos;webhooks-repository&apos;)] under [By.xpath: .//div[contains(@class, &apos;webhooks-content&apos;)]]]] on http://ucf2c-dcs-release-hub1.opcdeveloper.oracleinternalucf2c.oraclecorp.com/qa-dev/#projects/qa-dev_test-shared-project1-1460525673052/admin/webhooks?id=14307.
2016-04-12 23:17:16,265 DEBUG [oracle.clouddev.test.selenium.components.AssertElement] Check condition (element is visible) for element [By.xpath: .//a[contains(@class, &apos;oj-select-arrow&apos;)] under [By.xpath: . under [By.xpath: .//div[contains(@class, &apos;webhooks-repository&apos;)] under [By.xpath: .//div[contains(@class, &apos;webhooks-content&apos;)]]]]] on http://ucf2c-dcs-release-hub1.opcdeveloper.oracleinternalucf2c.oraclecorp.com/qa-dev/#projects/qa-dev_test-shared-project1-1460525673052/admin/webhooks?id=14307.
2016-04-12 23:17:16,521 DEBUG [oracle.clouddev.test.selenium.components.AssertElement] Check condition (element is visible) for element [By.xpath: .//a[contains(@class, &apos;oj-select-arrow&apos;)] under [By.xpath: . under [By.xpath: .//div[contains(@class, &apos;webhooks-repository&apos;)] under [By.xpath: .//div[contains(@class, &apos;webhooks-content&apos;)]]]]] on http://ucf2c-dcs-release-hub1.opcdeveloper.oracleinternalucf2c.oraclecorp.com/qa-dev/#projects/qa-dev_test-shared-project1-1460525673052/admin/webhooks?id=14307.
2016-04-12 23:17:17,284 DEBUG [oracle.clouddev.test.selenium.components.AssertElement] Check condition (element is visible) for element [By.xpath: .//div[contains(@class, &apos;webhooks-branch&apos;)] under [By.xpath: .//div[contains(@class, &apos;webhooks-content&apos;)]]] on http://ucf2c-dcs-release-hub1.opcdeveloper.oracleinternalucf2c.oraclecorp.com/qa-dev/#projects/qa-dev_test-shared-project1-1460525673052/admin/webhooks?id=14307.
2016-04-12 23:17:17,313 DEBUG [oracle.clouddev.test.selenium.components.AssertElement] Check condition (NOT (element has style class &apos;oj-disabled&apos;)) for element [By.xpath: .//div[contains(@class, &apos;webhooks-branch&apos;)] under [By.xpath: .//div[contains(@class, &apos;webhooks-content&apos;)]]] on http://ucf2c-dcs-release-hub1.opcdeveloper.oracleinternalucf2c.oraclecorp.com/qa-dev/#projects/qa-dev_test-shared-project1-1460525673052/admin/webhooks?id=14307.
2016-04-12 23:17:17,359 DEBUG [oracle.clouddev.test.selenium.components.AssertElement] Check condition (element exists) for element [By.xpath: ./div[contains(@class, &apos;oj-select-choice&apos;)] under [By.xpath: .//div[contains(@class, &apos;webhooks-branch&apos;)] under [By.xpath: .//div[contains(@class, &apos;webhooks-content&apos;)]]]] on http://ucf2c-dcs-release-hub1.opcdeveloper.oracleinternalucf2c.oraclecorp.com/qa-dev/#projects/qa-dev_test-shared-project1-1460525673052/admin/webhooks?id=14307.
2016-04-12 23:17:17,388 DEBUG [oracle.clouddev.test.selenium.components.AssertElement] Check condition (NOT (element is visible)) for element [By.xpath: ./following-sibling::select[contains(@data-bind, &apos;ojSelect&apos;)] under [By.xpath: .//div[contains(@class, &apos;webhooks-branch&apos;)] under [By.xpath: .//div[contains(@class, &apos;webhooks-content&apos;)]]]] on http://ucf2c-dcs-release-hub1.opcdeveloper.oracleinternalucf2c.oraclecorp.com/qa-dev/#projects/qa-dev_test-shared-project1-1460525673052/admin/webhooks?id=14307.
2016-04-12 23:17:17,421 DEBUG [oracle.clouddev.test.selenium.components.AssertElement] Check condition (element is visible) for element [By.xpath: . under [By.xpath: .//div[contains(@class, &apos;webhooks-branch&apos;)] under [By.xpath: .//div[contains(@class, &apos;webhooks-content&apos;)]]]] on http://ucf2c-dcs-release-hub1.opcdeveloper.oracleinternalucf2c.oraclecorp.com/qa-dev/#projects/qa-dev_test-shared-project1-1460525673052/admin/webhooks?id=14307.
2016-04-12 23:17:17,458 DEBUG [oracle.clouddev.test.selenium.components.AssertElement] Check condition (element is enabled) for element [By.xpath: . under [By.xpath: .//div[contains(@class, &apos;webhooks-branch&apos;)] under [By.xpath: .//div[contains(@class, &apos;webhooks-content&apos;)]]]] on http://ucf2c-dcs-release-hub1.opcdeveloper.oracleinternalucf2c.oraclecorp.com/qa-dev/#projects/qa-dev_test-shared-project1-1460525673052/admin/webhooks?id=14307.
2016-04-12 23:17:17,555 DEBUG [oracle.clouddev.test.selenium.components.AssertElement] Check condition (element is visible) for element [By.xpath: .//a[contains(@class, &apos;oj-select-arrow&apos;)] under [By.xpath: . under [By.xpath: .//div[contains(@class, &apos;webhooks-branch&apos;)] under [By.xpath: .//div[contains(@class, &apos;webhooks-content&apos;)]]]]] on http://ucf2c-dcs-release-hub1.opcdeveloper.oracleinternalucf2c.oraclecorp.com/qa-dev/#projects/qa-dev_test-shared-project1-1460525673052/admin/webhooks?id=14307.
2016-04-12 23:17:17,634 DEBUG [oracle.clouddev.test.selenium.components.AssertElement] Check condition (element is visible) for element [By.xpath: .//a[contains(@class, &apos;oj-select-arrow&apos;)] under [By.xpath: . under [By.xpath: .//div[contains(@class, &apos;webhooks-branch&apos;)] under [By.xpath: .//div[contains(@class, &apos;webhooks-content&apos;)]]]]] on http://ucf2c-dcs-release-hub1.opcdeveloper.oracleinternalucf2c.oraclecorp.com/qa-dev/#projects/qa-dev_test-shared-project1-1460525673052/admin/webhooks?id=14307.
2016-04-12 23:17:17,810 DEBUG [oracle.clouddev.test.selenium.components.AssertElement] Check condition (element is visible) for element [By.xpath: .//div[@id=&apos;oj-listbox-drop&apos;]] on http://ucf2c-dcs-release-hub1.opcdeveloper.oracleinternalucf2c.oraclecorp.com/qa-dev/#projects/qa-dev_test-shared-project1-1460525673052/admin/webhooks?id=14307.
2016-04-12 23:17:17,844 DEBUG [oracle.clouddev.test.selenium.components.AssertElement] Check condition (element is visible) for element [By.xpath: .//span[contains(@class, &apos;oj-select-chosen&apos;)] under [By.xpath: .//div[contains(@class, &apos;webhooks-branch&apos;)] under [By.xpath: .//div[contains(@class, &apos;webhooks-content&apos;)]]]] on http://ucf2c-dcs-release-hub1.opcdeveloper.oracleinternalucf2c.oraclecorp.com/qa-dev/#projects/qa-dev_test-shared-project1-1460525673052/admin/webhooks?id=14307.
2016-04-12 23:17:17,988 DEBUG [oracle.clouddev.test.selenium.components.AssertElement] Check condition (element is visible) for element [By.xpath: . under [By.xpath: .//div[contains(@class, &apos;webhooks-branch&apos;)] under [By.xpath: .//div[contains(@class, &apos;webhooks-content&apos;)]]]] on http://ucf2c-dcs-release-hub1.opcdeveloper.oracleinternalucf2c.oraclecorp.com/qa-dev/#projects/qa-dev_test-shared-project1-1460525673052/admin/webhooks?id=14307.
2016-04-12 23:17:18,041 DEBUG [oracle.clouddev.test.selenium.components.AssertElement] Check condition (element is enabled) for element [By.xpath: . under [By.xpath: .//div[contains(@class, &apos;webhooks-branch&apos;)] under [By.xpath: .//div[contains(@class, &apos;webhooks-content&apos;)]]]] on http://ucf2c-dcs-release-hub1.opcdeveloper.oracleinternalucf2c.oraclecorp.com/qa-dev/#projects/qa-dev_test-shared-project1-1460525673052/admin/webhooks?id=14307.
2016-04-12 23:17:18,146 DEBUG [oracle.clouddev.test.selenium.components.AssertElement] Check condition (element is visible) for element [By.xpath: .//a[contains(@class, &apos;oj-select-arrow&apos;)] under [By.xpath: . under [By.xpath: .//div[contains(@class, &apos;webhooks-branch&apos;)] under [By.xpath: .//div[contains(@class, &apos;webhooks-content&apos;)]]]]] on http://ucf2c-dcs-release-hub1.opcdeveloper.oracleinternalucf2c.oraclecorp.com/qa-dev/#projects/qa-dev_test-shared-project1-1460525673052/admin/webhooks?id=14307.
2016-04-12 23:17:18,234 DEBUG [oracle.clouddev.test.selenium.components.AssertElement] Check condition (element is visible) for element [By.xpath: .//a[contains(@class, &apos;oj-select-arrow&apos;)] under [By.xpath: . under [By.xpath: .//div[contains(@class, &apos;webhooks-branch&apos;)] under [By.xpath: .//div[contains(@class, &apos;webhooks-content&apos;)]]]]] on http://ucf2c-dcs-release-hub1.opcdeveloper.oracleinternalucf2c.oraclecorp.com/qa-dev/#projects/qa-dev_test-shared-project1-1460525673052/admin/webhooks?id=14307.
2016-04-12 23:17:18,994 DEBUG [oracle.clouddev.test.selenium.components.AssertElement] Check condition (element is visible) for element [By.xpath: .//ul[@id=&apos;webhook-list-content&apos;]] on http://ucf2c-dcs-release-hub1.opcdeveloper.oracleinternalucf2c.oraclecorp.com/qa-dev/#projects/qa-dev_test-shared-project1-1460525673052/admin/webhooks?id=14308.
2016-04-12 23:17:19,759 DEBUG [oracle.clouddev.test.selenium.components.AssertElement] Check condition (element is visible) for element [By.xpath: .//li[contains(@class, &apos;webhook-selected&apos;) and contains(@class, &apos;webhook-list-item&apos;)] under [By.xpath: .//ul[@id=&apos;webhook-list-content&apos;]]] on http://ucf2c-dcs-release-hub1.opcdeveloper.oracleinternalucf2c.oraclecorp.com/qa-dev/#projects/qa-dev_test-shared-project1-1460525673052/admin/webhooks?id=14308.
2016-04-12 23:17:19,830 DEBUG [oracle.clouddev.test.selenium.components.AssertElement] Check condition (element is visible) for element [By.xpath: .//div[contains(@class, &apos;status-icon&apos;)] under [By.xpath: .//li[contains(@class, &apos;webhook-selected&apos;) and contains(@class, &apos;webhook-list-item&apos;)] under [By.xpath: .//ul[@id=&apos;webhook-list-content&apos;]]]] on http://ucf2c-dcs-release-hub1.opcdeveloper.oracleinternalucf2c.oraclecorp.com/qa-dev/#projects/qa-dev_test-shared-project1-1460525673052/admin/webhooks?id=14308.
2016-04-12 23:17:19,890 DEBUG [oracle.clouddev.test.selenium.components.AssertElement] Check condition ((element has style class &apos;success-status&apos; OR element has style class &apos;fail-status&apos;)) for element [By.xpath: .//div[contains(@class, &apos;status-icon&apos;)] under [By.xpath: .//li[contains(@class, &apos;webhook-selected&apos;) and contains(@class, &apos;webhook-list-item&apos;)] under [By.xpath: .//ul[@id=&apos;webhook-list-content&apos;]]]] on http://ucf2c-dcs-release-hub1.opcdeveloper.oracleinternalucf2c.oraclecorp.com/qa-dev/#projects/qa-dev_test-shared-project1-1460525673052/admin/webhooks?id=14308.
2016-04-12 23:17:19,985 DEBUG [oracle.clouddev.test.selenium.components.AssertElement] Check condition (element is visible) for element [By.xpath: .//div[contains(@class, &apos;webhooks-content&apos;)]] on http://ucf2c-dcs-release-hub1.opcdeveloper.oracleinternalucf2c.oraclecorp.com/qa-dev/#projects/qa-dev_test-shared-project1-1460525673052/admin/webhooks?id=14308.
2016-04-12 23:17:20,006 DEBUG [oracle.clouddev.test.selenium.components.AssertElement] Check condition (element is visible) for element [By.xpath: .//div[contains(@class, &apos;webhooks-name&apos;)] under [By.xpath: .//div[contains(@class, &apos;webhooks-content&apos;)]]] on http://ucf2c-dcs-release-hub1.opcdeveloper.oracleinternalucf2c.oraclecorp.com/qa-dev/#projects/qa-dev_test-shared-project1-1460525673052/admin/webhooks?id=14308.
2016-04-12 23:17:20,052 DEBUG [oracle.clouddev.test.selenium.components.AssertElement] Check condition (element is enabled) for element [By.xpath: .//div[contains(@class, &apos;webhooks-name&apos;)] under [By.xpath: .//div[contains(@class, &apos;webhooks-content&apos;)]]] on http://ucf2c-dcs-release-hub1.opcdeveloper.oracleinternalucf2c.oraclecorp.com/qa-dev/#projects/qa-dev_test-shared-project1-1460525673052/admin/webhooks?id=14308.
2016-04-12 23:17:20,097 DEBUG [oracle.clouddev.test.selenium.components.AssertElement] Check condition (element exists) for element [By.xpath: ./input[contains(@class, &apos;oj-inputtext-input&apos;)] under [By.xpath: .//div[contains(@class, &apos;webhooks-name&apos;)] under [By.xpath: .//div[contains(@class, &apos;webhooks-content&apos;)]]]] on http://ucf2c-dcs-release-hub1.opcdeveloper.oracleinternalucf2c.oraclecorp.com/qa-dev/#projects/qa-dev_test-shared-project1-1460525673052/admin/webhooks?id=14308.
2016-04-12 23:17:20,148 DEBUG [oracle.clouddev.test.selenium.components.AssertElement] Check condition (element is visible) for element [By.xpath: .//div[contains(@class, &apos;webhooks-name&apos;)] under [By.xpath: .//div[contains(@class, &apos;webhooks-content&apos;)]]] on http://ucf2c-dcs-release-hub1.opcdeveloper.oracleinternalucf2c.oraclecorp.com/qa-dev/#projects/qa-dev_test-shared-project1-1460525673052/admin/webhooks?id=14308.
2016-04-12 23:17:20,215 DEBUG [oracle.clouddev.test.selenium.components.AssertElement] Check condition (ojInputText value is webhook-hipchat-4-changed) for element [By.xpath: ./input[contains(@class, &apos;oj-inputtext-input&apos;)] under [By.xpath: .//div[contains(@class, &apos;webhooks-name&apos;)] under [By.xpath: .//div[contains(@class, &apos;webhooks-content&apos;)]]]] on http://ucf2c-dcs-release-hub1.opcdeveloper.oracleinternalucf2c.oraclecorp.com/qa-dev/#projects/qa-dev_test-shared-project1-1460525673052/admin/webhooks?id=14308.
2016-04-12 23:17:20,258 DEBUG [oracle.clouddev.test.selenium.components.AssertElement] Check condition (element is visible) for element [By.xpath: .//input[contains(@class, &apos;webhooks-active&apos;)]] on http://ucf2c-dcs-release-hub1.opcdeveloper.oracleinternalucf2c.oraclecorp.com/qa-dev/#projects/qa-dev_test-shared-project1-1460525673052/admin/webhooks?id=14308.
2016-04-12 23:17:20,280 DEBUG [oracle.clouddev.test.selenium.components.AssertElement] Check condition (element is enabled) for element [By.xpath: .//input[contains(@class, &apos;webhooks-active&apos;)]] on http://ucf2c-dcs-release-hub1.opcdeveloper.oracleinternalucf2c.oraclecorp.com/qa-dev/#projects/qa-dev_test-shared-project1-1460525673052/admin/webhooks?id=14308.
2016-04-12 23:17:20,301 DEBUG [oracle.clouddev.test.selenium.components.AssertElement] Check condition (checkbox is checked) for element [By.xpath: .//input[contains(@class, &apos;webhooks-active&apos;)]] on http://ucf2c-dcs-release-hub1.opcdeveloper.oracleinternalucf2c.oraclecorp.com/qa-dev/#projects/qa-dev_test-shared-project1-1460525673052/admin/webhooks?id=14308.
2016-04-12 23:17:20,323 DEBUG [oracle.clouddev.test.selenium.components.AssertElement] Check condition (element is visible) for element [By.xpath: .//div[contains(@class, &apos;webhooks-target-url&apos;)] under [By.xpath: .//div[contains(@class, &apos;webhooks-content&apos;)]]] on http://ucf2c-dcs-release-hub1.opcdeveloper.oracleinternalucf2c.oraclecorp.com/qa-dev/#projects/qa-dev_test-shared-project1-1460525673052/admin/webhooks?id=14308.
2016-04-12 23:17:20,357 DEBUG [oracle.clouddev.test.selenium.components.AssertElement] Check condition (element is enabled) for element [By.xpath: .//div[contains(@class, &apos;webhooks-target-url&apos;)] under [By.xpath: .//div[contains(@class, &apos;webhooks-content&apos;)]]] on http://ucf2c-dcs-release-hub1.opcdeveloper.oracleinternalucf2c.oraclecorp.com/qa-dev/#projects/qa-dev_test-shared-project1-1460525673052/admin/webhooks?id=14308.
2016-04-12 23:17:20,413 DEBUG [oracle.clouddev.test.selenium.components.AssertElement] Check condition (element exists) for element [By.xpath: ./input[contains(@class, &apos;oj-inputtext-input&apos;)] under [By.xpath: .//div[contains(@class, &apos;webhooks-target-url&apos;)] under [By.xpath: .//div[contains(@class, &apos;webhooks-content&apos;)]]]] on http://ucf2c-dcs-release-hub1.opcdeveloper.oracleinternalucf2c.oraclecorp.com/qa-dev/#projects/qa-dev_test-shared-project1-1460525673052/admin/webhooks?id=14308.
2016-04-12 23:17:20,442 DEBUG [oracle.clouddev.test.selenium.components.AssertElement] Check condition (element is visible) for element [By.xpath: .//div[contains(@class, &apos;webhooks-target-url&apos;)] under [By.xpath: .//div[contains(@class, &apos;webhooks-content&apos;)]]] on http://ucf2c-dcs-release-hub1.opcdeveloper.oracleinternalucf2c.oraclecorp.com/qa-dev/#projects/qa-dev_test-shared-project1-1460525673052/admin/webhooks?id=14308.
2016-04-12 23:17:20,489 DEBUG [oracle.clouddev.test.selenium.components.AssertElement] Check condition (element is visible) for element [By.xpath: ./input[contains(@class, &apos;oj-inputtext-input&apos;)] under [By.xpath: .//div[contains(@class, &apos;webhooks-target-url&apos;)] under [By.xpath: .//div[contains(@class, &apos;webhooks-content&apos;)]]]] on http://ucf2c-dcs-release-hub1.opcdeveloper.oracleinternalucf2c.oraclecorp.com/qa-dev/#projects/qa-dev_test-shared-project1-1460525673052/admin/webhooks?id=14308.
2016-04-12 23:17:20,561 DEBUG [oracle.clouddev.test.selenium.components.AssertElement] Check condition (element is visible) for element [By.xpath: .//div[contains(@class, &apos;webhooks-events-group&apos;)] under [By.xpath: .//div[contains(@class, &apos;webhooks-content&apos;)]]] on http://ucf2c-dcs-release-hub1.opcdeveloper.oracleinternalucf2c.oraclecorp.com/qa-dev/#projects/qa-dev_test-shared-project1-1460525673052/admin/webhooks?id=14308.
2016-04-12 23:17:20,606 DEBUG [oracle.clouddev.test.selenium.components.AssertElement] Check condition (element is enabled) for element [By.xpath: .//div[contains(@class, &apos;webhooks-events-group&apos;)] under [By.xpath: .//div[contains(@class, &apos;webhooks-content&apos;)]]] on http://ucf2c-dcs-release-hub1.opcdeveloper.oracleinternalucf2c.oraclecorp.com/qa-dev/#projects/qa-dev_test-shared-project1-1460525673052/admin/webhooks?id=14308.
2016-04-12 23:17:20,720 DEBUG [oracle.clouddev.test.selenium.components.AssertElement] Check condition (NOT (element is visible)) for element [By.xpath: .//div[contains(@class, &apos;webhooks-event-list&apos;)] under [By.xpath: .//div[contains(@class, &apos;webhooks-content&apos;)]]] on http://ucf2c-dcs-release-hub1.opcdeveloper.oracleinternalucf2c.oraclecorp.com/qa-dev/#projects/qa-dev_test-shared-project1-1460525673052/admin/webhooks?id=14308.
2016-04-12 23:17:21,766 DEBUG [oracle.clouddev.test.selenium.components.AssertElement] Check condition (element is visible) for element [By.xpath: .//ul[@id=&apos;webhook-list-content&apos;]] on http://ucf2c-dcs-release-hub1.opcdeveloper.oracleinternalucf2c.oraclecorp.com/qa-dev/#projects/qa-dev_test-shared-project1-1460525673052/admin/webhooks?id=14308.
2016-04-12 23:17:21,839 DEBUG [oracle.clouddev.test.selenium.components.AssertElement] Check condition (element is visible) for element [input# under [By.xpath: .//ul[@id=&apos;webhook-list-content&apos;]]] on http://ucf2c-dcs-release-hub1.opcdeveloper.oracleinternalucf2c.oraclecorp.com/qa-dev/#projects/qa-dev_test-shared-project1-1460525673052/admin/webhooks?id=14308.
2016-04-12 23:17:21,868 DEBUG [oracle.clouddev.test.selenium.components.AssertElement] Check condition (element is readonly) for element [input# under [By.xpath: .//ul[@id=&apos;webhook-list-content&apos;]]] on http://ucf2c-dcs-release-hub1.opcdeveloper.oracleinternalucf2c.oraclecorp.com/qa-dev/#projects/qa-dev_test-shared-project1-1460525673052/admin/webhooks?id=14308.
2016-04-12 23:17:21,896 DEBUG [oracle.clouddev.test.selenium.components.AssertElement] Check condition (element is visible) for element [input# under [By.xpath: .//ul[@id=&apos;webhook-list-content&apos;]]] on http://ucf2c-dcs-release-hub1.opcdeveloper.oracleinternalucf2c.oraclecorp.com/qa-dev/#projects/qa-dev_test-shared-project1-1460525673052/admin/webhooks?id=14308.
2016-04-12 23:17:22,506 DEBUG [oracle.clouddev.test.selenium.components.AssertElement] Check condition (element is visible) for element [By.xpath: .//ul[@id=&apos;webhook-list-content&apos;]] on http://ucf2c-dcs-release-hub1.opcdeveloper.oracleinternalucf2c.oraclecorp.com/qa-dev/#projects/qa-dev_test-shared-project1-1460525673052/admin/webhooks?id=14308.
2016-04-12 23:17:22,547 DEBUG [oracle.clouddev.test.selenium.components.AssertElement] Check condition (element is visible) for element [By.xpath: .//li[@id=&apos;webhook-14305&apos;] under [By.xpath: .//ul[@id=&apos;webhook-list-content&apos;]]] on http://ucf2c-dcs-release-hub1.opcdeveloper.oracleinternalucf2c.oraclecorp.com/qa-dev/#projects/qa-dev_test-shared-project1-1460525673052/admin/webhooks?id=14308.
2016-04-12 23:17:22,609 DEBUG [oracle.clouddev.test.selenium.components.AssertElement] Check condition (element is enabled) for element [By.xpath: .//li[@id=&apos;webhook-14305&apos;] under [By.xpath: .//ul[@id=&apos;webhook-list-content&apos;]]] on http://ucf2c-dcs-release-hub1.opcdeveloper.oracleinternalucf2c.oraclecorp.com/qa-dev/#projects/qa-dev_test-shared-project1-1460525673052/admin/webhooks?id=14308.
2016-04-12 23:17:22,664 DEBUG [oracle.clouddev.test.selenium.components.AssertElement] Check condition (element has style class &apos;webhook-selected&apos;) for element [By.xpath: .//li[@id=&apos;webhook-14305&apos;] under [By.xpath: .//ul[@id=&apos;webhook-list-content&apos;]]] on http://ucf2c-dcs-release-hub1.opcdeveloper.oracleinternalucf2c.oraclecorp.com/qa-dev/#projects/qa-dev_test-shared-project1-1460525673052/admin/webhooks?id=14308.
2016-04-12 23:17:22,725 DEBUG [oracle.clouddev.test.selenium.components.AssertElement] Check condition (element is visible) for element [By.xpath: .//div[contains(@class, &apos;webhook-header&apos;)] under [By.xpath: .//li[@id=&apos;webhook-14305&apos;] under [By.xpath: .//ul[@id=&apos;webhook-list-content&apos;]]]] on http://ucf2c-dcs-release-hub1.opcdeveloper.oracleinternalucf2c.oraclecorp.com/qa-dev/#projects/qa-dev_test-shared-project1-1460525673052/admin/webhooks?id=14308.
2016-04-12 23:17:22,802 DEBUG [oracle.clouddev.test.selenium.components.AssertElement] Check condition (element is visible) for element [By.xpath: .//div[contains(@class, &apos;webhook-header&apos;)] under [By.xpath: .//li[@id=&apos;webhook-14305&apos;] under [By.xpath: .//ul[@id=&apos;webhook-list-content&apos;]]]] on http://ucf2c-dcs-release-hub1.opcdeveloper.oracleinternalucf2c.oraclecorp.com/qa-dev/#projects/qa-dev_test-shared-project1-1460525673052/admin/webhooks?id=14308.
2016-04-12 23:17:22,871 DEBUG [oracle.clouddev.test.selenium.components.AssertElement] Check condition (element is visible) for element [By.xpath: ./input[contains(@class, &apos;oj-inputtext-input&apos;)] under [By.xpath: .//div[contains(@class, &apos;webhook-header&apos;)] under [By.xpath: .//li[@id=&apos;webhook-14305&apos;] under [By.xpath: .//ul[@id=&apos;webhook-list-content&apos;]]]]] on http://ucf2c-dcs-release-hub1.opcdeveloper.oracleinternalucf2c.oraclecorp.com/qa-dev/#projects/qa-dev_test-shared-project1-1460525673052/admin/webhooks?id=14308.
2016-04-12 23:17:22,996 DEBUG [oracle.clouddev.test.selenium.components.AssertElement] Check condition (element is visible) for element [By.xpath: .//*[(self::button or self::a or self::input) and @id=&apos;webhook-logs-show&apos;]] on http://ucf2c-dcs-release-hub1.opcdeveloper.oracleinternalucf2c.oraclecorp.com/qa-dev/#projects/qa-dev_test-shared-project1-1460525673052/admin/webhooks?id=14308.
2016-04-12 23:17:23,034 DEBUG [oracle.clouddev.test.selenium.components.AssertElement] Check condition (element has style class &apos;oj-enabled&apos;) for element [By.xpath: .//*[(self::button or self::a or self::input) and @id=&apos;webhook-logs-show&apos;]] on http://ucf2c-dcs-release-hub1.opcdeveloper.oracleinternalucf2c.oraclecorp.com/qa-dev/#projects/qa-dev_test-shared-project1-1460525673052/admin/webhooks?id=14308.
2016-04-12 23:17:23,113 DEBUG [oracle.clouddev.test.selenium.components.AssertElement] Check condition (element is visible) for element [By.xpath: .//*[(self::button or self::a or self::input) and @id=&apos;webhook-logs-show&apos;]] on http://ucf2c-dcs-release-hub1.opcdeveloper.oracleinternalucf2c.oraclecorp.com/qa-dev/#projects/qa-dev_test-shared-project1-1460525673052/admin/webhooks?id=14308.
2016-04-12 23:17:23,146 DEBUG [oracle.clouddev.test.selenium.components.AssertElement] Check condition (element has style class &apos;oj-enabled&apos;) for element [By.xpath: .//*[(self::button or self::a or self::input) and @id=&apos;webhook-logs-show&apos;]] on http://ucf2c-dcs-release-hub1.opcdeveloper.oracleinternalucf2c.oraclecorp.com/qa-dev/#projects/qa-dev_test-shared-project1-1460525673052/admin/webhooks?id=14308.
2016-04-12 23:17:24,275 DEBUG [oracle.clouddev.test.selenium.components.AssertElement] Check condition (NOT (element exists)) for element [By.xpath: .//div[contains(@class, &apos;webhooks-content&apos;)]] on http://ucf2c-dcs-release-hub1.opcdeveloper.oracleinternalucf2c.oraclecorp.com/qa-dev/#projects/qa-dev_test-shared-project1-1460525673052/webhook/14305/logs?id=14308.
2016-04-12 23:17:25,311 DEBUG [oracle.clouddev.test.selenium.components.AssertElement] Check condition (element is visible) for element [By.xpath: .//div[@id=&apos;webhook-log-list&apos;]] on http://ucf2c-dcs-release-hub1.opcdeveloper.oracleinternalucf2c.oraclecorp.com/qa-dev/#projects/qa-dev_test-shared-project1-1460525673052/webhook/14305/logs?id=14308.
2016-04-12 23:17:25,366 DEBUG [oracle.clouddev.test.selenium.components.AssertElement] Check condition (element is visible) for element [By.xpath: .//ul[@id=&apos;webhook-log-list-content&apos;] under [By.xpath: .//div[@id=&apos;webhook-log-list&apos;]]] on http://ucf2c-dcs-release-hub1.opcdeveloper.oracleinternalucf2c.oraclecorp.com/qa-dev/#projects/qa-dev_test-shared-project1-1460525673052/webhook/14305/logs?id=14308.
2016-04-12 23:17:25,428 DEBUG [oracle.clouddev.test.selenium.components.AssertElement] Check condition (element is visible) for element [By.xpath: .//div[@id=&apos;webhook-log-content&apos;]] on http://ucf2c-dcs-release-hub1.opcdeveloper.oracleinternalucf2c.oraclecorp.com/qa-dev/#projects/qa-dev_test-shared-project1-1460525673052/webhook/14305/logs?id=14308.
2016-04-12 23:17:25,483 DEBUG [oracle.clouddev.test.selenium.components.AssertElement] Check condition (element is visible) for element [By.xpath: .//*[(self::button or self::a or self::input) and @id=&apos;webhook-logs-test&apos;]] on http://ucf2c-dcs-release-hub1.opcdeveloper.oracleinternalucf2c.oraclecorp.com/qa-dev/#projects/qa-dev_test-shared-project1-1460525673052/webhook/14305/logs?id=14308.
2016-04-12 23:17:25,511 DEBUG [oracle.clouddev.test.selenium.components.AssertElement] Check condition (element has style class &apos;oj-enabled&apos;) for element [By.xpath: .//*[(self::button or self::a or self::input) and @id=&apos;webhook-logs-test&apos;]] on http://ucf2c-dcs-release-hub1.opcdeveloper.oracleinternalucf2c.oraclecorp.com/qa-dev/#projects/qa-dev_test-shared-project1-1460525673052/webhook/14305/logs?id=14308.
2016-04-12 23:17:25,559 DEBUG [oracle.clouddev.test.selenium.components.AssertElement] Check condition (element is visible) for element [By.xpath: .//*[(self::button or self::a or self::input) and @id=&apos;webhook-logs-test&apos;]] on http://ucf2c-dcs-release-hub1.opcdeveloper.oracleinternalucf2c.oraclecorp.com/qa-dev/#projects/qa-dev_test-shared-project1-1460525673052/webhook/14305/logs?id=14308.
2016-04-12 23:17:25,586 DEBUG [oracle.clouddev.test.selenium.components.AssertElement] Check condition (element has style class &apos;oj-enabled&apos;) for element [By.xpath: .//*[(self::button or self::a or self::input) and @id=&apos;webhook-logs-test&apos;]] on http://ucf2c-dcs-release-hub1.opcdeveloper.oracleinternalucf2c.oraclecorp.com/qa-dev/#projects/qa-dev_test-shared-project1-1460525673052/webhook/14305/logs?id=14308.
2016-04-12 23:17:28,639 DEBUG [oracle.clouddev.test.selenium.components.AssertElement] Check condition (element is visible) for element [By.xpath: .//div[contains(@class, &apos;oj-tabs&apos;)]/div[contains(@class, &apos;oj-tabs-nav-root&apos;)]/.. under [By.xpath: .//div[@id=&apos;webhook-log-content&apos;]]] on http://ucf2c-dcs-release-hub1.opcdeveloper.oracleinternalucf2c.oraclecorp.com/qa-dev/#projects/qa-dev_test-shared-project1-1460525673052/webhook/14305/logs?id=14308.
2016-04-12 23:17:29,912 DEBUG [oracle.clouddev.test.selenium.components.AssertElement] Check condition (element has style class &apos;oj-selected&apos;) for element [li# under [By.xpath: .//div[contains(@class, &apos;oj-tabs&apos;)]/div[contains(@class, &apos;oj-tabs-nav-root&apos;)]/.. under [By.xpath: .//div[@id=&apos;webhook-log-content&apos;]]]] on http://ucf2c-dcs-release-hub1.opcdeveloper.oracleinternalucf2c.oraclecorp.com/qa-dev/#projects/qa-dev_test-shared-project1-1460525673052/webhook/14305/logs?id=14308.
2016-04-12 23:17:32,049 DEBUG [oracle.clouddev.test.selenium.components.AssertElement] Check condition (element is visible) for element [By.xpath: .//a[contains(@class, &apos;oj-tabs-anchor&apos;)] under [li# under [By.xpath: .//div[contains(@class, &apos;oj-tabs&apos;)]/div[contains(@class, &apos;oj-tabs-nav-root&apos;)]/.. under [By.xpath: .//div[@id=&apos;webhook-log-content&apos;]]]]] on http://ucf2c-dcs-release-hub1.opcdeveloper.oracleinternalucf2c.oraclecorp.com/qa-dev/#projects/qa-dev_test-shared-project1-1460525673052/webhook/14305/logs?id=14308.
2016-04-12 23:17:32,098 DEBUG [oracle.clouddev.test.selenium.components.AssertElement] Check condition (element is enabled) for element [By.xpath: .//a[contains(@class, &apos;oj-tabs-anchor&apos;)] under [li# under [By.xpath: .//div[contains(@class, &apos;oj-tabs&apos;)]/div[contains(@class, &apos;oj-tabs-nav-root&apos;)]/.. under [By.xpath: .//div[@id=&apos;webhook-log-content&apos;]]]]] on http://ucf2c-dcs-release-hub1.opcdeveloper.oracleinternalucf2c.oraclecorp.com/qa-dev/#projects/qa-dev_test-shared-project1-1460525673052/webhook/14305/logs?id=14308.
2016-04-12 23:17:32,135 DEBUG [oracle.clouddev.test.selenium.components.AssertElement] Check condition (element is visible) for element [By.xpath: .//a[contains(@class, &apos;oj-tabs-anchor&apos;)] under [li# under [By.xpath: .//div[contains(@class, &apos;oj-tabs&apos;)]/div[contains(@class, &apos;oj-tabs-nav-root&apos;)]/.. under [By.xpath: .//div[@id=&apos;webhook-log-content&apos;]]]]] on http://ucf2c-dcs-release-hub1.opcdeveloper.oracleinternalucf2c.oraclecorp.com/qa-dev/#projects/qa-dev_test-shared-project1-1460525673052/webhook/14305/logs?id=14308.
2016-04-12 23:17:34,039 DEBUG [oracle.clouddev.test.selenium.components.AssertElement] Check condition (element has style class &apos;oj-selected&apos;) for element [li# under [By.xpath: .//div[contains(@class, &apos;oj-tabs&apos;)]/div[contains(@class, &apos;oj-tabs-nav-root&apos;)]/.. under [By.xpath: .//div[@id=&apos;webhook-log-content&apos;]]]] on http://ucf2c-dcs-release-hub1.opcdeveloper.oracleinternalucf2c.oraclecorp.com/qa-dev/#projects/qa-dev_test-shared-project1-1460525673052/webhook/14305/logs?id=14308.
2016-04-12 23:17:34,055 DEBUG [oracle.clouddev.test.selenium.components.AssertElement] Check condition (element is visible) for element [By.xpath: .//*[(self::button or self::a or self::input) and @id=&apos;webhook-logs-done&apos;] under [By.xpath: .//div[@id=&apos;webhook-log-content&apos;]]] on http://ucf2c-dcs-release-hub1.opcdeveloper.oracleinternalucf2c.oraclecorp.com/qa-dev/#projects/qa-dev_test-shared-project1-1460525673052/webhook/14305/logs?id=14308.
2016-04-12 23:17:34,086 DEBUG [oracle.clouddev.test.selenium.components.AssertElement] Check condition (element has style class &apos;oj-enabled&apos;) for element [By.xpath: .//*[(self::button or self::a or self::input) and @id=&apos;webhook-logs-done&apos;] under [By.xpath: .//div[@id=&apos;webhook-log-content&apos;]]] on http://ucf2c-dcs-release-hub1.opcdeveloper.oracleinternalucf2c.oraclecorp.com/qa-dev/#projects/qa-dev_test-shared-project1-1460525673052/webhook/14305/logs?id=14308.
2016-04-12 23:17:34,459 DEBUG [oracle.clouddev.test.selenium.components.AssertElement] Check condition (NOT (element exists)) for element [By.xpath: .//ul[@id=&apos;webhook-log-list-content&apos;] under [By.xpath: .//div[@id=&apos;webhook-log-list&apos;]]] on http://ucf2c-dcs-release-hub1.opcdeveloper.oracleinternalucf2c.oraclecorp.com/qa-dev/#projects/qa-dev_test-shared-project1-1460525673052/admin/webhooks?id=14305.
2016-04-12 23:17:35,475 DEBUG [oracle.clouddev.test.selenium.components.AssertElement] Check condition (NOT (element exists)) for element [By.xpath: .//div[@id=&apos;webhook-log-content&apos;]] on http://ucf2c-dcs-release-hub1.opcdeveloper.oracleinternalucf2c.oraclecorp.com/qa-dev/#projects/qa-dev_test-shared-project1-1460525673052/admin/webhooks?id=14305.
2016-04-12 23:17:36,499 DEBUG [oracle.clouddev.test.selenium.components.AssertElement] Check condition (element is visible) for element [By.xpath: .//ul[@id=&apos;webhook-list-content&apos;]] on http://ucf2c-dcs-release-hub1.opcdeveloper.oracleinternalucf2c.oraclecorp.com/qa-dev/#projects/qa-dev_test-shared-project1-1460525673052/admin/webhooks?id=14305.
2016-04-12 23:17:36,558 DEBUG [oracle.clouddev.test.selenium.components.AssertElement] Check condition (element is visible) for element [input# under [By.xpath: .//ul[@id=&apos;webhook-list-content&apos;]]] on http://ucf2c-dcs-release-hub1.opcdeveloper.oracleinternalucf2c.oraclecorp.com/qa-dev/#projects/qa-dev_test-shared-project1-1460525673052/admin/webhooks?id=14305.
2016-04-12 23:17:36,588 DEBUG [oracle.clouddev.test.selenium.components.AssertElement] Check condition (element is readonly) for element [input# under [By.xpath: .//ul[@id=&apos;webhook-list-content&apos;]]] on http://ucf2c-dcs-release-hub1.opcdeveloper.oracleinternalucf2c.oraclecorp.com/qa-dev/#projects/qa-dev_test-shared-project1-1460525673052/admin/webhooks?id=14305.
2016-04-12 23:17:36,620 DEBUG [oracle.clouddev.test.selenium.components.AssertElement] Check condition (element is visible) for element [input# under [By.xpath: .//ul[@id=&apos;webhook-list-content&apos;]]] on http://ucf2c-dcs-release-hub1.opcdeveloper.oracleinternalucf2c.oraclecorp.com/qa-dev/#projects/qa-dev_test-shared-project1-1460525673052/admin/webhooks?id=14305.
2016-04-12 23:17:36,972 DEBUG [oracle.clouddev.test.selenium.components.AssertElement] Check condition (element is visible) for element [By.xpath: .//ul[@id=&apos;webhook-list-content&apos;]] on http://ucf2c-dcs-release-hub1.opcdeveloper.oracleinternalucf2c.oraclecorp.com/qa-dev/#projects/qa-dev_test-shared-project1-1460525673052/admin/webhooks?id=14305.
2016-04-12 23:17:36,997 DEBUG [oracle.clouddev.test.selenium.components.AssertElement] Check condition (element is visible) for element [By.xpath: .//li[@id=&apos;webhook-14306&apos;] under [By.xpath: .//ul[@id=&apos;webhook-list-content&apos;]]] on http://ucf2c-dcs-release-hub1.opcdeveloper.oracleinternalucf2c.oraclecorp.com/qa-dev/#projects/qa-dev_test-shared-project1-1460525673052/admin/webhooks?id=14305.
2016-04-12 23:17:37,029 DEBUG [oracle.clouddev.test.selenium.components.AssertElement] Check condition (element is enabled) for element [By.xpath: .//li[@id=&apos;webhook-14306&apos;] under [By.xpath: .//ul[@id=&apos;webhook-list-content&apos;]]] on http://ucf2c-dcs-release-hub1.opcdeveloper.oracleinternalucf2c.oraclecorp.com/qa-dev/#projects/qa-dev_test-shared-project1-1460525673052/admin/webhooks?id=14305.
2016-04-12 23:17:37,057 DEBUG [oracle.clouddev.test.selenium.components.AssertElement] Check condition (element has style class &apos;webhook-selected&apos;) for element [By.xpath: .//li[@id=&apos;webhook-14306&apos;] under [By.xpath: .//ul[@id=&apos;webhook-list-content&apos;]]] on http://ucf2c-dcs-release-hub1.opcdeveloper.oracleinternalucf2c.oraclecorp.com/qa-dev/#projects/qa-dev_test-shared-project1-1460525673052/admin/webhooks?id=14305.
2016-04-12 23:17:37,112 DEBUG [oracle.clouddev.test.selenium.components.AssertElement] Check condition (element is visible) for element [By.xpath: .//div[contains(@class, &apos;webhook-header&apos;)] under [By.xpath: .//li[@id=&apos;webhook-14306&apos;] under [By.xpath: .//ul[@id=&apos;webhook-list-content&apos;]]]] on http://ucf2c-dcs-release-hub1.opcdeveloper.oracleinternalucf2c.oraclecorp.com/qa-dev/#projects/qa-dev_test-shared-project1-1460525673052/admin/webhooks?id=14305.
2016-04-12 23:17:37,163 DEBUG [oracle.clouddev.test.selenium.components.AssertElement] Check condition (element is visible) for element [By.xpath: .//div[contains(@class, &apos;webhook-header&apos;)] under [By.xpath: .//li[@id=&apos;webhook-14306&apos;] under [By.xpath: .//ul[@id=&apos;webhook-list-content&apos;]]]] on http://ucf2c-dcs-release-hub1.opcdeveloper.oracleinternalucf2c.oraclecorp.com/qa-dev/#projects/qa-dev_test-shared-project1-1460525673052/admin/webhooks?id=14305.
2016-04-12 23:17:37,251 DEBUG [oracle.clouddev.test.selenium.components.AssertElement] Check condition (element is visible) for element [By.xpath: ./input[contains(@class, &apos;oj-inputtext-input&apos;)] under [By.xpath: .//div[contains(@class, &apos;webhook-header&apos;)] under [By.xpath: .//li[@id=&apos;webhook-14306&apos;] under [By.xpath: .//ul[@id=&apos;webhook-list-content&apos;]]]]] on http://ucf2c-dcs-release-hub1.opcdeveloper.oracleinternalucf2c.oraclecorp.com/qa-dev/#projects/qa-dev_test-shared-project1-1460525673052/admin/webhooks?id=14305.
2016-04-12 23:17:37,355 DEBUG [oracle.clouddev.test.selenium.components.AssertElement] Check condition (element is visible) for element [By.xpath: .//*[(self::button or self::a or self::input) and @id=&apos;webhook-logs-show&apos;]] on http://ucf2c-dcs-release-hub1.opcdeveloper.oracleinternalucf2c.oraclecorp.com/qa-dev/#projects/qa-dev_test-shared-project1-1460525673052/admin/webhooks?id=14305.
2016-04-12 23:17:37,381 DEBUG [oracle.clouddev.test.selenium.components.AssertElement] Check condition (element has style class &apos;oj-enabled&apos;) for element [By.xpath: .//*[(self::button or self::a or self::input) and @id=&apos;webhook-logs-show&apos;]] on http://ucf2c-dcs-release-hub1.opcdeveloper.oracleinternalucf2c.oraclecorp.com/qa-dev/#projects/qa-dev_test-shared-project1-1460525673052/admin/webhooks?id=14305.
2016-04-12 23:17:37,406 DEBUG [oracle.clouddev.test.selenium.components.AssertElement] Check condition (element is visible) for element [By.xpath: .//*[(self::button or self::a or self::input) and @id=&apos;webhook-logs-show&apos;]] on http://ucf2c-dcs-release-hub1.opcdeveloper.oracleinternalucf2c.oraclecorp.com/qa-dev/#projects/qa-dev_test-shared-project1-1460525673052/admin/webhooks?id=14305.
2016-04-12 23:17:37,432 DEBUG [oracle.clouddev.test.selenium.components.AssertElement] Check condition (element has style class &apos;oj-enabled&apos;) for element [By.xpath: .//*[(self::button or self::a or self::input) and @id=&apos;webhook-logs-show&apos;]] on http://ucf2c-dcs-release-hub1.opcdeveloper.oracleinternalucf2c.oraclecorp.com/qa-dev/#projects/qa-dev_test-shared-project1-1460525673052/admin/webhooks?id=14305.
2016-04-12 23:17:37,962 DEBUG [oracle.clouddev.test.selenium.components.AssertElement] Check condition (NOT (element exists)) for element [By.xpath: .//div[contains(@class, &apos;webhooks-content&apos;)]] on http://ucf2c-dcs-release-hub1.opcdeveloper.oracleinternalucf2c.oraclecorp.com/qa-dev/#projects/qa-dev_test-shared-project1-1460525673052/webhook/14306/logs?id=14305.
2016-04-12 23:17:38,988 DEBUG [oracle.clouddev.test.selenium.components.AssertElement] Check condition (element is visible) for element [By.xpath: .//div[@id=&apos;webhook-log-list&apos;]] on http://ucf2c-dcs-release-hub1.opcdeveloper.oracleinternalucf2c.oraclecorp.com/qa-dev/#projects/qa-dev_test-shared-project1-1460525673052/webhook/14306/logs?id=14305.
2016-04-12 23:17:39,015 DEBUG [oracle.clouddev.test.selenium.components.AssertElement] Check condition (element is visible) for element [By.xpath: .//ul[@id=&apos;webhook-log-list-content&apos;] under [By.xpath: .//div[@id=&apos;webhook-log-list&apos;]]] on http://ucf2c-dcs-release-hub1.opcdeveloper.oracleinternalucf2c.oraclecorp.com/qa-dev/#projects/qa-dev_test-shared-project1-1460525673052/webhook/14306/logs?id=14305.
2016-04-12 23:17:39,047 DEBUG [oracle.clouddev.test.selenium.components.AssertElement] Check condition (element is visible) for element [By.xpath: .//div[@id=&apos;webhook-log-content&apos;]] on http://ucf2c-dcs-release-hub1.opcdeveloper.oracleinternalucf2c.oraclecorp.com/qa-dev/#projects/qa-dev_test-shared-project1-1460525673052/webhook/14306/logs?id=14305.
2016-04-12 23:17:39,095 DEBUG [oracle.clouddev.test.selenium.components.AssertElement] Check condition (element is visible) for element [By.xpath: .//*[(self::button or self::a or self::input) and @id=&apos;webhook-logs-test&apos;]] on http://ucf2c-dcs-release-hub1.opcdeveloper.oracleinternalucf2c.oraclecorp.com/qa-dev/#projects/qa-dev_test-shared-project1-1460525673052/webhook/14306/logs?id=14305.
2016-04-12 23:17:39,119 DEBUG [oracle.clouddev.test.selenium.components.AssertElement] Check condition (element has style class &apos;oj-enabled&apos;) for element [By.xpath: .//*[(self::button or self::a or self::input) and @id=&apos;webhook-logs-test&apos;]] on http://ucf2c-dcs-release-hub1.opcdeveloper.oracleinternalucf2c.oraclecorp.com/qa-dev/#projects/qa-dev_test-shared-project1-1460525673052/webhook/14306/logs?id=14305.
2016-04-12 23:17:39,141 DEBUG [oracle.clouddev.test.selenium.components.AssertElement] Check condition (element is visible) for element [By.xpath: .//*[(self::button or self::a or self::input) and @id=&apos;webhook-logs-test&apos;]] on http://ucf2c-dcs-release-hub1.opcdeveloper.oracleinternalucf2c.oraclecorp.com/qa-dev/#projects/qa-dev_test-shared-project1-1460525673052/webhook/14306/logs?id=14305.
2016-04-12 23:17:39,165 DEBUG [oracle.clouddev.test.selenium.components.AssertElement] Check condition (element has style class &apos;oj-enabled&apos;) for element [By.xpath: .//*[(self::button or self::a or self::input) and @id=&apos;webhook-logs-test&apos;]] on http://ucf2c-dcs-release-hub1.opcdeveloper.oracleinternalucf2c.oraclecorp.com/qa-dev/#projects/qa-dev_test-shared-project1-1460525673052/webhook/14306/logs?id=14305.
2016-04-12 23:17:42,645 DEBUG [oracle.clouddev.test.selenium.components.AssertElement] Check condition (element is visible) for element [By.xpath: .//div[contains(@class, &apos;oj-tabs&apos;)]/div[contains(@class, &apos;oj-tabs-nav-root&apos;)]/.. under [By.xpath: .//div[@id=&apos;webhook-log-content&apos;]]] on http://ucf2c-dcs-release-hub1.opcdeveloper.oracleinternalucf2c.oraclecorp.com/qa-dev/#projects/qa-dev_test-shared-project1-1460525673052/webhook/14306/logs?id=14305.
2016-04-12 23:17:43,735 DEBUG [oracle.clouddev.test.selenium.components.AssertElement] Check condition (element has style class &apos;oj-selected&apos;) for element [li# under [By.xpath: .//div[contains(@class, &apos;oj-tabs&apos;)]/div[contains(@class, &apos;oj-tabs-nav-root&apos;)]/.. under [By.xpath: .//div[@id=&apos;webhook-log-content&apos;]]]] on http://ucf2c-dcs-release-hub1.opcdeveloper.oracleinternalucf2c.oraclecorp.com/qa-dev/#projects/qa-dev_test-shared-project1-1460525673052/webhook/14306/logs?id=14305.
2016-04-12 23:17:45,858 DEBUG [oracle.clouddev.test.selenium.components.AssertElement] Check condition (element is visible) for element [By.xpath: .//a[contains(@class, &apos;oj-tabs-anchor&apos;)] under [li# under [By.xpath: .//div[contains(@class, &apos;oj-tabs&apos;)]/div[contains(@class, &apos;oj-tabs-nav-root&apos;)]/.. under [By.xpath: .//div[@id=&apos;webhook-log-content&apos;]]]]] on http://ucf2c-dcs-release-hub1.opcdeveloper.oracleinternalucf2c.oraclecorp.com/qa-dev/#projects/qa-dev_test-shared-project1-1460525673052/webhook/14306/logs?id=14305.
2016-04-12 23:17:45,897 DEBUG [oracle.clouddev.test.selenium.components.AssertElement] Check condition (element is enabled) for element [By.xpath: .//a[contains(@class, &apos;oj-tabs-anchor&apos;)] under [li# under [By.xpath: .//div[contains(@class, &apos;oj-tabs&apos;)]/div[contains(@class, &apos;oj-tabs-nav-root&apos;)]/.. under [By.xpath: .//div[@id=&apos;webhook-log-content&apos;]]]]] on http://ucf2c-dcs-release-hub1.opcdeveloper.oracleinternalucf2c.oraclecorp.com/qa-dev/#projects/qa-dev_test-shared-project1-1460525673052/webhook/14306/logs?id=14305.
2016-04-12 23:17:45,933 DEBUG [oracle.clouddev.test.selenium.components.AssertElement] Check condition (element is visible) for element [By.xpath: .//a[contains(@class, &apos;oj-tabs-anchor&apos;)] under [li# under [By.xpath: .//div[contains(@class, &apos;oj-tabs&apos;)]/div[contains(@class, &apos;oj-tabs-nav-root&apos;)]/.. under [By.xpath: .//div[@id=&apos;webhook-log-content&apos;]]]]] on http://ucf2c-dcs-release-hub1.opcdeveloper.oracleinternalucf2c.oraclecorp.com/qa-dev/#projects/qa-dev_test-shared-project1-1460525673052/webhook/14306/logs?id=14305.
2016-04-12 23:17:47,870 DEBUG [oracle.clouddev.test.selenium.components.AssertElement] Check condition (element has style class &apos;oj-selected&apos;) for element [li# under [By.xpath: .//div[contains(@class, &apos;oj-tabs&apos;)]/div[contains(@class, &apos;oj-tabs-nav-root&apos;)]/.. under [By.xpath: .//div[@id=&apos;webhook-log-content&apos;]]]] on http://ucf2c-dcs-release-hub1.opcdeveloper.oracleinternalucf2c.oraclecorp.com/qa-dev/#projects/qa-dev_test-shared-project1-1460525673052/webhook/14306/logs?id=14305.
2016-04-12 23:17:47,885 DEBUG [oracle.clouddev.test.selenium.components.AssertElement] Check condition (element is visible) for element [By.xpath: .//*[(self::button or self::a or self::input) and @id=&apos;webhook-logs-done&apos;] under [By.xpath: .//div[@id=&apos;webhook-log-content&apos;]]] on http://ucf2c-dcs-release-hub1.opcdeveloper.oracleinternalucf2c.oraclecorp.com/qa-dev/#projects/qa-dev_test-shared-project1-1460525673052/webhook/14306/logs?id=14305.
2016-04-12 23:17:47,915 DEBUG [oracle.clouddev.test.selenium.components.AssertElement] Check condition (element has style class &apos;oj-enabled&apos;) for element [By.xpath: .//*[(self::button or self::a or self::input) and @id=&apos;webhook-logs-done&apos;] under [By.xpath: .//div[@id=&apos;webhook-log-content&apos;]]] on http://ucf2c-dcs-release-hub1.opcdeveloper.oracleinternalucf2c.oraclecorp.com/qa-dev/#projects/qa-dev_test-shared-project1-1460525673052/webhook/14306/logs?id=14305.
2016-04-12 23:17:48,302 DEBUG [oracle.clouddev.test.selenium.components.AssertElement] Check condition (NOT (element exists)) for element [By.xpath: .//ul[@id=&apos;webhook-log-list-content&apos;] under [By.xpath: .//div[@id=&apos;webhook-log-list&apos;]]] on http://ucf2c-dcs-release-hub1.opcdeveloper.oracleinternalucf2c.oraclecorp.com/qa-dev/#projects/qa-dev_test-shared-project1-1460525673052/admin/webhooks?id=14306.
2016-04-12 23:17:49,322 DEBUG [oracle.clouddev.test.selenium.components.AssertElement] Check condition (NOT (element exists)) for element [By.xpath: .//div[@id=&apos;webhook-log-content&apos;]] on http://ucf2c-dcs-release-hub1.opcdeveloper.oracleinternalucf2c.oraclecorp.com/qa-dev/#projects/qa-dev_test-shared-project1-1460525673052/admin/webhooks?id=14306.
2016-04-12 23:17:50,357 DEBUG [oracle.clouddev.test.selenium.components.AssertElement] Check condition (element is visible) for element [By.xpath: .//ul[@id=&apos;webhook-list-content&apos;]] on http://ucf2c-dcs-release-hub1.opcdeveloper.oracleinternalucf2c.oraclecorp.com/qa-dev/#projects/qa-dev_test-shared-project1-1460525673052/admin/webhooks?id=14306.
2016-04-12 23:17:50,436 DEBUG [oracle.clouddev.test.selenium.components.AssertElement] Check condition (element is visible) for element [input# under [By.xpath: .//ul[@id=&apos;webhook-list-content&apos;]]] on http://ucf2c-dcs-release-hub1.opcdeveloper.oracleinternalucf2c.oraclecorp.com/qa-dev/#projects/qa-dev_test-shared-project1-1460525673052/admin/webhooks?id=14306.
2016-04-12 23:17:50,533 DEBUG [oracle.clouddev.test.selenium.components.AssertElement] Check condition (element is readonly) for element [input# under [By.xpath: .//ul[@id=&apos;webhook-list-content&apos;]]] on http://ucf2c-dcs-release-hub1.opcdeveloper.oracleinternalucf2c.oraclecorp.com/qa-dev/#projects/qa-dev_test-shared-project1-1460525673052/admin/webhooks?id=14306.
2016-04-12 23:17:50,564 DEBUG [oracle.clouddev.test.selenium.components.AssertElement] Check condition (element is visible) for element [input# under [By.xpath: .//ul[@id=&apos;webhook-list-content&apos;]]] on http://ucf2c-dcs-release-hub1.opcdeveloper.oracleinternalucf2c.oraclecorp.com/qa-dev/#projects/qa-dev_test-shared-project1-1460525673052/admin/webhooks?id=14306.
2016-04-12 23:17:51,020 DEBUG [oracle.clouddev.test.selenium.components.AssertElement] Check condition (element is visible) for element [By.xpath: .//ul[@id=&apos;webhook-list-content&apos;]] on http://ucf2c-dcs-release-hub1.opcdeveloper.oracleinternalucf2c.oraclecorp.com/qa-dev/#projects/qa-dev_test-shared-project1-1460525673052/admin/webhooks?id=14306.
2016-04-12 23:17:51,045 DEBUG [oracle.clouddev.test.selenium.components.AssertElement] Check condition (element is visible) for element [By.xpath: .//li[@id=&apos;webhook-14307&apos;] under [By.xpath: .//ul[@id=&apos;webhook-list-content&apos;]]] on http://ucf2c-dcs-release-hub1.opcdeveloper.oracleinternalucf2c.oraclecorp.com/qa-dev/#projects/qa-dev_test-shared-project1-1460525673052/admin/webhooks?id=14306.
2016-04-12 23:17:51,072 DEBUG [oracle.clouddev.test.selenium.components.AssertElement] Check condition (element is enabled) for element [By.xpath: .//li[@id=&apos;webhook-14307&apos;] under [By.xpath: .//ul[@id=&apos;webhook-list-content&apos;]]] on http://ucf2c-dcs-release-hub1.opcdeveloper.oracleinternalucf2c.oraclecorp.com/qa-dev/#projects/qa-dev_test-shared-project1-1460525673052/admin/webhooks?id=14306.
2016-04-12 23:17:51,097 DEBUG [oracle.clouddev.test.selenium.components.AssertElement] Check condition (element has style class &apos;webhook-selected&apos;) for element [By.xpath: .//li[@id=&apos;webhook-14307&apos;] under [By.xpath: .//ul[@id=&apos;webhook-list-content&apos;]]] on http://ucf2c-dcs-release-hub1.opcdeveloper.oracleinternalucf2c.oraclecorp.com/qa-dev/#projects/qa-dev_test-shared-project1-1460525673052/admin/webhooks?id=14306.
2016-04-12 23:17:51,122 DEBUG [oracle.clouddev.test.selenium.components.AssertElement] Check condition (element is visible) for element [By.xpath: .//div[contains(@class, &apos;webhook-header&apos;)] under [By.xpath: .//li[@id=&apos;webhook-14307&apos;] under [By.xpath: .//ul[@id=&apos;webhook-list-content&apos;]]]] on http://ucf2c-dcs-release-hub1.opcdeveloper.oracleinternalucf2c.oraclecorp.com/qa-dev/#projects/qa-dev_test-shared-project1-1460525673052/admin/webhooks?id=14306.
2016-04-12 23:17:51,156 DEBUG [oracle.clouddev.test.selenium.components.AssertElement] Check condition (element is visible) for element [By.xpath: .//div[contains(@class, &apos;webhook-header&apos;)] under [By.xpath: .//li[@id=&apos;webhook-14307&apos;] under [By.xpath: .//ul[@id=&apos;webhook-list-content&apos;]]]] on http://ucf2c-dcs-release-hub1.opcdeveloper.oracleinternalucf2c.oraclecorp.com/qa-dev/#projects/qa-dev_test-shared-project1-1460525673052/admin/webhooks?id=14306.
2016-04-12 23:17:51,190 DEBUG [oracle.clouddev.test.selenium.components.AssertElement] Check condition (element is visible) for element [By.xpath: ./input[contains(@class, &apos;oj-inputtext-input&apos;)] under [By.xpath: .//div[contains(@class, &apos;webhook-header&apos;)] under [By.xpath: .//li[@id=&apos;webhook-14307&apos;] under [By.xpath: .//ul[@id=&apos;webhook-list-content&apos;]]]]] on http://ucf2c-dcs-release-hub1.opcdeveloper.oracleinternalucf2c.oraclecorp.com/qa-dev/#projects/qa-dev_test-shared-project1-1460525673052/admin/webhooks?id=14306.
2016-04-12 23:17:51,259 DEBUG [oracle.clouddev.test.selenium.components.AssertElement] Check condition (element is visible) for element [By.xpath: .//*[(self::button or self::a or self::input) and @id=&apos;webhook-logs-show&apos;]] on http://ucf2c-dcs-release-hub1.opcdeveloper.oracleinternalucf2c.oraclecorp.com/qa-dev/#projects/qa-dev_test-shared-project1-1460525673052/admin/webhooks?id=14306.
2016-04-12 23:17:51,282 DEBUG [oracle.clouddev.test.selenium.components.AssertElement] Check condition (element has style class &apos;oj-enabled&apos;) for element [By.xpath: .//*[(self::button or self::a or self::input) and @id=&apos;webhook-logs-show&apos;]] on http://ucf2c-dcs-release-hub1.opcdeveloper.oracleinternalucf2c.oraclecorp.com/qa-dev/#projects/qa-dev_test-shared-project1-1460525673052/admin/webhooks?id=14306.
2016-04-12 23:17:51,302 DEBUG [oracle.clouddev.test.selenium.components.AssertElement] Check condition (element is visible) for element [By.xpath: .//*[(self::button or self::a or self::input) and @id=&apos;webhook-logs-show&apos;]] on http://ucf2c-dcs-release-hub1.opcdeveloper.oracleinternalucf2c.oraclecorp.com/qa-dev/#projects/qa-dev_test-shared-project1-1460525673052/admin/webhooks?id=14306.
2016-04-12 23:17:51,324 DEBUG [oracle.clouddev.test.selenium.components.AssertElement] Check condition (element has style class &apos;oj-enabled&apos;) for element [By.xpath: .//*[(self::button or self::a or self::input) and @id=&apos;webhook-logs-show&apos;]] on http://ucf2c-dcs-release-hub1.opcdeveloper.oracleinternalucf2c.oraclecorp.com/qa-dev/#projects/qa-dev_test-shared-project1-1460525673052/admin/webhooks?id=14306.
2016-04-12 23:17:51,528 DEBUG [oracle.clouddev.test.selenium.components.AssertElement] Check condition (NOT (element exists)) for element [By.xpath: .//div[contains(@class, &apos;webhooks-content&apos;)]] on http://ucf2c-dcs-release-hub1.opcdeveloper.oracleinternalucf2c.oraclecorp.com/qa-dev/#projects/qa-dev_test-shared-project1-1460525673052/webhook/14307/logs?id=14306.
2016-04-12 23:17:52,549 DEBUG [oracle.clouddev.test.selenium.components.AssertElement] Check condition (element is visible) for element [By.xpath: .//div[@id=&apos;webhook-log-list&apos;]] on http://ucf2c-dcs-release-hub1.opcdeveloper.oracleinternalucf2c.oraclecorp.com/qa-dev/#projects/qa-dev_test-shared-project1-1460525673052/webhook/14307/logs?id=14306.
2016-04-12 23:17:52,571 DEBUG [oracle.clouddev.test.selenium.components.AssertElement] Check condition (element is visible) for element [By.xpath: .//ul[@id=&apos;webhook-log-list-content&apos;] under [By.xpath: .//div[@id=&apos;webhook-log-list&apos;]]] on http://ucf2c-dcs-release-hub1.opcdeveloper.oracleinternalucf2c.oraclecorp.com/qa-dev/#projects/qa-dev_test-shared-project1-1460525673052/webhook/14307/logs?id=14306.
2016-04-12 23:17:52,597 DEBUG [oracle.clouddev.test.selenium.components.AssertElement] Check condition (element is visible) for element [By.xpath: .//div[@id=&apos;webhook-log-content&apos;]] on http://ucf2c-dcs-release-hub1.opcdeveloper.oracleinternalucf2c.oraclecorp.com/qa-dev/#projects/qa-dev_test-shared-project1-1460525673052/webhook/14307/logs?id=14306.
2016-04-12 23:17:52,633 DEBUG [oracle.clouddev.test.selenium.components.AssertElement] Check condition (element is visible) for element [By.xpath: .//*[(self::button or self::a or self::input) and @id=&apos;webhook-logs-test&apos;]] on http://ucf2c-dcs-release-hub1.opcdeveloper.oracleinternalucf2c.oraclecorp.com/qa-dev/#projects/qa-dev_test-shared-project1-1460525673052/webhook/14307/logs?id=14306.
2016-04-12 23:17:52,652 DEBUG [oracle.clouddev.test.selenium.components.AssertElement] Check condition (element has style class &apos;oj-enabled&apos;) for element [By.xpath: .//*[(self::button or self::a or self::input) and @id=&apos;webhook-logs-test&apos;]] on http://ucf2c-dcs-release-hub1.opcdeveloper.oracleinternalucf2c.oraclecorp.com/qa-dev/#projects/qa-dev_test-shared-project1-1460525673052/webhook/14307/logs?id=14306.
2016-04-12 23:17:52,670 DEBUG [oracle.clouddev.test.selenium.components.AssertElement] Check condition (element is visible) for element [By.xpath: .//*[(self::button or self::a or self::input) and @id=&apos;webhook-logs-test&apos;]] on http://ucf2c-dcs-release-hub1.opcdeveloper.oracleinternalucf2c.oraclecorp.com/qa-dev/#projects/qa-dev_test-shared-project1-1460525673052/webhook/14307/logs?id=14306.
2016-04-12 23:17:52,700 DEBUG [oracle.clouddev.test.selenium.components.AssertElement] Check condition (element has style class &apos;oj-enabled&apos;) for element [By.xpath: .//*[(self::button or self::a or self::input) and @id=&apos;webhook-logs-test&apos;]] on http://ucf2c-dcs-release-hub1.opcdeveloper.oracleinternalucf2c.oraclecorp.com/qa-dev/#projects/qa-dev_test-shared-project1-1460525673052/webhook/14307/logs?id=14306.
2016-04-12 23:17:55,983 DEBUG [oracle.clouddev.test.selenium.components.AssertElement] Check condition (element is visible) for element [By.xpath: .//div[contains(@class, &apos;oj-tabs&apos;)]/div[contains(@class, &apos;oj-tabs-nav-root&apos;)]/.. under [By.xpath: .//div[@id=&apos;webhook-log-content&apos;]]] on http://ucf2c-dcs-release-hub1.opcdeveloper.oracleinternalucf2c.oraclecorp.com/qa-dev/#projects/qa-dev_test-shared-project1-1460525673052/webhook/14307/logs?id=14306.
2016-04-12 23:17:57,111 DEBUG [oracle.clouddev.test.selenium.components.AssertElement] Check condition (element has style class &apos;oj-selected&apos;) for element [li# under [By.xpath: .//div[contains(@class, &apos;oj-tabs&apos;)]/div[contains(@class, &apos;oj-tabs-nav-root&apos;)]/.. under [By.xpath: .//div[@id=&apos;webhook-log-content&apos;]]]] on http://ucf2c-dcs-release-hub1.opcdeveloper.oracleinternalucf2c.oraclecorp.com/qa-dev/#projects/qa-dev_test-shared-project1-1460525673052/webhook/14307/logs?id=14306.
2016-04-12 23:17:59,207 DEBUG [oracle.clouddev.test.selenium.components.AssertElement] Check condition (element is visible) for element [By.xpath: .//a[contains(@class, &apos;oj-tabs-anchor&apos;)] under [li# under [By.xpath: .//div[contains(@class, &apos;oj-tabs&apos;)]/div[contains(@class, &apos;oj-tabs-nav-root&apos;)]/.. under [By.xpath: .//div[@id=&apos;webhook-log-content&apos;]]]]] on http://ucf2c-dcs-release-hub1.opcdeveloper.oracleinternalucf2c.oraclecorp.com/qa-dev/#projects/qa-dev_test-shared-project1-1460525673052/webhook/14307/logs?id=14306.
2016-04-12 23:17:59,256 DEBUG [oracle.clouddev.test.selenium.components.AssertElement] Check condition (element is enabled) for element [By.xpath: .//a[contains(@class, &apos;oj-tabs-anchor&apos;)] under [li# under [By.xpath: .//div[contains(@class, &apos;oj-tabs&apos;)]/div[contains(@class, &apos;oj-tabs-nav-root&apos;)]/.. under [By.xpath: .//div[@id=&apos;webhook-log-content&apos;]]]]] on http://ucf2c-dcs-release-hub1.opcdeveloper.oracleinternalucf2c.oraclecorp.com/qa-dev/#projects/qa-dev_test-shared-project1-1460525673052/webhook/14307/logs?id=14306.
2016-04-12 23:17:59,290 DEBUG [oracle.clouddev.test.selenium.components.AssertElement] Check condition (element is visible) for element [By.xpath: .//a[contains(@class, &apos;oj-tabs-anchor&apos;)] under [li# under [By.xpath: .//div[contains(@class, &apos;oj-tabs&apos;)]/div[contains(@class, &apos;oj-tabs-nav-root&apos;)]/.. under [By.xpath: .//div[@id=&apos;webhook-log-content&apos;]]]]] on http://ucf2c-dcs-release-hub1.opcdeveloper.oracleinternalucf2c.oraclecorp.com/qa-dev/#projects/qa-dev_test-shared-project1-1460525673052/webhook/14307/logs?id=14306.
2016-04-12 23:18:01,226 DEBUG [oracle.clouddev.test.selenium.components.AssertElement] Check condition (element has style class &apos;oj-selected&apos;) for element [li# under [By.xpath: .//div[contains(@class, &apos;oj-tabs&apos;)]/div[contains(@class, &apos;oj-tabs-nav-root&apos;)]/.. under [By.xpath: .//div[@id=&apos;webhook-log-content&apos;]]]] on http://ucf2c-dcs-release-hub1.opcdeveloper.oracleinternalucf2c.oraclecorp.com/qa-dev/#projects/qa-dev_test-shared-project1-1460525673052/webhook/14307/logs?id=14306.
2016-04-12 23:18:01,271 DEBUG [oracle.clouddev.test.selenium.components.AssertElement] Check condition (element is visible) for element [By.xpath: .//*[(self::button or self::a or self::input) and @id=&apos;webhook-logs-done&apos;] under [By.xpath: .//div[@id=&apos;webhook-log-content&apos;]]] on http://ucf2c-dcs-release-hub1.opcdeveloper.oracleinternalucf2c.oraclecorp.com/qa-dev/#projects/qa-dev_test-shared-project1-1460525673052/webhook/14307/logs?id=14306.
2016-04-12 23:18:01,342 DEBUG [oracle.clouddev.test.selenium.components.AssertElement] Check condition (element has style class &apos;oj-enabled&apos;) for element [By.xpath: .//*[(self::button or self::a or self::input) and @id=&apos;webhook-logs-done&apos;] under [By.xpath: .//div[@id=&apos;webhook-log-content&apos;]]] on http://ucf2c-dcs-release-hub1.opcdeveloper.oracleinternalucf2c.oraclecorp.com/qa-dev/#projects/qa-dev_test-shared-project1-1460525673052/webhook/14307/logs?id=14306.
2016-04-12 23:18:01,840 DEBUG [oracle.clouddev.test.selenium.components.AssertElement] Check condition (NOT (element exists)) for element [By.xpath: .//ul[@id=&apos;webhook-log-list-content&apos;] under [By.xpath: .//div[@id=&apos;webhook-log-list&apos;]]] on http://ucf2c-dcs-release-hub1.opcdeveloper.oracleinternalucf2c.oraclecorp.com/qa-dev/#projects/qa-dev_test-shared-project1-1460525673052/admin/webhooks?id=14307.
2016-04-12 23:18:02,878 DEBUG [oracle.clouddev.test.selenium.components.AssertElement] Check condition (NOT (element exists)) for element [By.xpath: .//div[@id=&apos;webhook-log-content&apos;]] on http://ucf2c-dcs-release-hub1.opcdeveloper.oracleinternalucf2c.oraclecorp.com/qa-dev/#projects/qa-dev_test-shared-project1-1460525673052/admin/webhooks?id=14307.
2016-04-12 23:18:03,912 DEBUG [oracle.clouddev.test.selenium.components.AssertElement] Check condition (element is visible) for element [By.xpath: .//ul[@id=&apos;webhook-list-content&apos;]] on http://ucf2c-dcs-release-hub1.opcdeveloper.oracleinternalucf2c.oraclecorp.com/qa-dev/#projects/qa-dev_test-shared-project1-1460525673052/admin/webhooks?id=14307.
2016-04-12 23:18:04,039 DEBUG [oracle.clouddev.test.selenium.components.AssertElement] Check condition (element is visible) for element [input# under [By.xpath: .//ul[@id=&apos;webhook-list-content&apos;]]] on http://ucf2c-dcs-release-hub1.opcdeveloper.oracleinternalucf2c.oraclecorp.com/qa-dev/#projects/qa-dev_test-shared-project1-1460525673052/admin/webhooks?id=14307.
2016-04-12 23:18:04,090 DEBUG [oracle.clouddev.test.selenium.components.AssertElement] Check condition (element is readonly) for element [input# under [By.xpath: .//ul[@id=&apos;webhook-list-content&apos;]]] on http://ucf2c-dcs-release-hub1.opcdeveloper.oracleinternalucf2c.oraclecorp.com/qa-dev/#projects/qa-dev_test-shared-project1-1460525673052/admin/webhooks?id=14307.
2016-04-12 23:18:04,123 DEBUG [oracle.clouddev.test.selenium.components.AssertElement] Check condition (element is visible) for element [input# under [By.xpath: .//ul[@id=&apos;webhook-list-content&apos;]]] on http://ucf2c-dcs-release-hub1.opcdeveloper.oracleinternalucf2c.oraclecorp.com/qa-dev/#projects/qa-dev_test-shared-project1-1460525673052/admin/webhooks?id=14307.
2016-04-12 23:18:04,722 DEBUG [oracle.clouddev.test.selenium.components.AssertElement] Check condition (element is visible) for element [By.xpath: .//ul[@id=&apos;webhook-list-content&apos;]] on http://ucf2c-dcs-release-hub1.opcdeveloper.oracleinternalucf2c.oraclecorp.com/qa-dev/#projects/qa-dev_test-shared-project1-1460525673052/admin/webhooks?id=14307.
2016-04-12 23:18:04,763 DEBUG [oracle.clouddev.test.selenium.components.AssertElement] Check condition (element is visible) for element [By.xpath: .//li[@id=&apos;webhook-14308&apos;] under [By.xpath: .//ul[@id=&apos;webhook-list-content&apos;]]] on http://ucf2c-dcs-release-hub1.opcdeveloper.oracleinternalucf2c.oraclecorp.com/qa-dev/#projects/qa-dev_test-shared-project1-1460525673052/admin/webhooks?id=14307.
2016-04-12 23:18:04,817 DEBUG [oracle.clouddev.test.selenium.components.AssertElement] Check condition (element is enabled) for element [By.xpath: .//li[@id=&apos;webhook-14308&apos;] under [By.xpath: .//ul[@id=&apos;webhook-list-content&apos;]]] on http://ucf2c-dcs-release-hub1.opcdeveloper.oracleinternalucf2c.oraclecorp.com/qa-dev/#projects/qa-dev_test-shared-project1-1460525673052/admin/webhooks?id=14307.
2016-04-12 23:18:04,867 DEBUG [oracle.clouddev.test.selenium.components.AssertElement] Check condition (element has style class &apos;webhook-selected&apos;) for element [By.xpath: .//li[@id=&apos;webhook-14308&apos;] under [By.xpath: .//ul[@id=&apos;webhook-list-content&apos;]]] on http://ucf2c-dcs-release-hub1.opcdeveloper.oracleinternalucf2c.oraclecorp.com/qa-dev/#projects/qa-dev_test-shared-project1-1460525673052/admin/webhooks?id=14307.
2016-04-12 23:18:04,903 DEBUG [oracle.clouddev.test.selenium.components.AssertElement] Check condition (element is visible) for element [By.xpath: .//div[contains(@class, &apos;webhook-header&apos;)] under [By.xpath: .//li[@id=&apos;webhook-14308&apos;] under [By.xpath: .//ul[@id=&apos;webhook-list-content&apos;]]]] on http://ucf2c-dcs-release-hub1.opcdeveloper.oracleinternalucf2c.oraclecorp.com/qa-dev/#projects/qa-dev_test-shared-project1-1460525673052/admin/webhooks?id=14307.
2016-04-12 23:18:04,972 DEBUG [oracle.clouddev.test.selenium.components.AssertElement] Check condition (element is visible) for element [By.xpath: .//div[contains(@class, &apos;webhook-header&apos;)] under [By.xpath: .//li[@id=&apos;webhook-14308&apos;] under [By.xpath: .//ul[@id=&apos;webhook-list-content&apos;]]]] on http://ucf2c-dcs-release-hub1.opcdeveloper.oracleinternalucf2c.oraclecorp.com/qa-dev/#projects/qa-dev_test-shared-project1-1460525673052/admin/webhooks?id=14307.
2016-04-12 23:18:05,043 DEBUG [oracle.clouddev.test.selenium.components.AssertElement] Check condition (element is visible) for element [By.xpath: ./input[contains(@class, &apos;oj-inputtext-input&apos;)] under [By.xpath: .//div[contains(@class, &apos;webhook-header&apos;)] under [By.xpath: .//li[@id=&apos;webhook-14308&apos;] under [By.xpath: .//ul[@id=&apos;webhook-list-content&apos;]]]]] on http://ucf2c-dcs-release-hub1.opcdeveloper.oracleinternalucf2c.oraclecorp.com/qa-dev/#projects/qa-dev_test-shared-project1-1460525673052/admin/webhooks?id=14307.
2016-04-12 23:18:05,239 DEBUG [oracle.clouddev.test.selenium.components.AssertElement] Check condition (element is visible) for element [By.xpath: .//*[(self::button or self::a or self::input) and @id=&apos;webhook-logs-show&apos;]] on http://ucf2c-dcs-release-hub1.opcdeveloper.oracleinternalucf2c.oraclecorp.com/qa-dev/#projects/qa-dev_test-shared-project1-1460525673052/admin/webhooks?id=14307.
2016-04-12 23:18:05,295 DEBUG [oracle.clouddev.test.selenium.components.AssertElement] Check condition (element has style class &apos;oj-enabled&apos;) for element [By.xpath: .//*[(self::button or self::a or self::input) and @id=&apos;webhook-logs-show&apos;]] on http://ucf2c-dcs-release-hub1.opcdeveloper.oracleinternalucf2c.oraclecorp.com/qa-dev/#projects/qa-dev_test-shared-project1-1460525673052/admin/webhooks?id=14307.
2016-04-12 23:18:05,332 DEBUG [oracle.clouddev.test.selenium.components.AssertElement] Check condition (element is visible) for element [By.xpath: .//*[(self::button or self::a or self::input) and @id=&apos;webhook-logs-show&apos;]] on http://ucf2c-dcs-release-hub1.opcdeveloper.oracleinternalucf2c.oraclecorp.com/qa-dev/#projects/qa-dev_test-shared-project1-1460525673052/admin/webhooks?id=14307.
2016-04-12 23:18:05,385 DEBUG [oracle.clouddev.test.selenium.components.AssertElement] Check condition (element has style class &apos;oj-enabled&apos;) for element [By.xpath: .//*[(self::button or self::a or self::input) and @id=&apos;webhook-logs-show&apos;]] on http://ucf2c-dcs-release-hub1.opcdeveloper.oracleinternalucf2c.oraclecorp.com/qa-dev/#projects/qa-dev_test-shared-project1-1460525673052/admin/webhooks?id=14307.
2016-04-12 23:18:05,913 DEBUG [oracle.clouddev.test.selenium.components.AssertElement] Check condition (NOT (element exists)) for element [By.xpath: .//div[contains(@class, &apos;webhooks-content&apos;)]] on http://ucf2c-dcs-release-hub1.opcdeveloper.oracleinternalucf2c.oraclecorp.com/qa-dev/#projects/qa-dev_test-shared-project1-1460525673052/webhook/14308/logs?id=14307.
2016-04-12 23:18:06,950 DEBUG [oracle.clouddev.test.selenium.components.AssertElement] Check condition (element is visible) for element [By.xpath: .//div[@id=&apos;webhook-log-list&apos;]] on http://ucf2c-dcs-release-hub1.opcdeveloper.oracleinternalucf2c.oraclecorp.com/qa-dev/#projects/qa-dev_test-shared-project1-1460525673052/webhook/14308/logs?id=14307.
2016-04-12 23:18:06,991 DEBUG [oracle.clouddev.test.selenium.components.AssertElement] Check condition (element is visible) for element [By.xpath: .//ul[@id=&apos;webhook-log-list-content&apos;] under [By.xpath: .//div[@id=&apos;webhook-log-list&apos;]]] on http://ucf2c-dcs-release-hub1.opcdeveloper.oracleinternalucf2c.oraclecorp.com/qa-dev/#projects/qa-dev_test-shared-project1-1460525673052/webhook/14308/logs?id=14307.
2016-04-12 23:18:07,053 DEBUG [oracle.clouddev.test.selenium.components.AssertElement] Check condition (element is visible) for element [By.xpath: .//div[@id=&apos;webhook-log-content&apos;]] on http://ucf2c-dcs-release-hub1.opcdeveloper.oracleinternalucf2c.oraclecorp.com/qa-dev/#projects/qa-dev_test-shared-project1-1460525673052/webhook/14308/logs?id=14307.
2016-04-12 23:18:07,157 DEBUG [oracle.clouddev.test.selenium.components.AssertElement] Check condition (element is visible) for element [By.xpath: .//*[(self::button or self::a or self::input) and @id=&apos;webhook-logs-test&apos;]] on http://ucf2c-dcs-release-hub1.opcdeveloper.oracleinternalucf2c.oraclecorp.com/qa-dev/#projects/qa-dev_test-shared-project1-1460525673052/webhook/14308/logs?id=14307.
2016-04-12 23:18:07,191 DEBUG [oracle.clouddev.test.selenium.components.AssertElement] Check condition (element has style class &apos;oj-enabled&apos;) for element [By.xpath: .//*[(self::button or self::a or self::input) and @id=&apos;webhook-logs-test&apos;]] on http://ucf2c-dcs-release-hub1.opcdeveloper.oracleinternalucf2c.oraclecorp.com/qa-dev/#projects/qa-dev_test-shared-project1-1460525673052/webhook/14308/logs?id=14307.
2016-04-12 23:18:07,211 DEBUG [oracle.clouddev.test.selenium.components.AssertElement] Check condition (element is visible) for element [By.xpath: .//*[(self::button or self::a or self::input) and @id=&apos;webhook-logs-test&apos;]] on http://ucf2c-dcs-release-hub1.opcdeveloper.oracleinternalucf2c.oraclecorp.com/qa-dev/#projects/qa-dev_test-shared-project1-1460525673052/webhook/14308/logs?id=14307.
2016-04-12 23:18:07,233 DEBUG [oracle.clouddev.test.selenium.components.AssertElement] Check condition (element has style class &apos;oj-enabled&apos;) for element [By.xpath: .//*[(self::button or self::a or self::input) and @id=&apos;webhook-logs-test&apos;]] on http://ucf2c-dcs-release-hub1.opcdeveloper.oracleinternalucf2c.oraclecorp.com/qa-dev/#projects/qa-dev_test-shared-project1-1460525673052/webhook/14308/logs?id=14307.
2016-04-12 23:18:10,654 DEBUG [oracle.clouddev.test.selenium.components.AssertElement] Check condition (element is visible) for element [By.xpath: .//div[contains(@class, &apos;oj-tabs&apos;)]/div[contains(@class, &apos;oj-tabs-nav-root&apos;)]/.. under [By.xpath: .//div[@id=&apos;webhook-log-content&apos;]]] on http://ucf2c-dcs-release-hub1.opcdeveloper.oracleinternalucf2c.oraclecorp.com/qa-dev/#projects/qa-dev_test-shared-project1-1460525673052/webhook/14308/logs?id=14307.
2016-04-12 23:18:11,808 DEBUG [oracle.clouddev.test.selenium.components.AssertElement] Check condition (element has style class &apos;oj-selected&apos;) for element [li# under [By.xpath: .//div[contains(@class, &apos;oj-tabs&apos;)]/div[contains(@class, &apos;oj-tabs-nav-root&apos;)]/.. under [By.xpath: .//div[@id=&apos;webhook-log-content&apos;]]]] on http://ucf2c-dcs-release-hub1.opcdeveloper.oracleinternalucf2c.oraclecorp.com/qa-dev/#projects/qa-dev_test-shared-project1-1460525673052/webhook/14308/logs?id=14307.
2016-04-12 23:18:13,937 DEBUG [oracle.clouddev.test.selenium.components.AssertElement] Check condition (element is visible) for element [By.xpath: .//a[contains(@class, &apos;oj-tabs-anchor&apos;)] under [li# under [By.xpath: .//div[contains(@class, &apos;oj-tabs&apos;)]/div[contains(@class, &apos;oj-tabs-nav-root&apos;)]/.. under [By.xpath: .//div[@id=&apos;webhook-log-content&apos;]]]]] on http://ucf2c-dcs-release-hub1.opcdeveloper.oracleinternalucf2c.oraclecorp.com/qa-dev/#projects/qa-dev_test-shared-project1-1460525673052/webhook/14308/logs?id=14307.
2016-04-12 23:18:13,993 DEBUG [oracle.clouddev.test.selenium.components.AssertElement] Check condition (element is enabled) for element [By.xpath: .//a[contains(@class, &apos;oj-tabs-anchor&apos;)] under [li# under [By.xpath: .//div[contains(@class, &apos;oj-tabs&apos;)]/div[contains(@class, &apos;oj-tabs-nav-root&apos;)]/.. under [By.xpath: .//div[@id=&apos;webhook-log-content&apos;]]]]] on http://ucf2c-dcs-release-hub1.opcdeveloper.oracleinternalucf2c.oraclecorp.com/qa-dev/#projects/qa-dev_test-shared-project1-1460525673052/webhook/14308/logs?id=14307.
2016-04-12 23:18:14,057 DEBUG [oracle.clouddev.test.selenium.components.AssertElement] Check condition (element is visible) for element [By.xpath: .//a[contains(@class, &apos;oj-tabs-anchor&apos;)] under [li# under [By.xpath: .//div[contains(@class, &apos;oj-tabs&apos;)]/div[contains(@class, &apos;oj-tabs-nav-root&apos;)]/.. under [By.xpath: .//div[@id=&apos;webhook-log-content&apos;]]]]] on http://ucf2c-dcs-release-hub1.opcdeveloper.oracleinternalucf2c.oraclecorp.com/qa-dev/#projects/qa-dev_test-shared-project1-1460525673052/webhook/14308/logs?id=14307.
2016-04-12 23:18:15,939 DEBUG [oracle.clouddev.test.selenium.components.AssertElement] Check condition (element has style class &apos;oj-selected&apos;) for element [li# under [By.xpath: .//div[contains(@class, &apos;oj-tabs&apos;)]/div[contains(@class, &apos;oj-tabs-nav-root&apos;)]/.. under [By.xpath: .//div[@id=&apos;webhook-log-content&apos;]]]] on http://ucf2c-dcs-release-hub1.opcdeveloper.oracleinternalucf2c.oraclecorp.com/qa-dev/#projects/qa-dev_test-shared-project1-1460525673052/webhook/14308/logs?id=14307.
2016-04-12 23:18:15,952 DEBUG [oracle.clouddev.test.selenium.components.AssertElement] Check condition (element is visible) for element [By.xpath: .//*[(self::button or self::a or self::input) and @id=&apos;webhook-logs-done&apos;] under [By.xpath: .//div[@id=&apos;webhook-log-content&apos;]]] on http://ucf2c-dcs-release-hub1.opcdeveloper.oracleinternalucf2c.oraclecorp.com/qa-dev/#projects/qa-dev_test-shared-project1-1460525673052/webhook/14308/logs?id=14307.
2016-04-12 23:18:15,979 DEBUG [oracle.clouddev.test.selenium.components.AssertElement] Check condition (element has style class &apos;oj-enabled&apos;) for element [By.xpath: .//*[(self::button or self::a or self::input) and @id=&apos;webhook-logs-done&apos;] under [By.xpath: .//div[@id=&apos;webhook-log-content&apos;]]] on http://ucf2c-dcs-release-hub1.opcdeveloper.oracleinternalucf2c.oraclecorp.com/qa-dev/#projects/qa-dev_test-shared-project1-1460525673052/webhook/14308/logs?id=14307.
2016-04-12 23:18:16,241 DEBUG [oracle.clouddev.test.selenium.components.AssertElement] Check condition (NOT (element exists)) for element [By.xpath: .//ul[@id=&apos;webhook-log-list-content&apos;] under [By.xpath: .//div[@id=&apos;webhook-log-list&apos;]]] on http://ucf2c-dcs-release-hub1.opcdeveloper.oracleinternalucf2c.oraclecorp.com/qa-dev/#projects/qa-dev_test-shared-project1-1460525673052/admin/webhooks?id=14308.
2016-04-12 23:18:17,292 DEBUG [oracle.clouddev.test.selenium.components.AssertElement] Check condition (NOT (element exists)) for element [By.xpath: .//div[@id=&apos;webhook-log-content&apos;]] on http://ucf2c-dcs-release-hub1.opcdeveloper.oracleinternalucf2c.oraclecorp.com/qa-dev/#projects/qa-dev_test-shared-project1-1460525673052/admin/webhooks?id=14308.
2016-04-12 23:18:18,321 DEBUG [oracle.clouddev.test.selenium.components.AssertElement] Check condition (element is visible) for element [By.xpath: .//ul[@id=&apos;webhook-list-content&apos;]] on http://ucf2c-dcs-release-hub1.opcdeveloper.oracleinternalucf2c.oraclecorp.com/qa-dev/#projects/qa-dev_test-shared-project1-1460525673052/admin/webhooks?id=14308.
2016-04-12 23:18:18,466 DEBUG [oracle.clouddev.test.selenium.components.AssertElement] Check condition (element is visible) for element [input# under [By.xpath: .//ul[@id=&apos;webhook-list-content&apos;]]] on http://ucf2c-dcs-release-hub1.opcdeveloper.oracleinternalucf2c.oraclecorp.com/qa-dev/#projects/qa-dev_test-shared-project1-1460525673052/admin/webhooks?id=14308.
2016-04-12 23:18:18,516 DEBUG [oracle.clouddev.test.selenium.components.AssertElement] Check condition (element is readonly) for element [input# under [By.xpath: .//ul[@id=&apos;webhook-list-content&apos;]]] on http://ucf2c-dcs-release-hub1.opcdeveloper.oracleinternalucf2c.oraclecorp.com/qa-dev/#projects/qa-dev_test-shared-project1-1460525673052/admin/webhooks?id=14308.
2016-04-12 23:18:18,564 DEBUG [oracle.clouddev.test.selenium.components.AssertElement] Check condition (element is visible) for element [input# under [By.xpath: .//ul[@id=&apos;webhook-list-content&apos;]]] on http://ucf2c-dcs-release-hub1.opcdeveloper.oracleinternalucf2c.oraclecorp.com/qa-dev/#projects/qa-dev_test-shared-project1-1460525673052/admin/webhooks?id=14308.
2016-04-12 23:18:19,003 DEBUG [oracle.clouddev.test.selenium.components.AssertElement] Check condition (element is visible) for element [By.xpath: .//li[@id=&apos;webhook-14305&apos;] under [By.xpath: .//ul[@id=&apos;webhook-list-content&apos;]]] on http://ucf2c-dcs-release-hub1.opcdeveloper.oracleinternalucf2c.oraclecorp.com/qa-dev/#projects/qa-dev_test-shared-project1-1460525673052/admin/webhooks?id=14308.
2016-04-12 23:18:19,068 DEBUG [oracle.clouddev.test.selenium.components.AssertElement] Check condition (element is enabled) for element [By.xpath: .//li[@id=&apos;webhook-14305&apos;] under [By.xpath: .//ul[@id=&apos;webhook-list-content&apos;]]] on http://ucf2c-dcs-release-hub1.opcdeveloper.oracleinternalucf2c.oraclecorp.com/qa-dev/#projects/qa-dev_test-shared-project1-1460525673052/admin/webhooks?id=14308.
2016-04-12 23:18:19,121 DEBUG [oracle.clouddev.test.selenium.components.AssertElement] Check condition (element has style class &apos;webhook-selected&apos;) for element [By.xpath: .//li[@id=&apos;webhook-14305&apos;] under [By.xpath: .//ul[@id=&apos;webhook-list-content&apos;]]] on http://ucf2c-dcs-release-hub1.opcdeveloper.oracleinternalucf2c.oraclecorp.com/qa-dev/#projects/qa-dev_test-shared-project1-1460525673052/admin/webhooks?id=14308.
2016-04-12 23:18:19,167 DEBUG [oracle.clouddev.test.selenium.components.AssertElement] Check condition (element is visible) for element [By.xpath: .//div[contains(@class, &apos;webhook-header&apos;)] under [By.xpath: .//li[@id=&apos;webhook-14305&apos;] under [By.xpath: .//ul[@id=&apos;webhook-list-content&apos;]]]] on http://ucf2c-dcs-release-hub1.opcdeveloper.oracleinternalucf2c.oraclecorp.com/qa-dev/#projects/qa-dev_test-shared-project1-1460525673052/admin/webhooks?id=14308.
2016-04-12 23:18:19,214 DEBUG [oracle.clouddev.test.selenium.components.AssertElement] Check condition (element is visible) for element [By.xpath: .//div[contains(@class, &apos;webhook-header&apos;)] under [By.xpath: .//li[@id=&apos;webhook-14305&apos;] under [By.xpath: .//ul[@id=&apos;webhook-list-content&apos;]]]] on http://ucf2c-dcs-release-hub1.opcdeveloper.oracleinternalucf2c.oraclecorp.com/qa-dev/#projects/qa-dev_test-shared-project1-1460525673052/admin/webhooks?id=14308.
2016-04-12 23:18:19,275 DEBUG [oracle.clouddev.test.selenium.components.AssertElement] Check condition (element is visible) for element [By.xpath: ./input[contains(@class, &apos;oj-inputtext-input&apos;)] under [By.xpath: .//div[contains(@class, &apos;webhook-header&apos;)] under [By.xpath: .//li[@id=&apos;webhook-14305&apos;] under [By.xpath: .//ul[@id=&apos;webhook-list-content&apos;]]]]] on http://ucf2c-dcs-release-hub1.opcdeveloper.oracleinternalucf2c.oraclecorp.com/qa-dev/#projects/qa-dev_test-shared-project1-1460525673052/admin/webhooks?id=14308.
2016-04-12 23:18:19,362 DEBUG [oracle.clouddev.test.selenium.components.AssertElement] Check condition (element is visible) for element [By.xpath: .//*[(self::button or self::a or self::input) and contains(@class, &apos;remove-button&apos;)] under [By.xpath: .//li[@id=&apos;webhook-14305&apos;] under [By.xpath: .//ul[@id=&apos;webhook-list-content&apos;]]]] on http://ucf2c-dcs-release-hub1.opcdeveloper.oracleinternalucf2c.oraclecorp.com/qa-dev/#projects/qa-dev_test-shared-project1-1460525673052/admin/webhooks?id=14308.
2016-04-12 23:18:19,413 DEBUG [oracle.clouddev.test.selenium.components.AssertElement] Check condition (element has style class &apos;oj-enabled&apos;) for element [By.xpath: .//*[(self::button or self::a or self::input) and contains(@class, &apos;remove-button&apos;)] under [By.xpath: .//li[@id=&apos;webhook-14305&apos;] under [By.xpath: .//ul[@id=&apos;webhook-list-content&apos;]]]] on http://ucf2c-dcs-release-hub1.opcdeveloper.oracleinternalucf2c.oraclecorp.com/qa-dev/#projects/qa-dev_test-shared-project1-1460525673052/admin/webhooks?id=14308.
2016-04-12 23:18:19,482 DEBUG [oracle.clouddev.test.selenium.components.AssertElement] Check condition (element is visible) for element [By.xpath: .//*[(self::button or self::a or self::input) and contains(@class, &apos;remove-button&apos;)] under [By.xpath: .//li[@id=&apos;webhook-14305&apos;] under [By.xpath: .//ul[@id=&apos;webhook-list-content&apos;]]]] on http://ucf2c-dcs-release-hub1.opcdeveloper.oracleinternalucf2c.oraclecorp.com/qa-dev/#projects/qa-dev_test-shared-project1-1460525673052/admin/webhooks?id=14308.
2016-04-12 23:18:19,551 DEBUG [oracle.clouddev.test.selenium.components.AssertElement] Check condition (element has style class &apos;oj-enabled&apos;) for element [By.xpath: .//*[(self::button or self::a or self::input) and contains(@class, &apos;remove-button&apos;)] under [By.xpath: .//li[@id=&apos;webhook-14305&apos;] under [By.xpath: .//ul[@id=&apos;webhook-list-content&apos;]]]] on http://ucf2c-dcs-release-hub1.opcdeveloper.oracleinternalucf2c.oraclecorp.com/qa-dev/#projects/qa-dev_test-shared-project1-1460525673052/admin/webhooks?id=14308.
2016-04-12 23:18:20,370 DEBUG [oracle.clouddev.test.selenium.components.AssertElement] Check condition (element is visible) for element [By.xpath: .//div[contains(@class,&apos;oj-dialog&apos;)]/div[@id=&apos;webhooks-remove-dialog&apos;]/..] on http://ucf2c-dcs-release-hub1.opcdeveloper.oracleinternalucf2c.oraclecorp.com/qa-dev/#projects/qa-dev_test-shared-project1-1460525673052/admin/webhooks?id=14308.
2016-04-12 23:18:20,415 DEBUG [oracle.clouddev.test.selenium.components.AssertElement] Check condition (element is visible) for element [By.xpath: . under [By.xpath: .//div[contains(@class,&apos;oj-dialog&apos;)]/div[@id=&apos;webhooks-remove-dialog&apos;]/..]] on http://ucf2c-dcs-release-hub1.opcdeveloper.oracleinternalucf2c.oraclecorp.com/qa-dev/#projects/qa-dev_test-shared-project1-1460525673052/admin/webhooks?id=14308.
2016-04-12 23:18:20,447 DEBUG [oracle.clouddev.test.selenium.components.AssertElement] Check condition (element has style class &apos;oj-dialog&apos;) for element [By.xpath: . under [By.xpath: .//div[contains(@class,&apos;oj-dialog&apos;)]/div[@id=&apos;webhooks-remove-dialog&apos;]/..]] on http://ucf2c-dcs-release-hub1.opcdeveloper.oracleinternalucf2c.oraclecorp.com/qa-dev/#projects/qa-dev_test-shared-project1-1460525673052/admin/webhooks?id=14308.
2016-04-12 23:18:20,513 DEBUG [oracle.clouddev.test.selenium.components.AssertElement] Check condition (element is visible) for element [By.xpath: ./div[contains(@class, &apos;oj-dialog-content&apos;)] under [By.xpath: . under [By.xpath: .//div[contains(@class,&apos;oj-dialog&apos;)]/div[@id=&apos;webhooks-remove-dialog&apos;]/..]]] on http://ucf2c-dcs-release-hub1.opcdeveloper.oracleinternalucf2c.oraclecorp.com/qa-dev/#projects/qa-dev_test-shared-project1-1460525673052/admin/webhooks?id=14308.
2016-04-12 23:18:20,580 DEBUG [oracle.clouddev.test.selenium.components.AssertElement] Check condition (element is visible) for element [By.xpath: .//*[(self::button or self::a or self::input) and @id=&apos;confirm-button&apos;] under [By.xpath: .//div[contains(@class,&apos;oj-dialog&apos;)]/div[@id=&apos;webhooks-remove-dialog&apos;]/..]] on http://ucf2c-dcs-release-hub1.opcdeveloper.oracleinternalucf2c.oraclecorp.com/qa-dev/#projects/qa-dev_test-shared-project1-1460525673052/admin/webhooks?id=14308.
2016-04-12 23:18:20,714 DEBUG [oracle.clouddev.test.selenium.components.AssertElement] Check condition (element has style class &apos;oj-enabled&apos;) for element [By.xpath: .//*[(self::button or self::a or self::input) and @id=&apos;confirm-button&apos;] under [By.xpath: .//div[contains(@class,&apos;oj-dialog&apos;)]/div[@id=&apos;webhooks-remove-dialog&apos;]/..]] on http://ucf2c-dcs-release-hub1.opcdeveloper.oracleinternalucf2c.oraclecorp.com/qa-dev/#projects/qa-dev_test-shared-project1-1460525673052/admin/webhooks?id=14308.
2016-04-12 23:18:20,767 DEBUG [oracle.clouddev.test.selenium.components.AssertElement] Check condition (element is visible) for element [By.xpath: .//*[(self::button or self::a or self::input) and @id=&apos;confirm-button&apos;] under [By.xpath: .//div[contains(@class,&apos;oj-dialog&apos;)]/div[@id=&apos;webhooks-remove-dialog&apos;]/..]] on http://ucf2c-dcs-release-hub1.opcdeveloper.oracleinternalucf2c.oraclecorp.com/qa-dev/#projects/qa-dev_test-shared-project1-1460525673052/admin/webhooks?id=14308.
2016-04-12 23:18:20,837 DEBUG [oracle.clouddev.test.selenium.components.AssertElement] Check condition (element has style class &apos;oj-enabled&apos;) for element [By.xpath: .//*[(self::button or self::a or self::input) and @id=&apos;confirm-button&apos;] under [By.xpath: .//div[contains(@class,&apos;oj-dialog&apos;)]/div[@id=&apos;webhooks-remove-dialog&apos;]/..]] on http://ucf2c-dcs-release-hub1.opcdeveloper.oracleinternalucf2c.oraclecorp.com/qa-dev/#projects/qa-dev_test-shared-project1-1460525673052/admin/webhooks?id=14308.
2016-04-12 23:18:22,033 DEBUG [oracle.clouddev.test.selenium.components.AssertElement] Check condition (NOT (element is visible)) for element [By.xpath: .//div[contains(@class,&apos;oj-dialog&apos;)]/div[@id=&apos;webhooks-remove-dialog&apos;]/..] on http://ucf2c-dcs-release-hub1.opcdeveloper.oracleinternalucf2c.oraclecorp.com/qa-dev/#projects/qa-dev_test-shared-project1-1460525673052/admin/webhooks?id=14308.
2016-04-12 23:18:22,058 DEBUG [oracle.clouddev.test.selenium.components.AssertElement] Check condition (NOT (element exists)) for element [By.xpath: .//li[@id=&apos;webhook-14305&apos;] under [By.xpath: .//ul[@id=&apos;webhook-list-content&apos;]]] on http://ucf2c-dcs-release-hub1.opcdeveloper.oracleinternalucf2c.oraclecorp.com/qa-dev/#projects/qa-dev_test-shared-project1-1460525673052/admin/webhooks?id=14308.
2016-04-12 23:18:23,104 DEBUG [oracle.clouddev.test.selenium.components.AssertElement] Check condition (element is visible) for element [By.xpath: .//ul[@id=&apos;webhook-list-content&apos;]] on http://ucf2c-dcs-release-hub1.opcdeveloper.oracleinternalucf2c.oraclecorp.com/qa-dev/#projects/qa-dev_test-shared-project1-1460525673052/admin/webhooks?id=14308.
2016-04-12 23:18:23,212 DEBUG [oracle.clouddev.test.selenium.components.AssertElement] Check condition (element is visible) for element [input# under [By.xpath: .//ul[@id=&apos;webhook-list-content&apos;]]] on http://ucf2c-dcs-release-hub1.opcdeveloper.oracleinternalucf2c.oraclecorp.com/qa-dev/#projects/qa-dev_test-shared-project1-1460525673052/admin/webhooks?id=14308.
2016-04-12 23:18:23,281 DEBUG [oracle.clouddev.test.selenium.components.AssertElement] Check condition (element is readonly) for element [input# under [By.xpath: .//ul[@id=&apos;webhook-list-content&apos;]]] on http://ucf2c-dcs-release-hub1.opcdeveloper.oracleinternalucf2c.oraclecorp.com/qa-dev/#projects/qa-dev_test-shared-project1-1460525673052/admin/webhooks?id=14308.
2016-04-12 23:18:23,343 DEBUG [oracle.clouddev.test.selenium.components.AssertElement] Check condition (element is visible) for element [input# under [By.xpath: .//ul[@id=&apos;webhook-list-content&apos;]]] on http://ucf2c-dcs-release-hub1.opcdeveloper.oracleinternalucf2c.oraclecorp.com/qa-dev/#projects/qa-dev_test-shared-project1-1460525673052/admin/webhooks?id=14308.
2016-04-12 23:18:23,771 DEBUG [oracle.clouddev.test.selenium.components.AssertElement] Check condition (element is visible) for element [By.xpath: .//li[@id=&apos;webhook-14306&apos;] under [By.xpath: .//ul[@id=&apos;webhook-list-content&apos;]]] on http://ucf2c-dcs-release-hub1.opcdeveloper.oracleinternalucf2c.oraclecorp.com/qa-dev/#projects/qa-dev_test-shared-project1-1460525673052/admin/webhooks?id=14308.
2016-04-12 23:18:23,838 DEBUG [oracle.clouddev.test.selenium.components.AssertElement] Check condition (element is enabled) for element [By.xpath: .//li[@id=&apos;webhook-14306&apos;] under [By.xpath: .//ul[@id=&apos;webhook-list-content&apos;]]] on http://ucf2c-dcs-release-hub1.opcdeveloper.oracleinternalucf2c.oraclecorp.com/qa-dev/#projects/qa-dev_test-shared-project1-1460525673052/admin/webhooks?id=14308.
2016-04-12 23:18:23,889 DEBUG [oracle.clouddev.test.selenium.components.AssertElement] Check condition (element has style class &apos;webhook-selected&apos;) for element [By.xpath: .//li[@id=&apos;webhook-14306&apos;] under [By.xpath: .//ul[@id=&apos;webhook-list-content&apos;]]] on http://ucf2c-dcs-release-hub1.opcdeveloper.oracleinternalucf2c.oraclecorp.com/qa-dev/#projects/qa-dev_test-shared-project1-1460525673052/admin/webhooks?id=14308.
2016-04-12 23:18:23,918 DEBUG [oracle.clouddev.test.selenium.components.AssertElement] Check condition (element is visible) for element [By.xpath: .//div[contains(@class, &apos;webhook-header&apos;)] under [By.xpath: .//li[@id=&apos;webhook-14306&apos;] under [By.xpath: .//ul[@id=&apos;webhook-list-content&apos;]]]] on http://ucf2c-dcs-release-hub1.opcdeveloper.oracleinternalucf2c.oraclecorp.com/qa-dev/#projects/qa-dev_test-shared-project1-1460525673052/admin/webhooks?id=14308.
2016-04-12 23:18:23,960 DEBUG [oracle.clouddev.test.selenium.components.AssertElement] Check condition (element is visible) for element [By.xpath: .//div[contains(@class, &apos;webhook-header&apos;)] under [By.xpath: .//li[@id=&apos;webhook-14306&apos;] under [By.xpath: .//ul[@id=&apos;webhook-list-content&apos;]]]] on http://ucf2c-dcs-release-hub1.opcdeveloper.oracleinternalucf2c.oraclecorp.com/qa-dev/#projects/qa-dev_test-shared-project1-1460525673052/admin/webhooks?id=14308.
2016-04-12 23:18:24,000 DEBUG [oracle.clouddev.test.selenium.components.AssertElement] Check condition (element is visible) for element [By.xpath: ./input[contains(@class, &apos;oj-inputtext-input&apos;)] under [By.xpath: .//div[contains(@class, &apos;webhook-header&apos;)] under [By.xpath: .//li[@id=&apos;webhook-14306&apos;] under [By.xpath: .//ul[@id=&apos;webhook-list-content&apos;]]]]] on http://ucf2c-dcs-release-hub1.opcdeveloper.oracleinternalucf2c.oraclecorp.com/qa-dev/#projects/qa-dev_test-shared-project1-1460525673052/admin/webhooks?id=14308.
2016-04-12 23:18:24,086 DEBUG [oracle.clouddev.test.selenium.components.AssertElement] Check condition (element is visible) for element [By.xpath: .//*[(self::button or self::a or self::input) and contains(@class, &apos;remove-button&apos;)] under [By.xpath: .//li[@id=&apos;webhook-14306&apos;] under [By.xpath: .//ul[@id=&apos;webhook-list-content&apos;]]]] on http://ucf2c-dcs-release-hub1.opcdeveloper.oracleinternalucf2c.oraclecorp.com/qa-dev/#projects/qa-dev_test-shared-project1-1460525673052/admin/webhooks?id=14308.
2016-04-12 23:18:24,131 DEBUG [oracle.clouddev.test.selenium.components.AssertElement] Check condition (element has style class &apos;oj-enabled&apos;) for element [By.xpath: .//*[(self::button or self::a or self::input) and contains(@class, &apos;remove-button&apos;)] under [By.xpath: .//li[@id=&apos;webhook-14306&apos;] under [By.xpath: .//ul[@id=&apos;webhook-list-content&apos;]]]] on http://ucf2c-dcs-release-hub1.opcdeveloper.oracleinternalucf2c.oraclecorp.com/qa-dev/#projects/qa-dev_test-shared-project1-1460525673052/admin/webhooks?id=14308.
2016-04-12 23:18:24,196 DEBUG [oracle.clouddev.test.selenium.components.AssertElement] Check condition (element is visible) for element [By.xpath: .//*[(self::button or self::a or self::input) and contains(@class, &apos;remove-button&apos;)] under [By.xpath: .//li[@id=&apos;webhook-14306&apos;] under [By.xpath: .//ul[@id=&apos;webhook-list-content&apos;]]]] on http://ucf2c-dcs-release-hub1.opcdeveloper.oracleinternalucf2c.oraclecorp.com/qa-dev/#projects/qa-dev_test-shared-project1-1460525673052/admin/webhooks?id=14308.
2016-04-12 23:18:24,298 DEBUG [oracle.clouddev.test.selenium.components.AssertElement] Check condition (element has style class &apos;oj-enabled&apos;) for element [By.xpath: .//*[(self::button or self::a or self::input) and contains(@class, &apos;remove-button&apos;)] under [By.xpath: .//li[@id=&apos;webhook-14306&apos;] under [By.xpath: .//ul[@id=&apos;webhook-list-content&apos;]]]] on http://ucf2c-dcs-release-hub1.opcdeveloper.oracleinternalucf2c.oraclecorp.com/qa-dev/#projects/qa-dev_test-shared-project1-1460525673052/admin/webhooks?id=14308.
2016-04-12 23:18:25,457 DEBUG [oracle.clouddev.test.selenium.components.AssertElement] Check condition (element is visible) for element [By.xpath: .//div[contains(@class,&apos;oj-dialog&apos;)]/div[@id=&apos;webhooks-remove-dialog&apos;]/..] on http://ucf2c-dcs-release-hub1.opcdeveloper.oracleinternalucf2c.oraclecorp.com/qa-dev/#projects/qa-dev_test-shared-project1-1460525673052/admin/webhooks?id=14308.
2016-04-12 23:18:25,485 DEBUG [oracle.clouddev.test.selenium.components.AssertElement] Check condition (element is visible) for element [By.xpath: . under [By.xpath: .//div[contains(@class,&apos;oj-dialog&apos;)]/div[@id=&apos;webhooks-remove-dialog&apos;]/..]] on http://ucf2c-dcs-release-hub1.opcdeveloper.oracleinternalucf2c.oraclecorp.com/qa-dev/#projects/qa-dev_test-shared-project1-1460525673052/admin/webhooks?id=14308.
2016-04-12 23:18:25,587 DEBUG [oracle.clouddev.test.selenium.components.AssertElement] Check condition (element has style class &apos;oj-dialog&apos;) for element [By.xpath: . under [By.xpath: .//div[contains(@class,&apos;oj-dialog&apos;)]/div[@id=&apos;webhooks-remove-dialog&apos;]/..]] on http://ucf2c-dcs-release-hub1.opcdeveloper.oracleinternalucf2c.oraclecorp.com/qa-dev/#projects/qa-dev_test-shared-project1-1460525673052/admin/webhooks?id=14308.
2016-04-12 23:18:25,650 DEBUG [oracle.clouddev.test.selenium.components.AssertElement] Check condition (element is visible) for element [By.xpath: ./div[contains(@class, &apos;oj-dialog-content&apos;)] under [By.xpath: . under [By.xpath: .//div[contains(@class,&apos;oj-dialog&apos;)]/div[@id=&apos;webhooks-remove-dialog&apos;]/..]]] on http://ucf2c-dcs-release-hub1.opcdeveloper.oracleinternalucf2c.oraclecorp.com/qa-dev/#projects/qa-dev_test-shared-project1-1460525673052/admin/webhooks?id=14308.
2016-04-12 23:18:25,771 DEBUG [oracle.clouddev.test.selenium.components.AssertElement] Check condition (element is visible) for element [By.xpath: .//*[(self::button or self::a or self::input) and @id=&apos;confirm-button&apos;] under [By.xpath: .//div[contains(@class,&apos;oj-dialog&apos;)]/div[@id=&apos;webhooks-remove-dialog&apos;]/..]] on http://ucf2c-dcs-release-hub1.opcdeveloper.oracleinternalucf2c.oraclecorp.com/qa-dev/#projects/qa-dev_test-shared-project1-1460525673052/admin/webhooks?id=14308.
2016-04-12 23:18:25,827 DEBUG [oracle.clouddev.test.selenium.components.AssertElement] Check condition (element has style class &apos;oj-enabled&apos;) for element [By.xpath: .//*[(self::button or self::a or self::input) and @id=&apos;confirm-button&apos;] under [By.xpath: .//div[contains(@class,&apos;oj-dialog&apos;)]/div[@id=&apos;webhooks-remove-dialog&apos;]/..]] on http://ucf2c-dcs-release-hub1.opcdeveloper.oracleinternalucf2c.oraclecorp.com/qa-dev/#projects/qa-dev_test-shared-project1-1460525673052/admin/webhooks?id=14308.
2016-04-12 23:18:25,889 DEBUG [oracle.clouddev.test.selenium.components.AssertElement] Check condition (element is visible) for element [By.xpath: .//*[(self::button or self::a or self::input) and @id=&apos;confirm-button&apos;] under [By.xpath: .//div[contains(@class,&apos;oj-dialog&apos;)]/div[@id=&apos;webhooks-remove-dialog&apos;]/..]] on http://ucf2c-dcs-release-hub1.opcdeveloper.oracleinternalucf2c.oraclecorp.com/qa-dev/#projects/qa-dev_test-shared-project1-1460525673052/admin/webhooks?id=14308.
2016-04-12 23:18:25,932 DEBUG [oracle.clouddev.test.selenium.components.AssertElement] Check condition (element has style class &apos;oj-enabled&apos;) for element [By.xpath: .//*[(self::button or self::a or self::input) and @id=&apos;confirm-button&apos;] under [By.xpath: .//div[contains(@class,&apos;oj-dialog&apos;)]/div[@id=&apos;webhooks-remove-dialog&apos;]/..]] on http://ucf2c-dcs-release-hub1.opcdeveloper.oracleinternalucf2c.oraclecorp.com/qa-dev/#projects/qa-dev_test-shared-project1-1460525673052/admin/webhooks?id=14308.
2016-04-12 23:18:26,573 DEBUG [oracle.clouddev.test.selenium.components.AssertElement] Check condition (NOT (element is visible)) for element [By.xpath: .//div[contains(@class,&apos;oj-dialog&apos;)]/div[@id=&apos;webhooks-remove-dialog&apos;]/..] on http://ucf2c-dcs-release-hub1.opcdeveloper.oracleinternalucf2c.oraclecorp.com/qa-dev/#projects/qa-dev_test-shared-project1-1460525673052/admin/webhooks?id=14308.
2016-04-12 23:18:27,152 DEBUG [oracle.clouddev.test.selenium.components.AssertElement] Check condition (NOT (element exists)) for element [By.xpath: .//li[@id=&apos;webhook-14306&apos;] under [By.xpath: .//ul[@id=&apos;webhook-list-content&apos;]]] on http://ucf2c-dcs-release-hub1.opcdeveloper.oracleinternalucf2c.oraclecorp.com/qa-dev/#projects/qa-dev_test-shared-project1-1460525673052/admin/webhooks?id=14308.
2016-04-12 23:18:28,298 DEBUG [oracle.clouddev.test.selenium.components.AssertElement] Check condition (element is visible) for element [By.xpath: .//ul[@id=&apos;webhook-list-content&apos;]] on http://ucf2c-dcs-release-hub1.opcdeveloper.oracleinternalucf2c.oraclecorp.com/qa-dev/#projects/qa-dev_test-shared-project1-1460525673052/admin/webhooks?id=14308.
2016-04-12 23:18:28,357 DEBUG [oracle.clouddev.test.selenium.components.AssertElement] Check condition (element is visible) for element [input# under [By.xpath: .//ul[@id=&apos;webhook-list-content&apos;]]] on http://ucf2c-dcs-release-hub1.opcdeveloper.oracleinternalucf2c.oraclecorp.com/qa-dev/#projects/qa-dev_test-shared-project1-1460525673052/admin/webhooks?id=14308.
2016-04-12 23:18:28,387 DEBUG [oracle.clouddev.test.selenium.components.AssertElement] Check condition (element is readonly) for element [input# under [By.xpath: .//ul[@id=&apos;webhook-list-content&apos;]]] on http://ucf2c-dcs-release-hub1.opcdeveloper.oracleinternalucf2c.oraclecorp.com/qa-dev/#projects/qa-dev_test-shared-project1-1460525673052/admin/webhooks?id=14308.
2016-04-12 23:18:28,434 DEBUG [oracle.clouddev.test.selenium.components.AssertElement] Check condition (element is visible) for element [input# under [By.xpath: .//ul[@id=&apos;webhook-list-content&apos;]]] on http://ucf2c-dcs-release-hub1.opcdeveloper.oracleinternalucf2c.oraclecorp.com/qa-dev/#projects/qa-dev_test-shared-project1-1460525673052/admin/webhooks?id=14308.
2016-04-12 23:18:28,887 DEBUG [oracle.clouddev.test.selenium.components.AssertElement] Check condition (element is visible) for element [By.xpath: .//li[@id=&apos;webhook-14307&apos;] under [By.xpath: .//ul[@id=&apos;webhook-list-content&apos;]]] on http://ucf2c-dcs-release-hub1.opcdeveloper.oracleinternalucf2c.oraclecorp.com/qa-dev/#projects/qa-dev_test-shared-project1-1460525673052/admin/webhooks?id=14308.
2016-04-12 23:18:28,932 DEBUG [oracle.clouddev.test.selenium.components.AssertElement] Check condition (element is enabled) for element [By.xpath: .//li[@id=&apos;webhook-14307&apos;] under [By.xpath: .//ul[@id=&apos;webhook-list-content&apos;]]] on http://ucf2c-dcs-release-hub1.opcdeveloper.oracleinternalucf2c.oraclecorp.com/qa-dev/#projects/qa-dev_test-shared-project1-1460525673052/admin/webhooks?id=14308.
2016-04-12 23:18:28,961 DEBUG [oracle.clouddev.test.selenium.components.AssertElement] Check condition (element has style class &apos;webhook-selected&apos;) for element [By.xpath: .//li[@id=&apos;webhook-14307&apos;] under [By.xpath: .//ul[@id=&apos;webhook-list-content&apos;]]] on http://ucf2c-dcs-release-hub1.opcdeveloper.oracleinternalucf2c.oraclecorp.com/qa-dev/#projects/qa-dev_test-shared-project1-1460525673052/admin/webhooks?id=14308.
2016-04-12 23:18:28,999 DEBUG [oracle.clouddev.test.selenium.components.AssertElement] Check condition (element is visible) for element [By.xpath: .//div[contains(@class, &apos;webhook-header&apos;)] under [By.xpath: .//li[@id=&apos;webhook-14307&apos;] under [By.xpath: .//ul[@id=&apos;webhook-list-content&apos;]]]] on http://ucf2c-dcs-release-hub1.opcdeveloper.oracleinternalucf2c.oraclecorp.com/qa-dev/#projects/qa-dev_test-shared-project1-1460525673052/admin/webhooks?id=14308.
2016-04-12 23:18:29,038 DEBUG [oracle.clouddev.test.selenium.components.AssertElement] Check condition (element is visible) for element [By.xpath: .//div[contains(@class, &apos;webhook-header&apos;)] under [By.xpath: .//li[@id=&apos;webhook-14307&apos;] under [By.xpath: .//ul[@id=&apos;webhook-list-content&apos;]]]] on http://ucf2c-dcs-release-hub1.opcdeveloper.oracleinternalucf2c.oraclecorp.com/qa-dev/#projects/qa-dev_test-shared-project1-1460525673052/admin/webhooks?id=14308.
2016-04-12 23:18:29,075 DEBUG [oracle.clouddev.test.selenium.components.AssertElement] Check condition (element is visible) for element [By.xpath: ./input[contains(@class, &apos;oj-inputtext-input&apos;)] under [By.xpath: .//div[contains(@class, &apos;webhook-header&apos;)] under [By.xpath: .//li[@id=&apos;webhook-14307&apos;] under [By.xpath: .//ul[@id=&apos;webhook-list-content&apos;]]]]] on http://ucf2c-dcs-release-hub1.opcdeveloper.oracleinternalucf2c.oraclecorp.com/qa-dev/#projects/qa-dev_test-shared-project1-1460525673052/admin/webhooks?id=14308.
2016-04-12 23:18:29,151 DEBUG [oracle.clouddev.test.selenium.components.AssertElement] Check condition (element is visible) for element [By.xpath: .//*[(self::button or self::a or self::input) and contains(@class, &apos;remove-button&apos;)] under [By.xpath: .//li[@id=&apos;webhook-14307&apos;] under [By.xpath: .//ul[@id=&apos;webhook-list-content&apos;]]]] on http://ucf2c-dcs-release-hub1.opcdeveloper.oracleinternalucf2c.oraclecorp.com/qa-dev/#projects/qa-dev_test-shared-project1-1460525673052/admin/webhooks?id=14308.
2016-04-12 23:18:29,222 DEBUG [oracle.clouddev.test.selenium.components.AssertElement] Check condition (element has style class &apos;oj-enabled&apos;) for element [By.xpath: .//*[(self::button or self::a or self::input) and contains(@class, &apos;remove-button&apos;)] under [By.xpath: .//li[@id=&apos;webhook-14307&apos;] under [By.xpath: .//ul[@id=&apos;webhook-list-content&apos;]]]] on http://ucf2c-dcs-release-hub1.opcdeveloper.oracleinternalucf2c.oraclecorp.com/qa-dev/#projects/qa-dev_test-shared-project1-1460525673052/admin/webhooks?id=14308.
2016-04-12 23:18:29,301 DEBUG [oracle.clouddev.test.selenium.components.AssertElement] Check condition (element is visible) for element [By.xpath: .//*[(self::button or self::a or self::input) and contains(@class, &apos;remove-button&apos;)] under [By.xpath: .//li[@id=&apos;webhook-14307&apos;] under [By.xpath: .//ul[@id=&apos;webhook-list-content&apos;]]]] on http://ucf2c-dcs-release-hub1.opcdeveloper.oracleinternalucf2c.oraclecorp.com/qa-dev/#projects/qa-dev_test-shared-project1-1460525673052/admin/webhooks?id=14308.
2016-04-12 23:18:29,375 DEBUG [oracle.clouddev.test.selenium.components.AssertElement] Check condition (element has style class &apos;oj-enabled&apos;) for element [By.xpath: .//*[(self::button or self::a or self::input) and contains(@class, &apos;remove-button&apos;)] under [By.xpath: .//li[@id=&apos;webhook-14307&apos;] under [By.xpath: .//ul[@id=&apos;webhook-list-content&apos;]]]] on http://ucf2c-dcs-release-hub1.opcdeveloper.oracleinternalucf2c.oraclecorp.com/qa-dev/#projects/qa-dev_test-shared-project1-1460525673052/admin/webhooks?id=14308.
2016-04-12 23:18:30,182 DEBUG [oracle.clouddev.test.selenium.components.AssertElement] Check condition (element is visible) for element [By.xpath: .//div[contains(@class,&apos;oj-dialog&apos;)]/div[@id=&apos;webhooks-remove-dialog&apos;]/..] on http://ucf2c-dcs-release-hub1.opcdeveloper.oracleinternalucf2c.oraclecorp.com/qa-dev/#projects/qa-dev_test-shared-project1-1460525673052/admin/webhooks?id=14308.
2016-04-12 23:18:30,241 DEBUG [oracle.clouddev.test.selenium.components.AssertElement] Check condition (element is visible) for element [By.xpath: . under [By.xpath: .//div[contains(@class,&apos;oj-dialog&apos;)]/div[@id=&apos;webhooks-remove-dialog&apos;]/..]] on http://ucf2c-dcs-release-hub1.opcdeveloper.oracleinternalucf2c.oraclecorp.com/qa-dev/#projects/qa-dev_test-shared-project1-1460525673052/admin/webhooks?id=14308.
2016-04-12 23:18:30,291 DEBUG [oracle.clouddev.test.selenium.components.AssertElement] Check condition (element has style class &apos;oj-dialog&apos;) for element [By.xpath: . under [By.xpath: .//div[contains(@class,&apos;oj-dialog&apos;)]/div[@id=&apos;webhooks-remove-dialog&apos;]/..]] on http://ucf2c-dcs-release-hub1.opcdeveloper.oracleinternalucf2c.oraclecorp.com/qa-dev/#projects/qa-dev_test-shared-project1-1460525673052/admin/webhooks?id=14308.
2016-04-12 23:18:30,343 DEBUG [oracle.clouddev.test.selenium.components.AssertElement] Check condition (element is visible) for element [By.xpath: ./div[contains(@class, &apos;oj-dialog-content&apos;)] under [By.xpath: . under [By.xpath: .//div[contains(@class,&apos;oj-dialog&apos;)]/div[@id=&apos;webhooks-remove-dialog&apos;]/..]]] on http://ucf2c-dcs-release-hub1.opcdeveloper.oracleinternalucf2c.oraclecorp.com/qa-dev/#projects/qa-dev_test-shared-project1-1460525673052/admin/webhooks?id=14308.
2016-04-12 23:18:30,379 DEBUG [oracle.clouddev.test.selenium.components.AssertElement] Check condition (element is visible) for element [By.xpath: .//*[(self::button or self::a or self::input) and @id=&apos;confirm-button&apos;] under [By.xpath: .//div[contains(@class,&apos;oj-dialog&apos;)]/div[@id=&apos;webhooks-remove-dialog&apos;]/..]] on http://ucf2c-dcs-release-hub1.opcdeveloper.oracleinternalucf2c.oraclecorp.com/qa-dev/#projects/qa-dev_test-shared-project1-1460525673052/admin/webhooks?id=14308.
2016-04-12 23:18:30,407 DEBUG [oracle.clouddev.test.selenium.components.AssertElement] Check condition (element has style class &apos;oj-enabled&apos;) for element [By.xpath: .//*[(self::button or self::a or self::input) and @id=&apos;confirm-button&apos;] under [By.xpath: .//div[contains(@class,&apos;oj-dialog&apos;)]/div[@id=&apos;webhooks-remove-dialog&apos;]/..]] on http://ucf2c-dcs-release-hub1.opcdeveloper.oracleinternalucf2c.oraclecorp.com/qa-dev/#projects/qa-dev_test-shared-project1-1460525673052/admin/webhooks?id=14308.
2016-04-12 23:18:30,436 DEBUG [oracle.clouddev.test.selenium.components.AssertElement] Check condition (element is visible) for element [By.xpath: .//*[(self::button or self::a or self::input) and @id=&apos;confirm-button&apos;] under [By.xpath: .//div[contains(@class,&apos;oj-dialog&apos;)]/div[@id=&apos;webhooks-remove-dialog&apos;]/..]] on http://ucf2c-dcs-release-hub1.opcdeveloper.oracleinternalucf2c.oraclecorp.com/qa-dev/#projects/qa-dev_test-shared-project1-1460525673052/admin/webhooks?id=14308.
2016-04-12 23:18:30,499 DEBUG [oracle.clouddev.test.selenium.components.AssertElement] Check condition (element has style class &apos;oj-enabled&apos;) for element [By.xpath: .//*[(self::button or self::a or self::input) and @id=&apos;confirm-button&apos;] under [By.xpath: .//div[contains(@class,&apos;oj-dialog&apos;)]/div[@id=&apos;webhooks-remove-dialog&apos;]/..]] on http://ucf2c-dcs-release-hub1.opcdeveloper.oracleinternalucf2c.oraclecorp.com/qa-dev/#projects/qa-dev_test-shared-project1-1460525673052/admin/webhooks?id=14308.
2016-04-12 23:18:31,204 DEBUG [oracle.clouddev.test.selenium.components.AssertElement] Check condition (NOT (element is visible)) for element [By.xpath: .//div[contains(@class,&apos;oj-dialog&apos;)]/div[@id=&apos;webhooks-remove-dialog&apos;]/..] on http://ucf2c-dcs-release-hub1.opcdeveloper.oracleinternalucf2c.oraclecorp.com/qa-dev/#projects/qa-dev_test-shared-project1-1460525673052/admin/webhooks?id=14308.
2016-04-12 23:18:31,562 DEBUG [oracle.clouddev.test.selenium.components.AssertElement] Check condition (NOT (element exists)) for element [By.xpath: .//li[@id=&apos;webhook-14307&apos;] under [By.xpath: .//ul[@id=&apos;webhook-list-content&apos;]]] on http://ucf2c-dcs-release-hub1.opcdeveloper.oracleinternalucf2c.oraclecorp.com/qa-dev/#projects/qa-dev_test-shared-project1-1460525673052/admin/webhooks?id=14308.
2016-04-12 23:18:32,694 DEBUG [oracle.clouddev.test.selenium.components.AssertElement] Check condition (element is visible) for element [By.xpath: .//ul[@id=&apos;webhook-list-content&apos;]] on http://ucf2c-dcs-release-hub1.opcdeveloper.oracleinternalucf2c.oraclecorp.com/qa-dev/#projects/qa-dev_test-shared-project1-1460525673052/admin/webhooks?id=14308.
2016-04-12 23:18:32,803 DEBUG [oracle.clouddev.test.selenium.components.AssertElement] Check condition (element is visible) for element [input# under [By.xpath: .//ul[@id=&apos;webhook-list-content&apos;]]] on http://ucf2c-dcs-release-hub1.opcdeveloper.oracleinternalucf2c.oraclecorp.com/qa-dev/#projects/qa-dev_test-shared-project1-1460525673052/admin/webhooks?id=14308.
2016-04-12 23:18:32,861 DEBUG [oracle.clouddev.test.selenium.components.AssertElement] Check condition (element is readonly) for element [input# under [By.xpath: .//ul[@id=&apos;webhook-list-content&apos;]]] on http://ucf2c-dcs-release-hub1.opcdeveloper.oracleinternalucf2c.oraclecorp.com/qa-dev/#projects/qa-dev_test-shared-project1-1460525673052/admin/webhooks?id=14308.
2016-04-12 23:18:32,913 DEBUG [oracle.clouddev.test.selenium.components.AssertElement] Check condition (element is visible) for element [input# under [By.xpath: .//ul[@id=&apos;webhook-list-content&apos;]]] on http://ucf2c-dcs-release-hub1.opcdeveloper.oracleinternalucf2c.oraclecorp.com/qa-dev/#projects/qa-dev_test-shared-project1-1460525673052/admin/webhooks?id=14308.
2016-04-12 23:18:33,398 DEBUG [oracle.clouddev.test.selenium.components.AssertElement] Check condition (element is visible) for element [By.xpath: .//li[@id=&apos;webhook-14308&apos;] under [By.xpath: .//ul[@id=&apos;webhook-list-content&apos;]]] on http://ucf2c-dcs-release-hub1.opcdeveloper.oracleinternalucf2c.oraclecorp.com/qa-dev/#projects/qa-dev_test-shared-project1-1460525673052/admin/webhooks?id=14308.
2016-04-12 23:18:33,436 DEBUG [oracle.clouddev.test.selenium.components.AssertElement] Check condition (element is enabled) for element [By.xpath: .//li[@id=&apos;webhook-14308&apos;] under [By.xpath: .//ul[@id=&apos;webhook-list-content&apos;]]] on http://ucf2c-dcs-release-hub1.opcdeveloper.oracleinternalucf2c.oraclecorp.com/qa-dev/#projects/qa-dev_test-shared-project1-1460525673052/admin/webhooks?id=14308.
2016-04-12 23:18:33,495 DEBUG [oracle.clouddev.test.selenium.components.AssertElement] Check condition (element has style class &apos;webhook-selected&apos;) for element [By.xpath: .//li[@id=&apos;webhook-14308&apos;] under [By.xpath: .//ul[@id=&apos;webhook-list-content&apos;]]] on http://ucf2c-dcs-release-hub1.opcdeveloper.oracleinternalucf2c.oraclecorp.com/qa-dev/#projects/qa-dev_test-shared-project1-1460525673052/admin/webhooks?id=14308.
2016-04-12 23:18:33,552 DEBUG [oracle.clouddev.test.selenium.components.AssertElement] Check condition (element is visible) for element [By.xpath: .//div[contains(@class, &apos;webhook-header&apos;)] under [By.xpath: .//li[@id=&apos;webhook-14308&apos;] under [By.xpath: .//ul[@id=&apos;webhook-list-content&apos;]]]] on http://ucf2c-dcs-release-hub1.opcdeveloper.oracleinternalucf2c.oraclecorp.com/qa-dev/#projects/qa-dev_test-shared-project1-1460525673052/admin/webhooks?id=14308.
2016-04-12 23:18:33,618 DEBUG [oracle.clouddev.test.selenium.components.AssertElement] Check condition (element is visible) for element [By.xpath: .//div[contains(@class, &apos;webhook-header&apos;)] under [By.xpath: .//li[@id=&apos;webhook-14308&apos;] under [By.xpath: .//ul[@id=&apos;webhook-list-content&apos;]]]] on http://ucf2c-dcs-release-hub1.opcdeveloper.oracleinternalucf2c.oraclecorp.com/qa-dev/#projects/qa-dev_test-shared-project1-1460525673052/admin/webhooks?id=14308.
2016-04-12 23:18:33,706 DEBUG [oracle.clouddev.test.selenium.components.AssertElement] Check condition (element is visible) for element [By.xpath: ./input[contains(@class, &apos;oj-inputtext-input&apos;)] under [By.xpath: .//div[contains(@class, &apos;webhook-header&apos;)] under [By.xpath: .//li[@id=&apos;webhook-14308&apos;] under [By.xpath: .//ul[@id=&apos;webhook-list-content&apos;]]]]] on http://ucf2c-dcs-release-hub1.opcdeveloper.oracleinternalucf2c.oraclecorp.com/qa-dev/#projects/qa-dev_test-shared-project1-1460525673052/admin/webhooks?id=14308.
2016-04-12 23:18:33,849 DEBUG [oracle.clouddev.test.selenium.components.AssertElement] Check condition (element is visible) for element [By.xpath: .//*[(self::button or self::a or self::input) and contains(@class, &apos;remove-button&apos;)] under [By.xpath: .//li[@id=&apos;webhook-14308&apos;] under [By.xpath: .//ul[@id=&apos;webhook-list-content&apos;]]]] on http://ucf2c-dcs-release-hub1.opcdeveloper.oracleinternalucf2c.oraclecorp.com/qa-dev/#projects/qa-dev_test-shared-project1-1460525673052/admin/webhooks?id=14308.
2016-04-12 23:18:33,886 DEBUG [oracle.clouddev.test.selenium.components.AssertElement] Check condition (element has style class &apos;oj-enabled&apos;) for element [By.xpath: .//*[(self::button or self::a or self::input) and contains(@class, &apos;remove-button&apos;)] under [By.xpath: .//li[@id=&apos;webhook-14308&apos;] under [By.xpath: .//ul[@id=&apos;webhook-list-content&apos;]]]] on http://ucf2c-dcs-release-hub1.opcdeveloper.oracleinternalucf2c.oraclecorp.com/qa-dev/#projects/qa-dev_test-shared-project1-1460525673052/admin/webhooks?id=14308.
2016-04-12 23:18:33,919 DEBUG [oracle.clouddev.test.selenium.components.AssertElement] Check condition (element is visible) for element [By.xpath: .//*[(self::button or self::a or self::input) and contains(@class, &apos;remove-button&apos;)] under [By.xpath: .//li[@id=&apos;webhook-14308&apos;] under [By.xpath: .//ul[@id=&apos;webhook-list-content&apos;]]]] on http://ucf2c-dcs-release-hub1.opcdeveloper.oracleinternalucf2c.oraclecorp.com/qa-dev/#projects/qa-dev_test-shared-project1-1460525673052/admin/webhooks?id=14308.
2016-04-12 23:18:33,956 DEBUG [oracle.clouddev.test.selenium.components.AssertElement] Check condition (element has style class &apos;oj-enabled&apos;) for element [By.xpath: .//*[(self::button or self::a or self::input) and contains(@class, &apos;remove-button&apos;)] under [By.xpath: .//li[@id=&apos;webhook-14308&apos;] under [By.xpath: .//ul[@id=&apos;webhook-list-content&apos;]]]] on http://ucf2c-dcs-release-hub1.opcdeveloper.oracleinternalucf2c.oraclecorp.com/qa-dev/#projects/qa-dev_test-shared-project1-1460525673052/admin/webhooks?id=14308.
2016-04-12 23:18:34,867 DEBUG [oracle.clouddev.test.selenium.components.AssertElement] Check condition (element is visible) for element [By.xpath: .//div[contains(@class,&apos;oj-dialog&apos;)]/div[@id=&apos;webhooks-remove-dialog&apos;]/..] on http://ucf2c-dcs-release-hub1.opcdeveloper.oracleinternalucf2c.oraclecorp.com/qa-dev/#projects/qa-dev_test-shared-project1-1460525673052/admin/webhooks?id=14308.
2016-04-12 23:18:34,917 DEBUG [oracle.clouddev.test.selenium.components.AssertElement] Check condition (element is visible) for element [By.xpath: . under [By.xpath: .//div[contains(@class,&apos;oj-dialog&apos;)]/div[@id=&apos;webhooks-remove-dialog&apos;]/..]] on http://ucf2c-dcs-release-hub1.opcdeveloper.oracleinternalucf2c.oraclecorp.com/qa-dev/#projects/qa-dev_test-shared-project1-1460525673052/admin/webhooks?id=14308.
2016-04-12 23:18:34,946 DEBUG [oracle.clouddev.test.selenium.components.AssertElement] Check condition (element has style class &apos;oj-dialog&apos;) for element [By.xpath: . under [By.xpath: .//div[contains(@class,&apos;oj-dialog&apos;)]/div[@id=&apos;webhooks-remove-dialog&apos;]/..]] on http://ucf2c-dcs-release-hub1.opcdeveloper.oracleinternalucf2c.oraclecorp.com/qa-dev/#projects/qa-dev_test-shared-project1-1460525673052/admin/webhooks?id=14308.
2016-04-12 23:18:34,991 DEBUG [oracle.clouddev.test.selenium.components.AssertElement] Check condition (element is visible) for element [By.xpath: ./div[contains(@class, &apos;oj-dialog-content&apos;)] under [By.xpath: . under [By.xpath: .//div[contains(@class,&apos;oj-dialog&apos;)]/div[@id=&apos;webhooks-remove-dialog&apos;]/..]]] on http://ucf2c-dcs-release-hub1.opcdeveloper.oracleinternalucf2c.oraclecorp.com/qa-dev/#projects/qa-dev_test-shared-project1-1460525673052/admin/webhooks?id=14308.
2016-04-12 23:18:35,052 DEBUG [oracle.clouddev.test.selenium.components.AssertElement] Check condition (element is visible) for element [By.xpath: .//*[(self::button or self::a or self::input) and @id=&apos;confirm-button&apos;] under [By.xpath: .//div[contains(@class,&apos;oj-dialog&apos;)]/div[@id=&apos;webhooks-remove-dialog&apos;]/..]] on http://ucf2c-dcs-release-hub1.opcdeveloper.oracleinternalucf2c.oraclecorp.com/qa-dev/#projects/qa-dev_test-shared-project1-1460525673052/admin/webhooks?id=14308.
2016-04-12 23:18:35,111 DEBUG [oracle.clouddev.test.selenium.components.AssertElement] Check condition (element has style class &apos;oj-enabled&apos;) for element [By.xpath: .//*[(self::button or self::a or self::input) and @id=&apos;confirm-button&apos;] under [By.xpath: .//div[contains(@class,&apos;oj-dialog&apos;)]/div[@id=&apos;webhooks-remove-dialog&apos;]/..]] on http://ucf2c-dcs-release-hub1.opcdeveloper.oracleinternalucf2c.oraclecorp.com/qa-dev/#projects/qa-dev_test-shared-project1-1460525673052/admin/webhooks?id=14308.
2016-04-12 23:18:35,178 DEBUG [oracle.clouddev.test.selenium.components.AssertElement] Check condition (element is visible) for element [By.xpath: .//*[(self::button or self::a or self::input) and @id=&apos;confirm-button&apos;] under [By.xpath: .//div[contains(@class,&apos;oj-dialog&apos;)]/div[@id=&apos;webhooks-remove-dialog&apos;]/..]] on http://ucf2c-dcs-release-hub1.opcdeveloper.oracleinternalucf2c.oraclecorp.com/qa-dev/#projects/qa-dev_test-shared-project1-1460525673052/admin/webhooks?id=14308.
2016-04-12 23:18:35,239 DEBUG [oracle.clouddev.test.selenium.components.AssertElement] Check condition (element has style class &apos;oj-enabled&apos;) for element [By.xpath: .//*[(self::button or self::a or self::input) and @id=&apos;confirm-button&apos;] under [By.xpath: .//div[contains(@class,&apos;oj-dialog&apos;)]/div[@id=&apos;webhooks-remove-dialog&apos;]/..]] on http://ucf2c-dcs-release-hub1.opcdeveloper.oracleinternalucf2c.oraclecorp.com/qa-dev/#projects/qa-dev_test-shared-project1-1460525673052/admin/webhooks?id=14308.
2016-04-12 23:18:35,552 DEBUG [oracle.clouddev.test.selenium.components.AssertElement] Check condition (NOT (element is visible)) for element [By.xpath: .//div[contains(@class,&apos;oj-dialog&apos;)]/div[@id=&apos;webhooks-remove-dialog&apos;]/..] on http://ucf2c-dcs-release-hub1.opcdeveloper.oracleinternalucf2c.oraclecorp.com/qa-dev/#projects/qa-dev_test-shared-project1-1460525673052/admin/webhooks?id=14308.
2016-04-12 23:18:35,771 DEBUG [oracle.clouddev.test.selenium.components.AssertElement] Check condition (NOT (element exists)) for element [By.xpath: .//li[@id=&apos;webhook-14308&apos;] under [By.xpath: .//ul[@id=&apos;webhook-list-content&apos;]]] on http://ucf2c-dcs-release-hub1.opcdeveloper.oracleinternalucf2c.oraclecorp.com/qa-dev/#projects/qa-dev_test-shared-project1-1460525673052/admin/webhooks?id=14308.
    </system-out>
    </testcase>
    <testcase classname="oracle.clouddev.test.selenium.tests.base.TestAdminPage" name="_class_destroy_" time="0.000">
      <properties>
        <property name="java.runtime.name" value="Java(TM) SE Runtime Environment"/>
        <property name="exec.mainClass" value="oracle.clouddev.test.selenium.RunTests"/>
        <property name="sun.boot.library.path" value="/usr/java/jdk1.8.0_74/jre/lib/amd64"/>
        <property name="java.vm.version" value="25.74-b02"/>
        <property name="java.vm.vendor" value="Oracle Corporation"/>
        <property name="java.vendor.url" value="http://java.oracle.com/"/>
        <property name="guice.disable.misplaced.annotation.check" value="true"/>
        <property name="path.separator" value=":"/>
        <property name="java.vm.name" value="Java HotSpot(TM) 64-Bit Server VM"/>
        <property name="file.encoding.pkg" value="sun.io"/>
        <property name="user.country" value="US"/>
        <property name="sun.java.launcher" value="SUN_STANDARD"/>
        <property name="sun.os.patch.level" value="unknown"/>
        <property name="http.noProxyHosts" value="localhost|127.0.0.1|*.local|*.oraclecorp.com|*.us.oracle.com"/>
        <property name="java.vm.specification.name" value="Java Virtual Machine Specification"/>
        <property name="user.dir" value="/home/builder/hudson/workspace/dcs_dcs.Release-Selenium-Tests/selenium-tests"/>
        <property name="java.runtime.version" value="1.8.0_74-b02"/>
        <property name="java.awt.graphicsenv" value="sun.awt.X11GraphicsEnvironment"/>
        <property name="java.endorsed.dirs" value="/usr/java/jdk1.8.0_74/jre/lib/endorsed"/>
        <property name="os.arch" value="amd64"/>
        <property name="java.io.tmpdir" value="/tmp"/>
        <property name="line.separator" value="
"/>
        <property name="java.vm.specification.vendor" value="Oracle Corporation"/>
        <property name="https.proxyHost" value="www-proxy.us.oracle.com"/>
        <property name="os.name" value="Linux"/>
        <property name="classworlds.conf" value="/usr/local/apache-maven/apache-maven-3.0.4/bin/m2.conf"/>
        <property name="sun.jnu.encoding" value="UTF-8"/>
        <property name="http.proxyPort" value="80"/>
        <property name="java.library.path" value="/usr/java/packages/lib/amd64:/usr/lib64:/lib64:/lib:/usr/lib"/>
        <property name="sun.awt.enableExtraMouseButtons" value="true"/>
        <property name="java.specification.name" value="Java Platform API Specification"/>
        <property name="java.class.version" value="52.0"/>
        <property name="sun.management.compiler" value="HotSpot 64-Bit Tiered Compilers"/>
        <property name="os.version" value="3.8.13-55.1.1.el6uek.x86_64"/>
        <property name="user.home" value="/home/builder"/>
        <property name="user.timezone" value="PST8PDT"/>
        <property name="java.awt.printerjob" value="sun.print.PSPrinterJob"/>
        <property name="file.encoding" value="UTF-8"/>
        <property name="java.specification.version" value="1.8"/>
        <property name="java.class.path" value="/usr/local/apache-maven/apache-maven-3.0.4/boot/plexus-classworlds-2.4.jar"/>
        <property name="user.name" value="builder"/>
        <property name="java.vm.specification.version" value="1.8"/>
        <property name="sun.java.command" value="org.codehaus.plexus.classworlds.launcher.Launcher -f /home/c2c/hudson/workspace/dcs_dcs.Release-Selenium-Tests/selenium-tests/pom.xml --batch-mode exec:java -Dexec.mainClass=oracle.clouddev.test.selenium.RunTests -Dexec.args=selenium.browser.size.w=1280 selenium.browser.size.h=960 capture.video=true capture.screenshots=true notification.type=swing notification.history=3 notification.font.size=15 job-release-selenium-tests.properties build.job=dcs_dcs.Release-Selenium-Tests build.number=295 target.release=16.2.3.0.0 timeout.build.buildqueue=1200 timeout.build.buildqueue.polling=60 -s BASE --tag base"/>
        <property name="java.home" value="/usr/java/jdk1.8.0_74/jre"/>
        <property name="sun.arch.data.model" value="64"/>
        <property name="user.language" value="en"/>
        <property name="java.specification.vendor" value="Oracle Corporation"/>
        <property name="awt.toolkit" value="sun.awt.X11.XToolkit"/>
        <property name="java.vm.info" value="mixed mode"/>
        <property name="java.version" value="1.8.0_74"/>
        <property name="securerandom.source" value="file:/dev/./urandom"/>
        <property name="java.ext.dirs" value="/usr/java/jdk1.8.0_74/jre/lib/ext:/usr/java/packages/lib/ext"/>
        <property name="http.proxyHost" value="www-proxy.us.oracle.com"/>
        <property name="sun.boot.class.path" value="/usr/java/jdk1.8.0_74/jre/lib/resources.jar:/usr/java/jdk1.8.0_74/jre/lib/rt.jar:/usr/java/jdk1.8.0_74/jre/lib/sunrsasign.jar:/usr/java/jdk1.8.0_74/jre/lib/jsse.jar:/usr/java/jdk1.8.0_74/jre/lib/jce.jar:/usr/java/jdk1.8.0_74/jre/lib/charsets.jar:/usr/java/jdk1.8.0_74/jre/lib/jfr.jar:/usr/java/jdk1.8.0_74/jre/classes"/>
        <property name="java.vendor" value="Oracle Corporation"/>
        <property name="maven.home" value="/usr/local/apache-maven/apache-maven-3.0.4"/>
        <property name="file.separator" value="/"/>
        <property name="java.vendor.url.bug" value="http://bugreport.sun.com/bugreport/"/>
        <property name="sun.font.fontmanager" value="sun.awt.X11FontManager"/>
        <property name="sun.io.unicode.encoding" value="UnicodeLittle"/>
        <property name="sun.cpu.endian" value="little"/>
        <property name="https.proxyPort" value="80"/>
        <property name="exec.args" value="selenium.browser.size.w=1280 selenium.browser.size.h=960 capture.video=true capture.screenshots=true notification.type=swing notification.history=3 notification.font.size=15 job-release-selenium-tests.properties build.job=dcs_dcs.Release-Selenium-Tests build.number=295 target.release=16.2.3.0.0 timeout.build.buildqueue=1200 timeout.build.buildqueue.polling=60 -s BASE --tag base"/>
        <property name="sun.cpu.isalist" value=""/>
        <property name="test.selenium.browser.size.h" value="960"/>
        <property name="test.user.non-admin.name" value="tom.testsuite"/>
        <property name="test.https.proxyHost" value="www-proxy.us.oracle.com"/>
        <property name="test.user.admin.name" value="tina.testsuite"/>
        <property name="test.user.em-agent.password" value="Welcome1!"/>
        <property name="test.tag" value="base"/>
        <property name="test.user.em-agent.fullname" value="Alex Admin"/>
        <property name="test.selenium.port" value="44000"/>
        <property name="test.build.number" value="295"/>
        <property name="test.user.sdi-agent.enabled" value="true"/>
        <property name="test.timeout.assert.condition" value="30"/>
        <property name="test.target.version" value="{
  &quot;buildInformation&quot; : {
    &quot;gitCommitId&quot; : &quot;6415b9c07a83d336f513936eb79c4a925510b07b&quot;,
    &quot;gitCommitMessage&quot; : &quot;Merge branch &apos;Fix18963&apos; into &apos;patchset_16_2_3&apos;&quot;,
    &quot;buildTime&quot; : &quot;12.04.2016 @ 21:58:42 PDT&quot;,
    &quot;buildUser&quot; : &quot;Code2Cloud Builder&quot;
  }
}"/>
        <property name="test.build.job" value="dcs_dcs.Release-Selenium-Tests"/>
        <property name="test.timeout.project.create" value="660"/>
        <property name="test.user.sdi-agent.name" value="alex.admin"/>
        <property name="test.selenium.browser" value="firefox"/>
        <property name="test.http.proxyPort" value="80"/>
        <property name="test.user.sdi-agent.password" value="Welcome1!"/>
        <property name="test.user.sdi-agent.fullname" value="Alex Admin"/>
        <property name="test.timeout.selenium.navigate" value="20"/>
        <property name="test.target.release" value="16.2.3.0.0"/>
        <property name="test.byom.ip" value="127.0.0.1"/>
        <property name="test.byom.port" value="8585"/>
        <property name="test.notification.type" value="swing"/>
        <property name="test.data.project.override" value=""/>
        <property name="test.timeout.selenium.find" value="1"/>
        <property name="test.user.em-agent.enabled" value="true"/>
        <property name="test.testEmptyOrg.db.id" value=""/>
        <property name="test.reviews.timeout.slowdown" value="0"/>
        <property name="test.http.noProxyHosts" value="localhost|127.0.0.1|*.local|*.oraclecorp.com|*.us.oracle.com"/>
        <property name="test.capture.video" value="true"/>
        <property name="test.user.non-admin.password" value="Welcome1!"/>
        <property name="test.user.non-admin.fullname" value="Tom Testsuite"/>
        <property name="test.user.admin.password" value="Welcome1!"/>
        <property name="test.notification.history" value="3"/>
        <property name="test.user.admin.fullname" value="Tina Testsuite"/>
        <property name="test.capture.screenshots" value="true"/>
        <property name="test.testEmptyOrg.db.connectString" value="jdbc:oracle:thin:@(DESCRIPTION=(ADDRESS=(PROTOCOL=TCP)(HOST=slc09iwb.us.oracle.com)(PORT=1521))(CONNECT_DATA=(SERVICE_NAME=dbpod)))"/>
        <property name="test.firefox.bin" value=""/>
        <property name="test.https.proxyPort" value="80"/>
        <property name="test.develop.offline" value="false"/>
        <property name="test.timeout.build.buildqueue.polling" value="60"/>
        <property name="test.output.dir" value="target/test-reports/"/>
        <property name="test.firefox.allowedHosts" value="localhost,localhost.localdomain"/>
        <property name="test.testEmptyOrg.db.schema" value="BV2RLPNYEWMR"/>
        <property name="test.web.url" value="http://ucf2c-dcs-release-hub1.opcdeveloper.oracleinternalucf2c.oraclecorp.com/qa-dev/"/>
        <property name="test.firefox.extensions" value=""/>
        <property name="test.testEmptyOrg.orgExistsCheck" value="false"/>
        <property name="test.data.dir" value="data/"/>
        <property name="test.notification.font.size" value="15"/>
        <property name="test.testEmptyOrg.service" value="devservice5"/>
        <property name="test.selenium.start.server" value="false"/>
        <property name="test.firefox.profile.path" value=""/>
        <property name="test.selenium.host" value="localhost"/>
        <property name="test.suite" value="BASE"/>
        <property name="test.tests" value=""/>
        <property name="test.user.admin.idm" value="dcsdevteam"/>
        <property name="test.http.proxyHost" value="www-proxy.us.oracle.com"/>
        <property name="test.testMethods" value=""/>
        <property name="test.reviews.dontDeleteEnviroment" value="false"/>
        <property name="test.selenium.browser.maximize" value="false"/>
        <property name="test.firefox.profile.name" value=""/>
        <property name="test.timeout.build.buildqueue" value="1200"/>
        <property name="test.user.em-agent.idm" value="dcsdevteam"/>
        <property name="test.selenium.remote" value="false"/>
        <property name="test.user.sdi-agent.idm" value="dcsdevteam"/>
        <property name="test.byom.authToken" value="123456"/>
        <property name="test.proxy.autodetect" value="false"/>
        <property name="test.testEmptyOrg.idm" value="dcsdevteam"/>
        <property name="test.user.non-admin.idm" value="dcsdevteam"/>
        <property name="test.data.tasks.useexisting" value="false"/>
        <property name="test.selenium.browser.size.w" value="1280"/>
        <property name="test.category" value="DEFAULT"/>
        <property name="test.user.em-agent.name" value="alex.admin"/>
        <property name="test.timeout.slowdown" value="0"/>
      </properties>
    </testcase>
  </testsuite>
