<?xml version="1.0" encoding="UTF-8"?>
  <testsuite name="oracle.clouddev.test.selenium.tests.base.TestBuildHistoryPage" errors="0" test="6" failures="0" skipped="0" timestamp="20160412T231917-0700" time="2555.450">
    <testcase classname="oracle.clouddev.test.selenium.tests.base.TestBuildHistoryPage" name="_class_init_" time="0.000">
      <properties>
        <property name="java.runtime.name" value="Java(TM) SE Runtime Environment"/>
        <property name="exec.mainClass" value="oracle.clouddev.test.selenium.RunTests"/>
        <property name="sun.boot.library.path" value="/usr/java/jdk1.8.0_74/jre/lib/amd64"/>
        <property name="java.vm.version" value="25.74-b02"/>
        <property name="java.vm.vendor" value="Oracle Corporation"/>
        <property name="java.vendor.url" value="http://java.oracle.com/"/>
        <property name="guice.disable.misplaced.annotation.check" value="true"/>
        <property name="path.separator" value=":"/>
        <property name="java.vm.name" value="Java HotSpot(TM) 64-Bit Server VM"/>
        <property name="file.encoding.pkg" value="sun.io"/>
        <property name="user.country" value="US"/>
        <property name="sun.java.launcher" value="SUN_STANDARD"/>
        <property name="sun.os.patch.level" value="unknown"/>
        <property name="http.noProxyHosts" value="localhost|127.0.0.1|*.local|*.oraclecorp.com|*.us.oracle.com"/>
        <property name="java.vm.specification.name" value="Java Virtual Machine Specification"/>
        <property name="user.dir" value="/home/builder/hudson/workspace/dcs_dcs.Release-Selenium-Tests/selenium-tests"/>
        <property name="java.runtime.version" value="1.8.0_74-b02"/>
        <property name="java.awt.graphicsenv" value="sun.awt.X11GraphicsEnvironment"/>
        <property name="java.endorsed.dirs" value="/usr/java/jdk1.8.0_74/jre/lib/endorsed"/>
        <property name="os.arch" value="amd64"/>
        <property name="java.io.tmpdir" value="/tmp"/>
        <property name="line.separator" value="
"/>
        <property name="java.vm.specification.vendor" value="Oracle Corporation"/>
        <property name="https.proxyHost" value="www-proxy.us.oracle.com"/>
        <property name="os.name" value="Linux"/>
        <property name="classworlds.conf" value="/usr/local/apache-maven/apache-maven-3.0.4/bin/m2.conf"/>
        <property name="sun.jnu.encoding" value="UTF-8"/>
        <property name="http.proxyPort" value="80"/>
        <property name="java.library.path" value="/usr/java/packages/lib/amd64:/usr/lib64:/lib64:/lib:/usr/lib"/>
        <property name="sun.awt.enableExtraMouseButtons" value="true"/>
        <property name="java.specification.name" value="Java Platform API Specification"/>
        <property name="java.class.version" value="52.0"/>
        <property name="sun.management.compiler" value="HotSpot 64-Bit Tiered Compilers"/>
        <property name="os.version" value="3.8.13-55.1.1.el6uek.x86_64"/>
        <property name="user.home" value="/home/builder"/>
        <property name="user.timezone" value="PST8PDT"/>
        <property name="java.awt.printerjob" value="sun.print.PSPrinterJob"/>
        <property name="file.encoding" value="UTF-8"/>
        <property name="java.specification.version" value="1.8"/>
        <property name="java.class.path" value="/usr/local/apache-maven/apache-maven-3.0.4/boot/plexus-classworlds-2.4.jar"/>
        <property name="user.name" value="builder"/>
        <property name="java.vm.specification.version" value="1.8"/>
        <property name="sun.java.command" value="org.codehaus.plexus.classworlds.launcher.Launcher -f /home/c2c/hudson/workspace/dcs_dcs.Release-Selenium-Tests/selenium-tests/pom.xml --batch-mode exec:java -Dexec.mainClass=oracle.clouddev.test.selenium.RunTests -Dexec.args=selenium.browser.size.w=1280 selenium.browser.size.h=960 capture.video=true capture.screenshots=true notification.type=swing notification.history=3 notification.font.size=15 job-release-selenium-tests.properties build.job=dcs_dcs.Release-Selenium-Tests build.number=295 target.release=16.2.3.0.0 timeout.build.buildqueue=1200 timeout.build.buildqueue.polling=60 -s BASE --tag base"/>
        <property name="java.home" value="/usr/java/jdk1.8.0_74/jre"/>
        <property name="sun.arch.data.model" value="64"/>
        <property name="user.language" value="en"/>
        <property name="java.specification.vendor" value="Oracle Corporation"/>
        <property name="awt.toolkit" value="sun.awt.X11.XToolkit"/>
        <property name="java.vm.info" value="mixed mode"/>
        <property name="java.version" value="1.8.0_74"/>
        <property name="securerandom.source" value="file:/dev/./urandom"/>
        <property name="java.ext.dirs" value="/usr/java/jdk1.8.0_74/jre/lib/ext:/usr/java/packages/lib/ext"/>
        <property name="http.proxyHost" value="www-proxy.us.oracle.com"/>
        <property name="sun.boot.class.path" value="/usr/java/jdk1.8.0_74/jre/lib/resources.jar:/usr/java/jdk1.8.0_74/jre/lib/rt.jar:/usr/java/jdk1.8.0_74/jre/lib/sunrsasign.jar:/usr/java/jdk1.8.0_74/jre/lib/jsse.jar:/usr/java/jdk1.8.0_74/jre/lib/jce.jar:/usr/java/jdk1.8.0_74/jre/lib/charsets.jar:/usr/java/jdk1.8.0_74/jre/lib/jfr.jar:/usr/java/jdk1.8.0_74/jre/classes"/>
        <property name="java.vendor" value="Oracle Corporation"/>
        <property name="maven.home" value="/usr/local/apache-maven/apache-maven-3.0.4"/>
        <property name="file.separator" value="/"/>
        <property name="java.vendor.url.bug" value="http://bugreport.sun.com/bugreport/"/>
        <property name="sun.font.fontmanager" value="sun.awt.X11FontManager"/>
        <property name="sun.io.unicode.encoding" value="UnicodeLittle"/>
        <property name="sun.cpu.endian" value="little"/>
        <property name="https.proxyPort" value="80"/>
        <property name="exec.args" value="selenium.browser.size.w=1280 selenium.browser.size.h=960 capture.video=true capture.screenshots=true notification.type=swing notification.history=3 notification.font.size=15 job-release-selenium-tests.properties build.job=dcs_dcs.Release-Selenium-Tests build.number=295 target.release=16.2.3.0.0 timeout.build.buildqueue=1200 timeout.build.buildqueue.polling=60 -s BASE --tag base"/>
        <property name="sun.cpu.isalist" value=""/>
        <property name="test.selenium.browser.size.h" value="960"/>
        <property name="test.user.non-admin.name" value="tom.testsuite"/>
        <property name="test.https.proxyHost" value="www-proxy.us.oracle.com"/>
        <property name="test.user.admin.name" value="tina.testsuite"/>
        <property name="test.user.em-agent.password" value="Welcome1!"/>
        <property name="test.tag" value="base"/>
        <property name="test.user.em-agent.fullname" value="Alex Admin"/>
        <property name="test.selenium.port" value="44000"/>
        <property name="test.build.number" value="295"/>
        <property name="test.user.sdi-agent.enabled" value="true"/>
        <property name="test.timeout.assert.condition" value="30"/>
        <property name="test.target.version" value="{
  &quot;buildInformation&quot; : {
    &quot;gitCommitId&quot; : &quot;6415b9c07a83d336f513936eb79c4a925510b07b&quot;,
    &quot;gitCommitMessage&quot; : &quot;Merge branch &apos;Fix18963&apos; into &apos;patchset_16_2_3&apos;&quot;,
    &quot;buildTime&quot; : &quot;12.04.2016 @ 21:58:42 PDT&quot;,
    &quot;buildUser&quot; : &quot;Code2Cloud Builder&quot;
  }
}"/>
        <property name="test.build.job" value="dcs_dcs.Release-Selenium-Tests"/>
        <property name="test.timeout.project.create" value="660"/>
        <property name="test.user.sdi-agent.name" value="alex.admin"/>
        <property name="test.selenium.browser" value="firefox"/>
        <property name="test.http.proxyPort" value="80"/>
        <property name="test.user.sdi-agent.password" value="Welcome1!"/>
        <property name="test.user.sdi-agent.fullname" value="Alex Admin"/>
        <property name="test.timeout.selenium.navigate" value="20"/>
        <property name="test.target.release" value="16.2.3.0.0"/>
        <property name="test.byom.ip" value="127.0.0.1"/>
        <property name="test.byom.port" value="8585"/>
        <property name="test.notification.type" value="swing"/>
        <property name="test.data.project.override" value=""/>
        <property name="test.timeout.selenium.find" value="1"/>
        <property name="test.user.em-agent.enabled" value="true"/>
        <property name="test.testEmptyOrg.db.id" value=""/>
        <property name="test.reviews.timeout.slowdown" value="0"/>
        <property name="test.http.noProxyHosts" value="localhost|127.0.0.1|*.local|*.oraclecorp.com|*.us.oracle.com"/>
        <property name="test.capture.video" value="true"/>
        <property name="test.user.non-admin.password" value="Welcome1!"/>
        <property name="test.user.non-admin.fullname" value="Tom Testsuite"/>
        <property name="test.user.admin.password" value="Welcome1!"/>
        <property name="test.notification.history" value="3"/>
        <property name="test.user.admin.fullname" value="Tina Testsuite"/>
        <property name="test.capture.screenshots" value="true"/>
        <property name="test.testEmptyOrg.db.connectString" value="jdbc:oracle:thin:@(DESCRIPTION=(ADDRESS=(PROTOCOL=TCP)(HOST=slc09iwb.us.oracle.com)(PORT=1521))(CONNECT_DATA=(SERVICE_NAME=dbpod)))"/>
        <property name="test.firefox.bin" value=""/>
        <property name="test.https.proxyPort" value="80"/>
        <property name="test.develop.offline" value="false"/>
        <property name="test.timeout.build.buildqueue.polling" value="60"/>
        <property name="test.output.dir" value="target/test-reports/"/>
        <property name="test.firefox.allowedHosts" value="localhost,localhost.localdomain"/>
        <property name="test.testEmptyOrg.db.schema" value="BV2RLPNYEWMR"/>
        <property name="test.web.url" value="http://ucf2c-dcs-release-hub1.opcdeveloper.oracleinternalucf2c.oraclecorp.com/qa-dev/"/>
        <property name="test.firefox.extensions" value=""/>
        <property name="test.testEmptyOrg.orgExistsCheck" value="false"/>
        <property name="test.data.dir" value="data/"/>
        <property name="test.notification.font.size" value="15"/>
        <property name="test.testEmptyOrg.service" value="devservice5"/>
        <property name="test.selenium.start.server" value="false"/>
        <property name="test.firefox.profile.path" value=""/>
        <property name="test.selenium.host" value="localhost"/>
        <property name="test.suite" value="BASE"/>
        <property name="test.tests" value=""/>
        <property name="test.user.admin.idm" value="dcsdevteam"/>
        <property name="test.http.proxyHost" value="www-proxy.us.oracle.com"/>
        <property name="test.testMethods" value=""/>
        <property name="test.reviews.dontDeleteEnviroment" value="false"/>
        <property name="test.selenium.browser.maximize" value="false"/>
        <property name="test.firefox.profile.name" value=""/>
        <property name="test.timeout.build.buildqueue" value="1200"/>
        <property name="test.user.em-agent.idm" value="dcsdevteam"/>
        <property name="test.selenium.remote" value="false"/>
        <property name="test.user.sdi-agent.idm" value="dcsdevteam"/>
        <property name="test.byom.authToken" value="123456"/>
        <property name="test.proxy.autodetect" value="false"/>
        <property name="test.testEmptyOrg.idm" value="dcsdevteam"/>
        <property name="test.user.non-admin.idm" value="dcsdevteam"/>
        <property name="test.data.tasks.useexisting" value="false"/>
        <property name="test.selenium.browser.size.w" value="1280"/>
        <property name="test.category" value="DEFAULT"/>
        <property name="test.user.em-agent.name" value="alex.admin"/>
        <property name="test.timeout.slowdown" value="0"/>
      </properties>
    </testcase>
    <testcase classname="oracle.clouddev.test.selenium.tests.base.TestBuildHistoryPage" name="createJobBuildHistory" time="31.796">
      <properties>
        <property name="java.runtime.name" value="Java(TM) SE Runtime Environment"/>
        <property name="exec.mainClass" value="oracle.clouddev.test.selenium.RunTests"/>
        <property name="sun.boot.library.path" value="/usr/java/jdk1.8.0_74/jre/lib/amd64"/>
        <property name="java.vm.version" value="25.74-b02"/>
        <property name="java.vm.vendor" value="Oracle Corporation"/>
        <property name="java.vendor.url" value="http://java.oracle.com/"/>
        <property name="guice.disable.misplaced.annotation.check" value="true"/>
        <property name="path.separator" value=":"/>
        <property name="java.vm.name" value="Java HotSpot(TM) 64-Bit Server VM"/>
        <property name="file.encoding.pkg" value="sun.io"/>
        <property name="user.country" value="US"/>
        <property name="sun.java.launcher" value="SUN_STANDARD"/>
        <property name="sun.os.patch.level" value="unknown"/>
        <property name="http.noProxyHosts" value="localhost|127.0.0.1|*.local|*.oraclecorp.com|*.us.oracle.com"/>
        <property name="java.vm.specification.name" value="Java Virtual Machine Specification"/>
        <property name="user.dir" value="/home/builder/hudson/workspace/dcs_dcs.Release-Selenium-Tests/selenium-tests"/>
        <property name="java.runtime.version" value="1.8.0_74-b02"/>
        <property name="java.awt.graphicsenv" value="sun.awt.X11GraphicsEnvironment"/>
        <property name="java.endorsed.dirs" value="/usr/java/jdk1.8.0_74/jre/lib/endorsed"/>
        <property name="os.arch" value="amd64"/>
        <property name="java.io.tmpdir" value="/tmp"/>
        <property name="line.separator" value="
"/>
        <property name="java.vm.specification.vendor" value="Oracle Corporation"/>
        <property name="https.proxyHost" value="www-proxy.us.oracle.com"/>
        <property name="os.name" value="Linux"/>
        <property name="classworlds.conf" value="/usr/local/apache-maven/apache-maven-3.0.4/bin/m2.conf"/>
        <property name="sun.jnu.encoding" value="UTF-8"/>
        <property name="http.proxyPort" value="80"/>
        <property name="java.library.path" value="/usr/java/packages/lib/amd64:/usr/lib64:/lib64:/lib:/usr/lib"/>
        <property name="sun.awt.enableExtraMouseButtons" value="true"/>
        <property name="java.specification.name" value="Java Platform API Specification"/>
        <property name="java.class.version" value="52.0"/>
        <property name="sun.management.compiler" value="HotSpot 64-Bit Tiered Compilers"/>
        <property name="os.version" value="3.8.13-55.1.1.el6uek.x86_64"/>
        <property name="user.home" value="/home/builder"/>
        <property name="user.timezone" value="PST8PDT"/>
        <property name="java.awt.printerjob" value="sun.print.PSPrinterJob"/>
        <property name="file.encoding" value="UTF-8"/>
        <property name="java.specification.version" value="1.8"/>
        <property name="java.class.path" value="/usr/local/apache-maven/apache-maven-3.0.4/boot/plexus-classworlds-2.4.jar"/>
        <property name="user.name" value="builder"/>
        <property name="java.vm.specification.version" value="1.8"/>
        <property name="sun.java.command" value="org.codehaus.plexus.classworlds.launcher.Launcher -f /home/c2c/hudson/workspace/dcs_dcs.Release-Selenium-Tests/selenium-tests/pom.xml --batch-mode exec:java -Dexec.mainClass=oracle.clouddev.test.selenium.RunTests -Dexec.args=selenium.browser.size.w=1280 selenium.browser.size.h=960 capture.video=true capture.screenshots=true notification.type=swing notification.history=3 notification.font.size=15 job-release-selenium-tests.properties build.job=dcs_dcs.Release-Selenium-Tests build.number=295 target.release=16.2.3.0.0 timeout.build.buildqueue=1200 timeout.build.buildqueue.polling=60 -s BASE --tag base"/>
        <property name="java.home" value="/usr/java/jdk1.8.0_74/jre"/>
        <property name="sun.arch.data.model" value="64"/>
        <property name="user.language" value="en"/>
        <property name="java.specification.vendor" value="Oracle Corporation"/>
        <property name="awt.toolkit" value="sun.awt.X11.XToolkit"/>
        <property name="java.vm.info" value="mixed mode"/>
        <property name="java.version" value="1.8.0_74"/>
        <property name="securerandom.source" value="file:/dev/./urandom"/>
        <property name="java.ext.dirs" value="/usr/java/jdk1.8.0_74/jre/lib/ext:/usr/java/packages/lib/ext"/>
        <property name="http.proxyHost" value="www-proxy.us.oracle.com"/>
        <property name="sun.boot.class.path" value="/usr/java/jdk1.8.0_74/jre/lib/resources.jar:/usr/java/jdk1.8.0_74/jre/lib/rt.jar:/usr/java/jdk1.8.0_74/jre/lib/sunrsasign.jar:/usr/java/jdk1.8.0_74/jre/lib/jsse.jar:/usr/java/jdk1.8.0_74/jre/lib/jce.jar:/usr/java/jdk1.8.0_74/jre/lib/charsets.jar:/usr/java/jdk1.8.0_74/jre/lib/jfr.jar:/usr/java/jdk1.8.0_74/jre/classes"/>
        <property name="java.vendor" value="Oracle Corporation"/>
        <property name="maven.home" value="/usr/local/apache-maven/apache-maven-3.0.4"/>
        <property name="file.separator" value="/"/>
        <property name="java.vendor.url.bug" value="http://bugreport.sun.com/bugreport/"/>
        <property name="sun.font.fontmanager" value="sun.awt.X11FontManager"/>
        <property name="sun.io.unicode.encoding" value="UnicodeLittle"/>
        <property name="sun.cpu.endian" value="little"/>
        <property name="https.proxyPort" value="80"/>
        <property name="exec.args" value="selenium.browser.size.w=1280 selenium.browser.size.h=960 capture.video=true capture.screenshots=true notification.type=swing notification.history=3 notification.font.size=15 job-release-selenium-tests.properties build.job=dcs_dcs.Release-Selenium-Tests build.number=295 target.release=16.2.3.0.0 timeout.build.buildqueue=1200 timeout.build.buildqueue.polling=60 -s BASE --tag base"/>
        <property name="sun.cpu.isalist" value=""/>
        <property name="test.selenium.browser.size.h" value="960"/>
        <property name="test.user.non-admin.name" value="tom.testsuite"/>
        <property name="test.https.proxyHost" value="www-proxy.us.oracle.com"/>
        <property name="test.user.admin.name" value="tina.testsuite"/>
        <property name="test.user.em-agent.password" value="Welcome1!"/>
        <property name="test.tag" value="base"/>
        <property name="test.user.em-agent.fullname" value="Alex Admin"/>
        <property name="test.selenium.port" value="44000"/>
        <property name="test.build.number" value="295"/>
        <property name="test.user.sdi-agent.enabled" value="true"/>
        <property name="test.timeout.assert.condition" value="30"/>
        <property name="test.target.version" value="{
  &quot;buildInformation&quot; : {
    &quot;gitCommitId&quot; : &quot;6415b9c07a83d336f513936eb79c4a925510b07b&quot;,
    &quot;gitCommitMessage&quot; : &quot;Merge branch &apos;Fix18963&apos; into &apos;patchset_16_2_3&apos;&quot;,
    &quot;buildTime&quot; : &quot;12.04.2016 @ 21:58:42 PDT&quot;,
    &quot;buildUser&quot; : &quot;Code2Cloud Builder&quot;
  }
}"/>
        <property name="test.build.job" value="dcs_dcs.Release-Selenium-Tests"/>
        <property name="test.timeout.project.create" value="660"/>
        <property name="test.user.sdi-agent.name" value="alex.admin"/>
        <property name="test.selenium.browser" value="firefox"/>
        <property name="test.http.proxyPort" value="80"/>
        <property name="test.user.sdi-agent.password" value="Welcome1!"/>
        <property name="test.user.sdi-agent.fullname" value="Alex Admin"/>
        <property name="test.timeout.selenium.navigate" value="20"/>
        <property name="test.target.release" value="16.2.3.0.0"/>
        <property name="test.byom.ip" value="127.0.0.1"/>
        <property name="test.byom.port" value="8585"/>
        <property name="test.notification.type" value="swing"/>
        <property name="test.data.project.override" value=""/>
        <property name="test.timeout.selenium.find" value="1"/>
        <property name="test.user.em-agent.enabled" value="true"/>
        <property name="test.testEmptyOrg.db.id" value=""/>
        <property name="test.reviews.timeout.slowdown" value="0"/>
        <property name="test.http.noProxyHosts" value="localhost|127.0.0.1|*.local|*.oraclecorp.com|*.us.oracle.com"/>
        <property name="test.capture.video" value="true"/>
        <property name="test.user.non-admin.password" value="Welcome1!"/>
        <property name="test.user.non-admin.fullname" value="Tom Testsuite"/>
        <property name="test.user.admin.password" value="Welcome1!"/>
        <property name="test.notification.history" value="3"/>
        <property name="test.user.admin.fullname" value="Tina Testsuite"/>
        <property name="test.capture.screenshots" value="true"/>
        <property name="test.testEmptyOrg.db.connectString" value="jdbc:oracle:thin:@(DESCRIPTION=(ADDRESS=(PROTOCOL=TCP)(HOST=slc09iwb.us.oracle.com)(PORT=1521))(CONNECT_DATA=(SERVICE_NAME=dbpod)))"/>
        <property name="test.firefox.bin" value=""/>
        <property name="test.https.proxyPort" value="80"/>
        <property name="test.develop.offline" value="false"/>
        <property name="test.timeout.build.buildqueue.polling" value="60"/>
        <property name="test.output.dir" value="target/test-reports/"/>
        <property name="test.firefox.allowedHosts" value="localhost,localhost.localdomain"/>
        <property name="test.testEmptyOrg.db.schema" value="BV2RLPNYEWMR"/>
        <property name="test.web.url" value="http://ucf2c-dcs-release-hub1.opcdeveloper.oracleinternalucf2c.oraclecorp.com/qa-dev/"/>
        <property name="test.firefox.extensions" value=""/>
        <property name="test.testEmptyOrg.orgExistsCheck" value="false"/>
        <property name="test.data.dir" value="data/"/>
        <property name="test.notification.font.size" value="15"/>
        <property name="test.testEmptyOrg.service" value="devservice5"/>
        <property name="test.selenium.start.server" value="false"/>
        <property name="test.firefox.profile.path" value=""/>
        <property name="test.selenium.host" value="localhost"/>
        <property name="test.suite" value="BASE"/>
        <property name="test.tests" value=""/>
        <property name="test.user.admin.idm" value="dcsdevteam"/>
        <property name="test.http.proxyHost" value="www-proxy.us.oracle.com"/>
        <property name="test.testMethods" value=""/>
        <property name="test.reviews.dontDeleteEnviroment" value="false"/>
        <property name="test.selenium.browser.maximize" value="false"/>
        <property name="test.firefox.profile.name" value=""/>
        <property name="test.timeout.build.buildqueue" value="1200"/>
        <property name="test.user.em-agent.idm" value="dcsdevteam"/>
        <property name="test.selenium.remote" value="false"/>
        <property name="test.user.sdi-agent.idm" value="dcsdevteam"/>
        <property name="test.byom.authToken" value="123456"/>
        <property name="test.proxy.autodetect" value="false"/>
        <property name="test.testEmptyOrg.idm" value="dcsdevteam"/>
        <property name="test.user.non-admin.idm" value="dcsdevteam"/>
        <property name="test.data.tasks.useexisting" value="false"/>
        <property name="test.selenium.browser.size.w" value="1280"/>
        <property name="test.category" value="DEFAULT"/>
        <property name="test.user.em-agent.name" value="alex.admin"/>
        <property name="test.timeout.slowdown" value="0"/>
      </properties>
    <system-out>
2016-04-12 23:18:45,220 INFO  [oracle.clouddev.test.framework.rest.RestClient] [request#185] POST http://ucf2c-dcs-release-hub1.opcdeveloper.oracleinternalucf2c.oraclecorp.com/qa-dev/api/projects/search2 HTTP/1.1 (user: ADMIN(dcsdevteam/tina.testsuite/Welcome1!))
2016-04-12 23:18:45,220 DEBUG [oracle.clouddev.test.framework.rest.RestClient] [request#185] posted content:
{
  &quot;projectRelationship&quot; : &quot;ALL&quot;,
  &quot;organizationIdentifier&quot; : &quot;qa-dev&quot;,
  &quot;shallowCopy&quot; : false
}
2016-04-12 23:18:45,220 DEBUG [oracle.clouddev.test.framework.rest.RestClient] [request#185] cURL: curl -k -u tina.testsuite:Welcome1! -X POST &apos;http://ucf2c-dcs-release-hub1.opcdeveloper.oracleinternalucf2c.oraclecorp.com/qa-dev/api/projects/search2&apos; -H &apos;Content-Type: application/json; charset=UTF-8&apos; --data-binary &apos;{  &quot;projectRelationship&quot; : &quot;ALL&quot;,  &quot;organizationIdentifier&quot; : &quot;qa-dev&quot;,  &quot;shallowCopy&quot; : false}&apos;
2016-04-12 23:18:46,547 INFO  [oracle.clouddev.test.framework.rest.RestClient] [request#185] HTTP/1.1 200 OK
2016-04-12 23:18:46,547 DEBUG [oracle.clouddev.test.framework.rest.RestClient] [request#185] Content-Type: application/json;charset=UTF-8
2016-04-12 23:18:46,547 DEBUG [oracle.clouddev.test.framework.rest.RestClient] [request#185] Content-Length: -- no value --
2016-04-12 23:18:46,907 DEBUG [oracle.clouddev.test.selenium.junit.BrowserSession] navigating to project qa-dev_test-shared-project1-1460525673052 (http://ucf2c-dcs-release-hub1.opcdeveloper.oracleinternalucf2c.oraclecorp.com/qa-dev/#/projects/qa-dev_test-shared-project1-1460525673052)
2016-04-12 23:18:47,031 DEBUG [oracle.clouddev.test.selenium.components.AssertElement] Check condition (oracle.clouddev.test.selenium.components.Conditions$5@6d0319ef) for element [By.xpath: .//button[@id=&apos;odcs-project-selector&apos;]/span[1]] on http://ucf2c-dcs-release-hub1.opcdeveloper.oracleinternalucf2c.oraclecorp.com/qa-dev/#/projects/qa-dev_test-shared-project1-1460525673052.
2016-04-12 23:18:48,638 DEBUG [oracle.clouddev.test.selenium.components.AssertElement] Check condition (NOT (element is visible)) for element [By.id: page-provision] on http://ucf2c-dcs-release-hub1.opcdeveloper.oracleinternalucf2c.oraclecorp.com/qa-dev/#/projects/qa-dev_test-shared-project1-1460525673052.
2016-04-12 23:18:49,659 DEBUG [oracle.clouddev.test.selenium.components.AssertElement] Check condition (element is visible) for element [By.id: odcs-nav-tabs] on http://ucf2c-dcs-release-hub1.opcdeveloper.oracleinternalucf2c.oraclecorp.com/qa-dev/#/projects/qa-dev_test-shared-project1-1460525673052.
2016-04-12 23:18:49,679 DEBUG [oracle.clouddev.test.selenium.components.AssertElement] Check condition (element is visible) for element [By.xpath: .//a[@id=&apos;build&apos;] under [By.id: odcs-nav-tabs]] on http://ucf2c-dcs-release-hub1.opcdeveloper.oracleinternalucf2c.oraclecorp.com/qa-dev/#/projects/qa-dev_test-shared-project1-1460525673052.
2016-04-12 23:18:49,706 DEBUG [oracle.clouddev.test.selenium.components.AssertElement] Check condition (NOT (element has style class &apos;oj-disabled&apos;)) for element [By.xpath: .//a[@id=&apos;build&apos;] under [By.id: odcs-nav-tabs]] on http://ucf2c-dcs-release-hub1.opcdeveloper.oracleinternalucf2c.oraclecorp.com/qa-dev/#/projects/qa-dev_test-shared-project1-1460525673052.
2016-04-12 23:18:49,734 DEBUG [oracle.clouddev.test.selenium.components.AssertElement] Check condition (element is visible) for element [By.xpath: .//a[@id=&apos;build&apos;] under [By.id: odcs-nav-tabs]] on http://ucf2c-dcs-release-hub1.opcdeveloper.oracleinternalucf2c.oraclecorp.com/qa-dev/#/projects/qa-dev_test-shared-project1-1460525673052.
2016-04-12 23:18:50,453 DEBUG [oracle.clouddev.test.selenium.components.AssertElement] Check condition (element has style class &apos;oj-active&apos;) for element [By.xpath: .//a[@id=&apos;build&apos;] under [By.id: odcs-nav-tabs]] on http://ucf2c-dcs-release-hub1.opcdeveloper.oracleinternalucf2c.oraclecorp.com/qa-dev/#projects/qa-dev_test-shared-project1-1460525673052/build.
2016-04-12 23:18:51,125 DEBUG [oracle.clouddev.test.selenium.components.AssertElement] Check condition (element is visible) for element [By.xpath: .//a[@id=&apos;build&apos;] under [By.id: odcs-nav-tabs]] on http://ucf2c-dcs-release-hub1.opcdeveloper.oracleinternalucf2c.oraclecorp.com/qa-dev/#projects/qa-dev_test-shared-project1-1460525673052/build.
2016-04-12 23:18:51,349 INFO  [oracle.clouddev.test.selenium.tests.base.TestBuildPage] Entering oracle.clouddev.test.selenium.tests.base.TestBuildPage
2016-04-12 23:18:51,349 INFO  [oracle.clouddev.test.selenium.tests.base.TestBuildPage] TestBuildHistoryPage.createJobBuildHistory
2016-04-12 23:18:51,349 INFO  [oracle.clouddev.test.selenium.tests.base.TestBuildPage] TestBuildPage.null entering createOrCopyJob
2016-04-12 23:18:51,349 INFO  [oracle.clouddev.test.selenium.tests.base.TestBuildPage] TestBuildPage.null entering _getJobRow(testNewJob)
2016-04-12 23:18:51,362 DEBUG [oracle.clouddev.test.selenium.components.AssertElement] Check condition (element is visible) for element [By.xpath: (//table[@id=&apos;jobs-table-table&apos;])] on http://ucf2c-dcs-release-hub1.opcdeveloper.oracleinternalucf2c.oraclecorp.com/qa-dev/#projects/qa-dev_test-shared-project1-1460525673052/build.
2016-04-12 23:18:53,462 DEBUG [oracle.clouddev.test.selenium.components.AssertElement] Check condition (element is visible) for element [By.xpath: (//tbody/tr[1]/td[4]/a)] on http://ucf2c-dcs-release-hub1.opcdeveloper.oracleinternalucf2c.oraclecorp.com/qa-dev/#projects/qa-dev_test-shared-project1-1460525673052/build.
2016-04-12 23:18:53,514 DEBUG [oracle.clouddev.test.selenium.components.AssertElement] Check condition (element is visible) for element [By.xpath: (//tbody/tr[2]/td[4]/a)] on http://ucf2c-dcs-release-hub1.opcdeveloper.oracleinternalucf2c.oraclecorp.com/qa-dev/#projects/qa-dev_test-shared-project1-1460525673052/build.
2016-04-12 23:18:53,561 DEBUG [oracle.clouddev.test.selenium.components.AssertElement] Check condition (element is visible) for element [By.xpath: (//tbody/tr[3]/td[4]/a)] on http://ucf2c-dcs-release-hub1.opcdeveloper.oracleinternalucf2c.oraclecorp.com/qa-dev/#projects/qa-dev_test-shared-project1-1460525673052/build.
2016-04-12 23:18:53,611 DEBUG [oracle.clouddev.test.selenium.components.AssertElement] Check condition (element is visible) for element [By.xpath: (//tbody/tr[4]/td[4]/a)] on http://ucf2c-dcs-release-hub1.opcdeveloper.oracleinternalucf2c.oraclecorp.com/qa-dev/#projects/qa-dev_test-shared-project1-1460525673052/build.
2016-04-12 23:18:53,642 INFO  [oracle.clouddev.test.selenium.tests.base.TestBuildPage] TestBuildPage.null entering _copyJob
2016-04-12 23:18:53,642 INFO  [oracle.clouddev.test.selenium.tests.base.TestBuildPage] Waiting for jobs page to present
2016-04-12 23:18:53,651 DEBUG [oracle.clouddev.test.selenium.components.AssertElement] Check condition (element is visible) for element [By.xpath: (//div[@id=&apos;page-jobs&apos;])] on http://ucf2c-dcs-release-hub1.opcdeveloper.oracleinternalucf2c.oraclecorp.com/qa-dev/#projects/qa-dev_test-shared-project1-1460525673052/build.
2016-04-12 23:18:53,674 DEBUG [oracle.clouddev.test.selenium.components.AssertElement] Check condition (element exists) for element [By.xpath: (//div[@id=&apos;page-jobs&apos;])] on http://ucf2c-dcs-release-hub1.opcdeveloper.oracleinternalucf2c.oraclecorp.com/qa-dev/#projects/qa-dev_test-shared-project1-1460525673052/build.
2016-04-12 23:18:53,680 INFO  [oracle.clouddev.test.selenium.tests.base.TestBuildPage] Waiting for New Job dialog to show up
2016-04-12 23:18:53,689 DEBUG [oracle.clouddev.test.selenium.components.AssertElement] Check condition (element is visible) for element [By.xpath: //table[@id=&apos;jobs-table-table&apos;]//tbody//tr//td//a[text()=&apos;testNewJob&apos;]] on http://ucf2c-dcs-release-hub1.opcdeveloper.oracleinternalucf2c.oraclecorp.com/qa-dev/#projects/qa-dev_test-shared-project1-1460525673052/build.
2016-04-12 23:18:53,728 DEBUG [oracle.clouddev.test.selenium.components.AssertElement] Check condition (element is visible) for element [By.id: newJob-button] on http://ucf2c-dcs-release-hub1.opcdeveloper.oracleinternalucf2c.oraclecorp.com/qa-dev/#projects/qa-dev_test-shared-project1-1460525673052/build.
2016-04-12 23:18:56,184 DEBUG [oracle.clouddev.test.selenium.components.AssertElement] Check condition (element is visible) for element [By.id: ojDialogWrapper-newJob] on http://ucf2c-dcs-release-hub1.opcdeveloper.oracleinternalucf2c.oraclecorp.com/qa-dev/#projects/qa-dev_test-shared-project1-1460525673052/build.
2016-04-12 23:18:56,199 INFO  [oracle.clouddev.test.selenium.tests.base.TestBuildPage] Enter Job name: testBuildHistory
2016-04-12 23:18:56,209 DEBUG [oracle.clouddev.test.selenium.components.AssertElement] Check condition (element is visible) for element [By.id: jobName] on http://ucf2c-dcs-release-hub1.opcdeveloper.oracleinternalucf2c.oraclecorp.com/qa-dev/#projects/qa-dev_test-shared-project1-1460525673052/build.
2016-04-12 23:18:56,318 INFO  [oracle.clouddev.test.selenium.tests.base.TestBuildPage] Click on copy from Job
2016-04-12 23:18:58,348 DEBUG [oracle.clouddev.test.selenium.components.AssertElement] Check condition (element is visible) for element [By.xpath: (//input[@id=&apos;optCopy&apos;]) under [div#ojDialogWrapper-newJob]] on http://ucf2c-dcs-release-hub1.opcdeveloper.oracleinternalucf2c.oraclecorp.com/qa-dev/#projects/qa-dev_test-shared-project1-1460525673052/build.
2016-04-12 23:19:00,715 INFO  [oracle.clouddev.test.selenium.tests.base.TestBuildPage] Select Job Name: testNewJob
2016-04-12 23:19:00,736 DEBUG [oracle.clouddev.test.selenium.components.AssertElement] Check condition (element is visible) for element [By.xpath: //div[@id=&apos;ojChoiceId_copyFrom&apos;]//a] on http://ucf2c-dcs-release-hub1.opcdeveloper.oracleinternalucf2c.oraclecorp.com/qa-dev/#projects/qa-dev_test-shared-project1-1460525673052/build.
2016-04-12 23:19:03,045 INFO  [oracle.clouddev.test.selenium.tests.base.TestBuildPage] Copy from: testNewJob
2016-04-12 23:19:05,295 INFO  [oracle.clouddev.test.selenium.tests.base.TestBuildPage] Click on Save button
2016-04-12 23:19:05,338 DEBUG [oracle.clouddev.test.selenium.components.AssertElement] Check condition (element is visible) for element [By.xpath: (//button[@id=&apos;newJob-save-button&apos;]) under [div#ojDialogWrapper-newJob]] on http://ucf2c-dcs-release-hub1.opcdeveloper.oracleinternalucf2c.oraclecorp.com/qa-dev/#projects/qa-dev_test-shared-project1-1460525673052/build.
2016-04-12 23:19:07,508 INFO  [oracle.clouddev.test.selenium.tests.base.TestBuildPage] TestBuildPage.null entering _loadConfigurePage
2016-04-12 23:19:07,508 INFO  [oracle.clouddev.test.selenium.tests.base.TestBuildPage] Navigate to tabIndex: 1
2016-04-12 23:19:07,523 DEBUG [oracle.clouddev.test.selenium.components.AssertElement] Check condition (element is visible) for element [By.xpath: //div[@class=&apos;oj-tabs-conveyor&apos;]/ul/li[1]/div/a] on http://ucf2c-dcs-release-hub1.opcdeveloper.oracleinternalucf2c.oraclecorp.com/qa-dev/#projects/qa-dev_test-shared-project1-1460525673052/build/job/qa-dev_test-shared-project1-1460525673052.testBuildHistory/configure?new.
2016-04-12 23:19:07,576 DEBUG [oracle.clouddev.test.selenium.components.AssertElement] Check condition (element is visible) for element [By.xpath: //div[@class=&apos;oj-tabs-conveyor&apos;]/ul/li[1]/div/a] on http://ucf2c-dcs-release-hub1.opcdeveloper.oracleinternalucf2c.oraclecorp.com/qa-dev/#projects/qa-dev_test-shared-project1-1460525673052/build/job/qa-dev_test-shared-project1-1460525673052.testBuildHistory/configure?new.
2016-04-12 23:19:07,835 INFO  [oracle.clouddev.test.selenium.tests.base.TestBuildPage] Verify configure-tabs for page-configure-main
2016-04-12 23:19:07,856 DEBUG [oracle.clouddev.test.selenium.components.AssertElement] Check condition (element is visible) for element [By.id: page-configure-main] on http://ucf2c-dcs-release-hub1.opcdeveloper.oracleinternalucf2c.oraclecorp.com/qa-dev/#projects/qa-dev_test-shared-project1-1460525673052/build/job/qa-dev_test-shared-project1-1460525673052.testBuildHistory/configure?new.
2016-04-12 23:19:07,885 DEBUG [oracle.clouddev.test.selenium.components.AssertElement] Check condition (element exists) for element [By.id: page-configure-main] on http://ucf2c-dcs-release-hub1.opcdeveloper.oracleinternalucf2c.oraclecorp.com/qa-dev/#projects/qa-dev_test-shared-project1-1460525673052/build/job/qa-dev_test-shared-project1-1460525673052.testBuildHistory/configure?new.
2016-04-12 23:19:07,890 INFO  [oracle.clouddev.test.selenium.tests.base.TestBuildPage] Enter job description
2016-04-12 23:19:07,967 DEBUG [oracle.clouddev.test.selenium.components.AssertElement] Check condition (element is visible) for element [By.xpath: (//textarea[@id=&apos;jobDescription&apos;])] on http://ucf2c-dcs-release-hub1.opcdeveloper.oracleinternalucf2c.oraclecorp.com/qa-dev/#projects/qa-dev_test-shared-project1-1460525673052/build/job/qa-dev_test-shared-project1-1460525673052.testBuildHistory/configure?new.
2016-04-12 23:19:08,105 DEBUG [oracle.clouddev.test.selenium.components.AssertElement] Check condition (element is visible) for element [By.xpath: (//textarea[@id=&apos;jobDescription&apos;])] on http://ucf2c-dcs-release-hub1.opcdeveloper.oracleinternalucf2c.oraclecorp.com/qa-dev/#projects/qa-dev_test-shared-project1-1460525673052/build/job/qa-dev_test-shared-project1-1460525673052.testBuildHistory/configure?new.
2016-04-12 23:19:08,788 INFO  [oracle.clouddev.test.selenium.tests.base.TestBuildPage] Save Job Config
2016-04-12 23:19:08,815 DEBUG [oracle.clouddev.test.selenium.components.AssertElement] Check condition (element is visible) for element [By.xpath: (//button[@id=&apos;save-button&apos;])] on http://ucf2c-dcs-release-hub1.opcdeveloper.oracleinternalucf2c.oraclecorp.com/qa-dev/#projects/qa-dev_test-shared-project1-1460525673052/build/job/qa-dev_test-shared-project1-1460525673052.testBuildHistory/configure?new.
2016-04-12 23:19:08,947 DEBUG [oracle.clouddev.test.selenium.components.AssertElement] Check condition (element is visible) for element [By.xpath: (//button[@id=&apos;save-button&apos;])] on http://ucf2c-dcs-release-hub1.opcdeveloper.oracleinternalucf2c.oraclecorp.com/qa-dev/#projects/qa-dev_test-shared-project1-1460525673052/build/job/qa-dev_test-shared-project1-1460525673052.testBuildHistory/configure?new.
2016-04-12 23:19:09,247 INFO  [oracle.clouddev.test.selenium.tests.base.TestBuildPage] Waiting for job overview page to present
2016-04-12 23:19:09,903 DEBUG [oracle.clouddev.test.selenium.components.AssertElement] Check condition (element is visible) for element [By.xpath: (//div[@id=&apos;page-job&apos;])] on http://ucf2c-dcs-release-hub1.opcdeveloper.oracleinternalucf2c.oraclecorp.com/qa-dev/#projects/qa-dev_test-shared-project1-1460525673052/build/job/qa-dev_test-shared-project1-1460525673052.testBuildHistory.
2016-04-12 23:19:10,579 DEBUG [oracle.clouddev.test.selenium.components.AssertElement] Check condition (element exists) for element [By.xpath: (//div[@id=&apos;page-job&apos;])] on http://ucf2c-dcs-release-hub1.opcdeveloper.oracleinternalucf2c.oraclecorp.com/qa-dev/#projects/qa-dev_test-shared-project1-1460525673052/build/job/qa-dev_test-shared-project1-1460525673052.testBuildHistory.
2016-04-12 23:19:10,596 INFO  [oracle.clouddev.test.selenium.tests.base.TestBuildPage] Verify job name: testBuildHistory
2016-04-12 23:19:10,613 DEBUG [oracle.clouddev.test.selenium.components.AssertElement] Check condition (element is visible) for element [By.tagName: h3] on http://ucf2c-dcs-release-hub1.opcdeveloper.oracleinternalucf2c.oraclecorp.com/qa-dev/#projects/qa-dev_test-shared-project1-1460525673052/build/job/qa-dev_test-shared-project1-1460525673052.testBuildHistory.
2016-04-12 23:19:10,678 INFO  [oracle.clouddev.test.selenium.tests.base.TestBuildPage] TestBuildPage.null entering enableJob
2016-04-12 23:19:10,678 INFO  [oracle.clouddev.test.selenium.tests.base.TestBuildPage] Waiting for job page to present
2016-04-12 23:19:10,688 DEBUG [oracle.clouddev.test.selenium.components.AssertElement] Check condition (element is visible) for element [By.xpath: (//div[@id=&apos;page-job&apos;])] on http://ucf2c-dcs-release-hub1.opcdeveloper.oracleinternalucf2c.oraclecorp.com/qa-dev/#projects/qa-dev_test-shared-project1-1460525673052/build/job/qa-dev_test-shared-project1-1460525673052.testBuildHistory.
2016-04-12 23:19:10,709 DEBUG [oracle.clouddev.test.selenium.components.AssertElement] Check condition (element exists) for element [By.xpath: (//div[@id=&apos;page-job&apos;])] on http://ucf2c-dcs-release-hub1.opcdeveloper.oracleinternalucf2c.oraclecorp.com/qa-dev/#projects/qa-dev_test-shared-project1-1460525673052/build/job/qa-dev_test-shared-project1-1460525673052.testBuildHistory.
2016-04-12 23:19:10,716 INFO  [oracle.clouddev.test.selenium.tests.base.TestBuildPage] Click on Enable Button
2016-04-12 23:19:10,726 DEBUG [oracle.clouddev.test.selenium.components.AssertElement] Check condition (element is visible) for element [By.xpath: (//button[@id=&apos;job-enable-button&apos;])] on http://ucf2c-dcs-release-hub1.opcdeveloper.oracleinternalucf2c.oraclecorp.com/qa-dev/#projects/qa-dev_test-shared-project1-1460525673052/build/job/qa-dev_test-shared-project1-1460525673052.testBuildHistory.
2016-04-12 23:19:10,949 INFO  [oracle.clouddev.test.selenium.tests.base.TestBuildPage] Verify that button says Disabled
2016-04-12 23:19:16,972 DEBUG [oracle.clouddev.test.selenium.components.AssertElement] Check condition (element is visible) for element [By.xpath: (//button[@id=&apos;job-enable-button&apos;])] on http://ucf2c-dcs-release-hub1.opcdeveloper.oracleinternalucf2c.oraclecorp.com/qa-dev/#projects/qa-dev_test-shared-project1-1460525673052/build/job/qa-dev_test-shared-project1-1460525673052.testBuildHistory.
    </system-out>
    </testcase>
    <testcase classname="oracle.clouddev.test.selenium.tests.base.TestBuildHistoryPage" name="buildNowBuildHistory" time="248.561">
      <properties>
        <property name="java.runtime.name" value="Java(TM) SE Runtime Environment"/>
        <property name="exec.mainClass" value="oracle.clouddev.test.selenium.RunTests"/>
        <property name="sun.boot.library.path" value="/usr/java/jdk1.8.0_74/jre/lib/amd64"/>
        <property name="java.vm.version" value="25.74-b02"/>
        <property name="java.vm.vendor" value="Oracle Corporation"/>
        <property name="java.vendor.url" value="http://java.oracle.com/"/>
        <property name="guice.disable.misplaced.annotation.check" value="true"/>
        <property name="path.separator" value=":"/>
        <property name="java.vm.name" value="Java HotSpot(TM) 64-Bit Server VM"/>
        <property name="file.encoding.pkg" value="sun.io"/>
        <property name="user.country" value="US"/>
        <property name="sun.java.launcher" value="SUN_STANDARD"/>
        <property name="sun.os.patch.level" value="unknown"/>
        <property name="http.noProxyHosts" value="localhost|127.0.0.1|*.local|*.oraclecorp.com|*.us.oracle.com"/>
        <property name="java.vm.specification.name" value="Java Virtual Machine Specification"/>
        <property name="user.dir" value="/home/builder/hudson/workspace/dcs_dcs.Release-Selenium-Tests/selenium-tests"/>
        <property name="java.runtime.version" value="1.8.0_74-b02"/>
        <property name="java.awt.graphicsenv" value="sun.awt.X11GraphicsEnvironment"/>
        <property name="java.endorsed.dirs" value="/usr/java/jdk1.8.0_74/jre/lib/endorsed"/>
        <property name="os.arch" value="amd64"/>
        <property name="java.io.tmpdir" value="/tmp"/>
        <property name="line.separator" value="
"/>
        <property name="java.vm.specification.vendor" value="Oracle Corporation"/>
        <property name="https.proxyHost" value="www-proxy.us.oracle.com"/>
        <property name="os.name" value="Linux"/>
        <property name="classworlds.conf" value="/usr/local/apache-maven/apache-maven-3.0.4/bin/m2.conf"/>
        <property name="sun.jnu.encoding" value="UTF-8"/>
        <property name="http.proxyPort" value="80"/>
        <property name="java.library.path" value="/usr/java/packages/lib/amd64:/usr/lib64:/lib64:/lib:/usr/lib"/>
        <property name="sun.awt.enableExtraMouseButtons" value="true"/>
        <property name="java.specification.name" value="Java Platform API Specification"/>
        <property name="java.class.version" value="52.0"/>
        <property name="sun.management.compiler" value="HotSpot 64-Bit Tiered Compilers"/>
        <property name="os.version" value="3.8.13-55.1.1.el6uek.x86_64"/>
        <property name="user.home" value="/home/builder"/>
        <property name="user.timezone" value="PST8PDT"/>
        <property name="java.awt.printerjob" value="sun.print.PSPrinterJob"/>
        <property name="file.encoding" value="UTF-8"/>
        <property name="java.specification.version" value="1.8"/>
        <property name="java.class.path" value="/usr/local/apache-maven/apache-maven-3.0.4/boot/plexus-classworlds-2.4.jar"/>
        <property name="user.name" value="builder"/>
        <property name="java.vm.specification.version" value="1.8"/>
        <property name="sun.java.command" value="org.codehaus.plexus.classworlds.launcher.Launcher -f /home/c2c/hudson/workspace/dcs_dcs.Release-Selenium-Tests/selenium-tests/pom.xml --batch-mode exec:java -Dexec.mainClass=oracle.clouddev.test.selenium.RunTests -Dexec.args=selenium.browser.size.w=1280 selenium.browser.size.h=960 capture.video=true capture.screenshots=true notification.type=swing notification.history=3 notification.font.size=15 job-release-selenium-tests.properties build.job=dcs_dcs.Release-Selenium-Tests build.number=295 target.release=16.2.3.0.0 timeout.build.buildqueue=1200 timeout.build.buildqueue.polling=60 -s BASE --tag base"/>
        <property name="java.home" value="/usr/java/jdk1.8.0_74/jre"/>
        <property name="sun.arch.data.model" value="64"/>
        <property name="user.language" value="en"/>
        <property name="java.specification.vendor" value="Oracle Corporation"/>
        <property name="awt.toolkit" value="sun.awt.X11.XToolkit"/>
        <property name="java.vm.info" value="mixed mode"/>
        <property name="java.version" value="1.8.0_74"/>
        <property name="securerandom.source" value="file:/dev/./urandom"/>
        <property name="java.ext.dirs" value="/usr/java/jdk1.8.0_74/jre/lib/ext:/usr/java/packages/lib/ext"/>
        <property name="http.proxyHost" value="www-proxy.us.oracle.com"/>
        <property name="sun.boot.class.path" value="/usr/java/jdk1.8.0_74/jre/lib/resources.jar:/usr/java/jdk1.8.0_74/jre/lib/rt.jar:/usr/java/jdk1.8.0_74/jre/lib/sunrsasign.jar:/usr/java/jdk1.8.0_74/jre/lib/jsse.jar:/usr/java/jdk1.8.0_74/jre/lib/jce.jar:/usr/java/jdk1.8.0_74/jre/lib/charsets.jar:/usr/java/jdk1.8.0_74/jre/lib/jfr.jar:/usr/java/jdk1.8.0_74/jre/classes"/>
        <property name="java.vendor" value="Oracle Corporation"/>
        <property name="maven.home" value="/usr/local/apache-maven/apache-maven-3.0.4"/>
        <property name="file.separator" value="/"/>
        <property name="java.vendor.url.bug" value="http://bugreport.sun.com/bugreport/"/>
        <property name="sun.font.fontmanager" value="sun.awt.X11FontManager"/>
        <property name="sun.io.unicode.encoding" value="UnicodeLittle"/>
        <property name="sun.cpu.endian" value="little"/>
        <property name="https.proxyPort" value="80"/>
        <property name="exec.args" value="selenium.browser.size.w=1280 selenium.browser.size.h=960 capture.video=true capture.screenshots=true notification.type=swing notification.history=3 notification.font.size=15 job-release-selenium-tests.properties build.job=dcs_dcs.Release-Selenium-Tests build.number=295 target.release=16.2.3.0.0 timeout.build.buildqueue=1200 timeout.build.buildqueue.polling=60 -s BASE --tag base"/>
        <property name="sun.cpu.isalist" value=""/>
        <property name="test.selenium.browser.size.h" value="960"/>
        <property name="test.user.non-admin.name" value="tom.testsuite"/>
        <property name="test.https.proxyHost" value="www-proxy.us.oracle.com"/>
        <property name="test.user.admin.name" value="tina.testsuite"/>
        <property name="test.user.em-agent.password" value="Welcome1!"/>
        <property name="test.tag" value="base"/>
        <property name="test.user.em-agent.fullname" value="Alex Admin"/>
        <property name="test.selenium.port" value="44000"/>
        <property name="test.build.number" value="295"/>
        <property name="test.user.sdi-agent.enabled" value="true"/>
        <property name="test.timeout.assert.condition" value="30"/>
        <property name="test.target.version" value="{
  &quot;buildInformation&quot; : {
    &quot;gitCommitId&quot; : &quot;6415b9c07a83d336f513936eb79c4a925510b07b&quot;,
    &quot;gitCommitMessage&quot; : &quot;Merge branch &apos;Fix18963&apos; into &apos;patchset_16_2_3&apos;&quot;,
    &quot;buildTime&quot; : &quot;12.04.2016 @ 21:58:42 PDT&quot;,
    &quot;buildUser&quot; : &quot;Code2Cloud Builder&quot;
  }
}"/>
        <property name="test.build.job" value="dcs_dcs.Release-Selenium-Tests"/>
        <property name="test.timeout.project.create" value="660"/>
        <property name="test.user.sdi-agent.name" value="alex.admin"/>
        <property name="test.selenium.browser" value="firefox"/>
        <property name="test.http.proxyPort" value="80"/>
        <property name="test.user.sdi-agent.password" value="Welcome1!"/>
        <property name="test.user.sdi-agent.fullname" value="Alex Admin"/>
        <property name="test.timeout.selenium.navigate" value="20"/>
        <property name="test.target.release" value="16.2.3.0.0"/>
        <property name="test.byom.ip" value="127.0.0.1"/>
        <property name="test.byom.port" value="8585"/>
        <property name="test.notification.type" value="swing"/>
        <property name="test.data.project.override" value=""/>
        <property name="test.timeout.selenium.find" value="1"/>
        <property name="test.user.em-agent.enabled" value="true"/>
        <property name="test.testEmptyOrg.db.id" value=""/>
        <property name="test.reviews.timeout.slowdown" value="0"/>
        <property name="test.http.noProxyHosts" value="localhost|127.0.0.1|*.local|*.oraclecorp.com|*.us.oracle.com"/>
        <property name="test.capture.video" value="true"/>
        <property name="test.user.non-admin.password" value="Welcome1!"/>
        <property name="test.user.non-admin.fullname" value="Tom Testsuite"/>
        <property name="test.user.admin.password" value="Welcome1!"/>
        <property name="test.notification.history" value="3"/>
        <property name="test.user.admin.fullname" value="Tina Testsuite"/>
        <property name="test.capture.screenshots" value="true"/>
        <property name="test.testEmptyOrg.db.connectString" value="jdbc:oracle:thin:@(DESCRIPTION=(ADDRESS=(PROTOCOL=TCP)(HOST=slc09iwb.us.oracle.com)(PORT=1521))(CONNECT_DATA=(SERVICE_NAME=dbpod)))"/>
        <property name="test.firefox.bin" value=""/>
        <property name="test.https.proxyPort" value="80"/>
        <property name="test.develop.offline" value="false"/>
        <property name="test.timeout.build.buildqueue.polling" value="60"/>
        <property name="test.output.dir" value="target/test-reports/"/>
        <property name="test.firefox.allowedHosts" value="localhost,localhost.localdomain"/>
        <property name="test.testEmptyOrg.db.schema" value="BV2RLPNYEWMR"/>
        <property name="test.web.url" value="http://ucf2c-dcs-release-hub1.opcdeveloper.oracleinternalucf2c.oraclecorp.com/qa-dev/"/>
        <property name="test.firefox.extensions" value=""/>
        <property name="test.testEmptyOrg.orgExistsCheck" value="false"/>
        <property name="test.data.dir" value="data/"/>
        <property name="test.notification.font.size" value="15"/>
        <property name="test.testEmptyOrg.service" value="devservice5"/>
        <property name="test.selenium.start.server" value="false"/>
        <property name="test.firefox.profile.path" value=""/>
        <property name="test.selenium.host" value="localhost"/>
        <property name="test.suite" value="BASE"/>
        <property name="test.tests" value=""/>
        <property name="test.user.admin.idm" value="dcsdevteam"/>
        <property name="test.http.proxyHost" value="www-proxy.us.oracle.com"/>
        <property name="test.testMethods" value=""/>
        <property name="test.reviews.dontDeleteEnviroment" value="false"/>
        <property name="test.selenium.browser.maximize" value="false"/>
        <property name="test.firefox.profile.name" value=""/>
        <property name="test.timeout.build.buildqueue" value="1200"/>
        <property name="test.user.em-agent.idm" value="dcsdevteam"/>
        <property name="test.selenium.remote" value="false"/>
        <property name="test.user.sdi-agent.idm" value="dcsdevteam"/>
        <property name="test.byom.authToken" value="123456"/>
        <property name="test.proxy.autodetect" value="false"/>
        <property name="test.testEmptyOrg.idm" value="dcsdevteam"/>
        <property name="test.user.non-admin.idm" value="dcsdevteam"/>
        <property name="test.data.tasks.useexisting" value="false"/>
        <property name="test.selenium.browser.size.w" value="1280"/>
        <property name="test.category" value="DEFAULT"/>
        <property name="test.user.em-agent.name" value="alex.admin"/>
        <property name="test.timeout.slowdown" value="0"/>
      </properties>
    <system-out>
2016-04-12 23:19:17,015 INFO  [oracle.clouddev.test.framework.rest.RestClient] [request#186] POST http://ucf2c-dcs-release-hub1.opcdeveloper.oracleinternalucf2c.oraclecorp.com/qa-dev/api/projects/search2 HTTP/1.1 (user: ADMIN(dcsdevteam/tina.testsuite/Welcome1!))
2016-04-12 23:19:17,015 DEBUG [oracle.clouddev.test.framework.rest.RestClient] [request#186] posted content:
{
  &quot;projectRelationship&quot; : &quot;ALL&quot;,
  &quot;organizationIdentifier&quot; : &quot;qa-dev&quot;,
  &quot;shallowCopy&quot; : false
}
2016-04-12 23:19:17,015 DEBUG [oracle.clouddev.test.framework.rest.RestClient] [request#186] cURL: curl -k -u tina.testsuite:Welcome1! -X POST &apos;http://ucf2c-dcs-release-hub1.opcdeveloper.oracleinternalucf2c.oraclecorp.com/qa-dev/api/projects/search2&apos; -H &apos;Content-Type: application/json; charset=UTF-8&apos; --data-binary &apos;{  &quot;projectRelationship&quot; : &quot;ALL&quot;,  &quot;organizationIdentifier&quot; : &quot;qa-dev&quot;,  &quot;shallowCopy&quot; : false}&apos;
2016-04-12 23:19:18,385 INFO  [oracle.clouddev.test.framework.rest.RestClient] [request#186] HTTP/1.1 200 OK
2016-04-12 23:19:18,386 DEBUG [oracle.clouddev.test.framework.rest.RestClient] [request#186] Content-Type: application/json;charset=UTF-8
2016-04-12 23:19:18,386 DEBUG [oracle.clouddev.test.framework.rest.RestClient] [request#186] Content-Length: -- no value --
2016-04-12 23:19:18,683 DEBUG [oracle.clouddev.test.selenium.junit.BrowserSession] navigating to project qa-dev_test-shared-project1-1460525673052 (http://ucf2c-dcs-release-hub1.opcdeveloper.oracleinternalucf2c.oraclecorp.com/qa-dev/#/projects/qa-dev_test-shared-project1-1460525673052)
2016-04-12 23:19:20,662 DEBUG [oracle.clouddev.test.selenium.components.AssertElement] Check condition (oracle.clouddev.test.selenium.components.Conditions$5@69e1d1e) for element [By.xpath: .//button[@id=&apos;odcs-project-selector&apos;]/span[1]] on http://ucf2c-dcs-release-hub1.opcdeveloper.oracleinternalucf2c.oraclecorp.com/qa-dev/#/projects/qa-dev_test-shared-project1-1460525673052.
2016-04-12 23:19:20,762 DEBUG [oracle.clouddev.test.selenium.components.AssertElement] Check condition (NOT (element is visible)) for element [By.id: page-provision] on http://ucf2c-dcs-release-hub1.opcdeveloper.oracleinternalucf2c.oraclecorp.com/qa-dev/#/projects/qa-dev_test-shared-project1-1460525673052.
2016-04-12 23:19:21,799 DEBUG [oracle.clouddev.test.selenium.components.AssertElement] Check condition (element is visible) for element [By.id: odcs-nav-tabs] on http://ucf2c-dcs-release-hub1.opcdeveloper.oracleinternalucf2c.oraclecorp.com/qa-dev/#/projects/qa-dev_test-shared-project1-1460525673052.
2016-04-12 23:19:21,865 DEBUG [oracle.clouddev.test.selenium.components.AssertElement] Check condition (element is visible) for element [By.xpath: .//a[@id=&apos;build&apos;] under [By.id: odcs-nav-tabs]] on http://ucf2c-dcs-release-hub1.opcdeveloper.oracleinternalucf2c.oraclecorp.com/qa-dev/#/projects/qa-dev_test-shared-project1-1460525673052.
2016-04-12 23:19:21,899 DEBUG [oracle.clouddev.test.selenium.components.AssertElement] Check condition (NOT (element has style class &apos;oj-disabled&apos;)) for element [By.xpath: .//a[@id=&apos;build&apos;] under [By.id: odcs-nav-tabs]] on http://ucf2c-dcs-release-hub1.opcdeveloper.oracleinternalucf2c.oraclecorp.com/qa-dev/#/projects/qa-dev_test-shared-project1-1460525673052.
2016-04-12 23:19:21,937 DEBUG [oracle.clouddev.test.selenium.components.AssertElement] Check condition (element is visible) for element [By.xpath: .//a[@id=&apos;build&apos;] under [By.id: odcs-nav-tabs]] on http://ucf2c-dcs-release-hub1.opcdeveloper.oracleinternalucf2c.oraclecorp.com/qa-dev/#/projects/qa-dev_test-shared-project1-1460525673052.
2016-04-12 23:19:22,257 DEBUG [oracle.clouddev.test.selenium.components.AssertElement] Check condition (element has style class &apos;oj-active&apos;) for element [By.xpath: .//a[@id=&apos;build&apos;] under [By.id: odcs-nav-tabs]] on http://ucf2c-dcs-release-hub1.opcdeveloper.oracleinternalucf2c.oraclecorp.com/qa-dev/#projects/qa-dev_test-shared-project1-1460525673052/build.
2016-04-12 23:19:22,966 DEBUG [oracle.clouddev.test.selenium.components.AssertElement] Check condition (element is visible) for element [By.xpath: .//a[@id=&apos;build&apos;] under [By.id: odcs-nav-tabs]] on http://ucf2c-dcs-release-hub1.opcdeveloper.oracleinternalucf2c.oraclecorp.com/qa-dev/#projects/qa-dev_test-shared-project1-1460525673052/build.
2016-04-12 23:19:23,111 INFO  [oracle.clouddev.test.selenium.tests.base.TestBuildPage] Entering oracle.clouddev.test.selenium.tests.base.TestBuildPage
2016-04-12 23:19:23,111 INFO  [oracle.clouddev.test.selenium.tests.base.TestBuildPage] TestBuildHistoryPage.buildNowBuildHistory
2016-04-12 23:19:23,111 INFO  [oracle.clouddev.test.selenium.tests.base.TestBuildPage] Waiting for jobs page to present
2016-04-12 23:19:23,127 DEBUG [oracle.clouddev.test.selenium.components.AssertElement] Check condition (element is visible) for element [By.xpath: (//div[@id=&apos;page-jobs&apos;])] on http://ucf2c-dcs-release-hub1.opcdeveloper.oracleinternalucf2c.oraclecorp.com/qa-dev/#projects/qa-dev_test-shared-project1-1460525673052/build.
2016-04-12 23:19:23,201 DEBUG [oracle.clouddev.test.selenium.components.AssertElement] Check condition (element exists) for element [By.xpath: (//div[@id=&apos;page-jobs&apos;])] on http://ucf2c-dcs-release-hub1.opcdeveloper.oracleinternalucf2c.oraclecorp.com/qa-dev/#projects/qa-dev_test-shared-project1-1460525673052/build.
2016-04-12 23:19:23,208 INFO  [oracle.clouddev.test.selenium.tests.base.TestBuildPage] Click and launch job page for testBuildHistory
2016-04-12 23:19:23,208 INFO  [oracle.clouddev.test.selenium.tests.base.TestBuildPage] TestBuildPage.null entering clickJob
2016-04-12 23:19:23,233 DEBUG [oracle.clouddev.test.selenium.components.AssertElement] Check condition (element is visible) for element [By.xpath: (//div[@id=&apos;page-jobs&apos;])] on http://ucf2c-dcs-release-hub1.opcdeveloper.oracleinternalucf2c.oraclecorp.com/qa-dev/#projects/qa-dev_test-shared-project1-1460525673052/build.
2016-04-12 23:19:23,273 INFO  [oracle.clouddev.test.selenium.tests.base.TestBuildPage] TestBuildPage.null entering _getJobRow(testBuildHistory)
2016-04-12 23:19:23,284 DEBUG [oracle.clouddev.test.selenium.components.AssertElement] Check condition (element is visible) for element [By.xpath: (//table[@id=&apos;jobs-table-table&apos;])] on http://ucf2c-dcs-release-hub1.opcdeveloper.oracleinternalucf2c.oraclecorp.com/qa-dev/#projects/qa-dev_test-shared-project1-1460525673052/build.
2016-04-12 23:19:25,334 DEBUG [oracle.clouddev.test.selenium.components.AssertElement] Check condition (element is visible) for element [By.xpath: (//tbody/tr[1]/td[4]/a)] on http://ucf2c-dcs-release-hub1.opcdeveloper.oracleinternalucf2c.oraclecorp.com/qa-dev/#projects/qa-dev_test-shared-project1-1460525673052/build.
2016-04-12 23:19:25,385 DEBUG [oracle.clouddev.test.selenium.components.AssertElement] Check condition (element is visible) for element [By.xpath: (//tbody/tr[2]/td[4]/a)] on http://ucf2c-dcs-release-hub1.opcdeveloper.oracleinternalucf2c.oraclecorp.com/qa-dev/#projects/qa-dev_test-shared-project1-1460525673052/build.
2016-04-12 23:19:25,434 DEBUG [oracle.clouddev.test.selenium.components.AssertElement] Check condition (element is visible) for element [By.xpath: (//tbody/tr[3]/td[4]/a)] on http://ucf2c-dcs-release-hub1.opcdeveloper.oracleinternalucf2c.oraclecorp.com/qa-dev/#projects/qa-dev_test-shared-project1-1460525673052/build.
2016-04-12 23:19:25,492 INFO  [oracle.clouddev.test.selenium.tests.base.TestBuildPage] Click on Build: testBuildHistory
2016-04-12 23:19:25,526 DEBUG [oracle.clouddev.test.selenium.components.AssertElement] Check condition (element is visible) for element [By.xpath: (//tbody/tr[3]/td[4]/a[contains(text(),&apos;testBuildHistory&apos;)])] on http://ucf2c-dcs-release-hub1.opcdeveloper.oracleinternalucf2c.oraclecorp.com/qa-dev/#projects/qa-dev_test-shared-project1-1460525673052/build.
2016-04-12 23:19:26,041 INFO  [oracle.clouddev.test.selenium.tests.base.TestBuildPage] Waiting for job page to present
2016-04-12 23:19:26,244 DEBUG [oracle.clouddev.test.selenium.components.AssertElement] Check condition (element is visible) for element [By.xpath: (//div[@id=&apos;page-job&apos;])] on http://ucf2c-dcs-release-hub1.opcdeveloper.oracleinternalucf2c.oraclecorp.com/qa-dev/#projects/qa-dev_test-shared-project1-1460525673052/build/job/qa-dev_test-shared-project1-1460525673052.testBuildHistory.
2016-04-12 23:19:26,446 DEBUG [oracle.clouddev.test.selenium.components.AssertElement] Check condition (element exists) for element [By.xpath: (//div[@id=&apos;page-job&apos;])] on http://ucf2c-dcs-release-hub1.opcdeveloper.oracleinternalucf2c.oraclecorp.com/qa-dev/#projects/qa-dev_test-shared-project1-1460525673052/build/job/qa-dev_test-shared-project1-1460525673052.testBuildHistory.
2016-04-12 23:19:26,471 INFO  [oracle.clouddev.test.selenium.tests.base.TestBuildPage] Creating 3 builds History...
2016-04-12 23:19:26,471 INFO  [oracle.clouddev.test.selenium.tests.base.TestBuildPage] Build Now... Build #1
2016-04-12 23:19:28,484 DEBUG [oracle.clouddev.test.selenium.components.AssertElement] Check condition (element is visible) for element [By.xpath: (//button[@id=&apos;job-build-now-button&apos;])] on http://ucf2c-dcs-release-hub1.opcdeveloper.oracleinternalucf2c.oraclecorp.com/qa-dev/#projects/qa-dev_test-shared-project1-1460525673052/build/job/qa-dev_test-shared-project1-1460525673052.testBuildHistory.
2016-04-12 23:19:28,515 INFO  [oracle.clouddev.test.selenium.tests.base.TestBuildPage] Click on Build Now button
2016-04-12 23:19:30,633 INFO  [oracle.clouddev.test.selenium.tests.base.TestBuildPage] New Build start time: Tue Apr 12 23:19:30 PDT 2016
2016-04-12 23:19:30,633 INFO  [oracle.clouddev.test.selenium.tests.base.TestBuildPage] Waiting for New Build Queued
2016-04-12 23:19:30,661 DEBUG [oracle.clouddev.test.selenium.components.AssertElement] Check condition (element exists) for element [By.xpath: (//td[@id=&apos;queuedMessage&apos;])] on http://ucf2c-dcs-release-hub1.opcdeveloper.oracleinternalucf2c.oraclecorp.com/qa-dev/#projects/qa-dev_test-shared-project1-1460525673052/build/job/qa-dev_test-shared-project1-1460525673052.testBuildHistory.
2016-04-12 23:19:31,379 INFO  [oracle.clouddev.test.selenium.tests.base.TestBuildPage] Job queued
2016-04-12 23:19:31,379 INFO  [oracle.clouddev.test.selenium.tests.base.TestBuildPage] Waiting for New Build &amp;&amp; In progress to disappear
2016-04-12 23:19:31,408 INFO  [oracle.clouddev.test.selenium.tests.base.TestBuildPage] Queued start time: Tue Apr 12 23:19:31 PDT 2016
2016-04-12 23:19:31,408 INFO  [oracle.clouddev.test.selenium.tests.base.TestBuildPage] ...duration timeout: 1200 seconds
2016-04-12 23:19:31,408 INFO  [oracle.clouddev.test.selenium.tests.base.TestBuildPage] ...polling duration timeout: 60 seconds
2016-04-12 23:20:32,492 INFO  [oracle.clouddev.test.selenium.tests.base.TestBuildPage] Execution end time: Tue Apr 12 23:20:32 PDT 2016
2016-04-12 23:20:32,492 INFO  [oracle.clouddev.test.selenium.tests.base.TestBuildPage] Duration queued/execution time: 61.08500 seconds
2016-04-12 23:20:32,511 DEBUG [oracle.clouddev.test.selenium.components.AssertElement] Check condition (NOT (element exists)) for element [By.xpath: (//td[@id=&apos;newBuild&apos;])] on http://ucf2c-dcs-release-hub1.opcdeveloper.oracleinternalucf2c.oraclecorp.com/qa-dev/#projects/qa-dev_test-shared-project1-1460525673052/build/job/qa-dev_test-shared-project1-1460525673052.testBuildHistory.
2016-04-12 23:20:33,527 INFO  [oracle.clouddev.test.selenium.tests.base.TestBuildPage] In progress disappeared
2016-04-12 23:20:43,527 INFO  [oracle.clouddev.test.selenium.tests.base.TestBuildPage] Build Now... Build #2
2016-04-12 23:20:45,537 DEBUG [oracle.clouddev.test.selenium.components.AssertElement] Check condition (element is visible) for element [By.xpath: (//button[@id=&apos;job-build-now-button&apos;])] on http://ucf2c-dcs-release-hub1.opcdeveloper.oracleinternalucf2c.oraclecorp.com/qa-dev/#projects/qa-dev_test-shared-project1-1460525673052/build/job/qa-dev_test-shared-project1-1460525673052.testBuildHistory.
2016-04-12 23:20:45,559 INFO  [oracle.clouddev.test.selenium.tests.base.TestBuildPage] Click on Build Now button
2016-04-12 23:20:47,635 INFO  [oracle.clouddev.test.selenium.tests.base.TestBuildPage] New Build start time: Tue Apr 12 23:20:47 PDT 2016
2016-04-12 23:20:47,635 INFO  [oracle.clouddev.test.selenium.tests.base.TestBuildPage] Waiting for New Build Queued
2016-04-12 23:20:47,649 DEBUG [oracle.clouddev.test.selenium.components.AssertElement] Check condition (element exists) for element [By.xpath: (//td[@id=&apos;queuedMessage&apos;])] on http://ucf2c-dcs-release-hub1.opcdeveloper.oracleinternalucf2c.oraclecorp.com/qa-dev/#projects/qa-dev_test-shared-project1-1460525673052/build/job/qa-dev_test-shared-project1-1460525673052.testBuildHistory.
2016-04-12 23:20:52,776 INFO  [oracle.clouddev.test.selenium.tests.base.TestBuildPage] Job queued
2016-04-12 23:20:52,776 INFO  [oracle.clouddev.test.selenium.tests.base.TestBuildPage] Waiting for New Build &amp;&amp; In progress to disappear
2016-04-12 23:20:52,792 INFO  [oracle.clouddev.test.selenium.tests.base.TestBuildPage] Queued start time: Tue Apr 12 23:20:52 PDT 2016
2016-04-12 23:20:52,793 INFO  [oracle.clouddev.test.selenium.tests.base.TestBuildPage] ...duration timeout: 1200 seconds
2016-04-12 23:20:52,793 INFO  [oracle.clouddev.test.selenium.tests.base.TestBuildPage] ...polling duration timeout: 60 seconds
2016-04-12 23:21:53,838 INFO  [oracle.clouddev.test.selenium.tests.base.TestBuildPage] Execution end time: Tue Apr 12 23:21:53 PDT 2016
2016-04-12 23:21:53,838 INFO  [oracle.clouddev.test.selenium.tests.base.TestBuildPage] Duration queued/execution time: 61.04500 seconds
2016-04-12 23:21:53,847 DEBUG [oracle.clouddev.test.selenium.components.AssertElement] Check condition (NOT (element exists)) for element [By.xpath: (//td[@id=&apos;newBuild&apos;])] on http://ucf2c-dcs-release-hub1.opcdeveloper.oracleinternalucf2c.oraclecorp.com/qa-dev/#projects/qa-dev_test-shared-project1-1460525673052/build/job/qa-dev_test-shared-project1-1460525673052.testBuildHistory.
2016-04-12 23:21:54,854 INFO  [oracle.clouddev.test.selenium.tests.base.TestBuildPage] In progress disappeared
2016-04-12 23:22:04,854 INFO  [oracle.clouddev.test.selenium.tests.base.TestBuildPage] Build Now... Build #3
2016-04-12 23:22:06,868 DEBUG [oracle.clouddev.test.selenium.components.AssertElement] Check condition (element is visible) for element [By.xpath: (//button[@id=&apos;job-build-now-button&apos;])] on http://ucf2c-dcs-release-hub1.opcdeveloper.oracleinternalucf2c.oraclecorp.com/qa-dev/#projects/qa-dev_test-shared-project1-1460525673052/build/job/qa-dev_test-shared-project1-1460525673052.testBuildHistory.
2016-04-12 23:22:06,898 INFO  [oracle.clouddev.test.selenium.tests.base.TestBuildPage] Click on Build Now button
2016-04-12 23:22:09,056 INFO  [oracle.clouddev.test.selenium.tests.base.TestBuildPage] New Build start time: Tue Apr 12 23:22:09 PDT 2016
2016-04-12 23:22:09,056 INFO  [oracle.clouddev.test.selenium.tests.base.TestBuildPage] Waiting for New Build Queued
2016-04-12 23:22:09,193 DEBUG [oracle.clouddev.test.selenium.components.AssertElement] Check condition (element exists) for element [By.xpath: (//td[@id=&apos;queuedMessage&apos;])] on http://ucf2c-dcs-release-hub1.opcdeveloper.oracleinternalucf2c.oraclecorp.com/qa-dev/#projects/qa-dev_test-shared-project1-1460525673052/build/job/qa-dev_test-shared-project1-1460525673052.testBuildHistory.
2016-04-12 23:22:13,390 INFO  [oracle.clouddev.test.selenium.tests.base.TestBuildPage] Job queued
2016-04-12 23:22:13,390 INFO  [oracle.clouddev.test.selenium.tests.base.TestBuildPage] Waiting for New Build &amp;&amp; In progress to disappear
2016-04-12 23:22:13,435 INFO  [oracle.clouddev.test.selenium.tests.base.TestBuildPage] Queued start time: Tue Apr 12 23:22:13 PDT 2016
2016-04-12 23:22:13,435 INFO  [oracle.clouddev.test.selenium.tests.base.TestBuildPage] ...duration timeout: 1200 seconds
2016-04-12 23:22:13,435 INFO  [oracle.clouddev.test.selenium.tests.base.TestBuildPage] ...polling duration timeout: 60 seconds
2016-04-12 23:23:14,524 INFO  [oracle.clouddev.test.selenium.tests.base.TestBuildPage] Execution end time: Tue Apr 12 23:23:14 PDT 2016
2016-04-12 23:23:14,524 INFO  [oracle.clouddev.test.selenium.tests.base.TestBuildPage] Duration queued/execution time: 61.08900 seconds
2016-04-12 23:23:14,553 DEBUG [oracle.clouddev.test.selenium.components.AssertElement] Check condition (NOT (element exists)) for element [By.xpath: (//td[@id=&apos;newBuild&apos;])] on http://ucf2c-dcs-release-hub1.opcdeveloper.oracleinternalucf2c.oraclecorp.com/qa-dev/#projects/qa-dev_test-shared-project1-1460525673052/build/job/qa-dev_test-shared-project1-1460525673052.testBuildHistory.
2016-04-12 23:23:15,575 INFO  [oracle.clouddev.test.selenium.tests.base.TestBuildPage] In progress disappeared
    </system-out>
    </testcase>
    <testcase classname="oracle.clouddev.test.selenium.tests.base.TestBuildHistoryPage" name="checkBuildHistory" time="20.701">
      <properties>
        <property name="java.runtime.name" value="Java(TM) SE Runtime Environment"/>
        <property name="exec.mainClass" value="oracle.clouddev.test.selenium.RunTests"/>
        <property name="sun.boot.library.path" value="/usr/java/jdk1.8.0_74/jre/lib/amd64"/>
        <property name="java.vm.version" value="25.74-b02"/>
        <property name="java.vm.vendor" value="Oracle Corporation"/>
        <property name="java.vendor.url" value="http://java.oracle.com/"/>
        <property name="guice.disable.misplaced.annotation.check" value="true"/>
        <property name="path.separator" value=":"/>
        <property name="java.vm.name" value="Java HotSpot(TM) 64-Bit Server VM"/>
        <property name="file.encoding.pkg" value="sun.io"/>
        <property name="user.country" value="US"/>
        <property name="sun.java.launcher" value="SUN_STANDARD"/>
        <property name="sun.os.patch.level" value="unknown"/>
        <property name="http.noProxyHosts" value="localhost|127.0.0.1|*.local|*.oraclecorp.com|*.us.oracle.com"/>
        <property name="java.vm.specification.name" value="Java Virtual Machine Specification"/>
        <property name="user.dir" value="/home/builder/hudson/workspace/dcs_dcs.Release-Selenium-Tests/selenium-tests"/>
        <property name="java.runtime.version" value="1.8.0_74-b02"/>
        <property name="java.awt.graphicsenv" value="sun.awt.X11GraphicsEnvironment"/>
        <property name="java.endorsed.dirs" value="/usr/java/jdk1.8.0_74/jre/lib/endorsed"/>
        <property name="os.arch" value="amd64"/>
        <property name="java.io.tmpdir" value="/tmp"/>
        <property name="line.separator" value="
"/>
        <property name="java.vm.specification.vendor" value="Oracle Corporation"/>
        <property name="https.proxyHost" value="www-proxy.us.oracle.com"/>
        <property name="os.name" value="Linux"/>
        <property name="classworlds.conf" value="/usr/local/apache-maven/apache-maven-3.0.4/bin/m2.conf"/>
        <property name="sun.jnu.encoding" value="UTF-8"/>
        <property name="http.proxyPort" value="80"/>
        <property name="java.library.path" value="/usr/java/packages/lib/amd64:/usr/lib64:/lib64:/lib:/usr/lib"/>
        <property name="sun.awt.enableExtraMouseButtons" value="true"/>
        <property name="java.specification.name" value="Java Platform API Specification"/>
        <property name="java.class.version" value="52.0"/>
        <property name="sun.management.compiler" value="HotSpot 64-Bit Tiered Compilers"/>
        <property name="os.version" value="3.8.13-55.1.1.el6uek.x86_64"/>
        <property name="user.home" value="/home/builder"/>
        <property name="user.timezone" value="PST8PDT"/>
        <property name="java.awt.printerjob" value="sun.print.PSPrinterJob"/>
        <property name="file.encoding" value="UTF-8"/>
        <property name="java.specification.version" value="1.8"/>
        <property name="java.class.path" value="/usr/local/apache-maven/apache-maven-3.0.4/boot/plexus-classworlds-2.4.jar"/>
        <property name="user.name" value="builder"/>
        <property name="java.vm.specification.version" value="1.8"/>
        <property name="sun.java.command" value="org.codehaus.plexus.classworlds.launcher.Launcher -f /home/c2c/hudson/workspace/dcs_dcs.Release-Selenium-Tests/selenium-tests/pom.xml --batch-mode exec:java -Dexec.mainClass=oracle.clouddev.test.selenium.RunTests -Dexec.args=selenium.browser.size.w=1280 selenium.browser.size.h=960 capture.video=true capture.screenshots=true notification.type=swing notification.history=3 notification.font.size=15 job-release-selenium-tests.properties build.job=dcs_dcs.Release-Selenium-Tests build.number=295 target.release=16.2.3.0.0 timeout.build.buildqueue=1200 timeout.build.buildqueue.polling=60 -s BASE --tag base"/>
        <property name="java.home" value="/usr/java/jdk1.8.0_74/jre"/>
        <property name="sun.arch.data.model" value="64"/>
        <property name="user.language" value="en"/>
        <property name="java.specification.vendor" value="Oracle Corporation"/>
        <property name="awt.toolkit" value="sun.awt.X11.XToolkit"/>
        <property name="java.vm.info" value="mixed mode"/>
        <property name="java.version" value="1.8.0_74"/>
        <property name="securerandom.source" value="file:/dev/./urandom"/>
        <property name="java.ext.dirs" value="/usr/java/jdk1.8.0_74/jre/lib/ext:/usr/java/packages/lib/ext"/>
        <property name="http.proxyHost" value="www-proxy.us.oracle.com"/>
        <property name="sun.boot.class.path" value="/usr/java/jdk1.8.0_74/jre/lib/resources.jar:/usr/java/jdk1.8.0_74/jre/lib/rt.jar:/usr/java/jdk1.8.0_74/jre/lib/sunrsasign.jar:/usr/java/jdk1.8.0_74/jre/lib/jsse.jar:/usr/java/jdk1.8.0_74/jre/lib/jce.jar:/usr/java/jdk1.8.0_74/jre/lib/charsets.jar:/usr/java/jdk1.8.0_74/jre/lib/jfr.jar:/usr/java/jdk1.8.0_74/jre/classes"/>
        <property name="java.vendor" value="Oracle Corporation"/>
        <property name="maven.home" value="/usr/local/apache-maven/apache-maven-3.0.4"/>
        <property name="file.separator" value="/"/>
        <property name="java.vendor.url.bug" value="http://bugreport.sun.com/bugreport/"/>
        <property name="sun.font.fontmanager" value="sun.awt.X11FontManager"/>
        <property name="sun.io.unicode.encoding" value="UnicodeLittle"/>
        <property name="sun.cpu.endian" value="little"/>
        <property name="https.proxyPort" value="80"/>
        <property name="exec.args" value="selenium.browser.size.w=1280 selenium.browser.size.h=960 capture.video=true capture.screenshots=true notification.type=swing notification.history=3 notification.font.size=15 job-release-selenium-tests.properties build.job=dcs_dcs.Release-Selenium-Tests build.number=295 target.release=16.2.3.0.0 timeout.build.buildqueue=1200 timeout.build.buildqueue.polling=60 -s BASE --tag base"/>
        <property name="sun.cpu.isalist" value=""/>
        <property name="test.selenium.browser.size.h" value="960"/>
        <property name="test.user.non-admin.name" value="tom.testsuite"/>
        <property name="test.https.proxyHost" value="www-proxy.us.oracle.com"/>
        <property name="test.user.admin.name" value="tina.testsuite"/>
        <property name="test.user.em-agent.password" value="Welcome1!"/>
        <property name="test.tag" value="base"/>
        <property name="test.user.em-agent.fullname" value="Alex Admin"/>
        <property name="test.selenium.port" value="44000"/>
        <property name="test.build.number" value="295"/>
        <property name="test.user.sdi-agent.enabled" value="true"/>
        <property name="test.timeout.assert.condition" value="30"/>
        <property name="test.target.version" value="{
  &quot;buildInformation&quot; : {
    &quot;gitCommitId&quot; : &quot;6415b9c07a83d336f513936eb79c4a925510b07b&quot;,
    &quot;gitCommitMessage&quot; : &quot;Merge branch &apos;Fix18963&apos; into &apos;patchset_16_2_3&apos;&quot;,
    &quot;buildTime&quot; : &quot;12.04.2016 @ 21:58:42 PDT&quot;,
    &quot;buildUser&quot; : &quot;Code2Cloud Builder&quot;
  }
}"/>
        <property name="test.build.job" value="dcs_dcs.Release-Selenium-Tests"/>
        <property name="test.timeout.project.create" value="660"/>
        <property name="test.user.sdi-agent.name" value="alex.admin"/>
        <property name="test.selenium.browser" value="firefox"/>
        <property name="test.http.proxyPort" value="80"/>
        <property name="test.user.sdi-agent.password" value="Welcome1!"/>
        <property name="test.user.sdi-agent.fullname" value="Alex Admin"/>
        <property name="test.timeout.selenium.navigate" value="20"/>
        <property name="test.target.release" value="16.2.3.0.0"/>
        <property name="test.byom.ip" value="127.0.0.1"/>
        <property name="test.byom.port" value="8585"/>
        <property name="test.notification.type" value="swing"/>
        <property name="test.data.project.override" value=""/>
        <property name="test.timeout.selenium.find" value="1"/>
        <property name="test.user.em-agent.enabled" value="true"/>
        <property name="test.testEmptyOrg.db.id" value=""/>
        <property name="test.reviews.timeout.slowdown" value="0"/>
        <property name="test.http.noProxyHosts" value="localhost|127.0.0.1|*.local|*.oraclecorp.com|*.us.oracle.com"/>
        <property name="test.capture.video" value="true"/>
        <property name="test.user.non-admin.password" value="Welcome1!"/>
        <property name="test.user.non-admin.fullname" value="Tom Testsuite"/>
        <property name="test.user.admin.password" value="Welcome1!"/>
        <property name="test.notification.history" value="3"/>
        <property name="test.user.admin.fullname" value="Tina Testsuite"/>
        <property name="test.capture.screenshots" value="true"/>
        <property name="test.testEmptyOrg.db.connectString" value="jdbc:oracle:thin:@(DESCRIPTION=(ADDRESS=(PROTOCOL=TCP)(HOST=slc09iwb.us.oracle.com)(PORT=1521))(CONNECT_DATA=(SERVICE_NAME=dbpod)))"/>
        <property name="test.firefox.bin" value=""/>
        <property name="test.https.proxyPort" value="80"/>
        <property name="test.develop.offline" value="false"/>
        <property name="test.timeout.build.buildqueue.polling" value="60"/>
        <property name="test.output.dir" value="target/test-reports/"/>
        <property name="test.firefox.allowedHosts" value="localhost,localhost.localdomain"/>
        <property name="test.testEmptyOrg.db.schema" value="BV2RLPNYEWMR"/>
        <property name="test.web.url" value="http://ucf2c-dcs-release-hub1.opcdeveloper.oracleinternalucf2c.oraclecorp.com/qa-dev/"/>
        <property name="test.firefox.extensions" value=""/>
        <property name="test.testEmptyOrg.orgExistsCheck" value="false"/>
        <property name="test.data.dir" value="data/"/>
        <property name="test.notification.font.size" value="15"/>
        <property name="test.testEmptyOrg.service" value="devservice5"/>
        <property name="test.selenium.start.server" value="false"/>
        <property name="test.firefox.profile.path" value=""/>
        <property name="test.selenium.host" value="localhost"/>
        <property name="test.suite" value="BASE"/>
        <property name="test.tests" value=""/>
        <property name="test.user.admin.idm" value="dcsdevteam"/>
        <property name="test.http.proxyHost" value="www-proxy.us.oracle.com"/>
        <property name="test.testMethods" value=""/>
        <property name="test.reviews.dontDeleteEnviroment" value="false"/>
        <property name="test.selenium.browser.maximize" value="false"/>
        <property name="test.firefox.profile.name" value=""/>
        <property name="test.timeout.build.buildqueue" value="1200"/>
        <property name="test.user.em-agent.idm" value="dcsdevteam"/>
        <property name="test.selenium.remote" value="false"/>
        <property name="test.user.sdi-agent.idm" value="dcsdevteam"/>
        <property name="test.byom.authToken" value="123456"/>
        <property name="test.proxy.autodetect" value="false"/>
        <property name="test.testEmptyOrg.idm" value="dcsdevteam"/>
        <property name="test.user.non-admin.idm" value="dcsdevteam"/>
        <property name="test.data.tasks.useexisting" value="false"/>
        <property name="test.selenium.browser.size.w" value="1280"/>
        <property name="test.category" value="DEFAULT"/>
        <property name="test.user.em-agent.name" value="alex.admin"/>
        <property name="test.timeout.slowdown" value="0"/>
      </properties>
    <system-out>
2016-04-12 23:23:25,577 INFO  [oracle.clouddev.test.framework.rest.RestClient] [request#187] POST http://ucf2c-dcs-release-hub1.opcdeveloper.oracleinternalucf2c.oraclecorp.com/qa-dev/api/projects/search2 HTTP/1.1 (user: ADMIN(dcsdevteam/tina.testsuite/Welcome1!))
2016-04-12 23:23:25,577 DEBUG [oracle.clouddev.test.framework.rest.RestClient] [request#187] posted content:
{
  &quot;projectRelationship&quot; : &quot;ALL&quot;,
  &quot;organizationIdentifier&quot; : &quot;qa-dev&quot;,
  &quot;shallowCopy&quot; : false
}
2016-04-12 23:23:25,577 DEBUG [oracle.clouddev.test.framework.rest.RestClient] [request#187] cURL: curl -k -u tina.testsuite:Welcome1! -X POST &apos;http://ucf2c-dcs-release-hub1.opcdeveloper.oracleinternalucf2c.oraclecorp.com/qa-dev/api/projects/search2&apos; -H &apos;Content-Type: application/json; charset=UTF-8&apos; --data-binary &apos;{  &quot;projectRelationship&quot; : &quot;ALL&quot;,  &quot;organizationIdentifier&quot; : &quot;qa-dev&quot;,  &quot;shallowCopy&quot; : false}&apos;
2016-04-12 23:23:26,917 INFO  [oracle.clouddev.test.framework.rest.RestClient] [request#187] HTTP/1.1 200 OK
2016-04-12 23:23:26,917 DEBUG [oracle.clouddev.test.framework.rest.RestClient] [request#187] Content-Type: application/json;charset=UTF-8
2016-04-12 23:23:26,918 DEBUG [oracle.clouddev.test.framework.rest.RestClient] [request#187] Content-Length: -- no value --
2016-04-12 23:23:27,067 DEBUG [oracle.clouddev.test.selenium.junit.BrowserSession] navigating to project qa-dev_test-shared-project1-1460525673052 (http://ucf2c-dcs-release-hub1.opcdeveloper.oracleinternalucf2c.oraclecorp.com/qa-dev/#/projects/qa-dev_test-shared-project1-1460525673052)
2016-04-12 23:23:28,855 DEBUG [oracle.clouddev.test.selenium.components.AssertElement] Check condition (oracle.clouddev.test.selenium.components.Conditions$5@4bfec10d) for element [By.xpath: .//button[@id=&apos;odcs-project-selector&apos;]/span[1]] on http://ucf2c-dcs-release-hub1.opcdeveloper.oracleinternalucf2c.oraclecorp.com/qa-dev/#/projects/qa-dev_test-shared-project1-1460525673052.
2016-04-12 23:23:28,890 DEBUG [oracle.clouddev.test.selenium.components.AssertElement] Check condition (NOT (element is visible)) for element [By.id: page-provision] on http://ucf2c-dcs-release-hub1.opcdeveloper.oracleinternalucf2c.oraclecorp.com/qa-dev/#/projects/qa-dev_test-shared-project1-1460525673052.
2016-04-12 23:23:29,913 DEBUG [oracle.clouddev.test.selenium.components.AssertElement] Check condition (element is visible) for element [By.id: odcs-nav-tabs] on http://ucf2c-dcs-release-hub1.opcdeveloper.oracleinternalucf2c.oraclecorp.com/qa-dev/#/projects/qa-dev_test-shared-project1-1460525673052.
2016-04-12 23:23:29,960 DEBUG [oracle.clouddev.test.selenium.components.AssertElement] Check condition (element is visible) for element [By.xpath: .//a[@id=&apos;build&apos;] under [By.id: odcs-nav-tabs]] on http://ucf2c-dcs-release-hub1.opcdeveloper.oracleinternalucf2c.oraclecorp.com/qa-dev/#/projects/qa-dev_test-shared-project1-1460525673052.
2016-04-12 23:23:30,004 DEBUG [oracle.clouddev.test.selenium.components.AssertElement] Check condition (NOT (element has style class &apos;oj-disabled&apos;)) for element [By.xpath: .//a[@id=&apos;build&apos;] under [By.id: odcs-nav-tabs]] on http://ucf2c-dcs-release-hub1.opcdeveloper.oracleinternalucf2c.oraclecorp.com/qa-dev/#/projects/qa-dev_test-shared-project1-1460525673052.
2016-04-12 23:23:30,032 DEBUG [oracle.clouddev.test.selenium.components.AssertElement] Check condition (element is visible) for element [By.xpath: .//a[@id=&apos;build&apos;] under [By.id: odcs-nav-tabs]] on http://ucf2c-dcs-release-hub1.opcdeveloper.oracleinternalucf2c.oraclecorp.com/qa-dev/#/projects/qa-dev_test-shared-project1-1460525673052.
2016-04-12 23:23:30,284 DEBUG [oracle.clouddev.test.selenium.components.AssertElement] Check condition (element has style class &apos;oj-active&apos;) for element [By.xpath: .//a[@id=&apos;build&apos;] under [By.id: odcs-nav-tabs]] on http://ucf2c-dcs-release-hub1.opcdeveloper.oracleinternalucf2c.oraclecorp.com/qa-dev/#projects/qa-dev_test-shared-project1-1460525673052/build.
2016-04-12 23:23:30,727 DEBUG [oracle.clouddev.test.selenium.components.AssertElement] Check condition (element is visible) for element [By.xpath: .//a[@id=&apos;build&apos;] under [By.id: odcs-nav-tabs]] on http://ucf2c-dcs-release-hub1.opcdeveloper.oracleinternalucf2c.oraclecorp.com/qa-dev/#projects/qa-dev_test-shared-project1-1460525673052/build.
2016-04-12 23:23:30,905 INFO  [oracle.clouddev.test.selenium.tests.base.TestBuildPage] Entering oracle.clouddev.test.selenium.tests.base.TestBuildPage
2016-04-12 23:23:30,905 INFO  [oracle.clouddev.test.selenium.tests.base.TestBuildPage] TestBuildHistoryPage.checkBuildHistory
2016-04-12 23:23:30,905 INFO  [oracle.clouddev.test.selenium.tests.base.TestBuildPage] Waiting for jobs page to present
2016-04-12 23:23:30,923 DEBUG [oracle.clouddev.test.selenium.components.AssertElement] Check condition (element is visible) for element [By.xpath: (//div[@id=&apos;page-jobs&apos;])] on http://ucf2c-dcs-release-hub1.opcdeveloper.oracleinternalucf2c.oraclecorp.com/qa-dev/#projects/qa-dev_test-shared-project1-1460525673052/build.
2016-04-12 23:23:30,974 DEBUG [oracle.clouddev.test.selenium.components.AssertElement] Check condition (element exists) for element [By.xpath: (//div[@id=&apos;page-jobs&apos;])] on http://ucf2c-dcs-release-hub1.opcdeveloper.oracleinternalucf2c.oraclecorp.com/qa-dev/#projects/qa-dev_test-shared-project1-1460525673052/build.
2016-04-12 23:23:30,987 INFO  [oracle.clouddev.test.selenium.tests.base.TestBuildPage] Click and launch job page for testBuildHistory
2016-04-12 23:23:30,987 INFO  [oracle.clouddev.test.selenium.tests.base.TestBuildPage] TestBuildPage.null entering clickJob
2016-04-12 23:23:31,006 DEBUG [oracle.clouddev.test.selenium.components.AssertElement] Check condition (element is visible) for element [By.xpath: (//div[@id=&apos;page-jobs&apos;])] on http://ucf2c-dcs-release-hub1.opcdeveloper.oracleinternalucf2c.oraclecorp.com/qa-dev/#projects/qa-dev_test-shared-project1-1460525673052/build.
2016-04-12 23:23:31,041 INFO  [oracle.clouddev.test.selenium.tests.base.TestBuildPage] TestBuildPage.null entering _getJobRow(testBuildHistory)
2016-04-12 23:23:31,058 DEBUG [oracle.clouddev.test.selenium.components.AssertElement] Check condition (element is visible) for element [By.xpath: (//table[@id=&apos;jobs-table-table&apos;])] on http://ucf2c-dcs-release-hub1.opcdeveloper.oracleinternalucf2c.oraclecorp.com/qa-dev/#projects/qa-dev_test-shared-project1-1460525673052/build.
2016-04-12 23:23:33,143 DEBUG [oracle.clouddev.test.selenium.components.AssertElement] Check condition (element is visible) for element [By.xpath: (//tbody/tr[1]/td[4]/a)] on http://ucf2c-dcs-release-hub1.opcdeveloper.oracleinternalucf2c.oraclecorp.com/qa-dev/#projects/qa-dev_test-shared-project1-1460525673052/build.
2016-04-12 23:23:33,253 DEBUG [oracle.clouddev.test.selenium.components.AssertElement] Check condition (element is visible) for element [By.xpath: (//tbody/tr[2]/td[4]/a)] on http://ucf2c-dcs-release-hub1.opcdeveloper.oracleinternalucf2c.oraclecorp.com/qa-dev/#projects/qa-dev_test-shared-project1-1460525673052/build.
2016-04-12 23:23:33,350 DEBUG [oracle.clouddev.test.selenium.components.AssertElement] Check condition (element is visible) for element [By.xpath: (//tbody/tr[3]/td[4]/a)] on http://ucf2c-dcs-release-hub1.opcdeveloper.oracleinternalucf2c.oraclecorp.com/qa-dev/#projects/qa-dev_test-shared-project1-1460525673052/build.
2016-04-12 23:23:33,407 INFO  [oracle.clouddev.test.selenium.tests.base.TestBuildPage] Click on Build: testBuildHistory
2016-04-12 23:23:33,436 DEBUG [oracle.clouddev.test.selenium.components.AssertElement] Check condition (element is visible) for element [By.xpath: (//tbody/tr[3]/td[4]/a[contains(text(),&apos;testBuildHistory&apos;)])] on http://ucf2c-dcs-release-hub1.opcdeveloper.oracleinternalucf2c.oraclecorp.com/qa-dev/#projects/qa-dev_test-shared-project1-1460525673052/build.
2016-04-12 23:23:33,953 INFO  [oracle.clouddev.test.selenium.tests.base.TestBuildPage] Waiting for job page to present
2016-04-12 23:23:33,965 DEBUG [oracle.clouddev.test.selenium.components.AssertElement] Check condition (element is visible) for element [By.xpath: (//div[@id=&apos;page-job&apos;])] on http://ucf2c-dcs-release-hub1.opcdeveloper.oracleinternalucf2c.oraclecorp.com/qa-dev/#projects/qa-dev_test-shared-project1-1460525673052/build/job/qa-dev_test-shared-project1-1460525673052.testBuildHistory.
2016-04-12 23:23:34,012 DEBUG [oracle.clouddev.test.selenium.components.AssertElement] Check condition (element exists) for element [By.xpath: (//div[@id=&apos;page-job&apos;])] on http://ucf2c-dcs-release-hub1.opcdeveloper.oracleinternalucf2c.oraclecorp.com/qa-dev/#projects/qa-dev_test-shared-project1-1460525673052/build/job/qa-dev_test-shared-project1-1460525673052.testBuildHistory.
2016-04-12 23:23:34,034 INFO  [oracle.clouddev.test.selenium.tests.base.TestBuildPage] Find builds table
2016-04-12 23:23:40,095 INFO  [oracle.clouddev.test.selenium.tests.base.TestBuildPage] Build History counts: 3
2016-04-12 23:23:40,095 INFO  [oracle.clouddev.test.selenium.tests.base.TestBuildPage] Checking Status column
2016-04-12 23:23:42,110 DEBUG [oracle.clouddev.test.selenium.components.AssertElement] Check condition (element is visible) for element [By.xpath: (//div[@class=&apos;builds-table&apos;]/div/table/tbody/tr[3]/td[2]/span)] on http://ucf2c-dcs-release-hub1.opcdeveloper.oracleinternalucf2c.oraclecorp.com/qa-dev/#projects/qa-dev_test-shared-project1-1460525673052/build/job/qa-dev_test-shared-project1-1460525673052.testBuildHistory.
2016-04-12 23:23:42,174 INFO  [oracle.clouddev.test.selenium.tests.base.TestBuildPage] Build #3: image-cell stat_checkmark_24_full
2016-04-12 23:23:42,174 INFO  [oracle.clouddev.test.selenium.tests.base.TestBuildPage] Checking Status column
2016-04-12 23:23:44,191 DEBUG [oracle.clouddev.test.selenium.components.AssertElement] Check condition (element is visible) for element [By.xpath: (//div[@class=&apos;builds-table&apos;]/div/table/tbody/tr[2]/td[2]/span)] on http://ucf2c-dcs-release-hub1.opcdeveloper.oracleinternalucf2c.oraclecorp.com/qa-dev/#projects/qa-dev_test-shared-project1-1460525673052/build/job/qa-dev_test-shared-project1-1460525673052.testBuildHistory.
2016-04-12 23:23:44,224 INFO  [oracle.clouddev.test.selenium.tests.base.TestBuildPage] Build #2: image-cell stat_checkmark_24_full
2016-04-12 23:23:44,224 INFO  [oracle.clouddev.test.selenium.tests.base.TestBuildPage] Checking Status column
2016-04-12 23:23:46,239 DEBUG [oracle.clouddev.test.selenium.components.AssertElement] Check condition (element is visible) for element [By.xpath: (//div[@class=&apos;builds-table&apos;]/div/table/tbody/tr[1]/td[2]/span)] on http://ucf2c-dcs-release-hub1.opcdeveloper.oracleinternalucf2c.oraclecorp.com/qa-dev/#projects/qa-dev_test-shared-project1-1460525673052/build/job/qa-dev_test-shared-project1-1460525673052.testBuildHistory.
2016-04-12 23:23:46,277 INFO  [oracle.clouddev.test.selenium.tests.base.TestBuildPage] Build #1: image-cell stat_checkmark_24_full
    </system-out>
    </testcase>
    <testcase classname="oracle.clouddev.test.selenium.tests.base.TestBuildHistoryPage" name="checkConsoleOutput" time="21.714">
      <properties>
        <property name="java.runtime.name" value="Java(TM) SE Runtime Environment"/>
        <property name="exec.mainClass" value="oracle.clouddev.test.selenium.RunTests"/>
        <property name="sun.boot.library.path" value="/usr/java/jdk1.8.0_74/jre/lib/amd64"/>
        <property name="java.vm.version" value="25.74-b02"/>
        <property name="java.vm.vendor" value="Oracle Corporation"/>
        <property name="java.vendor.url" value="http://java.oracle.com/"/>
        <property name="guice.disable.misplaced.annotation.check" value="true"/>
        <property name="path.separator" value=":"/>
        <property name="java.vm.name" value="Java HotSpot(TM) 64-Bit Server VM"/>
        <property name="file.encoding.pkg" value="sun.io"/>
        <property name="user.country" value="US"/>
        <property name="sun.java.launcher" value="SUN_STANDARD"/>
        <property name="sun.os.patch.level" value="unknown"/>
        <property name="http.noProxyHosts" value="localhost|127.0.0.1|*.local|*.oraclecorp.com|*.us.oracle.com"/>
        <property name="java.vm.specification.name" value="Java Virtual Machine Specification"/>
        <property name="user.dir" value="/home/builder/hudson/workspace/dcs_dcs.Release-Selenium-Tests/selenium-tests"/>
        <property name="java.runtime.version" value="1.8.0_74-b02"/>
        <property name="java.awt.graphicsenv" value="sun.awt.X11GraphicsEnvironment"/>
        <property name="java.endorsed.dirs" value="/usr/java/jdk1.8.0_74/jre/lib/endorsed"/>
        <property name="os.arch" value="amd64"/>
        <property name="java.io.tmpdir" value="/tmp"/>
        <property name="line.separator" value="
"/>
        <property name="java.vm.specification.vendor" value="Oracle Corporation"/>
        <property name="https.proxyHost" value="www-proxy.us.oracle.com"/>
        <property name="os.name" value="Linux"/>
        <property name="classworlds.conf" value="/usr/local/apache-maven/apache-maven-3.0.4/bin/m2.conf"/>
        <property name="sun.jnu.encoding" value="UTF-8"/>
        <property name="http.proxyPort" value="80"/>
        <property name="java.library.path" value="/usr/java/packages/lib/amd64:/usr/lib64:/lib64:/lib:/usr/lib"/>
        <property name="sun.awt.enableExtraMouseButtons" value="true"/>
        <property name="java.specification.name" value="Java Platform API Specification"/>
        <property name="java.class.version" value="52.0"/>
        <property name="sun.management.compiler" value="HotSpot 64-Bit Tiered Compilers"/>
        <property name="os.version" value="3.8.13-55.1.1.el6uek.x86_64"/>
        <property name="user.home" value="/home/builder"/>
        <property name="user.timezone" value="PST8PDT"/>
        <property name="java.awt.printerjob" value="sun.print.PSPrinterJob"/>
        <property name="file.encoding" value="UTF-8"/>
        <property name="java.specification.version" value="1.8"/>
        <property name="java.class.path" value="/usr/local/apache-maven/apache-maven-3.0.4/boot/plexus-classworlds-2.4.jar"/>
        <property name="user.name" value="builder"/>
        <property name="java.vm.specification.version" value="1.8"/>
        <property name="sun.java.command" value="org.codehaus.plexus.classworlds.launcher.Launcher -f /home/c2c/hudson/workspace/dcs_dcs.Release-Selenium-Tests/selenium-tests/pom.xml --batch-mode exec:java -Dexec.mainClass=oracle.clouddev.test.selenium.RunTests -Dexec.args=selenium.browser.size.w=1280 selenium.browser.size.h=960 capture.video=true capture.screenshots=true notification.type=swing notification.history=3 notification.font.size=15 job-release-selenium-tests.properties build.job=dcs_dcs.Release-Selenium-Tests build.number=295 target.release=16.2.3.0.0 timeout.build.buildqueue=1200 timeout.build.buildqueue.polling=60 -s BASE --tag base"/>
        <property name="java.home" value="/usr/java/jdk1.8.0_74/jre"/>
        <property name="sun.arch.data.model" value="64"/>
        <property name="user.language" value="en"/>
        <property name="java.specification.vendor" value="Oracle Corporation"/>
        <property name="awt.toolkit" value="sun.awt.X11.XToolkit"/>
        <property name="java.vm.info" value="mixed mode"/>
        <property name="java.version" value="1.8.0_74"/>
        <property name="securerandom.source" value="file:/dev/./urandom"/>
        <property name="java.ext.dirs" value="/usr/java/jdk1.8.0_74/jre/lib/ext:/usr/java/packages/lib/ext"/>
        <property name="http.proxyHost" value="www-proxy.us.oracle.com"/>
        <property name="sun.boot.class.path" value="/usr/java/jdk1.8.0_74/jre/lib/resources.jar:/usr/java/jdk1.8.0_74/jre/lib/rt.jar:/usr/java/jdk1.8.0_74/jre/lib/sunrsasign.jar:/usr/java/jdk1.8.0_74/jre/lib/jsse.jar:/usr/java/jdk1.8.0_74/jre/lib/jce.jar:/usr/java/jdk1.8.0_74/jre/lib/charsets.jar:/usr/java/jdk1.8.0_74/jre/lib/jfr.jar:/usr/java/jdk1.8.0_74/jre/classes"/>
        <property name="java.vendor" value="Oracle Corporation"/>
        <property name="maven.home" value="/usr/local/apache-maven/apache-maven-3.0.4"/>
        <property name="file.separator" value="/"/>
        <property name="java.vendor.url.bug" value="http://bugreport.sun.com/bugreport/"/>
        <property name="sun.font.fontmanager" value="sun.awt.X11FontManager"/>
        <property name="sun.io.unicode.encoding" value="UnicodeLittle"/>
        <property name="sun.cpu.endian" value="little"/>
        <property name="https.proxyPort" value="80"/>
        <property name="exec.args" value="selenium.browser.size.w=1280 selenium.browser.size.h=960 capture.video=true capture.screenshots=true notification.type=swing notification.history=3 notification.font.size=15 job-release-selenium-tests.properties build.job=dcs_dcs.Release-Selenium-Tests build.number=295 target.release=16.2.3.0.0 timeout.build.buildqueue=1200 timeout.build.buildqueue.polling=60 -s BASE --tag base"/>
        <property name="sun.cpu.isalist" value=""/>
        <property name="test.selenium.browser.size.h" value="960"/>
        <property name="test.user.non-admin.name" value="tom.testsuite"/>
        <property name="test.https.proxyHost" value="www-proxy.us.oracle.com"/>
        <property name="test.user.admin.name" value="tina.testsuite"/>
        <property name="test.user.em-agent.password" value="Welcome1!"/>
        <property name="test.tag" value="base"/>
        <property name="test.user.em-agent.fullname" value="Alex Admin"/>
        <property name="test.selenium.port" value="44000"/>
        <property name="test.build.number" value="295"/>
        <property name="test.user.sdi-agent.enabled" value="true"/>
        <property name="test.timeout.assert.condition" value="30"/>
        <property name="test.target.version" value="{
  &quot;buildInformation&quot; : {
    &quot;gitCommitId&quot; : &quot;6415b9c07a83d336f513936eb79c4a925510b07b&quot;,
    &quot;gitCommitMessage&quot; : &quot;Merge branch &apos;Fix18963&apos; into &apos;patchset_16_2_3&apos;&quot;,
    &quot;buildTime&quot; : &quot;12.04.2016 @ 21:58:42 PDT&quot;,
    &quot;buildUser&quot; : &quot;Code2Cloud Builder&quot;
  }
}"/>
        <property name="test.build.job" value="dcs_dcs.Release-Selenium-Tests"/>
        <property name="test.timeout.project.create" value="660"/>
        <property name="test.user.sdi-agent.name" value="alex.admin"/>
        <property name="test.selenium.browser" value="firefox"/>
        <property name="test.http.proxyPort" value="80"/>
        <property name="test.user.sdi-agent.password" value="Welcome1!"/>
        <property name="test.user.sdi-agent.fullname" value="Alex Admin"/>
        <property name="test.timeout.selenium.navigate" value="20"/>
        <property name="test.target.release" value="16.2.3.0.0"/>
        <property name="test.byom.ip" value="127.0.0.1"/>
        <property name="test.byom.port" value="8585"/>
        <property name="test.notification.type" value="swing"/>
        <property name="test.data.project.override" value=""/>
        <property name="test.timeout.selenium.find" value="1"/>
        <property name="test.user.em-agent.enabled" value="true"/>
        <property name="test.testEmptyOrg.db.id" value=""/>
        <property name="test.reviews.timeout.slowdown" value="0"/>
        <property name="test.http.noProxyHosts" value="localhost|127.0.0.1|*.local|*.oraclecorp.com|*.us.oracle.com"/>
        <property name="test.capture.video" value="true"/>
        <property name="test.user.non-admin.password" value="Welcome1!"/>
        <property name="test.user.non-admin.fullname" value="Tom Testsuite"/>
        <property name="test.user.admin.password" value="Welcome1!"/>
        <property name="test.notification.history" value="3"/>
        <property name="test.user.admin.fullname" value="Tina Testsuite"/>
        <property name="test.capture.screenshots" value="true"/>
        <property name="test.testEmptyOrg.db.connectString" value="jdbc:oracle:thin:@(DESCRIPTION=(ADDRESS=(PROTOCOL=TCP)(HOST=slc09iwb.us.oracle.com)(PORT=1521))(CONNECT_DATA=(SERVICE_NAME=dbpod)))"/>
        <property name="test.firefox.bin" value=""/>
        <property name="test.https.proxyPort" value="80"/>
        <property name="test.develop.offline" value="false"/>
        <property name="test.timeout.build.buildqueue.polling" value="60"/>
        <property name="test.output.dir" value="target/test-reports/"/>
        <property name="test.firefox.allowedHosts" value="localhost,localhost.localdomain"/>
        <property name="test.testEmptyOrg.db.schema" value="BV2RLPNYEWMR"/>
        <property name="test.web.url" value="http://ucf2c-dcs-release-hub1.opcdeveloper.oracleinternalucf2c.oraclecorp.com/qa-dev/"/>
        <property name="test.firefox.extensions" value=""/>
        <property name="test.testEmptyOrg.orgExistsCheck" value="false"/>
        <property name="test.data.dir" value="data/"/>
        <property name="test.notification.font.size" value="15"/>
        <property name="test.testEmptyOrg.service" value="devservice5"/>
        <property name="test.selenium.start.server" value="false"/>
        <property name="test.firefox.profile.path" value=""/>
        <property name="test.selenium.host" value="localhost"/>
        <property name="test.suite" value="BASE"/>
        <property name="test.tests" value=""/>
        <property name="test.user.admin.idm" value="dcsdevteam"/>
        <property name="test.http.proxyHost" value="www-proxy.us.oracle.com"/>
        <property name="test.testMethods" value=""/>
        <property name="test.reviews.dontDeleteEnviroment" value="false"/>
        <property name="test.selenium.browser.maximize" value="false"/>
        <property name="test.firefox.profile.name" value=""/>
        <property name="test.timeout.build.buildqueue" value="1200"/>
        <property name="test.user.em-agent.idm" value="dcsdevteam"/>
        <property name="test.selenium.remote" value="false"/>
        <property name="test.user.sdi-agent.idm" value="dcsdevteam"/>
        <property name="test.byom.authToken" value="123456"/>
        <property name="test.proxy.autodetect" value="false"/>
        <property name="test.testEmptyOrg.idm" value="dcsdevteam"/>
        <property name="test.user.non-admin.idm" value="dcsdevteam"/>
        <property name="test.data.tasks.useexisting" value="false"/>
        <property name="test.selenium.browser.size.w" value="1280"/>
        <property name="test.category" value="DEFAULT"/>
        <property name="test.user.em-agent.name" value="alex.admin"/>
        <property name="test.timeout.slowdown" value="0"/>
      </properties>
    <system-out>
2016-04-12 23:23:46,279 INFO  [oracle.clouddev.test.framework.rest.RestClient] [request#188] POST http://ucf2c-dcs-release-hub1.opcdeveloper.oracleinternalucf2c.oraclecorp.com/qa-dev/api/projects/search2 HTTP/1.1 (user: ADMIN(dcsdevteam/tina.testsuite/Welcome1!))
2016-04-12 23:23:46,279 DEBUG [oracle.clouddev.test.framework.rest.RestClient] [request#188] posted content:
{
  &quot;projectRelationship&quot; : &quot;ALL&quot;,
  &quot;organizationIdentifier&quot; : &quot;qa-dev&quot;,
  &quot;shallowCopy&quot; : false
}
2016-04-12 23:23:46,279 DEBUG [oracle.clouddev.test.framework.rest.RestClient] [request#188] cURL: curl -k -u tina.testsuite:Welcome1! -X POST &apos;http://ucf2c-dcs-release-hub1.opcdeveloper.oracleinternalucf2c.oraclecorp.com/qa-dev/api/projects/search2&apos; -H &apos;Content-Type: application/json; charset=UTF-8&apos; --data-binary &apos;{  &quot;projectRelationship&quot; : &quot;ALL&quot;,  &quot;organizationIdentifier&quot; : &quot;qa-dev&quot;,  &quot;shallowCopy&quot; : false}&apos;
2016-04-12 23:23:47,620 INFO  [oracle.clouddev.test.framework.rest.RestClient] [request#188] HTTP/1.1 200 OK
2016-04-12 23:23:47,620 DEBUG [oracle.clouddev.test.framework.rest.RestClient] [request#188] Content-Type: application/json;charset=UTF-8
2016-04-12 23:23:47,620 DEBUG [oracle.clouddev.test.framework.rest.RestClient] [request#188] Content-Length: -- no value --
2016-04-12 23:23:47,732 DEBUG [oracle.clouddev.test.selenium.junit.BrowserSession] navigating to project qa-dev_test-shared-project1-1460525673052 (http://ucf2c-dcs-release-hub1.opcdeveloper.oracleinternalucf2c.oraclecorp.com/qa-dev/#/projects/qa-dev_test-shared-project1-1460525673052)
2016-04-12 23:23:48,701 DEBUG [oracle.clouddev.test.selenium.components.AssertElement] Check condition (oracle.clouddev.test.selenium.components.Conditions$5@619b1e84) for element [By.xpath: .//button[@id=&apos;odcs-project-selector&apos;]/span[1]] on http://ucf2c-dcs-release-hub1.opcdeveloper.oracleinternalucf2c.oraclecorp.com/qa-dev/#/projects/qa-dev_test-shared-project1-1460525673052.
2016-04-12 23:23:48,742 DEBUG [oracle.clouddev.test.selenium.components.AssertElement] Check condition (NOT (element is visible)) for element [By.id: page-provision] on http://ucf2c-dcs-release-hub1.opcdeveloper.oracleinternalucf2c.oraclecorp.com/qa-dev/#/projects/qa-dev_test-shared-project1-1460525673052.
2016-04-12 23:23:49,768 DEBUG [oracle.clouddev.test.selenium.components.AssertElement] Check condition (element is visible) for element [By.id: odcs-nav-tabs] on http://ucf2c-dcs-release-hub1.opcdeveloper.oracleinternalucf2c.oraclecorp.com/qa-dev/#/projects/qa-dev_test-shared-project1-1460525673052.
2016-04-12 23:23:49,882 DEBUG [oracle.clouddev.test.selenium.components.AssertElement] Check condition (element is visible) for element [By.xpath: .//a[@id=&apos;build&apos;] under [By.id: odcs-nav-tabs]] on http://ucf2c-dcs-release-hub1.opcdeveloper.oracleinternalucf2c.oraclecorp.com/qa-dev/#/projects/qa-dev_test-shared-project1-1460525673052.
2016-04-12 23:23:50,004 DEBUG [oracle.clouddev.test.selenium.components.AssertElement] Check condition (NOT (element has style class &apos;oj-disabled&apos;)) for element [By.xpath: .//a[@id=&apos;build&apos;] under [By.id: odcs-nav-tabs]] on http://ucf2c-dcs-release-hub1.opcdeveloper.oracleinternalucf2c.oraclecorp.com/qa-dev/#/projects/qa-dev_test-shared-project1-1460525673052.
2016-04-12 23:23:50,218 DEBUG [oracle.clouddev.test.selenium.components.AssertElement] Check condition (element is visible) for element [By.xpath: .//a[@id=&apos;build&apos;] under [By.id: odcs-nav-tabs]] on http://ucf2c-dcs-release-hub1.opcdeveloper.oracleinternalucf2c.oraclecorp.com/qa-dev/#/projects/qa-dev_test-shared-project1-1460525673052.
2016-04-12 23:23:50,483 DEBUG [oracle.clouddev.test.selenium.components.AssertElement] Check condition (element has style class &apos;oj-active&apos;) for element [By.xpath: .//a[@id=&apos;build&apos;] under [By.id: odcs-nav-tabs]] on http://ucf2c-dcs-release-hub1.opcdeveloper.oracleinternalucf2c.oraclecorp.com/qa-dev/#projects/qa-dev_test-shared-project1-1460525673052/build.
2016-04-12 23:23:50,527 DEBUG [oracle.clouddev.test.selenium.components.AssertElement] Check condition (element is visible) for element [By.xpath: .//a[@id=&apos;build&apos;] under [By.id: odcs-nav-tabs]] on http://ucf2c-dcs-release-hub1.opcdeveloper.oracleinternalucf2c.oraclecorp.com/qa-dev/#projects/qa-dev_test-shared-project1-1460525673052/build.
2016-04-12 23:23:50,985 INFO  [oracle.clouddev.test.selenium.tests.base.TestBuildPage] Entering oracle.clouddev.test.selenium.tests.base.TestBuildPage
2016-04-12 23:23:50,985 INFO  [oracle.clouddev.test.selenium.tests.base.TestBuildPage] TestBuildHistoryPage.checkConsoleOutput
2016-04-12 23:23:50,985 INFO  [oracle.clouddev.test.selenium.tests.base.TestBuildPage] Waiting for jobs page to present
2016-04-12 23:23:51,000 DEBUG [oracle.clouddev.test.selenium.components.AssertElement] Check condition (element is visible) for element [By.xpath: (//div[@id=&apos;page-jobs&apos;])] on http://ucf2c-dcs-release-hub1.opcdeveloper.oracleinternalucf2c.oraclecorp.com/qa-dev/#projects/qa-dev_test-shared-project1-1460525673052/build.
2016-04-12 23:23:51,024 DEBUG [oracle.clouddev.test.selenium.components.AssertElement] Check condition (element exists) for element [By.xpath: (//div[@id=&apos;page-jobs&apos;])] on http://ucf2c-dcs-release-hub1.opcdeveloper.oracleinternalucf2c.oraclecorp.com/qa-dev/#projects/qa-dev_test-shared-project1-1460525673052/build.
2016-04-12 23:23:51,030 INFO  [oracle.clouddev.test.selenium.tests.base.TestBuildPage] Click and launch job page for testBuildHistory
2016-04-12 23:23:51,030 INFO  [oracle.clouddev.test.selenium.tests.base.TestBuildPage] TestBuildPage.null entering clickJob
2016-04-12 23:23:51,044 DEBUG [oracle.clouddev.test.selenium.components.AssertElement] Check condition (element is visible) for element [By.xpath: (//div[@id=&apos;page-jobs&apos;])] on http://ucf2c-dcs-release-hub1.opcdeveloper.oracleinternalucf2c.oraclecorp.com/qa-dev/#projects/qa-dev_test-shared-project1-1460525673052/build.
2016-04-12 23:23:51,065 INFO  [oracle.clouddev.test.selenium.tests.base.TestBuildPage] TestBuildPage.null entering _getJobRow(testBuildHistory)
2016-04-12 23:23:51,073 DEBUG [oracle.clouddev.test.selenium.components.AssertElement] Check condition (element is visible) for element [By.xpath: (//table[@id=&apos;jobs-table-table&apos;])] on http://ucf2c-dcs-release-hub1.opcdeveloper.oracleinternalucf2c.oraclecorp.com/qa-dev/#projects/qa-dev_test-shared-project1-1460525673052/build.
2016-04-12 23:23:53,120 DEBUG [oracle.clouddev.test.selenium.components.AssertElement] Check condition (element is visible) for element [By.xpath: (//tbody/tr[1]/td[4]/a)] on http://ucf2c-dcs-release-hub1.opcdeveloper.oracleinternalucf2c.oraclecorp.com/qa-dev/#projects/qa-dev_test-shared-project1-1460525673052/build.
2016-04-12 23:23:53,170 DEBUG [oracle.clouddev.test.selenium.components.AssertElement] Check condition (element is visible) for element [By.xpath: (//tbody/tr[2]/td[4]/a)] on http://ucf2c-dcs-release-hub1.opcdeveloper.oracleinternalucf2c.oraclecorp.com/qa-dev/#projects/qa-dev_test-shared-project1-1460525673052/build.
2016-04-12 23:23:53,215 DEBUG [oracle.clouddev.test.selenium.components.AssertElement] Check condition (element is visible) for element [By.xpath: (//tbody/tr[3]/td[4]/a)] on http://ucf2c-dcs-release-hub1.opcdeveloper.oracleinternalucf2c.oraclecorp.com/qa-dev/#projects/qa-dev_test-shared-project1-1460525673052/build.
2016-04-12 23:23:53,244 INFO  [oracle.clouddev.test.selenium.tests.base.TestBuildPage] Click on Build: testBuildHistory
2016-04-12 23:23:53,257 DEBUG [oracle.clouddev.test.selenium.components.AssertElement] Check condition (element is visible) for element [By.xpath: (//tbody/tr[3]/td[4]/a[contains(text(),&apos;testBuildHistory&apos;)])] on http://ucf2c-dcs-release-hub1.opcdeveloper.oracleinternalucf2c.oraclecorp.com/qa-dev/#projects/qa-dev_test-shared-project1-1460525673052/build.
2016-04-12 23:23:53,632 INFO  [oracle.clouddev.test.selenium.tests.base.TestBuildPage] Waiting for job page to present
2016-04-12 23:23:55,643 DEBUG [oracle.clouddev.test.selenium.components.AssertElement] Check condition (element is visible) for element [By.xpath: (//div[@id=&apos;page-job&apos;])] on http://ucf2c-dcs-release-hub1.opcdeveloper.oracleinternalucf2c.oraclecorp.com/qa-dev/#projects/qa-dev_test-shared-project1-1460525673052/build/job/qa-dev_test-shared-project1-1460525673052.testBuildHistory.
2016-04-12 23:23:55,665 DEBUG [oracle.clouddev.test.selenium.components.AssertElement] Check condition (element exists) for element [By.xpath: (//div[@id=&apos;page-job&apos;])] on http://ucf2c-dcs-release-hub1.opcdeveloper.oracleinternalucf2c.oraclecorp.com/qa-dev/#projects/qa-dev_test-shared-project1-1460525673052/build/job/qa-dev_test-shared-project1-1460525673052.testBuildHistory.
2016-04-12 23:23:55,671 INFO  [oracle.clouddev.test.selenium.tests.base.TestBuildPage] Verify Console Output
2016-04-12 23:24:01,687 DEBUG [oracle.clouddev.test.selenium.components.AssertElement] Check condition (element is visible) for element [By.xpath: (//div[@class=&apos;builds-table&apos;]/div/table/tbody/tr[1]/td[6]/div/a)] on http://ucf2c-dcs-release-hub1.opcdeveloper.oracleinternalucf2c.oraclecorp.com/qa-dev/#projects/qa-dev_test-shared-project1-1460525673052/build/job/qa-dev_test-shared-project1-1460525673052.testBuildHistory.
2016-04-12 23:24:01,925 INFO  [oracle.clouddev.test.selenium.tests.base.TestBuildPage] Waiting for console page to present
2016-04-12 23:24:07,936 DEBUG [oracle.clouddev.test.selenium.components.AssertElement] Check condition (element is visible) for element [By.xpath: (//div[@id=&apos;page-build-console&apos;])] on http://ucf2c-dcs-release-hub1.opcdeveloper.oracleinternalucf2c.oraclecorp.com/qa-dev/#projects/qa-dev_test-shared-project1-1460525673052/build/job/qa-dev_test-shared-project1-1460525673052.testBuildHistory/build/3/console.
2016-04-12 23:24:07,955 INFO  [oracle.clouddev.test.selenium.tests.base.TestBuildPage] Verify Download Console Output link
2016-04-12 23:24:07,965 DEBUG [oracle.clouddev.test.selenium.components.AssertElement] Check condition (element is visible) for element [By.xpath: (//a[@id=&apos;consoleDownload&apos;])] on http://ucf2c-dcs-release-hub1.opcdeveloper.oracleinternalucf2c.oraclecorp.com/qa-dev/#projects/qa-dev_test-shared-project1-1460525673052/build/job/qa-dev_test-shared-project1-1460525673052.testBuildHistory/build/3/console.
2016-04-12 23:24:07,990 INFO  [oracle.clouddev.test.selenium.tests.base.TestBuildPage] ...href: http://ucf2c-dcs-release-hub1.opcdeveloper.oracleinternalucf2c.oraclecorp.com/qa-dev/s2/qa-dev_test-shared-project1-1460525673052/hudson/rest/projects/qa-dev_test-shared-project1-1460525673052.testBuildHistory/builds/3/console/file
    </system-out>
    </testcase>
    <testcase classname="oracle.clouddev.test.selenium.tests.base.TestBuildHistoryPage" name="_class_destroy_" time="0.000">
      <properties>
        <property name="java.runtime.name" value="Java(TM) SE Runtime Environment"/>
        <property name="exec.mainClass" value="oracle.clouddev.test.selenium.RunTests"/>
        <property name="sun.boot.library.path" value="/usr/java/jdk1.8.0_74/jre/lib/amd64"/>
        <property name="java.vm.version" value="25.74-b02"/>
        <property name="java.vm.vendor" value="Oracle Corporation"/>
        <property name="java.vendor.url" value="http://java.oracle.com/"/>
        <property name="guice.disable.misplaced.annotation.check" value="true"/>
        <property name="path.separator" value=":"/>
        <property name="java.vm.name" value="Java HotSpot(TM) 64-Bit Server VM"/>
        <property name="file.encoding.pkg" value="sun.io"/>
        <property name="user.country" value="US"/>
        <property name="sun.java.launcher" value="SUN_STANDARD"/>
        <property name="sun.os.patch.level" value="unknown"/>
        <property name="http.noProxyHosts" value="localhost|127.0.0.1|*.local|*.oraclecorp.com|*.us.oracle.com"/>
        <property name="java.vm.specification.name" value="Java Virtual Machine Specification"/>
        <property name="user.dir" value="/home/builder/hudson/workspace/dcs_dcs.Release-Selenium-Tests/selenium-tests"/>
        <property name="java.runtime.version" value="1.8.0_74-b02"/>
        <property name="java.awt.graphicsenv" value="sun.awt.X11GraphicsEnvironment"/>
        <property name="java.endorsed.dirs" value="/usr/java/jdk1.8.0_74/jre/lib/endorsed"/>
        <property name="os.arch" value="amd64"/>
        <property name="java.io.tmpdir" value="/tmp"/>
        <property name="line.separator" value="
"/>
        <property name="java.vm.specification.vendor" value="Oracle Corporation"/>
        <property name="https.proxyHost" value="www-proxy.us.oracle.com"/>
        <property name="os.name" value="Linux"/>
        <property name="classworlds.conf" value="/usr/local/apache-maven/apache-maven-3.0.4/bin/m2.conf"/>
        <property name="sun.jnu.encoding" value="UTF-8"/>
        <property name="http.proxyPort" value="80"/>
        <property name="java.library.path" value="/usr/java/packages/lib/amd64:/usr/lib64:/lib64:/lib:/usr/lib"/>
        <property name="sun.awt.enableExtraMouseButtons" value="true"/>
        <property name="java.specification.name" value="Java Platform API Specification"/>
        <property name="java.class.version" value="52.0"/>
        <property name="sun.management.compiler" value="HotSpot 64-Bit Tiered Compilers"/>
        <property name="os.version" value="3.8.13-55.1.1.el6uek.x86_64"/>
        <property name="user.home" value="/home/builder"/>
        <property name="user.timezone" value="PST8PDT"/>
        <property name="java.awt.printerjob" value="sun.print.PSPrinterJob"/>
        <property name="file.encoding" value="UTF-8"/>
        <property name="java.specification.version" value="1.8"/>
        <property name="java.class.path" value="/usr/local/apache-maven/apache-maven-3.0.4/boot/plexus-classworlds-2.4.jar"/>
        <property name="user.name" value="builder"/>
        <property name="java.vm.specification.version" value="1.8"/>
        <property name="sun.java.command" value="org.codehaus.plexus.classworlds.launcher.Launcher -f /home/c2c/hudson/workspace/dcs_dcs.Release-Selenium-Tests/selenium-tests/pom.xml --batch-mode exec:java -Dexec.mainClass=oracle.clouddev.test.selenium.RunTests -Dexec.args=selenium.browser.size.w=1280 selenium.browser.size.h=960 capture.video=true capture.screenshots=true notification.type=swing notification.history=3 notification.font.size=15 job-release-selenium-tests.properties build.job=dcs_dcs.Release-Selenium-Tests build.number=295 target.release=16.2.3.0.0 timeout.build.buildqueue=1200 timeout.build.buildqueue.polling=60 -s BASE --tag base"/>
        <property name="java.home" value="/usr/java/jdk1.8.0_74/jre"/>
        <property name="sun.arch.data.model" value="64"/>
        <property name="user.language" value="en"/>
        <property name="java.specification.vendor" value="Oracle Corporation"/>
        <property name="awt.toolkit" value="sun.awt.X11.XToolkit"/>
        <property name="java.vm.info" value="mixed mode"/>
        <property name="java.version" value="1.8.0_74"/>
        <property name="securerandom.source" value="file:/dev/./urandom"/>
        <property name="java.ext.dirs" value="/usr/java/jdk1.8.0_74/jre/lib/ext:/usr/java/packages/lib/ext"/>
        <property name="http.proxyHost" value="www-proxy.us.oracle.com"/>
        <property name="sun.boot.class.path" value="/usr/java/jdk1.8.0_74/jre/lib/resources.jar:/usr/java/jdk1.8.0_74/jre/lib/rt.jar:/usr/java/jdk1.8.0_74/jre/lib/sunrsasign.jar:/usr/java/jdk1.8.0_74/jre/lib/jsse.jar:/usr/java/jdk1.8.0_74/jre/lib/jce.jar:/usr/java/jdk1.8.0_74/jre/lib/charsets.jar:/usr/java/jdk1.8.0_74/jre/lib/jfr.jar:/usr/java/jdk1.8.0_74/jre/classes"/>
        <property name="java.vendor" value="Oracle Corporation"/>
        <property name="maven.home" value="/usr/local/apache-maven/apache-maven-3.0.4"/>
        <property name="file.separator" value="/"/>
        <property name="java.vendor.url.bug" value="http://bugreport.sun.com/bugreport/"/>
        <property name="sun.font.fontmanager" value="sun.awt.X11FontManager"/>
        <property name="sun.io.unicode.encoding" value="UnicodeLittle"/>
        <property name="sun.cpu.endian" value="little"/>
        <property name="https.proxyPort" value="80"/>
        <property name="exec.args" value="selenium.browser.size.w=1280 selenium.browser.size.h=960 capture.video=true capture.screenshots=true notification.type=swing notification.history=3 notification.font.size=15 job-release-selenium-tests.properties build.job=dcs_dcs.Release-Selenium-Tests build.number=295 target.release=16.2.3.0.0 timeout.build.buildqueue=1200 timeout.build.buildqueue.polling=60 -s BASE --tag base"/>
        <property name="sun.cpu.isalist" value=""/>
        <property name="test.selenium.browser.size.h" value="960"/>
        <property name="test.user.non-admin.name" value="tom.testsuite"/>
        <property name="test.https.proxyHost" value="www-proxy.us.oracle.com"/>
        <property name="test.user.admin.name" value="tina.testsuite"/>
        <property name="test.user.em-agent.password" value="Welcome1!"/>
        <property name="test.tag" value="base"/>
        <property name="test.user.em-agent.fullname" value="Alex Admin"/>
        <property name="test.selenium.port" value="44000"/>
        <property name="test.build.number" value="295"/>
        <property name="test.user.sdi-agent.enabled" value="true"/>
        <property name="test.timeout.assert.condition" value="30"/>
        <property name="test.target.version" value="{
  &quot;buildInformation&quot; : {
    &quot;gitCommitId&quot; : &quot;6415b9c07a83d336f513936eb79c4a925510b07b&quot;,
    &quot;gitCommitMessage&quot; : &quot;Merge branch &apos;Fix18963&apos; into &apos;patchset_16_2_3&apos;&quot;,
    &quot;buildTime&quot; : &quot;12.04.2016 @ 21:58:42 PDT&quot;,
    &quot;buildUser&quot; : &quot;Code2Cloud Builder&quot;
  }
}"/>
        <property name="test.build.job" value="dcs_dcs.Release-Selenium-Tests"/>
        <property name="test.timeout.project.create" value="660"/>
        <property name="test.user.sdi-agent.name" value="alex.admin"/>
        <property name="test.selenium.browser" value="firefox"/>
        <property name="test.http.proxyPort" value="80"/>
        <property name="test.user.sdi-agent.password" value="Welcome1!"/>
        <property name="test.user.sdi-agent.fullname" value="Alex Admin"/>
        <property name="test.timeout.selenium.navigate" value="20"/>
        <property name="test.target.release" value="16.2.3.0.0"/>
        <property name="test.byom.ip" value="127.0.0.1"/>
        <property name="test.byom.port" value="8585"/>
        <property name="test.notification.type" value="swing"/>
        <property name="test.data.project.override" value=""/>
        <property name="test.timeout.selenium.find" value="1"/>
        <property name="test.user.em-agent.enabled" value="true"/>
        <property name="test.testEmptyOrg.db.id" value=""/>
        <property name="test.reviews.timeout.slowdown" value="0"/>
        <property name="test.http.noProxyHosts" value="localhost|127.0.0.1|*.local|*.oraclecorp.com|*.us.oracle.com"/>
        <property name="test.capture.video" value="true"/>
        <property name="test.user.non-admin.password" value="Welcome1!"/>
        <property name="test.user.non-admin.fullname" value="Tom Testsuite"/>
        <property name="test.user.admin.password" value="Welcome1!"/>
        <property name="test.notification.history" value="3"/>
        <property name="test.user.admin.fullname" value="Tina Testsuite"/>
        <property name="test.capture.screenshots" value="true"/>
        <property name="test.testEmptyOrg.db.connectString" value="jdbc:oracle:thin:@(DESCRIPTION=(ADDRESS=(PROTOCOL=TCP)(HOST=slc09iwb.us.oracle.com)(PORT=1521))(CONNECT_DATA=(SERVICE_NAME=dbpod)))"/>
        <property name="test.firefox.bin" value=""/>
        <property name="test.https.proxyPort" value="80"/>
        <property name="test.develop.offline" value="false"/>
        <property name="test.timeout.build.buildqueue.polling" value="60"/>
        <property name="test.output.dir" value="target/test-reports/"/>
        <property name="test.firefox.allowedHosts" value="localhost,localhost.localdomain"/>
        <property name="test.testEmptyOrg.db.schema" value="BV2RLPNYEWMR"/>
        <property name="test.web.url" value="http://ucf2c-dcs-release-hub1.opcdeveloper.oracleinternalucf2c.oraclecorp.com/qa-dev/"/>
        <property name="test.firefox.extensions" value=""/>
        <property name="test.testEmptyOrg.orgExistsCheck" value="false"/>
        <property name="test.data.dir" value="data/"/>
        <property name="test.notification.font.size" value="15"/>
        <property name="test.testEmptyOrg.service" value="devservice5"/>
        <property name="test.selenium.start.server" value="false"/>
        <property name="test.firefox.profile.path" value=""/>
        <property name="test.selenium.host" value="localhost"/>
        <property name="test.suite" value="BASE"/>
        <property name="test.tests" value=""/>
        <property name="test.user.admin.idm" value="dcsdevteam"/>
        <property name="test.http.proxyHost" value="www-proxy.us.oracle.com"/>
        <property name="test.testMethods" value=""/>
        <property name="test.reviews.dontDeleteEnviroment" value="false"/>
        <property name="test.selenium.browser.maximize" value="false"/>
        <property name="test.firefox.profile.name" value=""/>
        <property name="test.timeout.build.buildqueue" value="1200"/>
        <property name="test.user.em-agent.idm" value="dcsdevteam"/>
        <property name="test.selenium.remote" value="false"/>
        <property name="test.user.sdi-agent.idm" value="dcsdevteam"/>
        <property name="test.byom.authToken" value="123456"/>
        <property name="test.proxy.autodetect" value="false"/>
        <property name="test.testEmptyOrg.idm" value="dcsdevteam"/>
        <property name="test.user.non-admin.idm" value="dcsdevteam"/>
        <property name="test.data.tasks.useexisting" value="false"/>
        <property name="test.selenium.browser.size.w" value="1280"/>
        <property name="test.category" value="DEFAULT"/>
        <property name="test.user.em-agent.name" value="alex.admin"/>
        <property name="test.timeout.slowdown" value="0"/>
      </properties>
    </testcase>
  </testsuite>
